[2023-07-12T13:33:27.453+0000] {taskinstance.py:1103} INFO - Dependencies all met for dep_context=non-requeueable deps ti=<TaskInstance: process_sales_10.extract_data_from_api manual__2023-07-12T13:33:25.880052+00:00 [queued]>
[2023-07-12T13:33:27.462+0000] {taskinstance.py:1103} INFO - Dependencies all met for dep_context=requeueable deps ti=<TaskInstance: process_sales_10.extract_data_from_api manual__2023-07-12T13:33:25.880052+00:00 [queued]>
[2023-07-12T13:33:27.463+0000] {taskinstance.py:1308} INFO - Starting attempt 1 of 1
[2023-07-12T13:33:27.477+0000] {taskinstance.py:1327} INFO - Executing <Task(PythonOperator): extract_data_from_api> on 2023-07-12 13:33:25.880052+00:00
[2023-07-12T13:33:27.482+0000] {standard_task_runner.py:57} INFO - Started process 367 to run task
[2023-07-12T13:33:27.486+0000] {standard_task_runner.py:84} INFO - Running: ['***', 'tasks', 'run', 'process_sales_10', 'extract_data_from_api', 'manual__2023-07-12T13:33:25.880052+00:00', '--job-id', '94', '--raw', '--subdir', 'DAGS_FOLDER/process_sales_10.py', '--cfg-path', '/tmp/tmpv3m9hfpm']
[2023-07-12T13:33:27.487+0000] {standard_task_runner.py:85} INFO - Job 94: Subtask extract_data_from_api
[2023-07-12T13:33:27.534+0000] {task_command.py:410} INFO - Running <TaskInstance: process_sales_10.extract_data_from_api manual__2023-07-12T13:33:25.880052+00:00 [running]> on host b58a2d5f4d18
[2023-07-12T13:33:27.612+0000] {taskinstance.py:1547} INFO - Exporting env vars: AIRFLOW_CTX_DAG_OWNER='***' AIRFLOW_CTX_DAG_ID='process_sales_10' AIRFLOW_CTX_TASK_ID='extract_data_from_api' AIRFLOW_CTX_EXECUTION_DATE='2023-07-12T13:33:25.880052+00:00' AIRFLOW_CTX_TRY_NUMBER='1' AIRFLOW_CTX_DAG_RUN_ID='manual__2023-07-12T13:33:25.880052+00:00'
[2023-07-12T13:33:27.615+0000] {logging_mixin.py:149} INFO - 	I'm in get_sales(...) function!
[2023-07-12T13:33:34.532+0000] {logging_mixin.py:149} INFO - Page 1 started
[2023-07-12T13:33:34.535+0000] {logging_mixin.py:149} INFO - Page 1 done
[2023-07-12T13:33:34.535+0000] {logging_mixin.py:149} INFO - Status_code = 200
[2023-07-12T13:33:34.695+0000] {logging_mixin.py:149} INFO - Page 2 started
[2023-07-12T13:33:34.700+0000] {logging_mixin.py:149} INFO - Page 2 done
[2023-07-12T13:33:34.701+0000] {logging_mixin.py:149} INFO - Status_code = 200
[2023-07-12T13:33:34.861+0000] {logging_mixin.py:149} INFO - Page 3 started
[2023-07-12T13:33:34.865+0000] {logging_mixin.py:149} INFO - Page 3 done
[2023-07-12T13:33:34.866+0000] {logging_mixin.py:149} INFO - Status_code = 200
[2023-07-12T13:33:35.026+0000] {logging_mixin.py:149} INFO - Page 4 started
[2023-07-12T13:33:35.027+0000] {logging_mixin.py:149} INFO - Page 4 done
[2023-07-12T13:33:35.028+0000] {logging_mixin.py:149} INFO - Status_code = 200
[2023-07-12T13:33:35.197+0000] {logging_mixin.py:149} INFO - Deleted file: /opt/***/processed_data/raw/sales/2022-08-09
[2023-07-12T13:33:35.197+0000] {logging_mixin.py:149} INFO - Cleanup complete for folder: /opt/***/processed_data/raw/sales/2022-08-09
[2023-07-12T13:33:35.202+0000] {python.py:183} INFO - Done. Returned value was: None
[2023-07-12T13:33:35.211+0000] {taskinstance.py:1350} INFO - Marking task as SUCCESS. dag_id=process_sales_10, task_id=extract_data_from_api, execution_date=20230712T133325, start_date=20230712T133327, end_date=20230712T133335
[2023-07-12T13:33:35.257+0000] {local_task_job_runner.py:225} INFO - Task exited with return code 0
[2023-07-12T13:33:35.275+0000] {taskinstance.py:2653} INFO - 1 downstream tasks scheduled from follow-on schedule check
