[2023-07-13T12:55:04.436+0000] {taskinstance.py:1103} INFO - Dependencies all met for dep_context=non-requeueable deps ti=<TaskInstance: process_sales_13.extract_data_from_api manual__2023-07-13T12:55:02.850034+00:00 [queued]>
[2023-07-13T12:55:04.445+0000] {taskinstance.py:1103} INFO - Dependencies all met for dep_context=requeueable deps ti=<TaskInstance: process_sales_13.extract_data_from_api manual__2023-07-13T12:55:02.850034+00:00 [queued]>
[2023-07-13T12:55:04.446+0000] {taskinstance.py:1308} INFO - Starting attempt 1 of 1
[2023-07-13T12:55:04.460+0000] {taskinstance.py:1327} INFO - Executing <Task(PythonOperator): extract_data_from_api> on 2023-07-13 12:55:02.850034+00:00
[2023-07-13T12:55:04.465+0000] {standard_task_runner.py:57} INFO - Started process 4055 to run task
[2023-07-13T12:55:04.469+0000] {standard_task_runner.py:84} INFO - Running: ['***', 'tasks', 'run', 'process_sales_13', 'extract_data_from_api', 'manual__2023-07-13T12:55:02.850034+00:00', '--job-id', '179', '--raw', '--subdir', 'DAGS_FOLDER/process_sales_13.py', '--cfg-path', '/tmp/tmpxzsi6191']
[2023-07-13T12:55:04.470+0000] {standard_task_runner.py:85} INFO - Job 179: Subtask extract_data_from_api
[2023-07-13T12:55:04.518+0000] {task_command.py:410} INFO - Running <TaskInstance: process_sales_13.extract_data_from_api manual__2023-07-13T12:55:02.850034+00:00 [running]> on host b58a2d5f4d18
[2023-07-13T12:55:04.603+0000] {taskinstance.py:1547} INFO - Exporting env vars: AIRFLOW_CTX_DAG_OWNER='***' AIRFLOW_CTX_DAG_ID='process_sales_13' AIRFLOW_CTX_TASK_ID='extract_data_from_api' AIRFLOW_CTX_EXECUTION_DATE='2023-07-13T12:55:02.850034+00:00' AIRFLOW_CTX_TRY_NUMBER='1' AIRFLOW_CTX_DAG_RUN_ID='manual__2023-07-13T12:55:02.850034+00:00'
[2023-07-13T12:55:04.606+0000] {logging_mixin.py:149} INFO - 	I'm in get_sales(...) function!
[2023-07-13T12:55:04.860+0000] {logging_mixin.py:149} INFO - Page 1 started
[2023-07-13T12:55:04.870+0000] {logging_mixin.py:149} INFO - Page 1 done
[2023-07-13T12:55:04.871+0000] {logging_mixin.py:149} INFO - Status_code = 200
[2023-07-13T12:55:05.059+0000] {logging_mixin.py:149} INFO - Page 2 started
[2023-07-13T12:55:05.059+0000] {logging_mixin.py:149} INFO - Page 2 done
[2023-07-13T12:55:05.060+0000] {logging_mixin.py:149} INFO - Status_code = 200
[2023-07-13T12:55:05.230+0000] {logging_mixin.py:149} INFO - Page 3 started
[2023-07-13T12:55:05.233+0000] {logging_mixin.py:149} INFO - Page 3 done
[2023-07-13T12:55:05.233+0000] {logging_mixin.py:149} INFO - Status_code = 200
[2023-07-13T12:55:05.395+0000] {logging_mixin.py:149} INFO - Page 4 started
[2023-07-13T12:55:05.398+0000] {logging_mixin.py:149} INFO - Page 4 done
[2023-07-13T12:55:05.399+0000] {logging_mixin.py:149} INFO - Status_code = 200
[2023-07-13T12:55:05.608+0000] {logging_mixin.py:149} INFO - Deleted file: /opt/***/processed_data/raw/sales
[2023-07-13T12:55:05.608+0000] {logging_mixin.py:149} INFO - Cleanup complete for folder: /opt/***/processed_data/raw/sales
[2023-07-13T12:55:05.612+0000] {logging_mixin.py:149} INFO - 	I'm in get_sales(...) function!
[2023-07-13T12:55:05.857+0000] {logging_mixin.py:149} INFO - Page 1 started
[2023-07-13T12:55:05.859+0000] {logging_mixin.py:149} INFO - Page 1 done
[2023-07-13T12:55:05.859+0000] {logging_mixin.py:149} INFO - Status_code = 200
[2023-07-13T12:55:06.018+0000] {logging_mixin.py:149} INFO - Page 2 started
[2023-07-13T12:55:06.023+0000] {logging_mixin.py:149} INFO - Page 2 done
[2023-07-13T12:55:06.023+0000] {logging_mixin.py:149} INFO - Status_code = 200
[2023-07-13T12:55:06.183+0000] {logging_mixin.py:149} INFO - Page 3 started
[2023-07-13T12:55:06.189+0000] {logging_mixin.py:149} INFO - Page 3 done
[2023-07-13T12:55:06.190+0000] {logging_mixin.py:149} INFO - Status_code = 200
[2023-07-13T12:55:06.349+0000] {logging_mixin.py:149} INFO - Page 4 started
[2023-07-13T12:55:06.351+0000] {logging_mixin.py:149} INFO - Page 4 done
[2023-07-13T12:55:06.351+0000] {logging_mixin.py:149} INFO - Status_code = 200
[2023-07-13T12:55:06.519+0000] {logging_mixin.py:149} INFO - Deleted file: /opt/***/processed_data/raw/sales
[2023-07-13T12:55:06.519+0000] {logging_mixin.py:149} INFO - Cleanup complete for folder: /opt/***/processed_data/raw/sales
[2023-07-13T12:55:06.523+0000] {logging_mixin.py:149} INFO - 	I'm in get_sales(...) function!
[2023-07-13T12:55:06.761+0000] {logging_mixin.py:149} INFO - Page 1 started
[2023-07-13T12:55:06.765+0000] {logging_mixin.py:149} INFO - Page 1 done
[2023-07-13T12:55:06.766+0000] {logging_mixin.py:149} INFO - Status_code = 200
[2023-07-13T12:55:06.931+0000] {logging_mixin.py:149} INFO - Page 2 started
[2023-07-13T12:55:06.932+0000] {logging_mixin.py:149} INFO - Page 2 done
[2023-07-13T12:55:06.933+0000] {logging_mixin.py:149} INFO - Status_code = 200
[2023-07-13T12:55:07.094+0000] {logging_mixin.py:149} INFO - Page 3 started
[2023-07-13T12:55:07.097+0000] {logging_mixin.py:149} INFO - Page 3 done
[2023-07-13T12:55:07.097+0000] {logging_mixin.py:149} INFO - Status_code = 200
[2023-07-13T12:55:07.272+0000] {logging_mixin.py:149} INFO - Page 4 started
[2023-07-13T12:55:07.273+0000] {logging_mixin.py:149} INFO - Page 4 done
[2023-07-13T12:55:07.273+0000] {logging_mixin.py:149} INFO - Status_code = 200
[2023-07-13T12:55:07.443+0000] {logging_mixin.py:149} INFO - Deleted file: /opt/***/processed_data/raw/sales
[2023-07-13T12:55:07.443+0000] {logging_mixin.py:149} INFO - Cleanup complete for folder: /opt/***/processed_data/raw/sales
[2023-07-13T12:55:07.447+0000] {python.py:183} INFO - Done. Returned value was: None
[2023-07-13T12:55:07.455+0000] {taskinstance.py:1350} INFO - Marking task as SUCCESS. dag_id=process_sales_13, task_id=extract_data_from_api, execution_date=20230713T125502, start_date=20230713T125504, end_date=20230713T125507
[2023-07-13T12:55:07.496+0000] {local_task_job_runner.py:225} INFO - Task exited with return code 0
[2023-07-13T12:55:07.517+0000] {taskinstance.py:2653} INFO - 1 downstream tasks scheduled from follow-on schedule check
