[2023-07-13T13:04:46.152+0000] {taskinstance.py:1103} INFO - Dependencies all met for dep_context=non-requeueable deps ti=<TaskInstance: process_sales_13.extract_data_from_api manual__2023-07-13T13:03:21.412242+00:00 [queued]>
[2023-07-13T13:04:46.162+0000] {taskinstance.py:1103} INFO - Dependencies all met for dep_context=requeueable deps ti=<TaskInstance: process_sales_13.extract_data_from_api manual__2023-07-13T13:03:21.412242+00:00 [queued]>
[2023-07-13T13:04:46.163+0000] {taskinstance.py:1308} INFO - Starting attempt 2 of 2
[2023-07-13T13:04:46.177+0000] {taskinstance.py:1327} INFO - Executing <Task(PythonOperator): extract_data_from_api> on 2023-07-13 13:03:21.412242+00:00
[2023-07-13T13:04:46.183+0000] {standard_task_runner.py:57} INFO - Started process 4248 to run task
[2023-07-13T13:04:46.187+0000] {standard_task_runner.py:84} INFO - Running: ['***', 'tasks', 'run', 'process_sales_13', 'extract_data_from_api', 'manual__2023-07-13T13:03:21.412242+00:00', '--job-id', '187', '--raw', '--subdir', 'DAGS_FOLDER/process_sales_13.py', '--cfg-path', '/tmp/tmpr4swgqbj']
[2023-07-13T13:04:46.188+0000] {standard_task_runner.py:85} INFO - Job 187: Subtask extract_data_from_api
[2023-07-13T13:04:46.237+0000] {task_command.py:410} INFO - Running <TaskInstance: process_sales_13.extract_data_from_api manual__2023-07-13T13:03:21.412242+00:00 [running]> on host b58a2d5f4d18
[2023-07-13T13:04:46.321+0000] {taskinstance.py:1547} INFO - Exporting env vars: AIRFLOW_CTX_DAG_OWNER='***' AIRFLOW_CTX_DAG_ID='process_sales_13' AIRFLOW_CTX_TASK_ID='extract_data_from_api' AIRFLOW_CTX_EXECUTION_DATE='2023-07-13T13:03:21.412242+00:00' AIRFLOW_CTX_TRY_NUMBER='2' AIRFLOW_CTX_DAG_RUN_ID='manual__2023-07-13T13:03:21.412242+00:00'
[2023-07-13T13:04:46.323+0000] {logging_mixin.py:149} INFO - 	I'm in get_sales(...) function!
[2023-07-13T13:04:46.609+0000] {logging_mixin.py:149} INFO - Page 1 started
[2023-07-13T13:04:46.613+0000] {logging_mixin.py:149} INFO - Page 1 done
[2023-07-13T13:04:46.614+0000] {logging_mixin.py:149} INFO - Status_code = 200
[2023-07-13T13:04:46.774+0000] {logging_mixin.py:149} INFO - Page 2 started
[2023-07-13T13:04:46.800+0000] {logging_mixin.py:149} INFO - Page 2 done
[2023-07-13T13:04:46.801+0000] {logging_mixin.py:149} INFO - Status_code = 200
[2023-07-13T13:04:46.975+0000] {logging_mixin.py:149} INFO - Page 3 started
[2023-07-13T13:04:46.977+0000] {logging_mixin.py:149} INFO - Page 3 done
[2023-07-13T13:04:46.977+0000] {logging_mixin.py:149} INFO - Status_code = 200
[2023-07-13T13:04:47.142+0000] {logging_mixin.py:149} INFO - Page 4 started
[2023-07-13T13:04:47.143+0000] {logging_mixin.py:149} INFO - Page 4 done
[2023-07-13T13:04:47.143+0000] {logging_mixin.py:149} INFO - Status_code = 200
[2023-07-13T13:04:47.330+0000] {logging_mixin.py:149} INFO - Cleanup complete for folder: /opt/***/processed_data/raw/sales
[2023-07-13T13:04:47.338+0000] {python.py:183} INFO - Done. Returned value was: None
[2023-07-13T13:04:47.353+0000] {taskinstance.py:1350} INFO - Marking task as SUCCESS. dag_id=process_sales_13, task_id=extract_data_from_api, execution_date=20230713T130321, start_date=20230713T130446, end_date=20230713T130447
[2023-07-13T13:04:47.405+0000] {local_task_job_runner.py:225} INFO - Task exited with return code 0
[2023-07-13T13:04:47.422+0000] {taskinstance.py:2653} INFO - 0 downstream tasks scheduled from follow-on schedule check
