[2023-07-11T08:28:10.711+0000] {taskinstance.py:1103} INFO - Dependencies all met for dep_context=non-requeueable deps ti=<TaskInstance: process_sales_4.extract_data_from_api manual__2023-07-11T08:28:07.738195+00:00 [queued]>
[2023-07-11T08:28:10.732+0000] {taskinstance.py:1103} INFO - Dependencies all met for dep_context=requeueable deps ti=<TaskInstance: process_sales_4.extract_data_from_api manual__2023-07-11T08:28:07.738195+00:00 [queued]>
[2023-07-11T08:28:10.732+0000] {taskinstance.py:1308} INFO - Starting attempt 1 of 1
[2023-07-11T08:28:11.635+0000] {taskinstance.py:1327} INFO - Executing <Task(PythonOperator): extract_data_from_api> on 2023-07-11 08:28:07.738195+00:00
[2023-07-11T08:28:11.644+0000] {standard_task_runner.py:57} INFO - Started process 1112 to run task
[2023-07-11T08:28:11.652+0000] {standard_task_runner.py:84} INFO - Running: ['***', 'tasks', 'run', 'process_sales_4', 'extract_data_from_api', 'manual__2023-07-11T08:28:07.738195+00:00', '--job-id', '54', '--raw', '--subdir', 'DAGS_FOLDER/process_sales_4.py', '--cfg-path', '/tmp/tmp5xxjmstz']
[2023-07-11T08:28:11.653+0000] {standard_task_runner.py:85} INFO - Job 54: Subtask extract_data_from_api
[2023-07-11T08:28:11.801+0000] {task_command.py:410} INFO - Running <TaskInstance: process_sales_4.extract_data_from_api manual__2023-07-11T08:28:07.738195+00:00 [running]> on host ca64464cba28
[2023-07-11T08:28:12.105+0000] {taskinstance.py:1547} INFO - Exporting env vars: AIRFLOW_CTX_DAG_OWNER='***' AIRFLOW_CTX_DAG_ID='process_sales_4' AIRFLOW_CTX_TASK_ID='extract_data_from_api' AIRFLOW_CTX_EXECUTION_DATE='2023-07-11T08:28:07.738195+00:00' AIRFLOW_CTX_TRY_NUMBER='1' AIRFLOW_CTX_DAG_RUN_ID='manual__2023-07-11T08:28:07.738195+00:00'
[2023-07-11T08:28:12.111+0000] {logging_mixin.py:149} INFO - 	I'm in get_sales(...) function!
[2023-07-11T08:28:14.173+0000] {logging_mixin.py:149} INFO - Page 1 started
[2023-07-11T08:28:14.181+0000] {logging_mixin.py:149} INFO - Page 1 done
[2023-07-11T08:28:14.182+0000] {logging_mixin.py:149} INFO - Status_code = 200
[2023-07-11T08:28:14.347+0000] {logging_mixin.py:149} INFO - Page 2 started
[2023-07-11T08:28:14.351+0000] {logging_mixin.py:149} INFO - Page 2 done
[2023-07-11T08:28:14.353+0000] {logging_mixin.py:149} INFO - Status_code = 200
[2023-07-11T08:28:14.530+0000] {logging_mixin.py:149} INFO - Page 3 started
[2023-07-11T08:28:14.534+0000] {logging_mixin.py:149} INFO - Page 3 done
[2023-07-11T08:28:14.535+0000] {logging_mixin.py:149} INFO - Status_code = 200
[2023-07-11T08:28:14.702+0000] {logging_mixin.py:149} INFO - Page 4 started
[2023-07-11T08:28:14.703+0000] {logging_mixin.py:149} INFO - Page 4 done
[2023-07-11T08:28:14.704+0000] {logging_mixin.py:149} INFO - Status_code = 200
[2023-07-11T08:28:14.892+0000] {python.py:183} INFO - Done. Returned value was: None
[2023-07-11T08:28:14.912+0000] {taskinstance.py:1350} INFO - Marking task as SUCCESS. dag_id=process_sales_4, task_id=extract_data_from_api, execution_date=20230711T082807, start_date=20230711T082810, end_date=20230711T082814
[2023-07-11T08:28:14.967+0000] {local_task_job_runner.py:225} INFO - Task exited with return code 0
[2023-07-11T08:28:15.031+0000] {taskinstance.py:2653} INFO - 0 downstream tasks scheduled from follow-on schedule check
