[2023-07-12T13:33:36.419+0000] {taskinstance.py:1103} INFO - Dependencies all met for dep_context=non-requeueable deps ti=<TaskInstance: process_sales_10.extract_data_from_api_2 manual__2023-07-12T13:33:25.880052+00:00 [queued]>
[2023-07-12T13:33:36.430+0000] {taskinstance.py:1103} INFO - Dependencies all met for dep_context=requeueable deps ti=<TaskInstance: process_sales_10.extract_data_from_api_2 manual__2023-07-12T13:33:25.880052+00:00 [queued]>
[2023-07-12T13:33:36.431+0000] {taskinstance.py:1308} INFO - Starting attempt 1 of 1
[2023-07-12T13:33:36.445+0000] {taskinstance.py:1327} INFO - Executing <Task(PythonOperator): extract_data_from_api_2> on 2023-07-12 13:33:25.880052+00:00
[2023-07-12T13:33:36.449+0000] {standard_task_runner.py:57} INFO - Started process 372 to run task
[2023-07-12T13:33:36.452+0000] {standard_task_runner.py:84} INFO - Running: ['***', 'tasks', 'run', 'process_sales_10', 'extract_data_from_api_2', 'manual__2023-07-12T13:33:25.880052+00:00', '--job-id', '95', '--raw', '--subdir', 'DAGS_FOLDER/process_sales_10.py', '--cfg-path', '/tmp/tmpxheg8a0x']
[2023-07-12T13:33:36.453+0000] {standard_task_runner.py:85} INFO - Job 95: Subtask extract_data_from_api_2
[2023-07-12T13:33:36.495+0000] {task_command.py:410} INFO - Running <TaskInstance: process_sales_10.extract_data_from_api_2 manual__2023-07-12T13:33:25.880052+00:00 [running]> on host b58a2d5f4d18
[2023-07-12T13:33:36.578+0000] {taskinstance.py:1547} INFO - Exporting env vars: AIRFLOW_CTX_DAG_OWNER='***' AIRFLOW_CTX_DAG_ID='process_sales_10' AIRFLOW_CTX_TASK_ID='extract_data_from_api_2' AIRFLOW_CTX_EXECUTION_DATE='2023-07-12T13:33:25.880052+00:00' AIRFLOW_CTX_TRY_NUMBER='1' AIRFLOW_CTX_DAG_RUN_ID='manual__2023-07-12T13:33:25.880052+00:00'
[2023-07-12T13:33:36.580+0000] {logging_mixin.py:149} INFO - 	I'm in get_sales(...) function!
[2023-07-12T13:33:36.835+0000] {logging_mixin.py:149} INFO - Page 1 started
[2023-07-12T13:33:36.838+0000] {logging_mixin.py:149} INFO - Page 1 done
[2023-07-12T13:33:36.838+0000] {logging_mixin.py:149} INFO - Status_code = 200
[2023-07-12T13:33:37.000+0000] {logging_mixin.py:149} INFO - Page 2 started
[2023-07-12T13:33:37.006+0000] {logging_mixin.py:149} INFO - Page 2 done
[2023-07-12T13:33:37.007+0000] {logging_mixin.py:149} INFO - Status_code = 200
[2023-07-12T13:33:37.168+0000] {logging_mixin.py:149} INFO - Page 3 started
[2023-07-12T13:33:37.174+0000] {logging_mixin.py:149} INFO - Page 3 done
[2023-07-12T13:33:37.174+0000] {logging_mixin.py:149} INFO - Status_code = 200
[2023-07-12T13:33:37.335+0000] {logging_mixin.py:149} INFO - Page 4 started
[2023-07-12T13:33:37.337+0000] {logging_mixin.py:149} INFO - Page 4 done
[2023-07-12T13:33:37.337+0000] {logging_mixin.py:149} INFO - Status_code = 200
[2023-07-12T13:33:37.505+0000] {logging_mixin.py:149} INFO - Deleted file: /opt/***/processed_data/stg/sales/2022-08-09
[2023-07-12T13:33:37.505+0000] {logging_mixin.py:149} INFO - Cleanup complete for folder: /opt/***/processed_data/stg/sales/2022-08-09
[2023-07-12T13:33:37.510+0000] {python.py:183} INFO - Done. Returned value was: None
[2023-07-12T13:33:37.519+0000] {taskinstance.py:1350} INFO - Marking task as SUCCESS. dag_id=process_sales_10, task_id=extract_data_from_api_2, execution_date=20230712T133325, start_date=20230712T133336, end_date=20230712T133337
[2023-07-12T13:33:37.547+0000] {local_task_job_runner.py:225} INFO - Task exited with return code 0
[2023-07-12T13:33:37.563+0000] {taskinstance.py:2653} INFO - 0 downstream tasks scheduled from follow-on schedule check
