[2023-07-14T06:19:18.212+0000] {taskinstance.py:1103} INFO - Dependencies all met for dep_context=non-requeueable deps ti=<TaskInstance: process_sales.extract_data_from_api scheduled__2023-07-13T01:00:00+00:00 [queued]>
[2023-07-14T06:19:18.222+0000] {taskinstance.py:1103} INFO - Dependencies all met for dep_context=requeueable deps ti=<TaskInstance: process_sales.extract_data_from_api scheduled__2023-07-13T01:00:00+00:00 [queued]>
[2023-07-14T06:19:18.223+0000] {taskinstance.py:1308} INFO - Starting attempt 1 of 1
[2023-07-14T06:19:18.238+0000] {taskinstance.py:1327} INFO - Executing <Task(PythonOperator): extract_data_from_api> on 2023-07-13 01:00:00+00:00
[2023-07-14T06:19:18.242+0000] {standard_task_runner.py:57} INFO - Started process 5971 to run task
[2023-07-14T06:19:18.246+0000] {standard_task_runner.py:84} INFO - Running: ['***', 'tasks', 'run', 'process_sales', 'extract_data_from_api', 'scheduled__2023-07-13T01:00:00+00:00', '--job-id', '224', '--raw', '--subdir', 'DAGS_FOLDER/process_sales.py', '--cfg-path', '/tmp/tmpsadkjev2']
[2023-07-14T06:19:18.247+0000] {standard_task_runner.py:85} INFO - Job 224: Subtask extract_data_from_api
[2023-07-14T06:19:18.297+0000] {task_command.py:410} INFO - Running <TaskInstance: process_sales.extract_data_from_api scheduled__2023-07-13T01:00:00+00:00 [running]> on host b58a2d5f4d18
[2023-07-14T06:19:18.376+0000] {taskinstance.py:1547} INFO - Exporting env vars: AIRFLOW_CTX_DAG_OWNER='***' AIRFLOW_CTX_DAG_ID='process_sales' AIRFLOW_CTX_TASK_ID='extract_data_from_api' AIRFLOW_CTX_EXECUTION_DATE='2023-07-13T01:00:00+00:00' AIRFLOW_CTX_TRY_NUMBER='1' AIRFLOW_CTX_DAG_RUN_ID='scheduled__2023-07-13T01:00:00+00:00'
[2023-07-14T06:19:18.644+0000] {logging_mixin.py:149} INFO - Page 1 started
[2023-07-14T06:19:18.648+0000] {logging_mixin.py:149} INFO - Page 1 done
[2023-07-14T06:19:18.649+0000] {logging_mixin.py:149} INFO - Status_code = 200
[2023-07-14T06:19:18.810+0000] {logging_mixin.py:149} INFO - Page 2 started
[2023-07-14T06:19:18.816+0000] {logging_mixin.py:149} INFO - Page 2 done
[2023-07-14T06:19:18.816+0000] {logging_mixin.py:149} INFO - Status_code = 200
[2023-07-14T06:19:18.976+0000] {logging_mixin.py:149} INFO - Page 3 started
[2023-07-14T06:19:18.985+0000] {logging_mixin.py:149} INFO - Page 3 done
[2023-07-14T06:19:18.985+0000] {logging_mixin.py:149} INFO - Status_code = 200
[2023-07-14T06:19:19.151+0000] {logging_mixin.py:149} INFO - Page 4 started
[2023-07-14T06:19:19.152+0000] {logging_mixin.py:149} INFO - Page 4 done
[2023-07-14T06:19:19.152+0000] {logging_mixin.py:149} INFO - Status_code = 200
[2023-07-14T06:19:19.595+0000] {logging_mixin.py:149} INFO - Page 1 started
[2023-07-14T06:19:19.600+0000] {logging_mixin.py:149} INFO - Page 1 done
[2023-07-14T06:19:19.600+0000] {logging_mixin.py:149} INFO - Status_code = 200
[2023-07-14T06:19:19.762+0000] {logging_mixin.py:149} INFO - Page 2 started
[2023-07-14T06:19:19.768+0000] {logging_mixin.py:149} INFO - Page 2 done
[2023-07-14T06:19:19.768+0000] {logging_mixin.py:149} INFO - Status_code = 200
[2023-07-14T06:19:19.941+0000] {logging_mixin.py:149} INFO - Page 3 started
[2023-07-14T06:19:19.945+0000] {logging_mixin.py:149} INFO - Page 3 done
[2023-07-14T06:19:19.946+0000] {logging_mixin.py:149} INFO - Status_code = 200
[2023-07-14T06:19:20.108+0000] {logging_mixin.py:149} INFO - Page 4 started
[2023-07-14T06:19:20.118+0000] {logging_mixin.py:149} INFO - Page 4 done
[2023-07-14T06:19:20.119+0000] {logging_mixin.py:149} INFO - Status_code = 200
[2023-07-14T06:19:20.569+0000] {logging_mixin.py:149} INFO - Page 1 started
[2023-07-14T06:19:20.571+0000] {logging_mixin.py:149} INFO - Page 1 done
[2023-07-14T06:19:20.571+0000] {logging_mixin.py:149} INFO - Status_code = 200
[2023-07-14T06:19:20.733+0000] {logging_mixin.py:149} INFO - Page 2 started
[2023-07-14T06:19:20.739+0000] {logging_mixin.py:149} INFO - Page 2 done
[2023-07-14T06:19:20.739+0000] {logging_mixin.py:149} INFO - Status_code = 200
[2023-07-14T06:19:20.899+0000] {logging_mixin.py:149} INFO - Page 3 started
[2023-07-14T06:19:20.904+0000] {logging_mixin.py:149} INFO - Page 3 done
[2023-07-14T06:19:20.904+0000] {logging_mixin.py:149} INFO - Status_code = 200
[2023-07-14T06:19:21.068+0000] {logging_mixin.py:149} INFO - Page 4 started
[2023-07-14T06:19:21.069+0000] {logging_mixin.py:149} INFO - Page 4 done
[2023-07-14T06:19:21.069+0000] {logging_mixin.py:149} INFO - Status_code = 200
[2023-07-14T06:19:21.275+0000] {python.py:183} INFO - Done. Returned value was: None
[2023-07-14T06:19:21.284+0000] {taskinstance.py:1350} INFO - Marking task as SUCCESS. dag_id=process_sales, task_id=extract_data_from_api, execution_date=20230713T010000, start_date=20230714T061918, end_date=20230714T061921
[2023-07-14T06:19:21.313+0000] {local_task_job_runner.py:225} INFO - Task exited with return code 0
[2023-07-14T06:19:21.338+0000] {taskinstance.py:2653} INFO - 1 downstream tasks scheduled from follow-on schedule check
