[2023-07-13T12:10:00.876+0000] {taskinstance.py:1103} INFO - Dependencies all met for dep_context=non-requeueable deps ti=<TaskInstance: process_sales_13.extract_data_from_api manual__2023-07-13T12:01:15.755419+00:00 [queued]>
[2023-07-13T12:10:00.888+0000] {taskinstance.py:1103} INFO - Dependencies all met for dep_context=requeueable deps ti=<TaskInstance: process_sales_13.extract_data_from_api manual__2023-07-13T12:01:15.755419+00:00 [queued]>
[2023-07-13T12:10:00.888+0000] {taskinstance.py:1308} INFO - Starting attempt 2 of 2
[2023-07-13T12:10:00.904+0000] {taskinstance.py:1327} INFO - Executing <Task(PythonOperator): extract_data_from_api> on 2023-07-13 12:01:15.755419+00:00
[2023-07-13T12:10:00.909+0000] {standard_task_runner.py:57} INFO - Started process 3141 to run task
[2023-07-13T12:10:00.912+0000] {standard_task_runner.py:84} INFO - Running: ['***', 'tasks', 'run', 'process_sales_13', 'extract_data_from_api', 'manual__2023-07-13T12:01:15.755419+00:00', '--job-id', '150', '--raw', '--subdir', 'DAGS_FOLDER/process_sales_13.py', '--cfg-path', '/tmp/tmp6d9dx43h']
[2023-07-13T12:10:00.913+0000] {standard_task_runner.py:85} INFO - Job 150: Subtask extract_data_from_api
[2023-07-13T12:10:00.963+0000] {task_command.py:410} INFO - Running <TaskInstance: process_sales_13.extract_data_from_api manual__2023-07-13T12:01:15.755419+00:00 [running]> on host b58a2d5f4d18
[2023-07-13T12:10:01.052+0000] {taskinstance.py:1547} INFO - Exporting env vars: AIRFLOW_CTX_DAG_OWNER='***' AIRFLOW_CTX_DAG_ID='process_sales_13' AIRFLOW_CTX_TASK_ID='extract_data_from_api' AIRFLOW_CTX_EXECUTION_DATE='2023-07-13T12:01:15.755419+00:00' AIRFLOW_CTX_TRY_NUMBER='2' AIRFLOW_CTX_DAG_RUN_ID='manual__2023-07-13T12:01:15.755419+00:00'
[2023-07-13T12:10:01.054+0000] {logging_mixin.py:149} INFO - 	I'm in get_sales(...) function!
[2023-07-13T12:10:01.307+0000] {logging_mixin.py:149} INFO - Page 1 started
[2023-07-13T12:10:01.308+0000] {logging_mixin.py:149} INFO - Page 1 done
[2023-07-13T12:10:01.309+0000] {logging_mixin.py:149} INFO - Status_code = 200
[2023-07-13T12:10:01.471+0000] {logging_mixin.py:149} INFO - Page 2 started
[2023-07-13T12:10:01.475+0000] {logging_mixin.py:149} INFO - Page 2 done
[2023-07-13T12:10:01.476+0000] {logging_mixin.py:149} INFO - Status_code = 200
[2023-07-13T12:10:01.638+0000] {logging_mixin.py:149} INFO - Page 3 started
[2023-07-13T12:10:01.641+0000] {logging_mixin.py:149} INFO - Page 3 done
[2023-07-13T12:10:01.642+0000] {logging_mixin.py:149} INFO - Status_code = 200
[2023-07-13T12:10:01.802+0000] {logging_mixin.py:149} INFO - Page 4 started
[2023-07-13T12:10:01.803+0000] {logging_mixin.py:149} INFO - Page 4 done
[2023-07-13T12:10:01.803+0000] {logging_mixin.py:149} INFO - Status_code = 200
[2023-07-13T12:10:01.983+0000] {logging_mixin.py:149} INFO - 	I'm in get_sales(...) function!
[2023-07-13T12:10:02.230+0000] {logging_mixin.py:149} INFO - Page 1 started
[2023-07-13T12:10:02.232+0000] {logging_mixin.py:149} INFO - Page 1 done
[2023-07-13T12:10:02.233+0000] {logging_mixin.py:149} INFO - Status_code = 200
[2023-07-13T12:10:02.394+0000] {logging_mixin.py:149} INFO - Page 2 started
[2023-07-13T12:10:02.397+0000] {logging_mixin.py:149} INFO - Page 2 done
[2023-07-13T12:10:02.397+0000] {logging_mixin.py:149} INFO - Status_code = 200
[2023-07-13T12:10:02.555+0000] {logging_mixin.py:149} INFO - Page 3 started
[2023-07-13T12:10:02.561+0000] {logging_mixin.py:149} INFO - Page 3 done
[2023-07-13T12:10:02.562+0000] {logging_mixin.py:149} INFO - Status_code = 200
[2023-07-13T12:10:02.742+0000] {logging_mixin.py:149} INFO - Page 4 started
[2023-07-13T12:10:02.743+0000] {logging_mixin.py:149} INFO - Page 4 done
[2023-07-13T12:10:02.744+0000] {logging_mixin.py:149} INFO - Status_code = 200
[2023-07-13T12:10:02.922+0000] {logging_mixin.py:149} INFO - 	I'm in get_sales(...) function!
[2023-07-13T12:10:03.172+0000] {logging_mixin.py:149} INFO - Page 1 started
[2023-07-13T12:10:03.174+0000] {logging_mixin.py:149} INFO - Page 1 done
[2023-07-13T12:10:03.174+0000] {logging_mixin.py:149} INFO - Status_code = 200
[2023-07-13T12:10:03.335+0000] {logging_mixin.py:149} INFO - Page 2 started
[2023-07-13T12:10:03.340+0000] {logging_mixin.py:149} INFO - Page 2 done
[2023-07-13T12:10:03.341+0000] {logging_mixin.py:149} INFO - Status_code = 200
[2023-07-13T12:10:03.503+0000] {logging_mixin.py:149} INFO - Page 3 started
[2023-07-13T12:10:03.507+0000] {logging_mixin.py:149} INFO - Page 3 done
[2023-07-13T12:10:03.508+0000] {logging_mixin.py:149} INFO - Status_code = 200
[2023-07-13T12:10:03.682+0000] {logging_mixin.py:149} INFO - Page 4 started
[2023-07-13T12:10:03.683+0000] {logging_mixin.py:149} INFO - Page 4 done
[2023-07-13T12:10:03.683+0000] {logging_mixin.py:149} INFO - Status_code = 200
[2023-07-13T12:10:03.856+0000] {python.py:183} INFO - Done. Returned value was: None
[2023-07-13T12:10:03.865+0000] {taskinstance.py:1350} INFO - Marking task as SUCCESS. dag_id=process_sales_13, task_id=extract_data_from_api, execution_date=20230713T120115, start_date=20230713T121000, end_date=20230713T121003
[2023-07-13T12:10:03.902+0000] {local_task_job_runner.py:225} INFO - Task exited with return code 0
[2023-07-13T12:10:03.923+0000] {taskinstance.py:2653} INFO - 1 downstream tasks scheduled from follow-on schedule check
