[2023-07-13T12:01:17.721+0000] {taskinstance.py:1103} INFO - Dependencies all met for dep_context=non-requeueable deps ti=<TaskInstance: process_sales_13.extract_data_from_api manual__2023-07-13T12:01:15.755419+00:00 [queued]>
[2023-07-13T12:01:17.730+0000] {taskinstance.py:1103} INFO - Dependencies all met for dep_context=requeueable deps ti=<TaskInstance: process_sales_13.extract_data_from_api manual__2023-07-13T12:01:15.755419+00:00 [queued]>
[2023-07-13T12:01:17.731+0000] {taskinstance.py:1308} INFO - Starting attempt 1 of 1
[2023-07-13T12:01:17.744+0000] {taskinstance.py:1327} INFO - Executing <Task(PythonOperator): extract_data_from_api> on 2023-07-13 12:01:15.755419+00:00
[2023-07-13T12:01:17.749+0000] {standard_task_runner.py:57} INFO - Started process 2976 to run task
[2023-07-13T12:01:17.752+0000] {standard_task_runner.py:84} INFO - Running: ['***', 'tasks', 'run', 'process_sales_13', 'extract_data_from_api', 'manual__2023-07-13T12:01:15.755419+00:00', '--job-id', '147', '--raw', '--subdir', 'DAGS_FOLDER/process_sales_13.py', '--cfg-path', '/tmp/tmp71jc0ctq']
[2023-07-13T12:01:17.753+0000] {standard_task_runner.py:85} INFO - Job 147: Subtask extract_data_from_api
[2023-07-13T12:01:17.802+0000] {task_command.py:410} INFO - Running <TaskInstance: process_sales_13.extract_data_from_api manual__2023-07-13T12:01:15.755419+00:00 [running]> on host b58a2d5f4d18
[2023-07-13T12:01:17.882+0000] {taskinstance.py:1547} INFO - Exporting env vars: AIRFLOW_CTX_DAG_OWNER='***' AIRFLOW_CTX_DAG_ID='process_sales_13' AIRFLOW_CTX_TASK_ID='extract_data_from_api' AIRFLOW_CTX_EXECUTION_DATE='2023-07-13T12:01:15.755419+00:00' AIRFLOW_CTX_TRY_NUMBER='1' AIRFLOW_CTX_DAG_RUN_ID='manual__2023-07-13T12:01:15.755419+00:00'
[2023-07-13T12:01:17.885+0000] {logging_mixin.py:149} INFO - 	I'm in get_sales(...) function!
[2023-07-13T12:01:18.234+0000] {logging_mixin.py:149} INFO - Page 1 started
[2023-07-13T12:01:18.235+0000] {logging_mixin.py:149} INFO - Page 1 done
[2023-07-13T12:01:18.236+0000] {logging_mixin.py:149} INFO - Status_code = 200
[2023-07-13T12:01:18.397+0000] {logging_mixin.py:149} INFO - Page 2 started
[2023-07-13T12:01:18.402+0000] {logging_mixin.py:149} INFO - Page 2 done
[2023-07-13T12:01:18.403+0000] {logging_mixin.py:149} INFO - Status_code = 200
[2023-07-13T12:01:18.565+0000] {logging_mixin.py:149} INFO - Page 3 started
[2023-07-13T12:01:18.569+0000] {logging_mixin.py:149} INFO - Page 3 done
[2023-07-13T12:01:18.569+0000] {logging_mixin.py:149} INFO - Status_code = 200
[2023-07-13T12:01:18.736+0000] {logging_mixin.py:149} INFO - Page 4 started
[2023-07-13T12:01:18.736+0000] {logging_mixin.py:149} INFO - Page 4 done
[2023-07-13T12:01:18.737+0000] {logging_mixin.py:149} INFO - Status_code = 200
[2023-07-13T12:01:18.912+0000] {logging_mixin.py:149} INFO - Deleted file: /opt/***/processed_data/raw/sales/sales/sales_2022-08-09.json
[2023-07-13T12:01:18.913+0000] {logging_mixin.py:149} INFO - Cleanup complete for folder: /opt/***/processed_data/raw/sales/sales/sales_2022-08-09.json
[2023-07-13T12:01:18.917+0000] {logging_mixin.py:149} INFO - 	I'm in get_sales(...) function!
[2023-07-13T12:01:19.155+0000] {logging_mixin.py:149} INFO - Page 1 started
[2023-07-13T12:01:19.157+0000] {logging_mixin.py:149} INFO - Page 1 done
[2023-07-13T12:01:19.157+0000] {logging_mixin.py:149} INFO - Status_code = 200
[2023-07-13T12:01:19.316+0000] {logging_mixin.py:149} INFO - Page 2 started
[2023-07-13T12:01:19.320+0000] {logging_mixin.py:149} INFO - Page 2 done
[2023-07-13T12:01:19.321+0000] {logging_mixin.py:149} INFO - Status_code = 200
[2023-07-13T12:01:19.481+0000] {logging_mixin.py:149} INFO - Page 3 started
[2023-07-13T12:01:19.485+0000] {logging_mixin.py:149} INFO - Page 3 done
[2023-07-13T12:01:19.486+0000] {logging_mixin.py:149} INFO - Status_code = 200
[2023-07-13T12:01:19.645+0000] {logging_mixin.py:149} INFO - Page 4 started
[2023-07-13T12:01:19.648+0000] {logging_mixin.py:149} INFO - Page 4 done
[2023-07-13T12:01:19.648+0000] {logging_mixin.py:149} INFO - Status_code = 200
[2023-07-13T12:01:19.818+0000] {logging_mixin.py:149} INFO - Deleted file: /opt/***/processed_data/raw/sales/sales/sales_2022-08-10.json
[2023-07-13T12:01:19.819+0000] {logging_mixin.py:149} INFO - Cleanup complete for folder: /opt/***/processed_data/raw/sales/sales/sales_2022-08-10.json
[2023-07-13T12:01:19.825+0000] {logging_mixin.py:149} INFO - 	I'm in get_sales(...) function!
[2023-07-13T12:01:20.061+0000] {logging_mixin.py:149} INFO - Page 1 started
[2023-07-13T12:01:20.063+0000] {logging_mixin.py:149} INFO - Page 1 done
[2023-07-13T12:01:20.064+0000] {logging_mixin.py:149} INFO - Status_code = 200
[2023-07-13T12:01:20.228+0000] {logging_mixin.py:149} INFO - Page 2 started
[2023-07-13T12:01:20.231+0000] {logging_mixin.py:149} INFO - Page 2 done
[2023-07-13T12:01:20.232+0000] {logging_mixin.py:149} INFO - Status_code = 200
[2023-07-13T12:01:20.394+0000] {logging_mixin.py:149} INFO - Page 3 started
[2023-07-13T12:01:20.398+0000] {logging_mixin.py:149} INFO - Page 3 done
[2023-07-13T12:01:20.398+0000] {logging_mixin.py:149} INFO - Status_code = 200
[2023-07-13T12:01:20.561+0000] {logging_mixin.py:149} INFO - Page 4 started
[2023-07-13T12:01:20.563+0000] {logging_mixin.py:149} INFO - Page 4 done
[2023-07-13T12:01:20.563+0000] {logging_mixin.py:149} INFO - Status_code = 200
[2023-07-13T12:01:20.736+0000] {logging_mixin.py:149} INFO - Deleted file: /opt/***/processed_data/raw/sales/sales/sales_2022-08-11.json
[2023-07-13T12:01:20.736+0000] {logging_mixin.py:149} INFO - Cleanup complete for folder: /opt/***/processed_data/raw/sales/sales/sales_2022-08-11.json
[2023-07-13T12:01:20.741+0000] {python.py:183} INFO - Done. Returned value was: None
[2023-07-13T12:01:20.750+0000] {taskinstance.py:1350} INFO - Marking task as SUCCESS. dag_id=process_sales_13, task_id=extract_data_from_api, execution_date=20230713T120115, start_date=20230713T120117, end_date=20230713T120120
[2023-07-13T12:01:20.784+0000] {local_task_job_runner.py:225} INFO - Task exited with return code 0
[2023-07-13T12:01:20.805+0000] {taskinstance.py:2653} INFO - 1 downstream tasks scheduled from follow-on schedule check
