[2023-07-11T08:56:14.231+0000] {taskinstance.py:1103} INFO - Dependencies all met for dep_context=non-requeueable deps ti=<TaskInstance: process_sales_4.extract_data_from_api manual__2023-07-11T08:56:11.005149+00:00 [queued]>
[2023-07-11T08:56:14.246+0000] {taskinstance.py:1103} INFO - Dependencies all met for dep_context=requeueable deps ti=<TaskInstance: process_sales_4.extract_data_from_api manual__2023-07-11T08:56:11.005149+00:00 [queued]>
[2023-07-11T08:56:14.247+0000] {taskinstance.py:1308} INFO - Starting attempt 1 of 1
[2023-07-11T08:56:14.270+0000] {taskinstance.py:1327} INFO - Executing <Task(PythonOperator): extract_data_from_api> on 2023-07-11 08:56:11.005149+00:00
[2023-07-11T08:56:14.277+0000] {standard_task_runner.py:57} INFO - Started process 1610 to run task
[2023-07-11T08:56:14.281+0000] {standard_task_runner.py:84} INFO - Running: ['***', 'tasks', 'run', 'process_sales_4', 'extract_data_from_api', 'manual__2023-07-11T08:56:11.005149+00:00', '--job-id', '63', '--raw', '--subdir', 'DAGS_FOLDER/process_sales_4.py', '--cfg-path', '/tmp/tmplacc6ph1']
[2023-07-11T08:56:14.282+0000] {standard_task_runner.py:85} INFO - Job 63: Subtask extract_data_from_api
[2023-07-11T08:56:14.364+0000] {task_command.py:410} INFO - Running <TaskInstance: process_sales_4.extract_data_from_api manual__2023-07-11T08:56:11.005149+00:00 [running]> on host ca64464cba28
[2023-07-11T08:56:14.515+0000] {taskinstance.py:1547} INFO - Exporting env vars: AIRFLOW_CTX_DAG_OWNER='***' AIRFLOW_CTX_DAG_ID='process_sales_4' AIRFLOW_CTX_TASK_ID='extract_data_from_api' AIRFLOW_CTX_EXECUTION_DATE='2023-07-11T08:56:11.005149+00:00' AIRFLOW_CTX_TRY_NUMBER='1' AIRFLOW_CTX_DAG_RUN_ID='manual__2023-07-11T08:56:11.005149+00:00'
[2023-07-11T08:56:14.519+0000] {logging_mixin.py:149} INFO - 	I'm in get_sales(...) function!
[2023-07-11T08:56:14.869+0000] {logging_mixin.py:149} INFO - Page 1 started
[2023-07-11T08:56:14.877+0000] {logging_mixin.py:149} INFO - Page 1 done
[2023-07-11T08:56:14.878+0000] {logging_mixin.py:149} INFO - Status_code = 200
[2023-07-11T08:56:15.047+0000] {logging_mixin.py:149} INFO - Page 2 started
[2023-07-11T08:56:15.051+0000] {logging_mixin.py:149} INFO - Page 2 done
[2023-07-11T08:56:15.052+0000] {logging_mixin.py:149} INFO - Status_code = 200
[2023-07-11T08:56:15.214+0000] {logging_mixin.py:149} INFO - Page 3 started
[2023-07-11T08:56:15.218+0000] {logging_mixin.py:149} INFO - Page 3 done
[2023-07-11T08:56:15.218+0000] {logging_mixin.py:149} INFO - Status_code = 200
[2023-07-11T08:56:15.377+0000] {logging_mixin.py:149} INFO - Page 4 started
[2023-07-11T08:56:15.378+0000] {logging_mixin.py:149} INFO - Page 4 done
[2023-07-11T08:56:15.379+0000] {logging_mixin.py:149} INFO - Status_code = 200
[2023-07-11T08:56:15.551+0000] {python.py:183} INFO - Done. Returned value was: None
[2023-07-11T08:56:15.567+0000] {taskinstance.py:1350} INFO - Marking task as SUCCESS. dag_id=process_sales_4, task_id=extract_data_from_api, execution_date=20230711T085611, start_date=20230711T085614, end_date=20230711T085615
[2023-07-11T08:56:15.623+0000] {local_task_job_runner.py:225} INFO - Task exited with return code 0
[2023-07-11T08:56:15.654+0000] {taskinstance.py:2653} INFO - 0 downstream tasks scheduled from follow-on schedule check
