[2023-07-12T13:26:31.451+0000] {taskinstance.py:1103} INFO - Dependencies all met for dep_context=non-requeueable deps ti=<TaskInstance: process_sales_10.extract_data_from_api manual__2023-07-12T13:26:30.189671+00:00 [queued]>
[2023-07-12T13:26:31.459+0000] {taskinstance.py:1103} INFO - Dependencies all met for dep_context=requeueable deps ti=<TaskInstance: process_sales_10.extract_data_from_api manual__2023-07-12T13:26:30.189671+00:00 [queued]>
[2023-07-12T13:26:31.460+0000] {taskinstance.py:1308} INFO - Starting attempt 1 of 1
[2023-07-12T13:26:31.473+0000] {taskinstance.py:1327} INFO - Executing <Task(PythonOperator): extract_data_from_api> on 2023-07-12 13:26:30.189671+00:00
[2023-07-12T13:26:31.477+0000] {standard_task_runner.py:57} INFO - Started process 234 to run task
[2023-07-12T13:26:31.480+0000] {standard_task_runner.py:84} INFO - Running: ['***', 'tasks', 'run', 'process_sales_10', 'extract_data_from_api', 'manual__2023-07-12T13:26:30.189671+00:00', '--job-id', '90', '--raw', '--subdir', 'DAGS_FOLDER/process_sales_10.py', '--cfg-path', '/tmp/tmpz14i7znc']
[2023-07-12T13:26:31.481+0000] {standard_task_runner.py:85} INFO - Job 90: Subtask extract_data_from_api
[2023-07-12T13:26:31.527+0000] {task_command.py:410} INFO - Running <TaskInstance: process_sales_10.extract_data_from_api manual__2023-07-12T13:26:30.189671+00:00 [running]> on host b58a2d5f4d18
[2023-07-12T13:26:31.597+0000] {taskinstance.py:1547} INFO - Exporting env vars: AIRFLOW_CTX_DAG_OWNER='***' AIRFLOW_CTX_DAG_ID='process_sales_10' AIRFLOW_CTX_TASK_ID='extract_data_from_api' AIRFLOW_CTX_EXECUTION_DATE='2023-07-12T13:26:30.189671+00:00' AIRFLOW_CTX_TRY_NUMBER='1' AIRFLOW_CTX_DAG_RUN_ID='manual__2023-07-12T13:26:30.189671+00:00'
[2023-07-12T13:26:31.601+0000] {logging_mixin.py:149} INFO - 	I'm in get_sales(...) function!
[2023-07-12T13:26:31.956+0000] {logging_mixin.py:149} INFO - Page 1 started
[2023-07-12T13:26:31.959+0000] {logging_mixin.py:149} INFO - Page 1 done
[2023-07-12T13:26:31.960+0000] {logging_mixin.py:149} INFO - Status_code = 200
[2023-07-12T13:26:32.128+0000] {logging_mixin.py:149} INFO - Page 2 started
[2023-07-12T13:26:32.131+0000] {logging_mixin.py:149} INFO - Page 2 done
[2023-07-12T13:26:32.133+0000] {logging_mixin.py:149} INFO - Status_code = 200
[2023-07-12T13:26:32.327+0000] {logging_mixin.py:149} INFO - Page 3 started
[2023-07-12T13:26:32.344+0000] {logging_mixin.py:149} INFO - Page 3 done
[2023-07-12T13:26:32.345+0000] {logging_mixin.py:149} INFO - Status_code = 200
[2023-07-12T13:26:32.512+0000] {logging_mixin.py:149} INFO - Page 4 started
[2023-07-12T13:26:32.513+0000] {logging_mixin.py:149} INFO - Page 4 done
[2023-07-12T13:26:32.514+0000] {logging_mixin.py:149} INFO - Status_code = 200
[2023-07-12T13:26:32.684+0000] {python.py:183} INFO - Done. Returned value was: None
[2023-07-12T13:26:32.692+0000] {taskinstance.py:1350} INFO - Marking task as SUCCESS. dag_id=process_sales_10, task_id=extract_data_from_api, execution_date=20230712T132630, start_date=20230712T132631, end_date=20230712T132632
[2023-07-12T13:26:32.739+0000] {local_task_job_runner.py:225} INFO - Task exited with return code 0
[2023-07-12T13:26:32.763+0000] {taskinstance.py:2653} INFO - 1 downstream tasks scheduled from follow-on schedule check
