[2023-07-13T12:38:11.172+0000] {taskinstance.py:1103} INFO - Dependencies all met for dep_context=non-requeueable deps ti=<TaskInstance: process_sales_13.extract_data_from_api manual__2023-07-13T12:34:32.821486+00:00 [queued]>
[2023-07-13T12:38:11.180+0000] {taskinstance.py:1103} INFO - Dependencies all met for dep_context=requeueable deps ti=<TaskInstance: process_sales_13.extract_data_from_api manual__2023-07-13T12:34:32.821486+00:00 [queued]>
[2023-07-13T12:38:11.181+0000] {taskinstance.py:1308} INFO - Starting attempt 2 of 2
[2023-07-13T12:38:11.195+0000] {taskinstance.py:1327} INFO - Executing <Task(PythonOperator): extract_data_from_api> on 2023-07-13 12:34:32.821486+00:00
[2023-07-13T12:38:11.199+0000] {standard_task_runner.py:57} INFO - Started process 3712 to run task
[2023-07-13T12:38:11.202+0000] {standard_task_runner.py:84} INFO - Running: ['***', 'tasks', 'run', 'process_sales_13', 'extract_data_from_api', 'manual__2023-07-13T12:34:32.821486+00:00', '--job-id', '168', '--raw', '--subdir', 'DAGS_FOLDER/process_sales_13.py', '--cfg-path', '/tmp/tmp7qpwi_dl']
[2023-07-13T12:38:11.203+0000] {standard_task_runner.py:85} INFO - Job 168: Subtask extract_data_from_api
[2023-07-13T12:38:11.247+0000] {task_command.py:410} INFO - Running <TaskInstance: process_sales_13.extract_data_from_api manual__2023-07-13T12:34:32.821486+00:00 [running]> on host b58a2d5f4d18
[2023-07-13T12:38:11.330+0000] {taskinstance.py:1547} INFO - Exporting env vars: AIRFLOW_CTX_DAG_OWNER='***' AIRFLOW_CTX_DAG_ID='process_sales_13' AIRFLOW_CTX_TASK_ID='extract_data_from_api' AIRFLOW_CTX_EXECUTION_DATE='2023-07-13T12:34:32.821486+00:00' AIRFLOW_CTX_TRY_NUMBER='2' AIRFLOW_CTX_DAG_RUN_ID='manual__2023-07-13T12:34:32.821486+00:00'
[2023-07-13T12:38:11.332+0000] {logging_mixin.py:149} INFO - 	I'm in get_sales(...) function!
[2023-07-13T12:38:11.640+0000] {logging_mixin.py:149} INFO - Page 1 started
[2023-07-13T12:38:11.643+0000] {logging_mixin.py:149} INFO - Page 1 done
[2023-07-13T12:38:11.643+0000] {logging_mixin.py:149} INFO - Status_code = 200
[2023-07-13T12:38:11.837+0000] {logging_mixin.py:149} INFO - Page 2 started
[2023-07-13T12:38:11.838+0000] {logging_mixin.py:149} INFO - Page 2 done
[2023-07-13T12:38:11.838+0000] {logging_mixin.py:149} INFO - Status_code = 200
[2023-07-13T12:38:12.008+0000] {logging_mixin.py:149} INFO - Page 3 started
[2023-07-13T12:38:12.013+0000] {logging_mixin.py:149} INFO - Page 3 done
[2023-07-13T12:38:12.013+0000] {logging_mixin.py:149} INFO - Status_code = 200
[2023-07-13T12:38:12.183+0000] {logging_mixin.py:149} INFO - Page 4 started
[2023-07-13T12:38:12.185+0000] {logging_mixin.py:149} INFO - Page 4 done
[2023-07-13T12:38:12.186+0000] {logging_mixin.py:149} INFO - Status_code = 200
[2023-07-13T12:38:12.369+0000] {logging_mixin.py:149} INFO - Deleted directory: /opt/***/processed_data/raw/sales
[2023-07-13T12:38:12.378+0000] {logging_mixin.py:149} INFO - Deleted directory: /opt/***/processed_data/raw/sales
[2023-07-13T12:38:12.386+0000] {logging_mixin.py:149} INFO - Deleted directory: /opt/***/processed_data/raw/sales
[2023-07-13T12:38:12.394+0000] {logging_mixin.py:149} INFO - Deleted directory: /opt/***/processed_data/raw/sales
[2023-07-13T12:38:12.394+0000] {logging_mixin.py:149} INFO - Cleanup complete for folder: /opt/***/processed_data/raw/sales
[2023-07-13T12:38:12.398+0000] {logging_mixin.py:149} INFO - 	I'm in get_sales(...) function!
[2023-07-13T12:38:12.679+0000] {logging_mixin.py:149} INFO - Page 1 started
[2023-07-13T12:38:12.681+0000] {logging_mixin.py:149} INFO - Page 1 done
[2023-07-13T12:38:12.682+0000] {logging_mixin.py:149} INFO - Status_code = 200
[2023-07-13T12:38:12.852+0000] {logging_mixin.py:149} INFO - Page 2 started
[2023-07-13T12:38:12.858+0000] {logging_mixin.py:149} INFO - Page 2 done
[2023-07-13T12:38:12.858+0000] {logging_mixin.py:149} INFO - Status_code = 200
[2023-07-13T12:38:13.029+0000] {logging_mixin.py:149} INFO - Page 3 started
[2023-07-13T12:38:13.035+0000] {logging_mixin.py:149} INFO - Page 3 done
[2023-07-13T12:38:13.036+0000] {logging_mixin.py:149} INFO - Status_code = 200
[2023-07-13T12:38:13.208+0000] {logging_mixin.py:149} INFO - Page 4 started
[2023-07-13T12:38:13.209+0000] {logging_mixin.py:149} INFO - Page 4 done
[2023-07-13T12:38:13.210+0000] {logging_mixin.py:149} INFO - Status_code = 200
[2023-07-13T12:38:13.395+0000] {logging_mixin.py:149} INFO - Deleted file: /opt/***/processed_data/raw/sales
[2023-07-13T12:38:13.395+0000] {logging_mixin.py:149} INFO - Cleanup complete for folder: /opt/***/processed_data/raw/sales
[2023-07-13T12:38:13.399+0000] {logging_mixin.py:149} INFO - 	I'm in get_sales(...) function!
[2023-07-13T12:38:13.688+0000] {logging_mixin.py:149} INFO - Page 1 started
[2023-07-13T12:38:13.694+0000] {logging_mixin.py:149} INFO - Page 1 done
[2023-07-13T12:38:13.695+0000] {logging_mixin.py:149} INFO - Status_code = 200
[2023-07-13T12:38:13.869+0000] {logging_mixin.py:149} INFO - Page 2 started
[2023-07-13T12:38:13.876+0000] {logging_mixin.py:149} INFO - Page 2 done
[2023-07-13T12:38:13.877+0000] {logging_mixin.py:149} INFO - Status_code = 200
[2023-07-13T12:38:14.050+0000] {logging_mixin.py:149} INFO - Page 3 started
[2023-07-13T12:38:14.058+0000] {logging_mixin.py:149} INFO - Page 3 done
[2023-07-13T12:38:14.059+0000] {logging_mixin.py:149} INFO - Status_code = 200
[2023-07-13T12:38:14.237+0000] {logging_mixin.py:149} INFO - Page 4 started
[2023-07-13T12:38:14.240+0000] {logging_mixin.py:149} INFO - Page 4 done
[2023-07-13T12:38:14.241+0000] {logging_mixin.py:149} INFO - Status_code = 200
[2023-07-13T12:38:14.426+0000] {logging_mixin.py:149} INFO - Deleted file: /opt/***/processed_data/raw/sales
[2023-07-13T12:38:14.426+0000] {logging_mixin.py:149} INFO - Cleanup complete for folder: /opt/***/processed_data/raw/sales
[2023-07-13T12:38:14.429+0000] {python.py:183} INFO - Done. Returned value was: None
[2023-07-13T12:38:14.438+0000] {taskinstance.py:1350} INFO - Marking task as SUCCESS. dag_id=process_sales_13, task_id=extract_data_from_api, execution_date=20230713T123432, start_date=20230713T123811, end_date=20230713T123814
[2023-07-13T12:38:14.473+0000] {local_task_job_runner.py:225} INFO - Task exited with return code 0
[2023-07-13T12:38:14.492+0000] {taskinstance.py:2653} INFO - 1 downstream tasks scheduled from follow-on schedule check
