[2023-07-13T12:34:34.527+0000] {taskinstance.py:1103} INFO - Dependencies all met for dep_context=non-requeueable deps ti=<TaskInstance: process_sales_13.extract_data_from_api manual__2023-07-13T12:34:32.821486+00:00 [queued]>
[2023-07-13T12:34:34.535+0000] {taskinstance.py:1103} INFO - Dependencies all met for dep_context=requeueable deps ti=<TaskInstance: process_sales_13.extract_data_from_api manual__2023-07-13T12:34:32.821486+00:00 [queued]>
[2023-07-13T12:34:34.536+0000] {taskinstance.py:1308} INFO - Starting attempt 1 of 1
[2023-07-13T12:34:34.549+0000] {taskinstance.py:1327} INFO - Executing <Task(PythonOperator): extract_data_from_api> on 2023-07-13 12:34:32.821486+00:00
[2023-07-13T12:34:34.553+0000] {standard_task_runner.py:57} INFO - Started process 3637 to run task
[2023-07-13T12:34:34.556+0000] {standard_task_runner.py:84} INFO - Running: ['***', 'tasks', 'run', 'process_sales_13', 'extract_data_from_api', 'manual__2023-07-13T12:34:32.821486+00:00', '--job-id', '165', '--raw', '--subdir', 'DAGS_FOLDER/process_sales_13.py', '--cfg-path', '/tmp/tmp0n3slo99']
[2023-07-13T12:34:34.557+0000] {standard_task_runner.py:85} INFO - Job 165: Subtask extract_data_from_api
[2023-07-13T12:34:34.601+0000] {task_command.py:410} INFO - Running <TaskInstance: process_sales_13.extract_data_from_api manual__2023-07-13T12:34:32.821486+00:00 [running]> on host b58a2d5f4d18
[2023-07-13T12:34:34.679+0000] {taskinstance.py:1547} INFO - Exporting env vars: AIRFLOW_CTX_DAG_OWNER='***' AIRFLOW_CTX_DAG_ID='process_sales_13' AIRFLOW_CTX_TASK_ID='extract_data_from_api' AIRFLOW_CTX_EXECUTION_DATE='2023-07-13T12:34:32.821486+00:00' AIRFLOW_CTX_TRY_NUMBER='1' AIRFLOW_CTX_DAG_RUN_ID='manual__2023-07-13T12:34:32.821486+00:00'
[2023-07-13T12:34:34.682+0000] {logging_mixin.py:149} INFO - 	I'm in get_sales(...) function!
[2023-07-13T12:34:34.933+0000] {logging_mixin.py:149} INFO - Page 1 started
[2023-07-13T12:34:34.935+0000] {logging_mixin.py:149} INFO - Page 1 done
[2023-07-13T12:34:34.936+0000] {logging_mixin.py:149} INFO - Status_code = 200
[2023-07-13T12:34:35.111+0000] {logging_mixin.py:149} INFO - Page 2 started
[2023-07-13T12:34:35.114+0000] {logging_mixin.py:149} INFO - Page 2 done
[2023-07-13T12:34:35.115+0000] {logging_mixin.py:149} INFO - Status_code = 200
[2023-07-13T12:34:35.295+0000] {logging_mixin.py:149} INFO - Page 3 started
[2023-07-13T12:34:35.296+0000] {logging_mixin.py:149} INFO - Page 3 done
[2023-07-13T12:34:35.296+0000] {logging_mixin.py:149} INFO - Status_code = 200
[2023-07-13T12:34:35.461+0000] {logging_mixin.py:149} INFO - Page 4 started
[2023-07-13T12:34:35.461+0000] {logging_mixin.py:149} INFO - Page 4 done
[2023-07-13T12:34:35.462+0000] {logging_mixin.py:149} INFO - Status_code = 200
[2023-07-13T12:34:35.630+0000] {logging_mixin.py:149} INFO - Deleted file: /opt/***/processed_data/raw/sales/sales_2022-08-09.json
[2023-07-13T12:34:35.631+0000] {logging_mixin.py:149} INFO - Cleanup complete for folder: /opt/***/processed_data/raw/sales/sales_2022-08-09.json
[2023-07-13T12:34:35.636+0000] {logging_mixin.py:149} INFO - 	I'm in get_sales(...) function!
[2023-07-13T12:34:35.906+0000] {logging_mixin.py:149} INFO - Page 1 started
[2023-07-13T12:34:35.907+0000] {logging_mixin.py:149} INFO - Page 1 done
[2023-07-13T12:34:35.908+0000] {logging_mixin.py:149} INFO - Status_code = 200
[2023-07-13T12:34:36.067+0000] {logging_mixin.py:149} INFO - Page 2 started
[2023-07-13T12:34:36.073+0000] {logging_mixin.py:149} INFO - Page 2 done
[2023-07-13T12:34:36.074+0000] {logging_mixin.py:149} INFO - Status_code = 200
[2023-07-13T12:34:36.233+0000] {logging_mixin.py:149} INFO - Page 3 started
[2023-07-13T12:34:36.236+0000] {logging_mixin.py:149} INFO - Page 3 done
[2023-07-13T12:34:36.237+0000] {logging_mixin.py:149} INFO - Status_code = 200
[2023-07-13T12:34:36.397+0000] {logging_mixin.py:149} INFO - Page 4 started
[2023-07-13T12:34:36.397+0000] {logging_mixin.py:149} INFO - Page 4 done
[2023-07-13T12:34:36.398+0000] {logging_mixin.py:149} INFO - Status_code = 200
[2023-07-13T12:34:36.573+0000] {logging_mixin.py:149} INFO - Deleted file: /opt/***/processed_data/raw/sales/sales_2022-08-10.json
[2023-07-13T12:34:36.574+0000] {logging_mixin.py:149} INFO - Cleanup complete for folder: /opt/***/processed_data/raw/sales/sales_2022-08-10.json
[2023-07-13T12:34:36.580+0000] {logging_mixin.py:149} INFO - 	I'm in get_sales(...) function!
[2023-07-13T12:34:36.839+0000] {logging_mixin.py:149} INFO - Page 1 started
[2023-07-13T12:34:36.840+0000] {logging_mixin.py:149} INFO - Page 1 done
[2023-07-13T12:34:36.840+0000] {logging_mixin.py:149} INFO - Status_code = 200
[2023-07-13T12:34:37.000+0000] {logging_mixin.py:149} INFO - Page 2 started
[2023-07-13T12:34:37.004+0000] {logging_mixin.py:149} INFO - Page 2 done
[2023-07-13T12:34:37.004+0000] {logging_mixin.py:149} INFO - Status_code = 200
[2023-07-13T12:34:37.165+0000] {logging_mixin.py:149} INFO - Page 3 started
[2023-07-13T12:34:37.193+0000] {logging_mixin.py:149} INFO - Page 3 done
[2023-07-13T12:34:37.194+0000] {logging_mixin.py:149} INFO - Status_code = 200
[2023-07-13T12:34:37.353+0000] {logging_mixin.py:149} INFO - Page 4 started
[2023-07-13T12:34:37.353+0000] {logging_mixin.py:149} INFO - Page 4 done
[2023-07-13T12:34:37.354+0000] {logging_mixin.py:149} INFO - Status_code = 200
[2023-07-13T12:34:37.531+0000] {logging_mixin.py:149} INFO - Deleted file: /opt/***/processed_data/raw/sales/sales_2022-08-11.json
[2023-07-13T12:34:37.532+0000] {logging_mixin.py:149} INFO - Cleanup complete for folder: /opt/***/processed_data/raw/sales/sales_2022-08-11.json
[2023-07-13T12:34:37.535+0000] {python.py:183} INFO - Done. Returned value was: None
[2023-07-13T12:34:37.543+0000] {taskinstance.py:1350} INFO - Marking task as SUCCESS. dag_id=process_sales_13, task_id=extract_data_from_api, execution_date=20230713T123432, start_date=20230713T123434, end_date=20230713T123437
[2023-07-13T12:34:37.582+0000] {local_task_job_runner.py:225} INFO - Task exited with return code 0
[2023-07-13T12:34:37.599+0000] {taskinstance.py:2653} INFO - 0 downstream tasks scheduled from follow-on schedule check
