[2023-07-13T13:06:52.179+0000] {taskinstance.py:1103} INFO - Dependencies all met for dep_context=non-requeueable deps ti=<TaskInstance: process_sales_13.extract_data_from_api manual__2023-07-13T13:06:50.414120+00:00 [queued]>
[2023-07-13T13:06:52.187+0000] {taskinstance.py:1103} INFO - Dependencies all met for dep_context=requeueable deps ti=<TaskInstance: process_sales_13.extract_data_from_api manual__2023-07-13T13:06:50.414120+00:00 [queued]>
[2023-07-13T13:06:52.188+0000] {taskinstance.py:1308} INFO - Starting attempt 1 of 1
[2023-07-13T13:06:52.201+0000] {taskinstance.py:1327} INFO - Executing <Task(PythonOperator): extract_data_from_api> on 2023-07-13 13:06:50.414120+00:00
[2023-07-13T13:06:52.206+0000] {standard_task_runner.py:57} INFO - Started process 4298 to run task
[2023-07-13T13:06:52.209+0000] {standard_task_runner.py:84} INFO - Running: ['***', 'tasks', 'run', 'process_sales_13', 'extract_data_from_api', 'manual__2023-07-13T13:06:50.414120+00:00', '--job-id', '191', '--raw', '--subdir', 'DAGS_FOLDER/process_sales_13.py', '--cfg-path', '/tmp/tmph6pwldf3']
[2023-07-13T13:06:52.210+0000] {standard_task_runner.py:85} INFO - Job 191: Subtask extract_data_from_api
[2023-07-13T13:06:52.252+0000] {task_command.py:410} INFO - Running <TaskInstance: process_sales_13.extract_data_from_api manual__2023-07-13T13:06:50.414120+00:00 [running]> on host b58a2d5f4d18
[2023-07-13T13:06:52.332+0000] {taskinstance.py:1547} INFO - Exporting env vars: AIRFLOW_CTX_DAG_OWNER='***' AIRFLOW_CTX_DAG_ID='process_sales_13' AIRFLOW_CTX_TASK_ID='extract_data_from_api' AIRFLOW_CTX_EXECUTION_DATE='2023-07-13T13:06:50.414120+00:00' AIRFLOW_CTX_TRY_NUMBER='1' AIRFLOW_CTX_DAG_RUN_ID='manual__2023-07-13T13:06:50.414120+00:00'
[2023-07-13T13:06:52.335+0000] {logging_mixin.py:149} INFO - 	I'm in get_sales(...) function!
[2023-07-13T13:06:52.656+0000] {logging_mixin.py:149} INFO - Page 1 started
[2023-07-13T13:06:52.659+0000] {logging_mixin.py:149} INFO - Page 1 done
[2023-07-13T13:06:52.660+0000] {logging_mixin.py:149} INFO - Status_code = 200
[2023-07-13T13:06:52.826+0000] {logging_mixin.py:149} INFO - Page 2 started
[2023-07-13T13:06:52.830+0000] {logging_mixin.py:149} INFO - Page 2 done
[2023-07-13T13:06:52.832+0000] {logging_mixin.py:149} INFO - Status_code = 200
[2023-07-13T13:06:52.993+0000] {logging_mixin.py:149} INFO - Page 3 started
[2023-07-13T13:06:52.997+0000] {logging_mixin.py:149} INFO - Page 3 done
[2023-07-13T13:06:52.998+0000] {logging_mixin.py:149} INFO - Status_code = 200
[2023-07-13T13:06:53.159+0000] {logging_mixin.py:149} INFO - Page 4 started
[2023-07-13T13:06:53.161+0000] {logging_mixin.py:149} INFO - Page 4 done
[2023-07-13T13:06:53.161+0000] {logging_mixin.py:149} INFO - Status_code = 200
[2023-07-13T13:06:53.345+0000] {logging_mixin.py:149} INFO - Cleanup complete for folder: /opt/***/processed_data/raw/sales
[2023-07-13T13:06:53.349+0000] {logging_mixin.py:149} INFO - 	I'm in get_sales(...) function!
[2023-07-13T13:06:53.609+0000] {logging_mixin.py:149} INFO - Page 1 started
[2023-07-13T13:06:53.614+0000] {logging_mixin.py:149} INFO - Page 1 done
[2023-07-13T13:06:53.615+0000] {logging_mixin.py:149} INFO - Status_code = 200
[2023-07-13T13:06:53.818+0000] {logging_mixin.py:149} INFO - Page 2 started
[2023-07-13T13:06:53.819+0000] {logging_mixin.py:149} INFO - Page 2 done
[2023-07-13T13:06:53.820+0000] {logging_mixin.py:149} INFO - Status_code = 200
[2023-07-13T13:06:53.995+0000] {logging_mixin.py:149} INFO - Page 3 started
[2023-07-13T13:06:53.997+0000] {logging_mixin.py:149} INFO - Page 3 done
[2023-07-13T13:06:53.999+0000] {logging_mixin.py:149} INFO - Status_code = 200
[2023-07-13T13:06:54.168+0000] {logging_mixin.py:149} INFO - Page 4 started
[2023-07-13T13:06:54.169+0000] {logging_mixin.py:149} INFO - Page 4 done
[2023-07-13T13:06:54.169+0000] {logging_mixin.py:149} INFO - Status_code = 200
[2023-07-13T13:06:54.366+0000] {logging_mixin.py:149} INFO - Deleted file: /opt/***/processed_data/raw/sales
[2023-07-13T13:06:54.367+0000] {logging_mixin.py:149} INFO - Cleanup complete for folder: /opt/***/processed_data/raw/sales
[2023-07-13T13:06:54.371+0000] {logging_mixin.py:149} INFO - 	I'm in get_sales(...) function!
[2023-07-13T13:06:54.662+0000] {logging_mixin.py:149} INFO - Page 1 started
[2023-07-13T13:06:54.663+0000] {logging_mixin.py:149} INFO - Page 1 done
[2023-07-13T13:06:54.664+0000] {logging_mixin.py:149} INFO - Status_code = 200
[2023-07-13T13:06:54.833+0000] {logging_mixin.py:149} INFO - Page 2 started
[2023-07-13T13:06:54.835+0000] {logging_mixin.py:149} INFO - Page 2 done
[2023-07-13T13:06:54.836+0000] {logging_mixin.py:149} INFO - Status_code = 200
[2023-07-13T13:06:54.999+0000] {logging_mixin.py:149} INFO - Page 3 started
[2023-07-13T13:06:55.006+0000] {logging_mixin.py:149} INFO - Page 3 done
[2023-07-13T13:06:55.006+0000] {logging_mixin.py:149} INFO - Status_code = 200
[2023-07-13T13:06:55.174+0000] {logging_mixin.py:149} INFO - Page 4 started
[2023-07-13T13:06:55.175+0000] {logging_mixin.py:149} INFO - Page 4 done
[2023-07-13T13:06:55.176+0000] {logging_mixin.py:149} INFO - Status_code = 200
[2023-07-13T13:06:55.350+0000] {logging_mixin.py:149} INFO - Deleted file: /opt/***/processed_data/raw/sales
[2023-07-13T13:06:55.351+0000] {logging_mixin.py:149} INFO - Cleanup complete for folder: /opt/***/processed_data/raw/sales
[2023-07-13T13:06:55.354+0000] {python.py:183} INFO - Done. Returned value was: None
[2023-07-13T13:06:55.362+0000] {taskinstance.py:1350} INFO - Marking task as SUCCESS. dag_id=process_sales_13, task_id=extract_data_from_api, execution_date=20230713T130650, start_date=20230713T130652, end_date=20230713T130655
[2023-07-13T13:06:55.403+0000] {local_task_job_runner.py:225} INFO - Task exited with return code 0
[2023-07-13T13:06:55.423+0000] {taskinstance.py:2653} INFO - 1 downstream tasks scheduled from follow-on schedule check
