[2023-07-13T12:34:31.350+0000] {taskinstance.py:1103} INFO - Dependencies all met for dep_context=non-requeueable deps ti=<TaskInstance: process_sales_13.extract_data_from_api manual__2023-07-13T12:29:14.337194+00:00 [queued]>
[2023-07-13T12:34:31.359+0000] {taskinstance.py:1103} INFO - Dependencies all met for dep_context=requeueable deps ti=<TaskInstance: process_sales_13.extract_data_from_api manual__2023-07-13T12:29:14.337194+00:00 [queued]>
[2023-07-13T12:34:31.360+0000] {taskinstance.py:1308} INFO - Starting attempt 2 of 2
[2023-07-13T12:34:31.374+0000] {taskinstance.py:1327} INFO - Executing <Task(PythonOperator): extract_data_from_api> on 2023-07-13 12:29:14.337194+00:00
[2023-07-13T12:34:31.379+0000] {standard_task_runner.py:57} INFO - Started process 3631 to run task
[2023-07-13T12:34:31.382+0000] {standard_task_runner.py:84} INFO - Running: ['***', 'tasks', 'run', 'process_sales_13', 'extract_data_from_api', 'manual__2023-07-13T12:29:14.337194+00:00', '--job-id', '164', '--raw', '--subdir', 'DAGS_FOLDER/process_sales_13.py', '--cfg-path', '/tmp/tmp4j_9vh8b']
[2023-07-13T12:34:31.383+0000] {standard_task_runner.py:85} INFO - Job 164: Subtask extract_data_from_api
[2023-07-13T12:34:31.433+0000] {task_command.py:410} INFO - Running <TaskInstance: process_sales_13.extract_data_from_api manual__2023-07-13T12:29:14.337194+00:00 [running]> on host b58a2d5f4d18
[2023-07-13T12:34:31.519+0000] {taskinstance.py:1547} INFO - Exporting env vars: AIRFLOW_CTX_DAG_OWNER='***' AIRFLOW_CTX_DAG_ID='process_sales_13' AIRFLOW_CTX_TASK_ID='extract_data_from_api' AIRFLOW_CTX_EXECUTION_DATE='2023-07-13T12:29:14.337194+00:00' AIRFLOW_CTX_TRY_NUMBER='2' AIRFLOW_CTX_DAG_RUN_ID='manual__2023-07-13T12:29:14.337194+00:00'
[2023-07-13T12:34:31.521+0000] {logging_mixin.py:149} INFO - 	I'm in get_sales(...) function!
[2023-07-13T12:34:31.769+0000] {logging_mixin.py:149} INFO - Page 1 started
[2023-07-13T12:34:31.772+0000] {logging_mixin.py:149} INFO - Page 1 done
[2023-07-13T12:34:31.773+0000] {logging_mixin.py:149} INFO - Status_code = 200
[2023-07-13T12:34:31.937+0000] {logging_mixin.py:149} INFO - Page 2 started
[2023-07-13T12:34:31.940+0000] {logging_mixin.py:149} INFO - Page 2 done
[2023-07-13T12:34:31.941+0000] {logging_mixin.py:149} INFO - Status_code = 200
[2023-07-13T12:34:32.102+0000] {logging_mixin.py:149} INFO - Page 3 started
[2023-07-13T12:34:32.104+0000] {logging_mixin.py:149} INFO - Page 3 done
[2023-07-13T12:34:32.104+0000] {logging_mixin.py:149} INFO - Status_code = 200
[2023-07-13T12:34:32.268+0000] {logging_mixin.py:149} INFO - Page 4 started
[2023-07-13T12:34:32.270+0000] {logging_mixin.py:149} INFO - Page 4 done
[2023-07-13T12:34:32.271+0000] {logging_mixin.py:149} INFO - Status_code = 200
[2023-07-13T12:34:32.460+0000] {logging_mixin.py:149} INFO - 	I'm in get_sales(...) function!
[2023-07-13T12:34:32.705+0000] {logging_mixin.py:149} INFO - Page 1 started
[2023-07-13T12:34:32.708+0000] {logging_mixin.py:149} INFO - Page 1 done
[2023-07-13T12:34:32.708+0000] {logging_mixin.py:149} INFO - Status_code = 200
[2023-07-13T12:34:32.869+0000] {logging_mixin.py:149} INFO - Page 2 started
[2023-07-13T12:34:32.873+0000] {logging_mixin.py:149} INFO - Page 2 done
[2023-07-13T12:34:32.874+0000] {logging_mixin.py:149} INFO - Status_code = 200
[2023-07-13T12:34:33.058+0000] {logging_mixin.py:149} INFO - Page 3 started
[2023-07-13T12:34:33.060+0000] {logging_mixin.py:149} INFO - Page 3 done
[2023-07-13T12:34:33.062+0000] {logging_mixin.py:149} INFO - Status_code = 200
[2023-07-13T12:34:33.236+0000] {logging_mixin.py:149} INFO - Page 4 started
[2023-07-13T12:34:33.237+0000] {logging_mixin.py:149} INFO - Page 4 done
[2023-07-13T12:34:33.238+0000] {logging_mixin.py:149} INFO - Status_code = 200
[2023-07-13T12:34:33.408+0000] {logging_mixin.py:149} INFO - 	I'm in get_sales(...) function!
[2023-07-13T12:34:33.649+0000] {logging_mixin.py:149} INFO - Page 1 started
[2023-07-13T12:34:33.650+0000] {logging_mixin.py:149} INFO - Page 1 done
[2023-07-13T12:34:33.650+0000] {logging_mixin.py:149} INFO - Status_code = 200
[2023-07-13T12:34:33.818+0000] {logging_mixin.py:149} INFO - Page 2 started
[2023-07-13T12:34:33.819+0000] {logging_mixin.py:149} INFO - Page 2 done
[2023-07-13T12:34:33.820+0000] {logging_mixin.py:149} INFO - Status_code = 200
[2023-07-13T12:34:33.980+0000] {logging_mixin.py:149} INFO - Page 3 started
[2023-07-13T12:34:33.984+0000] {logging_mixin.py:149} INFO - Page 3 done
[2023-07-13T12:34:33.984+0000] {logging_mixin.py:149} INFO - Status_code = 200
[2023-07-13T12:34:34.151+0000] {logging_mixin.py:149} INFO - Page 4 started
[2023-07-13T12:34:34.151+0000] {logging_mixin.py:149} INFO - Page 4 done
[2023-07-13T12:34:34.152+0000] {logging_mixin.py:149} INFO - Status_code = 200
[2023-07-13T12:34:34.323+0000] {python.py:183} INFO - Done. Returned value was: None
[2023-07-13T12:34:34.331+0000] {taskinstance.py:1350} INFO - Marking task as SUCCESS. dag_id=process_sales_13, task_id=extract_data_from_api, execution_date=20230713T122914, start_date=20230713T123431, end_date=20230713T123434
[2023-07-13T12:34:34.369+0000] {local_task_job_runner.py:225} INFO - Task exited with return code 0
[2023-07-13T12:34:34.393+0000] {taskinstance.py:2653} INFO - 1 downstream tasks scheduled from follow-on schedule check
