[2023-07-14T06:05:07.645+0000] {processor.py:157} INFO - Started process (PID=22412) to work on /opt/airflow/dags/lecture_code.py
[2023-07-14T06:05:07.646+0000] {processor.py:826} INFO - Processing file /opt/airflow/dags/lecture_code.py for tasks to queue
[2023-07-14T06:05:07.647+0000] {logging_mixin.py:149} INFO - [2023-07-14T06:05:07.647+0000] {dagbag.py:541} INFO - Filling up the DagBag from /opt/airflow/dags/lecture_code.py
[2023-07-14T06:05:07.673+0000] {processor.py:836} INFO - DAG(s) dict_keys(['Lecture_DAG']) retrieved from /opt/airflow/dags/lecture_code.py
[2023-07-14T06:05:07.709+0000] {logging_mixin.py:149} INFO - [2023-07-14T06:05:07.709+0000] {dag.py:2726} INFO - Sync 1 DAGs
[2023-07-14T06:05:07.737+0000] {logging_mixin.py:149} INFO - [2023-07-14T06:05:07.737+0000] {dag.py:3490} INFO - Setting next_dagrun for Lecture_DAG to None, run_after=None
[2023-07-14T06:05:07.763+0000] {processor.py:179} INFO - Processing /opt/airflow/dags/lecture_code.py took 0.123 seconds
[2023-07-14T06:05:38.578+0000] {processor.py:157} INFO - Started process (PID=22573) to work on /opt/airflow/dags/lecture_code.py
[2023-07-14T06:05:38.579+0000] {processor.py:826} INFO - Processing file /opt/airflow/dags/lecture_code.py for tasks to queue
[2023-07-14T06:05:38.580+0000] {logging_mixin.py:149} INFO - [2023-07-14T06:05:38.580+0000] {dagbag.py:541} INFO - Filling up the DagBag from /opt/airflow/dags/lecture_code.py
[2023-07-14T06:05:38.600+0000] {processor.py:836} INFO - DAG(s) dict_keys(['Lecture_DAG']) retrieved from /opt/airflow/dags/lecture_code.py
[2023-07-14T06:05:38.625+0000] {logging_mixin.py:149} INFO - [2023-07-14T06:05:38.625+0000] {dag.py:2726} INFO - Sync 1 DAGs
[2023-07-14T06:05:38.651+0000] {logging_mixin.py:149} INFO - [2023-07-14T06:05:38.651+0000] {dag.py:3490} INFO - Setting next_dagrun for Lecture_DAG to None, run_after=None
[2023-07-14T06:05:38.674+0000] {processor.py:179} INFO - Processing /opt/airflow/dags/lecture_code.py took 0.098 seconds
[2023-07-14T06:06:09.437+0000] {processor.py:157} INFO - Started process (PID=22726) to work on /opt/airflow/dags/lecture_code.py
[2023-07-14T06:06:09.439+0000] {processor.py:826} INFO - Processing file /opt/airflow/dags/lecture_code.py for tasks to queue
[2023-07-14T06:06:09.440+0000] {logging_mixin.py:149} INFO - [2023-07-14T06:06:09.439+0000] {dagbag.py:541} INFO - Filling up the DagBag from /opt/airflow/dags/lecture_code.py
[2023-07-14T06:06:09.463+0000] {processor.py:836} INFO - DAG(s) dict_keys(['Lecture_DAG']) retrieved from /opt/airflow/dags/lecture_code.py
[2023-07-14T06:06:09.545+0000] {logging_mixin.py:149} INFO - [2023-07-14T06:06:09.544+0000] {dag.py:2726} INFO - Sync 1 DAGs
[2023-07-14T06:06:09.572+0000] {logging_mixin.py:149} INFO - [2023-07-14T06:06:09.572+0000] {dag.py:3490} INFO - Setting next_dagrun for Lecture_DAG to None, run_after=None
[2023-07-14T06:06:09.594+0000] {processor.py:179} INFO - Processing /opt/airflow/dags/lecture_code.py took 0.160 seconds
[2023-07-14T06:06:40.250+0000] {processor.py:157} INFO - Started process (PID=22880) to work on /opt/airflow/dags/lecture_code.py
[2023-07-14T06:06:40.251+0000] {processor.py:826} INFO - Processing file /opt/airflow/dags/lecture_code.py for tasks to queue
[2023-07-14T06:06:40.252+0000] {logging_mixin.py:149} INFO - [2023-07-14T06:06:40.252+0000] {dagbag.py:541} INFO - Filling up the DagBag from /opt/airflow/dags/lecture_code.py
[2023-07-14T06:06:40.272+0000] {processor.py:836} INFO - DAG(s) dict_keys(['Lecture_DAG']) retrieved from /opt/airflow/dags/lecture_code.py
[2023-07-14T06:06:40.294+0000] {logging_mixin.py:149} INFO - [2023-07-14T06:06:40.294+0000] {dag.py:2726} INFO - Sync 1 DAGs
[2023-07-14T06:06:40.320+0000] {logging_mixin.py:149} INFO - [2023-07-14T06:06:40.320+0000] {dag.py:3490} INFO - Setting next_dagrun for Lecture_DAG to None, run_after=None
[2023-07-14T06:06:40.346+0000] {processor.py:179} INFO - Processing /opt/airflow/dags/lecture_code.py took 0.098 seconds
[2023-07-14T06:07:11.411+0000] {processor.py:157} INFO - Started process (PID=23033) to work on /opt/airflow/dags/lecture_code.py
[2023-07-14T06:07:11.412+0000] {processor.py:826} INFO - Processing file /opt/airflow/dags/lecture_code.py for tasks to queue
[2023-07-14T06:07:11.413+0000] {logging_mixin.py:149} INFO - [2023-07-14T06:07:11.413+0000] {dagbag.py:541} INFO - Filling up the DagBag from /opt/airflow/dags/lecture_code.py
[2023-07-14T06:07:11.438+0000] {processor.py:836} INFO - DAG(s) dict_keys(['Lecture_DAG']) retrieved from /opt/airflow/dags/lecture_code.py
[2023-07-14T06:07:11.469+0000] {logging_mixin.py:149} INFO - [2023-07-14T06:07:11.468+0000] {dag.py:2726} INFO - Sync 1 DAGs
[2023-07-14T06:07:11.493+0000] {logging_mixin.py:149} INFO - [2023-07-14T06:07:11.493+0000] {dag.py:3490} INFO - Setting next_dagrun for Lecture_DAG to None, run_after=None
[2023-07-14T06:07:11.518+0000] {processor.py:179} INFO - Processing /opt/airflow/dags/lecture_code.py took 0.111 seconds
[2023-07-14T06:07:42.400+0000] {processor.py:157} INFO - Started process (PID=23187) to work on /opt/airflow/dags/lecture_code.py
[2023-07-14T06:07:42.401+0000] {processor.py:826} INFO - Processing file /opt/airflow/dags/lecture_code.py for tasks to queue
[2023-07-14T06:07:42.402+0000] {logging_mixin.py:149} INFO - [2023-07-14T06:07:42.402+0000] {dagbag.py:541} INFO - Filling up the DagBag from /opt/airflow/dags/lecture_code.py
[2023-07-14T06:07:42.420+0000] {processor.py:836} INFO - DAG(s) dict_keys(['Lecture_DAG']) retrieved from /opt/airflow/dags/lecture_code.py
[2023-07-14T06:07:42.445+0000] {logging_mixin.py:149} INFO - [2023-07-14T06:07:42.445+0000] {dag.py:2726} INFO - Sync 1 DAGs
[2023-07-14T06:07:42.469+0000] {logging_mixin.py:149} INFO - [2023-07-14T06:07:42.469+0000] {dag.py:3490} INFO - Setting next_dagrun for Lecture_DAG to None, run_after=None
[2023-07-14T06:07:42.493+0000] {processor.py:179} INFO - Processing /opt/airflow/dags/lecture_code.py took 0.096 seconds
[2023-07-14T06:08:14.169+0000] {processor.py:157} INFO - Started process (PID=23340) to work on /opt/airflow/dags/lecture_code.py
[2023-07-14T06:08:14.172+0000] {processor.py:826} INFO - Processing file /opt/airflow/dags/lecture_code.py for tasks to queue
[2023-07-14T06:08:14.174+0000] {logging_mixin.py:149} INFO - [2023-07-14T06:08:14.173+0000] {dagbag.py:541} INFO - Filling up the DagBag from /opt/airflow/dags/lecture_code.py
[2023-07-14T06:08:14.202+0000] {processor.py:836} INFO - DAG(s) dict_keys(['Lecture_DAG']) retrieved from /opt/airflow/dags/lecture_code.py
[2023-07-14T06:08:14.238+0000] {logging_mixin.py:149} INFO - [2023-07-14T06:08:14.238+0000] {dag.py:2726} INFO - Sync 1 DAGs
[2023-07-14T06:08:14.280+0000] {logging_mixin.py:149} INFO - [2023-07-14T06:08:14.279+0000] {dag.py:3490} INFO - Setting next_dagrun for Lecture_DAG to None, run_after=None
[2023-07-14T06:08:14.308+0000] {processor.py:179} INFO - Processing /opt/airflow/dags/lecture_code.py took 0.144 seconds
[2023-07-14T06:08:44.724+0000] {processor.py:157} INFO - Started process (PID=23485) to work on /opt/airflow/dags/lecture_code.py
[2023-07-14T06:08:44.725+0000] {processor.py:826} INFO - Processing file /opt/airflow/dags/lecture_code.py for tasks to queue
[2023-07-14T06:08:44.726+0000] {logging_mixin.py:149} INFO - [2023-07-14T06:08:44.726+0000] {dagbag.py:541} INFO - Filling up the DagBag from /opt/airflow/dags/lecture_code.py
[2023-07-14T06:08:44.754+0000] {processor.py:836} INFO - DAG(s) dict_keys(['Lecture_DAG']) retrieved from /opt/airflow/dags/lecture_code.py
[2023-07-14T06:08:44.790+0000] {logging_mixin.py:149} INFO - [2023-07-14T06:08:44.790+0000] {dag.py:2726} INFO - Sync 1 DAGs
[2023-07-14T06:08:44.818+0000] {logging_mixin.py:149} INFO - [2023-07-14T06:08:44.818+0000] {dag.py:3490} INFO - Setting next_dagrun for Lecture_DAG to None, run_after=None
[2023-07-14T06:08:44.846+0000] {processor.py:179} INFO - Processing /opt/airflow/dags/lecture_code.py took 0.125 seconds
[2023-07-14T06:09:16.461+0000] {processor.py:157} INFO - Started process (PID=23647) to work on /opt/airflow/dags/lecture_code.py
[2023-07-14T06:09:16.463+0000] {processor.py:826} INFO - Processing file /opt/airflow/dags/lecture_code.py for tasks to queue
[2023-07-14T06:09:16.464+0000] {logging_mixin.py:149} INFO - [2023-07-14T06:09:16.464+0000] {dagbag.py:541} INFO - Filling up the DagBag from /opt/airflow/dags/lecture_code.py
[2023-07-14T06:09:16.495+0000] {processor.py:836} INFO - DAG(s) dict_keys(['Lecture_DAG']) retrieved from /opt/airflow/dags/lecture_code.py
[2023-07-14T06:09:16.529+0000] {logging_mixin.py:149} INFO - [2023-07-14T06:09:16.529+0000] {dag.py:2726} INFO - Sync 1 DAGs
[2023-07-14T06:09:16.561+0000] {logging_mixin.py:149} INFO - [2023-07-14T06:09:16.560+0000] {dag.py:3490} INFO - Setting next_dagrun for Lecture_DAG to None, run_after=None
[2023-07-14T06:09:16.586+0000] {processor.py:179} INFO - Processing /opt/airflow/dags/lecture_code.py took 0.129 seconds
[2023-07-14T06:09:46.971+0000] {processor.py:157} INFO - Started process (PID=23801) to work on /opt/airflow/dags/lecture_code.py
[2023-07-14T06:09:46.972+0000] {processor.py:826} INFO - Processing file /opt/airflow/dags/lecture_code.py for tasks to queue
[2023-07-14T06:09:46.973+0000] {logging_mixin.py:149} INFO - [2023-07-14T06:09:46.973+0000] {dagbag.py:541} INFO - Filling up the DagBag from /opt/airflow/dags/lecture_code.py
[2023-07-14T06:09:46.994+0000] {processor.py:836} INFO - DAG(s) dict_keys(['Lecture_DAG']) retrieved from /opt/airflow/dags/lecture_code.py
[2023-07-14T06:09:47.030+0000] {logging_mixin.py:149} INFO - [2023-07-14T06:09:47.030+0000] {dag.py:2726} INFO - Sync 1 DAGs
[2023-07-14T06:09:47.062+0000] {logging_mixin.py:149} INFO - [2023-07-14T06:09:47.062+0000] {dag.py:3490} INFO - Setting next_dagrun for Lecture_DAG to None, run_after=None
[2023-07-14T06:09:47.082+0000] {processor.py:179} INFO - Processing /opt/airflow/dags/lecture_code.py took 0.113 seconds
[2023-07-14T06:10:18.030+0000] {processor.py:157} INFO - Started process (PID=23954) to work on /opt/airflow/dags/lecture_code.py
[2023-07-14T06:10:18.031+0000] {processor.py:826} INFO - Processing file /opt/airflow/dags/lecture_code.py for tasks to queue
[2023-07-14T06:10:18.032+0000] {logging_mixin.py:149} INFO - [2023-07-14T06:10:18.032+0000] {dagbag.py:541} INFO - Filling up the DagBag from /opt/airflow/dags/lecture_code.py
[2023-07-14T06:10:18.052+0000] {processor.py:836} INFO - DAG(s) dict_keys(['Lecture_DAG']) retrieved from /opt/airflow/dags/lecture_code.py
[2023-07-14T06:10:18.077+0000] {logging_mixin.py:149} INFO - [2023-07-14T06:10:18.077+0000] {dag.py:2726} INFO - Sync 1 DAGs
[2023-07-14T06:10:18.101+0000] {logging_mixin.py:149} INFO - [2023-07-14T06:10:18.101+0000] {dag.py:3490} INFO - Setting next_dagrun for Lecture_DAG to None, run_after=None
[2023-07-14T06:10:18.127+0000] {processor.py:179} INFO - Processing /opt/airflow/dags/lecture_code.py took 0.100 seconds
[2023-07-14T06:10:48.723+0000] {processor.py:157} INFO - Started process (PID=24107) to work on /opt/airflow/dags/lecture_code.py
[2023-07-14T06:10:48.724+0000] {processor.py:826} INFO - Processing file /opt/airflow/dags/lecture_code.py for tasks to queue
[2023-07-14T06:10:48.725+0000] {logging_mixin.py:149} INFO - [2023-07-14T06:10:48.725+0000] {dagbag.py:541} INFO - Filling up the DagBag from /opt/airflow/dags/lecture_code.py
[2023-07-14T06:10:48.749+0000] {processor.py:836} INFO - DAG(s) dict_keys(['Lecture_DAG']) retrieved from /opt/airflow/dags/lecture_code.py
[2023-07-14T06:10:48.777+0000] {logging_mixin.py:149} INFO - [2023-07-14T06:10:48.777+0000] {dag.py:2726} INFO - Sync 1 DAGs
[2023-07-14T06:10:48.801+0000] {logging_mixin.py:149} INFO - [2023-07-14T06:10:48.801+0000] {dag.py:3490} INFO - Setting next_dagrun for Lecture_DAG to None, run_after=None
[2023-07-14T06:10:48.825+0000] {processor.py:179} INFO - Processing /opt/airflow/dags/lecture_code.py took 0.106 seconds
[2023-07-14T06:11:19.550+0000] {processor.py:157} INFO - Started process (PID=24252) to work on /opt/airflow/dags/lecture_code.py
[2023-07-14T06:11:19.550+0000] {processor.py:826} INFO - Processing file /opt/airflow/dags/lecture_code.py for tasks to queue
[2023-07-14T06:11:19.551+0000] {logging_mixin.py:149} INFO - [2023-07-14T06:11:19.551+0000] {dagbag.py:541} INFO - Filling up the DagBag from /opt/airflow/dags/lecture_code.py
[2023-07-14T06:11:19.573+0000] {processor.py:836} INFO - DAG(s) dict_keys(['Lecture_DAG']) retrieved from /opt/airflow/dags/lecture_code.py
[2023-07-14T06:11:19.596+0000] {logging_mixin.py:149} INFO - [2023-07-14T06:11:19.596+0000] {dag.py:2726} INFO - Sync 1 DAGs
[2023-07-14T06:11:19.620+0000] {logging_mixin.py:149} INFO - [2023-07-14T06:11:19.620+0000] {dag.py:3490} INFO - Setting next_dagrun for Lecture_DAG to None, run_after=None
[2023-07-14T06:11:19.641+0000] {processor.py:179} INFO - Processing /opt/airflow/dags/lecture_code.py took 0.094 seconds
[2023-07-14T06:11:50.135+0000] {processor.py:157} INFO - Started process (PID=24404) to work on /opt/airflow/dags/lecture_code.py
[2023-07-14T06:11:50.136+0000] {processor.py:826} INFO - Processing file /opt/airflow/dags/lecture_code.py for tasks to queue
[2023-07-14T06:11:50.137+0000] {logging_mixin.py:149} INFO - [2023-07-14T06:11:50.137+0000] {dagbag.py:541} INFO - Filling up the DagBag from /opt/airflow/dags/lecture_code.py
[2023-07-14T06:11:50.154+0000] {processor.py:836} INFO - DAG(s) dict_keys(['Lecture_DAG']) retrieved from /opt/airflow/dags/lecture_code.py
[2023-07-14T06:11:50.183+0000] {logging_mixin.py:149} INFO - [2023-07-14T06:11:50.183+0000] {dag.py:2726} INFO - Sync 1 DAGs
[2023-07-14T06:11:50.213+0000] {logging_mixin.py:149} INFO - [2023-07-14T06:11:50.212+0000] {dag.py:3490} INFO - Setting next_dagrun for Lecture_DAG to None, run_after=None
[2023-07-14T06:11:50.240+0000] {processor.py:179} INFO - Processing /opt/airflow/dags/lecture_code.py took 0.108 seconds
[2023-07-14T06:12:21.083+0000] {processor.py:157} INFO - Started process (PID=24558) to work on /opt/airflow/dags/lecture_code.py
[2023-07-14T06:12:21.084+0000] {processor.py:826} INFO - Processing file /opt/airflow/dags/lecture_code.py for tasks to queue
[2023-07-14T06:12:21.085+0000] {logging_mixin.py:149} INFO - [2023-07-14T06:12:21.084+0000] {dagbag.py:541} INFO - Filling up the DagBag from /opt/airflow/dags/lecture_code.py
[2023-07-14T06:12:21.103+0000] {processor.py:836} INFO - DAG(s) dict_keys(['Lecture_DAG']) retrieved from /opt/airflow/dags/lecture_code.py
[2023-07-14T06:12:21.126+0000] {logging_mixin.py:149} INFO - [2023-07-14T06:12:21.125+0000] {dag.py:2726} INFO - Sync 1 DAGs
[2023-07-14T06:12:21.154+0000] {logging_mixin.py:149} INFO - [2023-07-14T06:12:21.154+0000] {dag.py:3490} INFO - Setting next_dagrun for Lecture_DAG to None, run_after=None
[2023-07-14T06:12:21.179+0000] {processor.py:179} INFO - Processing /opt/airflow/dags/lecture_code.py took 0.099 seconds
[2023-07-14T06:12:51.704+0000] {processor.py:157} INFO - Started process (PID=24702) to work on /opt/airflow/dags/lecture_code.py
[2023-07-14T06:12:51.705+0000] {processor.py:826} INFO - Processing file /opt/airflow/dags/lecture_code.py for tasks to queue
[2023-07-14T06:12:51.706+0000] {logging_mixin.py:149} INFO - [2023-07-14T06:12:51.705+0000] {dagbag.py:541} INFO - Filling up the DagBag from /opt/airflow/dags/lecture_code.py
[2023-07-14T06:12:51.727+0000] {processor.py:836} INFO - DAG(s) dict_keys(['Lecture_DAG']) retrieved from /opt/airflow/dags/lecture_code.py
[2023-07-14T06:12:51.756+0000] {logging_mixin.py:149} INFO - [2023-07-14T06:12:51.755+0000] {dag.py:2726} INFO - Sync 1 DAGs
[2023-07-14T06:12:51.787+0000] {logging_mixin.py:149} INFO - [2023-07-14T06:12:51.786+0000] {dag.py:3490} INFO - Setting next_dagrun for Lecture_DAG to None, run_after=None
[2023-07-14T06:12:51.816+0000] {processor.py:179} INFO - Processing /opt/airflow/dags/lecture_code.py took 0.116 seconds
[2023-07-14T06:13:22.274+0000] {processor.py:157} INFO - Started process (PID=24846) to work on /opt/airflow/dags/lecture_code.py
[2023-07-14T06:13:22.275+0000] {processor.py:826} INFO - Processing file /opt/airflow/dags/lecture_code.py for tasks to queue
[2023-07-14T06:13:22.276+0000] {logging_mixin.py:149} INFO - [2023-07-14T06:13:22.276+0000] {dagbag.py:541} INFO - Filling up the DagBag from /opt/airflow/dags/lecture_code.py
[2023-07-14T06:13:22.304+0000] {processor.py:836} INFO - DAG(s) dict_keys(['Lecture_DAG']) retrieved from /opt/airflow/dags/lecture_code.py
[2023-07-14T06:13:22.331+0000] {logging_mixin.py:149} INFO - [2023-07-14T06:13:22.330+0000] {dag.py:2726} INFO - Sync 1 DAGs
[2023-07-14T06:13:22.356+0000] {logging_mixin.py:149} INFO - [2023-07-14T06:13:22.356+0000] {dag.py:3490} INFO - Setting next_dagrun for Lecture_DAG to None, run_after=None
[2023-07-14T06:13:22.380+0000] {processor.py:179} INFO - Processing /opt/airflow/dags/lecture_code.py took 0.109 seconds
[2023-07-14T06:13:53.147+0000] {processor.py:157} INFO - Started process (PID=24999) to work on /opt/airflow/dags/lecture_code.py
[2023-07-14T06:13:53.148+0000] {processor.py:826} INFO - Processing file /opt/airflow/dags/lecture_code.py for tasks to queue
[2023-07-14T06:13:53.149+0000] {logging_mixin.py:149} INFO - [2023-07-14T06:13:53.149+0000] {dagbag.py:541} INFO - Filling up the DagBag from /opt/airflow/dags/lecture_code.py
[2023-07-14T06:13:53.171+0000] {processor.py:836} INFO - DAG(s) dict_keys(['Lecture_DAG']) retrieved from /opt/airflow/dags/lecture_code.py
[2023-07-14T06:13:53.202+0000] {logging_mixin.py:149} INFO - [2023-07-14T06:13:53.202+0000] {dag.py:2726} INFO - Sync 1 DAGs
[2023-07-14T06:13:53.226+0000] {logging_mixin.py:149} INFO - [2023-07-14T06:13:53.226+0000] {dag.py:3490} INFO - Setting next_dagrun for Lecture_DAG to None, run_after=None
[2023-07-14T06:13:53.245+0000] {processor.py:179} INFO - Processing /opt/airflow/dags/lecture_code.py took 0.101 seconds
[2023-07-14T06:14:24.247+0000] {processor.py:157} INFO - Started process (PID=25152) to work on /opt/airflow/dags/lecture_code.py
[2023-07-14T06:14:24.248+0000] {processor.py:826} INFO - Processing file /opt/airflow/dags/lecture_code.py for tasks to queue
[2023-07-14T06:14:24.249+0000] {logging_mixin.py:149} INFO - [2023-07-14T06:14:24.249+0000] {dagbag.py:541} INFO - Filling up the DagBag from /opt/airflow/dags/lecture_code.py
[2023-07-14T06:14:24.270+0000] {processor.py:836} INFO - DAG(s) dict_keys(['Lecture_DAG']) retrieved from /opt/airflow/dags/lecture_code.py
[2023-07-14T06:14:24.294+0000] {logging_mixin.py:149} INFO - [2023-07-14T06:14:24.294+0000] {dag.py:2726} INFO - Sync 1 DAGs
[2023-07-14T06:14:24.320+0000] {logging_mixin.py:149} INFO - [2023-07-14T06:14:24.320+0000] {dag.py:3490} INFO - Setting next_dagrun for Lecture_DAG to None, run_after=None
[2023-07-14T06:14:24.343+0000] {processor.py:179} INFO - Processing /opt/airflow/dags/lecture_code.py took 0.099 seconds
[2023-07-14T06:14:55.113+0000] {processor.py:157} INFO - Started process (PID=25305) to work on /opt/airflow/dags/lecture_code.py
[2023-07-14T06:14:55.114+0000] {processor.py:826} INFO - Processing file /opt/airflow/dags/lecture_code.py for tasks to queue
[2023-07-14T06:14:55.115+0000] {logging_mixin.py:149} INFO - [2023-07-14T06:14:55.115+0000] {dagbag.py:541} INFO - Filling up the DagBag from /opt/airflow/dags/lecture_code.py
[2023-07-14T06:14:55.134+0000] {processor.py:836} INFO - DAG(s) dict_keys(['Lecture_DAG']) retrieved from /opt/airflow/dags/lecture_code.py
[2023-07-14T06:14:55.159+0000] {logging_mixin.py:149} INFO - [2023-07-14T06:14:55.158+0000] {dag.py:2726} INFO - Sync 1 DAGs
[2023-07-14T06:14:55.184+0000] {logging_mixin.py:149} INFO - [2023-07-14T06:14:55.184+0000] {dag.py:3490} INFO - Setting next_dagrun for Lecture_DAG to None, run_after=None
[2023-07-14T06:14:55.210+0000] {processor.py:179} INFO - Processing /opt/airflow/dags/lecture_code.py took 0.099 seconds
[2023-07-14T06:15:25.790+0000] {processor.py:157} INFO - Started process (PID=25458) to work on /opt/airflow/dags/lecture_code.py
[2023-07-14T06:15:25.791+0000] {processor.py:826} INFO - Processing file /opt/airflow/dags/lecture_code.py for tasks to queue
[2023-07-14T06:15:25.792+0000] {logging_mixin.py:149} INFO - [2023-07-14T06:15:25.792+0000] {dagbag.py:541} INFO - Filling up the DagBag from /opt/airflow/dags/lecture_code.py
[2023-07-14T06:15:25.810+0000] {processor.py:836} INFO - DAG(s) dict_keys(['Lecture_DAG']) retrieved from /opt/airflow/dags/lecture_code.py
[2023-07-14T06:15:25.832+0000] {logging_mixin.py:149} INFO - [2023-07-14T06:15:25.832+0000] {dag.py:2726} INFO - Sync 1 DAGs
[2023-07-14T06:15:25.856+0000] {logging_mixin.py:149} INFO - [2023-07-14T06:15:25.856+0000] {dag.py:3490} INFO - Setting next_dagrun for Lecture_DAG to None, run_after=None
[2023-07-14T06:15:25.881+0000] {processor.py:179} INFO - Processing /opt/airflow/dags/lecture_code.py took 0.094 seconds
[2023-07-14T06:15:56.584+0000] {processor.py:157} INFO - Started process (PID=25610) to work on /opt/airflow/dags/lecture_code.py
[2023-07-14T06:15:56.585+0000] {processor.py:826} INFO - Processing file /opt/airflow/dags/lecture_code.py for tasks to queue
[2023-07-14T06:15:56.585+0000] {logging_mixin.py:149} INFO - [2023-07-14T06:15:56.585+0000] {dagbag.py:541} INFO - Filling up the DagBag from /opt/airflow/dags/lecture_code.py
[2023-07-14T06:15:56.606+0000] {processor.py:836} INFO - DAG(s) dict_keys(['Lecture_DAG']) retrieved from /opt/airflow/dags/lecture_code.py
[2023-07-14T06:15:56.632+0000] {logging_mixin.py:149} INFO - [2023-07-14T06:15:56.632+0000] {dag.py:2726} INFO - Sync 1 DAGs
[2023-07-14T06:15:56.655+0000] {logging_mixin.py:149} INFO - [2023-07-14T06:15:56.655+0000] {dag.py:3490} INFO - Setting next_dagrun for Lecture_DAG to None, run_after=None
[2023-07-14T06:15:56.679+0000] {processor.py:179} INFO - Processing /opt/airflow/dags/lecture_code.py took 0.098 seconds
[2023-07-14T06:16:27.332+0000] {processor.py:157} INFO - Started process (PID=25755) to work on /opt/airflow/dags/lecture_code.py
[2023-07-14T06:16:27.333+0000] {processor.py:826} INFO - Processing file /opt/airflow/dags/lecture_code.py for tasks to queue
[2023-07-14T06:16:27.334+0000] {logging_mixin.py:149} INFO - [2023-07-14T06:16:27.334+0000] {dagbag.py:541} INFO - Filling up the DagBag from /opt/airflow/dags/lecture_code.py
[2023-07-14T06:16:27.355+0000] {processor.py:836} INFO - DAG(s) dict_keys(['Lecture_DAG']) retrieved from /opt/airflow/dags/lecture_code.py
[2023-07-14T06:16:27.377+0000] {logging_mixin.py:149} INFO - [2023-07-14T06:16:27.377+0000] {dag.py:2726} INFO - Sync 1 DAGs
[2023-07-14T06:16:27.400+0000] {logging_mixin.py:149} INFO - [2023-07-14T06:16:27.400+0000] {dag.py:3490} INFO - Setting next_dagrun for Lecture_DAG to None, run_after=None
[2023-07-14T06:16:27.432+0000] {processor.py:179} INFO - Processing /opt/airflow/dags/lecture_code.py took 0.102 seconds
[2023-07-14T06:16:58.246+0000] {processor.py:157} INFO - Started process (PID=25908) to work on /opt/airflow/dags/lecture_code.py
[2023-07-14T06:16:58.247+0000] {processor.py:826} INFO - Processing file /opt/airflow/dags/lecture_code.py for tasks to queue
[2023-07-14T06:16:58.248+0000] {logging_mixin.py:149} INFO - [2023-07-14T06:16:58.248+0000] {dagbag.py:541} INFO - Filling up the DagBag from /opt/airflow/dags/lecture_code.py
[2023-07-14T06:16:58.270+0000] {processor.py:836} INFO - DAG(s) dict_keys(['Lecture_DAG']) retrieved from /opt/airflow/dags/lecture_code.py
[2023-07-14T06:16:58.302+0000] {logging_mixin.py:149} INFO - [2023-07-14T06:16:58.302+0000] {dag.py:2726} INFO - Sync 1 DAGs
[2023-07-14T06:16:58.338+0000] {logging_mixin.py:149} INFO - [2023-07-14T06:16:58.338+0000] {dag.py:3490} INFO - Setting next_dagrun for Lecture_DAG to None, run_after=None
[2023-07-14T06:16:58.378+0000] {processor.py:179} INFO - Processing /opt/airflow/dags/lecture_code.py took 0.136 seconds
[2023-07-14T06:17:29.342+0000] {processor.py:157} INFO - Started process (PID=26061) to work on /opt/airflow/dags/lecture_code.py
[2023-07-14T06:17:29.343+0000] {processor.py:826} INFO - Processing file /opt/airflow/dags/lecture_code.py for tasks to queue
[2023-07-14T06:17:29.344+0000] {logging_mixin.py:149} INFO - [2023-07-14T06:17:29.344+0000] {dagbag.py:541} INFO - Filling up the DagBag from /opt/airflow/dags/lecture_code.py
[2023-07-14T06:17:29.363+0000] {processor.py:836} INFO - DAG(s) dict_keys(['Lecture_DAG']) retrieved from /opt/airflow/dags/lecture_code.py
[2023-07-14T06:17:29.388+0000] {logging_mixin.py:149} INFO - [2023-07-14T06:17:29.388+0000] {dag.py:2726} INFO - Sync 1 DAGs
[2023-07-14T06:17:29.413+0000] {logging_mixin.py:149} INFO - [2023-07-14T06:17:29.413+0000] {dag.py:3490} INFO - Setting next_dagrun for Lecture_DAG to None, run_after=None
[2023-07-14T06:17:29.435+0000] {processor.py:179} INFO - Processing /opt/airflow/dags/lecture_code.py took 0.096 seconds
