[2023-07-13T13:10:37.582+0000] {taskinstance.py:1103} INFO - Dependencies all met for dep_context=non-requeueable deps ti=<TaskInstance: process_sales_13.extract_data_from_api manual__2023-07-13T13:09:31.629015+00:00 [queued]>
[2023-07-13T13:10:37.592+0000] {taskinstance.py:1103} INFO - Dependencies all met for dep_context=requeueable deps ti=<TaskInstance: process_sales_13.extract_data_from_api manual__2023-07-13T13:09:31.629015+00:00 [queued]>
[2023-07-13T13:10:37.593+0000] {taskinstance.py:1308} INFO - Starting attempt 2 of 2
[2023-07-13T13:10:37.609+0000] {taskinstance.py:1327} INFO - Executing <Task(PythonOperator): extract_data_from_api> on 2023-07-13 13:09:31.629015+00:00
[2023-07-13T13:10:37.613+0000] {standard_task_runner.py:57} INFO - Started process 4376 to run task
[2023-07-13T13:10:37.617+0000] {standard_task_runner.py:84} INFO - Running: ['***', 'tasks', 'run', 'process_sales_13', 'extract_data_from_api', 'manual__2023-07-13T13:09:31.629015+00:00', '--job-id', '195', '--raw', '--subdir', 'DAGS_FOLDER/process_sales_13.py', '--cfg-path', '/tmp/tmpic551xax']
[2023-07-13T13:10:37.618+0000] {standard_task_runner.py:85} INFO - Job 195: Subtask extract_data_from_api
[2023-07-13T13:10:37.669+0000] {task_command.py:410} INFO - Running <TaskInstance: process_sales_13.extract_data_from_api manual__2023-07-13T13:09:31.629015+00:00 [running]> on host b58a2d5f4d18
[2023-07-13T13:10:37.779+0000] {taskinstance.py:1547} INFO - Exporting env vars: AIRFLOW_CTX_DAG_OWNER='***' AIRFLOW_CTX_DAG_ID='process_sales_13' AIRFLOW_CTX_TASK_ID='extract_data_from_api' AIRFLOW_CTX_EXECUTION_DATE='2023-07-13T13:09:31.629015+00:00' AIRFLOW_CTX_TRY_NUMBER='2' AIRFLOW_CTX_DAG_RUN_ID='manual__2023-07-13T13:09:31.629015+00:00'
[2023-07-13T13:10:37.782+0000] {logging_mixin.py:149} INFO - 	I'm in get_sales(...) function!
[2023-07-13T13:10:38.027+0000] {logging_mixin.py:149} INFO - Page 1 started
[2023-07-13T13:10:38.028+0000] {logging_mixin.py:149} INFO - Page 1 done
[2023-07-13T13:10:38.029+0000] {logging_mixin.py:149} INFO - Status_code = 200
[2023-07-13T13:10:38.195+0000] {logging_mixin.py:149} INFO - Page 2 started
[2023-07-13T13:10:38.196+0000] {logging_mixin.py:149} INFO - Page 2 done
[2023-07-13T13:10:38.197+0000] {logging_mixin.py:149} INFO - Status_code = 200
[2023-07-13T13:10:38.357+0000] {logging_mixin.py:149} INFO - Page 3 started
[2023-07-13T13:10:38.362+0000] {logging_mixin.py:149} INFO - Page 3 done
[2023-07-13T13:10:38.363+0000] {logging_mixin.py:149} INFO - Status_code = 200
[2023-07-13T13:10:38.527+0000] {logging_mixin.py:149} INFO - Page 4 started
[2023-07-13T13:10:38.528+0000] {logging_mixin.py:149} INFO - Page 4 done
[2023-07-13T13:10:38.529+0000] {logging_mixin.py:149} INFO - Status_code = 200
[2023-07-13T13:10:38.714+0000] {python.py:183} INFO - Done. Returned value was: None
[2023-07-13T13:10:38.729+0000] {taskinstance.py:1350} INFO - Marking task as SUCCESS. dag_id=process_sales_13, task_id=extract_data_from_api, execution_date=20230713T130931, start_date=20230713T131037, end_date=20230713T131038
[2023-07-13T13:10:38.792+0000] {local_task_job_runner.py:225} INFO - Task exited with return code 0
[2023-07-13T13:10:38.818+0000] {taskinstance.py:2653} INFO - 1 downstream tasks scheduled from follow-on schedule check
