[2023-07-14T06:19:22.713+0000] {taskinstance.py:1103} INFO - Dependencies all met for dep_context=non-requeueable deps ti=<TaskInstance: process_sales.convert_to_avro scheduled__2023-07-13T01:00:00+00:00 [queued]>
[2023-07-14T06:19:22.722+0000] {taskinstance.py:1103} INFO - Dependencies all met for dep_context=requeueable deps ti=<TaskInstance: process_sales.convert_to_avro scheduled__2023-07-13T01:00:00+00:00 [queued]>
[2023-07-14T06:19:22.723+0000] {taskinstance.py:1308} INFO - Starting attempt 1 of 1
[2023-07-14T06:19:22.737+0000] {taskinstance.py:1327} INFO - Executing <Task(PythonOperator): convert_to_avro> on 2023-07-13 01:00:00+00:00
[2023-07-14T06:19:22.742+0000] {standard_task_runner.py:57} INFO - Started process 5986 to run task
[2023-07-14T06:19:22.745+0000] {standard_task_runner.py:84} INFO - Running: ['***', 'tasks', 'run', 'process_sales', 'convert_to_avro', 'scheduled__2023-07-13T01:00:00+00:00', '--job-id', '225', '--raw', '--subdir', 'DAGS_FOLDER/process_sales.py', '--cfg-path', '/tmp/tmplvx6ggxa']
[2023-07-14T06:19:22.746+0000] {standard_task_runner.py:85} INFO - Job 225: Subtask convert_to_avro
[2023-07-14T06:19:22.794+0000] {task_command.py:410} INFO - Running <TaskInstance: process_sales.convert_to_avro scheduled__2023-07-13T01:00:00+00:00 [running]> on host b58a2d5f4d18
[2023-07-14T06:19:22.876+0000] {taskinstance.py:1547} INFO - Exporting env vars: AIRFLOW_CTX_DAG_OWNER='***' AIRFLOW_CTX_DAG_ID='process_sales' AIRFLOW_CTX_TASK_ID='convert_to_avro' AIRFLOW_CTX_EXECUTION_DATE='2023-07-13T01:00:00+00:00' AIRFLOW_CTX_TRY_NUMBER='1' AIRFLOW_CTX_DAG_RUN_ID='scheduled__2023-07-13T01:00:00+00:00'
[2023-07-14T06:19:22.886+0000] {logging_mixin.py:149} INFO - File sales_2022-08-09.json read from /opt/***/processed_data/raw/sales
[2023-07-14T06:19:22.889+0000] {logging_mixin.py:149} INFO - File sales_2022-08-10.json read from /opt/***/processed_data/raw/sales
[2023-07-14T06:19:22.891+0000] {logging_mixin.py:149} INFO - File sales_2022-08-11.json read from /opt/***/processed_data/raw/sales
[2023-07-14T06:19:22.897+0000] {logging_mixin.py:149} INFO - Deleted file: /opt/***/processed_data/stg/sales
[2023-07-14T06:19:22.900+0000] {logging_mixin.py:149} INFO - Deleted file: /opt/***/processed_data/stg/sales
[2023-07-14T06:19:22.902+0000] {logging_mixin.py:149} INFO - Deleted file: /opt/***/processed_data/stg/sales
[2023-07-14T06:19:22.902+0000] {logging_mixin.py:149} INFO - Cleanup complete for folder: /opt/***/processed_data/stg/sales
[2023-07-14T06:19:22.906+0000] {logging_mixin.py:149} INFO - File sales_2022-08-09.avro writen to /opt/***/processed_data/stg/sales
[2023-07-14T06:19:22.910+0000] {logging_mixin.py:149} INFO - File sales_2022-08-10.avro writen to /opt/***/processed_data/stg/sales
[2023-07-14T06:19:22.914+0000] {logging_mixin.py:149} INFO - File sales_2022-08-11.avro writen to /opt/***/processed_data/stg/sales
[2023-07-14T06:19:22.915+0000] {python.py:183} INFO - Done. Returned value was: None
[2023-07-14T06:19:22.923+0000] {taskinstance.py:1350} INFO - Marking task as SUCCESS. dag_id=process_sales, task_id=convert_to_avro, execution_date=20230713T010000, start_date=20230714T061922, end_date=20230714T061922
[2023-07-14T06:19:22.957+0000] {local_task_job_runner.py:225} INFO - Task exited with return code 0
[2023-07-14T06:19:22.976+0000] {taskinstance.py:2653} INFO - 0 downstream tasks scheduled from follow-on schedule check
