[2023-07-12T11:34:54.921+0000] {taskinstance.py:1103} INFO - Dependencies all met for dep_context=non-requeueable deps ti=<TaskInstance: process_sales_7.extract_data_from_api manual__2023-07-12T11:34:52.317595+00:00 [queued]>
[2023-07-12T11:34:54.937+0000] {taskinstance.py:1103} INFO - Dependencies all met for dep_context=requeueable deps ti=<TaskInstance: process_sales_7.extract_data_from_api manual__2023-07-12T11:34:52.317595+00:00 [queued]>
[2023-07-12T11:34:54.938+0000] {taskinstance.py:1308} INFO - Starting attempt 1 of 1
[2023-07-12T11:34:54.959+0000] {taskinstance.py:1327} INFO - Executing <Task(PythonOperator): extract_data_from_api> on 2023-07-12 11:34:52.317595+00:00
[2023-07-12T11:34:54.968+0000] {standard_task_runner.py:57} INFO - Started process 1621 to run task
[2023-07-12T11:34:54.972+0000] {standard_task_runner.py:84} INFO - Running: ['***', 'tasks', 'run', 'process_sales_7', 'extract_data_from_api', 'manual__2023-07-12T11:34:52.317595+00:00', '--job-id', '81', '--raw', '--subdir', 'DAGS_FOLDER/process_sales_7.py', '--cfg-path', '/tmp/tmpgow7ao0y']
[2023-07-12T11:34:54.973+0000] {standard_task_runner.py:85} INFO - Job 81: Subtask extract_data_from_api
[2023-07-12T11:34:55.049+0000] {task_command.py:410} INFO - Running <TaskInstance: process_sales_7.extract_data_from_api manual__2023-07-12T11:34:52.317595+00:00 [running]> on host b58a2d5f4d18
[2023-07-12T11:34:55.179+0000] {taskinstance.py:1547} INFO - Exporting env vars: AIRFLOW_CTX_DAG_OWNER='***' AIRFLOW_CTX_DAG_ID='process_sales_7' AIRFLOW_CTX_TASK_ID='extract_data_from_api' AIRFLOW_CTX_EXECUTION_DATE='2023-07-12T11:34:52.317595+00:00' AIRFLOW_CTX_TRY_NUMBER='1' AIRFLOW_CTX_DAG_RUN_ID='manual__2023-07-12T11:34:52.317595+00:00'
[2023-07-12T11:34:55.187+0000] {logging_mixin.py:149} INFO - 	I'm in get_sales(...) function!
[2023-07-12T11:34:55.540+0000] {logging_mixin.py:149} INFO - Page 1 started
[2023-07-12T11:34:55.543+0000] {logging_mixin.py:149} INFO - Page 1 done
[2023-07-12T11:34:55.544+0000] {logging_mixin.py:149} INFO - Status_code = 200
[2023-07-12T11:34:55.705+0000] {logging_mixin.py:149} INFO - Page 2 started
[2023-07-12T11:34:55.709+0000] {logging_mixin.py:149} INFO - Page 2 done
[2023-07-12T11:34:55.710+0000] {logging_mixin.py:149} INFO - Status_code = 200
[2023-07-12T11:34:55.875+0000] {logging_mixin.py:149} INFO - Page 3 started
[2023-07-12T11:34:55.886+0000] {logging_mixin.py:149} INFO - Page 3 done
[2023-07-12T11:34:55.888+0000] {logging_mixin.py:149} INFO - Status_code = 200
[2023-07-12T11:34:56.051+0000] {logging_mixin.py:149} INFO - Page 4 started
[2023-07-12T11:34:56.052+0000] {logging_mixin.py:149} INFO - Page 4 done
[2023-07-12T11:34:56.052+0000] {logging_mixin.py:149} INFO - Status_code = 200
[2023-07-12T11:34:56.230+0000] {logging_mixin.py:149} INFO - Deleted directory: /opt/***/processed_data
[2023-07-12T11:34:56.245+0000] {logging_mixin.py:149} INFO - Deleted directory: /opt/***/processed_data
[2023-07-12T11:34:56.261+0000] {logging_mixin.py:149} INFO - Deleted directory: /opt/***/processed_data
[2023-07-12T11:34:56.261+0000] {logging_mixin.py:149} INFO - Cleanup complete for folder: /opt/***/processed_data
[2023-07-12T11:34:56.268+0000] {python.py:183} INFO - Done. Returned value was: None
[2023-07-12T11:34:56.283+0000] {taskinstance.py:1350} INFO - Marking task as SUCCESS. dag_id=process_sales_7, task_id=extract_data_from_api, execution_date=20230712T113452, start_date=20230712T113454, end_date=20230712T113456
[2023-07-12T11:34:56.349+0000] {local_task_job_runner.py:225} INFO - Task exited with return code 0
[2023-07-12T11:34:56.378+0000] {taskinstance.py:2653} INFO - 0 downstream tasks scheduled from follow-on schedule check
