[2023-07-13T12:46:31.502+0000] {taskinstance.py:1103} INFO - Dependencies all met for dep_context=non-requeueable deps ti=<TaskInstance: process_sales_13.extract_data_from_api manual__2023-07-13T12:38:23.893914+00:00 [queued]>
[2023-07-13T12:46:31.513+0000] {taskinstance.py:1103} INFO - Dependencies all met for dep_context=requeueable deps ti=<TaskInstance: process_sales_13.extract_data_from_api manual__2023-07-13T12:38:23.893914+00:00 [queued]>
[2023-07-13T12:46:31.513+0000] {taskinstance.py:1308} INFO - Starting attempt 2 of 2
[2023-07-13T12:46:31.532+0000] {taskinstance.py:1327} INFO - Executing <Task(PythonOperator): extract_data_from_api> on 2023-07-13 12:38:23.893914+00:00
[2023-07-13T12:46:31.539+0000] {standard_task_runner.py:57} INFO - Started process 3874 to run task
[2023-07-13T12:46:31.545+0000] {standard_task_runner.py:84} INFO - Running: ['***', 'tasks', 'run', 'process_sales_13', 'extract_data_from_api', 'manual__2023-07-13T12:38:23.893914+00:00', '--job-id', '172', '--raw', '--subdir', 'DAGS_FOLDER/process_sales_13.py', '--cfg-path', '/tmp/tmpvme5037u']
[2023-07-13T12:46:31.549+0000] {standard_task_runner.py:85} INFO - Job 172: Subtask extract_data_from_api
[2023-07-13T12:46:31.623+0000] {task_command.py:410} INFO - Running <TaskInstance: process_sales_13.extract_data_from_api manual__2023-07-13T12:38:23.893914+00:00 [running]> on host b58a2d5f4d18
[2023-07-13T12:46:31.772+0000] {taskinstance.py:1547} INFO - Exporting env vars: AIRFLOW_CTX_DAG_OWNER='***' AIRFLOW_CTX_DAG_ID='process_sales_13' AIRFLOW_CTX_TASK_ID='extract_data_from_api' AIRFLOW_CTX_EXECUTION_DATE='2023-07-13T12:38:23.893914+00:00' AIRFLOW_CTX_TRY_NUMBER='2' AIRFLOW_CTX_DAG_RUN_ID='manual__2023-07-13T12:38:23.893914+00:00'
[2023-07-13T12:46:31.775+0000] {logging_mixin.py:149} INFO - 	I'm in get_sales(...) function!
[2023-07-13T12:46:32.030+0000] {logging_mixin.py:149} INFO - Page 1 started
[2023-07-13T12:46:32.033+0000] {logging_mixin.py:149} INFO - Page 1 done
[2023-07-13T12:46:32.034+0000] {logging_mixin.py:149} INFO - Status_code = 200
[2023-07-13T12:46:32.198+0000] {logging_mixin.py:149} INFO - Page 2 started
[2023-07-13T12:46:32.205+0000] {logging_mixin.py:149} INFO - Page 2 done
[2023-07-13T12:46:32.205+0000] {logging_mixin.py:149} INFO - Status_code = 200
[2023-07-13T12:46:32.368+0000] {logging_mixin.py:149} INFO - Page 3 started
[2023-07-13T12:46:32.372+0000] {logging_mixin.py:149} INFO - Page 3 done
[2023-07-13T12:46:32.372+0000] {logging_mixin.py:149} INFO - Status_code = 200
[2023-07-13T12:46:32.546+0000] {logging_mixin.py:149} INFO - Page 4 started
[2023-07-13T12:46:32.546+0000] {logging_mixin.py:149} INFO - Page 4 done
[2023-07-13T12:46:32.547+0000] {logging_mixin.py:149} INFO - Status_code = 200
[2023-07-13T12:46:32.713+0000] {logging_mixin.py:149} INFO - Cleanup complete for folder: /opt/***/processed_data/raw/sales
[2023-07-13T12:46:32.717+0000] {logging_mixin.py:149} INFO - 	I'm in get_sales(...) function!
[2023-07-13T12:46:32.952+0000] {logging_mixin.py:149} INFO - Page 1 started
[2023-07-13T12:46:32.954+0000] {logging_mixin.py:149} INFO - Page 1 done
[2023-07-13T12:46:32.954+0000] {logging_mixin.py:149} INFO - Status_code = 200
[2023-07-13T12:46:33.184+0000] {logging_mixin.py:149} INFO - Page 2 started
[2023-07-13T12:46:33.229+0000] {logging_mixin.py:149} INFO - Page 2 done
[2023-07-13T12:46:33.230+0000] {logging_mixin.py:149} INFO - Status_code = 200
[2023-07-13T12:46:33.402+0000] {logging_mixin.py:149} INFO - Page 3 started
[2023-07-13T12:46:33.405+0000] {logging_mixin.py:149} INFO - Page 3 done
[2023-07-13T12:46:33.406+0000] {logging_mixin.py:149} INFO - Status_code = 200
[2023-07-13T12:46:33.565+0000] {logging_mixin.py:149} INFO - Page 4 started
[2023-07-13T12:46:33.566+0000] {logging_mixin.py:149} INFO - Page 4 done
[2023-07-13T12:46:33.566+0000] {logging_mixin.py:149} INFO - Status_code = 200
[2023-07-13T12:46:33.737+0000] {logging_mixin.py:149} INFO - Deleted file: /opt/***/processed_data/raw/sales
[2023-07-13T12:46:33.738+0000] {logging_mixin.py:149} INFO - Cleanup complete for folder: /opt/***/processed_data/raw/sales
[2023-07-13T12:46:33.742+0000] {logging_mixin.py:149} INFO - 	I'm in get_sales(...) function!
[2023-07-13T12:46:33.986+0000] {logging_mixin.py:149} INFO - Page 1 started
[2023-07-13T12:46:33.987+0000] {logging_mixin.py:149} INFO - Page 1 done
[2023-07-13T12:46:33.988+0000] {logging_mixin.py:149} INFO - Status_code = 200
[2023-07-13T12:46:34.151+0000] {logging_mixin.py:149} INFO - Page 2 started
[2023-07-13T12:46:34.154+0000] {logging_mixin.py:149} INFO - Page 2 done
[2023-07-13T12:46:34.154+0000] {logging_mixin.py:149} INFO - Status_code = 200
[2023-07-13T12:46:34.315+0000] {logging_mixin.py:149} INFO - Page 3 started
[2023-07-13T12:46:34.318+0000] {logging_mixin.py:149} INFO - Page 3 done
[2023-07-13T12:46:34.319+0000] {logging_mixin.py:149} INFO - Status_code = 200
[2023-07-13T12:46:34.482+0000] {logging_mixin.py:149} INFO - Page 4 started
[2023-07-13T12:46:34.483+0000] {logging_mixin.py:149} INFO - Page 4 done
[2023-07-13T12:46:34.483+0000] {logging_mixin.py:149} INFO - Status_code = 200
[2023-07-13T12:46:34.652+0000] {logging_mixin.py:149} INFO - Deleted file: /opt/***/processed_data/raw/sales
[2023-07-13T12:46:34.652+0000] {logging_mixin.py:149} INFO - Cleanup complete for folder: /opt/***/processed_data/raw/sales
[2023-07-13T12:46:34.656+0000] {python.py:183} INFO - Done. Returned value was: None
[2023-07-13T12:46:34.664+0000] {taskinstance.py:1350} INFO - Marking task as SUCCESS. dag_id=process_sales_13, task_id=extract_data_from_api, execution_date=20230713T123823, start_date=20230713T124631, end_date=20230713T124634
[2023-07-13T12:46:34.695+0000] {local_task_job_runner.py:225} INFO - Task exited with return code 0
[2023-07-13T12:46:34.714+0000] {taskinstance.py:2653} INFO - 1 downstream tasks scheduled from follow-on schedule check
