[2023-07-12T07:26:16.023+0000] {taskinstance.py:1103} INFO - Dependencies all met for dep_context=non-requeueable deps ti=<TaskInstance: process_sales_5.extract_data_from_api manual__2023-07-12T07:26:13.819286+00:00 [queued]>
[2023-07-12T07:26:16.034+0000] {taskinstance.py:1103} INFO - Dependencies all met for dep_context=requeueable deps ti=<TaskInstance: process_sales_5.extract_data_from_api manual__2023-07-12T07:26:13.819286+00:00 [queued]>
[2023-07-12T07:26:16.035+0000] {taskinstance.py:1308} INFO - Starting attempt 1 of 1
[2023-07-12T07:26:16.053+0000] {taskinstance.py:1327} INFO - Executing <Task(PythonOperator): extract_data_from_api> on 2023-07-12 07:26:13.819286+00:00
[2023-07-12T07:26:16.058+0000] {standard_task_runner.py:57} INFO - Started process 5186 to run task
[2023-07-12T07:26:16.063+0000] {standard_task_runner.py:84} INFO - Running: ['***', 'tasks', 'run', 'process_sales_5', 'extract_data_from_api', 'manual__2023-07-12T07:26:13.819286+00:00', '--job-id', '72', '--raw', '--subdir', 'DAGS_FOLDER/process_sales_5.py', '--cfg-path', '/tmp/tmpf949tclg']
[2023-07-12T07:26:16.064+0000] {standard_task_runner.py:85} INFO - Job 72: Subtask extract_data_from_api
[2023-07-12T07:26:16.131+0000] {task_command.py:410} INFO - Running <TaskInstance: process_sales_5.extract_data_from_api manual__2023-07-12T07:26:13.819286+00:00 [running]> on host ca64464cba28
[2023-07-12T07:26:16.250+0000] {taskinstance.py:1547} INFO - Exporting env vars: AIRFLOW_CTX_DAG_OWNER='***' AIRFLOW_CTX_DAG_ID='process_sales_5' AIRFLOW_CTX_TASK_ID='extract_data_from_api' AIRFLOW_CTX_EXECUTION_DATE='2023-07-12T07:26:13.819286+00:00' AIRFLOW_CTX_TRY_NUMBER='1' AIRFLOW_CTX_DAG_RUN_ID='manual__2023-07-12T07:26:13.819286+00:00'
[2023-07-12T07:26:16.254+0000] {logging_mixin.py:149} INFO - 	I'm in get_sales(...) function!
[2023-07-12T07:26:16.712+0000] {logging_mixin.py:149} INFO - Page 1 started
[2023-07-12T07:26:16.718+0000] {logging_mixin.py:149} INFO - Page 1 done
[2023-07-12T07:26:16.718+0000] {logging_mixin.py:149} INFO - Status_code = 200
[2023-07-12T07:26:16.891+0000] {logging_mixin.py:149} INFO - Page 2 started
[2023-07-12T07:26:16.893+0000] {logging_mixin.py:149} INFO - Page 2 done
[2023-07-12T07:26:16.894+0000] {logging_mixin.py:149} INFO - Status_code = 200
[2023-07-12T07:26:17.064+0000] {logging_mixin.py:149} INFO - Page 3 started
[2023-07-12T07:26:17.071+0000] {logging_mixin.py:149} INFO - Page 3 done
[2023-07-12T07:26:17.072+0000] {logging_mixin.py:149} INFO - Status_code = 200
[2023-07-12T07:26:17.252+0000] {logging_mixin.py:149} INFO - Page 4 started
[2023-07-12T07:26:17.253+0000] {logging_mixin.py:149} INFO - Page 4 done
[2023-07-12T07:26:17.253+0000] {logging_mixin.py:149} INFO - Status_code = 200
[2023-07-12T07:26:17.465+0000] {python.py:183} INFO - Done. Returned value was: None
[2023-07-12T07:26:17.481+0000] {taskinstance.py:1350} INFO - Marking task as SUCCESS. dag_id=process_sales_5, task_id=extract_data_from_api, execution_date=20230712T072613, start_date=20230712T072616, end_date=20230712T072617
[2023-07-12T07:26:17.518+0000] {local_task_job_runner.py:225} INFO - Task exited with return code 0
[2023-07-12T07:26:17.555+0000] {taskinstance.py:2653} INFO - 1 downstream tasks scheduled from follow-on schedule check
