[2023-07-13T11:31:16.980+0000] {taskinstance.py:1103} INFO - Dependencies all met for dep_context=non-requeueable deps ti=<TaskInstance: process_sales_13.extract_data_from_api manual__2023-07-13T11:31:15.420659+00:00 [queued]>
[2023-07-13T11:31:16.989+0000] {taskinstance.py:1103} INFO - Dependencies all met for dep_context=requeueable deps ti=<TaskInstance: process_sales_13.extract_data_from_api manual__2023-07-13T11:31:15.420659+00:00 [queued]>
[2023-07-13T11:31:16.990+0000] {taskinstance.py:1308} INFO - Starting attempt 1 of 1
[2023-07-13T11:31:17.004+0000] {taskinstance.py:1327} INFO - Executing <Task(PythonOperator): extract_data_from_api> on 2023-07-13 11:31:15.420659+00:00
[2023-07-13T11:31:17.010+0000] {standard_task_runner.py:57} INFO - Started process 2364 to run task
[2023-07-13T11:31:17.013+0000] {standard_task_runner.py:84} INFO - Running: ['***', 'tasks', 'run', 'process_sales_13', 'extract_data_from_api', 'manual__2023-07-13T11:31:15.420659+00:00', '--job-id', '124', '--raw', '--subdir', 'DAGS_FOLDER/process_sales_13.py', '--cfg-path', '/tmp/tmpy1wgea8r']
[2023-07-13T11:31:17.014+0000] {standard_task_runner.py:85} INFO - Job 124: Subtask extract_data_from_api
[2023-07-13T11:31:17.066+0000] {task_command.py:410} INFO - Running <TaskInstance: process_sales_13.extract_data_from_api manual__2023-07-13T11:31:15.420659+00:00 [running]> on host b58a2d5f4d18
[2023-07-13T11:31:17.185+0000] {taskinstance.py:1547} INFO - Exporting env vars: AIRFLOW_CTX_DAG_OWNER='***' AIRFLOW_CTX_DAG_ID='process_sales_13' AIRFLOW_CTX_TASK_ID='extract_data_from_api' AIRFLOW_CTX_EXECUTION_DATE='2023-07-13T11:31:15.420659+00:00' AIRFLOW_CTX_TRY_NUMBER='1' AIRFLOW_CTX_DAG_RUN_ID='manual__2023-07-13T11:31:15.420659+00:00'
[2023-07-13T11:31:17.189+0000] {logging_mixin.py:149} INFO - 	I'm in get_sales(...) function!
[2023-07-13T11:31:17.456+0000] {logging_mixin.py:149} INFO - Page 1 started
[2023-07-13T11:31:17.467+0000] {logging_mixin.py:149} INFO - Page 1 done
[2023-07-13T11:31:17.468+0000] {logging_mixin.py:149} INFO - Status_code = 200
[2023-07-13T11:31:17.628+0000] {logging_mixin.py:149} INFO - Page 2 started
[2023-07-13T11:31:17.634+0000] {logging_mixin.py:149} INFO - Page 2 done
[2023-07-13T11:31:17.635+0000] {logging_mixin.py:149} INFO - Status_code = 200
[2023-07-13T11:31:17.796+0000] {logging_mixin.py:149} INFO - Page 3 started
[2023-07-13T11:31:17.808+0000] {logging_mixin.py:149} INFO - Page 3 done
[2023-07-13T11:31:17.808+0000] {logging_mixin.py:149} INFO - Status_code = 200
[2023-07-13T11:31:17.968+0000] {logging_mixin.py:149} INFO - Page 4 started
[2023-07-13T11:31:17.969+0000] {logging_mixin.py:149} INFO - Page 4 done
[2023-07-13T11:31:17.970+0000] {logging_mixin.py:149} INFO - Status_code = 200
[2023-07-13T11:31:18.143+0000] {logging_mixin.py:149} INFO - Deleted directory: /opt/***/processed_data/raw/sales
[2023-07-13T11:31:18.144+0000] {logging_mixin.py:149} INFO - Cleanup complete for folder: /opt/***/processed_data/raw/sales
[2023-07-13T11:31:18.148+0000] {python.py:183} INFO - Done. Returned value was: None
[2023-07-13T11:31:18.157+0000] {taskinstance.py:1350} INFO - Marking task as SUCCESS. dag_id=process_sales_13, task_id=extract_data_from_api, execution_date=20230713T113115, start_date=20230713T113116, end_date=20230713T113118
[2023-07-13T11:31:18.190+0000] {local_task_job_runner.py:225} INFO - Task exited with return code 0
[2023-07-13T11:31:18.212+0000] {taskinstance.py:2653} INFO - 1 downstream tasks scheduled from follow-on schedule check
