[2023-07-13T12:10:03.826+0000] {taskinstance.py:1103} INFO - Dependencies all met for dep_context=non-requeueable deps ti=<TaskInstance: process_sales_13.extract_data_from_api manual__2023-07-13T12:10:02.401974+00:00 [queued]>
[2023-07-13T12:10:03.834+0000] {taskinstance.py:1103} INFO - Dependencies all met for dep_context=requeueable deps ti=<TaskInstance: process_sales_13.extract_data_from_api manual__2023-07-13T12:10:02.401974+00:00 [queued]>
[2023-07-13T12:10:03.834+0000] {taskinstance.py:1308} INFO - Starting attempt 1 of 1
[2023-07-13T12:10:03.847+0000] {taskinstance.py:1327} INFO - Executing <Task(PythonOperator): extract_data_from_api> on 2023-07-13 12:10:02.401974+00:00
[2023-07-13T12:10:03.853+0000] {standard_task_runner.py:57} INFO - Started process 3147 to run task
[2023-07-13T12:10:03.857+0000] {standard_task_runner.py:84} INFO - Running: ['***', 'tasks', 'run', 'process_sales_13', 'extract_data_from_api', 'manual__2023-07-13T12:10:02.401974+00:00', '--job-id', '151', '--raw', '--subdir', 'DAGS_FOLDER/process_sales_13.py', '--cfg-path', '/tmp/tmpcut8b3sk']
[2023-07-13T12:10:03.857+0000] {standard_task_runner.py:85} INFO - Job 151: Subtask extract_data_from_api
[2023-07-13T12:10:03.904+0000] {task_command.py:410} INFO - Running <TaskInstance: process_sales_13.extract_data_from_api manual__2023-07-13T12:10:02.401974+00:00 [running]> on host b58a2d5f4d18
[2023-07-13T12:10:03.994+0000] {taskinstance.py:1547} INFO - Exporting env vars: AIRFLOW_CTX_DAG_OWNER='***' AIRFLOW_CTX_DAG_ID='process_sales_13' AIRFLOW_CTX_TASK_ID='extract_data_from_api' AIRFLOW_CTX_EXECUTION_DATE='2023-07-13T12:10:02.401974+00:00' AIRFLOW_CTX_TRY_NUMBER='1' AIRFLOW_CTX_DAG_RUN_ID='manual__2023-07-13T12:10:02.401974+00:00'
[2023-07-13T12:10:03.997+0000] {logging_mixin.py:149} INFO - 	I'm in get_sales(...) function!
[2023-07-13T12:10:04.246+0000] {logging_mixin.py:149} INFO - Page 1 started
[2023-07-13T12:10:04.248+0000] {logging_mixin.py:149} INFO - Page 1 done
[2023-07-13T12:10:04.249+0000] {logging_mixin.py:149} INFO - Status_code = 200
[2023-07-13T12:10:04.411+0000] {logging_mixin.py:149} INFO - Page 2 started
[2023-07-13T12:10:04.413+0000] {logging_mixin.py:149} INFO - Page 2 done
[2023-07-13T12:10:04.413+0000] {logging_mixin.py:149} INFO - Status_code = 200
[2023-07-13T12:10:04.573+0000] {logging_mixin.py:149} INFO - Page 3 started
[2023-07-13T12:10:04.576+0000] {logging_mixin.py:149} INFO - Page 3 done
[2023-07-13T12:10:04.577+0000] {logging_mixin.py:149} INFO - Status_code = 200
[2023-07-13T12:10:04.735+0000] {logging_mixin.py:149} INFO - Page 4 started
[2023-07-13T12:10:04.736+0000] {logging_mixin.py:149} INFO - Page 4 done
[2023-07-13T12:10:04.737+0000] {logging_mixin.py:149} INFO - Status_code = 200
[2023-07-13T12:10:04.926+0000] {logging_mixin.py:149} INFO - Deleted file: /opt/***/processed_data/raw/sales/sales/sales_2022-08-09.json
[2023-07-13T12:10:04.927+0000] {logging_mixin.py:149} INFO - Cleanup complete for folder: /opt/***/processed_data/raw/sales/sales/sales_2022-08-09.json
[2023-07-13T12:10:04.931+0000] {logging_mixin.py:149} INFO - 	I'm in get_sales(...) function!
[2023-07-13T12:10:05.202+0000] {logging_mixin.py:149} INFO - Page 1 started
[2023-07-13T12:10:05.204+0000] {logging_mixin.py:149} INFO - Page 1 done
[2023-07-13T12:10:05.204+0000] {logging_mixin.py:149} INFO - Status_code = 200
[2023-07-13T12:10:05.369+0000] {logging_mixin.py:149} INFO - Page 2 started
[2023-07-13T12:10:05.378+0000] {logging_mixin.py:149} INFO - Page 2 done
[2023-07-13T12:10:05.378+0000] {logging_mixin.py:149} INFO - Status_code = 200
[2023-07-13T12:10:05.539+0000] {logging_mixin.py:149} INFO - Page 3 started
[2023-07-13T12:10:05.544+0000] {logging_mixin.py:149} INFO - Page 3 done
[2023-07-13T12:10:05.545+0000] {logging_mixin.py:149} INFO - Status_code = 200
[2023-07-13T12:10:05.725+0000] {logging_mixin.py:149} INFO - Page 4 started
[2023-07-13T12:10:05.725+0000] {logging_mixin.py:149} INFO - Page 4 done
[2023-07-13T12:10:05.726+0000] {logging_mixin.py:149} INFO - Status_code = 200
[2023-07-13T12:10:05.913+0000] {logging_mixin.py:149} INFO - Deleted file: /opt/***/processed_data/raw/sales/sales/sales_2022-08-10.json
[2023-07-13T12:10:05.913+0000] {logging_mixin.py:149} INFO - Cleanup complete for folder: /opt/***/processed_data/raw/sales/sales/sales_2022-08-10.json
[2023-07-13T12:10:05.920+0000] {logging_mixin.py:149} INFO - 	I'm in get_sales(...) function!
[2023-07-13T12:10:06.166+0000] {logging_mixin.py:149} INFO - Page 1 started
[2023-07-13T12:10:06.167+0000] {logging_mixin.py:149} INFO - Page 1 done
[2023-07-13T12:10:06.168+0000] {logging_mixin.py:149} INFO - Status_code = 200
[2023-07-13T12:10:06.328+0000] {logging_mixin.py:149} INFO - Page 2 started
[2023-07-13T12:10:06.333+0000] {logging_mixin.py:149} INFO - Page 2 done
[2023-07-13T12:10:06.333+0000] {logging_mixin.py:149} INFO - Status_code = 200
[2023-07-13T12:10:06.493+0000] {logging_mixin.py:149} INFO - Page 3 started
[2023-07-13T12:10:06.497+0000] {logging_mixin.py:149} INFO - Page 3 done
[2023-07-13T12:10:06.498+0000] {logging_mixin.py:149} INFO - Status_code = 200
[2023-07-13T12:10:06.660+0000] {logging_mixin.py:149} INFO - Page 4 started
[2023-07-13T12:10:06.661+0000] {logging_mixin.py:149} INFO - Page 4 done
[2023-07-13T12:10:06.661+0000] {logging_mixin.py:149} INFO - Status_code = 200
[2023-07-13T12:10:06.834+0000] {logging_mixin.py:149} INFO - Deleted file: /opt/***/processed_data/raw/sales/sales/sales_2022-08-11.json
[2023-07-13T12:10:06.834+0000] {logging_mixin.py:149} INFO - Cleanup complete for folder: /opt/***/processed_data/raw/sales/sales/sales_2022-08-11.json
[2023-07-13T12:10:06.839+0000] {python.py:183} INFO - Done. Returned value was: None
[2023-07-13T12:10:06.849+0000] {taskinstance.py:1350} INFO - Marking task as SUCCESS. dag_id=process_sales_13, task_id=extract_data_from_api, execution_date=20230713T121002, start_date=20230713T121003, end_date=20230713T121006
[2023-07-13T12:10:06.880+0000] {local_task_job_runner.py:225} INFO - Task exited with return code 0
[2023-07-13T12:10:06.905+0000] {taskinstance.py:2653} INFO - 1 downstream tasks scheduled from follow-on schedule check
