[2023-07-13T12:12:13.955+0000] {taskinstance.py:1103} INFO - Dependencies all met for dep_context=non-requeueable deps ti=<TaskInstance: process_sales_13.extract_data_from_api manual__2023-07-13T12:10:02.401974+00:00 [queued]>
[2023-07-13T12:12:13.964+0000] {taskinstance.py:1103} INFO - Dependencies all met for dep_context=requeueable deps ti=<TaskInstance: process_sales_13.extract_data_from_api manual__2023-07-13T12:10:02.401974+00:00 [queued]>
[2023-07-13T12:12:13.965+0000] {taskinstance.py:1308} INFO - Starting attempt 2 of 2
[2023-07-13T12:12:13.979+0000] {taskinstance.py:1327} INFO - Executing <Task(PythonOperator): extract_data_from_api> on 2023-07-13 12:10:02.401974+00:00
[2023-07-13T12:12:13.984+0000] {standard_task_runner.py:57} INFO - Started process 3195 to run task
[2023-07-13T12:12:13.987+0000] {standard_task_runner.py:84} INFO - Running: ['***', 'tasks', 'run', 'process_sales_13', 'extract_data_from_api', 'manual__2023-07-13T12:10:02.401974+00:00', '--job-id', '154', '--raw', '--subdir', 'DAGS_FOLDER/process_sales_13.py', '--cfg-path', '/tmp/tmpr9efak2x']
[2023-07-13T12:12:13.988+0000] {standard_task_runner.py:85} INFO - Job 154: Subtask extract_data_from_api
[2023-07-13T12:12:14.032+0000] {task_command.py:410} INFO - Running <TaskInstance: process_sales_13.extract_data_from_api manual__2023-07-13T12:10:02.401974+00:00 [running]> on host b58a2d5f4d18
[2023-07-13T12:12:14.114+0000] {taskinstance.py:1547} INFO - Exporting env vars: AIRFLOW_CTX_DAG_OWNER='***' AIRFLOW_CTX_DAG_ID='process_sales_13' AIRFLOW_CTX_TASK_ID='extract_data_from_api' AIRFLOW_CTX_EXECUTION_DATE='2023-07-13T12:10:02.401974+00:00' AIRFLOW_CTX_TRY_NUMBER='2' AIRFLOW_CTX_DAG_RUN_ID='manual__2023-07-13T12:10:02.401974+00:00'
[2023-07-13T12:12:14.117+0000] {logging_mixin.py:149} INFO - 	I'm in get_sales(...) function!
[2023-07-13T12:12:14.376+0000] {logging_mixin.py:149} INFO - Page 1 started
[2023-07-13T12:12:14.379+0000] {logging_mixin.py:149} INFO - Page 1 done
[2023-07-13T12:12:14.380+0000] {logging_mixin.py:149} INFO - Status_code = 200
[2023-07-13T12:12:14.541+0000] {logging_mixin.py:149} INFO - Page 2 started
[2023-07-13T12:12:14.547+0000] {logging_mixin.py:149} INFO - Page 2 done
[2023-07-13T12:12:14.548+0000] {logging_mixin.py:149} INFO - Status_code = 200
[2023-07-13T12:12:14.706+0000] {logging_mixin.py:149} INFO - Page 3 started
[2023-07-13T12:12:14.710+0000] {logging_mixin.py:149} INFO - Page 3 done
[2023-07-13T12:12:14.711+0000] {logging_mixin.py:149} INFO - Status_code = 200
[2023-07-13T12:12:14.876+0000] {logging_mixin.py:149} INFO - Page 4 started
[2023-07-13T12:12:14.878+0000] {logging_mixin.py:149} INFO - Page 4 done
[2023-07-13T12:12:14.878+0000] {logging_mixin.py:149} INFO - Status_code = 200
[2023-07-13T12:12:15.052+0000] {logging_mixin.py:149} INFO - Cleanup complete for folder: /opt/***/processed_data/raw/sales/sales
[2023-07-13T12:12:15.057+0000] {logging_mixin.py:149} INFO - 	I'm in get_sales(...) function!
[2023-07-13T12:12:15.354+0000] {logging_mixin.py:149} INFO - Page 1 started
[2023-07-13T12:12:15.355+0000] {logging_mixin.py:149} INFO - Page 1 done
[2023-07-13T12:12:15.355+0000] {logging_mixin.py:149} INFO - Status_code = 200
[2023-07-13T12:12:15.517+0000] {logging_mixin.py:149} INFO - Page 2 started
[2023-07-13T12:12:15.522+0000] {logging_mixin.py:149} INFO - Page 2 done
[2023-07-13T12:12:15.523+0000] {logging_mixin.py:149} INFO - Status_code = 200
[2023-07-13T12:12:15.696+0000] {logging_mixin.py:149} INFO - Page 3 started
[2023-07-13T12:12:15.698+0000] {logging_mixin.py:149} INFO - Page 3 done
[2023-07-13T12:12:15.698+0000] {logging_mixin.py:149} INFO - Status_code = 200
[2023-07-13T12:12:15.869+0000] {logging_mixin.py:149} INFO - Page 4 started
[2023-07-13T12:12:15.871+0000] {logging_mixin.py:149} INFO - Page 4 done
[2023-07-13T12:12:15.872+0000] {logging_mixin.py:149} INFO - Status_code = 200
[2023-07-13T12:12:16.050+0000] {logging_mixin.py:149} INFO - Deleted file: /opt/***/processed_data/raw/sales/sales
[2023-07-13T12:12:16.051+0000] {logging_mixin.py:149} INFO - Cleanup complete for folder: /opt/***/processed_data/raw/sales/sales
[2023-07-13T12:12:16.055+0000] {logging_mixin.py:149} INFO - 	I'm in get_sales(...) function!
[2023-07-13T12:12:16.344+0000] {logging_mixin.py:149} INFO - Page 1 started
[2023-07-13T12:12:16.345+0000] {logging_mixin.py:149} INFO - Page 1 done
[2023-07-13T12:12:16.346+0000] {logging_mixin.py:149} INFO - Status_code = 200
[2023-07-13T12:12:16.508+0000] {logging_mixin.py:149} INFO - Page 2 started
[2023-07-13T12:12:16.515+0000] {logging_mixin.py:149} INFO - Page 2 done
[2023-07-13T12:12:16.515+0000] {logging_mixin.py:149} INFO - Status_code = 200
[2023-07-13T12:12:16.675+0000] {logging_mixin.py:149} INFO - Page 3 started
[2023-07-13T12:12:16.682+0000] {logging_mixin.py:149} INFO - Page 3 done
[2023-07-13T12:12:16.683+0000] {logging_mixin.py:149} INFO - Status_code = 200
[2023-07-13T12:12:16.856+0000] {logging_mixin.py:149} INFO - Page 4 started
[2023-07-13T12:12:16.857+0000] {logging_mixin.py:149} INFO - Page 4 done
[2023-07-13T12:12:16.858+0000] {logging_mixin.py:149} INFO - Status_code = 200
[2023-07-13T12:12:17.029+0000] {logging_mixin.py:149} INFO - Deleted file: /opt/***/processed_data/raw/sales/sales
[2023-07-13T12:12:17.030+0000] {logging_mixin.py:149} INFO - Cleanup complete for folder: /opt/***/processed_data/raw/sales/sales
[2023-07-13T12:12:17.034+0000] {python.py:183} INFO - Done. Returned value was: None
[2023-07-13T12:12:17.042+0000] {taskinstance.py:1350} INFO - Marking task as SUCCESS. dag_id=process_sales_13, task_id=extract_data_from_api, execution_date=20230713T121002, start_date=20230713T121213, end_date=20230713T121217
[2023-07-13T12:12:17.062+0000] {local_task_job_runner.py:225} INFO - Task exited with return code 0
[2023-07-13T12:12:17.080+0000] {taskinstance.py:2653} INFO - 1 downstream tasks scheduled from follow-on schedule check
