[2023-07-14T06:18:50.211+0000] {taskinstance.py:1103} INFO - Dependencies all met for dep_context=non-requeueable deps ti=<TaskInstance: process_sales.extract_data_from_api scheduled__2023-07-10T01:00:00+00:00 [queued]>
[2023-07-14T06:18:50.220+0000] {taskinstance.py:1103} INFO - Dependencies all met for dep_context=requeueable deps ti=<TaskInstance: process_sales.extract_data_from_api scheduled__2023-07-10T01:00:00+00:00 [queued]>
[2023-07-14T06:18:50.221+0000] {taskinstance.py:1308} INFO - Starting attempt 1 of 1
[2023-07-14T06:18:50.235+0000] {taskinstance.py:1327} INFO - Executing <Task(PythonOperator): extract_data_from_api> on 2023-07-10 01:00:00+00:00
[2023-07-14T06:18:50.239+0000] {standard_task_runner.py:57} INFO - Started process 5944 to run task
[2023-07-14T06:18:50.242+0000] {standard_task_runner.py:84} INFO - Running: ['***', 'tasks', 'run', 'process_sales', 'extract_data_from_api', 'scheduled__2023-07-10T01:00:00+00:00', '--job-id', '218', '--raw', '--subdir', 'DAGS_FOLDER/process_sales.py', '--cfg-path', '/tmp/tmp06gp3m1h']
[2023-07-14T06:18:50.243+0000] {standard_task_runner.py:85} INFO - Job 218: Subtask extract_data_from_api
[2023-07-14T06:18:50.289+0000] {task_command.py:410} INFO - Running <TaskInstance: process_sales.extract_data_from_api scheduled__2023-07-10T01:00:00+00:00 [running]> on host b58a2d5f4d18
[2023-07-14T06:18:50.385+0000] {taskinstance.py:1547} INFO - Exporting env vars: AIRFLOW_CTX_DAG_OWNER='***' AIRFLOW_CTX_DAG_ID='process_sales' AIRFLOW_CTX_TASK_ID='extract_data_from_api' AIRFLOW_CTX_EXECUTION_DATE='2023-07-10T01:00:00+00:00' AIRFLOW_CTX_TRY_NUMBER='1' AIRFLOW_CTX_DAG_RUN_ID='scheduled__2023-07-10T01:00:00+00:00'
[2023-07-14T06:18:56.823+0000] {logging_mixin.py:149} INFO - Page 1 started
[2023-07-14T06:18:56.863+0000] {logging_mixin.py:149} INFO - Page 1 done
[2023-07-14T06:18:56.864+0000] {logging_mixin.py:149} INFO - Status_code = 200
[2023-07-14T06:18:57.028+0000] {logging_mixin.py:149} INFO - Page 2 started
[2023-07-14T06:18:57.049+0000] {logging_mixin.py:149} INFO - Page 2 done
[2023-07-14T06:18:57.049+0000] {logging_mixin.py:149} INFO - Status_code = 200
[2023-07-14T06:18:57.221+0000] {logging_mixin.py:149} INFO - Page 3 started
[2023-07-14T06:18:57.231+0000] {logging_mixin.py:149} INFO - Page 3 done
[2023-07-14T06:18:57.232+0000] {logging_mixin.py:149} INFO - Status_code = 200
[2023-07-14T06:18:57.395+0000] {logging_mixin.py:149} INFO - Page 4 started
[2023-07-14T06:18:57.427+0000] {logging_mixin.py:149} INFO - Page 4 done
[2023-07-14T06:18:57.428+0000] {logging_mixin.py:149} INFO - Status_code = 200
[2023-07-14T06:18:57.845+0000] {logging_mixin.py:149} INFO - Page 1 started
[2023-07-14T06:18:57.850+0000] {logging_mixin.py:149} INFO - Page 1 done
[2023-07-14T06:18:57.851+0000] {logging_mixin.py:149} INFO - Status_code = 200
[2023-07-14T06:18:58.013+0000] {logging_mixin.py:149} INFO - Page 2 started
[2023-07-14T06:18:58.019+0000] {logging_mixin.py:149} INFO - Page 2 done
[2023-07-14T06:18:58.019+0000] {logging_mixin.py:149} INFO - Status_code = 200
[2023-07-14T06:18:58.180+0000] {logging_mixin.py:149} INFO - Page 3 started
[2023-07-14T06:18:58.185+0000] {logging_mixin.py:149} INFO - Page 3 done
[2023-07-14T06:18:58.186+0000] {logging_mixin.py:149} INFO - Status_code = 200
[2023-07-14T06:18:58.349+0000] {logging_mixin.py:149} INFO - Page 4 started
[2023-07-14T06:18:58.350+0000] {logging_mixin.py:149} INFO - Page 4 done
[2023-07-14T06:18:58.350+0000] {logging_mixin.py:149} INFO - Status_code = 200
[2023-07-14T06:18:58.812+0000] {logging_mixin.py:149} INFO - Page 1 started
[2023-07-14T06:18:58.820+0000] {logging_mixin.py:149} INFO - Page 1 done
[2023-07-14T06:18:58.820+0000] {logging_mixin.py:149} INFO - Status_code = 200
[2023-07-14T06:18:58.985+0000] {logging_mixin.py:149} INFO - Page 2 started
[2023-07-14T06:18:58.991+0000] {logging_mixin.py:149} INFO - Page 2 done
[2023-07-14T06:18:58.992+0000] {logging_mixin.py:149} INFO - Status_code = 200
[2023-07-14T06:18:59.154+0000] {logging_mixin.py:149} INFO - Page 3 started
[2023-07-14T06:18:59.160+0000] {logging_mixin.py:149} INFO - Page 3 done
[2023-07-14T06:18:59.160+0000] {logging_mixin.py:149} INFO - Status_code = 200
[2023-07-14T06:18:59.324+0000] {logging_mixin.py:149} INFO - Page 4 started
[2023-07-14T06:18:59.324+0000] {logging_mixin.py:149} INFO - Page 4 done
[2023-07-14T06:18:59.325+0000] {logging_mixin.py:149} INFO - Status_code = 200
[2023-07-14T06:18:59.498+0000] {python.py:183} INFO - Done. Returned value was: None
[2023-07-14T06:18:59.509+0000] {taskinstance.py:1350} INFO - Marking task as SUCCESS. dag_id=process_sales, task_id=extract_data_from_api, execution_date=20230710T010000, start_date=20230714T061850, end_date=20230714T061859
[2023-07-14T06:18:59.562+0000] {local_task_job_runner.py:225} INFO - Task exited with return code 0
[2023-07-14T06:18:59.582+0000] {taskinstance.py:2653} INFO - 1 downstream tasks scheduled from follow-on schedule check
