[2023-07-10T09:42:33.171+0000] {taskinstance.py:1103} INFO - Dependencies all met for dep_context=non-requeueable deps ti=<TaskInstance: process_sales_2.extract_data_from_api manual__2023-07-10T09:42:31.548393+00:00 [queued]>
[2023-07-10T09:42:33.180+0000] {taskinstance.py:1103} INFO - Dependencies all met for dep_context=requeueable deps ti=<TaskInstance: process_sales_2.extract_data_from_api manual__2023-07-10T09:42:31.548393+00:00 [queued]>
[2023-07-10T09:42:33.180+0000] {taskinstance.py:1308} INFO - Starting attempt 1 of 1
[2023-07-10T09:42:33.203+0000] {taskinstance.py:1327} INFO - Executing <Task(PythonOperator): extract_data_from_api> on 2023-07-10 09:42:31.548393+00:00
[2023-07-10T09:42:33.208+0000] {standard_task_runner.py:57} INFO - Started process 4502 to run task
[2023-07-10T09:42:33.211+0000] {standard_task_runner.py:84} INFO - Running: ['***', 'tasks', 'run', 'process_sales_2', 'extract_data_from_api', 'manual__2023-07-10T09:42:31.548393+00:00', '--job-id', '28', '--raw', '--subdir', 'DAGS_FOLDER/process_sales_2.py', '--cfg-path', '/tmp/tmpz77cqwnw']
[2023-07-10T09:42:33.214+0000] {standard_task_runner.py:85} INFO - Job 28: Subtask extract_data_from_api
[2023-07-10T09:42:33.260+0000] {task_command.py:410} INFO - Running <TaskInstance: process_sales_2.extract_data_from_api manual__2023-07-10T09:42:31.548393+00:00 [running]> on host bc27030ccba5
[2023-07-10T09:42:33.344+0000] {taskinstance.py:1547} INFO - Exporting env vars: AIRFLOW_CTX_DAG_OWNER='***' AIRFLOW_CTX_DAG_ID='process_sales_2' AIRFLOW_CTX_TASK_ID='extract_data_from_api' AIRFLOW_CTX_EXECUTION_DATE='2023-07-10T09:42:31.548393+00:00' AIRFLOW_CTX_TRY_NUMBER='1' AIRFLOW_CTX_DAG_RUN_ID='manual__2023-07-10T09:42:31.548393+00:00'
[2023-07-10T09:42:33.346+0000] {logging_mixin.py:149} INFO - 	I'm in get_sales(...) function!
[2023-07-10T09:42:33.590+0000] {logging_mixin.py:149} INFO - Page 1 started
[2023-07-10T09:42:33.592+0000] {logging_mixin.py:149} INFO - Page 1 done
[2023-07-10T09:42:33.592+0000] {logging_mixin.py:149} INFO - Status_code = 200
[2023-07-10T09:42:33.752+0000] {logging_mixin.py:149} INFO - Page 2 started
[2023-07-10T09:42:33.755+0000] {logging_mixin.py:149} INFO - Page 2 done
[2023-07-10T09:42:33.756+0000] {logging_mixin.py:149} INFO - Status_code = 200
[2023-07-10T09:42:33.917+0000] {logging_mixin.py:149} INFO - Page 3 started
[2023-07-10T09:42:33.919+0000] {logging_mixin.py:149} INFO - Page 3 done
[2023-07-10T09:42:33.920+0000] {logging_mixin.py:149} INFO - Status_code = 200
[2023-07-10T09:42:34.081+0000] {logging_mixin.py:149} INFO - Page 4 started
[2023-07-10T09:42:34.082+0000] {logging_mixin.py:149} INFO - Page 4 done
[2023-07-10T09:42:34.082+0000] {logging_mixin.py:149} INFO - Status_code = 200
[2023-07-10T09:42:34.243+0000] {logging_mixin.py:149} INFO - Deleted file: C:\Users\a.golovko\PycharmProjects\rd_data_engineer\lesson_07\dags\ht_template\file_storage/raw/sales/2022-08-09
[2023-07-10T09:42:34.243+0000] {logging_mixin.py:149} INFO - Cleanup complete for folder: C:\Users\a.golovko\PycharmProjects\rd_data_engineer\lesson_07\dags\ht_template\file_storage/raw/sales/2022-08-09
[2023-07-10T09:42:34.245+0000] {python.py:183} INFO - Done. Returned value was: None
[2023-07-10T09:42:34.257+0000] {taskinstance.py:1350} INFO - Marking task as SUCCESS. dag_id=process_sales_2, task_id=extract_data_from_api, execution_date=20230710T094231, start_date=20230710T094233, end_date=20230710T094234
[2023-07-10T09:42:34.312+0000] {local_task_job_runner.py:225} INFO - Task exited with return code 0
[2023-07-10T09:42:34.333+0000] {taskinstance.py:2653} INFO - 1 downstream tasks scheduled from follow-on schedule check
