[2023-07-13T11:57:06.536+0000] {taskinstance.py:1103} INFO - Dependencies all met for dep_context=non-requeueable deps ti=<TaskInstance: process_sales_13.extract_data_from_api manual__2023-07-13T11:57:04.761908+00:00 [queued]>
[2023-07-13T11:57:06.546+0000] {taskinstance.py:1103} INFO - Dependencies all met for dep_context=requeueable deps ti=<TaskInstance: process_sales_13.extract_data_from_api manual__2023-07-13T11:57:04.761908+00:00 [queued]>
[2023-07-13T11:57:06.547+0000] {taskinstance.py:1308} INFO - Starting attempt 1 of 1
[2023-07-13T11:57:06.562+0000] {taskinstance.py:1327} INFO - Executing <Task(PythonOperator): extract_data_from_api> on 2023-07-13 11:57:04.761908+00:00
[2023-07-13T11:57:06.566+0000] {standard_task_runner.py:57} INFO - Started process 2887 to run task
[2023-07-13T11:57:06.570+0000] {standard_task_runner.py:84} INFO - Running: ['***', 'tasks', 'run', 'process_sales_13', 'extract_data_from_api', 'manual__2023-07-13T11:57:04.761908+00:00', '--job-id', '143', '--raw', '--subdir', 'DAGS_FOLDER/process_sales_13.py', '--cfg-path', '/tmp/tmphmwx9ab1']
[2023-07-13T11:57:06.571+0000] {standard_task_runner.py:85} INFO - Job 143: Subtask extract_data_from_api
[2023-07-13T11:57:06.619+0000] {task_command.py:410} INFO - Running <TaskInstance: process_sales_13.extract_data_from_api manual__2023-07-13T11:57:04.761908+00:00 [running]> on host b58a2d5f4d18
[2023-07-13T11:57:06.700+0000] {taskinstance.py:1547} INFO - Exporting env vars: AIRFLOW_CTX_DAG_OWNER='***' AIRFLOW_CTX_DAG_ID='process_sales_13' AIRFLOW_CTX_TASK_ID='extract_data_from_api' AIRFLOW_CTX_EXECUTION_DATE='2023-07-13T11:57:04.761908+00:00' AIRFLOW_CTX_TRY_NUMBER='1' AIRFLOW_CTX_DAG_RUN_ID='manual__2023-07-13T11:57:04.761908+00:00'
[2023-07-13T11:57:06.703+0000] {logging_mixin.py:149} INFO - 	I'm in get_sales(...) function!
[2023-07-13T11:57:07.025+0000] {logging_mixin.py:149} INFO - Page 1 started
[2023-07-13T11:57:07.026+0000] {logging_mixin.py:149} INFO - Page 1 done
[2023-07-13T11:57:07.027+0000] {logging_mixin.py:149} INFO - Status_code = 200
[2023-07-13T11:57:07.187+0000] {logging_mixin.py:149} INFO - Page 2 started
[2023-07-13T11:57:07.193+0000] {logging_mixin.py:149} INFO - Page 2 done
[2023-07-13T11:57:07.194+0000] {logging_mixin.py:149} INFO - Status_code = 200
[2023-07-13T11:57:07.354+0000] {logging_mixin.py:149} INFO - Page 3 started
[2023-07-13T11:57:07.358+0000] {logging_mixin.py:149} INFO - Page 3 done
[2023-07-13T11:57:07.358+0000] {logging_mixin.py:149} INFO - Status_code = 200
[2023-07-13T11:57:07.517+0000] {logging_mixin.py:149} INFO - Page 4 started
[2023-07-13T11:57:07.518+0000] {logging_mixin.py:149} INFO - Page 4 done
[2023-07-13T11:57:07.519+0000] {logging_mixin.py:149} INFO - Status_code = 200
[2023-07-13T11:57:07.689+0000] {logging_mixin.py:149} INFO - Deleted file: /opt/***/processed_data/raw/sales/sales/2022-08-09
[2023-07-13T11:57:07.690+0000] {logging_mixin.py:149} INFO - Cleanup complete for folder: /opt/***/processed_data/raw/sales/sales/2022-08-09
[2023-07-13T11:57:07.694+0000] {logging_mixin.py:149} INFO - 	I'm in get_sales(...) function!
[2023-07-13T11:57:07.937+0000] {logging_mixin.py:149} INFO - Page 1 started
[2023-07-13T11:57:07.938+0000] {logging_mixin.py:149} INFO - Page 1 done
[2023-07-13T11:57:07.939+0000] {logging_mixin.py:149} INFO - Status_code = 200
[2023-07-13T11:57:08.098+0000] {logging_mixin.py:149} INFO - Page 2 started
[2023-07-13T11:57:08.103+0000] {logging_mixin.py:149} INFO - Page 2 done
[2023-07-13T11:57:08.104+0000] {logging_mixin.py:149} INFO - Status_code = 200
[2023-07-13T11:57:08.265+0000] {logging_mixin.py:149} INFO - Page 3 started
[2023-07-13T11:57:08.269+0000] {logging_mixin.py:149} INFO - Page 3 done
[2023-07-13T11:57:08.269+0000] {logging_mixin.py:149} INFO - Status_code = 200
[2023-07-13T11:57:08.434+0000] {logging_mixin.py:149} INFO - Page 4 started
[2023-07-13T11:57:08.435+0000] {logging_mixin.py:149} INFO - Page 4 done
[2023-07-13T11:57:08.436+0000] {logging_mixin.py:149} INFO - Status_code = 200
[2023-07-13T11:57:08.617+0000] {logging_mixin.py:149} INFO - Deleted file: /opt/***/processed_data/raw/sales/sales/2022-08-10
[2023-07-13T11:57:08.617+0000] {logging_mixin.py:149} INFO - Cleanup complete for folder: /opt/***/processed_data/raw/sales/sales/2022-08-10
[2023-07-13T11:57:08.622+0000] {logging_mixin.py:149} INFO - 	I'm in get_sales(...) function!
[2023-07-13T11:57:08.926+0000] {logging_mixin.py:149} INFO - Page 1 started
[2023-07-13T11:57:08.927+0000] {logging_mixin.py:149} INFO - Page 1 done
[2023-07-13T11:57:08.928+0000] {logging_mixin.py:149} INFO - Status_code = 200
[2023-07-13T11:57:09.094+0000] {logging_mixin.py:149} INFO - Page 2 started
[2023-07-13T11:57:09.097+0000] {logging_mixin.py:149} INFO - Page 2 done
[2023-07-13T11:57:09.099+0000] {logging_mixin.py:149} INFO - Status_code = 200
[2023-07-13T11:57:09.260+0000] {logging_mixin.py:149} INFO - Page 3 started
[2023-07-13T11:57:09.263+0000] {logging_mixin.py:149} INFO - Page 3 done
[2023-07-13T11:57:09.263+0000] {logging_mixin.py:149} INFO - Status_code = 200
[2023-07-13T11:57:09.423+0000] {logging_mixin.py:149} INFO - Page 4 started
[2023-07-13T11:57:09.424+0000] {logging_mixin.py:149} INFO - Page 4 done
[2023-07-13T11:57:09.425+0000] {logging_mixin.py:149} INFO - Status_code = 200
[2023-07-13T11:57:09.596+0000] {logging_mixin.py:149} INFO - Deleted file: /opt/***/processed_data/raw/sales/sales/2022-08-11
[2023-07-13T11:57:09.596+0000] {logging_mixin.py:149} INFO - Cleanup complete for folder: /opt/***/processed_data/raw/sales/sales/2022-08-11
[2023-07-13T11:57:09.601+0000] {python.py:183} INFO - Done. Returned value was: None
[2023-07-13T11:57:09.609+0000] {taskinstance.py:1350} INFO - Marking task as SUCCESS. dag_id=process_sales_13, task_id=extract_data_from_api, execution_date=20230713T115704, start_date=20230713T115706, end_date=20230713T115709
[2023-07-13T11:57:09.639+0000] {local_task_job_runner.py:225} INFO - Task exited with return code 0
[2023-07-13T11:57:09.659+0000] {taskinstance.py:2653} INFO - 1 downstream tasks scheduled from follow-on schedule check
