[2023-07-13T12:01:14.768+0000] {taskinstance.py:1103} INFO - Dependencies all met for dep_context=non-requeueable deps ti=<TaskInstance: process_sales_13.extract_data_from_api manual__2023-07-13T11:57:04.761908+00:00 [queued]>
[2023-07-13T12:01:14.776+0000] {taskinstance.py:1103} INFO - Dependencies all met for dep_context=requeueable deps ti=<TaskInstance: process_sales_13.extract_data_from_api manual__2023-07-13T11:57:04.761908+00:00 [queued]>
[2023-07-13T12:01:14.777+0000] {taskinstance.py:1308} INFO - Starting attempt 2 of 2
[2023-07-13T12:01:14.790+0000] {taskinstance.py:1327} INFO - Executing <Task(PythonOperator): extract_data_from_api> on 2023-07-13 11:57:04.761908+00:00
[2023-07-13T12:01:14.795+0000] {standard_task_runner.py:57} INFO - Started process 2970 to run task
[2023-07-13T12:01:14.799+0000] {standard_task_runner.py:84} INFO - Running: ['***', 'tasks', 'run', 'process_sales_13', 'extract_data_from_api', 'manual__2023-07-13T11:57:04.761908+00:00', '--job-id', '146', '--raw', '--subdir', 'DAGS_FOLDER/process_sales_13.py', '--cfg-path', '/tmp/tmpniln_915']
[2023-07-13T12:01:14.799+0000] {standard_task_runner.py:85} INFO - Job 146: Subtask extract_data_from_api
[2023-07-13T12:01:14.845+0000] {task_command.py:410} INFO - Running <TaskInstance: process_sales_13.extract_data_from_api manual__2023-07-13T11:57:04.761908+00:00 [running]> on host b58a2d5f4d18
[2023-07-13T12:01:14.938+0000] {taskinstance.py:1547} INFO - Exporting env vars: AIRFLOW_CTX_DAG_OWNER='***' AIRFLOW_CTX_DAG_ID='process_sales_13' AIRFLOW_CTX_TASK_ID='extract_data_from_api' AIRFLOW_CTX_EXECUTION_DATE='2023-07-13T11:57:04.761908+00:00' AIRFLOW_CTX_TRY_NUMBER='2' AIRFLOW_CTX_DAG_RUN_ID='manual__2023-07-13T11:57:04.761908+00:00'
[2023-07-13T12:01:14.941+0000] {logging_mixin.py:149} INFO - 	I'm in get_sales(...) function!
[2023-07-13T12:01:15.215+0000] {logging_mixin.py:149} INFO - Page 1 started
[2023-07-13T12:01:15.219+0000] {logging_mixin.py:149} INFO - Page 1 done
[2023-07-13T12:01:15.219+0000] {logging_mixin.py:149} INFO - Status_code = 200
[2023-07-13T12:01:15.381+0000] {logging_mixin.py:149} INFO - Page 2 started
[2023-07-13T12:01:15.385+0000] {logging_mixin.py:149} INFO - Page 2 done
[2023-07-13T12:01:15.386+0000] {logging_mixin.py:149} INFO - Status_code = 200
[2023-07-13T12:01:15.550+0000] {logging_mixin.py:149} INFO - Page 3 started
[2023-07-13T12:01:15.553+0000] {logging_mixin.py:149} INFO - Page 3 done
[2023-07-13T12:01:15.554+0000] {logging_mixin.py:149} INFO - Status_code = 200
[2023-07-13T12:01:15.723+0000] {logging_mixin.py:149} INFO - Page 4 started
[2023-07-13T12:01:15.724+0000] {logging_mixin.py:149} INFO - Page 4 done
[2023-07-13T12:01:15.725+0000] {logging_mixin.py:149} INFO - Status_code = 200
[2023-07-13T12:01:15.898+0000] {logging_mixin.py:149} INFO - 	I'm in get_sales(...) function!
[2023-07-13T12:01:16.135+0000] {logging_mixin.py:149} INFO - Page 1 started
[2023-07-13T12:01:16.136+0000] {logging_mixin.py:149} INFO - Page 1 done
[2023-07-13T12:01:16.137+0000] {logging_mixin.py:149} INFO - Status_code = 200
[2023-07-13T12:01:16.296+0000] {logging_mixin.py:149} INFO - Page 2 started
[2023-07-13T12:01:16.300+0000] {logging_mixin.py:149} INFO - Page 2 done
[2023-07-13T12:01:16.301+0000] {logging_mixin.py:149} INFO - Status_code = 200
[2023-07-13T12:01:16.460+0000] {logging_mixin.py:149} INFO - Page 3 started
[2023-07-13T12:01:16.464+0000] {logging_mixin.py:149} INFO - Page 3 done
[2023-07-13T12:01:16.465+0000] {logging_mixin.py:149} INFO - Status_code = 200
[2023-07-13T12:01:16.623+0000] {logging_mixin.py:149} INFO - Page 4 started
[2023-07-13T12:01:16.625+0000] {logging_mixin.py:149} INFO - Page 4 done
[2023-07-13T12:01:16.626+0000] {logging_mixin.py:149} INFO - Status_code = 200
[2023-07-13T12:01:16.800+0000] {logging_mixin.py:149} INFO - 	I'm in get_sales(...) function!
[2023-07-13T12:01:17.038+0000] {logging_mixin.py:149} INFO - Page 1 started
[2023-07-13T12:01:17.039+0000] {logging_mixin.py:149} INFO - Page 1 done
[2023-07-13T12:01:17.040+0000] {logging_mixin.py:149} INFO - Status_code = 200
[2023-07-13T12:01:17.200+0000] {logging_mixin.py:149} INFO - Page 2 started
[2023-07-13T12:01:17.204+0000] {logging_mixin.py:149} INFO - Page 2 done
[2023-07-13T12:01:17.204+0000] {logging_mixin.py:149} INFO - Status_code = 200
[2023-07-13T12:01:17.364+0000] {logging_mixin.py:149} INFO - Page 3 started
[2023-07-13T12:01:17.368+0000] {logging_mixin.py:149} INFO - Page 3 done
[2023-07-13T12:01:17.369+0000] {logging_mixin.py:149} INFO - Status_code = 200
[2023-07-13T12:01:17.528+0000] {logging_mixin.py:149} INFO - Page 4 started
[2023-07-13T12:01:17.529+0000] {logging_mixin.py:149} INFO - Page 4 done
[2023-07-13T12:01:17.530+0000] {logging_mixin.py:149} INFO - Status_code = 200
[2023-07-13T12:01:17.700+0000] {python.py:183} INFO - Done. Returned value was: None
[2023-07-13T12:01:17.708+0000] {taskinstance.py:1350} INFO - Marking task as SUCCESS. dag_id=process_sales_13, task_id=extract_data_from_api, execution_date=20230713T115704, start_date=20230713T120114, end_date=20230713T120117
[2023-07-13T12:01:17.745+0000] {local_task_job_runner.py:225} INFO - Task exited with return code 0
[2023-07-13T12:01:17.766+0000] {taskinstance.py:2653} INFO - 1 downstream tasks scheduled from follow-on schedule check
