[2023-07-12T13:57:02.261+0000] {taskinstance.py:1103} INFO - Dependencies all met for dep_context=non-requeueable deps ti=<TaskInstance: process_sales_10.extract_data_from_api manual__2023-07-12T13:42:46.884167+00:00 [queued]>
[2023-07-12T13:57:02.269+0000] {taskinstance.py:1103} INFO - Dependencies all met for dep_context=requeueable deps ti=<TaskInstance: process_sales_10.extract_data_from_api manual__2023-07-12T13:42:46.884167+00:00 [queued]>
[2023-07-12T13:57:02.270+0000] {taskinstance.py:1308} INFO - Starting attempt 3 of 3
[2023-07-12T13:57:02.283+0000] {taskinstance.py:1327} INFO - Executing <Task(PythonOperator): extract_data_from_api> on 2023-07-12 13:42:46.884167+00:00
[2023-07-12T13:57:02.288+0000] {standard_task_runner.py:57} INFO - Started process 801 to run task
[2023-07-12T13:57:02.291+0000] {standard_task_runner.py:84} INFO - Running: ['***', 'tasks', 'run', 'process_sales_10', 'extract_data_from_api', 'manual__2023-07-12T13:42:46.884167+00:00', '--job-id', '101', '--raw', '--subdir', 'DAGS_FOLDER/process_sales_10.py', '--cfg-path', '/tmp/tmp2ids_rr1']
[2023-07-12T13:57:02.292+0000] {standard_task_runner.py:85} INFO - Job 101: Subtask extract_data_from_api
[2023-07-12T13:57:02.336+0000] {task_command.py:410} INFO - Running <TaskInstance: process_sales_10.extract_data_from_api manual__2023-07-12T13:42:46.884167+00:00 [running]> on host b58a2d5f4d18
[2023-07-12T13:57:02.414+0000] {taskinstance.py:1547} INFO - Exporting env vars: AIRFLOW_CTX_DAG_OWNER='***' AIRFLOW_CTX_DAG_ID='process_sales_10' AIRFLOW_CTX_TASK_ID='extract_data_from_api' AIRFLOW_CTX_EXECUTION_DATE='2023-07-12T13:42:46.884167+00:00' AIRFLOW_CTX_TRY_NUMBER='3' AIRFLOW_CTX_DAG_RUN_ID='manual__2023-07-12T13:42:46.884167+00:00'
[2023-07-12T13:57:02.416+0000] {logging_mixin.py:149} INFO - 	I'm in get_sales(...) function!
[2023-07-12T13:57:02.678+0000] {logging_mixin.py:149} INFO - Page 1 started
[2023-07-12T13:57:02.687+0000] {logging_mixin.py:149} INFO - Page 1 done
[2023-07-12T13:57:02.687+0000] {logging_mixin.py:149} INFO - Status_code = 200
[2023-07-12T13:57:02.850+0000] {logging_mixin.py:149} INFO - Page 2 started
[2023-07-12T13:57:02.854+0000] {logging_mixin.py:149} INFO - Page 2 done
[2023-07-12T13:57:02.855+0000] {logging_mixin.py:149} INFO - Status_code = 200
[2023-07-12T13:57:03.016+0000] {logging_mixin.py:149} INFO - Page 3 started
[2023-07-12T13:57:03.030+0000] {logging_mixin.py:149} INFO - Page 3 done
[2023-07-12T13:57:03.031+0000] {logging_mixin.py:149} INFO - Status_code = 200
[2023-07-12T13:57:03.195+0000] {logging_mixin.py:149} INFO - Page 4 started
[2023-07-12T13:57:03.198+0000] {logging_mixin.py:149} INFO - Page 4 done
[2023-07-12T13:57:03.199+0000] {logging_mixin.py:149} INFO - Status_code = 200
[2023-07-12T13:57:03.376+0000] {logging_mixin.py:149} INFO - Deleted file: /opt/***/processed_data/raw/sales/2022-08-09
[2023-07-12T13:57:03.376+0000] {logging_mixin.py:149} INFO - Cleanup complete for folder: /opt/***/processed_data/raw/sales/2022-08-09
[2023-07-12T13:57:03.381+0000] {python.py:183} INFO - Done. Returned value was: None
[2023-07-12T13:57:03.389+0000] {taskinstance.py:1350} INFO - Marking task as SUCCESS. dag_id=process_sales_10, task_id=extract_data_from_api, execution_date=20230712T134246, start_date=20230712T135702, end_date=20230712T135703
[2023-07-12T13:57:03.431+0000] {local_task_job_runner.py:225} INFO - Task exited with return code 0
[2023-07-12T13:57:03.454+0000] {taskinstance.py:2653} INFO - 1 downstream tasks scheduled from follow-on schedule check
