[2023-07-12T13:42:48.389+0000] {taskinstance.py:1103} INFO - Dependencies all met for dep_context=non-requeueable deps ti=<TaskInstance: process_sales_10.extract_data_from_api manual__2023-07-12T13:42:46.884167+00:00 [queued]>
[2023-07-12T13:42:48.397+0000] {taskinstance.py:1103} INFO - Dependencies all met for dep_context=requeueable deps ti=<TaskInstance: process_sales_10.extract_data_from_api manual__2023-07-12T13:42:46.884167+00:00 [queued]>
[2023-07-12T13:42:48.398+0000] {taskinstance.py:1308} INFO - Starting attempt 1 of 1
[2023-07-12T13:42:48.412+0000] {taskinstance.py:1327} INFO - Executing <Task(PythonOperator): extract_data_from_api> on 2023-07-12 13:42:46.884167+00:00
[2023-07-12T13:42:48.417+0000] {standard_task_runner.py:57} INFO - Started process 539 to run task
[2023-07-12T13:42:48.420+0000] {standard_task_runner.py:84} INFO - Running: ['***', 'tasks', 'run', 'process_sales_10', 'extract_data_from_api', 'manual__2023-07-12T13:42:46.884167+00:00', '--job-id', '96', '--raw', '--subdir', 'DAGS_FOLDER/process_sales_10.py', '--cfg-path', '/tmp/tmp05smv0b_']
[2023-07-12T13:42:48.421+0000] {standard_task_runner.py:85} INFO - Job 96: Subtask extract_data_from_api
[2023-07-12T13:42:48.466+0000] {task_command.py:410} INFO - Running <TaskInstance: process_sales_10.extract_data_from_api manual__2023-07-12T13:42:46.884167+00:00 [running]> on host b58a2d5f4d18
[2023-07-12T13:42:48.555+0000] {taskinstance.py:1547} INFO - Exporting env vars: AIRFLOW_CTX_DAG_OWNER='***' AIRFLOW_CTX_DAG_ID='process_sales_10' AIRFLOW_CTX_TASK_ID='extract_data_from_api' AIRFLOW_CTX_EXECUTION_DATE='2023-07-12T13:42:46.884167+00:00' AIRFLOW_CTX_TRY_NUMBER='1' AIRFLOW_CTX_DAG_RUN_ID='manual__2023-07-12T13:42:46.884167+00:00'
[2023-07-12T13:42:48.557+0000] {logging_mixin.py:149} INFO - 	I'm in get_sales(...) function!
[2023-07-12T13:42:48.810+0000] {logging_mixin.py:149} INFO - Page 1 started
[2023-07-12T13:42:48.813+0000] {logging_mixin.py:149} INFO - Page 1 done
[2023-07-12T13:42:48.814+0000] {logging_mixin.py:149} INFO - Status_code = 200
[2023-07-12T13:42:48.982+0000] {logging_mixin.py:149} INFO - Page 2 started
[2023-07-12T13:42:48.984+0000] {logging_mixin.py:149} INFO - Page 2 done
[2023-07-12T13:42:48.985+0000] {logging_mixin.py:149} INFO - Status_code = 200
[2023-07-12T13:42:49.150+0000] {logging_mixin.py:149} INFO - Page 3 started
[2023-07-12T13:42:49.154+0000] {logging_mixin.py:149} INFO - Page 3 done
[2023-07-12T13:42:49.154+0000] {logging_mixin.py:149} INFO - Status_code = 200
[2023-07-12T13:42:49.316+0000] {logging_mixin.py:149} INFO - Page 4 started
[2023-07-12T13:42:49.318+0000] {logging_mixin.py:149} INFO - Page 4 done
[2023-07-12T13:42:49.319+0000] {logging_mixin.py:149} INFO - Status_code = 200
[2023-07-12T13:42:49.496+0000] {logging_mixin.py:149} INFO - Deleted file: /opt/***/processed_data/raw/sales/2022-08-09
[2023-07-12T13:42:49.497+0000] {logging_mixin.py:149} INFO - Cleanup complete for folder: /opt/***/processed_data/raw/sales/2022-08-09
[2023-07-12T13:42:49.501+0000] {python.py:183} INFO - Done. Returned value was: None
[2023-07-12T13:42:49.509+0000] {taskinstance.py:1350} INFO - Marking task as SUCCESS. dag_id=process_sales_10, task_id=extract_data_from_api, execution_date=20230712T134246, start_date=20230712T134248, end_date=20230712T134249
[2023-07-12T13:42:49.559+0000] {local_task_job_runner.py:225} INFO - Task exited with return code 0
[2023-07-12T13:42:49.585+0000] {taskinstance.py:2653} INFO - 1 downstream tasks scheduled from follow-on schedule check
