[2023-07-13T12:55:01.979+0000] {taskinstance.py:1103} INFO - Dependencies all met for dep_context=non-requeueable deps ti=<TaskInstance: process_sales_13.extract_data_from_api manual__2023-07-13T12:53:38.990835+00:00 [queued]>
[2023-07-13T12:55:01.988+0000] {taskinstance.py:1103} INFO - Dependencies all met for dep_context=requeueable deps ti=<TaskInstance: process_sales_13.extract_data_from_api manual__2023-07-13T12:53:38.990835+00:00 [queued]>
[2023-07-13T12:55:01.989+0000] {taskinstance.py:1308} INFO - Starting attempt 1 of 1
[2023-07-13T12:55:02.004+0000] {taskinstance.py:1327} INFO - Executing <Task(PythonOperator): extract_data_from_api> on 2023-07-13 12:53:38.990835+00:00
[2023-07-13T12:55:02.009+0000] {standard_task_runner.py:57} INFO - Started process 4049 to run task
[2023-07-13T12:55:02.012+0000] {standard_task_runner.py:84} INFO - Running: ['***', 'tasks', 'run', 'process_sales_13', 'extract_data_from_api', 'manual__2023-07-13T12:53:38.990835+00:00', '--job-id', '178', '--raw', '--subdir', 'DAGS_FOLDER/process_sales_13.py', '--cfg-path', '/tmp/tmpkx0a509_']
[2023-07-13T12:55:02.013+0000] {standard_task_runner.py:85} INFO - Job 178: Subtask extract_data_from_api
[2023-07-13T12:55:02.057+0000] {task_command.py:410} INFO - Running <TaskInstance: process_sales_13.extract_data_from_api manual__2023-07-13T12:53:38.990835+00:00 [running]> on host b58a2d5f4d18
[2023-07-13T12:55:02.135+0000] {taskinstance.py:1547} INFO - Exporting env vars: AIRFLOW_CTX_DAG_OWNER='***' AIRFLOW_CTX_DAG_ID='process_sales_13' AIRFLOW_CTX_TASK_ID='extract_data_from_api' AIRFLOW_CTX_EXECUTION_DATE='2023-07-13T12:53:38.990835+00:00' AIRFLOW_CTX_TRY_NUMBER='1' AIRFLOW_CTX_DAG_RUN_ID='manual__2023-07-13T12:53:38.990835+00:00'
[2023-07-13T12:55:02.138+0000] {logging_mixin.py:149} INFO - 	I'm in get_sales(...) function!
[2023-07-13T12:55:02.390+0000] {logging_mixin.py:149} INFO - Page 1 started
[2023-07-13T12:55:02.391+0000] {logging_mixin.py:149} INFO - Page 1 done
[2023-07-13T12:55:02.392+0000] {logging_mixin.py:149} INFO - Status_code = 200
[2023-07-13T12:55:02.557+0000] {logging_mixin.py:149} INFO - Page 2 started
[2023-07-13T12:55:02.573+0000] {logging_mixin.py:149} INFO - Page 2 done
[2023-07-13T12:55:02.573+0000] {logging_mixin.py:149} INFO - Status_code = 200
[2023-07-13T12:55:02.735+0000] {logging_mixin.py:149} INFO - Page 3 started
[2023-07-13T12:55:02.739+0000] {logging_mixin.py:149} INFO - Page 3 done
[2023-07-13T12:55:02.739+0000] {logging_mixin.py:149} INFO - Status_code = 200
[2023-07-13T12:55:02.899+0000] {logging_mixin.py:149} INFO - Page 4 started
[2023-07-13T12:55:02.900+0000] {logging_mixin.py:149} INFO - Page 4 done
[2023-07-13T12:55:02.901+0000] {logging_mixin.py:149} INFO - Status_code = 200
[2023-07-13T12:55:03.119+0000] {logging_mixin.py:149} INFO - Deleted file: /opt/***/processed_data/raw/sales
[2023-07-13T12:55:03.119+0000] {logging_mixin.py:149} INFO - Cleanup complete for folder: /opt/***/processed_data/raw/sales
[2023-07-13T12:55:03.125+0000] {logging_mixin.py:149} INFO - 	I'm in get_sales(...) function!
[2023-07-13T12:55:03.425+0000] {logging_mixin.py:149} INFO - Page 1 started
[2023-07-13T12:55:03.427+0000] {logging_mixin.py:149} INFO - Page 1 done
[2023-07-13T12:55:03.427+0000] {logging_mixin.py:149} INFO - Status_code = 200
[2023-07-13T12:55:03.591+0000] {logging_mixin.py:149} INFO - Page 2 started
[2023-07-13T12:55:03.601+0000] {logging_mixin.py:149} INFO - Page 2 done
[2023-07-13T12:55:03.602+0000] {logging_mixin.py:149} INFO - Status_code = 200
[2023-07-13T12:55:03.784+0000] {logging_mixin.py:149} INFO - Page 3 started
[2023-07-13T12:55:03.785+0000] {logging_mixin.py:149} INFO - Page 3 done
[2023-07-13T12:55:03.786+0000] {logging_mixin.py:149} INFO - Status_code = 200
[2023-07-13T12:55:03.945+0000] {logging_mixin.py:149} INFO - Page 4 started
[2023-07-13T12:55:03.948+0000] {logging_mixin.py:149} INFO - Page 4 done
[2023-07-13T12:55:03.949+0000] {logging_mixin.py:149} INFO - Status_code = 200
[2023-07-13T12:55:04.116+0000] {logging_mixin.py:149} INFO - Deleted file: /opt/***/processed_data/raw/sales
[2023-07-13T12:55:04.117+0000] {logging_mixin.py:149} INFO - Cleanup complete for folder: /opt/***/processed_data/raw/sales
[2023-07-13T12:55:04.121+0000] {logging_mixin.py:149} INFO - 	I'm in get_sales(...) function!
[2023-07-13T12:55:04.376+0000] {logging_mixin.py:149} INFO - Page 1 started
[2023-07-13T12:55:04.380+0000] {logging_mixin.py:149} INFO - Page 1 done
[2023-07-13T12:55:04.381+0000] {logging_mixin.py:149} INFO - Status_code = 200
[2023-07-13T12:55:04.541+0000] {logging_mixin.py:149} INFO - Page 2 started
[2023-07-13T12:55:04.546+0000] {logging_mixin.py:149} INFO - Page 2 done
[2023-07-13T12:55:04.546+0000] {logging_mixin.py:149} INFO - Status_code = 200
[2023-07-13T12:55:04.708+0000] {logging_mixin.py:149} INFO - Page 3 started
[2023-07-13T12:55:04.713+0000] {logging_mixin.py:149} INFO - Page 3 done
[2023-07-13T12:55:04.713+0000] {logging_mixin.py:149} INFO - Status_code = 200
[2023-07-13T12:55:04.873+0000] {logging_mixin.py:149} INFO - Page 4 started
[2023-07-13T12:55:04.937+0000] {logging_mixin.py:149} INFO - Page 4 done
[2023-07-13T12:55:04.937+0000] {logging_mixin.py:149} INFO - Status_code = 200
[2023-07-13T12:55:05.105+0000] {logging_mixin.py:149} INFO - Deleted file: /opt/***/processed_data/raw/sales
[2023-07-13T12:55:05.106+0000] {logging_mixin.py:149} INFO - Cleanup complete for folder: /opt/***/processed_data/raw/sales
[2023-07-13T12:55:05.109+0000] {python.py:183} INFO - Done. Returned value was: None
[2023-07-13T12:55:05.118+0000] {taskinstance.py:1350} INFO - Marking task as SUCCESS. dag_id=process_sales_13, task_id=extract_data_from_api, execution_date=20230713T125338, start_date=20230713T125501, end_date=20230713T125505
[2023-07-13T12:55:05.159+0000] {local_task_job_runner.py:225} INFO - Task exited with return code 0
[2023-07-13T12:55:05.184+0000] {taskinstance.py:2653} INFO - 1 downstream tasks scheduled from follow-on schedule check
