[2023-07-12T10:46:17.113+0000] {taskinstance.py:1103} INFO - Dependencies all met for dep_context=non-requeueable deps ti=<TaskInstance: process_sales_7.extract_data_from_api manual__2023-07-12T10:46:07.797335+00:00 [queued]>
[2023-07-12T10:46:17.140+0000] {taskinstance.py:1103} INFO - Dependencies all met for dep_context=requeueable deps ti=<TaskInstance: process_sales_7.extract_data_from_api manual__2023-07-12T10:46:07.797335+00:00 [queued]>
[2023-07-12T10:46:17.142+0000] {taskinstance.py:1308} INFO - Starting attempt 1 of 1
[2023-07-12T10:46:17.182+0000] {taskinstance.py:1327} INFO - Executing <Task(PythonOperator): extract_data_from_api> on 2023-07-12 10:46:07.797335+00:00
[2023-07-12T10:46:17.195+0000] {standard_task_runner.py:57} INFO - Started process 846 to run task
[2023-07-12T10:46:17.199+0000] {standard_task_runner.py:84} INFO - Running: ['***', 'tasks', 'run', 'process_sales_7', 'extract_data_from_api', 'manual__2023-07-12T10:46:07.797335+00:00', '--job-id', '80', '--raw', '--subdir', 'DAGS_FOLDER/process_sales_7.py', '--cfg-path', '/tmp/tmpyb9re9zi']
[2023-07-12T10:46:17.200+0000] {standard_task_runner.py:85} INFO - Job 80: Subtask extract_data_from_api
[2023-07-12T10:46:17.307+0000] {task_command.py:410} INFO - Running <TaskInstance: process_sales_7.extract_data_from_api manual__2023-07-12T10:46:07.797335+00:00 [running]> on host b58a2d5f4d18
[2023-07-12T10:46:17.546+0000] {taskinstance.py:1547} INFO - Exporting env vars: AIRFLOW_CTX_DAG_OWNER='***' AIRFLOW_CTX_DAG_ID='process_sales_7' AIRFLOW_CTX_TASK_ID='extract_data_from_api' AIRFLOW_CTX_EXECUTION_DATE='2023-07-12T10:46:07.797335+00:00' AIRFLOW_CTX_TRY_NUMBER='1' AIRFLOW_CTX_DAG_RUN_ID='manual__2023-07-12T10:46:07.797335+00:00'
[2023-07-12T10:46:17.550+0000] {logging_mixin.py:149} INFO - 	I'm in get_sales(...) function!
[2023-07-12T10:46:17.898+0000] {logging_mixin.py:149} INFO - Page 1 started
[2023-07-12T10:46:17.900+0000] {logging_mixin.py:149} INFO - Page 1 done
[2023-07-12T10:46:17.900+0000] {logging_mixin.py:149} INFO - Status_code = 200
[2023-07-12T10:46:18.064+0000] {logging_mixin.py:149} INFO - Page 2 started
[2023-07-12T10:46:18.068+0000] {logging_mixin.py:149} INFO - Page 2 done
[2023-07-12T10:46:18.068+0000] {logging_mixin.py:149} INFO - Status_code = 200
[2023-07-12T10:46:18.231+0000] {logging_mixin.py:149} INFO - Page 3 started
[2023-07-12T10:46:18.240+0000] {logging_mixin.py:149} INFO - Page 3 done
[2023-07-12T10:46:18.240+0000] {logging_mixin.py:149} INFO - Status_code = 200
[2023-07-12T10:46:18.401+0000] {logging_mixin.py:149} INFO - Page 4 started
[2023-07-12T10:46:18.402+0000] {logging_mixin.py:149} INFO - Page 4 done
[2023-07-12T10:46:18.402+0000] {logging_mixin.py:149} INFO - Status_code = 200
[2023-07-12T10:46:18.570+0000] {logging_mixin.py:149} INFO - Cleanup complete for folder: /opt/***/processed_data/raw/sales/2022-08-09
[2023-07-12T10:46:18.578+0000] {python.py:183} INFO - Done. Returned value was: None
[2023-07-12T10:46:18.591+0000] {taskinstance.py:1350} INFO - Marking task as SUCCESS. dag_id=process_sales_7, task_id=extract_data_from_api, execution_date=20230712T104607, start_date=20230712T104617, end_date=20230712T104618
[2023-07-12T10:46:22.645+0000] {local_task_job_runner.py:225} INFO - Task exited with return code 0
[2023-07-12T10:46:22.675+0000] {taskinstance.py:2653} INFO - 0 downstream tasks scheduled from follow-on schedule check
