[2023-07-12T12:45:12.974+0000] {taskinstance.py:1103} INFO - Dependencies all met for dep_context=non-requeueable deps ti=<TaskInstance: process_sales_10.extract_data_from_api_2 manual__2023-07-12T12:45:02.295290+00:00 [queued]>
[2023-07-12T12:45:12.988+0000] {taskinstance.py:1103} INFO - Dependencies all met for dep_context=requeueable deps ti=<TaskInstance: process_sales_10.extract_data_from_api_2 manual__2023-07-12T12:45:02.295290+00:00 [queued]>
[2023-07-12T12:45:12.989+0000] {taskinstance.py:1308} INFO - Starting attempt 1 of 1
[2023-07-12T12:45:13.012+0000] {taskinstance.py:1327} INFO - Executing <Task(PythonOperator): extract_data_from_api_2> on 2023-07-12 12:45:02.295290+00:00
[2023-07-12T12:45:13.019+0000] {standard_task_runner.py:57} INFO - Started process 2766 to run task
[2023-07-12T12:45:13.024+0000] {standard_task_runner.py:84} INFO - Running: ['***', 'tasks', 'run', 'process_sales_10', 'extract_data_from_api_2', 'manual__2023-07-12T12:45:02.295290+00:00', '--job-id', '87', '--raw', '--subdir', 'DAGS_FOLDER/process_sales_10.py', '--cfg-path', '/tmp/tmp5md0ikuy']
[2023-07-12T12:45:13.024+0000] {standard_task_runner.py:85} INFO - Job 87: Subtask extract_data_from_api_2
[2023-07-12T12:45:13.093+0000] {task_command.py:410} INFO - Running <TaskInstance: process_sales_10.extract_data_from_api_2 manual__2023-07-12T12:45:02.295290+00:00 [running]> on host b58a2d5f4d18
[2023-07-12T12:45:13.217+0000] {taskinstance.py:1547} INFO - Exporting env vars: AIRFLOW_CTX_DAG_OWNER='***' AIRFLOW_CTX_DAG_ID='process_sales_10' AIRFLOW_CTX_TASK_ID='extract_data_from_api_2' AIRFLOW_CTX_EXECUTION_DATE='2023-07-12T12:45:02.295290+00:00' AIRFLOW_CTX_TRY_NUMBER='1' AIRFLOW_CTX_DAG_RUN_ID='manual__2023-07-12T12:45:02.295290+00:00'
[2023-07-12T12:45:13.220+0000] {logging_mixin.py:149} INFO - 	I'm in get_sales(...) function!
[2023-07-12T12:45:13.466+0000] {logging_mixin.py:149} INFO - Page 1 started
[2023-07-12T12:45:13.468+0000] {logging_mixin.py:149} INFO - Page 1 done
[2023-07-12T12:45:13.469+0000] {logging_mixin.py:149} INFO - Status_code = 200
[2023-07-12T12:45:13.630+0000] {logging_mixin.py:149} INFO - Page 2 started
[2023-07-12T12:45:13.634+0000] {logging_mixin.py:149} INFO - Page 2 done
[2023-07-12T12:45:13.634+0000] {logging_mixin.py:149} INFO - Status_code = 200
[2023-07-12T12:45:13.796+0000] {logging_mixin.py:149} INFO - Page 3 started
[2023-07-12T12:45:13.800+0000] {logging_mixin.py:149} INFO - Page 3 done
[2023-07-12T12:45:13.801+0000] {logging_mixin.py:149} INFO - Status_code = 200
[2023-07-12T12:45:13.961+0000] {logging_mixin.py:149} INFO - Page 4 started
[2023-07-12T12:45:13.962+0000] {logging_mixin.py:149} INFO - Page 4 done
[2023-07-12T12:45:13.962+0000] {logging_mixin.py:149} INFO - Status_code = 200
[2023-07-12T12:45:14.132+0000] {logging_mixin.py:149} INFO - Cleanup complete for folder: /opt/***/processed_data/stg/sales/2022-08-09
[2023-07-12T12:45:14.141+0000] {python.py:183} INFO - Done. Returned value was: None
[2023-07-12T12:45:14.225+0000] {taskinstance.py:1350} INFO - Marking task as SUCCESS. dag_id=process_sales_10, task_id=extract_data_from_api_2, execution_date=20230712T124502, start_date=20230712T124512, end_date=20230712T124514
[2023-07-12T12:45:14.279+0000] {local_task_job_runner.py:225} INFO - Task exited with return code 0
[2023-07-12T12:45:14.316+0000] {taskinstance.py:2653} INFO - 0 downstream tasks scheduled from follow-on schedule check
