[2023-07-13T10:22:26.359+0000] {taskinstance.py:1103} INFO - Dependencies all met for dep_context=non-requeueable deps ti=<TaskInstance: process_sales_12.extract_data_from_api manual__2023-07-13T10:21:17.722911+00:00 [queued]>
[2023-07-13T10:22:26.371+0000] {taskinstance.py:1103} INFO - Dependencies all met for dep_context=requeueable deps ti=<TaskInstance: process_sales_12.extract_data_from_api manual__2023-07-13T10:21:17.722911+00:00 [queued]>
[2023-07-13T10:22:26.372+0000] {taskinstance.py:1308} INFO - Starting attempt 1 of 1
[2023-07-13T10:22:26.387+0000] {taskinstance.py:1327} INFO - Executing <Task(PythonOperator): extract_data_from_api> on 2023-07-13 10:21:17.722911+00:00
[2023-07-13T10:22:26.393+0000] {standard_task_runner.py:57} INFO - Started process 1176 to run task
[2023-07-13T10:22:26.396+0000] {standard_task_runner.py:84} INFO - Running: ['***', 'tasks', 'run', 'process_sales_12', 'extract_data_from_api', 'manual__2023-07-13T10:21:17.722911+00:00', '--job-id', '122', '--raw', '--subdir', 'DAGS_FOLDER/process_sales_12.py', '--cfg-path', '/tmp/tmpnkvxmu6m']
[2023-07-13T10:22:26.397+0000] {standard_task_runner.py:85} INFO - Job 122: Subtask extract_data_from_api
[2023-07-13T10:22:26.453+0000] {task_command.py:410} INFO - Running <TaskInstance: process_sales_12.extract_data_from_api manual__2023-07-13T10:21:17.722911+00:00 [running]> on host b58a2d5f4d18
[2023-07-13T10:22:26.535+0000] {taskinstance.py:1547} INFO - Exporting env vars: AIRFLOW_CTX_DAG_OWNER='***' AIRFLOW_CTX_DAG_ID='process_sales_12' AIRFLOW_CTX_TASK_ID='extract_data_from_api' AIRFLOW_CTX_EXECUTION_DATE='2023-07-13T10:21:17.722911+00:00' AIRFLOW_CTX_TRY_NUMBER='1' AIRFLOW_CTX_DAG_RUN_ID='manual__2023-07-13T10:21:17.722911+00:00'
[2023-07-13T10:22:26.539+0000] {logging_mixin.py:149} INFO - 	I'm in get_sales(...) function!
[2023-07-13T10:22:26.872+0000] {logging_mixin.py:149} INFO - Page 1 started
[2023-07-13T10:22:26.885+0000] {logging_mixin.py:149} INFO - Page 1 done
[2023-07-13T10:22:26.885+0000] {logging_mixin.py:149} INFO - Status_code = 200
[2023-07-13T10:22:27.052+0000] {logging_mixin.py:149} INFO - Page 2 started
[2023-07-13T10:22:27.058+0000] {logging_mixin.py:149} INFO - Page 2 done
[2023-07-13T10:22:27.058+0000] {logging_mixin.py:149} INFO - Status_code = 200
[2023-07-13T10:22:27.230+0000] {logging_mixin.py:149} INFO - Page 3 started
[2023-07-13T10:22:27.240+0000] {logging_mixin.py:149} INFO - Page 3 done
[2023-07-13T10:22:27.241+0000] {logging_mixin.py:149} INFO - Status_code = 200
[2023-07-13T10:22:27.410+0000] {logging_mixin.py:149} INFO - Page 4 started
[2023-07-13T10:22:27.412+0000] {logging_mixin.py:149} INFO - Page 4 done
[2023-07-13T10:22:27.413+0000] {logging_mixin.py:149} INFO - Status_code = 200
[2023-07-13T10:22:27.587+0000] {logging_mixin.py:149} INFO - Deleted file: /opt/***/processed_data/raw/sales/2022-08-09
[2023-07-13T10:22:27.588+0000] {logging_mixin.py:149} INFO - Cleanup complete for folder: /opt/***/processed_data/raw/sales/2022-08-09
[2023-07-13T10:22:27.593+0000] {python.py:183} INFO - Done. Returned value was: None
[2023-07-13T10:22:27.606+0000] {taskinstance.py:1350} INFO - Marking task as SUCCESS. dag_id=process_sales_12, task_id=extract_data_from_api, execution_date=20230713T102117, start_date=20230713T102226, end_date=20230713T102227
[2023-07-13T10:22:27.653+0000] {local_task_job_runner.py:225} INFO - Task exited with return code 0
[2023-07-13T10:22:27.676+0000] {taskinstance.py:2653} INFO - 1 downstream tasks scheduled from follow-on schedule check
