[2023-07-13T11:57:03.688+0000] {taskinstance.py:1103} INFO - Dependencies all met for dep_context=non-requeueable deps ti=<TaskInstance: process_sales_13.extract_data_from_api manual__2023-07-13T11:55:20.602948+00:00 [queued]>
[2023-07-13T11:57:03.697+0000] {taskinstance.py:1103} INFO - Dependencies all met for dep_context=requeueable deps ti=<TaskInstance: process_sales_13.extract_data_from_api manual__2023-07-13T11:55:20.602948+00:00 [queued]>
[2023-07-13T11:57:03.698+0000] {taskinstance.py:1308} INFO - Starting attempt 2 of 2
[2023-07-13T11:57:03.712+0000] {taskinstance.py:1327} INFO - Executing <Task(PythonOperator): extract_data_from_api> on 2023-07-13 11:55:20.602948+00:00
[2023-07-13T11:57:03.717+0000] {standard_task_runner.py:57} INFO - Started process 2881 to run task
[2023-07-13T11:57:03.720+0000] {standard_task_runner.py:84} INFO - Running: ['***', 'tasks', 'run', 'process_sales_13', 'extract_data_from_api', 'manual__2023-07-13T11:55:20.602948+00:00', '--job-id', '142', '--raw', '--subdir', 'DAGS_FOLDER/process_sales_13.py', '--cfg-path', '/tmp/tmpxj2ulcbm']
[2023-07-13T11:57:03.721+0000] {standard_task_runner.py:85} INFO - Job 142: Subtask extract_data_from_api
[2023-07-13T11:57:03.769+0000] {task_command.py:410} INFO - Running <TaskInstance: process_sales_13.extract_data_from_api manual__2023-07-13T11:55:20.602948+00:00 [running]> on host b58a2d5f4d18
[2023-07-13T11:57:03.854+0000] {taskinstance.py:1547} INFO - Exporting env vars: AIRFLOW_CTX_DAG_OWNER='***' AIRFLOW_CTX_DAG_ID='process_sales_13' AIRFLOW_CTX_TASK_ID='extract_data_from_api' AIRFLOW_CTX_EXECUTION_DATE='2023-07-13T11:55:20.602948+00:00' AIRFLOW_CTX_TRY_NUMBER='2' AIRFLOW_CTX_DAG_RUN_ID='manual__2023-07-13T11:55:20.602948+00:00'
[2023-07-13T11:57:03.857+0000] {logging_mixin.py:149} INFO - 	I'm in get_sales(...) function!
[2023-07-13T11:57:04.111+0000] {logging_mixin.py:149} INFO - Page 1 started
[2023-07-13T11:57:04.112+0000] {logging_mixin.py:149} INFO - Page 1 done
[2023-07-13T11:57:04.113+0000] {logging_mixin.py:149} INFO - Status_code = 200
[2023-07-13T11:57:04.272+0000] {logging_mixin.py:149} INFO - Page 2 started
[2023-07-13T11:57:04.277+0000] {logging_mixin.py:149} INFO - Page 2 done
[2023-07-13T11:57:04.277+0000] {logging_mixin.py:149} INFO - Status_code = 200
[2023-07-13T11:57:04.437+0000] {logging_mixin.py:149} INFO - Page 3 started
[2023-07-13T11:57:04.440+0000] {logging_mixin.py:149} INFO - Page 3 done
[2023-07-13T11:57:04.441+0000] {logging_mixin.py:149} INFO - Status_code = 200
[2023-07-13T11:57:04.624+0000] {logging_mixin.py:149} INFO - Page 4 started
[2023-07-13T11:57:04.625+0000] {logging_mixin.py:149} INFO - Page 4 done
[2023-07-13T11:57:04.626+0000] {logging_mixin.py:149} INFO - Status_code = 200
[2023-07-13T11:57:04.798+0000] {logging_mixin.py:149} INFO - 	I'm in get_sales(...) function!
[2023-07-13T11:57:05.041+0000] {logging_mixin.py:149} INFO - Page 1 started
[2023-07-13T11:57:05.042+0000] {logging_mixin.py:149} INFO - Page 1 done
[2023-07-13T11:57:05.042+0000] {logging_mixin.py:149} INFO - Status_code = 200
[2023-07-13T11:57:05.203+0000] {logging_mixin.py:149} INFO - Page 2 started
[2023-07-13T11:57:05.208+0000] {logging_mixin.py:149} INFO - Page 2 done
[2023-07-13T11:57:05.208+0000] {logging_mixin.py:149} INFO - Status_code = 200
[2023-07-13T11:57:05.368+0000] {logging_mixin.py:149} INFO - Page 3 started
[2023-07-13T11:57:05.374+0000] {logging_mixin.py:149} INFO - Page 3 done
[2023-07-13T11:57:05.375+0000] {logging_mixin.py:149} INFO - Status_code = 200
[2023-07-13T11:57:05.535+0000] {logging_mixin.py:149} INFO - Page 4 started
[2023-07-13T11:57:05.535+0000] {logging_mixin.py:149} INFO - Page 4 done
[2023-07-13T11:57:05.536+0000] {logging_mixin.py:149} INFO - Status_code = 200
[2023-07-13T11:57:05.706+0000] {logging_mixin.py:149} INFO - 	I'm in get_sales(...) function!
[2023-07-13T11:57:05.941+0000] {logging_mixin.py:149} INFO - Page 1 started
[2023-07-13T11:57:05.943+0000] {logging_mixin.py:149} INFO - Page 1 done
[2023-07-13T11:57:05.943+0000] {logging_mixin.py:149} INFO - Status_code = 200
[2023-07-13T11:57:06.103+0000] {logging_mixin.py:149} INFO - Page 2 started
[2023-07-13T11:57:06.107+0000] {logging_mixin.py:149} INFO - Page 2 done
[2023-07-13T11:57:06.108+0000] {logging_mixin.py:149} INFO - Status_code = 200
[2023-07-13T11:57:06.266+0000] {logging_mixin.py:149} INFO - Page 3 started
[2023-07-13T11:57:06.272+0000] {logging_mixin.py:149} INFO - Page 3 done
[2023-07-13T11:57:06.273+0000] {logging_mixin.py:149} INFO - Status_code = 200
[2023-07-13T11:57:06.430+0000] {logging_mixin.py:149} INFO - Page 4 started
[2023-07-13T11:57:06.431+0000] {logging_mixin.py:149} INFO - Page 4 done
[2023-07-13T11:57:06.432+0000] {logging_mixin.py:149} INFO - Status_code = 200
[2023-07-13T11:57:06.603+0000] {python.py:183} INFO - Done. Returned value was: None
[2023-07-13T11:57:06.611+0000] {taskinstance.py:1350} INFO - Marking task as SUCCESS. dag_id=process_sales_13, task_id=extract_data_from_api, execution_date=20230713T115520, start_date=20230713T115703, end_date=20230713T115706
[2023-07-13T11:57:06.664+0000] {local_task_job_runner.py:225} INFO - Task exited with return code 0
[2023-07-13T11:57:06.684+0000] {taskinstance.py:2653} INFO - 1 downstream tasks scheduled from follow-on schedule check
