[2023-07-13T11:55:22.640+0000] {taskinstance.py:1103} INFO - Dependencies all met for dep_context=non-requeueable deps ti=<TaskInstance: process_sales_13.extract_data_from_api manual__2023-07-13T11:55:20.602948+00:00 [queued]>
[2023-07-13T11:55:22.649+0000] {taskinstance.py:1103} INFO - Dependencies all met for dep_context=requeueable deps ti=<TaskInstance: process_sales_13.extract_data_from_api manual__2023-07-13T11:55:20.602948+00:00 [queued]>
[2023-07-13T11:55:22.650+0000] {taskinstance.py:1308} INFO - Starting attempt 1 of 1
[2023-07-13T11:55:22.663+0000] {taskinstance.py:1327} INFO - Executing <Task(PythonOperator): extract_data_from_api> on 2023-07-13 11:55:20.602948+00:00
[2023-07-13T11:55:22.668+0000] {standard_task_runner.py:57} INFO - Started process 2844 to run task
[2023-07-13T11:55:22.671+0000] {standard_task_runner.py:84} INFO - Running: ['***', 'tasks', 'run', 'process_sales_13', 'extract_data_from_api', 'manual__2023-07-13T11:55:20.602948+00:00', '--job-id', '140', '--raw', '--subdir', 'DAGS_FOLDER/process_sales_13.py', '--cfg-path', '/tmp/tmp9u6qiauh']
[2023-07-13T11:55:22.672+0000] {standard_task_runner.py:85} INFO - Job 140: Subtask extract_data_from_api
[2023-07-13T11:55:22.714+0000] {task_command.py:410} INFO - Running <TaskInstance: process_sales_13.extract_data_from_api manual__2023-07-13T11:55:20.602948+00:00 [running]> on host b58a2d5f4d18
[2023-07-13T11:55:22.790+0000] {taskinstance.py:1547} INFO - Exporting env vars: AIRFLOW_CTX_DAG_OWNER='***' AIRFLOW_CTX_DAG_ID='process_sales_13' AIRFLOW_CTX_TASK_ID='extract_data_from_api' AIRFLOW_CTX_EXECUTION_DATE='2023-07-13T11:55:20.602948+00:00' AIRFLOW_CTX_TRY_NUMBER='1' AIRFLOW_CTX_DAG_RUN_ID='manual__2023-07-13T11:55:20.602948+00:00'
[2023-07-13T11:55:22.792+0000] {logging_mixin.py:149} INFO - 	I'm in get_sales(...) function!
[2023-07-13T11:55:23.043+0000] {logging_mixin.py:149} INFO - Page 1 started
[2023-07-13T11:55:23.045+0000] {logging_mixin.py:149} INFO - Page 1 done
[2023-07-13T11:55:23.046+0000] {logging_mixin.py:149} INFO - Status_code = 200
[2023-07-13T11:55:23.210+0000] {logging_mixin.py:149} INFO - Page 2 started
[2023-07-13T11:55:23.217+0000] {logging_mixin.py:149} INFO - Page 2 done
[2023-07-13T11:55:23.217+0000] {logging_mixin.py:149} INFO - Status_code = 200
[2023-07-13T11:55:23.377+0000] {logging_mixin.py:149} INFO - Page 3 started
[2023-07-13T11:55:23.382+0000] {logging_mixin.py:149} INFO - Page 3 done
[2023-07-13T11:55:23.382+0000] {logging_mixin.py:149} INFO - Status_code = 200
[2023-07-13T11:55:23.545+0000] {logging_mixin.py:149} INFO - Page 4 started
[2023-07-13T11:55:23.547+0000] {logging_mixin.py:149} INFO - Page 4 done
[2023-07-13T11:55:23.548+0000] {logging_mixin.py:149} INFO - Status_code = 200
[2023-07-13T11:55:23.720+0000] {logging_mixin.py:149} INFO - Cleanup complete for folder: /opt/***/processed_data/raw/sales/sales
[2023-07-13T11:55:23.724+0000] {logging_mixin.py:149} INFO - 	I'm in get_sales(...) function!
[2023-07-13T11:55:23.963+0000] {logging_mixin.py:149} INFO - Page 1 started
[2023-07-13T11:55:23.965+0000] {logging_mixin.py:149} INFO - Page 1 done
[2023-07-13T11:55:23.966+0000] {logging_mixin.py:149} INFO - Status_code = 200
[2023-07-13T11:55:24.128+0000] {logging_mixin.py:149} INFO - Page 2 started
[2023-07-13T11:55:24.131+0000] {logging_mixin.py:149} INFO - Page 2 done
[2023-07-13T11:55:24.132+0000] {logging_mixin.py:149} INFO - Status_code = 200
[2023-07-13T11:55:24.293+0000] {logging_mixin.py:149} INFO - Page 3 started
[2023-07-13T11:55:24.296+0000] {logging_mixin.py:149} INFO - Page 3 done
[2023-07-13T11:55:24.297+0000] {logging_mixin.py:149} INFO - Status_code = 200
[2023-07-13T11:55:24.459+0000] {logging_mixin.py:149} INFO - Page 4 started
[2023-07-13T11:55:24.459+0000] {logging_mixin.py:149} INFO - Page 4 done
[2023-07-13T11:55:24.460+0000] {logging_mixin.py:149} INFO - Status_code = 200
[2023-07-13T11:55:24.630+0000] {logging_mixin.py:149} INFO - Deleted file: /opt/***/processed_data/raw/sales/sales
[2023-07-13T11:55:24.631+0000] {logging_mixin.py:149} INFO - Cleanup complete for folder: /opt/***/processed_data/raw/sales/sales
[2023-07-13T11:55:24.636+0000] {logging_mixin.py:149} INFO - 	I'm in get_sales(...) function!
[2023-07-13T11:55:24.877+0000] {logging_mixin.py:149} INFO - Page 1 started
[2023-07-13T11:55:24.879+0000] {logging_mixin.py:149} INFO - Page 1 done
[2023-07-13T11:55:24.880+0000] {logging_mixin.py:149} INFO - Status_code = 200
[2023-07-13T11:55:25.042+0000] {logging_mixin.py:149} INFO - Page 2 started
[2023-07-13T11:55:25.046+0000] {logging_mixin.py:149} INFO - Page 2 done
[2023-07-13T11:55:25.048+0000] {logging_mixin.py:149} INFO - Status_code = 200
[2023-07-13T11:55:25.210+0000] {logging_mixin.py:149} INFO - Page 3 started
[2023-07-13T11:55:25.214+0000] {logging_mixin.py:149} INFO - Page 3 done
[2023-07-13T11:55:25.215+0000] {logging_mixin.py:149} INFO - Status_code = 200
[2023-07-13T11:55:25.377+0000] {logging_mixin.py:149} INFO - Page 4 started
[2023-07-13T11:55:25.379+0000] {logging_mixin.py:149} INFO - Page 4 done
[2023-07-13T11:55:25.380+0000] {logging_mixin.py:149} INFO - Status_code = 200
[2023-07-13T11:55:25.552+0000] {logging_mixin.py:149} INFO - Deleted file: /opt/***/processed_data/raw/sales/sales
[2023-07-13T11:55:25.552+0000] {logging_mixin.py:149} INFO - Cleanup complete for folder: /opt/***/processed_data/raw/sales/sales
[2023-07-13T11:55:25.556+0000] {python.py:183} INFO - Done. Returned value was: None
[2023-07-13T11:55:25.564+0000] {taskinstance.py:1350} INFO - Marking task as SUCCESS. dag_id=process_sales_13, task_id=extract_data_from_api, execution_date=20230713T115520, start_date=20230713T115522, end_date=20230713T115525
[2023-07-13T11:55:25.581+0000] {local_task_job_runner.py:225} INFO - Task exited with return code 0
[2023-07-13T11:55:25.599+0000] {taskinstance.py:2653} INFO - 1 downstream tasks scheduled from follow-on schedule check
