[2023-07-11T11:37:25.849+0000] {taskinstance.py:1103} INFO - Dependencies all met for dep_context=non-requeueable deps ti=<TaskInstance: process_sales_4.extract_data_from_api manual__2023-07-11T11:37:23.716182+00:00 [queued]>
[2023-07-11T11:37:25.863+0000] {taskinstance.py:1103} INFO - Dependencies all met for dep_context=requeueable deps ti=<TaskInstance: process_sales_4.extract_data_from_api manual__2023-07-11T11:37:23.716182+00:00 [queued]>
[2023-07-11T11:37:25.864+0000] {taskinstance.py:1308} INFO - Starting attempt 1 of 1
[2023-07-11T11:37:25.886+0000] {taskinstance.py:1327} INFO - Executing <Task(PythonOperator): extract_data_from_api> on 2023-07-11 11:37:23.716182+00:00
[2023-07-11T11:37:25.892+0000] {standard_task_runner.py:57} INFO - Started process 4324 to run task
[2023-07-11T11:37:25.897+0000] {standard_task_runner.py:84} INFO - Running: ['***', 'tasks', 'run', 'process_sales_4', 'extract_data_from_api', 'manual__2023-07-11T11:37:23.716182+00:00', '--job-id', '71', '--raw', '--subdir', 'DAGS_FOLDER/process_sales_4.py', '--cfg-path', '/tmp/tmp_zd10fbg']
[2023-07-11T11:37:25.898+0000] {standard_task_runner.py:85} INFO - Job 71: Subtask extract_data_from_api
[2023-07-11T11:37:25.962+0000] {task_command.py:410} INFO - Running <TaskInstance: process_sales_4.extract_data_from_api manual__2023-07-11T11:37:23.716182+00:00 [running]> on host ca64464cba28
[2023-07-11T11:37:26.086+0000] {taskinstance.py:1547} INFO - Exporting env vars: AIRFLOW_CTX_DAG_OWNER='***' AIRFLOW_CTX_DAG_ID='process_sales_4' AIRFLOW_CTX_TASK_ID='extract_data_from_api' AIRFLOW_CTX_EXECUTION_DATE='2023-07-11T11:37:23.716182+00:00' AIRFLOW_CTX_TRY_NUMBER='1' AIRFLOW_CTX_DAG_RUN_ID='manual__2023-07-11T11:37:23.716182+00:00'
[2023-07-11T11:37:26.089+0000] {logging_mixin.py:149} INFO - 	I'm in get_sales(...) function!
[2023-07-11T11:37:26.418+0000] {logging_mixin.py:149} INFO - Page 1 started
[2023-07-11T11:37:26.423+0000] {logging_mixin.py:149} INFO - Page 1 done
[2023-07-11T11:37:26.423+0000] {logging_mixin.py:149} INFO - Status_code = 200
[2023-07-11T11:37:26.582+0000] {logging_mixin.py:149} INFO - Page 2 started
[2023-07-11T11:37:26.586+0000] {logging_mixin.py:149} INFO - Page 2 done
[2023-07-11T11:37:26.586+0000] {logging_mixin.py:149} INFO - Status_code = 200
[2023-07-11T11:37:26.745+0000] {logging_mixin.py:149} INFO - Page 3 started
[2023-07-11T11:37:26.749+0000] {logging_mixin.py:149} INFO - Page 3 done
[2023-07-11T11:37:26.749+0000] {logging_mixin.py:149} INFO - Status_code = 200
[2023-07-11T11:37:26.909+0000] {logging_mixin.py:149} INFO - Page 4 started
[2023-07-11T11:37:26.910+0000] {logging_mixin.py:149} INFO - Page 4 done
[2023-07-11T11:37:26.911+0000] {logging_mixin.py:149} INFO - Status_code = 200
[2023-07-11T11:37:27.088+0000] {python.py:183} INFO - Done. Returned value was: None
[2023-07-11T11:37:27.100+0000] {taskinstance.py:1350} INFO - Marking task as SUCCESS. dag_id=process_sales_4, task_id=extract_data_from_api, execution_date=20230711T113723, start_date=20230711T113725, end_date=20230711T113727
[2023-07-11T11:37:27.153+0000] {local_task_job_runner.py:225} INFO - Task exited with return code 0
[2023-07-11T11:37:27.171+0000] {taskinstance.py:2653} INFO - 0 downstream tasks scheduled from follow-on schedule check
