[2023-07-13T12:21:24.011+0000] {taskinstance.py:1103} INFO - Dependencies all met for dep_context=non-requeueable deps ti=<TaskInstance: process_sales_13.extract_data_from_api manual__2023-07-13T12:12:17.800705+00:00 [queued]>
[2023-07-13T12:21:24.021+0000] {taskinstance.py:1103} INFO - Dependencies all met for dep_context=requeueable deps ti=<TaskInstance: process_sales_13.extract_data_from_api manual__2023-07-13T12:12:17.800705+00:00 [queued]>
[2023-07-13T12:21:24.022+0000] {taskinstance.py:1308} INFO - Starting attempt 2 of 2
[2023-07-13T12:21:24.035+0000] {taskinstance.py:1327} INFO - Executing <Task(PythonOperator): extract_data_from_api> on 2023-07-13 12:12:17.800705+00:00
[2023-07-13T12:21:24.039+0000] {standard_task_runner.py:57} INFO - Started process 3376 to run task
[2023-07-13T12:21:24.043+0000] {standard_task_runner.py:84} INFO - Running: ['***', 'tasks', 'run', 'process_sales_13', 'extract_data_from_api', 'manual__2023-07-13T12:12:17.800705+00:00', '--job-id', '158', '--raw', '--subdir', 'DAGS_FOLDER/process_sales_13.py', '--cfg-path', '/tmp/tmp5fnfbvm6']
[2023-07-13T12:21:24.044+0000] {standard_task_runner.py:85} INFO - Job 158: Subtask extract_data_from_api
[2023-07-13T12:21:24.090+0000] {task_command.py:410} INFO - Running <TaskInstance: process_sales_13.extract_data_from_api manual__2023-07-13T12:12:17.800705+00:00 [running]> on host b58a2d5f4d18
[2023-07-13T12:21:24.176+0000] {taskinstance.py:1547} INFO - Exporting env vars: AIRFLOW_CTX_DAG_OWNER='***' AIRFLOW_CTX_DAG_ID='process_sales_13' AIRFLOW_CTX_TASK_ID='extract_data_from_api' AIRFLOW_CTX_EXECUTION_DATE='2023-07-13T12:12:17.800705+00:00' AIRFLOW_CTX_TRY_NUMBER='2' AIRFLOW_CTX_DAG_RUN_ID='manual__2023-07-13T12:12:17.800705+00:00'
[2023-07-13T12:21:24.178+0000] {logging_mixin.py:149} INFO - 	I'm in get_sales(...) function!
[2023-07-13T12:21:24.429+0000] {logging_mixin.py:149} INFO - Page 1 started
[2023-07-13T12:21:24.430+0000] {logging_mixin.py:149} INFO - Page 1 done
[2023-07-13T12:21:24.431+0000] {logging_mixin.py:149} INFO - Status_code = 200
[2023-07-13T12:21:24.592+0000] {logging_mixin.py:149} INFO - Page 2 started
[2023-07-13T12:21:24.595+0000] {logging_mixin.py:149} INFO - Page 2 done
[2023-07-13T12:21:24.597+0000] {logging_mixin.py:149} INFO - Status_code = 200
[2023-07-13T12:21:24.764+0000] {logging_mixin.py:149} INFO - Page 3 started
[2023-07-13T12:21:24.766+0000] {logging_mixin.py:149} INFO - Page 3 done
[2023-07-13T12:21:24.767+0000] {logging_mixin.py:149} INFO - Status_code = 200
[2023-07-13T12:21:24.928+0000] {logging_mixin.py:149} INFO - Page 4 started
[2023-07-13T12:21:24.929+0000] {logging_mixin.py:149} INFO - Page 4 done
[2023-07-13T12:21:24.930+0000] {logging_mixin.py:149} INFO - Status_code = 200
[2023-07-13T12:21:25.105+0000] {logging_mixin.py:149} INFO - Cleanup complete for folder: /opt/***/processed_data/raw/sales/sales
[2023-07-13T12:21:25.109+0000] {logging_mixin.py:149} INFO - 	I'm in get_sales(...) function!
[2023-07-13T12:21:25.405+0000] {logging_mixin.py:149} INFO - Page 1 started
[2023-07-13T12:21:25.433+0000] {logging_mixin.py:149} INFO - Page 1 done
[2023-07-13T12:21:25.434+0000] {logging_mixin.py:149} INFO - Status_code = 200
[2023-07-13T12:21:25.594+0000] {logging_mixin.py:149} INFO - Page 2 started
[2023-07-13T12:21:25.602+0000] {logging_mixin.py:149} INFO - Page 2 done
[2023-07-13T12:21:25.602+0000] {logging_mixin.py:149} INFO - Status_code = 200
[2023-07-13T12:21:25.763+0000] {logging_mixin.py:149} INFO - Page 3 started
[2023-07-13T12:21:25.771+0000] {logging_mixin.py:149} INFO - Page 3 done
[2023-07-13T12:21:25.771+0000] {logging_mixin.py:149} INFO - Status_code = 200
[2023-07-13T12:21:25.946+0000] {logging_mixin.py:149} INFO - Page 4 started
[2023-07-13T12:21:25.946+0000] {logging_mixin.py:149} INFO - Page 4 done
[2023-07-13T12:21:25.947+0000] {logging_mixin.py:149} INFO - Status_code = 200
[2023-07-13T12:21:26.124+0000] {logging_mixin.py:149} INFO - Deleted file: /opt/***/processed_data/raw/sales/sales
[2023-07-13T12:21:26.125+0000] {logging_mixin.py:149} INFO - Cleanup complete for folder: /opt/***/processed_data/raw/sales/sales
[2023-07-13T12:21:26.130+0000] {logging_mixin.py:149} INFO - 	I'm in get_sales(...) function!
[2023-07-13T12:21:26.373+0000] {logging_mixin.py:149} INFO - Page 1 started
[2023-07-13T12:21:26.376+0000] {logging_mixin.py:149} INFO - Page 1 done
[2023-07-13T12:21:26.377+0000] {logging_mixin.py:149} INFO - Status_code = 200
[2023-07-13T12:21:26.543+0000] {logging_mixin.py:149} INFO - Page 2 started
[2023-07-13T12:21:26.546+0000] {logging_mixin.py:149} INFO - Page 2 done
[2023-07-13T12:21:26.547+0000] {logging_mixin.py:149} INFO - Status_code = 200
[2023-07-13T12:21:26.730+0000] {logging_mixin.py:149} INFO - Page 3 started
[2023-07-13T12:21:26.731+0000] {logging_mixin.py:149} INFO - Page 3 done
[2023-07-13T12:21:26.732+0000] {logging_mixin.py:149} INFO - Status_code = 200
[2023-07-13T12:21:26.891+0000] {logging_mixin.py:149} INFO - Page 4 started
[2023-07-13T12:21:26.894+0000] {logging_mixin.py:149} INFO - Page 4 done
[2023-07-13T12:21:26.895+0000] {logging_mixin.py:149} INFO - Status_code = 200
[2023-07-13T12:21:27.070+0000] {logging_mixin.py:149} INFO - Deleted file: /opt/***/processed_data/raw/sales/sales
[2023-07-13T12:21:27.071+0000] {logging_mixin.py:149} INFO - Cleanup complete for folder: /opt/***/processed_data/raw/sales/sales
[2023-07-13T12:21:27.074+0000] {python.py:183} INFO - Done. Returned value was: None
[2023-07-13T12:21:27.083+0000] {taskinstance.py:1350} INFO - Marking task as SUCCESS. dag_id=process_sales_13, task_id=extract_data_from_api, execution_date=20230713T121217, start_date=20230713T122124, end_date=20230713T122127
[2023-07-13T12:21:27.114+0000] {local_task_job_runner.py:225} INFO - Task exited with return code 0
[2023-07-13T12:21:27.133+0000] {taskinstance.py:2653} INFO - 1 downstream tasks scheduled from follow-on schedule check
