[2023-07-13T12:01:22.847+0000] {taskinstance.py:1103} INFO - Dependencies all met for dep_context=non-requeueable deps ti=<TaskInstance: process_sales_13.convert_to_avro manual__2023-07-13T12:01:15.755419+00:00 [queued]>
[2023-07-13T12:01:22.859+0000] {taskinstance.py:1103} INFO - Dependencies all met for dep_context=requeueable deps ti=<TaskInstance: process_sales_13.convert_to_avro manual__2023-07-13T12:01:15.755419+00:00 [queued]>
[2023-07-13T12:01:22.860+0000] {taskinstance.py:1308} INFO - Starting attempt 1 of 1
[2023-07-13T12:01:22.878+0000] {taskinstance.py:1327} INFO - Executing <Task(PythonOperator): convert_to_avro> on 2023-07-13 12:01:15.755419+00:00
[2023-07-13T12:01:22.884+0000] {standard_task_runner.py:57} INFO - Started process 2992 to run task
[2023-07-13T12:01:22.890+0000] {standard_task_runner.py:84} INFO - Running: ['***', 'tasks', 'run', 'process_sales_13', 'convert_to_avro', 'manual__2023-07-13T12:01:15.755419+00:00', '--job-id', '149', '--raw', '--subdir', 'DAGS_FOLDER/process_sales_13.py', '--cfg-path', '/tmp/tmpvduxp7fc']
[2023-07-13T12:01:22.890+0000] {standard_task_runner.py:85} INFO - Job 149: Subtask convert_to_avro
[2023-07-13T12:01:22.944+0000] {task_command.py:410} INFO - Running <TaskInstance: process_sales_13.convert_to_avro manual__2023-07-13T12:01:15.755419+00:00 [running]> on host b58a2d5f4d18
[2023-07-13T12:01:23.048+0000] {taskinstance.py:1547} INFO - Exporting env vars: AIRFLOW_CTX_DAG_OWNER='***' AIRFLOW_CTX_DAG_ID='process_sales_13' AIRFLOW_CTX_TASK_ID='convert_to_avro' AIRFLOW_CTX_EXECUTION_DATE='2023-07-13T12:01:15.755419+00:00' AIRFLOW_CTX_TRY_NUMBER='1' AIRFLOW_CTX_DAG_RUN_ID='manual__2023-07-13T12:01:15.755419+00:00'
[2023-07-13T12:01:23.063+0000] {logging_mixin.py:149} INFO - File sales_2022-08-09.json read from /opt/***/processed_data/raw/sales
[2023-07-13T12:01:23.071+0000] {logging_mixin.py:149} INFO - File sales_2022-08-10.json read from /opt/***/processed_data/raw/sales
[2023-07-13T12:01:23.078+0000] {logging_mixin.py:149} INFO - File sales_2022-08-11.json read from /opt/***/processed_data/raw/sales
[2023-07-13T12:01:23.084+0000] {logging_mixin.py:149} INFO - Deleted file: /opt/***/processed_data/stg/sales
[2023-07-13T12:01:23.086+0000] {logging_mixin.py:149} INFO - Deleted file: /opt/***/processed_data/stg/sales
[2023-07-13T12:01:23.090+0000] {logging_mixin.py:149} INFO - Deleted file: /opt/***/processed_data/stg/sales
[2023-07-13T12:01:23.091+0000] {logging_mixin.py:149} INFO - Cleanup complete for folder: /opt/***/processed_data/stg/sales
[2023-07-13T12:01:23.096+0000] {logging_mixin.py:149} INFO - File sales_2022-08-09.avro writen to /opt/***/processed_data/stg/sales
[2023-07-13T12:01:23.101+0000] {logging_mixin.py:149} INFO - File sales_2022-08-10.avro writen to /opt/***/processed_data/stg/sales
[2023-07-13T12:01:23.106+0000] {logging_mixin.py:149} INFO - File sales_2022-08-11.avro writen to /opt/***/processed_data/stg/sales
[2023-07-13T12:01:23.106+0000] {python.py:183} INFO - Done. Returned value was: None
[2023-07-13T12:01:23.117+0000] {taskinstance.py:1350} INFO - Marking task as SUCCESS. dag_id=process_sales_13, task_id=convert_to_avro, execution_date=20230713T120115, start_date=20230713T120122, end_date=20230713T120123
[2023-07-13T12:01:23.141+0000] {local_task_job_runner.py:225} INFO - Task exited with return code 0
[2023-07-13T12:01:23.164+0000] {taskinstance.py:2653} INFO - 0 downstream tasks scheduled from follow-on schedule check
