[2023-07-12T12:41:31.545+0000] {taskinstance.py:1103} INFO - Dependencies all met for dep_context=non-requeueable deps ti=<TaskInstance: process_sales_2.extract_data_from_api manual__2023-07-12T12:41:27.452266+00:00 [queued]>
[2023-07-12T12:41:31.570+0000] {taskinstance.py:1103} INFO - Dependencies all met for dep_context=requeueable deps ti=<TaskInstance: process_sales_2.extract_data_from_api manual__2023-07-12T12:41:27.452266+00:00 [queued]>
[2023-07-12T12:41:31.571+0000] {taskinstance.py:1308} INFO - Starting attempt 1 of 1
[2023-07-12T12:41:31.629+0000] {taskinstance.py:1327} INFO - Executing <Task(PythonOperator): extract_data_from_api> on 2023-07-12 12:41:27.452266+00:00
[2023-07-12T12:41:31.644+0000] {standard_task_runner.py:57} INFO - Started process 2697 to run task
[2023-07-12T12:41:31.649+0000] {standard_task_runner.py:84} INFO - Running: ['***', 'tasks', 'run', 'process_sales_2', 'extract_data_from_api', 'manual__2023-07-12T12:41:27.452266+00:00', '--job-id', '84', '--raw', '--subdir', 'DAGS_FOLDER/process_sales_2.py', '--cfg-path', '/tmp/tmp491760pm']
[2023-07-12T12:41:31.650+0000] {standard_task_runner.py:85} INFO - Job 84: Subtask extract_data_from_api
[2023-07-12T12:41:31.761+0000] {task_command.py:410} INFO - Running <TaskInstance: process_sales_2.extract_data_from_api manual__2023-07-12T12:41:27.452266+00:00 [running]> on host b58a2d5f4d18
[2023-07-12T12:41:31.998+0000] {taskinstance.py:1547} INFO - Exporting env vars: AIRFLOW_CTX_DAG_OWNER='***' AIRFLOW_CTX_DAG_ID='process_sales_2' AIRFLOW_CTX_TASK_ID='extract_data_from_api' AIRFLOW_CTX_EXECUTION_DATE='2023-07-12T12:41:27.452266+00:00' AIRFLOW_CTX_TRY_NUMBER='1' AIRFLOW_CTX_DAG_RUN_ID='manual__2023-07-12T12:41:27.452266+00:00'
[2023-07-12T12:41:32.007+0000] {logging_mixin.py:149} INFO - 	I'm in get_sales(...) function!
[2023-07-12T12:41:32.479+0000] {logging_mixin.py:149} INFO - Page 1 started
[2023-07-12T12:41:32.503+0000] {logging_mixin.py:149} INFO - Page 1 done
[2023-07-12T12:41:32.504+0000] {logging_mixin.py:149} INFO - Status_code = 200
[2023-07-12T12:41:32.665+0000] {logging_mixin.py:149} INFO - Page 2 started
[2023-07-12T12:41:32.679+0000] {logging_mixin.py:149} INFO - Page 2 done
[2023-07-12T12:41:32.679+0000] {logging_mixin.py:149} INFO - Status_code = 200
[2023-07-12T12:41:32.840+0000] {logging_mixin.py:149} INFO - Page 3 started
[2023-07-12T12:41:32.848+0000] {logging_mixin.py:149} INFO - Page 3 done
[2023-07-12T12:41:32.849+0000] {logging_mixin.py:149} INFO - Status_code = 200
[2023-07-12T12:41:33.012+0000] {logging_mixin.py:149} INFO - Page 4 started
[2023-07-12T12:41:33.014+0000] {logging_mixin.py:149} INFO - Page 4 done
[2023-07-12T12:41:33.015+0000] {logging_mixin.py:149} INFO - Status_code = 200
[2023-07-12T12:41:33.197+0000] {python.py:183} INFO - Done. Returned value was: None
[2023-07-12T12:41:33.212+0000] {taskinstance.py:1350} INFO - Marking task as SUCCESS. dag_id=process_sales_2, task_id=extract_data_from_api, execution_date=20230712T124127, start_date=20230712T124131, end_date=20230712T124133
[2023-07-12T12:41:40.137+0000] {local_task_job_runner.py:225} INFO - Task exited with return code 0
[2023-07-12T12:41:40.209+0000] {taskinstance.py:2653} INFO - 1 downstream tasks scheduled from follow-on schedule check
