[2023-07-14T06:19:03.414+0000] {taskinstance.py:1103} INFO - Dependencies all met for dep_context=non-requeueable deps ti=<TaskInstance: process_sales.extract_data_from_api scheduled__2023-07-11T01:00:00+00:00 [queued]>
[2023-07-14T06:19:03.424+0000] {taskinstance.py:1103} INFO - Dependencies all met for dep_context=requeueable deps ti=<TaskInstance: process_sales.extract_data_from_api scheduled__2023-07-11T01:00:00+00:00 [queued]>
[2023-07-14T06:19:03.425+0000] {taskinstance.py:1308} INFO - Starting attempt 1 of 1
[2023-07-14T06:19:03.438+0000] {taskinstance.py:1327} INFO - Executing <Task(PythonOperator): extract_data_from_api> on 2023-07-11 01:00:00+00:00
[2023-07-14T06:19:03.444+0000] {standard_task_runner.py:57} INFO - Started process 5953 to run task
[2023-07-14T06:19:03.449+0000] {standard_task_runner.py:84} INFO - Running: ['***', 'tasks', 'run', 'process_sales', 'extract_data_from_api', 'scheduled__2023-07-11T01:00:00+00:00', '--job-id', '220', '--raw', '--subdir', 'DAGS_FOLDER/process_sales.py', '--cfg-path', '/tmp/tmp8pezfe0m']
[2023-07-14T06:19:03.449+0000] {standard_task_runner.py:85} INFO - Job 220: Subtask extract_data_from_api
[2023-07-14T06:19:03.497+0000] {task_command.py:410} INFO - Running <TaskInstance: process_sales.extract_data_from_api scheduled__2023-07-11T01:00:00+00:00 [running]> on host b58a2d5f4d18
[2023-07-14T06:19:03.602+0000] {taskinstance.py:1547} INFO - Exporting env vars: AIRFLOW_CTX_DAG_OWNER='***' AIRFLOW_CTX_DAG_ID='process_sales' AIRFLOW_CTX_TASK_ID='extract_data_from_api' AIRFLOW_CTX_EXECUTION_DATE='2023-07-11T01:00:00+00:00' AIRFLOW_CTX_TRY_NUMBER='1' AIRFLOW_CTX_DAG_RUN_ID='scheduled__2023-07-11T01:00:00+00:00'
[2023-07-14T06:19:03.871+0000] {logging_mixin.py:149} INFO - Page 1 started
[2023-07-14T06:19:03.882+0000] {logging_mixin.py:149} INFO - Page 1 done
[2023-07-14T06:19:03.883+0000] {logging_mixin.py:149} INFO - Status_code = 200
[2023-07-14T06:19:04.049+0000] {logging_mixin.py:149} INFO - Page 2 started
[2023-07-14T06:19:04.054+0000] {logging_mixin.py:149} INFO - Page 2 done
[2023-07-14T06:19:04.054+0000] {logging_mixin.py:149} INFO - Status_code = 200
[2023-07-14T06:19:04.216+0000] {logging_mixin.py:149} INFO - Page 3 started
[2023-07-14T06:19:04.223+0000] {logging_mixin.py:149} INFO - Page 3 done
[2023-07-14T06:19:04.223+0000] {logging_mixin.py:149} INFO - Status_code = 200
[2023-07-14T06:19:04.384+0000] {logging_mixin.py:149} INFO - Page 4 started
[2023-07-14T06:19:04.387+0000] {logging_mixin.py:149} INFO - Page 4 done
[2023-07-14T06:19:04.387+0000] {logging_mixin.py:149} INFO - Status_code = 200
[2023-07-14T06:19:04.804+0000] {logging_mixin.py:149} INFO - Page 1 started
[2023-07-14T06:19:04.807+0000] {logging_mixin.py:149} INFO - Page 1 done
[2023-07-14T06:19:04.808+0000] {logging_mixin.py:149} INFO - Status_code = 200
[2023-07-14T06:19:04.974+0000] {logging_mixin.py:149} INFO - Page 2 started
[2023-07-14T06:19:04.975+0000] {logging_mixin.py:149} INFO - Page 2 done
[2023-07-14T06:19:04.975+0000] {logging_mixin.py:149} INFO - Status_code = 200
[2023-07-14T06:19:05.140+0000] {logging_mixin.py:149} INFO - Page 3 started
[2023-07-14T06:19:05.148+0000] {logging_mixin.py:149} INFO - Page 3 done
[2023-07-14T06:19:05.148+0000] {logging_mixin.py:149} INFO - Status_code = 200
[2023-07-14T06:19:05.317+0000] {logging_mixin.py:149} INFO - Page 4 started
[2023-07-14T06:19:05.318+0000] {logging_mixin.py:149} INFO - Page 4 done
[2023-07-14T06:19:05.318+0000] {logging_mixin.py:149} INFO - Status_code = 200
[2023-07-14T06:19:05.741+0000] {logging_mixin.py:149} INFO - Page 1 started
[2023-07-14T06:19:05.743+0000] {logging_mixin.py:149} INFO - Page 1 done
[2023-07-14T06:19:05.743+0000] {logging_mixin.py:149} INFO - Status_code = 200
[2023-07-14T06:19:05.913+0000] {logging_mixin.py:149} INFO - Page 2 started
[2023-07-14T06:19:05.918+0000] {logging_mixin.py:149} INFO - Page 2 done
[2023-07-14T06:19:05.919+0000] {logging_mixin.py:149} INFO - Status_code = 200
[2023-07-14T06:19:06.082+0000] {logging_mixin.py:149} INFO - Page 3 started
[2023-07-14T06:19:06.087+0000] {logging_mixin.py:149} INFO - Page 3 done
[2023-07-14T06:19:06.087+0000] {logging_mixin.py:149} INFO - Status_code = 200
[2023-07-14T06:19:06.251+0000] {logging_mixin.py:149} INFO - Page 4 started
[2023-07-14T06:19:06.252+0000] {logging_mixin.py:149} INFO - Page 4 done
[2023-07-14T06:19:06.252+0000] {logging_mixin.py:149} INFO - Status_code = 200
[2023-07-14T06:19:06.427+0000] {python.py:183} INFO - Done. Returned value was: None
[2023-07-14T06:19:06.437+0000] {taskinstance.py:1350} INFO - Marking task as SUCCESS. dag_id=process_sales, task_id=extract_data_from_api, execution_date=20230711T010000, start_date=20230714T061903, end_date=20230714T061906
[2023-07-14T06:19:06.471+0000] {local_task_job_runner.py:225} INFO - Task exited with return code 0
[2023-07-14T06:19:06.495+0000] {taskinstance.py:2653} INFO - 1 downstream tasks scheduled from follow-on schedule check
