[2023-07-13T13:57:28.024+0000] {taskinstance.py:1103} INFO - Dependencies all met for dep_context=non-requeueable deps ti=<TaskInstance: process_sales_13.extract_data_from_api scheduled__2023-07-11T01:00:00+00:00 [queued]>
[2023-07-13T13:57:28.036+0000] {taskinstance.py:1103} INFO - Dependencies all met for dep_context=requeueable deps ti=<TaskInstance: process_sales_13.extract_data_from_api scheduled__2023-07-11T01:00:00+00:00 [queued]>
[2023-07-13T13:57:28.037+0000] {taskinstance.py:1308} INFO - Starting attempt 1 of 1
[2023-07-13T13:57:28.069+0000] {taskinstance.py:1327} INFO - Executing <Task(PythonOperator): extract_data_from_api> on 2023-07-11 01:00:00+00:00
[2023-07-13T13:57:28.077+0000] {standard_task_runner.py:57} INFO - Started process 5264 to run task
[2023-07-13T13:57:28.081+0000] {standard_task_runner.py:84} INFO - Running: ['***', 'tasks', 'run', 'process_sales_13', 'extract_data_from_api', 'scheduled__2023-07-11T01:00:00+00:00', '--job-id', '212', '--raw', '--subdir', 'DAGS_FOLDER/process_sales_13.py', '--cfg-path', '/tmp/tmp05_v4xzz']
[2023-07-13T13:57:28.082+0000] {standard_task_runner.py:85} INFO - Job 212: Subtask extract_data_from_api
[2023-07-13T13:57:28.174+0000] {task_command.py:410} INFO - Running <TaskInstance: process_sales_13.extract_data_from_api scheduled__2023-07-11T01:00:00+00:00 [running]> on host b58a2d5f4d18
[2023-07-13T13:57:28.276+0000] {taskinstance.py:1547} INFO - Exporting env vars: AIRFLOW_CTX_DAG_OWNER='***' AIRFLOW_CTX_DAG_ID='process_sales_13' AIRFLOW_CTX_TASK_ID='extract_data_from_api' AIRFLOW_CTX_EXECUTION_DATE='2023-07-11T01:00:00+00:00' AIRFLOW_CTX_TRY_NUMBER='1' AIRFLOW_CTX_DAG_RUN_ID='scheduled__2023-07-11T01:00:00+00:00'
[2023-07-13T13:57:28.583+0000] {logging_mixin.py:149} INFO - Page 1 started
[2023-07-13T13:57:28.585+0000] {logging_mixin.py:149} INFO - Page 1 done
[2023-07-13T13:57:28.585+0000] {logging_mixin.py:149} INFO - Status_code = 200
[2023-07-13T13:57:28.765+0000] {logging_mixin.py:149} INFO - Page 2 started
[2023-07-13T13:57:28.766+0000] {logging_mixin.py:149} INFO - Page 2 done
[2023-07-13T13:57:28.766+0000] {logging_mixin.py:149} INFO - Status_code = 200
[2023-07-13T13:57:28.926+0000] {logging_mixin.py:149} INFO - Page 3 started
[2023-07-13T13:57:28.930+0000] {logging_mixin.py:149} INFO - Page 3 done
[2023-07-13T13:57:28.930+0000] {logging_mixin.py:149} INFO - Status_code = 200
[2023-07-13T13:57:29.095+0000] {logging_mixin.py:149} INFO - Page 4 started
[2023-07-13T13:57:29.097+0000] {logging_mixin.py:149} INFO - Page 4 done
[2023-07-13T13:57:29.097+0000] {logging_mixin.py:149} INFO - Status_code = 200
[2023-07-13T13:57:29.510+0000] {logging_mixin.py:149} INFO - Page 1 started
[2023-07-13T13:57:29.515+0000] {logging_mixin.py:149} INFO - Page 1 done
[2023-07-13T13:57:29.516+0000] {logging_mixin.py:149} INFO - Status_code = 200
[2023-07-13T13:57:29.679+0000] {logging_mixin.py:149} INFO - Page 2 started
[2023-07-13T13:57:29.683+0000] {logging_mixin.py:149} INFO - Page 2 done
[2023-07-13T13:57:29.683+0000] {logging_mixin.py:149} INFO - Status_code = 200
[2023-07-13T13:57:29.843+0000] {logging_mixin.py:149} INFO - Page 3 started
[2023-07-13T13:57:29.849+0000] {logging_mixin.py:149} INFO - Page 3 done
[2023-07-13T13:57:29.849+0000] {logging_mixin.py:149} INFO - Status_code = 200
[2023-07-13T13:57:30.007+0000] {logging_mixin.py:149} INFO - Page 4 started
[2023-07-13T13:57:30.008+0000] {logging_mixin.py:149} INFO - Page 4 done
[2023-07-13T13:57:30.009+0000] {logging_mixin.py:149} INFO - Status_code = 200
[2023-07-13T13:57:30.411+0000] {logging_mixin.py:149} INFO - Page 1 started
[2023-07-13T13:57:30.412+0000] {logging_mixin.py:149} INFO - Page 1 done
[2023-07-13T13:57:30.412+0000] {logging_mixin.py:149} INFO - Status_code = 200
[2023-07-13T13:57:30.571+0000] {logging_mixin.py:149} INFO - Page 2 started
[2023-07-13T13:57:30.575+0000] {logging_mixin.py:149} INFO - Page 2 done
[2023-07-13T13:57:30.576+0000] {logging_mixin.py:149} INFO - Status_code = 200
[2023-07-13T13:57:30.737+0000] {logging_mixin.py:149} INFO - Page 3 started
[2023-07-13T13:57:30.739+0000] {logging_mixin.py:149} INFO - Page 3 done
[2023-07-13T13:57:30.740+0000] {logging_mixin.py:149} INFO - Status_code = 200
[2023-07-13T13:57:30.902+0000] {logging_mixin.py:149} INFO - Page 4 started
[2023-07-13T13:57:30.902+0000] {logging_mixin.py:149} INFO - Page 4 done
[2023-07-13T13:57:30.903+0000] {logging_mixin.py:149} INFO - Status_code = 200
[2023-07-13T13:57:31.077+0000] {python.py:183} INFO - Done. Returned value was: None
[2023-07-13T13:57:31.085+0000] {taskinstance.py:1350} INFO - Marking task as SUCCESS. dag_id=process_sales_13, task_id=extract_data_from_api, execution_date=20230711T010000, start_date=20230713T135728, end_date=20230713T135731
[2023-07-13T13:57:31.124+0000] {local_task_job_runner.py:225} INFO - Task exited with return code 0
[2023-07-13T13:57:31.148+0000] {taskinstance.py:2653} INFO - 1 downstream tasks scheduled from follow-on schedule check
