[2023-07-13T13:10:44.438+0000] {taskinstance.py:1103} INFO - Dependencies all met for dep_context=non-requeueable deps ti=<TaskInstance: process_sales_13.extract_data_from_api manual__2023-07-13T13:10:43.027241+00:00 [queued]>
[2023-07-13T13:10:44.446+0000] {taskinstance.py:1103} INFO - Dependencies all met for dep_context=requeueable deps ti=<TaskInstance: process_sales_13.extract_data_from_api manual__2023-07-13T13:10:43.027241+00:00 [queued]>
[2023-07-13T13:10:44.447+0000] {taskinstance.py:1308} INFO - Starting attempt 1 of 1
[2023-07-13T13:10:44.460+0000] {taskinstance.py:1327} INFO - Executing <Task(PythonOperator): extract_data_from_api> on 2023-07-13 13:10:43.027241+00:00
[2023-07-13T13:10:44.465+0000] {standard_task_runner.py:57} INFO - Started process 4392 to run task
[2023-07-13T13:10:44.468+0000] {standard_task_runner.py:84} INFO - Running: ['***', 'tasks', 'run', 'process_sales_13', 'extract_data_from_api', 'manual__2023-07-13T13:10:43.027241+00:00', '--job-id', '197', '--raw', '--subdir', 'DAGS_FOLDER/process_sales_13.py', '--cfg-path', '/tmp/tmpq1dncmco']
[2023-07-13T13:10:44.468+0000] {standard_task_runner.py:85} INFO - Job 197: Subtask extract_data_from_api
[2023-07-13T13:10:44.517+0000] {task_command.py:410} INFO - Running <TaskInstance: process_sales_13.extract_data_from_api manual__2023-07-13T13:10:43.027241+00:00 [running]> on host b58a2d5f4d18
[2023-07-13T13:10:44.597+0000] {taskinstance.py:1547} INFO - Exporting env vars: AIRFLOW_CTX_DAG_OWNER='***' AIRFLOW_CTX_DAG_ID='process_sales_13' AIRFLOW_CTX_TASK_ID='extract_data_from_api' AIRFLOW_CTX_EXECUTION_DATE='2023-07-13T13:10:43.027241+00:00' AIRFLOW_CTX_TRY_NUMBER='1' AIRFLOW_CTX_DAG_RUN_ID='manual__2023-07-13T13:10:43.027241+00:00'
[2023-07-13T13:10:44.600+0000] {logging_mixin.py:149} INFO - 	I'm in get_sales(...) function!
[2023-07-13T13:10:45.015+0000] {logging_mixin.py:149} INFO - Page 1 started
[2023-07-13T13:10:45.041+0000] {logging_mixin.py:149} INFO - Page 1 done
[2023-07-13T13:10:45.042+0000] {logging_mixin.py:149} INFO - Status_code = 200
[2023-07-13T13:10:45.207+0000] {logging_mixin.py:149} INFO - Page 2 started
[2023-07-13T13:10:45.218+0000] {logging_mixin.py:149} INFO - Page 2 done
[2023-07-13T13:10:45.219+0000] {logging_mixin.py:149} INFO - Status_code = 200
[2023-07-13T13:10:45.381+0000] {logging_mixin.py:149} INFO - Page 3 started
[2023-07-13T13:10:45.392+0000] {logging_mixin.py:149} INFO - Page 3 done
[2023-07-13T13:10:45.393+0000] {logging_mixin.py:149} INFO - Status_code = 200
[2023-07-13T13:10:45.584+0000] {logging_mixin.py:149} INFO - Page 4 started
[2023-07-13T13:10:45.585+0000] {logging_mixin.py:149} INFO - Page 4 done
[2023-07-13T13:10:45.585+0000] {logging_mixin.py:149} INFO - Status_code = 200
[2023-07-13T13:10:45.755+0000] {logging_mixin.py:149} INFO - Deleted file: /opt/***/processed_data/raw/sales/sales
[2023-07-13T13:10:45.755+0000] {logging_mixin.py:149} INFO - Cleanup complete for folder: /opt/***/processed_data/raw/sales/sales
[2023-07-13T13:10:45.759+0000] {python.py:183} INFO - Done. Returned value was: None
[2023-07-13T13:10:45.767+0000] {taskinstance.py:1350} INFO - Marking task as SUCCESS. dag_id=process_sales_13, task_id=extract_data_from_api, execution_date=20230713T131043, start_date=20230713T131044, end_date=20230713T131045
[2023-07-13T13:10:45.808+0000] {local_task_job_runner.py:225} INFO - Task exited with return code 0
[2023-07-13T13:10:45.826+0000] {taskinstance.py:2653} INFO - 1 downstream tasks scheduled from follow-on schedule check
