[2023-07-13T13:57:28.212+0000] {taskinstance.py:1103} INFO - Dependencies all met for dep_context=non-requeueable deps ti=<TaskInstance: process_sales_13.extract_data_from_api scheduled__2023-07-12T01:00:00+00:00 [queued]>
[2023-07-13T13:57:28.222+0000] {taskinstance.py:1103} INFO - Dependencies all met for dep_context=requeueable deps ti=<TaskInstance: process_sales_13.extract_data_from_api scheduled__2023-07-12T01:00:00+00:00 [queued]>
[2023-07-13T13:57:28.223+0000] {taskinstance.py:1308} INFO - Starting attempt 1 of 1
[2023-07-13T13:57:28.238+0000] {taskinstance.py:1327} INFO - Executing <Task(PythonOperator): extract_data_from_api> on 2023-07-12 01:00:00+00:00
[2023-07-13T13:57:28.242+0000] {standard_task_runner.py:57} INFO - Started process 5265 to run task
[2023-07-13T13:57:28.246+0000] {standard_task_runner.py:84} INFO - Running: ['***', 'tasks', 'run', 'process_sales_13', 'extract_data_from_api', 'scheduled__2023-07-12T01:00:00+00:00', '--job-id', '213', '--raw', '--subdir', 'DAGS_FOLDER/process_sales_13.py', '--cfg-path', '/tmp/tmpaz0jzozg']
[2023-07-13T13:57:28.248+0000] {standard_task_runner.py:85} INFO - Job 213: Subtask extract_data_from_api
[2023-07-13T13:57:28.311+0000] {task_command.py:410} INFO - Running <TaskInstance: process_sales_13.extract_data_from_api scheduled__2023-07-12T01:00:00+00:00 [running]> on host b58a2d5f4d18
[2023-07-13T13:57:28.398+0000] {taskinstance.py:1547} INFO - Exporting env vars: AIRFLOW_CTX_DAG_OWNER='***' AIRFLOW_CTX_DAG_ID='process_sales_13' AIRFLOW_CTX_TASK_ID='extract_data_from_api' AIRFLOW_CTX_EXECUTION_DATE='2023-07-12T01:00:00+00:00' AIRFLOW_CTX_TRY_NUMBER='1' AIRFLOW_CTX_DAG_RUN_ID='scheduled__2023-07-12T01:00:00+00:00'
[2023-07-13T13:57:28.766+0000] {logging_mixin.py:149} INFO - Page 1 started
[2023-07-13T13:57:28.766+0000] {logging_mixin.py:149} INFO - Page 1 done
[2023-07-13T13:57:28.767+0000] {logging_mixin.py:149} INFO - Status_code = 200
[2023-07-13T13:57:28.932+0000] {logging_mixin.py:149} INFO - Page 2 started
[2023-07-13T13:57:28.939+0000] {logging_mixin.py:149} INFO - Page 2 done
[2023-07-13T13:57:28.939+0000] {logging_mixin.py:149} INFO - Status_code = 200
[2023-07-13T13:57:29.098+0000] {logging_mixin.py:149} INFO - Page 3 started
[2023-07-13T13:57:29.108+0000] {logging_mixin.py:149} INFO - Page 3 done
[2023-07-13T13:57:29.108+0000] {logging_mixin.py:149} INFO - Status_code = 200
[2023-07-13T13:57:29.267+0000] {logging_mixin.py:149} INFO - Page 4 started
[2023-07-13T13:57:29.268+0000] {logging_mixin.py:149} INFO - Page 4 done
[2023-07-13T13:57:29.269+0000] {logging_mixin.py:149} INFO - Status_code = 200
[2023-07-13T13:57:29.676+0000] {logging_mixin.py:149} INFO - Page 1 started
[2023-07-13T13:57:29.677+0000] {logging_mixin.py:149} INFO - Page 1 done
[2023-07-13T13:57:29.678+0000] {logging_mixin.py:149} INFO - Status_code = 200
[2023-07-13T13:57:29.835+0000] {logging_mixin.py:149} INFO - Page 2 started
[2023-07-13T13:57:29.839+0000] {logging_mixin.py:149} INFO - Page 2 done
[2023-07-13T13:57:29.839+0000] {logging_mixin.py:149} INFO - Status_code = 200
[2023-07-13T13:57:29.998+0000] {logging_mixin.py:149} INFO - Page 3 started
[2023-07-13T13:57:30.000+0000] {logging_mixin.py:149} INFO - Page 3 done
[2023-07-13T13:57:30.001+0000] {logging_mixin.py:149} INFO - Status_code = 200
[2023-07-13T13:57:30.161+0000] {logging_mixin.py:149} INFO - Page 4 started
[2023-07-13T13:57:30.162+0000] {logging_mixin.py:149} INFO - Page 4 done
[2023-07-13T13:57:30.163+0000] {logging_mixin.py:149} INFO - Status_code = 200
[2023-07-13T13:57:30.603+0000] {logging_mixin.py:149} INFO - Page 1 started
[2023-07-13T13:57:30.604+0000] {logging_mixin.py:149} INFO - Page 1 done
[2023-07-13T13:57:30.604+0000] {logging_mixin.py:149} INFO - Status_code = 200
[2023-07-13T13:57:30.763+0000] {logging_mixin.py:149} INFO - Page 2 started
[2023-07-13T13:57:30.767+0000] {logging_mixin.py:149} INFO - Page 2 done
[2023-07-13T13:57:30.767+0000] {logging_mixin.py:149} INFO - Status_code = 200
[2023-07-13T13:57:30.926+0000] {logging_mixin.py:149} INFO - Page 3 started
[2023-07-13T13:57:30.930+0000] {logging_mixin.py:149} INFO - Page 3 done
[2023-07-13T13:57:30.930+0000] {logging_mixin.py:149} INFO - Status_code = 200
[2023-07-13T13:57:31.092+0000] {logging_mixin.py:149} INFO - Page 4 started
[2023-07-13T13:57:31.093+0000] {logging_mixin.py:149} INFO - Page 4 done
[2023-07-13T13:57:31.094+0000] {logging_mixin.py:149} INFO - Status_code = 200
[2023-07-13T13:57:31.267+0000] {python.py:183} INFO - Done. Returned value was: None
[2023-07-13T13:57:31.275+0000] {taskinstance.py:1350} INFO - Marking task as SUCCESS. dag_id=process_sales_13, task_id=extract_data_from_api, execution_date=20230712T010000, start_date=20230713T135728, end_date=20230713T135731
[2023-07-13T13:57:31.313+0000] {local_task_job_runner.py:225} INFO - Task exited with return code 0
[2023-07-13T13:57:31.332+0000] {taskinstance.py:2653} INFO - 0 downstream tasks scheduled from follow-on schedule check
