[2023-07-12T13:33:27.446+0000] {taskinstance.py:1103} INFO - Dependencies all met for dep_context=non-requeueable deps ti=<TaskInstance: process_sales_10.extract_data_from_api_2 manual__2023-07-12T13:26:30.189671+00:00 [queued]>
[2023-07-12T13:33:27.455+0000] {taskinstance.py:1103} INFO - Dependencies all met for dep_context=requeueable deps ti=<TaskInstance: process_sales_10.extract_data_from_api_2 manual__2023-07-12T13:26:30.189671+00:00 [queued]>
[2023-07-12T13:33:27.456+0000] {taskinstance.py:1308} INFO - Starting attempt 2 of 2
[2023-07-12T13:33:27.469+0000] {taskinstance.py:1327} INFO - Executing <Task(PythonOperator): extract_data_from_api_2> on 2023-07-12 13:26:30.189671+00:00
[2023-07-12T13:33:27.474+0000] {standard_task_runner.py:57} INFO - Started process 366 to run task
[2023-07-12T13:33:27.478+0000] {standard_task_runner.py:84} INFO - Running: ['***', 'tasks', 'run', 'process_sales_10', 'extract_data_from_api_2', 'manual__2023-07-12T13:26:30.189671+00:00', '--job-id', '93', '--raw', '--subdir', 'DAGS_FOLDER/process_sales_10.py', '--cfg-path', '/tmp/tmp1iwtp6q3']
[2023-07-12T13:33:27.478+0000] {standard_task_runner.py:85} INFO - Job 93: Subtask extract_data_from_api_2
[2023-07-12T13:33:27.527+0000] {task_command.py:410} INFO - Running <TaskInstance: process_sales_10.extract_data_from_api_2 manual__2023-07-12T13:26:30.189671+00:00 [running]> on host b58a2d5f4d18
[2023-07-12T13:33:27.604+0000] {taskinstance.py:1547} INFO - Exporting env vars: AIRFLOW_CTX_DAG_OWNER='***' AIRFLOW_CTX_DAG_ID='process_sales_10' AIRFLOW_CTX_TASK_ID='extract_data_from_api_2' AIRFLOW_CTX_EXECUTION_DATE='2023-07-12T13:26:30.189671+00:00' AIRFLOW_CTX_TRY_NUMBER='2' AIRFLOW_CTX_DAG_RUN_ID='manual__2023-07-12T13:26:30.189671+00:00'
[2023-07-12T13:33:27.608+0000] {logging_mixin.py:149} INFO - 	I'm in get_sales(...) function!
[2023-07-12T13:33:27.869+0000] {logging_mixin.py:149} INFO - Page 1 started
[2023-07-12T13:33:27.872+0000] {logging_mixin.py:149} INFO - Page 1 done
[2023-07-12T13:33:27.873+0000] {logging_mixin.py:149} INFO - Status_code = 200
[2023-07-12T13:33:28.035+0000] {logging_mixin.py:149} INFO - Page 2 started
[2023-07-12T13:33:28.037+0000] {logging_mixin.py:149} INFO - Page 2 done
[2023-07-12T13:33:28.038+0000] {logging_mixin.py:149} INFO - Status_code = 200
[2023-07-12T13:33:28.198+0000] {logging_mixin.py:149} INFO - Page 3 started
[2023-07-12T13:33:28.201+0000] {logging_mixin.py:149} INFO - Page 3 done
[2023-07-12T13:33:28.201+0000] {logging_mixin.py:149} INFO - Status_code = 200
[2023-07-12T13:33:28.359+0000] {logging_mixin.py:149} INFO - Page 4 started
[2023-07-12T13:33:28.360+0000] {logging_mixin.py:149} INFO - Page 4 done
[2023-07-12T13:33:28.361+0000] {logging_mixin.py:149} INFO - Status_code = 200
[2023-07-12T13:33:28.530+0000] {logging_mixin.py:149} INFO - Deleted file: /opt/***/processed_data/stg/sales/2022-08-09
[2023-07-12T13:33:28.530+0000] {logging_mixin.py:149} INFO - Cleanup complete for folder: /opt/***/processed_data/stg/sales/2022-08-09
[2023-07-12T13:33:28.535+0000] {python.py:183} INFO - Done. Returned value was: None
[2023-07-12T13:33:28.545+0000] {taskinstance.py:1350} INFO - Marking task as SUCCESS. dag_id=process_sales_10, task_id=extract_data_from_api_2, execution_date=20230712T132630, start_date=20230712T133327, end_date=20230712T133328
[2023-07-12T13:33:28.576+0000] {local_task_job_runner.py:225} INFO - Task exited with return code 0
[2023-07-12T13:33:28.593+0000] {taskinstance.py:2653} INFO - 0 downstream tasks scheduled from follow-on schedule check
