[2023-07-13T08:22:25.603+0000] {taskinstance.py:1103} INFO - Dependencies all met for dep_context=non-requeueable deps ti=<TaskInstance: process_sales_10.extract_data_from_api manual__2023-07-13T08:22:23.748679+00:00 [queued]>
[2023-07-13T08:22:25.611+0000] {taskinstance.py:1103} INFO - Dependencies all met for dep_context=requeueable deps ti=<TaskInstance: process_sales_10.extract_data_from_api manual__2023-07-13T08:22:23.748679+00:00 [queued]>
[2023-07-13T08:22:25.612+0000] {taskinstance.py:1308} INFO - Starting attempt 1 of 1
[2023-07-13T08:22:25.626+0000] {taskinstance.py:1327} INFO - Executing <Task(PythonOperator): extract_data_from_api> on 2023-07-13 08:22:23.748679+00:00
[2023-07-13T08:22:25.630+0000] {standard_task_runner.py:57} INFO - Started process 3112 to run task
[2023-07-13T08:22:25.633+0000] {standard_task_runner.py:84} INFO - Running: ['***', 'tasks', 'run', 'process_sales_10', 'extract_data_from_api', 'manual__2023-07-13T08:22:23.748679+00:00', '--job-id', '105', '--raw', '--subdir', 'DAGS_FOLDER/process_sales_10.py', '--cfg-path', '/tmp/tmp_ue5qmfc']
[2023-07-13T08:22:25.634+0000] {standard_task_runner.py:85} INFO - Job 105: Subtask extract_data_from_api
[2023-07-13T08:22:25.676+0000] {task_command.py:410} INFO - Running <TaskInstance: process_sales_10.extract_data_from_api manual__2023-07-13T08:22:23.748679+00:00 [running]> on host b58a2d5f4d18
[2023-07-13T08:22:25.754+0000] {taskinstance.py:1547} INFO - Exporting env vars: AIRFLOW_CTX_DAG_OWNER='***' AIRFLOW_CTX_DAG_ID='process_sales_10' AIRFLOW_CTX_TASK_ID='extract_data_from_api' AIRFLOW_CTX_EXECUTION_DATE='2023-07-13T08:22:23.748679+00:00' AIRFLOW_CTX_TRY_NUMBER='1' AIRFLOW_CTX_DAG_RUN_ID='manual__2023-07-13T08:22:23.748679+00:00'
[2023-07-13T08:22:25.756+0000] {logging_mixin.py:149} INFO - 	I'm in get_sales(...) function!
[2023-07-13T08:22:27.722+0000] {logging_mixin.py:149} INFO - Page 1 started
[2023-07-13T08:22:27.724+0000] {logging_mixin.py:149} INFO - Page 1 done
[2023-07-13T08:22:27.725+0000] {logging_mixin.py:149} INFO - Status_code = 200
[2023-07-13T08:22:27.895+0000] {logging_mixin.py:149} INFO - Page 2 started
[2023-07-13T08:22:27.898+0000] {logging_mixin.py:149} INFO - Page 2 done
[2023-07-13T08:22:27.899+0000] {logging_mixin.py:149} INFO - Status_code = 200
[2023-07-13T08:22:28.064+0000] {logging_mixin.py:149} INFO - Page 3 started
[2023-07-13T08:22:28.067+0000] {logging_mixin.py:149} INFO - Page 3 done
[2023-07-13T08:22:28.068+0000] {logging_mixin.py:149} INFO - Status_code = 200
[2023-07-13T08:22:28.234+0000] {logging_mixin.py:149} INFO - Page 4 started
[2023-07-13T08:22:28.237+0000] {logging_mixin.py:149} INFO - Page 4 done
[2023-07-13T08:22:28.238+0000] {logging_mixin.py:149} INFO - Status_code = 200
[2023-07-13T08:22:28.414+0000] {logging_mixin.py:149} INFO - Deleted file: /opt/***/processed_data/raw/sales/2022-08-09
[2023-07-13T08:22:28.414+0000] {logging_mixin.py:149} INFO - Cleanup complete for folder: /opt/***/processed_data/raw/sales/2022-08-09
[2023-07-13T08:22:28.419+0000] {python.py:183} INFO - Done. Returned value was: None
[2023-07-13T08:22:28.427+0000] {taskinstance.py:1350} INFO - Marking task as SUCCESS. dag_id=process_sales_10, task_id=extract_data_from_api, execution_date=20230713T082223, start_date=20230713T082225, end_date=20230713T082228
[2023-07-13T08:22:28.469+0000] {local_task_job_runner.py:225} INFO - Task exited with return code 0
[2023-07-13T08:22:28.493+0000] {taskinstance.py:2653} INFO - 1 downstream tasks scheduled from follow-on schedule check
