[2023-07-11T11:34:04.443+0000] {taskinstance.py:1103} INFO - Dependencies all met for dep_context=non-requeueable deps ti=<TaskInstance: process_sales_4.extract_data_from_api manual__2023-07-11T11:34:00.319049+00:00 [queued]>
[2023-07-11T11:34:04.461+0000] {taskinstance.py:1103} INFO - Dependencies all met for dep_context=requeueable deps ti=<TaskInstance: process_sales_4.extract_data_from_api manual__2023-07-11T11:34:00.319049+00:00 [queued]>
[2023-07-11T11:34:04.462+0000] {taskinstance.py:1308} INFO - Starting attempt 1 of 1
[2023-07-11T11:34:04.489+0000] {taskinstance.py:1327} INFO - Executing <Task(PythonOperator): extract_data_from_api> on 2023-07-11 11:34:00.319049+00:00
[2023-07-11T11:34:04.496+0000] {standard_task_runner.py:57} INFO - Started process 4266 to run task
[2023-07-11T11:34:04.504+0000] {standard_task_runner.py:84} INFO - Running: ['***', 'tasks', 'run', 'process_sales_4', 'extract_data_from_api', 'manual__2023-07-11T11:34:00.319049+00:00', '--job-id', '70', '--raw', '--subdir', 'DAGS_FOLDER/process_sales_4.py', '--cfg-path', '/tmp/tmpwow1_iqt']
[2023-07-11T11:34:04.505+0000] {standard_task_runner.py:85} INFO - Job 70: Subtask extract_data_from_api
[2023-07-11T11:34:04.601+0000] {task_command.py:410} INFO - Running <TaskInstance: process_sales_4.extract_data_from_api manual__2023-07-11T11:34:00.319049+00:00 [running]> on host ca64464cba28
[2023-07-11T11:34:04.780+0000] {taskinstance.py:1547} INFO - Exporting env vars: AIRFLOW_CTX_DAG_OWNER='***' AIRFLOW_CTX_DAG_ID='process_sales_4' AIRFLOW_CTX_TASK_ID='extract_data_from_api' AIRFLOW_CTX_EXECUTION_DATE='2023-07-11T11:34:00.319049+00:00' AIRFLOW_CTX_TRY_NUMBER='1' AIRFLOW_CTX_DAG_RUN_ID='manual__2023-07-11T11:34:00.319049+00:00'
[2023-07-11T11:34:04.784+0000] {logging_mixin.py:149} INFO - 	I'm in get_sales(...) function!
[2023-07-11T11:34:06.587+0000] {logging_mixin.py:149} INFO - Page 1 started
[2023-07-11T11:34:06.594+0000] {logging_mixin.py:149} INFO - Page 1 done
[2023-07-11T11:34:06.595+0000] {logging_mixin.py:149} INFO - Status_code = 200
[2023-07-11T11:34:06.770+0000] {logging_mixin.py:149} INFO - Page 2 started
[2023-07-11T11:34:06.775+0000] {logging_mixin.py:149} INFO - Page 2 done
[2023-07-11T11:34:06.776+0000] {logging_mixin.py:149} INFO - Status_code = 200
[2023-07-11T11:34:06.941+0000] {logging_mixin.py:149} INFO - Page 3 started
[2023-07-11T11:34:06.947+0000] {logging_mixin.py:149} INFO - Page 3 done
[2023-07-11T11:34:06.947+0000] {logging_mixin.py:149} INFO - Status_code = 200
[2023-07-11T11:34:07.114+0000] {logging_mixin.py:149} INFO - Page 4 started
[2023-07-11T11:34:07.115+0000] {logging_mixin.py:149} INFO - Page 4 done
[2023-07-11T11:34:07.116+0000] {logging_mixin.py:149} INFO - Status_code = 200
[2023-07-11T11:34:07.280+0000] {python.py:183} INFO - Done. Returned value was: None
[2023-07-11T11:34:07.294+0000] {taskinstance.py:1350} INFO - Marking task as SUCCESS. dag_id=process_sales_4, task_id=extract_data_from_api, execution_date=20230711T113400, start_date=20230711T113404, end_date=20230711T113407
[2023-07-11T11:34:24.178+0000] {local_task_job_runner.py:225} INFO - Task exited with return code 0
[2023-07-11T11:34:24.223+0000] {taskinstance.py:2653} INFO - 0 downstream tasks scheduled from follow-on schedule check
