[2023-07-13T11:47:26.104+0000] {taskinstance.py:1103} INFO - Dependencies all met for dep_context=non-requeueable deps ti=<TaskInstance: process_sales_13.extract_data_from_api manual__2023-07-13T11:47:24.559383+00:00 [queued]>
[2023-07-13T11:47:26.113+0000] {taskinstance.py:1103} INFO - Dependencies all met for dep_context=requeueable deps ti=<TaskInstance: process_sales_13.extract_data_from_api manual__2023-07-13T11:47:24.559383+00:00 [queued]>
[2023-07-13T11:47:26.114+0000] {taskinstance.py:1308} INFO - Starting attempt 1 of 1
[2023-07-13T11:47:26.127+0000] {taskinstance.py:1327} INFO - Executing <Task(PythonOperator): extract_data_from_api> on 2023-07-13 11:47:24.559383+00:00
[2023-07-13T11:47:26.131+0000] {standard_task_runner.py:57} INFO - Started process 2687 to run task
[2023-07-13T11:47:26.135+0000] {standard_task_runner.py:84} INFO - Running: ['***', 'tasks', 'run', 'process_sales_13', 'extract_data_from_api', 'manual__2023-07-13T11:47:24.559383+00:00', '--job-id', '135', '--raw', '--subdir', 'DAGS_FOLDER/process_sales_13.py', '--cfg-path', '/tmp/tmpyxewt6u1']
[2023-07-13T11:47:26.136+0000] {standard_task_runner.py:85} INFO - Job 135: Subtask extract_data_from_api
[2023-07-13T11:47:26.182+0000] {task_command.py:410} INFO - Running <TaskInstance: process_sales_13.extract_data_from_api manual__2023-07-13T11:47:24.559383+00:00 [running]> on host b58a2d5f4d18
[2023-07-13T11:47:26.269+0000] {taskinstance.py:1547} INFO - Exporting env vars: AIRFLOW_CTX_DAG_OWNER='***' AIRFLOW_CTX_DAG_ID='process_sales_13' AIRFLOW_CTX_TASK_ID='extract_data_from_api' AIRFLOW_CTX_EXECUTION_DATE='2023-07-13T11:47:24.559383+00:00' AIRFLOW_CTX_TRY_NUMBER='1' AIRFLOW_CTX_DAG_RUN_ID='manual__2023-07-13T11:47:24.559383+00:00'
[2023-07-13T11:47:26.271+0000] {logging_mixin.py:149} INFO - 	I'm in get_sales(...) function!
[2023-07-13T11:47:26.514+0000] {logging_mixin.py:149} INFO - Page 1 started
[2023-07-13T11:47:26.515+0000] {logging_mixin.py:149} INFO - Page 1 done
[2023-07-13T11:47:26.515+0000] {logging_mixin.py:149} INFO - Status_code = 200
[2023-07-13T11:47:26.679+0000] {logging_mixin.py:149} INFO - Page 2 started
[2023-07-13T11:47:26.682+0000] {logging_mixin.py:149} INFO - Page 2 done
[2023-07-13T11:47:26.683+0000] {logging_mixin.py:149} INFO - Status_code = 200
[2023-07-13T11:47:26.842+0000] {logging_mixin.py:149} INFO - Page 3 started
[2023-07-13T11:47:26.845+0000] {logging_mixin.py:149} INFO - Page 3 done
[2023-07-13T11:47:26.845+0000] {logging_mixin.py:149} INFO - Status_code = 200
[2023-07-13T11:47:27.004+0000] {logging_mixin.py:149} INFO - Page 4 started
[2023-07-13T11:47:27.008+0000] {logging_mixin.py:149} INFO - Page 4 done
[2023-07-13T11:47:27.008+0000] {logging_mixin.py:149} INFO - Status_code = 200
[2023-07-13T11:47:27.228+0000] {logging_mixin.py:149} INFO - Deleted file: /opt/***/processed_data/raw/sales/sales
[2023-07-13T11:47:27.228+0000] {logging_mixin.py:149} INFO - Cleanup complete for folder: /opt/***/processed_data/raw/sales/sales
[2023-07-13T11:47:27.232+0000] {logging_mixin.py:149} INFO - 	I'm in get_sales(...) function!
[2023-07-13T11:47:27.497+0000] {logging_mixin.py:149} INFO - Page 1 started
[2023-07-13T11:47:27.500+0000] {logging_mixin.py:149} INFO - Page 1 done
[2023-07-13T11:47:27.500+0000] {logging_mixin.py:149} INFO - Status_code = 200
[2023-07-13T11:47:27.709+0000] {logging_mixin.py:149} INFO - Page 2 started
[2023-07-13T11:47:27.711+0000] {logging_mixin.py:149} INFO - Page 2 done
[2023-07-13T11:47:27.711+0000] {logging_mixin.py:149} INFO - Status_code = 200
[2023-07-13T11:47:27.876+0000] {logging_mixin.py:149} INFO - Page 3 started
[2023-07-13T11:47:27.881+0000] {logging_mixin.py:149} INFO - Page 3 done
[2023-07-13T11:47:27.882+0000] {logging_mixin.py:149} INFO - Status_code = 200
[2023-07-13T11:47:28.068+0000] {logging_mixin.py:149} INFO - Page 4 started
[2023-07-13T11:47:28.069+0000] {logging_mixin.py:149} INFO - Page 4 done
[2023-07-13T11:47:28.069+0000] {logging_mixin.py:149} INFO - Status_code = 200
[2023-07-13T11:47:28.268+0000] {logging_mixin.py:149} INFO - Deleted file: /opt/***/processed_data/raw/sales/sales
[2023-07-13T11:47:28.268+0000] {logging_mixin.py:149} INFO - Cleanup complete for folder: /opt/***/processed_data/raw/sales/sales
[2023-07-13T11:47:28.274+0000] {logging_mixin.py:149} INFO - 	I'm in get_sales(...) function!
[2023-07-13T11:47:28.552+0000] {logging_mixin.py:149} INFO - Page 1 started
[2023-07-13T11:47:28.562+0000] {logging_mixin.py:149} INFO - Page 1 done
[2023-07-13T11:47:28.562+0000] {logging_mixin.py:149} INFO - Status_code = 200
[2023-07-13T11:47:28.725+0000] {logging_mixin.py:149} INFO - Page 2 started
[2023-07-13T11:47:28.740+0000] {logging_mixin.py:149} INFO - Page 2 done
[2023-07-13T11:47:28.741+0000] {logging_mixin.py:149} INFO - Status_code = 200
[2023-07-13T11:47:28.909+0000] {logging_mixin.py:149} INFO - Page 3 started
[2023-07-13T11:47:28.917+0000] {logging_mixin.py:149} INFO - Page 3 done
[2023-07-13T11:47:28.917+0000] {logging_mixin.py:149} INFO - Status_code = 200
[2023-07-13T11:47:29.081+0000] {logging_mixin.py:149} INFO - Page 4 started
[2023-07-13T11:47:29.098+0000] {logging_mixin.py:149} INFO - Page 4 done
[2023-07-13T11:47:29.099+0000] {logging_mixin.py:149} INFO - Status_code = 200
[2023-07-13T11:47:29.270+0000] {logging_mixin.py:149} INFO - Deleted file: /opt/***/processed_data/raw/sales/sales
[2023-07-13T11:47:29.270+0000] {logging_mixin.py:149} INFO - Cleanup complete for folder: /opt/***/processed_data/raw/sales/sales
[2023-07-13T11:47:29.274+0000] {python.py:183} INFO - Done. Returned value was: None
[2023-07-13T11:47:29.282+0000] {taskinstance.py:1350} INFO - Marking task as SUCCESS. dag_id=process_sales_13, task_id=extract_data_from_api, execution_date=20230713T114724, start_date=20230713T114726, end_date=20230713T114729
[2023-07-13T11:47:29.323+0000] {local_task_job_runner.py:225} INFO - Task exited with return code 0
[2023-07-13T11:47:29.343+0000] {taskinstance.py:2653} INFO - 1 downstream tasks scheduled from follow-on schedule check
