[2023-07-13T09:07:45.060+0000] {taskinstance.py:1103} INFO - Dependencies all met for dep_context=non-requeueable deps ti=<TaskInstance: process_sales_12.extract_data_from_api manual__2023-07-13T09:07:43.690590+00:00 [queued]>
[2023-07-13T09:07:45.068+0000] {taskinstance.py:1103} INFO - Dependencies all met for dep_context=requeueable deps ti=<TaskInstance: process_sales_12.extract_data_from_api manual__2023-07-13T09:07:43.690590+00:00 [queued]>
[2023-07-13T09:07:45.069+0000] {taskinstance.py:1308} INFO - Starting attempt 1 of 1
[2023-07-13T09:07:45.082+0000] {taskinstance.py:1327} INFO - Executing <Task(PythonOperator): extract_data_from_api> on 2023-07-13 09:07:43.690590+00:00
[2023-07-13T09:07:45.087+0000] {standard_task_runner.py:57} INFO - Started process 647 to run task
[2023-07-13T09:07:45.090+0000] {standard_task_runner.py:84} INFO - Running: ['***', 'tasks', 'run', 'process_sales_12', 'extract_data_from_api', 'manual__2023-07-13T09:07:43.690590+00:00', '--job-id', '111', '--raw', '--subdir', 'DAGS_FOLDER/process_sales_12.py', '--cfg-path', '/tmp/tmpjpjagpx2']
[2023-07-13T09:07:45.091+0000] {standard_task_runner.py:85} INFO - Job 111: Subtask extract_data_from_api
[2023-07-13T09:07:45.139+0000] {task_command.py:410} INFO - Running <TaskInstance: process_sales_12.extract_data_from_api manual__2023-07-13T09:07:43.690590+00:00 [running]> on host b58a2d5f4d18
[2023-07-13T09:07:45.219+0000] {taskinstance.py:1547} INFO - Exporting env vars: AIRFLOW_CTX_DAG_OWNER='***' AIRFLOW_CTX_DAG_ID='process_sales_12' AIRFLOW_CTX_TASK_ID='extract_data_from_api' AIRFLOW_CTX_EXECUTION_DATE='2023-07-13T09:07:43.690590+00:00' AIRFLOW_CTX_TRY_NUMBER='1' AIRFLOW_CTX_DAG_RUN_ID='manual__2023-07-13T09:07:43.690590+00:00'
[2023-07-13T09:07:45.221+0000] {logging_mixin.py:149} INFO - 	I'm in get_sales(...) function!
[2023-07-13T09:07:46.598+0000] {logging_mixin.py:149} INFO - Page 1 started
[2023-07-13T09:07:46.607+0000] {logging_mixin.py:149} INFO - Page 1 done
[2023-07-13T09:07:46.608+0000] {logging_mixin.py:149} INFO - Status_code = 200
[2023-07-13T09:07:46.772+0000] {logging_mixin.py:149} INFO - Page 2 started
[2023-07-13T09:07:46.774+0000] {logging_mixin.py:149} INFO - Page 2 done
[2023-07-13T09:07:46.775+0000] {logging_mixin.py:149} INFO - Status_code = 200
[2023-07-13T09:07:46.939+0000] {logging_mixin.py:149} INFO - Page 3 started
[2023-07-13T09:07:46.942+0000] {logging_mixin.py:149} INFO - Page 3 done
[2023-07-13T09:07:46.943+0000] {logging_mixin.py:149} INFO - Status_code = 200
[2023-07-13T09:07:47.108+0000] {logging_mixin.py:149} INFO - Page 4 started
[2023-07-13T09:07:47.109+0000] {logging_mixin.py:149} INFO - Page 4 done
[2023-07-13T09:07:47.109+0000] {logging_mixin.py:149} INFO - Status_code = 200
[2023-07-13T09:07:47.293+0000] {logging_mixin.py:149} INFO - Deleted file: /opt/***/processed_data/raw/sales/2022-08-09
[2023-07-13T09:07:47.294+0000] {logging_mixin.py:149} INFO - Cleanup complete for folder: /opt/***/processed_data/raw/sales/2022-08-09
[2023-07-13T09:07:47.299+0000] {python.py:183} INFO - Done. Returned value was: None
[2023-07-13T09:07:47.309+0000] {taskinstance.py:1350} INFO - Marking task as SUCCESS. dag_id=process_sales_12, task_id=extract_data_from_api, execution_date=20230713T090743, start_date=20230713T090745, end_date=20230713T090747
[2023-07-13T09:07:47.357+0000] {local_task_job_runner.py:225} INFO - Task exited with return code 0
[2023-07-13T09:07:47.381+0000] {taskinstance.py:2653} INFO - 1 downstream tasks scheduled from follow-on schedule check
