[2023-07-10T12:37:39.223+0000] {taskinstance.py:1103} INFO - Dependencies all met for dep_context=non-requeueable deps ti=<TaskInstance: process_sales_2.extract_data_from_api manual__2023-07-10T12:37:37.313919+00:00 [queued]>
[2023-07-10T12:37:39.235+0000] {taskinstance.py:1103} INFO - Dependencies all met for dep_context=requeueable deps ti=<TaskInstance: process_sales_2.extract_data_from_api manual__2023-07-10T12:37:37.313919+00:00 [queued]>
[2023-07-10T12:37:39.236+0000] {taskinstance.py:1308} INFO - Starting attempt 1 of 1
[2023-07-10T12:37:39.253+0000] {taskinstance.py:1327} INFO - Executing <Task(PythonOperator): extract_data_from_api> on 2023-07-10 12:37:37.313919+00:00
[2023-07-10T12:37:39.258+0000] {standard_task_runner.py:57} INFO - Started process 297 to run task
[2023-07-10T12:37:39.263+0000] {standard_task_runner.py:84} INFO - Running: ['***', 'tasks', 'run', 'process_sales_2', 'extract_data_from_api', 'manual__2023-07-10T12:37:37.313919+00:00', '--job-id', '40', '--raw', '--subdir', 'DAGS_FOLDER/process_sales_2.py', '--cfg-path', '/tmp/tmpk9_xwj0m']
[2023-07-10T12:37:39.264+0000] {standard_task_runner.py:85} INFO - Job 40: Subtask extract_data_from_api
[2023-07-10T12:37:39.321+0000] {task_command.py:410} INFO - Running <TaskInstance: process_sales_2.extract_data_from_api manual__2023-07-10T12:37:37.313919+00:00 [running]> on host 5810e5da9f97
[2023-07-10T12:37:39.418+0000] {taskinstance.py:1547} INFO - Exporting env vars: AIRFLOW_CTX_DAG_OWNER='***' AIRFLOW_CTX_DAG_ID='process_sales_2' AIRFLOW_CTX_TASK_ID='extract_data_from_api' AIRFLOW_CTX_EXECUTION_DATE='2023-07-10T12:37:37.313919+00:00' AIRFLOW_CTX_TRY_NUMBER='1' AIRFLOW_CTX_DAG_RUN_ID='manual__2023-07-10T12:37:37.313919+00:00'
[2023-07-10T12:37:39.421+0000] {logging_mixin.py:149} INFO - 	I'm in get_sales(...) function!
[2023-07-10T12:37:39.670+0000] {logging_mixin.py:149} INFO - Page 1 started
[2023-07-10T12:37:39.672+0000] {logging_mixin.py:149} INFO - Page 1 done
[2023-07-10T12:37:39.672+0000] {logging_mixin.py:149} INFO - Status_code = 200
[2023-07-10T12:37:39.836+0000] {logging_mixin.py:149} INFO - Page 2 started
[2023-07-10T12:37:39.839+0000] {logging_mixin.py:149} INFO - Page 2 done
[2023-07-10T12:37:39.839+0000] {logging_mixin.py:149} INFO - Status_code = 200
[2023-07-10T12:37:40.003+0000] {logging_mixin.py:149} INFO - Page 3 started
[2023-07-10T12:37:40.007+0000] {logging_mixin.py:149} INFO - Page 3 done
[2023-07-10T12:37:40.008+0000] {logging_mixin.py:149} INFO - Status_code = 200
[2023-07-10T12:37:40.171+0000] {logging_mixin.py:149} INFO - Page 4 started
[2023-07-10T12:37:40.171+0000] {logging_mixin.py:149} INFO - Page 4 done
[2023-07-10T12:37:40.172+0000] {logging_mixin.py:149} INFO - Status_code = 200
[2023-07-10T12:37:40.350+0000] {python.py:183} INFO - Done. Returned value was: None
[2023-07-10T12:37:40.358+0000] {taskinstance.py:1350} INFO - Marking task as SUCCESS. dag_id=process_sales_2, task_id=extract_data_from_api, execution_date=20230710T123737, start_date=20230710T123739, end_date=20230710T123740
[2023-07-10T12:37:40.398+0000] {local_task_job_runner.py:225} INFO - Task exited with return code 0
[2023-07-10T12:37:40.427+0000] {taskinstance.py:2653} INFO - 1 downstream tasks scheduled from follow-on schedule check
