[2023-07-13T13:47:57.151+0000] {taskinstance.py:1103} INFO - Dependencies all met for dep_context=non-requeueable deps ti=<TaskInstance: process_sales_13.extract_data_from_api manual__2023-07-13T13:36:31.167839+00:00 [queued]>
[2023-07-13T13:47:57.164+0000] {taskinstance.py:1103} INFO - Dependencies all met for dep_context=requeueable deps ti=<TaskInstance: process_sales_13.extract_data_from_api manual__2023-07-13T13:36:31.167839+00:00 [queued]>
[2023-07-13T13:47:57.165+0000] {taskinstance.py:1308} INFO - Starting attempt 2 of 2
[2023-07-13T13:47:57.179+0000] {taskinstance.py:1327} INFO - Executing <Task(PythonOperator): extract_data_from_api> on 2023-07-13 13:36:31.167839+00:00
[2023-07-13T13:47:57.184+0000] {standard_task_runner.py:57} INFO - Started process 5078 to run task
[2023-07-13T13:47:57.187+0000] {standard_task_runner.py:84} INFO - Running: ['***', 'tasks', 'run', 'process_sales_13', 'extract_data_from_api', 'manual__2023-07-13T13:36:31.167839+00:00', '--job-id', '207', '--raw', '--subdir', 'DAGS_FOLDER/process_sales_13.py', '--cfg-path', '/tmp/tmpjh6gp3rh']
[2023-07-13T13:47:57.188+0000] {standard_task_runner.py:85} INFO - Job 207: Subtask extract_data_from_api
[2023-07-13T13:47:57.231+0000] {task_command.py:410} INFO - Running <TaskInstance: process_sales_13.extract_data_from_api manual__2023-07-13T13:36:31.167839+00:00 [running]> on host b58a2d5f4d18
[2023-07-13T13:47:57.306+0000] {taskinstance.py:1547} INFO - Exporting env vars: AIRFLOW_CTX_DAG_OWNER='***' AIRFLOW_CTX_DAG_ID='process_sales_13' AIRFLOW_CTX_TASK_ID='extract_data_from_api' AIRFLOW_CTX_EXECUTION_DATE='2023-07-13T13:36:31.167839+00:00' AIRFLOW_CTX_TRY_NUMBER='2' AIRFLOW_CTX_DAG_RUN_ID='manual__2023-07-13T13:36:31.167839+00:00'
[2023-07-13T13:47:57.560+0000] {logging_mixin.py:149} INFO - Page 1 started
[2023-07-13T13:47:57.563+0000] {logging_mixin.py:149} INFO - Page 1 done
[2023-07-13T13:47:57.563+0000] {logging_mixin.py:149} INFO - Status_code = 200
[2023-07-13T13:47:57.721+0000] {logging_mixin.py:149} INFO - Page 2 started
[2023-07-13T13:47:57.726+0000] {logging_mixin.py:149} INFO - Page 2 done
[2023-07-13T13:47:57.726+0000] {logging_mixin.py:149} INFO - Status_code = 200
[2023-07-13T13:47:57.890+0000] {logging_mixin.py:149} INFO - Page 3 started
[2023-07-13T13:47:57.904+0000] {logging_mixin.py:149} INFO - Page 3 done
[2023-07-13T13:47:57.905+0000] {logging_mixin.py:149} INFO - Status_code = 200
[2023-07-13T13:47:58.065+0000] {logging_mixin.py:149} INFO - Page 4 started
[2023-07-13T13:47:58.066+0000] {logging_mixin.py:149} INFO - Page 4 done
[2023-07-13T13:47:58.066+0000] {logging_mixin.py:149} INFO - Status_code = 200
[2023-07-13T13:47:58.471+0000] {logging_mixin.py:149} INFO - Page 1 started
[2023-07-13T13:47:58.473+0000] {logging_mixin.py:149} INFO - Page 1 done
[2023-07-13T13:47:58.474+0000] {logging_mixin.py:149} INFO - Status_code = 200
[2023-07-13T13:47:58.636+0000] {logging_mixin.py:149} INFO - Page 2 started
[2023-07-13T13:47:58.639+0000] {logging_mixin.py:149} INFO - Page 2 done
[2023-07-13T13:47:58.640+0000] {logging_mixin.py:149} INFO - Status_code = 200
[2023-07-13T13:47:58.801+0000] {logging_mixin.py:149} INFO - Page 3 started
[2023-07-13T13:47:58.803+0000] {logging_mixin.py:149} INFO - Page 3 done
[2023-07-13T13:47:58.804+0000] {logging_mixin.py:149} INFO - Status_code = 200
[2023-07-13T13:47:58.965+0000] {logging_mixin.py:149} INFO - Page 4 started
[2023-07-13T13:47:58.966+0000] {logging_mixin.py:149} INFO - Page 4 done
[2023-07-13T13:47:58.967+0000] {logging_mixin.py:149} INFO - Status_code = 200
[2023-07-13T13:47:59.375+0000] {logging_mixin.py:149} INFO - Page 1 started
[2023-07-13T13:47:59.385+0000] {logging_mixin.py:149} INFO - Page 1 done
[2023-07-13T13:47:59.385+0000] {logging_mixin.py:149} INFO - Status_code = 200
[2023-07-13T13:47:59.545+0000] {logging_mixin.py:149} INFO - Page 2 started
[2023-07-13T13:47:59.549+0000] {logging_mixin.py:149} INFO - Page 2 done
[2023-07-13T13:47:59.550+0000] {logging_mixin.py:149} INFO - Status_code = 200
[2023-07-13T13:47:59.712+0000] {logging_mixin.py:149} INFO - Page 3 started
[2023-07-13T13:47:59.714+0000] {logging_mixin.py:149} INFO - Page 3 done
[2023-07-13T13:47:59.715+0000] {logging_mixin.py:149} INFO - Status_code = 200
[2023-07-13T13:47:59.955+0000] {logging_mixin.py:149} INFO - Page 4 started
[2023-07-13T13:47:59.956+0000] {logging_mixin.py:149} INFO - Page 4 done
[2023-07-13T13:47:59.957+0000] {logging_mixin.py:149} INFO - Status_code = 200
[2023-07-13T13:48:01.443+0000] {python.py:183} INFO - Done. Returned value was: None
[2023-07-13T13:48:01.453+0000] {taskinstance.py:1350} INFO - Marking task as SUCCESS. dag_id=process_sales_13, task_id=extract_data_from_api, execution_date=20230713T133631, start_date=20230713T134757, end_date=20230713T134801
[2023-07-13T13:48:01.503+0000] {local_task_job_runner.py:225} INFO - Task exited with return code 0
[2023-07-13T13:48:01.538+0000] {taskinstance.py:2653} INFO - 1 downstream tasks scheduled from follow-on schedule check
