[2023-07-13T12:46:33.089+0000] {taskinstance.py:1103} INFO - Dependencies all met for dep_context=non-requeueable deps ti=<TaskInstance: process_sales_13.extract_data_from_api manual__2023-07-13T12:46:31.408162+00:00 [queued]>
[2023-07-13T12:46:33.099+0000] {taskinstance.py:1103} INFO - Dependencies all met for dep_context=requeueable deps ti=<TaskInstance: process_sales_13.extract_data_from_api manual__2023-07-13T12:46:31.408162+00:00 [queued]>
[2023-07-13T12:46:33.100+0000] {taskinstance.py:1308} INFO - Starting attempt 1 of 1
[2023-07-13T12:46:33.114+0000] {taskinstance.py:1327} INFO - Executing <Task(PythonOperator): extract_data_from_api> on 2023-07-13 12:46:31.408162+00:00
[2023-07-13T12:46:33.119+0000] {standard_task_runner.py:57} INFO - Started process 3879 to run task
[2023-07-13T12:46:33.123+0000] {standard_task_runner.py:84} INFO - Running: ['***', 'tasks', 'run', 'process_sales_13', 'extract_data_from_api', 'manual__2023-07-13T12:46:31.408162+00:00', '--job-id', '173', '--raw', '--subdir', 'DAGS_FOLDER/process_sales_13.py', '--cfg-path', '/tmp/tmp0e7_yj9y']
[2023-07-13T12:46:33.124+0000] {standard_task_runner.py:85} INFO - Job 173: Subtask extract_data_from_api
[2023-07-13T12:46:33.172+0000] {task_command.py:410} INFO - Running <TaskInstance: process_sales_13.extract_data_from_api manual__2023-07-13T12:46:31.408162+00:00 [running]> on host b58a2d5f4d18
[2023-07-13T12:46:33.253+0000] {taskinstance.py:1547} INFO - Exporting env vars: AIRFLOW_CTX_DAG_OWNER='***' AIRFLOW_CTX_DAG_ID='process_sales_13' AIRFLOW_CTX_TASK_ID='extract_data_from_api' AIRFLOW_CTX_EXECUTION_DATE='2023-07-13T12:46:31.408162+00:00' AIRFLOW_CTX_TRY_NUMBER='1' AIRFLOW_CTX_DAG_RUN_ID='manual__2023-07-13T12:46:31.408162+00:00'
[2023-07-13T12:46:33.256+0000] {logging_mixin.py:149} INFO - 	I'm in get_sales(...) function!
[2023-07-13T12:46:33.503+0000] {logging_mixin.py:149} INFO - Page 1 started
[2023-07-13T12:46:33.504+0000] {logging_mixin.py:149} INFO - Page 1 done
[2023-07-13T12:46:33.504+0000] {logging_mixin.py:149} INFO - Status_code = 200
[2023-07-13T12:46:33.662+0000] {logging_mixin.py:149} INFO - Page 2 started
[2023-07-13T12:46:33.667+0000] {logging_mixin.py:149} INFO - Page 2 done
[2023-07-13T12:46:33.667+0000] {logging_mixin.py:149} INFO - Status_code = 200
[2023-07-13T12:46:33.829+0000] {logging_mixin.py:149} INFO - Page 3 started
[2023-07-13T12:46:33.835+0000] {logging_mixin.py:149} INFO - Page 3 done
[2023-07-13T12:46:33.835+0000] {logging_mixin.py:149} INFO - Status_code = 200
[2023-07-13T12:46:34.002+0000] {logging_mixin.py:149} INFO - Page 4 started
[2023-07-13T12:46:34.003+0000] {logging_mixin.py:149} INFO - Page 4 done
[2023-07-13T12:46:34.003+0000] {logging_mixin.py:149} INFO - Status_code = 200
[2023-07-13T12:46:34.173+0000] {logging_mixin.py:149} INFO - Deleted file: /opt/***/processed_data/raw/sales
[2023-07-13T12:46:34.174+0000] {logging_mixin.py:149} INFO - Cleanup complete for folder: /opt/***/processed_data/raw/sales
[2023-07-13T12:46:34.179+0000] {logging_mixin.py:149} INFO - 	I'm in get_sales(...) function!
[2023-07-13T12:46:34.416+0000] {logging_mixin.py:149} INFO - Page 1 started
[2023-07-13T12:46:34.417+0000] {logging_mixin.py:149} INFO - Page 1 done
[2023-07-13T12:46:34.418+0000] {logging_mixin.py:149} INFO - Status_code = 200
[2023-07-13T12:46:34.577+0000] {logging_mixin.py:149} INFO - Page 2 started
[2023-07-13T12:46:34.582+0000] {logging_mixin.py:149} INFO - Page 2 done
[2023-07-13T12:46:34.582+0000] {logging_mixin.py:149} INFO - Status_code = 200
[2023-07-13T12:46:34.743+0000] {logging_mixin.py:149} INFO - Page 3 started
[2023-07-13T12:46:34.746+0000] {logging_mixin.py:149} INFO - Page 3 done
[2023-07-13T12:46:34.747+0000] {logging_mixin.py:149} INFO - Status_code = 200
[2023-07-13T12:46:34.909+0000] {logging_mixin.py:149} INFO - Page 4 started
[2023-07-13T12:46:34.910+0000] {logging_mixin.py:149} INFO - Page 4 done
[2023-07-13T12:46:34.911+0000] {logging_mixin.py:149} INFO - Status_code = 200
[2023-07-13T12:46:35.086+0000] {logging_mixin.py:149} INFO - Deleted file: /opt/***/processed_data/raw/sales
[2023-07-13T12:46:35.086+0000] {logging_mixin.py:149} INFO - Cleanup complete for folder: /opt/***/processed_data/raw/sales
[2023-07-13T12:46:35.090+0000] {logging_mixin.py:149} INFO - 	I'm in get_sales(...) function!
[2023-07-13T12:46:35.333+0000] {logging_mixin.py:149} INFO - Page 1 started
[2023-07-13T12:46:35.335+0000] {logging_mixin.py:149} INFO - Page 1 done
[2023-07-13T12:46:35.335+0000] {logging_mixin.py:149} INFO - Status_code = 200
[2023-07-13T12:46:35.495+0000] {logging_mixin.py:149} INFO - Page 2 started
[2023-07-13T12:46:35.499+0000] {logging_mixin.py:149} INFO - Page 2 done
[2023-07-13T12:46:35.500+0000] {logging_mixin.py:149} INFO - Status_code = 200
[2023-07-13T12:46:35.659+0000] {logging_mixin.py:149} INFO - Page 3 started
[2023-07-13T12:46:35.664+0000] {logging_mixin.py:149} INFO - Page 3 done
[2023-07-13T12:46:35.664+0000] {logging_mixin.py:149} INFO - Status_code = 200
[2023-07-13T12:46:35.825+0000] {logging_mixin.py:149} INFO - Page 4 started
[2023-07-13T12:46:35.826+0000] {logging_mixin.py:149} INFO - Page 4 done
[2023-07-13T12:46:35.827+0000] {logging_mixin.py:149} INFO - Status_code = 200
[2023-07-13T12:46:35.993+0000] {logging_mixin.py:149} INFO - Deleted file: /opt/***/processed_data/raw/sales
[2023-07-13T12:46:35.993+0000] {logging_mixin.py:149} INFO - Cleanup complete for folder: /opt/***/processed_data/raw/sales
[2023-07-13T12:46:35.997+0000] {python.py:183} INFO - Done. Returned value was: None
[2023-07-13T12:46:36.007+0000] {taskinstance.py:1350} INFO - Marking task as SUCCESS. dag_id=process_sales_13, task_id=extract_data_from_api, execution_date=20230713T124631, start_date=20230713T124633, end_date=20230713T124636
[2023-07-13T12:46:36.031+0000] {local_task_job_runner.py:225} INFO - Task exited with return code 0
[2023-07-13T12:46:36.058+0000] {taskinstance.py:2653} INFO - 0 downstream tasks scheduled from follow-on schedule check
