[2023-07-13T12:53:31.968+0000] {taskinstance.py:1103} INFO - Dependencies all met for dep_context=non-requeueable deps ti=<TaskInstance: process_sales_13.extract_data_from_api manual__2023-07-13T12:46:31.408162+00:00 [queued]>
[2023-07-13T12:53:31.977+0000] {taskinstance.py:1103} INFO - Dependencies all met for dep_context=requeueable deps ti=<TaskInstance: process_sales_13.extract_data_from_api manual__2023-07-13T12:46:31.408162+00:00 [queued]>
[2023-07-13T12:53:31.978+0000] {taskinstance.py:1308} INFO - Starting attempt 2 of 2
[2023-07-13T12:53:31.993+0000] {taskinstance.py:1327} INFO - Executing <Task(PythonOperator): extract_data_from_api> on 2023-07-13 12:46:31.408162+00:00
[2023-07-13T12:53:31.998+0000] {standard_task_runner.py:57} INFO - Started process 4010 to run task
[2023-07-13T12:53:32.001+0000] {standard_task_runner.py:84} INFO - Running: ['***', 'tasks', 'run', 'process_sales_13', 'extract_data_from_api', 'manual__2023-07-13T12:46:31.408162+00:00', '--job-id', '176', '--raw', '--subdir', 'DAGS_FOLDER/process_sales_12.py', '--cfg-path', '/tmp/tmpad_f4n9n']
[2023-07-13T12:53:32.002+0000] {standard_task_runner.py:85} INFO - Job 176: Subtask extract_data_from_api
[2023-07-13T12:53:32.060+0000] {task_command.py:410} INFO - Running <TaskInstance: process_sales_13.extract_data_from_api manual__2023-07-13T12:46:31.408162+00:00 [running]> on host b58a2d5f4d18
[2023-07-13T12:53:32.162+0000] {taskinstance.py:1547} INFO - Exporting env vars: AIRFLOW_CTX_DAG_OWNER='***' AIRFLOW_CTX_DAG_ID='process_sales_13' AIRFLOW_CTX_TASK_ID='extract_data_from_api' AIRFLOW_CTX_EXECUTION_DATE='2023-07-13T12:46:31.408162+00:00' AIRFLOW_CTX_TRY_NUMBER='2' AIRFLOW_CTX_DAG_RUN_ID='manual__2023-07-13T12:46:31.408162+00:00'
[2023-07-13T12:53:32.165+0000] {logging_mixin.py:149} INFO - 	I'm in get_sales(...) function!
[2023-07-13T12:53:32.434+0000] {logging_mixin.py:149} INFO - Page 1 started
[2023-07-13T12:53:32.476+0000] {logging_mixin.py:149} INFO - Page 1 done
[2023-07-13T12:53:32.477+0000] {logging_mixin.py:149} INFO - Status_code = 200
[2023-07-13T12:53:32.635+0000] {logging_mixin.py:149} INFO - Page 2 started
[2023-07-13T12:53:32.643+0000] {logging_mixin.py:149} INFO - Page 2 done
[2023-07-13T12:53:32.645+0000] {logging_mixin.py:149} INFO - Status_code = 200
[2023-07-13T12:53:32.816+0000] {logging_mixin.py:149} INFO - Page 3 started
[2023-07-13T12:53:32.818+0000] {logging_mixin.py:149} INFO - Page 3 done
[2023-07-13T12:53:32.818+0000] {logging_mixin.py:149} INFO - Status_code = 200
[2023-07-13T12:53:32.980+0000] {logging_mixin.py:149} INFO - Page 4 started
[2023-07-13T12:53:32.981+0000] {logging_mixin.py:149} INFO - Page 4 done
[2023-07-13T12:53:32.981+0000] {logging_mixin.py:149} INFO - Status_code = 200
[2023-07-13T12:53:33.152+0000] {logging_mixin.py:149} INFO - Deleted file: /opt/***/processed_data/raw/sales
[2023-07-13T12:53:33.152+0000] {logging_mixin.py:149} INFO - Cleanup complete for folder: /opt/***/processed_data/raw/sales
[2023-07-13T12:53:33.157+0000] {logging_mixin.py:149} INFO - 	I'm in get_sales(...) function!
[2023-07-13T12:53:33.439+0000] {logging_mixin.py:149} INFO - Page 1 started
[2023-07-13T12:53:33.441+0000] {logging_mixin.py:149} INFO - Page 1 done
[2023-07-13T12:53:33.441+0000] {logging_mixin.py:149} INFO - Status_code = 200
[2023-07-13T12:53:33.618+0000] {logging_mixin.py:149} INFO - Page 2 started
[2023-07-13T12:53:33.619+0000] {logging_mixin.py:149} INFO - Page 2 done
[2023-07-13T12:53:33.620+0000] {logging_mixin.py:149} INFO - Status_code = 200
[2023-07-13T12:53:33.795+0000] {logging_mixin.py:149} INFO - Page 3 started
[2023-07-13T12:53:33.796+0000] {logging_mixin.py:149} INFO - Page 3 done
[2023-07-13T12:53:33.796+0000] {logging_mixin.py:149} INFO - Status_code = 200
[2023-07-13T12:53:33.957+0000] {logging_mixin.py:149} INFO - Page 4 started
[2023-07-13T12:53:33.959+0000] {logging_mixin.py:149} INFO - Page 4 done
[2023-07-13T12:53:33.959+0000] {logging_mixin.py:149} INFO - Status_code = 200
[2023-07-13T12:53:34.131+0000] {logging_mixin.py:149} INFO - Deleted file: /opt/***/processed_data/raw/sales
[2023-07-13T12:53:34.132+0000] {logging_mixin.py:149} INFO - Cleanup complete for folder: /opt/***/processed_data/raw/sales
[2023-07-13T12:53:34.140+0000] {logging_mixin.py:149} INFO - 	I'm in get_sales(...) function!
[2023-07-13T12:53:34.407+0000] {logging_mixin.py:149} INFO - Page 1 started
[2023-07-13T12:53:34.411+0000] {logging_mixin.py:149} INFO - Page 1 done
[2023-07-13T12:53:34.411+0000] {logging_mixin.py:149} INFO - Status_code = 200
[2023-07-13T12:53:34.578+0000] {logging_mixin.py:149} INFO - Page 2 started
[2023-07-13T12:53:34.581+0000] {logging_mixin.py:149} INFO - Page 2 done
[2023-07-13T12:53:34.581+0000] {logging_mixin.py:149} INFO - Status_code = 200
[2023-07-13T12:53:34.759+0000] {logging_mixin.py:149} INFO - Page 3 started
[2023-07-13T12:53:34.760+0000] {logging_mixin.py:149} INFO - Page 3 done
[2023-07-13T12:53:34.761+0000] {logging_mixin.py:149} INFO - Status_code = 200
[2023-07-13T12:53:34.934+0000] {logging_mixin.py:149} INFO - Page 4 started
[2023-07-13T12:53:34.935+0000] {logging_mixin.py:149} INFO - Page 4 done
[2023-07-13T12:53:34.936+0000] {logging_mixin.py:149} INFO - Status_code = 200
[2023-07-13T12:53:35.129+0000] {logging_mixin.py:149} INFO - Deleted file: /opt/***/processed_data/raw/sales
[2023-07-13T12:53:35.129+0000] {logging_mixin.py:149} INFO - Cleanup complete for folder: /opt/***/processed_data/raw/sales
[2023-07-13T12:53:35.135+0000] {python.py:183} INFO - Done. Returned value was: None
[2023-07-13T12:53:35.147+0000] {taskinstance.py:1350} INFO - Marking task as SUCCESS. dag_id=process_sales_13, task_id=extract_data_from_api, execution_date=20230713T124631, start_date=20230713T125331, end_date=20230713T125335
[2023-07-13T12:53:35.188+0000] {local_task_job_runner.py:225} INFO - Task exited with return code 0
[2023-07-13T12:53:35.215+0000] {taskinstance.py:2653} INFO - 1 downstream tasks scheduled from follow-on schedule check
