[2023-07-13T13:26:25.504+0000] {taskinstance.py:1103} INFO - Dependencies all met for dep_context=non-requeueable deps ti=<TaskInstance: process_sales_13.extract_data_from_api manual__2023-07-13T13:26:23.775517+00:00 [queued]>
[2023-07-13T13:26:25.514+0000] {taskinstance.py:1103} INFO - Dependencies all met for dep_context=requeueable deps ti=<TaskInstance: process_sales_13.extract_data_from_api manual__2023-07-13T13:26:23.775517+00:00 [queued]>
[2023-07-13T13:26:25.514+0000] {taskinstance.py:1308} INFO - Starting attempt 1 of 1
[2023-07-13T13:26:25.530+0000] {taskinstance.py:1327} INFO - Executing <Task(PythonOperator): extract_data_from_api> on 2023-07-13 13:26:23.775517+00:00
[2023-07-13T13:26:25.534+0000] {standard_task_runner.py:57} INFO - Started process 4681 to run task
[2023-07-13T13:26:25.538+0000] {standard_task_runner.py:84} INFO - Running: ['***', 'tasks', 'run', 'process_sales_13', 'extract_data_from_api', 'manual__2023-07-13T13:26:23.775517+00:00', '--job-id', '201', '--raw', '--subdir', 'DAGS_FOLDER/process_sales_13.py', '--cfg-path', '/tmp/tmpkhg1a21v']
[2023-07-13T13:26:25.539+0000] {standard_task_runner.py:85} INFO - Job 201: Subtask extract_data_from_api
[2023-07-13T13:26:25.587+0000] {task_command.py:410} INFO - Running <TaskInstance: process_sales_13.extract_data_from_api manual__2023-07-13T13:26:23.775517+00:00 [running]> on host b58a2d5f4d18
[2023-07-13T13:26:25.677+0000] {taskinstance.py:1547} INFO - Exporting env vars: AIRFLOW_CTX_DAG_OWNER='***' AIRFLOW_CTX_DAG_ID='process_sales_13' AIRFLOW_CTX_TASK_ID='extract_data_from_api' AIRFLOW_CTX_EXECUTION_DATE='2023-07-13T13:26:23.775517+00:00' AIRFLOW_CTX_TRY_NUMBER='1' AIRFLOW_CTX_DAG_RUN_ID='manual__2023-07-13T13:26:23.775517+00:00'
[2023-07-13T13:26:25.680+0000] {logging_mixin.py:149} INFO - 	I'm in get_sales(...) function!
[2023-07-13T13:26:25.927+0000] {logging_mixin.py:149} INFO - Page 1 started
[2023-07-13T13:26:25.928+0000] {logging_mixin.py:149} INFO - Page 1 done
[2023-07-13T13:26:25.929+0000] {logging_mixin.py:149} INFO - Status_code = 200
[2023-07-13T13:26:26.089+0000] {logging_mixin.py:149} INFO - Page 2 started
[2023-07-13T13:26:26.095+0000] {logging_mixin.py:149} INFO - Page 2 done
[2023-07-13T13:26:26.096+0000] {logging_mixin.py:149} INFO - Status_code = 200
[2023-07-13T13:26:26.257+0000] {logging_mixin.py:149} INFO - Page 3 started
[2023-07-13T13:26:26.260+0000] {logging_mixin.py:149} INFO - Page 3 done
[2023-07-13T13:26:26.260+0000] {logging_mixin.py:149} INFO - Status_code = 200
[2023-07-13T13:26:26.421+0000] {logging_mixin.py:149} INFO - Page 4 started
[2023-07-13T13:26:26.422+0000] {logging_mixin.py:149} INFO - Page 4 done
[2023-07-13T13:26:26.422+0000] {logging_mixin.py:149} INFO - Status_code = 200
[2023-07-13T13:26:26.597+0000] {logging_mixin.py:149} INFO - 	I'm in get_sales(...) function!
[2023-07-13T13:26:26.837+0000] {logging_mixin.py:149} INFO - Page 1 started
[2023-07-13T13:26:26.840+0000] {logging_mixin.py:149} INFO - Page 1 done
[2023-07-13T13:26:26.841+0000] {logging_mixin.py:149} INFO - Status_code = 200
[2023-07-13T13:26:27.004+0000] {logging_mixin.py:149} INFO - Page 2 started
[2023-07-13T13:26:27.010+0000] {logging_mixin.py:149} INFO - Page 2 done
[2023-07-13T13:26:27.010+0000] {logging_mixin.py:149} INFO - Status_code = 200
[2023-07-13T13:26:27.171+0000] {logging_mixin.py:149} INFO - Page 3 started
[2023-07-13T13:26:27.174+0000] {logging_mixin.py:149} INFO - Page 3 done
[2023-07-13T13:26:27.175+0000] {logging_mixin.py:149} INFO - Status_code = 200
[2023-07-13T13:26:27.336+0000] {logging_mixin.py:149} INFO - Page 4 started
[2023-07-13T13:26:27.337+0000] {logging_mixin.py:149} INFO - Page 4 done
[2023-07-13T13:26:27.338+0000] {logging_mixin.py:149} INFO - Status_code = 200
[2023-07-13T13:26:27.507+0000] {logging_mixin.py:149} INFO - Deleted file: /opt/***/processed_data/raw/sales/sales
[2023-07-13T13:26:27.508+0000] {logging_mixin.py:149} INFO - Cleanup complete for folder: /opt/***/processed_data/raw/sales/sales
[2023-07-13T13:26:27.514+0000] {logging_mixin.py:149} INFO - 	I'm in get_sales(...) function!
[2023-07-13T13:26:27.759+0000] {logging_mixin.py:149} INFO - Page 1 started
[2023-07-13T13:26:27.764+0000] {logging_mixin.py:149} INFO - Page 1 done
[2023-07-13T13:26:27.765+0000] {logging_mixin.py:149} INFO - Status_code = 200
[2023-07-13T13:26:27.929+0000] {logging_mixin.py:149} INFO - Page 2 started
[2023-07-13T13:26:27.933+0000] {logging_mixin.py:149} INFO - Page 2 done
[2023-07-13T13:26:27.934+0000] {logging_mixin.py:149} INFO - Status_code = 200
[2023-07-13T13:26:28.099+0000] {logging_mixin.py:149} INFO - Page 3 started
[2023-07-13T13:26:28.103+0000] {logging_mixin.py:149} INFO - Page 3 done
[2023-07-13T13:26:28.103+0000] {logging_mixin.py:149} INFO - Status_code = 200
[2023-07-13T13:26:28.264+0000] {logging_mixin.py:149} INFO - Page 4 started
[2023-07-13T13:26:28.265+0000] {logging_mixin.py:149} INFO - Page 4 done
[2023-07-13T13:26:28.266+0000] {logging_mixin.py:149} INFO - Status_code = 200
[2023-07-13T13:26:28.435+0000] {logging_mixin.py:149} INFO - Deleted file: /opt/***/processed_data/raw/sales/sales
[2023-07-13T13:26:28.436+0000] {logging_mixin.py:149} INFO - Cleanup complete for folder: /opt/***/processed_data/raw/sales/sales
[2023-07-13T13:26:28.439+0000] {python.py:183} INFO - Done. Returned value was: None
[2023-07-13T13:26:28.448+0000] {taskinstance.py:1350} INFO - Marking task as SUCCESS. dag_id=process_sales_13, task_id=extract_data_from_api, execution_date=20230713T132623, start_date=20230713T132625, end_date=20230713T132628
[2023-07-13T13:26:28.490+0000] {local_task_job_runner.py:225} INFO - Task exited with return code 0
[2023-07-13T13:26:28.511+0000] {taskinstance.py:2653} INFO - 1 downstream tasks scheduled from follow-on schedule check
