[2023-07-13T13:36:30.509+0000] {taskinstance.py:1103} INFO - Dependencies all met for dep_context=non-requeueable deps ti=<TaskInstance: process_sales_13.extract_data_from_api manual__2023-07-13T13:26:23.775517+00:00 [queued]>
[2023-07-13T13:36:30.518+0000] {taskinstance.py:1103} INFO - Dependencies all met for dep_context=requeueable deps ti=<TaskInstance: process_sales_13.extract_data_from_api manual__2023-07-13T13:26:23.775517+00:00 [queued]>
[2023-07-13T13:36:30.519+0000] {taskinstance.py:1308} INFO - Starting attempt 2 of 2
[2023-07-13T13:36:30.533+0000] {taskinstance.py:1327} INFO - Executing <Task(PythonOperator): extract_data_from_api> on 2023-07-13 13:26:23.775517+00:00
[2023-07-13T13:36:30.540+0000] {standard_task_runner.py:57} INFO - Started process 4861 to run task
[2023-07-13T13:36:30.543+0000] {standard_task_runner.py:84} INFO - Running: ['***', 'tasks', 'run', 'process_sales_13', 'extract_data_from_api', 'manual__2023-07-13T13:26:23.775517+00:00', '--job-id', '203', '--raw', '--subdir', 'DAGS_FOLDER/process_sales_13.py', '--cfg-path', '/tmp/tmpk87q54ts']
[2023-07-13T13:36:30.544+0000] {standard_task_runner.py:85} INFO - Job 203: Subtask extract_data_from_api
[2023-07-13T13:36:30.597+0000] {task_command.py:410} INFO - Running <TaskInstance: process_sales_13.extract_data_from_api manual__2023-07-13T13:26:23.775517+00:00 [running]> on host b58a2d5f4d18
[2023-07-13T13:36:30.685+0000] {taskinstance.py:1547} INFO - Exporting env vars: AIRFLOW_CTX_DAG_OWNER='***' AIRFLOW_CTX_DAG_ID='process_sales_13' AIRFLOW_CTX_TASK_ID='extract_data_from_api' AIRFLOW_CTX_EXECUTION_DATE='2023-07-13T13:26:23.775517+00:00' AIRFLOW_CTX_TRY_NUMBER='2' AIRFLOW_CTX_DAG_RUN_ID='manual__2023-07-13T13:26:23.775517+00:00'
[2023-07-13T13:36:31.013+0000] {logging_mixin.py:149} INFO - Page 1 started
[2023-07-13T13:36:31.023+0000] {logging_mixin.py:149} INFO - Page 1 done
[2023-07-13T13:36:31.023+0000] {logging_mixin.py:149} INFO - Status_code = 200
[2023-07-13T13:36:31.183+0000] {logging_mixin.py:149} INFO - Page 2 started
[2023-07-13T13:36:31.190+0000] {logging_mixin.py:149} INFO - Page 2 done
[2023-07-13T13:36:31.191+0000] {logging_mixin.py:149} INFO - Status_code = 200
[2023-07-13T13:36:31.353+0000] {logging_mixin.py:149} INFO - Page 3 started
[2023-07-13T13:36:31.363+0000] {logging_mixin.py:149} INFO - Page 3 done
[2023-07-13T13:36:31.364+0000] {logging_mixin.py:149} INFO - Status_code = 200
[2023-07-13T13:36:31.524+0000] {logging_mixin.py:149} INFO - Page 4 started
[2023-07-13T13:36:31.527+0000] {logging_mixin.py:149} INFO - Page 4 done
[2023-07-13T13:36:31.528+0000] {logging_mixin.py:149} INFO - Status_code = 200
[2023-07-13T13:36:31.961+0000] {logging_mixin.py:149} INFO - Page 1 started
[2023-07-13T13:36:31.964+0000] {logging_mixin.py:149} INFO - Page 1 done
[2023-07-13T13:36:31.964+0000] {logging_mixin.py:149} INFO - Status_code = 200
[2023-07-13T13:36:32.133+0000] {logging_mixin.py:149} INFO - Page 2 started
[2023-07-13T13:36:32.140+0000] {logging_mixin.py:149} INFO - Page 2 done
[2023-07-13T13:36:32.140+0000] {logging_mixin.py:149} INFO - Status_code = 200
[2023-07-13T13:36:32.319+0000] {logging_mixin.py:149} INFO - Page 3 started
[2023-07-13T13:36:32.320+0000] {logging_mixin.py:149} INFO - Page 3 done
[2023-07-13T13:36:32.321+0000] {logging_mixin.py:149} INFO - Status_code = 200
[2023-07-13T13:36:32.490+0000] {logging_mixin.py:149} INFO - Page 4 started
[2023-07-13T13:36:32.490+0000] {logging_mixin.py:149} INFO - Page 4 done
[2023-07-13T13:36:32.491+0000] {logging_mixin.py:149} INFO - Status_code = 200
[2023-07-13T13:36:32.914+0000] {logging_mixin.py:149} INFO - Page 1 started
[2023-07-13T13:36:32.916+0000] {logging_mixin.py:149} INFO - Page 1 done
[2023-07-13T13:36:32.916+0000] {logging_mixin.py:149} INFO - Status_code = 200
[2023-07-13T13:36:33.078+0000] {logging_mixin.py:149} INFO - Page 2 started
[2023-07-13T13:36:33.084+0000] {logging_mixin.py:149} INFO - Page 2 done
[2023-07-13T13:36:33.085+0000] {logging_mixin.py:149} INFO - Status_code = 200
[2023-07-13T13:36:33.249+0000] {logging_mixin.py:149} INFO - Page 3 started
[2023-07-13T13:36:33.254+0000] {logging_mixin.py:149} INFO - Page 3 done
[2023-07-13T13:36:33.254+0000] {logging_mixin.py:149} INFO - Status_code = 200
[2023-07-13T13:36:33.415+0000] {logging_mixin.py:149} INFO - Page 4 started
[2023-07-13T13:36:33.416+0000] {logging_mixin.py:149} INFO - Page 4 done
[2023-07-13T13:36:33.417+0000] {logging_mixin.py:149} INFO - Status_code = 200
[2023-07-13T13:36:33.590+0000] {python.py:183} INFO - Done. Returned value was: None
[2023-07-13T13:36:33.598+0000] {taskinstance.py:1350} INFO - Marking task as SUCCESS. dag_id=process_sales_13, task_id=extract_data_from_api, execution_date=20230713T132623, start_date=20230713T133630, end_date=20230713T133633
[2023-07-13T13:36:33.652+0000] {local_task_job_runner.py:225} INFO - Task exited with return code 0
[2023-07-13T13:36:33.670+0000] {taskinstance.py:2653} INFO - 1 downstream tasks scheduled from follow-on schedule check
