[2023-07-13T11:41:20.490+0000] {taskinstance.py:1103} INFO - Dependencies all met for dep_context=non-requeueable deps ti=<TaskInstance: process_sales_13.extract_data_from_api manual__2023-07-13T11:39:38.541722+00:00 [queued]>
[2023-07-13T11:41:20.501+0000] {taskinstance.py:1103} INFO - Dependencies all met for dep_context=requeueable deps ti=<TaskInstance: process_sales_13.extract_data_from_api manual__2023-07-13T11:39:38.541722+00:00 [queued]>
[2023-07-13T11:41:20.502+0000] {taskinstance.py:1308} INFO - Starting attempt 2 of 2
[2023-07-13T11:41:20.518+0000] {taskinstance.py:1327} INFO - Executing <Task(PythonOperator): extract_data_from_api> on 2023-07-13 11:39:38.541722+00:00
[2023-07-13T11:41:20.523+0000] {standard_task_runner.py:57} INFO - Started process 2554 to run task
[2023-07-13T11:41:20.528+0000] {standard_task_runner.py:84} INFO - Running: ['***', 'tasks', 'run', 'process_sales_13', 'extract_data_from_api', 'manual__2023-07-13T11:39:38.541722+00:00', '--job-id', '130', '--raw', '--subdir', 'DAGS_FOLDER/process_sales_13.py', '--cfg-path', '/tmp/tmphlbn35e4']
[2023-07-13T11:41:20.529+0000] {standard_task_runner.py:85} INFO - Job 130: Subtask extract_data_from_api
[2023-07-13T11:41:20.578+0000] {task_command.py:410} INFO - Running <TaskInstance: process_sales_13.extract_data_from_api manual__2023-07-13T11:39:38.541722+00:00 [running]> on host b58a2d5f4d18
[2023-07-13T11:41:20.662+0000] {taskinstance.py:1547} INFO - Exporting env vars: AIRFLOW_CTX_DAG_OWNER='***' AIRFLOW_CTX_DAG_ID='process_sales_13' AIRFLOW_CTX_TASK_ID='extract_data_from_api' AIRFLOW_CTX_EXECUTION_DATE='2023-07-13T11:39:38.541722+00:00' AIRFLOW_CTX_TRY_NUMBER='2' AIRFLOW_CTX_DAG_RUN_ID='manual__2023-07-13T11:39:38.541722+00:00'
[2023-07-13T11:41:20.665+0000] {logging_mixin.py:149} INFO - 	I'm in get_sales(...) function!
[2023-07-13T11:41:20.913+0000] {logging_mixin.py:149} INFO - Page 1 started
[2023-07-13T11:41:20.925+0000] {logging_mixin.py:149} INFO - Page 1 done
[2023-07-13T11:41:20.926+0000] {logging_mixin.py:149} INFO - Status_code = 200
[2023-07-13T11:41:21.086+0000] {logging_mixin.py:149} INFO - Page 2 started
[2023-07-13T11:41:21.090+0000] {logging_mixin.py:149} INFO - Page 2 done
[2023-07-13T11:41:21.090+0000] {logging_mixin.py:149} INFO - Status_code = 200
[2023-07-13T11:41:21.250+0000] {logging_mixin.py:149} INFO - Page 3 started
[2023-07-13T11:41:21.255+0000] {logging_mixin.py:149} INFO - Page 3 done
[2023-07-13T11:41:21.255+0000] {logging_mixin.py:149} INFO - Status_code = 200
[2023-07-13T11:41:21.422+0000] {logging_mixin.py:149} INFO - Page 4 started
[2023-07-13T11:41:21.425+0000] {logging_mixin.py:149} INFO - Page 4 done
[2023-07-13T11:41:21.425+0000] {logging_mixin.py:149} INFO - Status_code = 200
[2023-07-13T11:41:21.599+0000] {logging_mixin.py:149} INFO - 	I'm in get_sales(...) function!
[2023-07-13T11:41:21.846+0000] {logging_mixin.py:149} INFO - Page 1 started
[2023-07-13T11:41:21.850+0000] {logging_mixin.py:149} INFO - Page 1 done
[2023-07-13T11:41:21.850+0000] {logging_mixin.py:149} INFO - Status_code = 200
[2023-07-13T11:41:22.014+0000] {logging_mixin.py:149} INFO - Page 2 started
[2023-07-13T11:41:22.021+0000] {logging_mixin.py:149} INFO - Page 2 done
[2023-07-13T11:41:22.021+0000] {logging_mixin.py:149} INFO - Status_code = 200
[2023-07-13T11:41:22.186+0000] {logging_mixin.py:149} INFO - Page 3 started
[2023-07-13T11:41:22.190+0000] {logging_mixin.py:149} INFO - Page 3 done
[2023-07-13T11:41:22.191+0000] {logging_mixin.py:149} INFO - Status_code = 200
[2023-07-13T11:41:22.355+0000] {logging_mixin.py:149} INFO - Page 4 started
[2023-07-13T11:41:22.356+0000] {logging_mixin.py:149} INFO - Page 4 done
[2023-07-13T11:41:22.356+0000] {logging_mixin.py:149} INFO - Status_code = 200
[2023-07-13T11:41:22.523+0000] {logging_mixin.py:149} INFO - 	I'm in get_sales(...) function!
[2023-07-13T11:41:22.774+0000] {logging_mixin.py:149} INFO - Page 1 started
[2023-07-13T11:41:22.775+0000] {logging_mixin.py:149} INFO - Page 1 done
[2023-07-13T11:41:22.776+0000] {logging_mixin.py:149} INFO - Status_code = 200
[2023-07-13T11:41:22.943+0000] {logging_mixin.py:149} INFO - Page 2 started
[2023-07-13T11:41:22.946+0000] {logging_mixin.py:149} INFO - Page 2 done
[2023-07-13T11:41:22.946+0000] {logging_mixin.py:149} INFO - Status_code = 200
[2023-07-13T11:41:23.121+0000] {logging_mixin.py:149} INFO - Page 3 started
[2023-07-13T11:41:23.126+0000] {logging_mixin.py:149} INFO - Page 3 done
[2023-07-13T11:41:23.126+0000] {logging_mixin.py:149} INFO - Status_code = 200
[2023-07-13T11:41:23.292+0000] {logging_mixin.py:149} INFO - Page 4 started
[2023-07-13T11:41:23.294+0000] {logging_mixin.py:149} INFO - Page 4 done
[2023-07-13T11:41:23.295+0000] {logging_mixin.py:149} INFO - Status_code = 200
[2023-07-13T11:41:23.468+0000] {python.py:183} INFO - Done. Returned value was: None
[2023-07-13T11:41:23.477+0000] {taskinstance.py:1350} INFO - Marking task as SUCCESS. dag_id=process_sales_13, task_id=extract_data_from_api, execution_date=20230713T113938, start_date=20230713T114120, end_date=20230713T114123
[2023-07-13T11:41:23.514+0000] {local_task_job_runner.py:225} INFO - Task exited with return code 0
[2023-07-13T11:41:23.533+0000] {taskinstance.py:2653} INFO - 1 downstream tasks scheduled from follow-on schedule check
