[2023-07-11T06:17:15.467+0000] {taskinstance.py:1103} INFO - Dependencies all met for dep_context=non-requeueable deps ti=<TaskInstance: process_sales_2.extract_data_from_api manual__2023-07-11T06:17:13.391686+00:00 [queued]>
[2023-07-11T06:17:15.482+0000] {taskinstance.py:1103} INFO - Dependencies all met for dep_context=requeueable deps ti=<TaskInstance: process_sales_2.extract_data_from_api manual__2023-07-11T06:17:13.391686+00:00 [queued]>
[2023-07-11T06:17:15.483+0000] {taskinstance.py:1308} INFO - Starting attempt 1 of 1
[2023-07-11T06:17:15.506+0000] {taskinstance.py:1327} INFO - Executing <Task(PythonOperator): extract_data_from_api> on 2023-07-11 06:17:13.391686+00:00
[2023-07-11T06:17:15.512+0000] {standard_task_runner.py:57} INFO - Started process 579 to run task
[2023-07-11T06:17:15.516+0000] {standard_task_runner.py:84} INFO - Running: ['***', 'tasks', 'run', 'process_sales_2', 'extract_data_from_api', 'manual__2023-07-11T06:17:13.391686+00:00', '--job-id', '46', '--raw', '--subdir', 'DAGS_FOLDER/process_sales_2.py', '--cfg-path', '/tmp/tmpu6fgy19f']
[2023-07-11T06:17:15.517+0000] {standard_task_runner.py:85} INFO - Job 46: Subtask extract_data_from_api
[2023-07-11T06:17:15.573+0000] {task_command.py:410} INFO - Running <TaskInstance: process_sales_2.extract_data_from_api manual__2023-07-11T06:17:13.391686+00:00 [running]> on host ca64464cba28
[2023-07-11T06:17:15.711+0000] {taskinstance.py:1547} INFO - Exporting env vars: AIRFLOW_CTX_DAG_OWNER='***' AIRFLOW_CTX_DAG_ID='process_sales_2' AIRFLOW_CTX_TASK_ID='extract_data_from_api' AIRFLOW_CTX_EXECUTION_DATE='2023-07-11T06:17:13.391686+00:00' AIRFLOW_CTX_TRY_NUMBER='1' AIRFLOW_CTX_DAG_RUN_ID='manual__2023-07-11T06:17:13.391686+00:00'
[2023-07-11T06:17:15.719+0000] {logging_mixin.py:149} INFO - 	I'm in get_sales(...) function!
[2023-07-11T06:17:17.135+0000] {logging_mixin.py:149} INFO - Page 1 started
[2023-07-11T06:17:17.138+0000] {logging_mixin.py:149} INFO - Page 1 done
[2023-07-11T06:17:17.138+0000] {logging_mixin.py:149} INFO - Status_code = 200
[2023-07-11T06:17:17.306+0000] {logging_mixin.py:149} INFO - Page 2 started
[2023-07-11T06:17:17.311+0000] {logging_mixin.py:149} INFO - Page 2 done
[2023-07-11T06:17:17.311+0000] {logging_mixin.py:149} INFO - Status_code = 200
[2023-07-11T06:17:17.477+0000] {logging_mixin.py:149} INFO - Page 3 started
[2023-07-11T06:17:17.481+0000] {logging_mixin.py:149} INFO - Page 3 done
[2023-07-11T06:17:17.481+0000] {logging_mixin.py:149} INFO - Status_code = 200
[2023-07-11T06:17:17.647+0000] {logging_mixin.py:149} INFO - Page 4 started
[2023-07-11T06:17:17.649+0000] {logging_mixin.py:149} INFO - Page 4 done
[2023-07-11T06:17:17.649+0000] {logging_mixin.py:149} INFO - Status_code = 200
[2023-07-11T06:17:17.830+0000] {python.py:183} INFO - Done. Returned value was: None
[2023-07-11T06:17:17.844+0000] {taskinstance.py:1350} INFO - Marking task as SUCCESS. dag_id=process_sales_2, task_id=extract_data_from_api, execution_date=20230711T061713, start_date=20230711T061715, end_date=20230711T061717
[2023-07-11T06:17:17.896+0000] {local_task_job_runner.py:225} INFO - Task exited with return code 0
[2023-07-11T06:17:17.921+0000] {taskinstance.py:2653} INFO - 1 downstream tasks scheduled from follow-on schedule check
