[2023-07-12T12:45:07.196+0000] {taskinstance.py:1103} INFO - Dependencies all met for dep_context=non-requeueable deps ti=<TaskInstance: process_sales_10.extract_data_from_api manual__2023-07-12T12:45:02.295290+00:00 [queued]>
[2023-07-12T12:45:07.216+0000] {taskinstance.py:1103} INFO - Dependencies all met for dep_context=requeueable deps ti=<TaskInstance: process_sales_10.extract_data_from_api manual__2023-07-12T12:45:02.295290+00:00 [queued]>
[2023-07-12T12:45:07.218+0000] {taskinstance.py:1308} INFO - Starting attempt 1 of 1
[2023-07-12T12:45:07.253+0000] {taskinstance.py:1327} INFO - Executing <Task(PythonOperator): extract_data_from_api> on 2023-07-12 12:45:02.295290+00:00
[2023-07-12T12:45:07.267+0000] {standard_task_runner.py:57} INFO - Started process 2762 to run task
[2023-07-12T12:45:07.277+0000] {standard_task_runner.py:84} INFO - Running: ['***', 'tasks', 'run', 'process_sales_10', 'extract_data_from_api', 'manual__2023-07-12T12:45:02.295290+00:00', '--job-id', '86', '--raw', '--subdir', 'DAGS_FOLDER/process_sales_10.py', '--cfg-path', '/tmp/tmp1api_4bu']
[2023-07-12T12:45:07.283+0000] {standard_task_runner.py:85} INFO - Job 86: Subtask extract_data_from_api
[2023-07-12T12:45:07.390+0000] {task_command.py:410} INFO - Running <TaskInstance: process_sales_10.extract_data_from_api manual__2023-07-12T12:45:02.295290+00:00 [running]> on host b58a2d5f4d18
[2023-07-12T12:45:09.645+0000] {taskinstance.py:1547} INFO - Exporting env vars: AIRFLOW_CTX_DAG_OWNER='***' AIRFLOW_CTX_DAG_ID='process_sales_10' AIRFLOW_CTX_TASK_ID='extract_data_from_api' AIRFLOW_CTX_EXECUTION_DATE='2023-07-12T12:45:02.295290+00:00' AIRFLOW_CTX_TRY_NUMBER='1' AIRFLOW_CTX_DAG_RUN_ID='manual__2023-07-12T12:45:02.295290+00:00'
[2023-07-12T12:45:09.654+0000] {logging_mixin.py:149} INFO - 	I'm in get_sales(...) function!
[2023-07-12T12:45:09.990+0000] {logging_mixin.py:149} INFO - Page 1 started
[2023-07-12T12:45:09.993+0000] {logging_mixin.py:149} INFO - Page 1 done
[2023-07-12T12:45:09.993+0000] {logging_mixin.py:149} INFO - Status_code = 200
[2023-07-12T12:45:10.153+0000] {logging_mixin.py:149} INFO - Page 2 started
[2023-07-12T12:45:10.157+0000] {logging_mixin.py:149} INFO - Page 2 done
[2023-07-12T12:45:10.158+0000] {logging_mixin.py:149} INFO - Status_code = 200
[2023-07-12T12:45:10.317+0000] {logging_mixin.py:149} INFO - Page 3 started
[2023-07-12T12:45:10.320+0000] {logging_mixin.py:149} INFO - Page 3 done
[2023-07-12T12:45:10.321+0000] {logging_mixin.py:149} INFO - Status_code = 200
[2023-07-12T12:45:10.482+0000] {logging_mixin.py:149} INFO - Page 4 started
[2023-07-12T12:45:10.483+0000] {logging_mixin.py:149} INFO - Page 4 done
[2023-07-12T12:45:10.483+0000] {logging_mixin.py:149} INFO - Status_code = 200
[2023-07-12T12:45:10.657+0000] {logging_mixin.py:149} INFO - Deleted file: /opt/***/processed_data/raw/sales/2022-08-09
[2023-07-12T12:45:10.658+0000] {logging_mixin.py:149} INFO - Cleanup complete for folder: /opt/***/processed_data/raw/sales/2022-08-09
[2023-07-12T12:45:10.667+0000] {python.py:183} INFO - Done. Returned value was: None
[2023-07-12T12:45:10.681+0000] {taskinstance.py:1350} INFO - Marking task as SUCCESS. dag_id=process_sales_10, task_id=extract_data_from_api, execution_date=20230712T124502, start_date=20230712T124507, end_date=20230712T124510
[2023-07-12T12:45:10.738+0000] {local_task_job_runner.py:225} INFO - Task exited with return code 0
[2023-07-12T12:45:10.769+0000] {taskinstance.py:2653} INFO - 1 downstream tasks scheduled from follow-on schedule check
