[2023-07-09T19:15:44.543+0000] {processor.py:157} INFO - Started process (PID=1866) to work on /opt/airflow/dags/lecture_code.py
[2023-07-09T19:15:44.544+0000] {processor.py:826} INFO - Processing file /opt/airflow/dags/lecture_code.py for tasks to queue
[2023-07-09T19:15:44.544+0000] {logging_mixin.py:149} INFO - [2023-07-09T19:15:44.544+0000] {dagbag.py:541} INFO - Filling up the DagBag from /opt/airflow/dags/lecture_code.py
[2023-07-09T19:15:44.572+0000] {processor.py:836} INFO - DAG(s) dict_keys(['Lecture_DAG']) retrieved from /opt/airflow/dags/lecture_code.py
[2023-07-09T19:15:44.680+0000] {logging_mixin.py:149} INFO - [2023-07-09T19:15:44.679+0000] {dag.py:2726} INFO - Sync 1 DAGs
[2023-07-09T19:15:44.692+0000] {logging_mixin.py:149} INFO - [2023-07-09T19:15:44.692+0000] {dag.py:2747} INFO - Creating ORM DAG for Lecture_DAG
[2023-07-09T19:15:44.703+0000] {logging_mixin.py:149} INFO - [2023-07-09T19:15:44.702+0000] {dag.py:3490} INFO - Setting next_dagrun for Lecture_DAG to None, run_after=None
[2023-07-09T19:15:44.729+0000] {processor.py:179} INFO - Processing /opt/airflow/dags/lecture_code.py took 0.189 seconds
[2023-07-09T19:16:14.897+0000] {processor.py:157} INFO - Started process (PID=1929) to work on /opt/airflow/dags/lecture_code.py
[2023-07-09T19:16:14.898+0000] {processor.py:826} INFO - Processing file /opt/airflow/dags/lecture_code.py for tasks to queue
[2023-07-09T19:16:14.899+0000] {logging_mixin.py:149} INFO - [2023-07-09T19:16:14.899+0000] {dagbag.py:541} INFO - Filling up the DagBag from /opt/airflow/dags/lecture_code.py
[2023-07-09T19:16:14.920+0000] {processor.py:836} INFO - DAG(s) dict_keys(['Lecture_DAG']) retrieved from /opt/airflow/dags/lecture_code.py
[2023-07-09T19:16:14.943+0000] {logging_mixin.py:149} INFO - [2023-07-09T19:16:14.943+0000] {dag.py:2726} INFO - Sync 1 DAGs
[2023-07-09T19:16:14.964+0000] {logging_mixin.py:149} INFO - [2023-07-09T19:16:14.964+0000] {dag.py:3490} INFO - Setting next_dagrun for Lecture_DAG to None, run_after=None
[2023-07-09T19:16:14.991+0000] {processor.py:179} INFO - Processing /opt/airflow/dags/lecture_code.py took 0.098 seconds
[2023-07-09T19:16:45.036+0000] {processor.py:157} INFO - Started process (PID=1991) to work on /opt/airflow/dags/lecture_code.py
[2023-07-09T19:16:45.037+0000] {processor.py:826} INFO - Processing file /opt/airflow/dags/lecture_code.py for tasks to queue
[2023-07-09T19:16:45.038+0000] {logging_mixin.py:149} INFO - [2023-07-09T19:16:45.038+0000] {dagbag.py:541} INFO - Filling up the DagBag from /opt/airflow/dags/lecture_code.py
[2023-07-09T19:16:45.065+0000] {processor.py:836} INFO - DAG(s) dict_keys(['Lecture_DAG']) retrieved from /opt/airflow/dags/lecture_code.py
[2023-07-09T19:16:45.097+0000] {logging_mixin.py:149} INFO - [2023-07-09T19:16:45.097+0000] {dag.py:2726} INFO - Sync 1 DAGs
[2023-07-09T19:16:45.123+0000] {logging_mixin.py:149} INFO - [2023-07-09T19:16:45.123+0000] {dag.py:3490} INFO - Setting next_dagrun for Lecture_DAG to None, run_after=None
[2023-07-09T19:16:45.180+0000] {processor.py:179} INFO - Processing /opt/airflow/dags/lecture_code.py took 0.148 seconds
[2023-07-09T19:17:15.530+0000] {processor.py:157} INFO - Started process (PID=2053) to work on /opt/airflow/dags/lecture_code.py
[2023-07-09T19:17:15.531+0000] {processor.py:826} INFO - Processing file /opt/airflow/dags/lecture_code.py for tasks to queue
[2023-07-09T19:17:15.532+0000] {logging_mixin.py:149} INFO - [2023-07-09T19:17:15.532+0000] {dagbag.py:541} INFO - Filling up the DagBag from /opt/airflow/dags/lecture_code.py
[2023-07-09T19:17:15.549+0000] {processor.py:836} INFO - DAG(s) dict_keys(['Lecture_DAG']) retrieved from /opt/airflow/dags/lecture_code.py
[2023-07-09T19:17:15.572+0000] {logging_mixin.py:149} INFO - [2023-07-09T19:17:15.572+0000] {dag.py:2726} INFO - Sync 1 DAGs
[2023-07-09T19:17:15.592+0000] {logging_mixin.py:149} INFO - [2023-07-09T19:17:15.592+0000] {dag.py:3490} INFO - Setting next_dagrun for Lecture_DAG to None, run_after=None
[2023-07-09T19:17:15.615+0000] {processor.py:179} INFO - Processing /opt/airflow/dags/lecture_code.py took 0.087 seconds
[2023-07-09T19:17:45.673+0000] {processor.py:157} INFO - Started process (PID=2115) to work on /opt/airflow/dags/lecture_code.py
[2023-07-09T19:17:45.674+0000] {processor.py:826} INFO - Processing file /opt/airflow/dags/lecture_code.py for tasks to queue
[2023-07-09T19:17:45.675+0000] {logging_mixin.py:149} INFO - [2023-07-09T19:17:45.675+0000] {dagbag.py:541} INFO - Filling up the DagBag from /opt/airflow/dags/lecture_code.py
[2023-07-09T19:17:45.694+0000] {processor.py:836} INFO - DAG(s) dict_keys(['Lecture_DAG']) retrieved from /opt/airflow/dags/lecture_code.py
[2023-07-09T19:17:45.718+0000] {logging_mixin.py:149} INFO - [2023-07-09T19:17:45.718+0000] {dag.py:2726} INFO - Sync 1 DAGs
[2023-07-09T19:17:45.744+0000] {logging_mixin.py:149} INFO - [2023-07-09T19:17:45.744+0000] {dag.py:3490} INFO - Setting next_dagrun for Lecture_DAG to None, run_after=None
[2023-07-09T19:17:45.766+0000] {processor.py:179} INFO - Processing /opt/airflow/dags/lecture_code.py took 0.096 seconds
[2023-07-09T19:18:16.607+0000] {processor.py:157} INFO - Started process (PID=2177) to work on /opt/airflow/dags/lecture_code.py
[2023-07-09T19:18:16.608+0000] {processor.py:826} INFO - Processing file /opt/airflow/dags/lecture_code.py for tasks to queue
[2023-07-09T19:18:16.609+0000] {logging_mixin.py:149} INFO - [2023-07-09T19:18:16.609+0000] {dagbag.py:541} INFO - Filling up the DagBag from /opt/airflow/dags/lecture_code.py
[2023-07-09T19:18:16.633+0000] {processor.py:836} INFO - DAG(s) dict_keys(['Lecture_DAG']) retrieved from /opt/airflow/dags/lecture_code.py
[2023-07-09T19:18:16.659+0000] {logging_mixin.py:149} INFO - [2023-07-09T19:18:16.659+0000] {dag.py:2726} INFO - Sync 1 DAGs
[2023-07-09T19:18:16.684+0000] {logging_mixin.py:149} INFO - [2023-07-09T19:18:16.684+0000] {dag.py:3490} INFO - Setting next_dagrun for Lecture_DAG to None, run_after=None
[2023-07-09T19:18:16.708+0000] {processor.py:179} INFO - Processing /opt/airflow/dags/lecture_code.py took 0.103 seconds
[2023-07-09T19:18:46.879+0000] {processor.py:157} INFO - Started process (PID=2239) to work on /opt/airflow/dags/lecture_code.py
[2023-07-09T19:18:46.880+0000] {processor.py:826} INFO - Processing file /opt/airflow/dags/lecture_code.py for tasks to queue
[2023-07-09T19:18:46.881+0000] {logging_mixin.py:149} INFO - [2023-07-09T19:18:46.881+0000] {dagbag.py:541} INFO - Filling up the DagBag from /opt/airflow/dags/lecture_code.py
[2023-07-09T19:18:46.898+0000] {processor.py:836} INFO - DAG(s) dict_keys(['Lecture_DAG']) retrieved from /opt/airflow/dags/lecture_code.py
[2023-07-09T19:18:46.919+0000] {logging_mixin.py:149} INFO - [2023-07-09T19:18:46.919+0000] {dag.py:2726} INFO - Sync 1 DAGs
[2023-07-09T19:18:46.939+0000] {logging_mixin.py:149} INFO - [2023-07-09T19:18:46.939+0000] {dag.py:3490} INFO - Setting next_dagrun for Lecture_DAG to None, run_after=None
[2023-07-09T19:18:46.960+0000] {processor.py:179} INFO - Processing /opt/airflow/dags/lecture_code.py took 0.083 seconds
[2023-07-09T19:19:17.143+0000] {processor.py:157} INFO - Started process (PID=2301) to work on /opt/airflow/dags/lecture_code.py
[2023-07-09T19:19:17.144+0000] {processor.py:826} INFO - Processing file /opt/airflow/dags/lecture_code.py for tasks to queue
[2023-07-09T19:19:17.145+0000] {logging_mixin.py:149} INFO - [2023-07-09T19:19:17.145+0000] {dagbag.py:541} INFO - Filling up the DagBag from /opt/airflow/dags/lecture_code.py
[2023-07-09T19:19:17.162+0000] {processor.py:836} INFO - DAG(s) dict_keys(['Lecture_DAG']) retrieved from /opt/airflow/dags/lecture_code.py
[2023-07-09T19:19:17.185+0000] {logging_mixin.py:149} INFO - [2023-07-09T19:19:17.185+0000] {dag.py:2726} INFO - Sync 1 DAGs
[2023-07-09T19:19:17.205+0000] {logging_mixin.py:149} INFO - [2023-07-09T19:19:17.205+0000] {dag.py:3490} INFO - Setting next_dagrun for Lecture_DAG to None, run_after=None
[2023-07-09T19:19:17.226+0000] {processor.py:179} INFO - Processing /opt/airflow/dags/lecture_code.py took 0.085 seconds
[2023-07-09T19:19:47.391+0000] {processor.py:157} INFO - Started process (PID=2363) to work on /opt/airflow/dags/lecture_code.py
[2023-07-09T19:19:47.392+0000] {processor.py:826} INFO - Processing file /opt/airflow/dags/lecture_code.py for tasks to queue
[2023-07-09T19:19:47.393+0000] {logging_mixin.py:149} INFO - [2023-07-09T19:19:47.392+0000] {dagbag.py:541} INFO - Filling up the DagBag from /opt/airflow/dags/lecture_code.py
[2023-07-09T19:19:47.409+0000] {processor.py:836} INFO - DAG(s) dict_keys(['Lecture_DAG']) retrieved from /opt/airflow/dags/lecture_code.py
[2023-07-09T19:19:47.432+0000] {logging_mixin.py:149} INFO - [2023-07-09T19:19:47.432+0000] {dag.py:2726} INFO - Sync 1 DAGs
[2023-07-09T19:19:47.455+0000] {logging_mixin.py:149} INFO - [2023-07-09T19:19:47.455+0000] {dag.py:3490} INFO - Setting next_dagrun for Lecture_DAG to None, run_after=None
[2023-07-09T19:19:47.486+0000] {processor.py:179} INFO - Processing /opt/airflow/dags/lecture_code.py took 0.098 seconds
[2023-07-09T19:20:17.674+0000] {processor.py:157} INFO - Started process (PID=2425) to work on /opt/airflow/dags/lecture_code.py
[2023-07-09T19:20:17.675+0000] {processor.py:826} INFO - Processing file /opt/airflow/dags/lecture_code.py for tasks to queue
[2023-07-09T19:20:17.676+0000] {logging_mixin.py:149} INFO - [2023-07-09T19:20:17.676+0000] {dagbag.py:541} INFO - Filling up the DagBag from /opt/airflow/dags/lecture_code.py
[2023-07-09T19:20:17.698+0000] {processor.py:836} INFO - DAG(s) dict_keys(['Lecture_DAG']) retrieved from /opt/airflow/dags/lecture_code.py
[2023-07-09T19:20:17.721+0000] {logging_mixin.py:149} INFO - [2023-07-09T19:20:17.720+0000] {dag.py:2726} INFO - Sync 1 DAGs
[2023-07-09T19:20:17.743+0000] {logging_mixin.py:149} INFO - [2023-07-09T19:20:17.743+0000] {dag.py:3490} INFO - Setting next_dagrun for Lecture_DAG to None, run_after=None
[2023-07-09T19:20:17.768+0000] {processor.py:179} INFO - Processing /opt/airflow/dags/lecture_code.py took 0.097 seconds
[2023-07-09T19:20:48.388+0000] {processor.py:157} INFO - Started process (PID=2487) to work on /opt/airflow/dags/lecture_code.py
[2023-07-09T19:20:48.389+0000] {processor.py:826} INFO - Processing file /opt/airflow/dags/lecture_code.py for tasks to queue
[2023-07-09T19:20:48.390+0000] {logging_mixin.py:149} INFO - [2023-07-09T19:20:48.390+0000] {dagbag.py:541} INFO - Filling up the DagBag from /opt/airflow/dags/lecture_code.py
[2023-07-09T19:20:48.408+0000] {processor.py:836} INFO - DAG(s) dict_keys(['Lecture_DAG']) retrieved from /opt/airflow/dags/lecture_code.py
[2023-07-09T19:20:48.429+0000] {logging_mixin.py:149} INFO - [2023-07-09T19:20:48.429+0000] {dag.py:2726} INFO - Sync 1 DAGs
[2023-07-09T19:20:48.449+0000] {logging_mixin.py:149} INFO - [2023-07-09T19:20:48.449+0000] {dag.py:3490} INFO - Setting next_dagrun for Lecture_DAG to None, run_after=None
[2023-07-09T19:20:48.472+0000] {processor.py:179} INFO - Processing /opt/airflow/dags/lecture_code.py took 0.086 seconds
[2023-07-09T19:21:18.717+0000] {processor.py:157} INFO - Started process (PID=2549) to work on /opt/airflow/dags/lecture_code.py
[2023-07-09T19:21:18.718+0000] {processor.py:826} INFO - Processing file /opt/airflow/dags/lecture_code.py for tasks to queue
[2023-07-09T19:21:18.718+0000] {logging_mixin.py:149} INFO - [2023-07-09T19:21:18.718+0000] {dagbag.py:541} INFO - Filling up the DagBag from /opt/airflow/dags/lecture_code.py
[2023-07-09T19:21:18.736+0000] {processor.py:836} INFO - DAG(s) dict_keys(['Lecture_DAG']) retrieved from /opt/airflow/dags/lecture_code.py
[2023-07-09T19:21:18.760+0000] {logging_mixin.py:149} INFO - [2023-07-09T19:21:18.760+0000] {dag.py:2726} INFO - Sync 1 DAGs
[2023-07-09T19:21:18.786+0000] {logging_mixin.py:149} INFO - [2023-07-09T19:21:18.785+0000] {dag.py:3490} INFO - Setting next_dagrun for Lecture_DAG to None, run_after=None
[2023-07-09T19:21:18.812+0000] {processor.py:179} INFO - Processing /opt/airflow/dags/lecture_code.py took 0.099 seconds
[2023-07-09T19:21:48.891+0000] {processor.py:157} INFO - Started process (PID=2611) to work on /opt/airflow/dags/lecture_code.py
[2023-07-09T19:21:48.892+0000] {processor.py:826} INFO - Processing file /opt/airflow/dags/lecture_code.py for tasks to queue
[2023-07-09T19:21:48.893+0000] {logging_mixin.py:149} INFO - [2023-07-09T19:21:48.893+0000] {dagbag.py:541} INFO - Filling up the DagBag from /opt/airflow/dags/lecture_code.py
[2023-07-09T19:21:48.916+0000] {processor.py:836} INFO - DAG(s) dict_keys(['Lecture_DAG']) retrieved from /opt/airflow/dags/lecture_code.py
[2023-07-09T19:21:48.941+0000] {logging_mixin.py:149} INFO - [2023-07-09T19:21:48.941+0000] {dag.py:2726} INFO - Sync 1 DAGs
[2023-07-09T19:21:48.977+0000] {logging_mixin.py:149} INFO - [2023-07-09T19:21:48.975+0000] {dag.py:3490} INFO - Setting next_dagrun for Lecture_DAG to None, run_after=None
[2023-07-09T19:21:49.019+0000] {processor.py:179} INFO - Processing /opt/airflow/dags/lecture_code.py took 0.131 seconds
[2023-07-09T19:22:19.165+0000] {processor.py:157} INFO - Started process (PID=2672) to work on /opt/airflow/dags/lecture_code.py
[2023-07-09T19:22:19.166+0000] {processor.py:826} INFO - Processing file /opt/airflow/dags/lecture_code.py for tasks to queue
[2023-07-09T19:22:19.166+0000] {logging_mixin.py:149} INFO - [2023-07-09T19:22:19.166+0000] {dagbag.py:541} INFO - Filling up the DagBag from /opt/airflow/dags/lecture_code.py
[2023-07-09T19:22:19.184+0000] {processor.py:836} INFO - DAG(s) dict_keys(['Lecture_DAG']) retrieved from /opt/airflow/dags/lecture_code.py
[2023-07-09T19:22:19.206+0000] {logging_mixin.py:149} INFO - [2023-07-09T19:22:19.206+0000] {dag.py:2726} INFO - Sync 1 DAGs
[2023-07-09T19:22:19.227+0000] {logging_mixin.py:149} INFO - [2023-07-09T19:22:19.227+0000] {dag.py:3490} INFO - Setting next_dagrun for Lecture_DAG to None, run_after=None
[2023-07-09T19:22:19.250+0000] {processor.py:179} INFO - Processing /opt/airflow/dags/lecture_code.py took 0.088 seconds
[2023-07-09T19:22:50.144+0000] {processor.py:157} INFO - Started process (PID=2734) to work on /opt/airflow/dags/lecture_code.py
[2023-07-09T19:22:50.145+0000] {processor.py:826} INFO - Processing file /opt/airflow/dags/lecture_code.py for tasks to queue
[2023-07-09T19:22:50.145+0000] {logging_mixin.py:149} INFO - [2023-07-09T19:22:50.145+0000] {dagbag.py:541} INFO - Filling up the DagBag from /opt/airflow/dags/lecture_code.py
[2023-07-09T19:22:50.164+0000] {processor.py:836} INFO - DAG(s) dict_keys(['Lecture_DAG']) retrieved from /opt/airflow/dags/lecture_code.py
[2023-07-09T19:22:50.186+0000] {logging_mixin.py:149} INFO - [2023-07-09T19:22:50.185+0000] {dag.py:2726} INFO - Sync 1 DAGs
[2023-07-09T19:22:50.208+0000] {logging_mixin.py:149} INFO - [2023-07-09T19:22:50.208+0000] {dag.py:3490} INFO - Setting next_dagrun for Lecture_DAG to None, run_after=None
[2023-07-09T19:22:50.235+0000] {processor.py:179} INFO - Processing /opt/airflow/dags/lecture_code.py took 0.094 seconds
[2023-07-09T19:23:20.396+0000] {processor.py:157} INFO - Started process (PID=2797) to work on /opt/airflow/dags/lecture_code.py
[2023-07-09T19:23:20.397+0000] {processor.py:826} INFO - Processing file /opt/airflow/dags/lecture_code.py for tasks to queue
[2023-07-09T19:23:20.398+0000] {logging_mixin.py:149} INFO - [2023-07-09T19:23:20.398+0000] {dagbag.py:541} INFO - Filling up the DagBag from /opt/airflow/dags/lecture_code.py
[2023-07-09T19:23:20.416+0000] {processor.py:836} INFO - DAG(s) dict_keys(['Lecture_DAG']) retrieved from /opt/airflow/dags/lecture_code.py
[2023-07-09T19:23:20.438+0000] {logging_mixin.py:149} INFO - [2023-07-09T19:23:20.438+0000] {dag.py:2726} INFO - Sync 1 DAGs
[2023-07-09T19:23:20.460+0000] {logging_mixin.py:149} INFO - [2023-07-09T19:23:20.459+0000] {dag.py:3490} INFO - Setting next_dagrun for Lecture_DAG to None, run_after=None
[2023-07-09T19:23:20.482+0000] {processor.py:179} INFO - Processing /opt/airflow/dags/lecture_code.py took 0.089 seconds
[2023-07-09T19:23:50.643+0000] {processor.py:157} INFO - Started process (PID=2859) to work on /opt/airflow/dags/lecture_code.py
[2023-07-09T19:23:50.644+0000] {processor.py:826} INFO - Processing file /opt/airflow/dags/lecture_code.py for tasks to queue
[2023-07-09T19:23:50.644+0000] {logging_mixin.py:149} INFO - [2023-07-09T19:23:50.644+0000] {dagbag.py:541} INFO - Filling up the DagBag from /opt/airflow/dags/lecture_code.py
[2023-07-09T19:23:50.661+0000] {processor.py:836} INFO - DAG(s) dict_keys(['Lecture_DAG']) retrieved from /opt/airflow/dags/lecture_code.py
[2023-07-09T19:23:50.680+0000] {logging_mixin.py:149} INFO - [2023-07-09T19:23:50.680+0000] {dag.py:2726} INFO - Sync 1 DAGs
[2023-07-09T19:23:50.700+0000] {logging_mixin.py:149} INFO - [2023-07-09T19:23:50.700+0000] {dag.py:3490} INFO - Setting next_dagrun for Lecture_DAG to None, run_after=None
[2023-07-09T19:23:50.727+0000] {processor.py:179} INFO - Processing /opt/airflow/dags/lecture_code.py took 0.087 seconds
[2023-07-09T19:24:20.963+0000] {processor.py:157} INFO - Started process (PID=2921) to work on /opt/airflow/dags/lecture_code.py
[2023-07-09T19:24:20.964+0000] {processor.py:826} INFO - Processing file /opt/airflow/dags/lecture_code.py for tasks to queue
[2023-07-09T19:24:20.965+0000] {logging_mixin.py:149} INFO - [2023-07-09T19:24:20.965+0000] {dagbag.py:541} INFO - Filling up the DagBag from /opt/airflow/dags/lecture_code.py
[2023-07-09T19:24:20.983+0000] {processor.py:836} INFO - DAG(s) dict_keys(['Lecture_DAG']) retrieved from /opt/airflow/dags/lecture_code.py
[2023-07-09T19:24:21.003+0000] {logging_mixin.py:149} INFO - [2023-07-09T19:24:21.003+0000] {dag.py:2726} INFO - Sync 1 DAGs
[2023-07-09T19:24:21.023+0000] {logging_mixin.py:149} INFO - [2023-07-09T19:24:21.023+0000] {dag.py:3490} INFO - Setting next_dagrun for Lecture_DAG to None, run_after=None
[2023-07-09T19:24:21.050+0000] {processor.py:179} INFO - Processing /opt/airflow/dags/lecture_code.py took 0.089 seconds
[2023-07-09T19:24:51.417+0000] {processor.py:157} INFO - Started process (PID=2983) to work on /opt/airflow/dags/lecture_code.py
[2023-07-09T19:24:51.418+0000] {processor.py:826} INFO - Processing file /opt/airflow/dags/lecture_code.py for tasks to queue
[2023-07-09T19:24:51.419+0000] {logging_mixin.py:149} INFO - [2023-07-09T19:24:51.419+0000] {dagbag.py:541} INFO - Filling up the DagBag from /opt/airflow/dags/lecture_code.py
[2023-07-09T19:24:51.436+0000] {processor.py:836} INFO - DAG(s) dict_keys(['Lecture_DAG']) retrieved from /opt/airflow/dags/lecture_code.py
[2023-07-09T19:24:51.457+0000] {logging_mixin.py:149} INFO - [2023-07-09T19:24:51.457+0000] {dag.py:2726} INFO - Sync 1 DAGs
[2023-07-09T19:24:51.478+0000] {logging_mixin.py:149} INFO - [2023-07-09T19:24:51.478+0000] {dag.py:3490} INFO - Setting next_dagrun for Lecture_DAG to None, run_after=None
[2023-07-09T19:24:51.506+0000] {processor.py:179} INFO - Processing /opt/airflow/dags/lecture_code.py took 0.091 seconds
[2023-07-09T19:25:22.316+0000] {processor.py:157} INFO - Started process (PID=3045) to work on /opt/airflow/dags/lecture_code.py
[2023-07-09T19:25:22.317+0000] {processor.py:826} INFO - Processing file /opt/airflow/dags/lecture_code.py for tasks to queue
[2023-07-09T19:25:22.318+0000] {logging_mixin.py:149} INFO - [2023-07-09T19:25:22.318+0000] {dagbag.py:541} INFO - Filling up the DagBag from /opt/airflow/dags/lecture_code.py
[2023-07-09T19:25:22.338+0000] {processor.py:836} INFO - DAG(s) dict_keys(['Lecture_DAG']) retrieved from /opt/airflow/dags/lecture_code.py
[2023-07-09T19:25:22.360+0000] {logging_mixin.py:149} INFO - [2023-07-09T19:25:22.360+0000] {dag.py:2726} INFO - Sync 1 DAGs
[2023-07-09T19:25:22.382+0000] {logging_mixin.py:149} INFO - [2023-07-09T19:25:22.382+0000] {dag.py:3490} INFO - Setting next_dagrun for Lecture_DAG to None, run_after=None
[2023-07-09T19:25:22.409+0000] {processor.py:179} INFO - Processing /opt/airflow/dags/lecture_code.py took 0.096 seconds
[2023-07-09T19:25:52.927+0000] {processor.py:157} INFO - Started process (PID=3107) to work on /opt/airflow/dags/lecture_code.py
[2023-07-09T19:25:52.928+0000] {processor.py:826} INFO - Processing file /opt/airflow/dags/lecture_code.py for tasks to queue
[2023-07-09T19:25:52.929+0000] {logging_mixin.py:149} INFO - [2023-07-09T19:25:52.928+0000] {dagbag.py:541} INFO - Filling up the DagBag from /opt/airflow/dags/lecture_code.py
[2023-07-09T19:25:52.946+0000] {processor.py:836} INFO - DAG(s) dict_keys(['Lecture_DAG']) retrieved from /opt/airflow/dags/lecture_code.py
[2023-07-09T19:25:52.968+0000] {logging_mixin.py:149} INFO - [2023-07-09T19:25:52.968+0000] {dag.py:2726} INFO - Sync 1 DAGs
[2023-07-09T19:25:52.991+0000] {logging_mixin.py:149} INFO - [2023-07-09T19:25:52.991+0000] {dag.py:3490} INFO - Setting next_dagrun for Lecture_DAG to None, run_after=None
[2023-07-09T19:25:53.020+0000] {processor.py:179} INFO - Processing /opt/airflow/dags/lecture_code.py took 0.096 seconds
[2023-07-09T19:26:23.414+0000] {processor.py:157} INFO - Started process (PID=3169) to work on /opt/airflow/dags/lecture_code.py
[2023-07-09T19:26:23.415+0000] {processor.py:826} INFO - Processing file /opt/airflow/dags/lecture_code.py for tasks to queue
[2023-07-09T19:26:23.416+0000] {logging_mixin.py:149} INFO - [2023-07-09T19:26:23.416+0000] {dagbag.py:541} INFO - Filling up the DagBag from /opt/airflow/dags/lecture_code.py
[2023-07-09T19:26:23.433+0000] {processor.py:836} INFO - DAG(s) dict_keys(['Lecture_DAG']) retrieved from /opt/airflow/dags/lecture_code.py
[2023-07-09T19:26:23.456+0000] {logging_mixin.py:149} INFO - [2023-07-09T19:26:23.455+0000] {dag.py:2726} INFO - Sync 1 DAGs
[2023-07-09T19:26:23.479+0000] {logging_mixin.py:149} INFO - [2023-07-09T19:26:23.479+0000] {dag.py:3490} INFO - Setting next_dagrun for Lecture_DAG to None, run_after=None
[2023-07-09T19:26:23.507+0000] {processor.py:179} INFO - Processing /opt/airflow/dags/lecture_code.py took 0.096 seconds
[2023-07-09T19:26:53.981+0000] {processor.py:157} INFO - Started process (PID=3231) to work on /opt/airflow/dags/lecture_code.py
[2023-07-09T19:26:53.982+0000] {processor.py:826} INFO - Processing file /opt/airflow/dags/lecture_code.py for tasks to queue
[2023-07-09T19:26:53.982+0000] {logging_mixin.py:149} INFO - [2023-07-09T19:26:53.982+0000] {dagbag.py:541} INFO - Filling up the DagBag from /opt/airflow/dags/lecture_code.py
[2023-07-09T19:26:54.006+0000] {processor.py:836} INFO - DAG(s) dict_keys(['Lecture_DAG']) retrieved from /opt/airflow/dags/lecture_code.py
[2023-07-09T19:26:54.032+0000] {logging_mixin.py:149} INFO - [2023-07-09T19:26:54.032+0000] {dag.py:2726} INFO - Sync 1 DAGs
[2023-07-09T19:26:54.062+0000] {logging_mixin.py:149} INFO - [2023-07-09T19:26:54.062+0000] {dag.py:3490} INFO - Setting next_dagrun for Lecture_DAG to None, run_after=None
[2023-07-09T19:26:54.086+0000] {processor.py:179} INFO - Processing /opt/airflow/dags/lecture_code.py took 0.109 seconds
[2023-07-09T19:27:24.589+0000] {processor.py:157} INFO - Started process (PID=3294) to work on /opt/airflow/dags/lecture_code.py
[2023-07-09T19:27:24.590+0000] {processor.py:826} INFO - Processing file /opt/airflow/dags/lecture_code.py for tasks to queue
[2023-07-09T19:27:24.591+0000] {logging_mixin.py:149} INFO - [2023-07-09T19:27:24.591+0000] {dagbag.py:541} INFO - Filling up the DagBag from /opt/airflow/dags/lecture_code.py
[2023-07-09T19:27:24.612+0000] {processor.py:836} INFO - DAG(s) dict_keys(['Lecture_DAG']) retrieved from /opt/airflow/dags/lecture_code.py
[2023-07-09T19:27:24.637+0000] {logging_mixin.py:149} INFO - [2023-07-09T19:27:24.637+0000] {dag.py:2726} INFO - Sync 1 DAGs
[2023-07-09T19:27:24.664+0000] {logging_mixin.py:149} INFO - [2023-07-09T19:27:24.663+0000] {dag.py:3490} INFO - Setting next_dagrun for Lecture_DAG to None, run_after=None
[2023-07-09T19:27:24.689+0000] {processor.py:179} INFO - Processing /opt/airflow/dags/lecture_code.py took 0.103 seconds
[2023-07-09T19:27:55.258+0000] {processor.py:157} INFO - Started process (PID=3356) to work on /opt/airflow/dags/lecture_code.py
[2023-07-09T19:27:55.259+0000] {processor.py:826} INFO - Processing file /opt/airflow/dags/lecture_code.py for tasks to queue
[2023-07-09T19:27:55.260+0000] {logging_mixin.py:149} INFO - [2023-07-09T19:27:55.259+0000] {dagbag.py:541} INFO - Filling up the DagBag from /opt/airflow/dags/lecture_code.py
[2023-07-09T19:27:55.278+0000] {processor.py:836} INFO - DAG(s) dict_keys(['Lecture_DAG']) retrieved from /opt/airflow/dags/lecture_code.py
[2023-07-09T19:27:55.301+0000] {logging_mixin.py:149} INFO - [2023-07-09T19:27:55.301+0000] {dag.py:2726} INFO - Sync 1 DAGs
[2023-07-09T19:27:55.324+0000] {logging_mixin.py:149} INFO - [2023-07-09T19:27:55.323+0000] {dag.py:3490} INFO - Setting next_dagrun for Lecture_DAG to None, run_after=None
[2023-07-09T19:27:55.346+0000] {processor.py:179} INFO - Processing /opt/airflow/dags/lecture_code.py took 0.092 seconds
[2023-07-09T19:28:25.763+0000] {processor.py:157} INFO - Started process (PID=3418) to work on /opt/airflow/dags/lecture_code.py
[2023-07-09T19:28:25.764+0000] {processor.py:826} INFO - Processing file /opt/airflow/dags/lecture_code.py for tasks to queue
[2023-07-09T19:28:25.765+0000] {logging_mixin.py:149} INFO - [2023-07-09T19:28:25.765+0000] {dagbag.py:541} INFO - Filling up the DagBag from /opt/airflow/dags/lecture_code.py
[2023-07-09T19:28:25.785+0000] {processor.py:836} INFO - DAG(s) dict_keys(['Lecture_DAG']) retrieved from /opt/airflow/dags/lecture_code.py
[2023-07-09T19:28:25.810+0000] {logging_mixin.py:149} INFO - [2023-07-09T19:28:25.810+0000] {dag.py:2726} INFO - Sync 1 DAGs
[2023-07-09T19:28:25.838+0000] {logging_mixin.py:149} INFO - [2023-07-09T19:28:25.838+0000] {dag.py:3490} INFO - Setting next_dagrun for Lecture_DAG to None, run_after=None
[2023-07-09T19:28:25.861+0000] {processor.py:179} INFO - Processing /opt/airflow/dags/lecture_code.py took 0.101 seconds
[2023-07-09T19:28:56.394+0000] {processor.py:157} INFO - Started process (PID=3480) to work on /opt/airflow/dags/lecture_code.py
[2023-07-09T19:28:56.395+0000] {processor.py:826} INFO - Processing file /opt/airflow/dags/lecture_code.py for tasks to queue
[2023-07-09T19:28:56.396+0000] {logging_mixin.py:149} INFO - [2023-07-09T19:28:56.396+0000] {dagbag.py:541} INFO - Filling up the DagBag from /opt/airflow/dags/lecture_code.py
[2023-07-09T19:28:56.414+0000] {processor.py:836} INFO - DAG(s) dict_keys(['Lecture_DAG']) retrieved from /opt/airflow/dags/lecture_code.py
[2023-07-09T19:28:56.440+0000] {logging_mixin.py:149} INFO - [2023-07-09T19:28:56.440+0000] {dag.py:2726} INFO - Sync 1 DAGs
[2023-07-09T19:28:56.464+0000] {logging_mixin.py:149} INFO - [2023-07-09T19:28:56.463+0000] {dag.py:3490} INFO - Setting next_dagrun for Lecture_DAG to None, run_after=None
[2023-07-09T19:28:56.502+0000] {processor.py:179} INFO - Processing /opt/airflow/dags/lecture_code.py took 0.111 seconds
[2023-07-09T19:29:26.929+0000] {processor.py:157} INFO - Started process (PID=3542) to work on /opt/airflow/dags/lecture_code.py
[2023-07-09T19:29:26.930+0000] {processor.py:826} INFO - Processing file /opt/airflow/dags/lecture_code.py for tasks to queue
[2023-07-09T19:29:26.931+0000] {logging_mixin.py:149} INFO - [2023-07-09T19:29:26.931+0000] {dagbag.py:541} INFO - Filling up the DagBag from /opt/airflow/dags/lecture_code.py
[2023-07-09T19:29:26.951+0000] {processor.py:836} INFO - DAG(s) dict_keys(['Lecture_DAG']) retrieved from /opt/airflow/dags/lecture_code.py
[2023-07-09T19:29:26.974+0000] {logging_mixin.py:149} INFO - [2023-07-09T19:29:26.974+0000] {dag.py:2726} INFO - Sync 1 DAGs
[2023-07-09T19:29:26.998+0000] {logging_mixin.py:149} INFO - [2023-07-09T19:29:26.998+0000] {dag.py:3490} INFO - Setting next_dagrun for Lecture_DAG to None, run_after=None
[2023-07-09T19:29:27.025+0000] {processor.py:179} INFO - Processing /opt/airflow/dags/lecture_code.py took 0.099 seconds
[2023-07-09T19:29:57.546+0000] {processor.py:157} INFO - Started process (PID=3604) to work on /opt/airflow/dags/lecture_code.py
[2023-07-09T19:29:57.547+0000] {processor.py:826} INFO - Processing file /opt/airflow/dags/lecture_code.py for tasks to queue
[2023-07-09T19:29:57.548+0000] {logging_mixin.py:149} INFO - [2023-07-09T19:29:57.548+0000] {dagbag.py:541} INFO - Filling up the DagBag from /opt/airflow/dags/lecture_code.py
[2023-07-09T19:29:57.582+0000] {processor.py:836} INFO - DAG(s) dict_keys(['Lecture_DAG']) retrieved from /opt/airflow/dags/lecture_code.py
[2023-07-09T19:29:57.615+0000] {logging_mixin.py:149} INFO - [2023-07-09T19:29:57.615+0000] {dag.py:2726} INFO - Sync 1 DAGs
[2023-07-09T19:29:57.656+0000] {logging_mixin.py:149} INFO - [2023-07-09T19:29:57.655+0000] {dag.py:3490} INFO - Setting next_dagrun for Lecture_DAG to None, run_after=None
[2023-07-09T19:29:57.694+0000] {processor.py:179} INFO - Processing /opt/airflow/dags/lecture_code.py took 0.154 seconds
[2023-07-09T19:30:28.475+0000] {processor.py:157} INFO - Started process (PID=3666) to work on /opt/airflow/dags/lecture_code.py
[2023-07-09T19:30:28.476+0000] {processor.py:826} INFO - Processing file /opt/airflow/dags/lecture_code.py for tasks to queue
[2023-07-09T19:30:28.477+0000] {logging_mixin.py:149} INFO - [2023-07-09T19:30:28.477+0000] {dagbag.py:541} INFO - Filling up the DagBag from /opt/airflow/dags/lecture_code.py
[2023-07-09T19:30:28.499+0000] {processor.py:836} INFO - DAG(s) dict_keys(['Lecture_DAG']) retrieved from /opt/airflow/dags/lecture_code.py
[2023-07-09T19:30:28.526+0000] {logging_mixin.py:149} INFO - [2023-07-09T19:30:28.526+0000] {dag.py:2726} INFO - Sync 1 DAGs
[2023-07-09T19:30:28.551+0000] {logging_mixin.py:149} INFO - [2023-07-09T19:30:28.550+0000] {dag.py:3490} INFO - Setting next_dagrun for Lecture_DAG to None, run_after=None
[2023-07-09T19:30:28.576+0000] {processor.py:179} INFO - Processing /opt/airflow/dags/lecture_code.py took 0.105 seconds
[2023-07-09T19:30:58.742+0000] {processor.py:157} INFO - Started process (PID=3728) to work on /opt/airflow/dags/lecture_code.py
[2023-07-09T19:30:58.743+0000] {processor.py:826} INFO - Processing file /opt/airflow/dags/lecture_code.py for tasks to queue
[2023-07-09T19:30:58.744+0000] {logging_mixin.py:149} INFO - [2023-07-09T19:30:58.744+0000] {dagbag.py:541} INFO - Filling up the DagBag from /opt/airflow/dags/lecture_code.py
[2023-07-09T19:30:58.762+0000] {processor.py:836} INFO - DAG(s) dict_keys(['Lecture_DAG']) retrieved from /opt/airflow/dags/lecture_code.py
[2023-07-09T19:30:58.795+0000] {logging_mixin.py:149} INFO - [2023-07-09T19:30:58.795+0000] {dag.py:2726} INFO - Sync 1 DAGs
[2023-07-09T19:30:58.822+0000] {logging_mixin.py:149} INFO - [2023-07-09T19:30:58.822+0000] {dag.py:3490} INFO - Setting next_dagrun for Lecture_DAG to None, run_after=None
[2023-07-09T19:30:58.850+0000] {processor.py:179} INFO - Processing /opt/airflow/dags/lecture_code.py took 0.112 seconds
[2023-07-09T19:31:28.916+0000] {processor.py:157} INFO - Started process (PID=3790) to work on /opt/airflow/dags/lecture_code.py
[2023-07-09T19:31:28.917+0000] {processor.py:826} INFO - Processing file /opt/airflow/dags/lecture_code.py for tasks to queue
[2023-07-09T19:31:28.917+0000] {logging_mixin.py:149} INFO - [2023-07-09T19:31:28.917+0000] {dagbag.py:541} INFO - Filling up the DagBag from /opt/airflow/dags/lecture_code.py
[2023-07-09T19:31:28.935+0000] {processor.py:836} INFO - DAG(s) dict_keys(['Lecture_DAG']) retrieved from /opt/airflow/dags/lecture_code.py
[2023-07-09T19:31:28.956+0000] {logging_mixin.py:149} INFO - [2023-07-09T19:31:28.956+0000] {dag.py:2726} INFO - Sync 1 DAGs
[2023-07-09T19:31:28.979+0000] {logging_mixin.py:149} INFO - [2023-07-09T19:31:28.979+0000] {dag.py:3490} INFO - Setting next_dagrun for Lecture_DAG to None, run_after=None
[2023-07-09T19:31:29.001+0000] {processor.py:179} INFO - Processing /opt/airflow/dags/lecture_code.py took 0.088 seconds
[2023-07-09T19:31:59.351+0000] {processor.py:157} INFO - Started process (PID=3852) to work on /opt/airflow/dags/lecture_code.py
[2023-07-09T19:31:59.352+0000] {processor.py:826} INFO - Processing file /opt/airflow/dags/lecture_code.py for tasks to queue
[2023-07-09T19:31:59.353+0000] {logging_mixin.py:149} INFO - [2023-07-09T19:31:59.352+0000] {dagbag.py:541} INFO - Filling up the DagBag from /opt/airflow/dags/lecture_code.py
[2023-07-09T19:31:59.375+0000] {processor.py:836} INFO - DAG(s) dict_keys(['Lecture_DAG']) retrieved from /opt/airflow/dags/lecture_code.py
[2023-07-09T19:31:59.504+0000] {logging_mixin.py:149} INFO - [2023-07-09T19:31:59.503+0000] {dag.py:2726} INFO - Sync 1 DAGs
[2023-07-09T19:31:59.515+0000] {logging_mixin.py:149} INFO - [2023-07-09T19:31:59.515+0000] {dag.py:2747} INFO - Creating ORM DAG for Lecture_DAG
[2023-07-09T19:31:59.526+0000] {logging_mixin.py:149} INFO - [2023-07-09T19:31:59.526+0000] {dag.py:3490} INFO - Setting next_dagrun for Lecture_DAG to None, run_after=None
[2023-07-09T19:31:59.554+0000] {processor.py:179} INFO - Processing /opt/airflow/dags/lecture_code.py took 0.206 seconds
[2023-07-09T19:32:29.653+0000] {processor.py:157} INFO - Started process (PID=3914) to work on /opt/airflow/dags/lecture_code.py
[2023-07-09T19:32:29.654+0000] {processor.py:826} INFO - Processing file /opt/airflow/dags/lecture_code.py for tasks to queue
[2023-07-09T19:32:29.655+0000] {logging_mixin.py:149} INFO - [2023-07-09T19:32:29.654+0000] {dagbag.py:541} INFO - Filling up the DagBag from /opt/airflow/dags/lecture_code.py
[2023-07-09T19:32:29.672+0000] {processor.py:836} INFO - DAG(s) dict_keys(['Lecture_DAG']) retrieved from /opt/airflow/dags/lecture_code.py
[2023-07-09T19:32:29.693+0000] {logging_mixin.py:149} INFO - [2023-07-09T19:32:29.693+0000] {dag.py:2726} INFO - Sync 1 DAGs
[2023-07-09T19:32:29.718+0000] {logging_mixin.py:149} INFO - [2023-07-09T19:32:29.717+0000] {dag.py:3490} INFO - Setting next_dagrun for Lecture_DAG to None, run_after=None
[2023-07-09T19:32:29.738+0000] {processor.py:179} INFO - Processing /opt/airflow/dags/lecture_code.py took 0.088 seconds
[2023-07-09T19:33:00.172+0000] {processor.py:157} INFO - Started process (PID=3976) to work on /opt/airflow/dags/lecture_code.py
[2023-07-09T19:33:00.173+0000] {processor.py:826} INFO - Processing file /opt/airflow/dags/lecture_code.py for tasks to queue
[2023-07-09T19:33:00.173+0000] {logging_mixin.py:149} INFO - [2023-07-09T19:33:00.173+0000] {dagbag.py:541} INFO - Filling up the DagBag from /opt/airflow/dags/lecture_code.py
[2023-07-09T19:33:00.190+0000] {processor.py:836} INFO - DAG(s) dict_keys(['Lecture_DAG']) retrieved from /opt/airflow/dags/lecture_code.py
[2023-07-09T19:33:00.210+0000] {logging_mixin.py:149} INFO - [2023-07-09T19:33:00.210+0000] {dag.py:2726} INFO - Sync 1 DAGs
[2023-07-09T19:33:00.231+0000] {logging_mixin.py:149} INFO - [2023-07-09T19:33:00.231+0000] {dag.py:3490} INFO - Setting next_dagrun for Lecture_DAG to None, run_after=None
[2023-07-09T19:33:00.251+0000] {processor.py:179} INFO - Processing /opt/airflow/dags/lecture_code.py took 0.082 seconds
[2023-07-09T19:33:30.438+0000] {processor.py:157} INFO - Started process (PID=4038) to work on /opt/airflow/dags/lecture_code.py
[2023-07-09T19:33:30.439+0000] {processor.py:826} INFO - Processing file /opt/airflow/dags/lecture_code.py for tasks to queue
[2023-07-09T19:33:30.439+0000] {logging_mixin.py:149} INFO - [2023-07-09T19:33:30.439+0000] {dagbag.py:541} INFO - Filling up the DagBag from /opt/airflow/dags/lecture_code.py
[2023-07-09T19:33:30.457+0000] {processor.py:836} INFO - DAG(s) dict_keys(['Lecture_DAG']) retrieved from /opt/airflow/dags/lecture_code.py
[2023-07-09T19:33:30.478+0000] {logging_mixin.py:149} INFO - [2023-07-09T19:33:30.478+0000] {dag.py:2726} INFO - Sync 1 DAGs
[2023-07-09T19:33:30.498+0000] {logging_mixin.py:149} INFO - [2023-07-09T19:33:30.498+0000] {dag.py:3490} INFO - Setting next_dagrun for Lecture_DAG to None, run_after=None
[2023-07-09T19:33:30.520+0000] {processor.py:179} INFO - Processing /opt/airflow/dags/lecture_code.py took 0.084 seconds
[2023-07-09T19:34:00.748+0000] {processor.py:157} INFO - Started process (PID=4100) to work on /opt/airflow/dags/lecture_code.py
[2023-07-09T19:34:00.749+0000] {processor.py:826} INFO - Processing file /opt/airflow/dags/lecture_code.py for tasks to queue
[2023-07-09T19:34:00.750+0000] {logging_mixin.py:149} INFO - [2023-07-09T19:34:00.750+0000] {dagbag.py:541} INFO - Filling up the DagBag from /opt/airflow/dags/lecture_code.py
[2023-07-09T19:34:00.767+0000] {processor.py:836} INFO - DAG(s) dict_keys(['Lecture_DAG']) retrieved from /opt/airflow/dags/lecture_code.py
[2023-07-09T19:34:00.787+0000] {logging_mixin.py:149} INFO - [2023-07-09T19:34:00.786+0000] {dag.py:2726} INFO - Sync 1 DAGs
[2023-07-09T19:34:00.807+0000] {logging_mixin.py:149} INFO - [2023-07-09T19:34:00.807+0000] {dag.py:3490} INFO - Setting next_dagrun for Lecture_DAG to None, run_after=None
[2023-07-09T19:34:00.835+0000] {processor.py:179} INFO - Processing /opt/airflow/dags/lecture_code.py took 0.090 seconds
[2023-07-09T19:34:31.447+0000] {processor.py:157} INFO - Started process (PID=4162) to work on /opt/airflow/dags/lecture_code.py
[2023-07-09T19:34:31.448+0000] {processor.py:826} INFO - Processing file /opt/airflow/dags/lecture_code.py for tasks to queue
[2023-07-09T19:34:31.449+0000] {logging_mixin.py:149} INFO - [2023-07-09T19:34:31.449+0000] {dagbag.py:541} INFO - Filling up the DagBag from /opt/airflow/dags/lecture_code.py
[2023-07-09T19:34:31.466+0000] {processor.py:836} INFO - DAG(s) dict_keys(['Lecture_DAG']) retrieved from /opt/airflow/dags/lecture_code.py
[2023-07-09T19:34:31.486+0000] {logging_mixin.py:149} INFO - [2023-07-09T19:34:31.486+0000] {dag.py:2726} INFO - Sync 1 DAGs
[2023-07-09T19:34:31.507+0000] {logging_mixin.py:149} INFO - [2023-07-09T19:34:31.507+0000] {dag.py:3490} INFO - Setting next_dagrun for Lecture_DAG to None, run_after=None
[2023-07-09T19:34:31.533+0000] {processor.py:179} INFO - Processing /opt/airflow/dags/lecture_code.py took 0.090 seconds
[2023-07-09T19:35:01.607+0000] {processor.py:157} INFO - Started process (PID=4224) to work on /opt/airflow/dags/lecture_code.py
[2023-07-09T19:35:01.608+0000] {processor.py:826} INFO - Processing file /opt/airflow/dags/lecture_code.py for tasks to queue
[2023-07-09T19:35:01.609+0000] {logging_mixin.py:149} INFO - [2023-07-09T19:35:01.609+0000] {dagbag.py:541} INFO - Filling up the DagBag from /opt/airflow/dags/lecture_code.py
[2023-07-09T19:35:01.626+0000] {processor.py:836} INFO - DAG(s) dict_keys(['Lecture_DAG']) retrieved from /opt/airflow/dags/lecture_code.py
[2023-07-09T19:35:01.646+0000] {logging_mixin.py:149} INFO - [2023-07-09T19:35:01.646+0000] {dag.py:2726} INFO - Sync 1 DAGs
[2023-07-09T19:35:01.667+0000] {logging_mixin.py:149} INFO - [2023-07-09T19:35:01.667+0000] {dag.py:3490} INFO - Setting next_dagrun for Lecture_DAG to None, run_after=None
[2023-07-09T19:35:01.693+0000] {processor.py:179} INFO - Processing /opt/airflow/dags/lecture_code.py took 0.089 seconds
[2023-07-09T19:35:31.845+0000] {processor.py:157} INFO - Started process (PID=4286) to work on /opt/airflow/dags/lecture_code.py
[2023-07-09T19:35:31.846+0000] {processor.py:826} INFO - Processing file /opt/airflow/dags/lecture_code.py for tasks to queue
[2023-07-09T19:35:31.846+0000] {logging_mixin.py:149} INFO - [2023-07-09T19:35:31.846+0000] {dagbag.py:541} INFO - Filling up the DagBag from /opt/airflow/dags/lecture_code.py
[2023-07-09T19:35:31.864+0000] {processor.py:836} INFO - DAG(s) dict_keys(['Lecture_DAG']) retrieved from /opt/airflow/dags/lecture_code.py
[2023-07-09T19:35:31.884+0000] {logging_mixin.py:149} INFO - [2023-07-09T19:35:31.884+0000] {dag.py:2726} INFO - Sync 1 DAGs
[2023-07-09T19:35:31.904+0000] {logging_mixin.py:149} INFO - [2023-07-09T19:35:31.904+0000] {dag.py:3490} INFO - Setting next_dagrun for Lecture_DAG to None, run_after=None
[2023-07-09T19:35:31.930+0000] {processor.py:179} INFO - Processing /opt/airflow/dags/lecture_code.py took 0.088 seconds
[2023-07-09T19:36:02.012+0000] {processor.py:157} INFO - Started process (PID=4348) to work on /opt/airflow/dags/lecture_code.py
[2023-07-09T19:36:02.013+0000] {processor.py:826} INFO - Processing file /opt/airflow/dags/lecture_code.py for tasks to queue
[2023-07-09T19:36:02.013+0000] {logging_mixin.py:149} INFO - [2023-07-09T19:36:02.013+0000] {dagbag.py:541} INFO - Filling up the DagBag from /opt/airflow/dags/lecture_code.py
[2023-07-09T19:36:02.030+0000] {processor.py:836} INFO - DAG(s) dict_keys(['Lecture_DAG']) retrieved from /opt/airflow/dags/lecture_code.py
[2023-07-09T19:36:02.051+0000] {logging_mixin.py:149} INFO - [2023-07-09T19:36:02.051+0000] {dag.py:2726} INFO - Sync 1 DAGs
[2023-07-09T19:36:02.071+0000] {logging_mixin.py:149} INFO - [2023-07-09T19:36:02.071+0000] {dag.py:3490} INFO - Setting next_dagrun for Lecture_DAG to None, run_after=None
[2023-07-09T19:36:02.097+0000] {processor.py:179} INFO - Processing /opt/airflow/dags/lecture_code.py took 0.088 seconds
[2023-07-09T19:36:32.524+0000] {processor.py:157} INFO - Started process (PID=4410) to work on /opt/airflow/dags/lecture_code.py
[2023-07-09T19:36:32.525+0000] {processor.py:826} INFO - Processing file /opt/airflow/dags/lecture_code.py for tasks to queue
[2023-07-09T19:36:32.526+0000] {logging_mixin.py:149} INFO - [2023-07-09T19:36:32.526+0000] {dagbag.py:541} INFO - Filling up the DagBag from /opt/airflow/dags/lecture_code.py
[2023-07-09T19:36:32.548+0000] {processor.py:836} INFO - DAG(s) dict_keys(['Lecture_DAG']) retrieved from /opt/airflow/dags/lecture_code.py
[2023-07-09T19:36:32.573+0000] {logging_mixin.py:149} INFO - [2023-07-09T19:36:32.572+0000] {dag.py:2726} INFO - Sync 1 DAGs
[2023-07-09T19:36:32.602+0000] {logging_mixin.py:149} INFO - [2023-07-09T19:36:32.601+0000] {dag.py:3490} INFO - Setting next_dagrun for Lecture_DAG to None, run_after=None
[2023-07-09T19:36:32.630+0000] {processor.py:179} INFO - Processing /opt/airflow/dags/lecture_code.py took 0.111 seconds
[2023-07-09T19:37:02.734+0000] {processor.py:157} INFO - Started process (PID=4472) to work on /opt/airflow/dags/lecture_code.py
[2023-07-09T19:37:02.735+0000] {processor.py:826} INFO - Processing file /opt/airflow/dags/lecture_code.py for tasks to queue
[2023-07-09T19:37:02.736+0000] {logging_mixin.py:149} INFO - [2023-07-09T19:37:02.736+0000] {dagbag.py:541} INFO - Filling up the DagBag from /opt/airflow/dags/lecture_code.py
[2023-07-09T19:37:02.753+0000] {processor.py:836} INFO - DAG(s) dict_keys(['Lecture_DAG']) retrieved from /opt/airflow/dags/lecture_code.py
[2023-07-09T19:37:02.775+0000] {logging_mixin.py:149} INFO - [2023-07-09T19:37:02.775+0000] {dag.py:2726} INFO - Sync 1 DAGs
[2023-07-09T19:37:02.796+0000] {logging_mixin.py:149} INFO - [2023-07-09T19:37:02.796+0000] {dag.py:3490} INFO - Setting next_dagrun for Lecture_DAG to None, run_after=None
[2023-07-09T19:37:02.824+0000] {processor.py:179} INFO - Processing /opt/airflow/dags/lecture_code.py took 0.093 seconds
[2023-07-09T19:37:32.862+0000] {processor.py:157} INFO - Started process (PID=4534) to work on /opt/airflow/dags/lecture_code.py
[2023-07-09T19:37:32.863+0000] {processor.py:826} INFO - Processing file /opt/airflow/dags/lecture_code.py for tasks to queue
[2023-07-09T19:37:32.864+0000] {logging_mixin.py:149} INFO - [2023-07-09T19:37:32.864+0000] {dagbag.py:541} INFO - Filling up the DagBag from /opt/airflow/dags/lecture_code.py
[2023-07-09T19:37:32.882+0000] {processor.py:836} INFO - DAG(s) dict_keys(['Lecture_DAG']) retrieved from /opt/airflow/dags/lecture_code.py
[2023-07-09T19:37:32.906+0000] {logging_mixin.py:149} INFO - [2023-07-09T19:37:32.905+0000] {dag.py:2726} INFO - Sync 1 DAGs
[2023-07-09T19:37:32.928+0000] {logging_mixin.py:149} INFO - [2023-07-09T19:37:32.928+0000] {dag.py:3490} INFO - Setting next_dagrun for Lecture_DAG to None, run_after=None
[2023-07-09T19:37:32.952+0000] {processor.py:179} INFO - Processing /opt/airflow/dags/lecture_code.py took 0.094 seconds
[2023-07-09T19:38:03.203+0000] {processor.py:157} INFO - Started process (PID=4596) to work on /opt/airflow/dags/lecture_code.py
[2023-07-09T19:38:03.204+0000] {processor.py:826} INFO - Processing file /opt/airflow/dags/lecture_code.py for tasks to queue
[2023-07-09T19:38:03.205+0000] {logging_mixin.py:149} INFO - [2023-07-09T19:38:03.205+0000] {dagbag.py:541} INFO - Filling up the DagBag from /opt/airflow/dags/lecture_code.py
[2023-07-09T19:38:03.225+0000] {processor.py:836} INFO - DAG(s) dict_keys(['Lecture_DAG']) retrieved from /opt/airflow/dags/lecture_code.py
[2023-07-09T19:38:03.252+0000] {logging_mixin.py:149} INFO - [2023-07-09T19:38:03.251+0000] {dag.py:2726} INFO - Sync 1 DAGs
[2023-07-09T19:38:03.275+0000] {logging_mixin.py:149} INFO - [2023-07-09T19:38:03.275+0000] {dag.py:3490} INFO - Setting next_dagrun for Lecture_DAG to None, run_after=None
[2023-07-09T19:38:03.297+0000] {processor.py:179} INFO - Processing /opt/airflow/dags/lecture_code.py took 0.097 seconds
[2023-07-09T19:38:33.629+0000] {processor.py:157} INFO - Started process (PID=4658) to work on /opt/airflow/dags/lecture_code.py
[2023-07-09T19:38:33.630+0000] {processor.py:826} INFO - Processing file /opt/airflow/dags/lecture_code.py for tasks to queue
[2023-07-09T19:38:33.631+0000] {logging_mixin.py:149} INFO - [2023-07-09T19:38:33.630+0000] {dagbag.py:541} INFO - Filling up the DagBag from /opt/airflow/dags/lecture_code.py
[2023-07-09T19:38:33.650+0000] {processor.py:836} INFO - DAG(s) dict_keys(['Lecture_DAG']) retrieved from /opt/airflow/dags/lecture_code.py
[2023-07-09T19:38:33.675+0000] {logging_mixin.py:149} INFO - [2023-07-09T19:38:33.675+0000] {dag.py:2726} INFO - Sync 1 DAGs
[2023-07-09T19:38:33.700+0000] {logging_mixin.py:149} INFO - [2023-07-09T19:38:33.700+0000] {dag.py:3490} INFO - Setting next_dagrun for Lecture_DAG to None, run_after=None
[2023-07-09T19:38:33.729+0000] {processor.py:179} INFO - Processing /opt/airflow/dags/lecture_code.py took 0.104 seconds
[2023-07-09T19:39:03.909+0000] {processor.py:157} INFO - Started process (PID=4720) to work on /opt/airflow/dags/lecture_code.py
[2023-07-09T19:39:03.910+0000] {processor.py:826} INFO - Processing file /opt/airflow/dags/lecture_code.py for tasks to queue
[2023-07-09T19:39:03.911+0000] {logging_mixin.py:149} INFO - [2023-07-09T19:39:03.911+0000] {dagbag.py:541} INFO - Filling up the DagBag from /opt/airflow/dags/lecture_code.py
[2023-07-09T19:39:03.931+0000] {processor.py:836} INFO - DAG(s) dict_keys(['Lecture_DAG']) retrieved from /opt/airflow/dags/lecture_code.py
[2023-07-09T19:39:03.954+0000] {logging_mixin.py:149} INFO - [2023-07-09T19:39:03.953+0000] {dag.py:2726} INFO - Sync 1 DAGs
[2023-07-09T19:39:03.981+0000] {logging_mixin.py:149} INFO - [2023-07-09T19:39:03.981+0000] {dag.py:3490} INFO - Setting next_dagrun for Lecture_DAG to None, run_after=None
[2023-07-09T19:39:04.010+0000] {processor.py:179} INFO - Processing /opt/airflow/dags/lecture_code.py took 0.104 seconds
[2023-07-09T19:39:34.545+0000] {processor.py:157} INFO - Started process (PID=4782) to work on /opt/airflow/dags/lecture_code.py
[2023-07-09T19:39:34.546+0000] {processor.py:826} INFO - Processing file /opt/airflow/dags/lecture_code.py for tasks to queue
[2023-07-09T19:39:34.547+0000] {logging_mixin.py:149} INFO - [2023-07-09T19:39:34.547+0000] {dagbag.py:541} INFO - Filling up the DagBag from /opt/airflow/dags/lecture_code.py
[2023-07-09T19:39:34.565+0000] {processor.py:836} INFO - DAG(s) dict_keys(['Lecture_DAG']) retrieved from /opt/airflow/dags/lecture_code.py
[2023-07-09T19:39:34.587+0000] {logging_mixin.py:149} INFO - [2023-07-09T19:39:34.587+0000] {dag.py:2726} INFO - Sync 1 DAGs
[2023-07-09T19:39:34.608+0000] {logging_mixin.py:149} INFO - [2023-07-09T19:39:34.608+0000] {dag.py:3490} INFO - Setting next_dagrun for Lecture_DAG to None, run_after=None
[2023-07-09T19:39:34.637+0000] {processor.py:179} INFO - Processing /opt/airflow/dags/lecture_code.py took 0.095 seconds
[2023-07-09T19:40:04.926+0000] {processor.py:157} INFO - Started process (PID=4844) to work on /opt/airflow/dags/lecture_code.py
[2023-07-09T19:40:04.927+0000] {processor.py:826} INFO - Processing file /opt/airflow/dags/lecture_code.py for tasks to queue
[2023-07-09T19:40:04.928+0000] {logging_mixin.py:149} INFO - [2023-07-09T19:40:04.927+0000] {dagbag.py:541} INFO - Filling up the DagBag from /opt/airflow/dags/lecture_code.py
[2023-07-09T19:40:04.948+0000] {processor.py:836} INFO - DAG(s) dict_keys(['Lecture_DAG']) retrieved from /opt/airflow/dags/lecture_code.py
[2023-07-09T19:40:04.970+0000] {logging_mixin.py:149} INFO - [2023-07-09T19:40:04.970+0000] {dag.py:2726} INFO - Sync 1 DAGs
[2023-07-09T19:40:04.999+0000] {logging_mixin.py:149} INFO - [2023-07-09T19:40:04.998+0000] {dag.py:3490} INFO - Setting next_dagrun for Lecture_DAG to None, run_after=None
[2023-07-09T19:40:05.044+0000] {processor.py:179} INFO - Processing /opt/airflow/dags/lecture_code.py took 0.121 seconds
[2023-07-09T19:40:35.548+0000] {processor.py:157} INFO - Started process (PID=4897) to work on /opt/airflow/dags/lecture_code.py
[2023-07-09T19:40:35.549+0000] {processor.py:826} INFO - Processing file /opt/airflow/dags/lecture_code.py for tasks to queue
[2023-07-09T19:40:35.550+0000] {logging_mixin.py:149} INFO - [2023-07-09T19:40:35.550+0000] {dagbag.py:541} INFO - Filling up the DagBag from /opt/airflow/dags/lecture_code.py
[2023-07-09T19:40:35.569+0000] {processor.py:836} INFO - DAG(s) dict_keys(['Lecture_DAG']) retrieved from /opt/airflow/dags/lecture_code.py
[2023-07-09T19:40:35.600+0000] {logging_mixin.py:149} INFO - [2023-07-09T19:40:35.599+0000] {dag.py:2726} INFO - Sync 1 DAGs
[2023-07-09T19:40:35.630+0000] {logging_mixin.py:149} INFO - [2023-07-09T19:40:35.630+0000] {dag.py:3490} INFO - Setting next_dagrun for Lecture_DAG to None, run_after=None
[2023-07-09T19:40:35.654+0000] {processor.py:179} INFO - Processing /opt/airflow/dags/lecture_code.py took 0.109 seconds
[2023-07-09T19:41:05.745+0000] {processor.py:157} INFO - Started process (PID=4959) to work on /opt/airflow/dags/lecture_code.py
[2023-07-09T19:41:05.746+0000] {processor.py:826} INFO - Processing file /opt/airflow/dags/lecture_code.py for tasks to queue
[2023-07-09T19:41:05.747+0000] {logging_mixin.py:149} INFO - [2023-07-09T19:41:05.747+0000] {dagbag.py:541} INFO - Filling up the DagBag from /opt/airflow/dags/lecture_code.py
[2023-07-09T19:41:05.768+0000] {processor.py:836} INFO - DAG(s) dict_keys(['Lecture_DAG']) retrieved from /opt/airflow/dags/lecture_code.py
[2023-07-09T19:41:05.795+0000] {logging_mixin.py:149} INFO - [2023-07-09T19:41:05.795+0000] {dag.py:2726} INFO - Sync 1 DAGs
[2023-07-09T19:41:05.818+0000] {logging_mixin.py:149} INFO - [2023-07-09T19:41:05.818+0000] {dag.py:3490} INFO - Setting next_dagrun for Lecture_DAG to None, run_after=None
[2023-07-09T19:41:05.844+0000] {processor.py:179} INFO - Processing /opt/airflow/dags/lecture_code.py took 0.102 seconds
[2023-07-09T23:59:27.136+0000] {processor.py:157} INFO - Started process (PID=5001) to work on /opt/airflow/dags/lecture_code.py
[2023-07-09T23:59:27.138+0000] {processor.py:826} INFO - Processing file /opt/airflow/dags/lecture_code.py for tasks to queue
[2023-07-09T23:59:27.139+0000] {logging_mixin.py:149} INFO - [2023-07-09T23:59:27.139+0000] {dagbag.py:541} INFO - Filling up the DagBag from /opt/airflow/dags/lecture_code.py
[2023-07-09T23:59:27.191+0000] {processor.py:836} INFO - DAG(s) dict_keys(['Lecture_DAG']) retrieved from /opt/airflow/dags/lecture_code.py
[2023-07-09T23:59:27.299+0000] {logging_mixin.py:149} INFO - [2023-07-09T23:59:27.299+0000] {dag.py:2726} INFO - Sync 1 DAGs
[2023-07-09T23:59:27.376+0000] {logging_mixin.py:149} INFO - [2023-07-09T23:59:27.376+0000] {dag.py:3490} INFO - Setting next_dagrun for Lecture_DAG to None, run_after=None
[2023-07-09T23:59:27.438+0000] {processor.py:179} INFO - Processing /opt/airflow/dags/lecture_code.py took 0.308 seconds
