[2023-07-11T11:01:45.686+0000] {taskinstance.py:1103} INFO - Dependencies all met for dep_context=non-requeueable deps ti=<TaskInstance: process_sales_4.extract_data_from_api manual__2023-07-11T10:47:33.693457+00:00 [queued]>
[2023-07-11T11:01:45.706+0000] {taskinstance.py:1103} INFO - Dependencies all met for dep_context=requeueable deps ti=<TaskInstance: process_sales_4.extract_data_from_api manual__2023-07-11T10:47:33.693457+00:00 [queued]>
[2023-07-11T11:01:45.707+0000] {taskinstance.py:1308} INFO - Starting attempt 1 of 1
[2023-07-11T11:01:45.736+0000] {taskinstance.py:1327} INFO - Executing <Task(PythonOperator): extract_data_from_api> on 2023-07-11 10:47:33.693457+00:00
[2023-07-11T11:01:45.747+0000] {standard_task_runner.py:57} INFO - Started process 3733 to run task
[2023-07-11T11:01:45.755+0000] {standard_task_runner.py:84} INFO - Running: ['***', 'tasks', 'run', 'process_sales_4', 'extract_data_from_api', 'manual__2023-07-11T10:47:33.693457+00:00', '--job-id', '68', '--raw', '--subdir', 'DAGS_FOLDER/process_sales_4.py', '--cfg-path', '/tmp/tmpkonh0umg']
[2023-07-11T11:01:45.757+0000] {standard_task_runner.py:85} INFO - Job 68: Subtask extract_data_from_api
[2023-07-11T11:01:45.851+0000] {task_command.py:410} INFO - Running <TaskInstance: process_sales_4.extract_data_from_api manual__2023-07-11T10:47:33.693457+00:00 [running]> on host ca64464cba28
[2023-07-11T11:01:46.017+0000] {taskinstance.py:1547} INFO - Exporting env vars: AIRFLOW_CTX_DAG_OWNER='***' AIRFLOW_CTX_DAG_ID='process_sales_4' AIRFLOW_CTX_TASK_ID='extract_data_from_api' AIRFLOW_CTX_EXECUTION_DATE='2023-07-11T10:47:33.693457+00:00' AIRFLOW_CTX_TRY_NUMBER='1' AIRFLOW_CTX_DAG_RUN_ID='manual__2023-07-11T10:47:33.693457+00:00'
[2023-07-11T11:01:46.027+0000] {logging_mixin.py:149} INFO - 	I'm in get_sales(...) function!
[2023-07-11T11:01:46.289+0000] {logging_mixin.py:149} INFO - Page 1 started
[2023-07-11T11:01:46.291+0000] {logging_mixin.py:149} INFO - Page 1 done
[2023-07-11T11:01:46.292+0000] {logging_mixin.py:149} INFO - Status_code = 200
[2023-07-11T11:01:46.458+0000] {logging_mixin.py:149} INFO - Page 2 started
[2023-07-11T11:01:46.464+0000] {logging_mixin.py:149} INFO - Page 2 done
[2023-07-11T11:01:46.465+0000] {logging_mixin.py:149} INFO - Status_code = 200
[2023-07-11T11:01:46.633+0000] {logging_mixin.py:149} INFO - Page 3 started
[2023-07-11T11:01:46.637+0000] {logging_mixin.py:149} INFO - Page 3 done
[2023-07-11T11:01:46.637+0000] {logging_mixin.py:149} INFO - Status_code = 200
[2023-07-11T11:01:46.799+0000] {logging_mixin.py:149} INFO - Page 4 started
[2023-07-11T11:01:46.800+0000] {logging_mixin.py:149} INFO - Page 4 done
[2023-07-11T11:01:46.801+0000] {logging_mixin.py:149} INFO - Status_code = 200
[2023-07-11T11:01:46.977+0000] {logging_mixin.py:149} INFO - Deleted file: /opt/***/processed_data/raw/sales/2022-08-09
[2023-07-11T11:01:46.978+0000] {logging_mixin.py:149} INFO - Cleanup complete for folder: /opt/***/processed_data/raw/sales/2022-08-09
[2023-07-11T11:01:46.984+0000] {python.py:183} INFO - Done. Returned value was: None
[2023-07-11T11:01:47.000+0000] {taskinstance.py:1350} INFO - Marking task as SUCCESS. dag_id=process_sales_4, task_id=extract_data_from_api, execution_date=20230711T104733, start_date=20230711T110145, end_date=20230711T110147
[2023-07-11T11:01:47.338+0000] {local_task_job_runner.py:225} INFO - Task exited with return code 0
[2023-07-11T11:01:48.340+0000] {taskinstance.py:2653} INFO - 0 downstream tasks scheduled from follow-on schedule check
