[2023-07-13T11:41:22.854+0000] {taskinstance.py:1103} INFO - Dependencies all met for dep_context=non-requeueable deps ti=<TaskInstance: process_sales_13.extract_data_from_api manual__2023-07-13T11:41:21.396658+00:00 [queued]>
[2023-07-13T11:41:22.863+0000] {taskinstance.py:1103} INFO - Dependencies all met for dep_context=requeueable deps ti=<TaskInstance: process_sales_13.extract_data_from_api manual__2023-07-13T11:41:21.396658+00:00 [queued]>
[2023-07-13T11:41:22.864+0000] {taskinstance.py:1308} INFO - Starting attempt 1 of 1
[2023-07-13T11:41:22.878+0000] {taskinstance.py:1327} INFO - Executing <Task(PythonOperator): extract_data_from_api> on 2023-07-13 11:41:21.396658+00:00
[2023-07-13T11:41:22.882+0000] {standard_task_runner.py:57} INFO - Started process 2560 to run task
[2023-07-13T11:41:22.885+0000] {standard_task_runner.py:84} INFO - Running: ['***', 'tasks', 'run', 'process_sales_13', 'extract_data_from_api', 'manual__2023-07-13T11:41:21.396658+00:00', '--job-id', '131', '--raw', '--subdir', 'DAGS_FOLDER/process_sales_13.py', '--cfg-path', '/tmp/tmpcrx43vju']
[2023-07-13T11:41:22.886+0000] {standard_task_runner.py:85} INFO - Job 131: Subtask extract_data_from_api
[2023-07-13T11:41:22.930+0000] {task_command.py:410} INFO - Running <TaskInstance: process_sales_13.extract_data_from_api manual__2023-07-13T11:41:21.396658+00:00 [running]> on host b58a2d5f4d18
[2023-07-13T11:41:23.002+0000] {taskinstance.py:1547} INFO - Exporting env vars: AIRFLOW_CTX_DAG_OWNER='***' AIRFLOW_CTX_DAG_ID='process_sales_13' AIRFLOW_CTX_TASK_ID='extract_data_from_api' AIRFLOW_CTX_EXECUTION_DATE='2023-07-13T11:41:21.396658+00:00' AIRFLOW_CTX_TRY_NUMBER='1' AIRFLOW_CTX_DAG_RUN_ID='manual__2023-07-13T11:41:21.396658+00:00'
[2023-07-13T11:41:23.004+0000] {logging_mixin.py:149} INFO - 	I'm in get_sales(...) function!
[2023-07-13T11:41:23.246+0000] {logging_mixin.py:149} INFO - Page 1 started
[2023-07-13T11:41:23.247+0000] {logging_mixin.py:149} INFO - Page 1 done
[2023-07-13T11:41:23.248+0000] {logging_mixin.py:149} INFO - Status_code = 200
[2023-07-13T11:41:23.411+0000] {logging_mixin.py:149} INFO - Page 2 started
[2023-07-13T11:41:23.414+0000] {logging_mixin.py:149} INFO - Page 2 done
[2023-07-13T11:41:23.415+0000] {logging_mixin.py:149} INFO - Status_code = 200
[2023-07-13T11:41:23.574+0000] {logging_mixin.py:149} INFO - Page 3 started
[2023-07-13T11:41:23.580+0000] {logging_mixin.py:149} INFO - Page 3 done
[2023-07-13T11:41:23.580+0000] {logging_mixin.py:149} INFO - Status_code = 200
[2023-07-13T11:41:23.740+0000] {logging_mixin.py:149} INFO - Page 4 started
[2023-07-13T11:41:23.741+0000] {logging_mixin.py:149} INFO - Page 4 done
[2023-07-13T11:41:23.741+0000] {logging_mixin.py:149} INFO - Status_code = 200
[2023-07-13T11:41:23.913+0000] {logging_mixin.py:149} INFO - Deleted file: /opt/***/processed_data/raw/sales/2022-08-09
[2023-07-13T11:41:23.914+0000] {logging_mixin.py:149} INFO - Cleanup complete for folder: /opt/***/processed_data/raw/sales/2022-08-09
[2023-07-13T11:41:23.919+0000] {logging_mixin.py:149} INFO - 	I'm in get_sales(...) function!
[2023-07-13T11:41:24.162+0000] {logging_mixin.py:149} INFO - Page 1 started
[2023-07-13T11:41:24.166+0000] {logging_mixin.py:149} INFO - Page 1 done
[2023-07-13T11:41:24.166+0000] {logging_mixin.py:149} INFO - Status_code = 200
[2023-07-13T11:41:24.329+0000] {logging_mixin.py:149} INFO - Page 2 started
[2023-07-13T11:41:24.332+0000] {logging_mixin.py:149} INFO - Page 2 done
[2023-07-13T11:41:24.332+0000] {logging_mixin.py:149} INFO - Status_code = 200
[2023-07-13T11:41:24.493+0000] {logging_mixin.py:149} INFO - Page 3 started
[2023-07-13T11:41:24.497+0000] {logging_mixin.py:149} INFO - Page 3 done
[2023-07-13T11:41:24.498+0000] {logging_mixin.py:149} INFO - Status_code = 200
[2023-07-13T11:41:24.657+0000] {logging_mixin.py:149} INFO - Page 4 started
[2023-07-13T11:41:24.658+0000] {logging_mixin.py:149} INFO - Page 4 done
[2023-07-13T11:41:24.658+0000] {logging_mixin.py:149} INFO - Status_code = 200
[2023-07-13T11:41:24.834+0000] {logging_mixin.py:149} INFO - Deleted file: /opt/***/processed_data/raw/sales/2022-08-10
[2023-07-13T11:41:24.835+0000] {logging_mixin.py:149} INFO - Cleanup complete for folder: /opt/***/processed_data/raw/sales/2022-08-10
[2023-07-13T11:41:24.839+0000] {logging_mixin.py:149} INFO - 	I'm in get_sales(...) function!
[2023-07-13T11:41:25.101+0000] {logging_mixin.py:149} INFO - Page 1 started
[2023-07-13T11:41:25.102+0000] {logging_mixin.py:149} INFO - Page 1 done
[2023-07-13T11:41:25.103+0000] {logging_mixin.py:149} INFO - Status_code = 200
[2023-07-13T11:41:25.263+0000] {logging_mixin.py:149} INFO - Page 2 started
[2023-07-13T11:41:25.269+0000] {logging_mixin.py:149} INFO - Page 2 done
[2023-07-13T11:41:25.270+0000] {logging_mixin.py:149} INFO - Status_code = 200
[2023-07-13T11:41:25.431+0000] {logging_mixin.py:149} INFO - Page 3 started
[2023-07-13T11:41:25.436+0000] {logging_mixin.py:149} INFO - Page 3 done
[2023-07-13T11:41:25.437+0000] {logging_mixin.py:149} INFO - Status_code = 200
[2023-07-13T11:41:25.597+0000] {logging_mixin.py:149} INFO - Page 4 started
[2023-07-13T11:41:25.599+0000] {logging_mixin.py:149} INFO - Page 4 done
[2023-07-13T11:41:25.600+0000] {logging_mixin.py:149} INFO - Status_code = 200
[2023-07-13T11:41:25.767+0000] {logging_mixin.py:149} INFO - Deleted file: /opt/***/processed_data/raw/sales/2022-08-11
[2023-07-13T11:41:25.768+0000] {logging_mixin.py:149} INFO - Cleanup complete for folder: /opt/***/processed_data/raw/sales/2022-08-11
[2023-07-13T11:41:25.772+0000] {python.py:183} INFO - Done. Returned value was: None
[2023-07-13T11:41:25.825+0000] {taskinstance.py:1350} INFO - Marking task as SUCCESS. dag_id=process_sales_13, task_id=extract_data_from_api, execution_date=20230713T114121, start_date=20230713T114122, end_date=20230713T114125
[2023-07-13T11:41:25.873+0000] {local_task_job_runner.py:225} INFO - Task exited with return code 0
[2023-07-13T11:41:25.894+0000] {taskinstance.py:2653} INFO - 1 downstream tasks scheduled from follow-on schedule check
