[2023-07-10T09:42:23.128+0000] {taskinstance.py:1103} INFO - Dependencies all met for dep_context=non-requeueable deps ti=<TaskInstance: process_sales_2.extract_data_from_api manual__2023-07-10T09:36:35.153408+00:00 [queued]>
[2023-07-10T09:42:23.137+0000] {taskinstance.py:1103} INFO - Dependencies all met for dep_context=requeueable deps ti=<TaskInstance: process_sales_2.extract_data_from_api manual__2023-07-10T09:36:35.153408+00:00 [queued]>
[2023-07-10T09:42:23.137+0000] {taskinstance.py:1308} INFO - Starting attempt 2 of 2
[2023-07-10T09:42:23.160+0000] {taskinstance.py:1327} INFO - Executing <Task(PythonOperator): extract_data_from_api> on 2023-07-10 09:36:35.153408+00:00
[2023-07-10T09:42:23.165+0000] {standard_task_runner.py:57} INFO - Started process 4485 to run task
[2023-07-10T09:42:23.169+0000] {standard_task_runner.py:84} INFO - Running: ['***', 'tasks', 'run', 'process_sales_2', 'extract_data_from_api', 'manual__2023-07-10T09:36:35.153408+00:00', '--job-id', '26', '--raw', '--subdir', 'DAGS_FOLDER/process_sales_2.py', '--cfg-path', '/tmp/tmpnzle251u']
[2023-07-10T09:42:23.171+0000] {standard_task_runner.py:85} INFO - Job 26: Subtask extract_data_from_api
[2023-07-10T09:42:23.220+0000] {task_command.py:410} INFO - Running <TaskInstance: process_sales_2.extract_data_from_api manual__2023-07-10T09:36:35.153408+00:00 [running]> on host bc27030ccba5
[2023-07-10T09:42:23.305+0000] {taskinstance.py:1547} INFO - Exporting env vars: AIRFLOW_CTX_DAG_OWNER='***' AIRFLOW_CTX_DAG_ID='process_sales_2' AIRFLOW_CTX_TASK_ID='extract_data_from_api' AIRFLOW_CTX_EXECUTION_DATE='2023-07-10T09:36:35.153408+00:00' AIRFLOW_CTX_TRY_NUMBER='2' AIRFLOW_CTX_DAG_RUN_ID='manual__2023-07-10T09:36:35.153408+00:00'
[2023-07-10T09:42:23.306+0000] {logging_mixin.py:149} INFO - 	I'm in get_sales(...) function!
[2023-07-10T09:42:23.577+0000] {logging_mixin.py:149} INFO - Page 1 started
[2023-07-10T09:42:23.579+0000] {logging_mixin.py:149} INFO - Page 1 done
[2023-07-10T09:42:23.580+0000] {logging_mixin.py:149} INFO - Status_code = 200
[2023-07-10T09:42:23.747+0000] {logging_mixin.py:149} INFO - Page 2 started
[2023-07-10T09:42:23.750+0000] {logging_mixin.py:149} INFO - Page 2 done
[2023-07-10T09:42:23.751+0000] {logging_mixin.py:149} INFO - Status_code = 200
[2023-07-10T09:42:23.918+0000] {logging_mixin.py:149} INFO - Page 3 started
[2023-07-10T09:42:23.921+0000] {logging_mixin.py:149} INFO - Page 3 done
[2023-07-10T09:42:23.922+0000] {logging_mixin.py:149} INFO - Status_code = 200
[2023-07-10T09:42:24.089+0000] {logging_mixin.py:149} INFO - Page 4 started
[2023-07-10T09:42:24.091+0000] {logging_mixin.py:149} INFO - Page 4 done
[2023-07-10T09:42:24.091+0000] {logging_mixin.py:149} INFO - Status_code = 200
[2023-07-10T09:42:24.252+0000] {logging_mixin.py:149} INFO - Deleted file: C:\Users\a.golovko\PycharmProjects\rd_data_engineer\lesson_07\dags\ht_template\file_storage/raw/sales/2022-08-09
[2023-07-10T09:42:24.252+0000] {logging_mixin.py:149} INFO - Cleanup complete for folder: C:\Users\a.golovko\PycharmProjects\rd_data_engineer\lesson_07\dags\ht_template\file_storage/raw/sales/2022-08-09
[2023-07-10T09:42:24.253+0000] {python.py:183} INFO - Done. Returned value was: None
[2023-07-10T09:42:24.265+0000] {taskinstance.py:1350} INFO - Marking task as SUCCESS. dag_id=process_sales_2, task_id=extract_data_from_api, execution_date=20230710T093635, start_date=20230710T094223, end_date=20230710T094224
[2023-07-10T09:42:24.308+0000] {local_task_job_runner.py:225} INFO - Task exited with return code 0
[2023-07-10T09:42:24.328+0000] {taskinstance.py:2653} INFO - 1 downstream tasks scheduled from follow-on schedule check
