[2023-07-11T07:29:16.068+0000] {taskinstance.py:1103} INFO - Dependencies all met for dep_context=non-requeueable deps ti=<TaskInstance: process_sales_4.extract_data_from_api manual__2023-07-11T07:29:13.721447+00:00 [queued]>
[2023-07-11T07:29:16.079+0000] {taskinstance.py:1103} INFO - Dependencies all met for dep_context=requeueable deps ti=<TaskInstance: process_sales_4.extract_data_from_api manual__2023-07-11T07:29:13.721447+00:00 [queued]>
[2023-07-11T07:29:16.080+0000] {taskinstance.py:1308} INFO - Starting attempt 1 of 1
[2023-07-11T07:29:16.097+0000] {taskinstance.py:1327} INFO - Executing <Task(PythonOperator): extract_data_from_api> on 2023-07-11 07:29:13.721447+00:00
[2023-07-11T07:29:16.102+0000] {standard_task_runner.py:57} INFO - Started process 419 to run task
[2023-07-11T07:29:16.107+0000] {standard_task_runner.py:84} INFO - Running: ['***', 'tasks', 'run', 'process_sales_4', 'extract_data_from_api', 'manual__2023-07-11T07:29:13.721447+00:00', '--job-id', '52', '--raw', '--subdir', 'DAGS_FOLDER/process_sales_4.py', '--cfg-path', '/tmp/tmp2a4xjja6']
[2023-07-11T07:29:16.108+0000] {standard_task_runner.py:85} INFO - Job 52: Subtask extract_data_from_api
[2023-07-11T07:29:16.163+0000] {task_command.py:410} INFO - Running <TaskInstance: process_sales_4.extract_data_from_api manual__2023-07-11T07:29:13.721447+00:00 [running]> on host ca64464cba28
[2023-07-11T07:29:16.260+0000] {taskinstance.py:1547} INFO - Exporting env vars: AIRFLOW_CTX_DAG_OWNER='***' AIRFLOW_CTX_DAG_ID='process_sales_4' AIRFLOW_CTX_TASK_ID='extract_data_from_api' AIRFLOW_CTX_EXECUTION_DATE='2023-07-11T07:29:13.721447+00:00' AIRFLOW_CTX_TRY_NUMBER='1' AIRFLOW_CTX_DAG_RUN_ID='manual__2023-07-11T07:29:13.721447+00:00'
[2023-07-11T07:29:16.263+0000] {logging_mixin.py:149} INFO - 	I'm in get_sales(...) function!
[2023-07-11T07:29:16.535+0000] {logging_mixin.py:149} INFO - Page 1 started
[2023-07-11T07:29:16.536+0000] {logging_mixin.py:149} INFO - Page 1 done
[2023-07-11T07:29:16.537+0000] {logging_mixin.py:149} INFO - Status_code = 200
[2023-07-11T07:29:16.696+0000] {logging_mixin.py:149} INFO - Page 2 started
[2023-07-11T07:29:16.701+0000] {logging_mixin.py:149} INFO - Page 2 done
[2023-07-11T07:29:16.701+0000] {logging_mixin.py:149} INFO - Status_code = 200
[2023-07-11T07:29:16.861+0000] {logging_mixin.py:149} INFO - Page 3 started
[2023-07-11T07:29:16.863+0000] {logging_mixin.py:149} INFO - Page 3 done
[2023-07-11T07:29:16.864+0000] {logging_mixin.py:149} INFO - Status_code = 200
[2023-07-11T07:29:17.023+0000] {logging_mixin.py:149} INFO - Page 4 started
[2023-07-11T07:29:17.024+0000] {logging_mixin.py:149} INFO - Page 4 done
[2023-07-11T07:29:17.025+0000] {logging_mixin.py:149} INFO - Status_code = 200
[2023-07-11T07:29:17.198+0000] {python.py:183} INFO - Done. Returned value was: None
[2023-07-11T07:29:17.208+0000] {taskinstance.py:1350} INFO - Marking task as SUCCESS. dag_id=process_sales_4, task_id=extract_data_from_api, execution_date=20230711T072913, start_date=20230711T072916, end_date=20230711T072917
[2023-07-11T07:29:17.242+0000] {local_task_job_runner.py:225} INFO - Task exited with return code 0
[2023-07-11T07:29:17.265+0000] {taskinstance.py:2653} INFO - 1 downstream tasks scheduled from follow-on schedule check
