[2023-07-13T11:57:11.558+0000] {taskinstance.py:1103} INFO - Dependencies all met for dep_context=non-requeueable deps ti=<TaskInstance: process_sales_13.convert_to_avro manual__2023-07-13T11:57:04.761908+00:00 [queued]>
[2023-07-13T11:57:11.569+0000] {taskinstance.py:1103} INFO - Dependencies all met for dep_context=requeueable deps ti=<TaskInstance: process_sales_13.convert_to_avro manual__2023-07-13T11:57:04.761908+00:00 [queued]>
[2023-07-13T11:57:11.570+0000] {taskinstance.py:1308} INFO - Starting attempt 1 of 1
[2023-07-13T11:57:11.585+0000] {taskinstance.py:1327} INFO - Executing <Task(PythonOperator): convert_to_avro> on 2023-07-13 11:57:04.761908+00:00
[2023-07-13T11:57:11.590+0000] {standard_task_runner.py:57} INFO - Started process 2905 to run task
[2023-07-13T11:57:11.593+0000] {standard_task_runner.py:84} INFO - Running: ['***', 'tasks', 'run', 'process_sales_13', 'convert_to_avro', 'manual__2023-07-13T11:57:04.761908+00:00', '--job-id', '145', '--raw', '--subdir', 'DAGS_FOLDER/process_sales_13.py', '--cfg-path', '/tmp/tmp1vsxev3s']
[2023-07-13T11:57:11.594+0000] {standard_task_runner.py:85} INFO - Job 145: Subtask convert_to_avro
[2023-07-13T11:57:11.645+0000] {task_command.py:410} INFO - Running <TaskInstance: process_sales_13.convert_to_avro manual__2023-07-13T11:57:04.761908+00:00 [running]> on host b58a2d5f4d18
[2023-07-13T11:57:11.741+0000] {taskinstance.py:1547} INFO - Exporting env vars: AIRFLOW_CTX_DAG_OWNER='***' AIRFLOW_CTX_DAG_ID='process_sales_13' AIRFLOW_CTX_TASK_ID='convert_to_avro' AIRFLOW_CTX_EXECUTION_DATE='2023-07-13T11:57:04.761908+00:00' AIRFLOW_CTX_TRY_NUMBER='1' AIRFLOW_CTX_DAG_RUN_ID='manual__2023-07-13T11:57:04.761908+00:00'
[2023-07-13T11:57:11.761+0000] {logging_mixin.py:149} INFO - File sales_2022-08-09.json read from /opt/***/processed_data/raw/sales
[2023-07-13T11:57:11.769+0000] {logging_mixin.py:149} INFO - File sales_2022-08-10.json read from /opt/***/processed_data/raw/sales
[2023-07-13T11:57:11.775+0000] {logging_mixin.py:149} INFO - File sales_2022-08-11.json read from /opt/***/processed_data/raw/sales
[2023-07-13T11:57:11.783+0000] {logging_mixin.py:149} INFO - Deleted file: /opt/***/processed_data/stg/sales
[2023-07-13T11:57:11.786+0000] {logging_mixin.py:149} INFO - Deleted file: /opt/***/processed_data/stg/sales
[2023-07-13T11:57:11.789+0000] {logging_mixin.py:149} INFO - Deleted file: /opt/***/processed_data/stg/sales
[2023-07-13T11:57:11.790+0000] {logging_mixin.py:149} INFO - Cleanup complete for folder: /opt/***/processed_data/stg/sales
[2023-07-13T11:57:11.794+0000] {logging_mixin.py:149} INFO - File sales_2022-08-09.avro writen to /opt/***/processed_data/stg/sales
[2023-07-13T11:57:11.798+0000] {logging_mixin.py:149} INFO - File sales_2022-08-10.avro writen to /opt/***/processed_data/stg/sales
[2023-07-13T11:57:11.802+0000] {logging_mixin.py:149} INFO - File sales_2022-08-11.avro writen to /opt/***/processed_data/stg/sales
[2023-07-13T11:57:11.803+0000] {python.py:183} INFO - Done. Returned value was: None
[2023-07-13T11:57:11.811+0000] {taskinstance.py:1350} INFO - Marking task as SUCCESS. dag_id=process_sales_13, task_id=convert_to_avro, execution_date=20230713T115704, start_date=20230713T115711, end_date=20230713T115711
[2023-07-13T11:57:11.846+0000] {local_task_job_runner.py:225} INFO - Task exited with return code 0
[2023-07-13T11:57:11.863+0000] {taskinstance.py:2653} INFO - 0 downstream tasks scheduled from follow-on schedule check
