[2023-07-13T12:29:13.746+0000] {taskinstance.py:1103} INFO - Dependencies all met for dep_context=non-requeueable deps ti=<TaskInstance: process_sales_13.extract_data_from_api manual__2023-07-13T12:21:28.610931+00:00 [queued]>
[2023-07-13T12:29:13.756+0000] {taskinstance.py:1103} INFO - Dependencies all met for dep_context=requeueable deps ti=<TaskInstance: process_sales_13.extract_data_from_api manual__2023-07-13T12:21:28.610931+00:00 [queued]>
[2023-07-13T12:29:13.757+0000] {taskinstance.py:1308} INFO - Starting attempt 2 of 2
[2023-07-13T12:29:13.773+0000] {taskinstance.py:1327} INFO - Executing <Task(PythonOperator): extract_data_from_api> on 2023-07-13 12:21:28.610931+00:00
[2023-07-13T12:29:13.778+0000] {standard_task_runner.py:57} INFO - Started process 3529 to run task
[2023-07-13T12:29:13.781+0000] {standard_task_runner.py:84} INFO - Running: ['***', 'tasks', 'run', 'process_sales_13', 'extract_data_from_api', 'manual__2023-07-13T12:21:28.610931+00:00', '--job-id', '162', '--raw', '--subdir', 'DAGS_FOLDER/process_sales_13.py', '--cfg-path', '/tmp/tmp_3c_5qia']
[2023-07-13T12:29:13.782+0000] {standard_task_runner.py:85} INFO - Job 162: Subtask extract_data_from_api
[2023-07-13T12:29:13.829+0000] {task_command.py:410} INFO - Running <TaskInstance: process_sales_13.extract_data_from_api manual__2023-07-13T12:21:28.610931+00:00 [running]> on host b58a2d5f4d18
[2023-07-13T12:29:13.911+0000] {taskinstance.py:1547} INFO - Exporting env vars: AIRFLOW_CTX_DAG_OWNER='***' AIRFLOW_CTX_DAG_ID='process_sales_13' AIRFLOW_CTX_TASK_ID='extract_data_from_api' AIRFLOW_CTX_EXECUTION_DATE='2023-07-13T12:21:28.610931+00:00' AIRFLOW_CTX_TRY_NUMBER='2' AIRFLOW_CTX_DAG_RUN_ID='manual__2023-07-13T12:21:28.610931+00:00'
[2023-07-13T12:29:13.914+0000] {logging_mixin.py:149} INFO - 	I'm in get_sales(...) function!
[2023-07-13T12:29:14.240+0000] {logging_mixin.py:149} INFO - Page 1 started
[2023-07-13T12:29:14.241+0000] {logging_mixin.py:149} INFO - Page 1 done
[2023-07-13T12:29:14.241+0000] {logging_mixin.py:149} INFO - Status_code = 200
[2023-07-13T12:29:14.435+0000] {logging_mixin.py:149} INFO - Page 2 started
[2023-07-13T12:29:14.437+0000] {logging_mixin.py:149} INFO - Page 2 done
[2023-07-13T12:29:14.437+0000] {logging_mixin.py:149} INFO - Status_code = 200
[2023-07-13T12:29:14.598+0000] {logging_mixin.py:149} INFO - Page 3 started
[2023-07-13T12:29:14.608+0000] {logging_mixin.py:149} INFO - Page 3 done
[2023-07-13T12:29:14.609+0000] {logging_mixin.py:149} INFO - Status_code = 200
[2023-07-13T12:29:14.784+0000] {logging_mixin.py:149} INFO - Page 4 started
[2023-07-13T12:29:14.784+0000] {logging_mixin.py:149} INFO - Page 4 done
[2023-07-13T12:29:14.785+0000] {logging_mixin.py:149} INFO - Status_code = 200
[2023-07-13T12:29:15.005+0000] {logging_mixin.py:149} INFO - 	I'm in get_sales(...) function!
[2023-07-13T12:29:15.270+0000] {logging_mixin.py:149} INFO - Page 1 started
[2023-07-13T12:29:15.271+0000] {logging_mixin.py:149} INFO - Page 1 done
[2023-07-13T12:29:15.272+0000] {logging_mixin.py:149} INFO - Status_code = 200
[2023-07-13T12:29:15.444+0000] {logging_mixin.py:149} INFO - Page 2 started
[2023-07-13T12:29:15.446+0000] {logging_mixin.py:149} INFO - Page 2 done
[2023-07-13T12:29:15.446+0000] {logging_mixin.py:149} INFO - Status_code = 200
[2023-07-13T12:29:15.605+0000] {logging_mixin.py:149} INFO - Page 3 started
[2023-07-13T12:29:15.612+0000] {logging_mixin.py:149} INFO - Page 3 done
[2023-07-13T12:29:15.613+0000] {logging_mixin.py:149} INFO - Status_code = 200
[2023-07-13T12:29:15.809+0000] {logging_mixin.py:149} INFO - Page 4 started
[2023-07-13T12:29:15.810+0000] {logging_mixin.py:149} INFO - Page 4 done
[2023-07-13T12:29:15.811+0000] {logging_mixin.py:149} INFO - Status_code = 200
[2023-07-13T12:29:16.011+0000] {logging_mixin.py:149} INFO - 	I'm in get_sales(...) function!
[2023-07-13T12:29:16.280+0000] {logging_mixin.py:149} INFO - Page 1 started
[2023-07-13T12:29:16.281+0000] {logging_mixin.py:149} INFO - Page 1 done
[2023-07-13T12:29:16.281+0000] {logging_mixin.py:149} INFO - Status_code = 200
[2023-07-13T12:29:16.450+0000] {logging_mixin.py:149} INFO - Page 2 started
[2023-07-13T12:29:16.451+0000] {logging_mixin.py:149} INFO - Page 2 done
[2023-07-13T12:29:16.452+0000] {logging_mixin.py:149} INFO - Status_code = 200
[2023-07-13T12:29:16.618+0000] {logging_mixin.py:149} INFO - Page 3 started
[2023-07-13T12:29:16.620+0000] {logging_mixin.py:149} INFO - Page 3 done
[2023-07-13T12:29:16.621+0000] {logging_mixin.py:149} INFO - Status_code = 200
[2023-07-13T12:29:16.848+0000] {logging_mixin.py:149} INFO - Page 4 started
[2023-07-13T12:29:16.850+0000] {logging_mixin.py:149} INFO - Page 4 done
[2023-07-13T12:29:16.851+0000] {logging_mixin.py:149} INFO - Status_code = 200
[2023-07-13T12:29:17.031+0000] {taskinstance.py:1824} ERROR - Task failed with exception
Traceback (most recent call last):
  File "/home/airflow/.local/lib/python3.7/site-packages/airflow/operators/python.py", line 181, in execute
    return_value = self.execute_callable()
  File "/home/airflow/.local/lib/python3.7/site-packages/airflow/operators/python.py", line 198, in execute_callable
    return self.python_callable(*self.op_args, **self.op_kwargs)
  File "/opt/airflow/dags/process_sales_13.py", line 40, in extract_data_from_api_task
    save_sales_to_local_disk(date=date_str, raw_dir=file_path)
  File "/opt/airflow/dags/ht_template/job1/bll/sales_api.py", line 15, in save_sales_to_local_disk
    local_disk.save_to_disk(json_content, raw_dir, file_name)
  File "/opt/airflow/dags/ht_template/job1/dal/local_disk.py", line 29, in save_to_disk
    cleanup_folder(folder_path)
  File "/opt/airflow/dags/ht_template/job1/dal/local_disk.py", line 9, in cleanup_folder
    for filename in os.listdir(path):
NotADirectoryError: [Errno 20] Not a directory: '/opt/airflow/processed_data/raw/sales/sales/sales_2022-08-11.json'
[2023-07-13T12:29:17.046+0000] {taskinstance.py:1350} INFO - Marking task as FAILED. dag_id=process_sales_13, task_id=extract_data_from_api, execution_date=20230713T122128, start_date=20230713T122913, end_date=20230713T122917
[2023-07-13T12:29:17.058+0000] {standard_task_runner.py:109} ERROR - Failed to execute job 162 for task extract_data_from_api ([Errno 20] Not a directory: '/opt/airflow/processed_data/raw/sales/sales/sales_2022-08-11.json'; 3529)
[2023-07-13T12:29:17.090+0000] {local_task_job_runner.py:225} INFO - Task exited with return code 1
[2023-07-13T12:29:17.114+0000] {taskinstance.py:2653} INFO - 0 downstream tasks scheduled from follow-on schedule check
