[2023-07-13T12:21:30.182+0000] {taskinstance.py:1103} INFO - Dependencies all met for dep_context=non-requeueable deps ti=<TaskInstance: process_sales_13.extract_data_from_api manual__2023-07-13T12:21:28.610931+00:00 [queued]>
[2023-07-13T12:21:30.190+0000] {taskinstance.py:1103} INFO - Dependencies all met for dep_context=requeueable deps ti=<TaskInstance: process_sales_13.extract_data_from_api manual__2023-07-13T12:21:28.610931+00:00 [queued]>
[2023-07-13T12:21:30.191+0000] {taskinstance.py:1308} INFO - Starting attempt 1 of 1
[2023-07-13T12:21:30.204+0000] {taskinstance.py:1327} INFO - Executing <Task(PythonOperator): extract_data_from_api> on 2023-07-13 12:21:28.610931+00:00
[2023-07-13T12:21:30.209+0000] {standard_task_runner.py:57} INFO - Started process 3385 to run task
[2023-07-13T12:21:30.212+0000] {standard_task_runner.py:84} INFO - Running: ['***', 'tasks', 'run', 'process_sales_13', 'extract_data_from_api', 'manual__2023-07-13T12:21:28.610931+00:00', '--job-id', '160', '--raw', '--subdir', 'DAGS_FOLDER/process_sales_13.py', '--cfg-path', '/tmp/tmpahocfaog']
[2023-07-13T12:21:30.213+0000] {standard_task_runner.py:85} INFO - Job 160: Subtask extract_data_from_api
[2023-07-13T12:21:30.254+0000] {task_command.py:410} INFO - Running <TaskInstance: process_sales_13.extract_data_from_api manual__2023-07-13T12:21:28.610931+00:00 [running]> on host b58a2d5f4d18
[2023-07-13T12:21:30.336+0000] {taskinstance.py:1547} INFO - Exporting env vars: AIRFLOW_CTX_DAG_OWNER='***' AIRFLOW_CTX_DAG_ID='process_sales_13' AIRFLOW_CTX_TASK_ID='extract_data_from_api' AIRFLOW_CTX_EXECUTION_DATE='2023-07-13T12:21:28.610931+00:00' AIRFLOW_CTX_TRY_NUMBER='1' AIRFLOW_CTX_DAG_RUN_ID='manual__2023-07-13T12:21:28.610931+00:00'
[2023-07-13T12:21:30.339+0000] {logging_mixin.py:149} INFO - 	I'm in get_sales(...) function!
[2023-07-13T12:21:30.645+0000] {logging_mixin.py:149} INFO - Page 1 started
[2023-07-13T12:21:30.648+0000] {logging_mixin.py:149} INFO - Page 1 done
[2023-07-13T12:21:30.648+0000] {logging_mixin.py:149} INFO - Status_code = 200
[2023-07-13T12:21:30.813+0000] {logging_mixin.py:149} INFO - Page 2 started
[2023-07-13T12:21:30.817+0000] {logging_mixin.py:149} INFO - Page 2 done
[2023-07-13T12:21:30.818+0000] {logging_mixin.py:149} INFO - Status_code = 200
[2023-07-13T12:21:30.979+0000] {logging_mixin.py:149} INFO - Page 3 started
[2023-07-13T12:21:30.985+0000] {logging_mixin.py:149} INFO - Page 3 done
[2023-07-13T12:21:30.985+0000] {logging_mixin.py:149} INFO - Status_code = 200
[2023-07-13T12:21:31.145+0000] {logging_mixin.py:149} INFO - Page 4 started
[2023-07-13T12:21:31.147+0000] {logging_mixin.py:149} INFO - Page 4 done
[2023-07-13T12:21:31.148+0000] {logging_mixin.py:149} INFO - Status_code = 200
[2023-07-13T12:21:31.321+0000] {logging_mixin.py:149} INFO - Deleted file: /opt/***/processed_data/raw/sales/sales
[2023-07-13T12:21:31.322+0000] {logging_mixin.py:149} INFO - Cleanup complete for folder: /opt/***/processed_data/raw/sales/sales
[2023-07-13T12:21:31.326+0000] {logging_mixin.py:149} INFO - 	I'm in get_sales(...) function!
[2023-07-13T12:21:31.574+0000] {logging_mixin.py:149} INFO - Page 1 started
[2023-07-13T12:21:31.627+0000] {logging_mixin.py:149} INFO - Page 1 done
[2023-07-13T12:21:31.628+0000] {logging_mixin.py:149} INFO - Status_code = 200
[2023-07-13T12:21:31.797+0000] {logging_mixin.py:149} INFO - Page 2 started
[2023-07-13T12:21:31.799+0000] {logging_mixin.py:149} INFO - Page 2 done
[2023-07-13T12:21:31.799+0000] {logging_mixin.py:149} INFO - Status_code = 200
[2023-07-13T12:21:31.972+0000] {logging_mixin.py:149} INFO - Page 3 started
[2023-07-13T12:21:31.973+0000] {logging_mixin.py:149} INFO - Page 3 done
[2023-07-13T12:21:31.974+0000] {logging_mixin.py:149} INFO - Status_code = 200
[2023-07-13T12:21:32.137+0000] {logging_mixin.py:149} INFO - Page 4 started
[2023-07-13T12:21:32.137+0000] {logging_mixin.py:149} INFO - Page 4 done
[2023-07-13T12:21:32.138+0000] {logging_mixin.py:149} INFO - Status_code = 200
[2023-07-13T12:21:32.311+0000] {logging_mixin.py:149} INFO - Deleted file: /opt/***/processed_data/raw/sales/sales
[2023-07-13T12:21:32.312+0000] {logging_mixin.py:149} INFO - Cleanup complete for folder: /opt/***/processed_data/raw/sales/sales
[2023-07-13T12:21:32.316+0000] {logging_mixin.py:149} INFO - 	I'm in get_sales(...) function!
[2023-07-13T12:21:32.585+0000] {logging_mixin.py:149} INFO - Page 1 started
[2023-07-13T12:21:32.586+0000] {logging_mixin.py:149} INFO - Page 1 done
[2023-07-13T12:21:32.587+0000] {logging_mixin.py:149} INFO - Status_code = 200
[2023-07-13T12:21:32.753+0000] {logging_mixin.py:149} INFO - Page 2 started
[2023-07-13T12:21:32.756+0000] {logging_mixin.py:149} INFO - Page 2 done
[2023-07-13T12:21:32.757+0000] {logging_mixin.py:149} INFO - Status_code = 200
[2023-07-13T12:21:32.937+0000] {logging_mixin.py:149} INFO - Page 3 started
[2023-07-13T12:21:32.938+0000] {logging_mixin.py:149} INFO - Page 3 done
[2023-07-13T12:21:32.938+0000] {logging_mixin.py:149} INFO - Status_code = 200
[2023-07-13T12:21:33.107+0000] {logging_mixin.py:149} INFO - Page 4 started
[2023-07-13T12:21:33.108+0000] {logging_mixin.py:149} INFO - Page 4 done
[2023-07-13T12:21:33.110+0000] {logging_mixin.py:149} INFO - Status_code = 200
[2023-07-13T12:21:33.277+0000] {logging_mixin.py:149} INFO - Deleted file: /opt/***/processed_data/raw/sales/sales
[2023-07-13T12:21:33.277+0000] {logging_mixin.py:149} INFO - Cleanup complete for folder: /opt/***/processed_data/raw/sales/sales
[2023-07-13T12:21:33.281+0000] {python.py:183} INFO - Done. Returned value was: None
[2023-07-13T12:21:33.290+0000] {taskinstance.py:1350} INFO - Marking task as SUCCESS. dag_id=process_sales_13, task_id=extract_data_from_api, execution_date=20230713T122128, start_date=20230713T122130, end_date=20230713T122133
[2023-07-13T12:21:33.320+0000] {local_task_job_runner.py:225} INFO - Task exited with return code 0
[2023-07-13T12:21:33.340+0000] {taskinstance.py:2653} INFO - 1 downstream tasks scheduled from follow-on schedule check
