[2023-07-13T09:00:01.044+0000] {taskinstance.py:1103} INFO - Dependencies all met for dep_context=non-requeueable deps ti=<TaskInstance: process_sales_11.extract_data_from_api manual__2023-07-13T08:59:59.806466+00:00 [queued]>
[2023-07-13T09:00:01.052+0000] {taskinstance.py:1103} INFO - Dependencies all met for dep_context=requeueable deps ti=<TaskInstance: process_sales_11.extract_data_from_api manual__2023-07-13T08:59:59.806466+00:00 [queued]>
[2023-07-13T09:00:01.053+0000] {taskinstance.py:1308} INFO - Starting attempt 1 of 1
[2023-07-13T09:00:01.066+0000] {taskinstance.py:1327} INFO - Executing <Task(PythonOperator): extract_data_from_api> on 2023-07-13 08:59:59.806466+00:00
[2023-07-13T09:00:01.071+0000] {standard_task_runner.py:57} INFO - Started process 513 to run task
[2023-07-13T09:00:01.074+0000] {standard_task_runner.py:84} INFO - Running: ['***', 'tasks', 'run', 'process_sales_11', 'extract_data_from_api', 'manual__2023-07-13T08:59:59.806466+00:00', '--job-id', '109', '--raw', '--subdir', 'DAGS_FOLDER/process_sales_11.py', '--cfg-path', '/tmp/tmpvil9f9s5']
[2023-07-13T09:00:01.075+0000] {standard_task_runner.py:85} INFO - Job 109: Subtask extract_data_from_api
[2023-07-13T09:00:01.119+0000] {task_command.py:410} INFO - Running <TaskInstance: process_sales_11.extract_data_from_api manual__2023-07-13T08:59:59.806466+00:00 [running]> on host b58a2d5f4d18
[2023-07-13T09:00:01.193+0000] {taskinstance.py:1547} INFO - Exporting env vars: AIRFLOW_CTX_DAG_OWNER='***' AIRFLOW_CTX_DAG_ID='process_sales_11' AIRFLOW_CTX_TASK_ID='extract_data_from_api' AIRFLOW_CTX_EXECUTION_DATE='2023-07-13T08:59:59.806466+00:00' AIRFLOW_CTX_TRY_NUMBER='1' AIRFLOW_CTX_DAG_RUN_ID='manual__2023-07-13T08:59:59.806466+00:00'
[2023-07-13T09:00:01.196+0000] {logging_mixin.py:149} INFO - 	I'm in get_sales(...) function!
[2023-07-13T09:00:02.858+0000] {logging_mixin.py:149} INFO - Page 1 started
[2023-07-13T09:00:02.861+0000] {logging_mixin.py:149} INFO - Page 1 done
[2023-07-13T09:00:02.861+0000] {logging_mixin.py:149} INFO - Status_code = 200
[2023-07-13T09:00:03.035+0000] {logging_mixin.py:149} INFO - Page 2 started
[2023-07-13T09:00:03.039+0000] {logging_mixin.py:149} INFO - Page 2 done
[2023-07-13T09:00:03.039+0000] {logging_mixin.py:149} INFO - Status_code = 200
[2023-07-13T09:00:03.207+0000] {logging_mixin.py:149} INFO - Page 3 started
[2023-07-13T09:00:03.212+0000] {logging_mixin.py:149} INFO - Page 3 done
[2023-07-13T09:00:03.212+0000] {logging_mixin.py:149} INFO - Status_code = 200
[2023-07-13T09:00:03.380+0000] {logging_mixin.py:149} INFO - Page 4 started
[2023-07-13T09:00:03.382+0000] {logging_mixin.py:149} INFO - Page 4 done
[2023-07-13T09:00:03.382+0000] {logging_mixin.py:149} INFO - Status_code = 200
[2023-07-13T09:00:03.557+0000] {logging_mixin.py:149} INFO - Deleted file: /opt/***/processed_data/raw/sales/2022-08-09
[2023-07-13T09:00:03.557+0000] {logging_mixin.py:149} INFO - Cleanup complete for folder: /opt/***/processed_data/raw/sales/2022-08-09
[2023-07-13T09:00:03.562+0000] {python.py:183} INFO - Done. Returned value was: None
[2023-07-13T09:00:03.573+0000] {taskinstance.py:1350} INFO - Marking task as SUCCESS. dag_id=process_sales_11, task_id=extract_data_from_api, execution_date=20230713T085959, start_date=20230713T090001, end_date=20230713T090003
[2023-07-13T09:00:03.626+0000] {local_task_job_runner.py:225} INFO - Task exited with return code 0
[2023-07-13T09:00:03.648+0000] {taskinstance.py:2653} INFO - 1 downstream tasks scheduled from follow-on schedule check
