[2023-07-13T13:57:27.837+0000] {taskinstance.py:1103} INFO - Dependencies all met for dep_context=non-requeueable deps ti=<TaskInstance: process_sales_13.extract_data_from_api scheduled__2023-07-10T01:00:00+00:00 [queued]>
[2023-07-13T13:57:27.850+0000] {taskinstance.py:1103} INFO - Dependencies all met for dep_context=requeueable deps ti=<TaskInstance: process_sales_13.extract_data_from_api scheduled__2023-07-10T01:00:00+00:00 [queued]>
[2023-07-13T13:57:27.851+0000] {taskinstance.py:1308} INFO - Starting attempt 1 of 1
[2023-07-13T13:57:27.869+0000] {taskinstance.py:1327} INFO - Executing <Task(PythonOperator): extract_data_from_api> on 2023-07-10 01:00:00+00:00
[2023-07-13T13:57:27.875+0000] {standard_task_runner.py:57} INFO - Started process 5262 to run task
[2023-07-13T13:57:27.879+0000] {standard_task_runner.py:84} INFO - Running: ['***', 'tasks', 'run', 'process_sales_13', 'extract_data_from_api', 'scheduled__2023-07-10T01:00:00+00:00', '--job-id', '211', '--raw', '--subdir', 'DAGS_FOLDER/process_sales_13.py', '--cfg-path', '/tmp/tmp8n6w6x4w']
[2023-07-13T13:57:27.880+0000] {standard_task_runner.py:85} INFO - Job 211: Subtask extract_data_from_api
[2023-07-13T13:57:27.942+0000] {task_command.py:410} INFO - Running <TaskInstance: process_sales_13.extract_data_from_api scheduled__2023-07-10T01:00:00+00:00 [running]> on host b58a2d5f4d18
[2023-07-13T13:57:28.053+0000] {taskinstance.py:1547} INFO - Exporting env vars: AIRFLOW_CTX_DAG_OWNER='***' AIRFLOW_CTX_DAG_ID='process_sales_13' AIRFLOW_CTX_TASK_ID='extract_data_from_api' AIRFLOW_CTX_EXECUTION_DATE='2023-07-10T01:00:00+00:00' AIRFLOW_CTX_TRY_NUMBER='1' AIRFLOW_CTX_DAG_RUN_ID='scheduled__2023-07-10T01:00:00+00:00'
[2023-07-13T13:57:28.318+0000] {logging_mixin.py:149} INFO - Page 1 started
[2023-07-13T13:57:28.323+0000] {logging_mixin.py:149} INFO - Page 1 done
[2023-07-13T13:57:28.323+0000] {logging_mixin.py:149} INFO - Status_code = 200
[2023-07-13T13:57:28.511+0000] {logging_mixin.py:149} INFO - Page 2 started
[2023-07-13T13:57:28.513+0000] {logging_mixin.py:149} INFO - Page 2 done
[2023-07-13T13:57:28.513+0000] {logging_mixin.py:149} INFO - Status_code = 200
[2023-07-13T13:57:28.676+0000] {logging_mixin.py:149} INFO - Page 3 started
[2023-07-13T13:57:28.680+0000] {logging_mixin.py:149} INFO - Page 3 done
[2023-07-13T13:57:28.681+0000] {logging_mixin.py:149} INFO - Status_code = 200
[2023-07-13T13:57:28.860+0000] {logging_mixin.py:149} INFO - Page 4 started
[2023-07-13T13:57:28.860+0000] {logging_mixin.py:149} INFO - Page 4 done
[2023-07-13T13:57:28.861+0000] {logging_mixin.py:149} INFO - Status_code = 200
[2023-07-13T13:57:29.263+0000] {logging_mixin.py:149} INFO - Page 1 started
[2023-07-13T13:57:29.264+0000] {logging_mixin.py:149} INFO - Page 1 done
[2023-07-13T13:57:29.264+0000] {logging_mixin.py:149} INFO - Status_code = 200
[2023-07-13T13:57:29.428+0000] {logging_mixin.py:149} INFO - Page 2 started
[2023-07-13T13:57:29.449+0000] {logging_mixin.py:149} INFO - Page 2 done
[2023-07-13T13:57:29.450+0000] {logging_mixin.py:149} INFO - Status_code = 200
[2023-07-13T13:57:29.610+0000] {logging_mixin.py:149} INFO - Page 3 started
[2023-07-13T13:57:29.613+0000] {logging_mixin.py:149} INFO - Page 3 done
[2023-07-13T13:57:29.613+0000] {logging_mixin.py:149} INFO - Status_code = 200
[2023-07-13T13:57:29.775+0000] {logging_mixin.py:149} INFO - Page 4 started
[2023-07-13T13:57:29.777+0000] {logging_mixin.py:149} INFO - Page 4 done
[2023-07-13T13:57:29.778+0000] {logging_mixin.py:149} INFO - Status_code = 200
[2023-07-13T13:57:30.192+0000] {logging_mixin.py:149} INFO - Page 1 started
[2023-07-13T13:57:30.193+0000] {logging_mixin.py:149} INFO - Page 1 done
[2023-07-13T13:57:30.193+0000] {logging_mixin.py:149} INFO - Status_code = 200
[2023-07-13T13:57:30.356+0000] {logging_mixin.py:149} INFO - Page 2 started
[2023-07-13T13:57:30.362+0000] {logging_mixin.py:149} INFO - Page 2 done
[2023-07-13T13:57:30.362+0000] {logging_mixin.py:149} INFO - Status_code = 200
[2023-07-13T13:57:30.526+0000] {logging_mixin.py:149} INFO - Page 3 started
[2023-07-13T13:57:30.531+0000] {logging_mixin.py:149} INFO - Page 3 done
[2023-07-13T13:57:30.532+0000] {logging_mixin.py:149} INFO - Status_code = 200
[2023-07-13T13:57:30.692+0000] {logging_mixin.py:149} INFO - Page 4 started
[2023-07-13T13:57:30.693+0000] {logging_mixin.py:149} INFO - Page 4 done
[2023-07-13T13:57:30.694+0000] {logging_mixin.py:149} INFO - Status_code = 200
[2023-07-13T13:57:30.863+0000] {python.py:183} INFO - Done. Returned value was: None
[2023-07-13T13:57:30.872+0000] {taskinstance.py:1350} INFO - Marking task as SUCCESS. dag_id=process_sales_13, task_id=extract_data_from_api, execution_date=20230710T010000, start_date=20230713T135727, end_date=20230713T135730
[2023-07-13T13:57:30.906+0000] {local_task_job_runner.py:225} INFO - Task exited with return code 0
[2023-07-13T13:57:30.926+0000] {taskinstance.py:2653} INFO - 1 downstream tasks scheduled from follow-on schedule check
