[2023-07-13T13:00:27.344+0000] {taskinstance.py:1103} INFO - Dependencies all met for dep_context=non-requeueable deps ti=<TaskInstance: process_sales_13.extract_data_from_api manual__2023-07-13T13:00:26.025362+00:00 [queued]>
[2023-07-13T13:00:27.353+0000] {taskinstance.py:1103} INFO - Dependencies all met for dep_context=requeueable deps ti=<TaskInstance: process_sales_13.extract_data_from_api manual__2023-07-13T13:00:26.025362+00:00 [queued]>
[2023-07-13T13:00:27.353+0000] {taskinstance.py:1308} INFO - Starting attempt 1 of 1
[2023-07-13T13:00:27.367+0000] {taskinstance.py:1327} INFO - Executing <Task(PythonOperator): extract_data_from_api> on 2023-07-13 13:00:26.025362+00:00
[2023-07-13T13:00:27.372+0000] {standard_task_runner.py:57} INFO - Started process 4161 to run task
[2023-07-13T13:00:27.375+0000] {standard_task_runner.py:84} INFO - Running: ['***', 'tasks', 'run', 'process_sales_13', 'extract_data_from_api', 'manual__2023-07-13T13:00:26.025362+00:00', '--job-id', '183', '--raw', '--subdir', 'DAGS_FOLDER/process_sales_13.py', '--cfg-path', '/tmp/tmpsifsmh9z']
[2023-07-13T13:00:27.377+0000] {standard_task_runner.py:85} INFO - Job 183: Subtask extract_data_from_api
[2023-07-13T13:00:27.423+0000] {task_command.py:410} INFO - Running <TaskInstance: process_sales_13.extract_data_from_api manual__2023-07-13T13:00:26.025362+00:00 [running]> on host b58a2d5f4d18
[2023-07-13T13:00:27.508+0000] {taskinstance.py:1547} INFO - Exporting env vars: AIRFLOW_CTX_DAG_OWNER='***' AIRFLOW_CTX_DAG_ID='process_sales_13' AIRFLOW_CTX_TASK_ID='extract_data_from_api' AIRFLOW_CTX_EXECUTION_DATE='2023-07-13T13:00:26.025362+00:00' AIRFLOW_CTX_TRY_NUMBER='1' AIRFLOW_CTX_DAG_RUN_ID='manual__2023-07-13T13:00:26.025362+00:00'
[2023-07-13T13:00:27.512+0000] {logging_mixin.py:149} INFO - 	I'm in get_sales(...) function!
[2023-07-13T13:00:27.767+0000] {logging_mixin.py:149} INFO - Page 1 started
[2023-07-13T13:00:27.770+0000] {logging_mixin.py:149} INFO - Page 1 done
[2023-07-13T13:00:27.770+0000] {logging_mixin.py:149} INFO - Status_code = 200
[2023-07-13T13:00:27.932+0000] {logging_mixin.py:149} INFO - Page 2 started
[2023-07-13T13:00:27.938+0000] {logging_mixin.py:149} INFO - Page 2 done
[2023-07-13T13:00:27.940+0000] {logging_mixin.py:149} INFO - Status_code = 200
[2023-07-13T13:00:28.120+0000] {logging_mixin.py:149} INFO - Page 3 started
[2023-07-13T13:00:28.121+0000] {logging_mixin.py:149} INFO - Page 3 done
[2023-07-13T13:00:28.121+0000] {logging_mixin.py:149} INFO - Status_code = 200
[2023-07-13T13:00:28.303+0000] {logging_mixin.py:149} INFO - Page 4 started
[2023-07-13T13:00:28.305+0000] {logging_mixin.py:149} INFO - Page 4 done
[2023-07-13T13:00:28.306+0000] {logging_mixin.py:149} INFO - Status_code = 200
[2023-07-13T13:00:28.472+0000] {logging_mixin.py:149} INFO - Cleanup complete for folder: /opt/***/processed_data/raw/sales
[2023-07-13T13:00:28.476+0000] {python.py:183} INFO - Done. Returned value was: None
[2023-07-13T13:00:28.485+0000] {taskinstance.py:1350} INFO - Marking task as SUCCESS. dag_id=process_sales_13, task_id=extract_data_from_api, execution_date=20230713T130026, start_date=20230713T130027, end_date=20230713T130028
[2023-07-13T13:00:28.513+0000] {local_task_job_runner.py:225} INFO - Task exited with return code 0
[2023-07-13T13:00:28.534+0000] {taskinstance.py:2653} INFO - 1 downstream tasks scheduled from follow-on schedule check
