[2023-07-09T19:06:50.497+0000] {processor.py:157} INFO - Started process (PID=778) to work on /home/airflow/.local/lib/python3.7/site-packages/airflow/example_dags/example_xcom.py
[2023-07-09T19:06:50.498+0000] {processor.py:826} INFO - Processing file /home/airflow/.local/lib/python3.7/site-packages/airflow/example_dags/example_xcom.py for tasks to queue
[2023-07-09T19:06:50.499+0000] {logging_mixin.py:149} INFO - [2023-07-09T19:06:50.499+0000] {dagbag.py:541} INFO - Filling up the DagBag from /home/airflow/.local/lib/python3.7/site-packages/airflow/example_dags/example_xcom.py
[2023-07-09T19:06:50.506+0000] {processor.py:836} INFO - DAG(s) dict_keys(['example_xcom']) retrieved from /home/airflow/.local/lib/python3.7/site-packages/airflow/example_dags/example_xcom.py
[2023-07-09T19:06:50.530+0000] {logging_mixin.py:149} INFO - [2023-07-09T19:06:50.529+0000] {dag.py:2726} INFO - Sync 1 DAGs
[2023-07-09T19:06:50.554+0000] {logging_mixin.py:149} INFO - [2023-07-09T19:06:50.554+0000] {dag.py:3490} INFO - Setting next_dagrun for example_xcom to 2021-01-01T00:00:00+00:00, run_after=2021-01-01T00:00:00+00:00
[2023-07-09T19:06:50.577+0000] {processor.py:179} INFO - Processing /home/airflow/.local/lib/python3.7/site-packages/airflow/example_dags/example_xcom.py took 0.083 seconds
[2023-07-09T19:07:20.764+0000] {processor.py:157} INFO - Started process (PID=839) to work on /home/airflow/.local/lib/python3.7/site-packages/airflow/example_dags/example_xcom.py
[2023-07-09T19:07:20.765+0000] {processor.py:826} INFO - Processing file /home/airflow/.local/lib/python3.7/site-packages/airflow/example_dags/example_xcom.py for tasks to queue
[2023-07-09T19:07:20.766+0000] {logging_mixin.py:149} INFO - [2023-07-09T19:07:20.766+0000] {dagbag.py:541} INFO - Filling up the DagBag from /home/airflow/.local/lib/python3.7/site-packages/airflow/example_dags/example_xcom.py
[2023-07-09T19:07:20.773+0000] {processor.py:836} INFO - DAG(s) dict_keys(['example_xcom']) retrieved from /home/airflow/.local/lib/python3.7/site-packages/airflow/example_dags/example_xcom.py
[2023-07-09T19:07:20.801+0000] {logging_mixin.py:149} INFO - [2023-07-09T19:07:20.801+0000] {dag.py:2726} INFO - Sync 1 DAGs
[2023-07-09T19:07:20.832+0000] {logging_mixin.py:149} INFO - [2023-07-09T19:07:20.832+0000] {dag.py:3490} INFO - Setting next_dagrun for example_xcom to 2021-01-01T00:00:00+00:00, run_after=2021-01-01T00:00:00+00:00
[2023-07-09T19:07:20.856+0000] {processor.py:179} INFO - Processing /home/airflow/.local/lib/python3.7/site-packages/airflow/example_dags/example_xcom.py took 0.096 seconds
[2023-07-09T19:07:51.094+0000] {processor.py:157} INFO - Started process (PID=900) to work on /home/airflow/.local/lib/python3.7/site-packages/airflow/example_dags/example_xcom.py
[2023-07-09T19:07:51.095+0000] {processor.py:826} INFO - Processing file /home/airflow/.local/lib/python3.7/site-packages/airflow/example_dags/example_xcom.py for tasks to queue
[2023-07-09T19:07:51.096+0000] {logging_mixin.py:149} INFO - [2023-07-09T19:07:51.096+0000] {dagbag.py:541} INFO - Filling up the DagBag from /home/airflow/.local/lib/python3.7/site-packages/airflow/example_dags/example_xcom.py
[2023-07-09T19:07:51.103+0000] {processor.py:836} INFO - DAG(s) dict_keys(['example_xcom']) retrieved from /home/airflow/.local/lib/python3.7/site-packages/airflow/example_dags/example_xcom.py
[2023-07-09T19:07:51.127+0000] {logging_mixin.py:149} INFO - [2023-07-09T19:07:51.127+0000] {dag.py:2726} INFO - Sync 1 DAGs
[2023-07-09T19:07:51.153+0000] {logging_mixin.py:149} INFO - [2023-07-09T19:07:51.153+0000] {dag.py:3490} INFO - Setting next_dagrun for example_xcom to 2021-01-01T00:00:00+00:00, run_after=2021-01-01T00:00:00+00:00
[2023-07-09T19:07:51.175+0000] {processor.py:179} INFO - Processing /home/airflow/.local/lib/python3.7/site-packages/airflow/example_dags/example_xcom.py took 0.084 seconds
[2023-07-09T19:08:21.350+0000] {processor.py:157} INFO - Started process (PID=961) to work on /home/airflow/.local/lib/python3.7/site-packages/airflow/example_dags/example_xcom.py
[2023-07-09T19:08:21.351+0000] {processor.py:826} INFO - Processing file /home/airflow/.local/lib/python3.7/site-packages/airflow/example_dags/example_xcom.py for tasks to queue
[2023-07-09T19:08:21.352+0000] {logging_mixin.py:149} INFO - [2023-07-09T19:08:21.352+0000] {dagbag.py:541} INFO - Filling up the DagBag from /home/airflow/.local/lib/python3.7/site-packages/airflow/example_dags/example_xcom.py
[2023-07-09T19:08:21.359+0000] {processor.py:836} INFO - DAG(s) dict_keys(['example_xcom']) retrieved from /home/airflow/.local/lib/python3.7/site-packages/airflow/example_dags/example_xcom.py
[2023-07-09T19:08:21.372+0000] {logging_mixin.py:149} INFO - [2023-07-09T19:08:21.371+0000] {dag.py:2726} INFO - Sync 1 DAGs
[2023-07-09T19:08:21.397+0000] {logging_mixin.py:149} INFO - [2023-07-09T19:08:21.397+0000] {dag.py:3490} INFO - Setting next_dagrun for example_xcom to 2021-01-01T00:00:00+00:00, run_after=2021-01-01T00:00:00+00:00
[2023-07-09T19:08:21.418+0000] {processor.py:179} INFO - Processing /home/airflow/.local/lib/python3.7/site-packages/airflow/example_dags/example_xcom.py took 0.072 seconds
[2023-07-09T19:08:51.759+0000] {processor.py:157} INFO - Started process (PID=1022) to work on /home/airflow/.local/lib/python3.7/site-packages/airflow/example_dags/example_xcom.py
[2023-07-09T19:08:51.760+0000] {processor.py:826} INFO - Processing file /home/airflow/.local/lib/python3.7/site-packages/airflow/example_dags/example_xcom.py for tasks to queue
[2023-07-09T19:08:51.761+0000] {logging_mixin.py:149} INFO - [2023-07-09T19:08:51.761+0000] {dagbag.py:541} INFO - Filling up the DagBag from /home/airflow/.local/lib/python3.7/site-packages/airflow/example_dags/example_xcom.py
[2023-07-09T19:08:51.768+0000] {processor.py:836} INFO - DAG(s) dict_keys(['example_xcom']) retrieved from /home/airflow/.local/lib/python3.7/site-packages/airflow/example_dags/example_xcom.py
[2023-07-09T19:08:51.791+0000] {logging_mixin.py:149} INFO - [2023-07-09T19:08:51.791+0000] {dag.py:2726} INFO - Sync 1 DAGs
[2023-07-09T19:08:51.815+0000] {logging_mixin.py:149} INFO - [2023-07-09T19:08:51.815+0000] {dag.py:3490} INFO - Setting next_dagrun for example_xcom to 2021-01-01T00:00:00+00:00, run_after=2021-01-01T00:00:00+00:00
[2023-07-09T19:08:51.839+0000] {processor.py:179} INFO - Processing /home/airflow/.local/lib/python3.7/site-packages/airflow/example_dags/example_xcom.py took 0.083 seconds
[2023-07-09T19:09:22.586+0000] {processor.py:157} INFO - Started process (PID=1083) to work on /home/airflow/.local/lib/python3.7/site-packages/airflow/example_dags/example_xcom.py
[2023-07-09T19:09:22.587+0000] {processor.py:826} INFO - Processing file /home/airflow/.local/lib/python3.7/site-packages/airflow/example_dags/example_xcom.py for tasks to queue
[2023-07-09T19:09:22.588+0000] {logging_mixin.py:149} INFO - [2023-07-09T19:09:22.588+0000] {dagbag.py:541} INFO - Filling up the DagBag from /home/airflow/.local/lib/python3.7/site-packages/airflow/example_dags/example_xcom.py
[2023-07-09T19:09:22.595+0000] {processor.py:836} INFO - DAG(s) dict_keys(['example_xcom']) retrieved from /home/airflow/.local/lib/python3.7/site-packages/airflow/example_dags/example_xcom.py
[2023-07-09T19:09:22.608+0000] {logging_mixin.py:149} INFO - [2023-07-09T19:09:22.608+0000] {dag.py:2726} INFO - Sync 1 DAGs
[2023-07-09T19:09:22.634+0000] {logging_mixin.py:149} INFO - [2023-07-09T19:09:22.634+0000] {dag.py:3490} INFO - Setting next_dagrun for example_xcom to 2021-01-01T00:00:00+00:00, run_after=2021-01-01T00:00:00+00:00
[2023-07-09T19:09:22.656+0000] {processor.py:179} INFO - Processing /home/airflow/.local/lib/python3.7/site-packages/airflow/example_dags/example_xcom.py took 0.073 seconds
[2023-07-09T19:09:53.012+0000] {processor.py:157} INFO - Started process (PID=1144) to work on /home/airflow/.local/lib/python3.7/site-packages/airflow/example_dags/example_xcom.py
[2023-07-09T19:09:53.013+0000] {processor.py:826} INFO - Processing file /home/airflow/.local/lib/python3.7/site-packages/airflow/example_dags/example_xcom.py for tasks to queue
[2023-07-09T19:09:53.015+0000] {logging_mixin.py:149} INFO - [2023-07-09T19:09:53.014+0000] {dagbag.py:541} INFO - Filling up the DagBag from /home/airflow/.local/lib/python3.7/site-packages/airflow/example_dags/example_xcom.py
[2023-07-09T19:09:53.021+0000] {processor.py:836} INFO - DAG(s) dict_keys(['example_xcom']) retrieved from /home/airflow/.local/lib/python3.7/site-packages/airflow/example_dags/example_xcom.py
[2023-07-09T19:09:53.046+0000] {logging_mixin.py:149} INFO - [2023-07-09T19:09:53.046+0000] {dag.py:2726} INFO - Sync 1 DAGs
[2023-07-09T19:09:53.072+0000] {logging_mixin.py:149} INFO - [2023-07-09T19:09:53.072+0000] {dag.py:3490} INFO - Setting next_dagrun for example_xcom to 2021-01-01T00:00:00+00:00, run_after=2021-01-01T00:00:00+00:00
[2023-07-09T19:09:53.095+0000] {processor.py:179} INFO - Processing /home/airflow/.local/lib/python3.7/site-packages/airflow/example_dags/example_xcom.py took 0.085 seconds
[2023-07-09T19:10:23.287+0000] {processor.py:157} INFO - Started process (PID=1205) to work on /home/airflow/.local/lib/python3.7/site-packages/airflow/example_dags/example_xcom.py
[2023-07-09T19:10:23.289+0000] {processor.py:826} INFO - Processing file /home/airflow/.local/lib/python3.7/site-packages/airflow/example_dags/example_xcom.py for tasks to queue
[2023-07-09T19:10:23.290+0000] {logging_mixin.py:149} INFO - [2023-07-09T19:10:23.289+0000] {dagbag.py:541} INFO - Filling up the DagBag from /home/airflow/.local/lib/python3.7/site-packages/airflow/example_dags/example_xcom.py
[2023-07-09T19:10:23.296+0000] {processor.py:836} INFO - DAG(s) dict_keys(['example_xcom']) retrieved from /home/airflow/.local/lib/python3.7/site-packages/airflow/example_dags/example_xcom.py
[2023-07-09T19:10:23.322+0000] {logging_mixin.py:149} INFO - [2023-07-09T19:10:23.322+0000] {dag.py:2726} INFO - Sync 1 DAGs
[2023-07-09T19:10:23.347+0000] {logging_mixin.py:149} INFO - [2023-07-09T19:10:23.347+0000] {dag.py:3490} INFO - Setting next_dagrun for example_xcom to 2021-01-01T00:00:00+00:00, run_after=2021-01-01T00:00:00+00:00
[2023-07-09T19:10:23.372+0000] {processor.py:179} INFO - Processing /home/airflow/.local/lib/python3.7/site-packages/airflow/example_dags/example_xcom.py took 0.088 seconds
[2023-07-09T19:10:53.509+0000] {processor.py:157} INFO - Started process (PID=1266) to work on /home/airflow/.local/lib/python3.7/site-packages/airflow/example_dags/example_xcom.py
[2023-07-09T19:10:53.510+0000] {processor.py:826} INFO - Processing file /home/airflow/.local/lib/python3.7/site-packages/airflow/example_dags/example_xcom.py for tasks to queue
[2023-07-09T19:10:53.511+0000] {logging_mixin.py:149} INFO - [2023-07-09T19:10:53.511+0000] {dagbag.py:541} INFO - Filling up the DagBag from /home/airflow/.local/lib/python3.7/site-packages/airflow/example_dags/example_xcom.py
[2023-07-09T19:10:53.518+0000] {processor.py:836} INFO - DAG(s) dict_keys(['example_xcom']) retrieved from /home/airflow/.local/lib/python3.7/site-packages/airflow/example_dags/example_xcom.py
[2023-07-09T19:10:53.542+0000] {logging_mixin.py:149} INFO - [2023-07-09T19:10:53.542+0000] {dag.py:2726} INFO - Sync 1 DAGs
[2023-07-09T19:10:53.569+0000] {logging_mixin.py:149} INFO - [2023-07-09T19:10:53.569+0000] {dag.py:3490} INFO - Setting next_dagrun for example_xcom to 2021-01-01T00:00:00+00:00, run_after=2021-01-01T00:00:00+00:00
[2023-07-09T19:10:53.593+0000] {processor.py:179} INFO - Processing /home/airflow/.local/lib/python3.7/site-packages/airflow/example_dags/example_xcom.py took 0.087 seconds
[2023-07-09T19:11:23.779+0000] {processor.py:157} INFO - Started process (PID=1327) to work on /home/airflow/.local/lib/python3.7/site-packages/airflow/example_dags/example_xcom.py
[2023-07-09T19:11:23.780+0000] {processor.py:826} INFO - Processing file /home/airflow/.local/lib/python3.7/site-packages/airflow/example_dags/example_xcom.py for tasks to queue
[2023-07-09T19:11:23.781+0000] {logging_mixin.py:149} INFO - [2023-07-09T19:11:23.781+0000] {dagbag.py:541} INFO - Filling up the DagBag from /home/airflow/.local/lib/python3.7/site-packages/airflow/example_dags/example_xcom.py
[2023-07-09T19:11:23.788+0000] {processor.py:836} INFO - DAG(s) dict_keys(['example_xcom']) retrieved from /home/airflow/.local/lib/python3.7/site-packages/airflow/example_dags/example_xcom.py
[2023-07-09T19:11:23.813+0000] {logging_mixin.py:149} INFO - [2023-07-09T19:11:23.813+0000] {dag.py:2726} INFO - Sync 1 DAGs
[2023-07-09T19:11:23.837+0000] {logging_mixin.py:149} INFO - [2023-07-09T19:11:23.837+0000] {dag.py:3490} INFO - Setting next_dagrun for example_xcom to 2021-01-01T00:00:00+00:00, run_after=2021-01-01T00:00:00+00:00
[2023-07-09T19:11:23.862+0000] {processor.py:179} INFO - Processing /home/airflow/.local/lib/python3.7/site-packages/airflow/example_dags/example_xcom.py took 0.086 seconds
[2023-07-09T19:11:54.005+0000] {processor.py:157} INFO - Started process (PID=1388) to work on /home/airflow/.local/lib/python3.7/site-packages/airflow/example_dags/example_xcom.py
[2023-07-09T19:11:54.007+0000] {processor.py:826} INFO - Processing file /home/airflow/.local/lib/python3.7/site-packages/airflow/example_dags/example_xcom.py for tasks to queue
[2023-07-09T19:11:54.008+0000] {logging_mixin.py:149} INFO - [2023-07-09T19:11:54.007+0000] {dagbag.py:541} INFO - Filling up the DagBag from /home/airflow/.local/lib/python3.7/site-packages/airflow/example_dags/example_xcom.py
[2023-07-09T19:11:54.014+0000] {processor.py:836} INFO - DAG(s) dict_keys(['example_xcom']) retrieved from /home/airflow/.local/lib/python3.7/site-packages/airflow/example_dags/example_xcom.py
[2023-07-09T19:11:54.049+0000] {logging_mixin.py:149} INFO - [2023-07-09T19:11:54.049+0000] {dag.py:2726} INFO - Sync 1 DAGs
[2023-07-09T19:11:54.092+0000] {logging_mixin.py:149} INFO - [2023-07-09T19:11:54.092+0000] {dag.py:3490} INFO - Setting next_dagrun for example_xcom to 2021-01-01T00:00:00+00:00, run_after=2021-01-01T00:00:00+00:00
[2023-07-09T19:11:54.121+0000] {processor.py:179} INFO - Processing /home/airflow/.local/lib/python3.7/site-packages/airflow/example_dags/example_xcom.py took 0.119 seconds
[2023-07-09T19:12:24.189+0000] {processor.py:157} INFO - Started process (PID=1449) to work on /home/airflow/.local/lib/python3.7/site-packages/airflow/example_dags/example_xcom.py
[2023-07-09T19:12:24.191+0000] {processor.py:826} INFO - Processing file /home/airflow/.local/lib/python3.7/site-packages/airflow/example_dags/example_xcom.py for tasks to queue
[2023-07-09T19:12:24.192+0000] {logging_mixin.py:149} INFO - [2023-07-09T19:12:24.192+0000] {dagbag.py:541} INFO - Filling up the DagBag from /home/airflow/.local/lib/python3.7/site-packages/airflow/example_dags/example_xcom.py
[2023-07-09T19:12:24.200+0000] {processor.py:836} INFO - DAG(s) dict_keys(['example_xcom']) retrieved from /home/airflow/.local/lib/python3.7/site-packages/airflow/example_dags/example_xcom.py
[2023-07-09T19:12:24.214+0000] {logging_mixin.py:149} INFO - [2023-07-09T19:12:24.213+0000] {dag.py:2726} INFO - Sync 1 DAGs
[2023-07-09T19:12:24.243+0000] {logging_mixin.py:149} INFO - [2023-07-09T19:12:24.243+0000] {dag.py:3490} INFO - Setting next_dagrun for example_xcom to 2021-01-01T00:00:00+00:00, run_after=2021-01-01T00:00:00+00:00
[2023-07-09T19:12:24.268+0000] {processor.py:179} INFO - Processing /home/airflow/.local/lib/python3.7/site-packages/airflow/example_dags/example_xcom.py took 0.081 seconds
[2023-07-09T19:12:55.038+0000] {processor.py:157} INFO - Started process (PID=1511) to work on /home/airflow/.local/lib/python3.7/site-packages/airflow/example_dags/example_xcom.py
[2023-07-09T19:12:55.039+0000] {processor.py:826} INFO - Processing file /home/airflow/.local/lib/python3.7/site-packages/airflow/example_dags/example_xcom.py for tasks to queue
[2023-07-09T19:12:55.039+0000] {logging_mixin.py:149} INFO - [2023-07-09T19:12:55.039+0000] {dagbag.py:541} INFO - Filling up the DagBag from /home/airflow/.local/lib/python3.7/site-packages/airflow/example_dags/example_xcom.py
[2023-07-09T19:12:55.047+0000] {processor.py:836} INFO - DAG(s) dict_keys(['example_xcom']) retrieved from /home/airflow/.local/lib/python3.7/site-packages/airflow/example_dags/example_xcom.py
[2023-07-09T19:12:55.071+0000] {logging_mixin.py:149} INFO - [2023-07-09T19:12:55.071+0000] {dag.py:2726} INFO - Sync 1 DAGs
[2023-07-09T19:12:55.096+0000] {logging_mixin.py:149} INFO - [2023-07-09T19:12:55.096+0000] {dag.py:3490} INFO - Setting next_dagrun for example_xcom to 2021-01-01T00:00:00+00:00, run_after=2021-01-01T00:00:00+00:00
[2023-07-09T19:12:55.122+0000] {processor.py:179} INFO - Processing /home/airflow/.local/lib/python3.7/site-packages/airflow/example_dags/example_xcom.py took 0.088 seconds
[2023-07-09T19:13:25.277+0000] {processor.py:157} INFO - Started process (PID=1573) to work on /home/airflow/.local/lib/python3.7/site-packages/airflow/example_dags/example_xcom.py
[2023-07-09T19:13:25.278+0000] {processor.py:826} INFO - Processing file /home/airflow/.local/lib/python3.7/site-packages/airflow/example_dags/example_xcom.py for tasks to queue
[2023-07-09T19:13:25.279+0000] {logging_mixin.py:149} INFO - [2023-07-09T19:13:25.279+0000] {dagbag.py:541} INFO - Filling up the DagBag from /home/airflow/.local/lib/python3.7/site-packages/airflow/example_dags/example_xcom.py
[2023-07-09T19:13:25.285+0000] {processor.py:836} INFO - DAG(s) dict_keys(['example_xcom']) retrieved from /home/airflow/.local/lib/python3.7/site-packages/airflow/example_dags/example_xcom.py
[2023-07-09T19:13:25.309+0000] {logging_mixin.py:149} INFO - [2023-07-09T19:13:25.309+0000] {dag.py:2726} INFO - Sync 1 DAGs
[2023-07-09T19:13:25.336+0000] {logging_mixin.py:149} INFO - [2023-07-09T19:13:25.336+0000] {dag.py:3490} INFO - Setting next_dagrun for example_xcom to 2021-01-01T00:00:00+00:00, run_after=2021-01-01T00:00:00+00:00
[2023-07-09T19:13:25.363+0000] {processor.py:179} INFO - Processing /home/airflow/.local/lib/python3.7/site-packages/airflow/example_dags/example_xcom.py took 0.089 seconds
[2023-07-09T19:13:55.666+0000] {processor.py:157} INFO - Started process (PID=1634) to work on /home/airflow/.local/lib/python3.7/site-packages/airflow/example_dags/example_xcom.py
[2023-07-09T19:13:55.667+0000] {processor.py:826} INFO - Processing file /home/airflow/.local/lib/python3.7/site-packages/airflow/example_dags/example_xcom.py for tasks to queue
[2023-07-09T19:13:55.668+0000] {logging_mixin.py:149} INFO - [2023-07-09T19:13:55.668+0000] {dagbag.py:541} INFO - Filling up the DagBag from /home/airflow/.local/lib/python3.7/site-packages/airflow/example_dags/example_xcom.py
[2023-07-09T19:13:55.674+0000] {processor.py:836} INFO - DAG(s) dict_keys(['example_xcom']) retrieved from /home/airflow/.local/lib/python3.7/site-packages/airflow/example_dags/example_xcom.py
[2023-07-09T19:13:55.698+0000] {logging_mixin.py:149} INFO - [2023-07-09T19:13:55.698+0000] {dag.py:2726} INFO - Sync 1 DAGs
[2023-07-09T19:13:55.722+0000] {logging_mixin.py:149} INFO - [2023-07-09T19:13:55.721+0000] {dag.py:3490} INFO - Setting next_dagrun for example_xcom to 2021-01-01T00:00:00+00:00, run_after=2021-01-01T00:00:00+00:00
[2023-07-09T19:13:55.745+0000] {processor.py:179} INFO - Processing /home/airflow/.local/lib/python3.7/site-packages/airflow/example_dags/example_xcom.py took 0.082 seconds
[2023-07-09T19:14:25.944+0000] {processor.py:157} INFO - Started process (PID=1695) to work on /home/airflow/.local/lib/python3.7/site-packages/airflow/example_dags/example_xcom.py
[2023-07-09T19:14:25.945+0000] {processor.py:826} INFO - Processing file /home/airflow/.local/lib/python3.7/site-packages/airflow/example_dags/example_xcom.py for tasks to queue
[2023-07-09T19:14:25.945+0000] {logging_mixin.py:149} INFO - [2023-07-09T19:14:25.945+0000] {dagbag.py:541} INFO - Filling up the DagBag from /home/airflow/.local/lib/python3.7/site-packages/airflow/example_dags/example_xcom.py
[2023-07-09T19:14:25.953+0000] {processor.py:836} INFO - DAG(s) dict_keys(['example_xcom']) retrieved from /home/airflow/.local/lib/python3.7/site-packages/airflow/example_dags/example_xcom.py
[2023-07-09T19:14:25.977+0000] {logging_mixin.py:149} INFO - [2023-07-09T19:14:25.977+0000] {dag.py:2726} INFO - Sync 1 DAGs
[2023-07-09T19:14:26.000+0000] {logging_mixin.py:149} INFO - [2023-07-09T19:14:26.000+0000] {dag.py:3490} INFO - Setting next_dagrun for example_xcom to 2021-01-01T00:00:00+00:00, run_after=2021-01-01T00:00:00+00:00
[2023-07-09T19:14:26.024+0000] {processor.py:179} INFO - Processing /home/airflow/.local/lib/python3.7/site-packages/airflow/example_dags/example_xcom.py took 0.083 seconds
[2023-07-09T19:14:56.103+0000] {processor.py:157} INFO - Started process (PID=1756) to work on /home/airflow/.local/lib/python3.7/site-packages/airflow/example_dags/example_xcom.py
[2023-07-09T19:14:56.104+0000] {processor.py:826} INFO - Processing file /home/airflow/.local/lib/python3.7/site-packages/airflow/example_dags/example_xcom.py for tasks to queue
[2023-07-09T19:14:56.105+0000] {logging_mixin.py:149} INFO - [2023-07-09T19:14:56.105+0000] {dagbag.py:541} INFO - Filling up the DagBag from /home/airflow/.local/lib/python3.7/site-packages/airflow/example_dags/example_xcom.py
[2023-07-09T19:14:56.112+0000] {processor.py:836} INFO - DAG(s) dict_keys(['example_xcom']) retrieved from /home/airflow/.local/lib/python3.7/site-packages/airflow/example_dags/example_xcom.py
[2023-07-09T19:14:56.135+0000] {logging_mixin.py:149} INFO - [2023-07-09T19:14:56.135+0000] {dag.py:2726} INFO - Sync 1 DAGs
[2023-07-09T19:14:56.157+0000] {logging_mixin.py:149} INFO - [2023-07-09T19:14:56.156+0000] {dag.py:3490} INFO - Setting next_dagrun for example_xcom to 2021-01-01T00:00:00+00:00, run_after=2021-01-01T00:00:00+00:00
[2023-07-09T19:14:56.176+0000] {processor.py:179} INFO - Processing /home/airflow/.local/lib/python3.7/site-packages/airflow/example_dags/example_xcom.py took 0.076 seconds
[2023-07-09T19:15:26.966+0000] {processor.py:157} INFO - Started process (PID=1817) to work on /home/airflow/.local/lib/python3.7/site-packages/airflow/example_dags/example_xcom.py
[2023-07-09T19:15:26.967+0000] {processor.py:826} INFO - Processing file /home/airflow/.local/lib/python3.7/site-packages/airflow/example_dags/example_xcom.py for tasks to queue
[2023-07-09T19:15:26.968+0000] {logging_mixin.py:149} INFO - [2023-07-09T19:15:26.968+0000] {dagbag.py:541} INFO - Filling up the DagBag from /home/airflow/.local/lib/python3.7/site-packages/airflow/example_dags/example_xcom.py
[2023-07-09T19:15:26.976+0000] {processor.py:836} INFO - DAG(s) dict_keys(['example_xcom']) retrieved from /home/airflow/.local/lib/python3.7/site-packages/airflow/example_dags/example_xcom.py
[2023-07-09T19:15:26.998+0000] {logging_mixin.py:149} INFO - [2023-07-09T19:15:26.998+0000] {dag.py:2726} INFO - Sync 1 DAGs
[2023-07-09T19:15:27.022+0000] {logging_mixin.py:149} INFO - [2023-07-09T19:15:27.022+0000] {dag.py:3490} INFO - Setting next_dagrun for example_xcom to 2021-01-01T00:00:00+00:00, run_after=2021-01-01T00:00:00+00:00
[2023-07-09T19:15:27.044+0000] {processor.py:179} INFO - Processing /home/airflow/.local/lib/python3.7/site-packages/airflow/example_dags/example_xcom.py took 0.081 seconds
[2023-07-09T19:15:57.274+0000] {processor.py:157} INFO - Started process (PID=1879) to work on /home/airflow/.local/lib/python3.7/site-packages/airflow/example_dags/example_xcom.py
[2023-07-09T19:15:57.275+0000] {processor.py:826} INFO - Processing file /home/airflow/.local/lib/python3.7/site-packages/airflow/example_dags/example_xcom.py for tasks to queue
[2023-07-09T19:15:57.276+0000] {logging_mixin.py:149} INFO - [2023-07-09T19:15:57.276+0000] {dagbag.py:541} INFO - Filling up the DagBag from /home/airflow/.local/lib/python3.7/site-packages/airflow/example_dags/example_xcom.py
[2023-07-09T19:15:57.282+0000] {processor.py:836} INFO - DAG(s) dict_keys(['example_xcom']) retrieved from /home/airflow/.local/lib/python3.7/site-packages/airflow/example_dags/example_xcom.py
[2023-07-09T19:15:57.306+0000] {logging_mixin.py:149} INFO - [2023-07-09T19:15:57.306+0000] {dag.py:2726} INFO - Sync 1 DAGs
[2023-07-09T19:15:57.331+0000] {logging_mixin.py:149} INFO - [2023-07-09T19:15:57.331+0000] {dag.py:3490} INFO - Setting next_dagrun for example_xcom to 2021-01-01T00:00:00+00:00, run_after=2021-01-01T00:00:00+00:00
[2023-07-09T19:15:57.354+0000] {processor.py:179} INFO - Processing /home/airflow/.local/lib/python3.7/site-packages/airflow/example_dags/example_xcom.py took 0.082 seconds
[2023-07-09T19:16:27.473+0000] {processor.py:157} INFO - Started process (PID=1942) to work on /home/airflow/.local/lib/python3.7/site-packages/airflow/example_dags/example_xcom.py
[2023-07-09T19:16:27.474+0000] {processor.py:826} INFO - Processing file /home/airflow/.local/lib/python3.7/site-packages/airflow/example_dags/example_xcom.py for tasks to queue
[2023-07-09T19:16:27.475+0000] {logging_mixin.py:149} INFO - [2023-07-09T19:16:27.475+0000] {dagbag.py:541} INFO - Filling up the DagBag from /home/airflow/.local/lib/python3.7/site-packages/airflow/example_dags/example_xcom.py
[2023-07-09T19:16:27.481+0000] {processor.py:836} INFO - DAG(s) dict_keys(['example_xcom']) retrieved from /home/airflow/.local/lib/python3.7/site-packages/airflow/example_dags/example_xcom.py
[2023-07-09T19:16:27.505+0000] {logging_mixin.py:149} INFO - [2023-07-09T19:16:27.505+0000] {dag.py:2726} INFO - Sync 1 DAGs
[2023-07-09T19:16:27.530+0000] {logging_mixin.py:149} INFO - [2023-07-09T19:16:27.529+0000] {dag.py:3490} INFO - Setting next_dagrun for example_xcom to 2021-01-01T00:00:00+00:00, run_after=2021-01-01T00:00:00+00:00
[2023-07-09T19:16:27.552+0000] {processor.py:179} INFO - Processing /home/airflow/.local/lib/python3.7/site-packages/airflow/example_dags/example_xcom.py took 0.082 seconds
[2023-07-09T19:16:57.611+0000] {processor.py:157} INFO - Started process (PID=2004) to work on /home/airflow/.local/lib/python3.7/site-packages/airflow/example_dags/example_xcom.py
[2023-07-09T19:16:57.612+0000] {processor.py:826} INFO - Processing file /home/airflow/.local/lib/python3.7/site-packages/airflow/example_dags/example_xcom.py for tasks to queue
[2023-07-09T19:16:57.613+0000] {logging_mixin.py:149} INFO - [2023-07-09T19:16:57.613+0000] {dagbag.py:541} INFO - Filling up the DagBag from /home/airflow/.local/lib/python3.7/site-packages/airflow/example_dags/example_xcom.py
[2023-07-09T19:16:57.619+0000] {processor.py:836} INFO - DAG(s) dict_keys(['example_xcom']) retrieved from /home/airflow/.local/lib/python3.7/site-packages/airflow/example_dags/example_xcom.py
[2023-07-09T19:16:57.643+0000] {logging_mixin.py:149} INFO - [2023-07-09T19:16:57.642+0000] {dag.py:2726} INFO - Sync 1 DAGs
[2023-07-09T19:16:57.666+0000] {logging_mixin.py:149} INFO - [2023-07-09T19:16:57.666+0000] {dag.py:3490} INFO - Setting next_dagrun for example_xcom to 2021-01-01T00:00:00+00:00, run_after=2021-01-01T00:00:00+00:00
[2023-07-09T19:16:57.686+0000] {processor.py:179} INFO - Processing /home/airflow/.local/lib/python3.7/site-packages/airflow/example_dags/example_xcom.py took 0.077 seconds
[2023-07-09T19:17:27.737+0000] {processor.py:157} INFO - Started process (PID=2065) to work on /home/airflow/.local/lib/python3.7/site-packages/airflow/example_dags/example_xcom.py
[2023-07-09T19:17:27.738+0000] {processor.py:826} INFO - Processing file /home/airflow/.local/lib/python3.7/site-packages/airflow/example_dags/example_xcom.py for tasks to queue
[2023-07-09T19:17:27.739+0000] {logging_mixin.py:149} INFO - [2023-07-09T19:17:27.738+0000] {dagbag.py:541} INFO - Filling up the DagBag from /home/airflow/.local/lib/python3.7/site-packages/airflow/example_dags/example_xcom.py
[2023-07-09T19:17:27.745+0000] {processor.py:836} INFO - DAG(s) dict_keys(['example_xcom']) retrieved from /home/airflow/.local/lib/python3.7/site-packages/airflow/example_dags/example_xcom.py
[2023-07-09T19:17:27.770+0000] {logging_mixin.py:149} INFO - [2023-07-09T19:17:27.770+0000] {dag.py:2726} INFO - Sync 1 DAGs
[2023-07-09T19:17:27.797+0000] {logging_mixin.py:149} INFO - [2023-07-09T19:17:27.797+0000] {dag.py:3490} INFO - Setting next_dagrun for example_xcom to 2021-01-01T00:00:00+00:00, run_after=2021-01-01T00:00:00+00:00
[2023-07-09T19:17:27.820+0000] {processor.py:179} INFO - Processing /home/airflow/.local/lib/python3.7/site-packages/airflow/example_dags/example_xcom.py took 0.086 seconds
[2023-07-09T19:17:57.914+0000] {processor.py:157} INFO - Started process (PID=2127) to work on /home/airflow/.local/lib/python3.7/site-packages/airflow/example_dags/example_xcom.py
[2023-07-09T19:17:57.915+0000] {processor.py:826} INFO - Processing file /home/airflow/.local/lib/python3.7/site-packages/airflow/example_dags/example_xcom.py for tasks to queue
[2023-07-09T19:17:57.916+0000] {logging_mixin.py:149} INFO - [2023-07-09T19:17:57.916+0000] {dagbag.py:541} INFO - Filling up the DagBag from /home/airflow/.local/lib/python3.7/site-packages/airflow/example_dags/example_xcom.py
[2023-07-09T19:17:57.924+0000] {processor.py:836} INFO - DAG(s) dict_keys(['example_xcom']) retrieved from /home/airflow/.local/lib/python3.7/site-packages/airflow/example_dags/example_xcom.py
[2023-07-09T19:17:57.948+0000] {logging_mixin.py:149} INFO - [2023-07-09T19:17:57.948+0000] {dag.py:2726} INFO - Sync 1 DAGs
[2023-07-09T19:17:57.970+0000] {logging_mixin.py:149} INFO - [2023-07-09T19:17:57.969+0000] {dag.py:3490} INFO - Setting next_dagrun for example_xcom to 2021-01-01T00:00:00+00:00, run_after=2021-01-01T00:00:00+00:00
[2023-07-09T19:17:57.992+0000] {processor.py:179} INFO - Processing /home/airflow/.local/lib/python3.7/site-packages/airflow/example_dags/example_xcom.py took 0.081 seconds
[2023-07-09T19:18:28.053+0000] {processor.py:157} INFO - Started process (PID=2189) to work on /home/airflow/.local/lib/python3.7/site-packages/airflow/example_dags/example_xcom.py
[2023-07-09T19:18:28.054+0000] {processor.py:826} INFO - Processing file /home/airflow/.local/lib/python3.7/site-packages/airflow/example_dags/example_xcom.py for tasks to queue
[2023-07-09T19:18:28.055+0000] {logging_mixin.py:149} INFO - [2023-07-09T19:18:28.055+0000] {dagbag.py:541} INFO - Filling up the DagBag from /home/airflow/.local/lib/python3.7/site-packages/airflow/example_dags/example_xcom.py
[2023-07-09T19:18:28.063+0000] {processor.py:836} INFO - DAG(s) dict_keys(['example_xcom']) retrieved from /home/airflow/.local/lib/python3.7/site-packages/airflow/example_dags/example_xcom.py
[2023-07-09T19:18:28.095+0000] {logging_mixin.py:149} INFO - [2023-07-09T19:18:28.095+0000] {dag.py:2726} INFO - Sync 1 DAGs
[2023-07-09T19:18:28.124+0000] {logging_mixin.py:149} INFO - [2023-07-09T19:18:28.124+0000] {dag.py:3490} INFO - Setting next_dagrun for example_xcom to 2021-01-01T00:00:00+00:00, run_after=2021-01-01T00:00:00+00:00
[2023-07-09T19:18:28.146+0000] {processor.py:179} INFO - Processing /home/airflow/.local/lib/python3.7/site-packages/airflow/example_dags/example_xcom.py took 0.097 seconds
[2023-07-09T19:18:58.449+0000] {processor.py:157} INFO - Started process (PID=2251) to work on /home/airflow/.local/lib/python3.7/site-packages/airflow/example_dags/example_xcom.py
[2023-07-09T19:18:58.450+0000] {processor.py:826} INFO - Processing file /home/airflow/.local/lib/python3.7/site-packages/airflow/example_dags/example_xcom.py for tasks to queue
[2023-07-09T19:18:58.451+0000] {logging_mixin.py:149} INFO - [2023-07-09T19:18:58.451+0000] {dagbag.py:541} INFO - Filling up the DagBag from /home/airflow/.local/lib/python3.7/site-packages/airflow/example_dags/example_xcom.py
[2023-07-09T19:18:58.457+0000] {processor.py:836} INFO - DAG(s) dict_keys(['example_xcom']) retrieved from /home/airflow/.local/lib/python3.7/site-packages/airflow/example_dags/example_xcom.py
[2023-07-09T19:18:58.483+0000] {logging_mixin.py:149} INFO - [2023-07-09T19:18:58.483+0000] {dag.py:2726} INFO - Sync 1 DAGs
[2023-07-09T19:18:58.510+0000] {logging_mixin.py:149} INFO - [2023-07-09T19:18:58.510+0000] {dag.py:3490} INFO - Setting next_dagrun for example_xcom to 2021-01-01T00:00:00+00:00, run_after=2021-01-01T00:00:00+00:00
[2023-07-09T19:18:58.537+0000] {processor.py:179} INFO - Processing /home/airflow/.local/lib/python3.7/site-packages/airflow/example_dags/example_xcom.py took 0.090 seconds
[2023-07-09T19:19:28.634+0000] {processor.py:157} INFO - Started process (PID=2313) to work on /home/airflow/.local/lib/python3.7/site-packages/airflow/example_dags/example_xcom.py
[2023-07-09T19:19:28.635+0000] {processor.py:826} INFO - Processing file /home/airflow/.local/lib/python3.7/site-packages/airflow/example_dags/example_xcom.py for tasks to queue
[2023-07-09T19:19:28.635+0000] {logging_mixin.py:149} INFO - [2023-07-09T19:19:28.635+0000] {dagbag.py:541} INFO - Filling up the DagBag from /home/airflow/.local/lib/python3.7/site-packages/airflow/example_dags/example_xcom.py
[2023-07-09T19:19:28.642+0000] {processor.py:836} INFO - DAG(s) dict_keys(['example_xcom']) retrieved from /home/airflow/.local/lib/python3.7/site-packages/airflow/example_dags/example_xcom.py
[2023-07-09T19:19:28.666+0000] {logging_mixin.py:149} INFO - [2023-07-09T19:19:28.666+0000] {dag.py:2726} INFO - Sync 1 DAGs
[2023-07-09T19:19:28.693+0000] {logging_mixin.py:149} INFO - [2023-07-09T19:19:28.692+0000] {dag.py:3490} INFO - Setting next_dagrun for example_xcom to 2021-01-01T00:00:00+00:00, run_after=2021-01-01T00:00:00+00:00
[2023-07-09T19:19:28.723+0000] {processor.py:179} INFO - Processing /home/airflow/.local/lib/python3.7/site-packages/airflow/example_dags/example_xcom.py took 0.092 seconds
[2023-07-09T19:19:58.898+0000] {processor.py:157} INFO - Started process (PID=2375) to work on /home/airflow/.local/lib/python3.7/site-packages/airflow/example_dags/example_xcom.py
[2023-07-09T19:19:58.899+0000] {processor.py:826} INFO - Processing file /home/airflow/.local/lib/python3.7/site-packages/airflow/example_dags/example_xcom.py for tasks to queue
[2023-07-09T19:19:58.900+0000] {logging_mixin.py:149} INFO - [2023-07-09T19:19:58.900+0000] {dagbag.py:541} INFO - Filling up the DagBag from /home/airflow/.local/lib/python3.7/site-packages/airflow/example_dags/example_xcom.py
[2023-07-09T19:19:58.906+0000] {processor.py:836} INFO - DAG(s) dict_keys(['example_xcom']) retrieved from /home/airflow/.local/lib/python3.7/site-packages/airflow/example_dags/example_xcom.py
[2023-07-09T19:19:58.930+0000] {logging_mixin.py:149} INFO - [2023-07-09T19:19:58.930+0000] {dag.py:2726} INFO - Sync 1 DAGs
[2023-07-09T19:19:58.952+0000] {logging_mixin.py:149} INFO - [2023-07-09T19:19:58.952+0000] {dag.py:3490} INFO - Setting next_dagrun for example_xcom to 2021-01-01T00:00:00+00:00, run_after=2021-01-01T00:00:00+00:00
[2023-07-09T19:19:58.978+0000] {processor.py:179} INFO - Processing /home/airflow/.local/lib/python3.7/site-packages/airflow/example_dags/example_xcom.py took 0.082 seconds
[2023-07-09T19:20:29.169+0000] {processor.py:157} INFO - Started process (PID=2437) to work on /home/airflow/.local/lib/python3.7/site-packages/airflow/example_dags/example_xcom.py
[2023-07-09T19:20:29.170+0000] {processor.py:826} INFO - Processing file /home/airflow/.local/lib/python3.7/site-packages/airflow/example_dags/example_xcom.py for tasks to queue
[2023-07-09T19:20:29.171+0000] {logging_mixin.py:149} INFO - [2023-07-09T19:20:29.170+0000] {dagbag.py:541} INFO - Filling up the DagBag from /home/airflow/.local/lib/python3.7/site-packages/airflow/example_dags/example_xcom.py
[2023-07-09T19:20:29.179+0000] {processor.py:836} INFO - DAG(s) dict_keys(['example_xcom']) retrieved from /home/airflow/.local/lib/python3.7/site-packages/airflow/example_dags/example_xcom.py
[2023-07-09T19:20:29.204+0000] {logging_mixin.py:149} INFO - [2023-07-09T19:20:29.204+0000] {dag.py:2726} INFO - Sync 1 DAGs
[2023-07-09T19:20:29.227+0000] {logging_mixin.py:149} INFO - [2023-07-09T19:20:29.227+0000] {dag.py:3490} INFO - Setting next_dagrun for example_xcom to 2021-01-01T00:00:00+00:00, run_after=2021-01-01T00:00:00+00:00
[2023-07-09T19:20:29.261+0000] {processor.py:179} INFO - Processing /home/airflow/.local/lib/python3.7/site-packages/airflow/example_dags/example_xcom.py took 0.096 seconds
[2023-07-09T19:20:59.665+0000] {processor.py:157} INFO - Started process (PID=2499) to work on /home/airflow/.local/lib/python3.7/site-packages/airflow/example_dags/example_xcom.py
[2023-07-09T19:20:59.666+0000] {processor.py:826} INFO - Processing file /home/airflow/.local/lib/python3.7/site-packages/airflow/example_dags/example_xcom.py for tasks to queue
[2023-07-09T19:20:59.666+0000] {logging_mixin.py:149} INFO - [2023-07-09T19:20:59.666+0000] {dagbag.py:541} INFO - Filling up the DagBag from /home/airflow/.local/lib/python3.7/site-packages/airflow/example_dags/example_xcom.py
[2023-07-09T19:20:59.673+0000] {processor.py:836} INFO - DAG(s) dict_keys(['example_xcom']) retrieved from /home/airflow/.local/lib/python3.7/site-packages/airflow/example_dags/example_xcom.py
[2023-07-09T19:20:59.697+0000] {logging_mixin.py:149} INFO - [2023-07-09T19:20:59.697+0000] {dag.py:2726} INFO - Sync 1 DAGs
[2023-07-09T19:20:59.720+0000] {logging_mixin.py:149} INFO - [2023-07-09T19:20:59.720+0000] {dag.py:3490} INFO - Setting next_dagrun for example_xcom to 2021-01-01T00:00:00+00:00, run_after=2021-01-01T00:00:00+00:00
[2023-07-09T19:20:59.742+0000] {processor.py:179} INFO - Processing /home/airflow/.local/lib/python3.7/site-packages/airflow/example_dags/example_xcom.py took 0.080 seconds
[2023-07-09T19:21:29.962+0000] {processor.py:157} INFO - Started process (PID=2561) to work on /home/airflow/.local/lib/python3.7/site-packages/airflow/example_dags/example_xcom.py
[2023-07-09T19:21:29.963+0000] {processor.py:826} INFO - Processing file /home/airflow/.local/lib/python3.7/site-packages/airflow/example_dags/example_xcom.py for tasks to queue
[2023-07-09T19:21:29.964+0000] {logging_mixin.py:149} INFO - [2023-07-09T19:21:29.963+0000] {dagbag.py:541} INFO - Filling up the DagBag from /home/airflow/.local/lib/python3.7/site-packages/airflow/example_dags/example_xcom.py
[2023-07-09T19:21:29.970+0000] {processor.py:836} INFO - DAG(s) dict_keys(['example_xcom']) retrieved from /home/airflow/.local/lib/python3.7/site-packages/airflow/example_dags/example_xcom.py
[2023-07-09T19:21:29.994+0000] {logging_mixin.py:149} INFO - [2023-07-09T19:21:29.994+0000] {dag.py:2726} INFO - Sync 1 DAGs
[2023-07-09T19:21:30.018+0000] {logging_mixin.py:149} INFO - [2023-07-09T19:21:30.018+0000] {dag.py:3490} INFO - Setting next_dagrun for example_xcom to 2021-01-01T00:00:00+00:00, run_after=2021-01-01T00:00:00+00:00
[2023-07-09T19:21:30.040+0000] {processor.py:179} INFO - Processing /home/airflow/.local/lib/python3.7/site-packages/airflow/example_dags/example_xcom.py took 0.081 seconds
[2023-07-09T19:22:00.210+0000] {processor.py:157} INFO - Started process (PID=2623) to work on /home/airflow/.local/lib/python3.7/site-packages/airflow/example_dags/example_xcom.py
[2023-07-09T19:22:00.211+0000] {processor.py:826} INFO - Processing file /home/airflow/.local/lib/python3.7/site-packages/airflow/example_dags/example_xcom.py for tasks to queue
[2023-07-09T19:22:00.212+0000] {logging_mixin.py:149} INFO - [2023-07-09T19:22:00.212+0000] {dagbag.py:541} INFO - Filling up the DagBag from /home/airflow/.local/lib/python3.7/site-packages/airflow/example_dags/example_xcom.py
[2023-07-09T19:22:00.219+0000] {processor.py:836} INFO - DAG(s) dict_keys(['example_xcom']) retrieved from /home/airflow/.local/lib/python3.7/site-packages/airflow/example_dags/example_xcom.py
[2023-07-09T19:22:00.241+0000] {logging_mixin.py:149} INFO - [2023-07-09T19:22:00.241+0000] {dag.py:2726} INFO - Sync 1 DAGs
[2023-07-09T19:22:00.263+0000] {logging_mixin.py:149} INFO - [2023-07-09T19:22:00.263+0000] {dag.py:3490} INFO - Setting next_dagrun for example_xcom to 2021-01-01T00:00:00+00:00, run_after=2021-01-01T00:00:00+00:00
[2023-07-09T19:22:00.283+0000] {processor.py:179} INFO - Processing /home/airflow/.local/lib/python3.7/site-packages/airflow/example_dags/example_xcom.py took 0.075 seconds
[2023-07-09T19:22:30.390+0000] {processor.py:157} INFO - Started process (PID=2676) to work on /home/airflow/.local/lib/python3.7/site-packages/airflow/example_dags/example_xcom.py
[2023-07-09T19:22:30.391+0000] {processor.py:826} INFO - Processing file /home/airflow/.local/lib/python3.7/site-packages/airflow/example_dags/example_xcom.py for tasks to queue
[2023-07-09T19:22:30.392+0000] {logging_mixin.py:149} INFO - [2023-07-09T19:22:30.392+0000] {dagbag.py:541} INFO - Filling up the DagBag from /home/airflow/.local/lib/python3.7/site-packages/airflow/example_dags/example_xcom.py
[2023-07-09T19:22:30.398+0000] {processor.py:836} INFO - DAG(s) dict_keys(['example_xcom']) retrieved from /home/airflow/.local/lib/python3.7/site-packages/airflow/example_dags/example_xcom.py
[2023-07-09T19:22:30.420+0000] {logging_mixin.py:149} INFO - [2023-07-09T19:22:30.420+0000] {dag.py:2726} INFO - Sync 1 DAGs
[2023-07-09T19:22:30.442+0000] {logging_mixin.py:149} INFO - [2023-07-09T19:22:30.442+0000] {dag.py:3490} INFO - Setting next_dagrun for example_xcom to 2021-01-01T00:00:00+00:00, run_after=2021-01-01T00:00:00+00:00
[2023-07-09T19:22:30.469+0000] {processor.py:179} INFO - Processing /home/airflow/.local/lib/python3.7/site-packages/airflow/example_dags/example_xcom.py took 0.082 seconds
[2023-07-09T19:23:00.551+0000] {processor.py:157} INFO - Started process (PID=2738) to work on /home/airflow/.local/lib/python3.7/site-packages/airflow/example_dags/example_xcom.py
[2023-07-09T19:23:00.552+0000] {processor.py:826} INFO - Processing file /home/airflow/.local/lib/python3.7/site-packages/airflow/example_dags/example_xcom.py for tasks to queue
[2023-07-09T19:23:00.553+0000] {logging_mixin.py:149} INFO - [2023-07-09T19:23:00.553+0000] {dagbag.py:541} INFO - Filling up the DagBag from /home/airflow/.local/lib/python3.7/site-packages/airflow/example_dags/example_xcom.py
[2023-07-09T19:23:00.559+0000] {processor.py:836} INFO - DAG(s) dict_keys(['example_xcom']) retrieved from /home/airflow/.local/lib/python3.7/site-packages/airflow/example_dags/example_xcom.py
[2023-07-09T19:23:00.583+0000] {logging_mixin.py:149} INFO - [2023-07-09T19:23:00.583+0000] {dag.py:2726} INFO - Sync 1 DAGs
[2023-07-09T19:23:00.605+0000] {logging_mixin.py:149} INFO - [2023-07-09T19:23:00.605+0000] {dag.py:3490} INFO - Setting next_dagrun for example_xcom to 2021-01-01T00:00:00+00:00, run_after=2021-01-01T00:00:00+00:00
[2023-07-09T19:23:00.628+0000] {processor.py:179} INFO - Processing /home/airflow/.local/lib/python3.7/site-packages/airflow/example_dags/example_xcom.py took 0.080 seconds
[2023-07-09T19:23:30.831+0000] {processor.py:157} INFO - Started process (PID=2801) to work on /home/airflow/.local/lib/python3.7/site-packages/airflow/example_dags/example_xcom.py
[2023-07-09T19:23:30.832+0000] {processor.py:826} INFO - Processing file /home/airflow/.local/lib/python3.7/site-packages/airflow/example_dags/example_xcom.py for tasks to queue
[2023-07-09T19:23:30.833+0000] {logging_mixin.py:149} INFO - [2023-07-09T19:23:30.833+0000] {dagbag.py:541} INFO - Filling up the DagBag from /home/airflow/.local/lib/python3.7/site-packages/airflow/example_dags/example_xcom.py
[2023-07-09T19:23:30.839+0000] {processor.py:836} INFO - DAG(s) dict_keys(['example_xcom']) retrieved from /home/airflow/.local/lib/python3.7/site-packages/airflow/example_dags/example_xcom.py
[2023-07-09T19:23:30.864+0000] {logging_mixin.py:149} INFO - [2023-07-09T19:23:30.863+0000] {dag.py:2726} INFO - Sync 1 DAGs
[2023-07-09T19:23:30.888+0000] {logging_mixin.py:149} INFO - [2023-07-09T19:23:30.888+0000] {dag.py:3490} INFO - Setting next_dagrun for example_xcom to 2021-01-01T00:00:00+00:00, run_after=2021-01-01T00:00:00+00:00
[2023-07-09T19:23:30.916+0000] {processor.py:179} INFO - Processing /home/airflow/.local/lib/python3.7/site-packages/airflow/example_dags/example_xcom.py took 0.089 seconds
[2023-07-09T19:24:01.126+0000] {processor.py:157} INFO - Started process (PID=2863) to work on /home/airflow/.local/lib/python3.7/site-packages/airflow/example_dags/example_xcom.py
[2023-07-09T19:24:01.127+0000] {processor.py:826} INFO - Processing file /home/airflow/.local/lib/python3.7/site-packages/airflow/example_dags/example_xcom.py for tasks to queue
[2023-07-09T19:24:01.127+0000] {logging_mixin.py:149} INFO - [2023-07-09T19:24:01.127+0000] {dagbag.py:541} INFO - Filling up the DagBag from /home/airflow/.local/lib/python3.7/site-packages/airflow/example_dags/example_xcom.py
[2023-07-09T19:24:01.133+0000] {processor.py:836} INFO - DAG(s) dict_keys(['example_xcom']) retrieved from /home/airflow/.local/lib/python3.7/site-packages/airflow/example_dags/example_xcom.py
[2023-07-09T19:24:01.157+0000] {logging_mixin.py:149} INFO - [2023-07-09T19:24:01.157+0000] {dag.py:2726} INFO - Sync 1 DAGs
[2023-07-09T19:24:01.180+0000] {logging_mixin.py:149} INFO - [2023-07-09T19:24:01.179+0000] {dag.py:3490} INFO - Setting next_dagrun for example_xcom to 2021-01-01T00:00:00+00:00, run_after=2021-01-01T00:00:00+00:00
[2023-07-09T19:24:01.207+0000] {processor.py:179} INFO - Processing /home/airflow/.local/lib/python3.7/site-packages/airflow/example_dags/example_xcom.py took 0.085 seconds
[2023-07-09T19:24:31.430+0000] {processor.py:157} INFO - Started process (PID=2925) to work on /home/airflow/.local/lib/python3.7/site-packages/airflow/example_dags/example_xcom.py
[2023-07-09T19:24:31.431+0000] {processor.py:826} INFO - Processing file /home/airflow/.local/lib/python3.7/site-packages/airflow/example_dags/example_xcom.py for tasks to queue
[2023-07-09T19:24:31.432+0000] {logging_mixin.py:149} INFO - [2023-07-09T19:24:31.432+0000] {dagbag.py:541} INFO - Filling up the DagBag from /home/airflow/.local/lib/python3.7/site-packages/airflow/example_dags/example_xcom.py
[2023-07-09T19:24:31.439+0000] {processor.py:836} INFO - DAG(s) dict_keys(['example_xcom']) retrieved from /home/airflow/.local/lib/python3.7/site-packages/airflow/example_dags/example_xcom.py
[2023-07-09T19:24:31.466+0000] {logging_mixin.py:149} INFO - [2023-07-09T19:24:31.466+0000] {dag.py:2726} INFO - Sync 1 DAGs
[2023-07-09T19:24:31.491+0000] {logging_mixin.py:149} INFO - [2023-07-09T19:24:31.491+0000] {dag.py:3490} INFO - Setting next_dagrun for example_xcom to 2021-01-01T00:00:00+00:00, run_after=2021-01-01T00:00:00+00:00
[2023-07-09T19:24:31.515+0000] {processor.py:179} INFO - Processing /home/airflow/.local/lib/python3.7/site-packages/airflow/example_dags/example_xcom.py took 0.088 seconds
[2023-07-09T19:25:01.654+0000] {processor.py:157} INFO - Started process (PID=2987) to work on /home/airflow/.local/lib/python3.7/site-packages/airflow/example_dags/example_xcom.py
[2023-07-09T19:25:01.655+0000] {processor.py:826} INFO - Processing file /home/airflow/.local/lib/python3.7/site-packages/airflow/example_dags/example_xcom.py for tasks to queue
[2023-07-09T19:25:01.656+0000] {logging_mixin.py:149} INFO - [2023-07-09T19:25:01.655+0000] {dagbag.py:541} INFO - Filling up the DagBag from /home/airflow/.local/lib/python3.7/site-packages/airflow/example_dags/example_xcom.py
[2023-07-09T19:25:01.662+0000] {processor.py:836} INFO - DAG(s) dict_keys(['example_xcom']) retrieved from /home/airflow/.local/lib/python3.7/site-packages/airflow/example_dags/example_xcom.py
[2023-07-09T19:25:01.687+0000] {logging_mixin.py:149} INFO - [2023-07-09T19:25:01.687+0000] {dag.py:2726} INFO - Sync 1 DAGs
[2023-07-09T19:25:01.710+0000] {logging_mixin.py:149} INFO - [2023-07-09T19:25:01.710+0000] {dag.py:3490} INFO - Setting next_dagrun for example_xcom to 2021-01-01T00:00:00+00:00, run_after=2021-01-01T00:00:00+00:00
[2023-07-09T19:25:01.737+0000] {processor.py:179} INFO - Processing /home/airflow/.local/lib/python3.7/site-packages/airflow/example_dags/example_xcom.py took 0.086 seconds
[2023-07-09T19:25:32.543+0000] {processor.py:157} INFO - Started process (PID=3049) to work on /home/airflow/.local/lib/python3.7/site-packages/airflow/example_dags/example_xcom.py
[2023-07-09T19:25:32.544+0000] {processor.py:826} INFO - Processing file /home/airflow/.local/lib/python3.7/site-packages/airflow/example_dags/example_xcom.py for tasks to queue
[2023-07-09T19:25:32.545+0000] {logging_mixin.py:149} INFO - [2023-07-09T19:25:32.545+0000] {dagbag.py:541} INFO - Filling up the DagBag from /home/airflow/.local/lib/python3.7/site-packages/airflow/example_dags/example_xcom.py
[2023-07-09T19:25:32.552+0000] {processor.py:836} INFO - DAG(s) dict_keys(['example_xcom']) retrieved from /home/airflow/.local/lib/python3.7/site-packages/airflow/example_dags/example_xcom.py
[2023-07-09T19:25:32.576+0000] {logging_mixin.py:149} INFO - [2023-07-09T19:25:32.575+0000] {dag.py:2726} INFO - Sync 1 DAGs
[2023-07-09T19:25:32.599+0000] {logging_mixin.py:149} INFO - [2023-07-09T19:25:32.599+0000] {dag.py:3490} INFO - Setting next_dagrun for example_xcom to 2021-01-01T00:00:00+00:00, run_after=2021-01-01T00:00:00+00:00
[2023-07-09T19:25:32.621+0000] {processor.py:179} INFO - Processing /home/airflow/.local/lib/python3.7/site-packages/airflow/example_dags/example_xcom.py took 0.081 seconds
[2023-07-09T19:26:03.153+0000] {processor.py:157} INFO - Started process (PID=3111) to work on /home/airflow/.local/lib/python3.7/site-packages/airflow/example_dags/example_xcom.py
[2023-07-09T19:26:03.154+0000] {processor.py:826} INFO - Processing file /home/airflow/.local/lib/python3.7/site-packages/airflow/example_dags/example_xcom.py for tasks to queue
[2023-07-09T19:26:03.155+0000] {logging_mixin.py:149} INFO - [2023-07-09T19:26:03.155+0000] {dagbag.py:541} INFO - Filling up the DagBag from /home/airflow/.local/lib/python3.7/site-packages/airflow/example_dags/example_xcom.py
[2023-07-09T19:26:03.161+0000] {processor.py:836} INFO - DAG(s) dict_keys(['example_xcom']) retrieved from /home/airflow/.local/lib/python3.7/site-packages/airflow/example_dags/example_xcom.py
[2023-07-09T19:26:03.185+0000] {logging_mixin.py:149} INFO - [2023-07-09T19:26:03.185+0000] {dag.py:2726} INFO - Sync 1 DAGs
[2023-07-09T19:26:03.208+0000] {logging_mixin.py:149} INFO - [2023-07-09T19:26:03.208+0000] {dag.py:3490} INFO - Setting next_dagrun for example_xcom to 2021-01-01T00:00:00+00:00, run_after=2021-01-01T00:00:00+00:00
[2023-07-09T19:26:03.231+0000] {processor.py:179} INFO - Processing /home/airflow/.local/lib/python3.7/site-packages/airflow/example_dags/example_xcom.py took 0.081 seconds
[2023-07-09T19:26:33.637+0000] {processor.py:157} INFO - Started process (PID=3173) to work on /home/airflow/.local/lib/python3.7/site-packages/airflow/example_dags/example_xcom.py
[2023-07-09T19:26:33.638+0000] {processor.py:826} INFO - Processing file /home/airflow/.local/lib/python3.7/site-packages/airflow/example_dags/example_xcom.py for tasks to queue
[2023-07-09T19:26:33.639+0000] {logging_mixin.py:149} INFO - [2023-07-09T19:26:33.639+0000] {dagbag.py:541} INFO - Filling up the DagBag from /home/airflow/.local/lib/python3.7/site-packages/airflow/example_dags/example_xcom.py
[2023-07-09T19:26:33.646+0000] {processor.py:836} INFO - DAG(s) dict_keys(['example_xcom']) retrieved from /home/airflow/.local/lib/python3.7/site-packages/airflow/example_dags/example_xcom.py
[2023-07-09T19:26:33.671+0000] {logging_mixin.py:149} INFO - [2023-07-09T19:26:33.671+0000] {dag.py:2726} INFO - Sync 1 DAGs
[2023-07-09T19:26:33.694+0000] {logging_mixin.py:149} INFO - [2023-07-09T19:26:33.694+0000] {dag.py:3490} INFO - Setting next_dagrun for example_xcom to 2021-01-01T00:00:00+00:00, run_after=2021-01-01T00:00:00+00:00
[2023-07-09T19:26:33.722+0000] {processor.py:179} INFO - Processing /home/airflow/.local/lib/python3.7/site-packages/airflow/example_dags/example_xcom.py took 0.088 seconds
[2023-07-09T19:27:04.185+0000] {processor.py:157} INFO - Started process (PID=3235) to work on /home/airflow/.local/lib/python3.7/site-packages/airflow/example_dags/example_xcom.py
[2023-07-09T19:27:04.186+0000] {processor.py:826} INFO - Processing file /home/airflow/.local/lib/python3.7/site-packages/airflow/example_dags/example_xcom.py for tasks to queue
[2023-07-09T19:27:04.187+0000] {logging_mixin.py:149} INFO - [2023-07-09T19:27:04.187+0000] {dagbag.py:541} INFO - Filling up the DagBag from /home/airflow/.local/lib/python3.7/site-packages/airflow/example_dags/example_xcom.py
[2023-07-09T19:27:04.194+0000] {processor.py:836} INFO - DAG(s) dict_keys(['example_xcom']) retrieved from /home/airflow/.local/lib/python3.7/site-packages/airflow/example_dags/example_xcom.py
[2023-07-09T19:27:04.219+0000] {logging_mixin.py:149} INFO - [2023-07-09T19:27:04.218+0000] {dag.py:2726} INFO - Sync 1 DAGs
[2023-07-09T19:27:04.244+0000] {logging_mixin.py:149} INFO - [2023-07-09T19:27:04.244+0000] {dag.py:3490} INFO - Setting next_dagrun for example_xcom to 2021-01-01T00:00:00+00:00, run_after=2021-01-01T00:00:00+00:00
[2023-07-09T19:27:04.272+0000] {processor.py:179} INFO - Processing /home/airflow/.local/lib/python3.7/site-packages/airflow/example_dags/example_xcom.py took 0.090 seconds
[2023-07-09T19:27:34.786+0000] {processor.py:157} INFO - Started process (PID=3298) to work on /home/airflow/.local/lib/python3.7/site-packages/airflow/example_dags/example_xcom.py
[2023-07-09T19:27:34.787+0000] {processor.py:826} INFO - Processing file /home/airflow/.local/lib/python3.7/site-packages/airflow/example_dags/example_xcom.py for tasks to queue
[2023-07-09T19:27:34.787+0000] {logging_mixin.py:149} INFO - [2023-07-09T19:27:34.787+0000] {dagbag.py:541} INFO - Filling up the DagBag from /home/airflow/.local/lib/python3.7/site-packages/airflow/example_dags/example_xcom.py
[2023-07-09T19:27:34.795+0000] {processor.py:836} INFO - DAG(s) dict_keys(['example_xcom']) retrieved from /home/airflow/.local/lib/python3.7/site-packages/airflow/example_dags/example_xcom.py
[2023-07-09T19:27:34.819+0000] {logging_mixin.py:149} INFO - [2023-07-09T19:27:34.819+0000] {dag.py:2726} INFO - Sync 1 DAGs
[2023-07-09T19:27:34.842+0000] {logging_mixin.py:149} INFO - [2023-07-09T19:27:34.842+0000] {dag.py:3490} INFO - Setting next_dagrun for example_xcom to 2021-01-01T00:00:00+00:00, run_after=2021-01-01T00:00:00+00:00
[2023-07-09T19:27:34.865+0000] {processor.py:179} INFO - Processing /home/airflow/.local/lib/python3.7/site-packages/airflow/example_dags/example_xcom.py took 0.082 seconds
[2023-07-09T19:28:05.467+0000] {processor.py:157} INFO - Started process (PID=3360) to work on /home/airflow/.local/lib/python3.7/site-packages/airflow/example_dags/example_xcom.py
[2023-07-09T19:28:05.468+0000] {processor.py:826} INFO - Processing file /home/airflow/.local/lib/python3.7/site-packages/airflow/example_dags/example_xcom.py for tasks to queue
[2023-07-09T19:28:05.469+0000] {logging_mixin.py:149} INFO - [2023-07-09T19:28:05.469+0000] {dagbag.py:541} INFO - Filling up the DagBag from /home/airflow/.local/lib/python3.7/site-packages/airflow/example_dags/example_xcom.py
[2023-07-09T19:28:05.476+0000] {processor.py:836} INFO - DAG(s) dict_keys(['example_xcom']) retrieved from /home/airflow/.local/lib/python3.7/site-packages/airflow/example_dags/example_xcom.py
[2023-07-09T19:28:05.499+0000] {logging_mixin.py:149} INFO - [2023-07-09T19:28:05.499+0000] {dag.py:2726} INFO - Sync 1 DAGs
[2023-07-09T19:28:05.528+0000] {logging_mixin.py:149} INFO - [2023-07-09T19:28:05.527+0000] {dag.py:3490} INFO - Setting next_dagrun for example_xcom to 2021-01-01T00:00:00+00:00, run_after=2021-01-01T00:00:00+00:00
[2023-07-09T19:28:05.567+0000] {processor.py:179} INFO - Processing /home/airflow/.local/lib/python3.7/site-packages/airflow/example_dags/example_xcom.py took 0.102 seconds
[2023-07-09T19:28:35.986+0000] {processor.py:157} INFO - Started process (PID=3422) to work on /home/airflow/.local/lib/python3.7/site-packages/airflow/example_dags/example_xcom.py
[2023-07-09T19:28:35.987+0000] {processor.py:826} INFO - Processing file /home/airflow/.local/lib/python3.7/site-packages/airflow/example_dags/example_xcom.py for tasks to queue
[2023-07-09T19:28:35.988+0000] {logging_mixin.py:149} INFO - [2023-07-09T19:28:35.988+0000] {dagbag.py:541} INFO - Filling up the DagBag from /home/airflow/.local/lib/python3.7/site-packages/airflow/example_dags/example_xcom.py
[2023-07-09T19:28:35.995+0000] {processor.py:836} INFO - DAG(s) dict_keys(['example_xcom']) retrieved from /home/airflow/.local/lib/python3.7/site-packages/airflow/example_dags/example_xcom.py
[2023-07-09T19:28:36.019+0000] {logging_mixin.py:149} INFO - [2023-07-09T19:28:36.019+0000] {dag.py:2726} INFO - Sync 1 DAGs
[2023-07-09T19:28:36.042+0000] {logging_mixin.py:149} INFO - [2023-07-09T19:28:36.042+0000] {dag.py:3490} INFO - Setting next_dagrun for example_xcom to 2021-01-01T00:00:00+00:00, run_after=2021-01-01T00:00:00+00:00
[2023-07-09T19:28:36.064+0000] {processor.py:179} INFO - Processing /home/airflow/.local/lib/python3.7/site-packages/airflow/example_dags/example_xcom.py took 0.080 seconds
[2023-07-09T19:29:06.620+0000] {processor.py:157} INFO - Started process (PID=3484) to work on /home/airflow/.local/lib/python3.7/site-packages/airflow/example_dags/example_xcom.py
[2023-07-09T19:29:06.621+0000] {processor.py:826} INFO - Processing file /home/airflow/.local/lib/python3.7/site-packages/airflow/example_dags/example_xcom.py for tasks to queue
[2023-07-09T19:29:06.622+0000] {logging_mixin.py:149} INFO - [2023-07-09T19:29:06.622+0000] {dagbag.py:541} INFO - Filling up the DagBag from /home/airflow/.local/lib/python3.7/site-packages/airflow/example_dags/example_xcom.py
[2023-07-09T19:29:06.629+0000] {processor.py:836} INFO - DAG(s) dict_keys(['example_xcom']) retrieved from /home/airflow/.local/lib/python3.7/site-packages/airflow/example_dags/example_xcom.py
[2023-07-09T19:29:06.653+0000] {logging_mixin.py:149} INFO - [2023-07-09T19:29:06.653+0000] {dag.py:2726} INFO - Sync 1 DAGs
[2023-07-09T19:29:06.681+0000] {logging_mixin.py:149} INFO - [2023-07-09T19:29:06.681+0000] {dag.py:3490} INFO - Setting next_dagrun for example_xcom to 2021-01-01T00:00:00+00:00, run_after=2021-01-01T00:00:00+00:00
[2023-07-09T19:29:06.704+0000] {processor.py:179} INFO - Processing /home/airflow/.local/lib/python3.7/site-packages/airflow/example_dags/example_xcom.py took 0.087 seconds
[2023-07-09T19:29:37.158+0000] {processor.py:157} INFO - Started process (PID=3546) to work on /home/airflow/.local/lib/python3.7/site-packages/airflow/example_dags/example_xcom.py
[2023-07-09T19:29:37.158+0000] {processor.py:826} INFO - Processing file /home/airflow/.local/lib/python3.7/site-packages/airflow/example_dags/example_xcom.py for tasks to queue
[2023-07-09T19:29:37.159+0000] {logging_mixin.py:149} INFO - [2023-07-09T19:29:37.159+0000] {dagbag.py:541} INFO - Filling up the DagBag from /home/airflow/.local/lib/python3.7/site-packages/airflow/example_dags/example_xcom.py
[2023-07-09T19:29:37.166+0000] {processor.py:836} INFO - DAG(s) dict_keys(['example_xcom']) retrieved from /home/airflow/.local/lib/python3.7/site-packages/airflow/example_dags/example_xcom.py
[2023-07-09T19:29:37.190+0000] {logging_mixin.py:149} INFO - [2023-07-09T19:29:37.190+0000] {dag.py:2726} INFO - Sync 1 DAGs
[2023-07-09T19:29:37.213+0000] {logging_mixin.py:149} INFO - [2023-07-09T19:29:37.213+0000] {dag.py:3490} INFO - Setting next_dagrun for example_xcom to 2021-01-01T00:00:00+00:00, run_after=2021-01-01T00:00:00+00:00
[2023-07-09T19:29:37.242+0000] {processor.py:179} INFO - Processing /home/airflow/.local/lib/python3.7/site-packages/airflow/example_dags/example_xcom.py took 0.088 seconds
[2023-07-09T19:30:07.805+0000] {processor.py:157} INFO - Started process (PID=3608) to work on /home/airflow/.local/lib/python3.7/site-packages/airflow/example_dags/example_xcom.py
[2023-07-09T19:30:07.806+0000] {processor.py:826} INFO - Processing file /home/airflow/.local/lib/python3.7/site-packages/airflow/example_dags/example_xcom.py for tasks to queue
[2023-07-09T19:30:07.807+0000] {logging_mixin.py:149} INFO - [2023-07-09T19:30:07.807+0000] {dagbag.py:541} INFO - Filling up the DagBag from /home/airflow/.local/lib/python3.7/site-packages/airflow/example_dags/example_xcom.py
[2023-07-09T19:30:07.814+0000] {processor.py:836} INFO - DAG(s) dict_keys(['example_xcom']) retrieved from /home/airflow/.local/lib/python3.7/site-packages/airflow/example_dags/example_xcom.py
[2023-07-09T19:30:07.838+0000] {logging_mixin.py:149} INFO - [2023-07-09T19:30:07.838+0000] {dag.py:2726} INFO - Sync 1 DAGs
[2023-07-09T19:30:07.862+0000] {logging_mixin.py:149} INFO - [2023-07-09T19:30:07.862+0000] {dag.py:3490} INFO - Setting next_dagrun for example_xcom to 2021-01-01T00:00:00+00:00, run_after=2021-01-01T00:00:00+00:00
[2023-07-09T19:30:07.891+0000] {processor.py:179} INFO - Processing /home/airflow/.local/lib/python3.7/site-packages/airflow/example_dags/example_xcom.py took 0.089 seconds
[2023-07-09T19:30:38.692+0000] {processor.py:157} INFO - Started process (PID=3670) to work on /home/airflow/.local/lib/python3.7/site-packages/airflow/example_dags/example_xcom.py
[2023-07-09T19:30:38.693+0000] {processor.py:826} INFO - Processing file /home/airflow/.local/lib/python3.7/site-packages/airflow/example_dags/example_xcom.py for tasks to queue
[2023-07-09T19:30:38.694+0000] {logging_mixin.py:149} INFO - [2023-07-09T19:30:38.694+0000] {dagbag.py:541} INFO - Filling up the DagBag from /home/airflow/.local/lib/python3.7/site-packages/airflow/example_dags/example_xcom.py
[2023-07-09T19:30:38.706+0000] {processor.py:836} INFO - DAG(s) dict_keys(['example_xcom']) retrieved from /home/airflow/.local/lib/python3.7/site-packages/airflow/example_dags/example_xcom.py
[2023-07-09T19:30:38.737+0000] {logging_mixin.py:149} INFO - [2023-07-09T19:30:38.737+0000] {dag.py:2726} INFO - Sync 1 DAGs
[2023-07-09T19:30:38.764+0000] {logging_mixin.py:149} INFO - [2023-07-09T19:30:38.763+0000] {dag.py:3490} INFO - Setting next_dagrun for example_xcom to 2021-01-01T00:00:00+00:00, run_after=2021-01-01T00:00:00+00:00
[2023-07-09T19:30:38.793+0000] {processor.py:179} INFO - Processing /home/airflow/.local/lib/python3.7/site-packages/airflow/example_dags/example_xcom.py took 0.104 seconds
[2023-07-09T19:31:08.976+0000] {processor.py:157} INFO - Started process (PID=3732) to work on /home/airflow/.local/lib/python3.7/site-packages/airflow/example_dags/example_xcom.py
[2023-07-09T19:31:08.977+0000] {processor.py:826} INFO - Processing file /home/airflow/.local/lib/python3.7/site-packages/airflow/example_dags/example_xcom.py for tasks to queue
[2023-07-09T19:31:08.977+0000] {logging_mixin.py:149} INFO - [2023-07-09T19:31:08.977+0000] {dagbag.py:541} INFO - Filling up the DagBag from /home/airflow/.local/lib/python3.7/site-packages/airflow/example_dags/example_xcom.py
[2023-07-09T19:31:08.984+0000] {processor.py:836} INFO - DAG(s) dict_keys(['example_xcom']) retrieved from /home/airflow/.local/lib/python3.7/site-packages/airflow/example_dags/example_xcom.py
[2023-07-09T19:31:09.010+0000] {logging_mixin.py:149} INFO - [2023-07-09T19:31:09.010+0000] {dag.py:2726} INFO - Sync 1 DAGs
[2023-07-09T19:31:09.043+0000] {logging_mixin.py:149} INFO - [2023-07-09T19:31:09.043+0000] {dag.py:3490} INFO - Setting next_dagrun for example_xcom to 2021-01-01T00:00:00+00:00, run_after=2021-01-01T00:00:00+00:00
[2023-07-09T19:31:09.083+0000] {processor.py:179} INFO - Processing /home/airflow/.local/lib/python3.7/site-packages/airflow/example_dags/example_xcom.py took 0.110 seconds
[2023-07-09T19:31:39.317+0000] {processor.py:157} INFO - Started process (PID=3794) to work on /home/airflow/.local/lib/python3.7/site-packages/airflow/example_dags/example_xcom.py
[2023-07-09T19:31:39.318+0000] {processor.py:826} INFO - Processing file /home/airflow/.local/lib/python3.7/site-packages/airflow/example_dags/example_xcom.py for tasks to queue
[2023-07-09T19:31:39.320+0000] {logging_mixin.py:149} INFO - [2023-07-09T19:31:39.319+0000] {dagbag.py:541} INFO - Filling up the DagBag from /home/airflow/.local/lib/python3.7/site-packages/airflow/example_dags/example_xcom.py
[2023-07-09T19:31:39.331+0000] {processor.py:836} INFO - DAG(s) dict_keys(['example_xcom']) retrieved from /home/airflow/.local/lib/python3.7/site-packages/airflow/example_dags/example_xcom.py
[2023-07-09T19:31:39.361+0000] {logging_mixin.py:149} INFO - [2023-07-09T19:31:39.360+0000] {dag.py:2726} INFO - Sync 1 DAGs
[2023-07-09T19:31:39.417+0000] {logging_mixin.py:149} INFO - [2023-07-09T19:31:39.417+0000] {dag.py:3490} INFO - Setting next_dagrun for example_xcom to 2021-01-01T00:00:00+00:00, run_after=2021-01-01T00:00:00+00:00
[2023-07-09T19:31:39.466+0000] {processor.py:179} INFO - Processing /home/airflow/.local/lib/python3.7/site-packages/airflow/example_dags/example_xcom.py took 0.153 seconds
[2023-07-09T19:32:09.669+0000] {processor.py:157} INFO - Started process (PID=3856) to work on /home/airflow/.local/lib/python3.7/site-packages/airflow/example_dags/example_xcom.py
[2023-07-09T19:32:09.671+0000] {processor.py:826} INFO - Processing file /home/airflow/.local/lib/python3.7/site-packages/airflow/example_dags/example_xcom.py for tasks to queue
[2023-07-09T19:32:09.672+0000] {logging_mixin.py:149} INFO - [2023-07-09T19:32:09.672+0000] {dagbag.py:541} INFO - Filling up the DagBag from /home/airflow/.local/lib/python3.7/site-packages/airflow/example_dags/example_xcom.py
[2023-07-09T19:32:09.678+0000] {processor.py:836} INFO - DAG(s) dict_keys(['example_xcom']) retrieved from /home/airflow/.local/lib/python3.7/site-packages/airflow/example_dags/example_xcom.py
[2023-07-09T19:32:09.708+0000] {logging_mixin.py:149} INFO - [2023-07-09T19:32:09.708+0000] {dag.py:2726} INFO - Sync 1 DAGs
[2023-07-09T19:32:09.733+0000] {logging_mixin.py:149} INFO - [2023-07-09T19:32:09.733+0000] {dag.py:3490} INFO - Setting next_dagrun for example_xcom to 2021-01-01T00:00:00+00:00, run_after=2021-01-01T00:00:00+00:00
[2023-07-09T19:32:09.755+0000] {processor.py:179} INFO - Processing /home/airflow/.local/lib/python3.7/site-packages/airflow/example_dags/example_xcom.py took 0.089 seconds
[2023-07-09T19:32:39.890+0000] {processor.py:157} INFO - Started process (PID=3918) to work on /home/airflow/.local/lib/python3.7/site-packages/airflow/example_dags/example_xcom.py
[2023-07-09T19:32:39.891+0000] {processor.py:826} INFO - Processing file /home/airflow/.local/lib/python3.7/site-packages/airflow/example_dags/example_xcom.py for tasks to queue
[2023-07-09T19:32:39.892+0000] {logging_mixin.py:149} INFO - [2023-07-09T19:32:39.892+0000] {dagbag.py:541} INFO - Filling up the DagBag from /home/airflow/.local/lib/python3.7/site-packages/airflow/example_dags/example_xcom.py
[2023-07-09T19:32:39.898+0000] {processor.py:836} INFO - DAG(s) dict_keys(['example_xcom']) retrieved from /home/airflow/.local/lib/python3.7/site-packages/airflow/example_dags/example_xcom.py
[2023-07-09T19:32:39.922+0000] {logging_mixin.py:149} INFO - [2023-07-09T19:32:39.922+0000] {dag.py:2726} INFO - Sync 1 DAGs
[2023-07-09T19:32:39.944+0000] {logging_mixin.py:149} INFO - [2023-07-09T19:32:39.944+0000] {dag.py:3490} INFO - Setting next_dagrun for example_xcom to 2021-01-01T00:00:00+00:00, run_after=2021-01-01T00:00:00+00:00
[2023-07-09T19:32:39.971+0000] {processor.py:179} INFO - Processing /home/airflow/.local/lib/python3.7/site-packages/airflow/example_dags/example_xcom.py took 0.084 seconds
[2023-07-09T19:33:10.550+0000] {processor.py:157} INFO - Started process (PID=3980) to work on /home/airflow/.local/lib/python3.7/site-packages/airflow/example_dags/example_xcom.py
[2023-07-09T19:33:10.551+0000] {processor.py:826} INFO - Processing file /home/airflow/.local/lib/python3.7/site-packages/airflow/example_dags/example_xcom.py for tasks to queue
[2023-07-09T19:33:10.552+0000] {logging_mixin.py:149} INFO - [2023-07-09T19:33:10.552+0000] {dagbag.py:541} INFO - Filling up the DagBag from /home/airflow/.local/lib/python3.7/site-packages/airflow/example_dags/example_xcom.py
[2023-07-09T19:33:10.558+0000] {processor.py:836} INFO - DAG(s) dict_keys(['example_xcom']) retrieved from /home/airflow/.local/lib/python3.7/site-packages/airflow/example_dags/example_xcom.py
[2023-07-09T19:33:10.584+0000] {logging_mixin.py:149} INFO - [2023-07-09T19:33:10.583+0000] {dag.py:2726} INFO - Sync 1 DAGs
[2023-07-09T19:33:10.608+0000] {logging_mixin.py:149} INFO - [2023-07-09T19:33:10.607+0000] {dag.py:3490} INFO - Setting next_dagrun for example_xcom to 2021-01-01T00:00:00+00:00, run_after=2021-01-01T00:00:00+00:00
[2023-07-09T19:33:10.630+0000] {processor.py:179} INFO - Processing /home/airflow/.local/lib/python3.7/site-packages/airflow/example_dags/example_xcom.py took 0.082 seconds
[2023-07-09T19:33:40.676+0000] {processor.py:157} INFO - Started process (PID=4042) to work on /home/airflow/.local/lib/python3.7/site-packages/airflow/example_dags/example_xcom.py
[2023-07-09T19:33:40.677+0000] {processor.py:826} INFO - Processing file /home/airflow/.local/lib/python3.7/site-packages/airflow/example_dags/example_xcom.py for tasks to queue
[2023-07-09T19:33:40.677+0000] {logging_mixin.py:149} INFO - [2023-07-09T19:33:40.677+0000] {dagbag.py:541} INFO - Filling up the DagBag from /home/airflow/.local/lib/python3.7/site-packages/airflow/example_dags/example_xcom.py
[2023-07-09T19:33:40.684+0000] {processor.py:836} INFO - DAG(s) dict_keys(['example_xcom']) retrieved from /home/airflow/.local/lib/python3.7/site-packages/airflow/example_dags/example_xcom.py
[2023-07-09T19:33:40.708+0000] {logging_mixin.py:149} INFO - [2023-07-09T19:33:40.708+0000] {dag.py:2726} INFO - Sync 1 DAGs
[2023-07-09T19:33:40.731+0000] {logging_mixin.py:149} INFO - [2023-07-09T19:33:40.731+0000] {dag.py:3490} INFO - Setting next_dagrun for example_xcom to 2021-01-01T00:00:00+00:00, run_after=2021-01-01T00:00:00+00:00
[2023-07-09T19:33:40.754+0000] {processor.py:179} INFO - Processing /home/airflow/.local/lib/python3.7/site-packages/airflow/example_dags/example_xcom.py took 0.081 seconds
[2023-07-09T19:34:10.988+0000] {processor.py:157} INFO - Started process (PID=4104) to work on /home/airflow/.local/lib/python3.7/site-packages/airflow/example_dags/example_xcom.py
[2023-07-09T19:34:10.989+0000] {processor.py:826} INFO - Processing file /home/airflow/.local/lib/python3.7/site-packages/airflow/example_dags/example_xcom.py for tasks to queue
[2023-07-09T19:34:10.989+0000] {logging_mixin.py:149} INFO - [2023-07-09T19:34:10.989+0000] {dagbag.py:541} INFO - Filling up the DagBag from /home/airflow/.local/lib/python3.7/site-packages/airflow/example_dags/example_xcom.py
[2023-07-09T19:34:10.996+0000] {processor.py:836} INFO - DAG(s) dict_keys(['example_xcom']) retrieved from /home/airflow/.local/lib/python3.7/site-packages/airflow/example_dags/example_xcom.py
[2023-07-09T19:34:11.020+0000] {logging_mixin.py:149} INFO - [2023-07-09T19:34:11.019+0000] {dag.py:2726} INFO - Sync 1 DAGs
[2023-07-09T19:34:11.041+0000] {logging_mixin.py:149} INFO - [2023-07-09T19:34:11.041+0000] {dag.py:3490} INFO - Setting next_dagrun for example_xcom to 2021-01-01T00:00:00+00:00, run_after=2021-01-01T00:00:00+00:00
[2023-07-09T19:34:11.063+0000] {processor.py:179} INFO - Processing /home/airflow/.local/lib/python3.7/site-packages/airflow/example_dags/example_xcom.py took 0.078 seconds
[2023-07-09T19:34:41.685+0000] {processor.py:157} INFO - Started process (PID=4166) to work on /home/airflow/.local/lib/python3.7/site-packages/airflow/example_dags/example_xcom.py
[2023-07-09T19:34:41.686+0000] {processor.py:826} INFO - Processing file /home/airflow/.local/lib/python3.7/site-packages/airflow/example_dags/example_xcom.py for tasks to queue
[2023-07-09T19:34:41.687+0000] {logging_mixin.py:149} INFO - [2023-07-09T19:34:41.687+0000] {dagbag.py:541} INFO - Filling up the DagBag from /home/airflow/.local/lib/python3.7/site-packages/airflow/example_dags/example_xcom.py
[2023-07-09T19:34:41.693+0000] {processor.py:836} INFO - DAG(s) dict_keys(['example_xcom']) retrieved from /home/airflow/.local/lib/python3.7/site-packages/airflow/example_dags/example_xcom.py
[2023-07-09T19:34:41.717+0000] {logging_mixin.py:149} INFO - [2023-07-09T19:34:41.717+0000] {dag.py:2726} INFO - Sync 1 DAGs
[2023-07-09T19:34:41.741+0000] {logging_mixin.py:149} INFO - [2023-07-09T19:34:41.741+0000] {dag.py:3490} INFO - Setting next_dagrun for example_xcom to 2021-01-01T00:00:00+00:00, run_after=2021-01-01T00:00:00+00:00
[2023-07-09T19:34:41.769+0000] {processor.py:179} INFO - Processing /home/airflow/.local/lib/python3.7/site-packages/airflow/example_dags/example_xcom.py took 0.087 seconds
[2023-07-09T19:35:11.840+0000] {processor.py:157} INFO - Started process (PID=4228) to work on /home/airflow/.local/lib/python3.7/site-packages/airflow/example_dags/example_xcom.py
[2023-07-09T19:35:11.841+0000] {processor.py:826} INFO - Processing file /home/airflow/.local/lib/python3.7/site-packages/airflow/example_dags/example_xcom.py for tasks to queue
[2023-07-09T19:35:11.842+0000] {logging_mixin.py:149} INFO - [2023-07-09T19:35:11.842+0000] {dagbag.py:541} INFO - Filling up the DagBag from /home/airflow/.local/lib/python3.7/site-packages/airflow/example_dags/example_xcom.py
[2023-07-09T19:35:11.848+0000] {processor.py:836} INFO - DAG(s) dict_keys(['example_xcom']) retrieved from /home/airflow/.local/lib/python3.7/site-packages/airflow/example_dags/example_xcom.py
[2023-07-09T19:35:11.872+0000] {logging_mixin.py:149} INFO - [2023-07-09T19:35:11.872+0000] {dag.py:2726} INFO - Sync 1 DAGs
[2023-07-09T19:35:11.895+0000] {logging_mixin.py:149} INFO - [2023-07-09T19:35:11.895+0000] {dag.py:3490} INFO - Setting next_dagrun for example_xcom to 2021-01-01T00:00:00+00:00, run_after=2021-01-01T00:00:00+00:00
[2023-07-09T19:35:11.922+0000] {processor.py:179} INFO - Processing /home/airflow/.local/lib/python3.7/site-packages/airflow/example_dags/example_xcom.py took 0.085 seconds
[2023-07-09T19:35:42.085+0000] {processor.py:157} INFO - Started process (PID=4290) to work on /home/airflow/.local/lib/python3.7/site-packages/airflow/example_dags/example_xcom.py
[2023-07-09T19:35:42.086+0000] {processor.py:826} INFO - Processing file /home/airflow/.local/lib/python3.7/site-packages/airflow/example_dags/example_xcom.py for tasks to queue
[2023-07-09T19:35:42.087+0000] {logging_mixin.py:149} INFO - [2023-07-09T19:35:42.087+0000] {dagbag.py:541} INFO - Filling up the DagBag from /home/airflow/.local/lib/python3.7/site-packages/airflow/example_dags/example_xcom.py
[2023-07-09T19:35:42.093+0000] {processor.py:836} INFO - DAG(s) dict_keys(['example_xcom']) retrieved from /home/airflow/.local/lib/python3.7/site-packages/airflow/example_dags/example_xcom.py
[2023-07-09T19:35:42.117+0000] {logging_mixin.py:149} INFO - [2023-07-09T19:35:42.117+0000] {dag.py:2726} INFO - Sync 1 DAGs
[2023-07-09T19:35:42.139+0000] {logging_mixin.py:149} INFO - [2023-07-09T19:35:42.139+0000] {dag.py:3490} INFO - Setting next_dagrun for example_xcom to 2021-01-01T00:00:00+00:00, run_after=2021-01-01T00:00:00+00:00
[2023-07-09T19:35:42.161+0000] {processor.py:179} INFO - Processing /home/airflow/.local/lib/python3.7/site-packages/airflow/example_dags/example_xcom.py took 0.079 seconds
[2023-07-09T19:36:12.243+0000] {processor.py:157} INFO - Started process (PID=4352) to work on /home/airflow/.local/lib/python3.7/site-packages/airflow/example_dags/example_xcom.py
[2023-07-09T19:36:12.244+0000] {processor.py:826} INFO - Processing file /home/airflow/.local/lib/python3.7/site-packages/airflow/example_dags/example_xcom.py for tasks to queue
[2023-07-09T19:36:12.245+0000] {logging_mixin.py:149} INFO - [2023-07-09T19:36:12.245+0000] {dagbag.py:541} INFO - Filling up the DagBag from /home/airflow/.local/lib/python3.7/site-packages/airflow/example_dags/example_xcom.py
[2023-07-09T19:36:12.251+0000] {processor.py:836} INFO - DAG(s) dict_keys(['example_xcom']) retrieved from /home/airflow/.local/lib/python3.7/site-packages/airflow/example_dags/example_xcom.py
[2023-07-09T19:36:12.275+0000] {logging_mixin.py:149} INFO - [2023-07-09T19:36:12.274+0000] {dag.py:2726} INFO - Sync 1 DAGs
[2023-07-09T19:36:12.297+0000] {logging_mixin.py:149} INFO - [2023-07-09T19:36:12.297+0000] {dag.py:3490} INFO - Setting next_dagrun for example_xcom to 2021-01-01T00:00:00+00:00, run_after=2021-01-01T00:00:00+00:00
[2023-07-09T19:36:12.323+0000] {processor.py:179} INFO - Processing /home/airflow/.local/lib/python3.7/site-packages/airflow/example_dags/example_xcom.py took 0.083 seconds
[2023-07-09T19:36:42.753+0000] {processor.py:157} INFO - Started process (PID=4414) to work on /home/airflow/.local/lib/python3.7/site-packages/airflow/example_dags/example_xcom.py
[2023-07-09T19:36:42.754+0000] {processor.py:826} INFO - Processing file /home/airflow/.local/lib/python3.7/site-packages/airflow/example_dags/example_xcom.py for tasks to queue
[2023-07-09T19:36:42.755+0000] {logging_mixin.py:149} INFO - [2023-07-09T19:36:42.754+0000] {dagbag.py:541} INFO - Filling up the DagBag from /home/airflow/.local/lib/python3.7/site-packages/airflow/example_dags/example_xcom.py
[2023-07-09T19:36:42.761+0000] {processor.py:836} INFO - DAG(s) dict_keys(['example_xcom']) retrieved from /home/airflow/.local/lib/python3.7/site-packages/airflow/example_dags/example_xcom.py
[2023-07-09T19:36:42.789+0000] {logging_mixin.py:149} INFO - [2023-07-09T19:36:42.788+0000] {dag.py:2726} INFO - Sync 1 DAGs
[2023-07-09T19:36:42.817+0000] {logging_mixin.py:149} INFO - [2023-07-09T19:36:42.816+0000] {dag.py:3490} INFO - Setting next_dagrun for example_xcom to 2021-01-01T00:00:00+00:00, run_after=2021-01-01T00:00:00+00:00
[2023-07-09T19:36:42.840+0000] {processor.py:179} INFO - Processing /home/airflow/.local/lib/python3.7/site-packages/airflow/example_dags/example_xcom.py took 0.090 seconds
[2023-07-09T19:37:12.961+0000] {processor.py:157} INFO - Started process (PID=4476) to work on /home/airflow/.local/lib/python3.7/site-packages/airflow/example_dags/example_xcom.py
[2023-07-09T19:37:12.962+0000] {processor.py:826} INFO - Processing file /home/airflow/.local/lib/python3.7/site-packages/airflow/example_dags/example_xcom.py for tasks to queue
[2023-07-09T19:37:12.963+0000] {logging_mixin.py:149} INFO - [2023-07-09T19:37:12.963+0000] {dagbag.py:541} INFO - Filling up the DagBag from /home/airflow/.local/lib/python3.7/site-packages/airflow/example_dags/example_xcom.py
[2023-07-09T19:37:12.970+0000] {processor.py:836} INFO - DAG(s) dict_keys(['example_xcom']) retrieved from /home/airflow/.local/lib/python3.7/site-packages/airflow/example_dags/example_xcom.py
[2023-07-09T19:37:12.998+0000] {logging_mixin.py:149} INFO - [2023-07-09T19:37:12.997+0000] {dag.py:2726} INFO - Sync 1 DAGs
[2023-07-09T19:37:13.035+0000] {logging_mixin.py:149} INFO - [2023-07-09T19:37:13.035+0000] {dag.py:3490} INFO - Setting next_dagrun for example_xcom to 2021-01-01T00:00:00+00:00, run_after=2021-01-01T00:00:00+00:00
[2023-07-09T19:37:13.072+0000] {processor.py:179} INFO - Processing /home/airflow/.local/lib/python3.7/site-packages/airflow/example_dags/example_xcom.py took 0.115 seconds
[2023-07-09T19:37:43.260+0000] {processor.py:157} INFO - Started process (PID=4538) to work on /home/airflow/.local/lib/python3.7/site-packages/airflow/example_dags/example_xcom.py
[2023-07-09T19:37:43.261+0000] {processor.py:826} INFO - Processing file /home/airflow/.local/lib/python3.7/site-packages/airflow/example_dags/example_xcom.py for tasks to queue
[2023-07-09T19:37:43.262+0000] {logging_mixin.py:149} INFO - [2023-07-09T19:37:43.262+0000] {dagbag.py:541} INFO - Filling up the DagBag from /home/airflow/.local/lib/python3.7/site-packages/airflow/example_dags/example_xcom.py
[2023-07-09T19:37:43.269+0000] {processor.py:836} INFO - DAG(s) dict_keys(['example_xcom']) retrieved from /home/airflow/.local/lib/python3.7/site-packages/airflow/example_dags/example_xcom.py
[2023-07-09T19:37:43.298+0000] {logging_mixin.py:149} INFO - [2023-07-09T19:37:43.298+0000] {dag.py:2726} INFO - Sync 1 DAGs
[2023-07-09T19:37:43.323+0000] {logging_mixin.py:149} INFO - [2023-07-09T19:37:43.323+0000] {dag.py:3490} INFO - Setting next_dagrun for example_xcom to 2021-01-01T00:00:00+00:00, run_after=2021-01-01T00:00:00+00:00
[2023-07-09T19:37:43.347+0000] {processor.py:179} INFO - Processing /home/airflow/.local/lib/python3.7/site-packages/airflow/example_dags/example_xcom.py took 0.090 seconds
[2023-07-09T19:38:13.387+0000] {processor.py:157} INFO - Started process (PID=4600) to work on /home/airflow/.local/lib/python3.7/site-packages/airflow/example_dags/example_xcom.py
[2023-07-09T19:38:13.388+0000] {processor.py:826} INFO - Processing file /home/airflow/.local/lib/python3.7/site-packages/airflow/example_dags/example_xcom.py for tasks to queue
[2023-07-09T19:38:13.389+0000] {logging_mixin.py:149} INFO - [2023-07-09T19:38:13.389+0000] {dagbag.py:541} INFO - Filling up the DagBag from /home/airflow/.local/lib/python3.7/site-packages/airflow/example_dags/example_xcom.py
[2023-07-09T19:38:13.398+0000] {processor.py:836} INFO - DAG(s) dict_keys(['example_xcom']) retrieved from /home/airflow/.local/lib/python3.7/site-packages/airflow/example_dags/example_xcom.py
[2023-07-09T19:38:13.426+0000] {logging_mixin.py:149} INFO - [2023-07-09T19:38:13.426+0000] {dag.py:2726} INFO - Sync 1 DAGs
[2023-07-09T19:38:13.457+0000] {logging_mixin.py:149} INFO - [2023-07-09T19:38:13.456+0000] {dag.py:3490} INFO - Setting next_dagrun for example_xcom to 2021-01-01T00:00:00+00:00, run_after=2021-01-01T00:00:00+00:00
[2023-07-09T19:38:13.485+0000] {processor.py:179} INFO - Processing /home/airflow/.local/lib/python3.7/site-packages/airflow/example_dags/example_xcom.py took 0.101 seconds
[2023-07-09T19:38:43.821+0000] {processor.py:157} INFO - Started process (PID=4662) to work on /home/airflow/.local/lib/python3.7/site-packages/airflow/example_dags/example_xcom.py
[2023-07-09T19:38:43.823+0000] {processor.py:826} INFO - Processing file /home/airflow/.local/lib/python3.7/site-packages/airflow/example_dags/example_xcom.py for tasks to queue
[2023-07-09T19:38:43.824+0000] {logging_mixin.py:149} INFO - [2023-07-09T19:38:43.824+0000] {dagbag.py:541} INFO - Filling up the DagBag from /home/airflow/.local/lib/python3.7/site-packages/airflow/example_dags/example_xcom.py
[2023-07-09T19:38:43.834+0000] {processor.py:836} INFO - DAG(s) dict_keys(['example_xcom']) retrieved from /home/airflow/.local/lib/python3.7/site-packages/airflow/example_dags/example_xcom.py
[2023-07-09T19:38:43.863+0000] {logging_mixin.py:149} INFO - [2023-07-09T19:38:43.863+0000] {dag.py:2726} INFO - Sync 1 DAGs
[2023-07-09T19:38:43.892+0000] {logging_mixin.py:149} INFO - [2023-07-09T19:38:43.892+0000] {dag.py:3490} INFO - Setting next_dagrun for example_xcom to 2021-01-01T00:00:00+00:00, run_after=2021-01-01T00:00:00+00:00
[2023-07-09T19:38:43.918+0000] {processor.py:179} INFO - Processing /home/airflow/.local/lib/python3.7/site-packages/airflow/example_dags/example_xcom.py took 0.100 seconds
[2023-07-09T19:39:14.116+0000] {processor.py:157} INFO - Started process (PID=4724) to work on /home/airflow/.local/lib/python3.7/site-packages/airflow/example_dags/example_xcom.py
[2023-07-09T19:39:14.118+0000] {processor.py:826} INFO - Processing file /home/airflow/.local/lib/python3.7/site-packages/airflow/example_dags/example_xcom.py for tasks to queue
[2023-07-09T19:39:14.119+0000] {logging_mixin.py:149} INFO - [2023-07-09T19:39:14.119+0000] {dagbag.py:541} INFO - Filling up the DagBag from /home/airflow/.local/lib/python3.7/site-packages/airflow/example_dags/example_xcom.py
[2023-07-09T19:39:14.128+0000] {processor.py:836} INFO - DAG(s) dict_keys(['example_xcom']) retrieved from /home/airflow/.local/lib/python3.7/site-packages/airflow/example_dags/example_xcom.py
[2023-07-09T19:39:14.163+0000] {logging_mixin.py:149} INFO - [2023-07-09T19:39:14.163+0000] {dag.py:2726} INFO - Sync 1 DAGs
[2023-07-09T19:39:14.203+0000] {logging_mixin.py:149} INFO - [2023-07-09T19:39:14.203+0000] {dag.py:3490} INFO - Setting next_dagrun for example_xcom to 2021-01-01T00:00:00+00:00, run_after=2021-01-01T00:00:00+00:00
[2023-07-09T19:39:14.234+0000] {processor.py:179} INFO - Processing /home/airflow/.local/lib/python3.7/site-packages/airflow/example_dags/example_xcom.py took 0.122 seconds
[2023-07-09T19:39:44.747+0000] {processor.py:157} INFO - Started process (PID=4786) to work on /home/airflow/.local/lib/python3.7/site-packages/airflow/example_dags/example_xcom.py
[2023-07-09T19:39:44.748+0000] {processor.py:826} INFO - Processing file /home/airflow/.local/lib/python3.7/site-packages/airflow/example_dags/example_xcom.py for tasks to queue
[2023-07-09T19:39:44.749+0000] {logging_mixin.py:149} INFO - [2023-07-09T19:39:44.749+0000] {dagbag.py:541} INFO - Filling up the DagBag from /home/airflow/.local/lib/python3.7/site-packages/airflow/example_dags/example_xcom.py
[2023-07-09T19:39:44.755+0000] {processor.py:836} INFO - DAG(s) dict_keys(['example_xcom']) retrieved from /home/airflow/.local/lib/python3.7/site-packages/airflow/example_dags/example_xcom.py
[2023-07-09T19:39:44.779+0000] {logging_mixin.py:149} INFO - [2023-07-09T19:39:44.779+0000] {dag.py:2726} INFO - Sync 1 DAGs
[2023-07-09T19:39:44.801+0000] {logging_mixin.py:149} INFO - [2023-07-09T19:39:44.801+0000] {dag.py:3490} INFO - Setting next_dagrun for example_xcom to 2021-01-01T00:00:00+00:00, run_after=2021-01-01T00:00:00+00:00
[2023-07-09T19:39:44.823+0000] {processor.py:179} INFO - Processing /home/airflow/.local/lib/python3.7/site-packages/airflow/example_dags/example_xcom.py took 0.079 seconds
[2023-07-09T19:40:15.157+0000] {processor.py:157} INFO - Started process (PID=4848) to work on /home/airflow/.local/lib/python3.7/site-packages/airflow/example_dags/example_xcom.py
[2023-07-09T19:40:15.158+0000] {processor.py:826} INFO - Processing file /home/airflow/.local/lib/python3.7/site-packages/airflow/example_dags/example_xcom.py for tasks to queue
[2023-07-09T19:40:15.158+0000] {logging_mixin.py:149} INFO - [2023-07-09T19:40:15.158+0000] {dagbag.py:541} INFO - Filling up the DagBag from /home/airflow/.local/lib/python3.7/site-packages/airflow/example_dags/example_xcom.py
[2023-07-09T19:40:15.165+0000] {processor.py:836} INFO - DAG(s) dict_keys(['example_xcom']) retrieved from /home/airflow/.local/lib/python3.7/site-packages/airflow/example_dags/example_xcom.py
[2023-07-09T19:40:15.195+0000] {logging_mixin.py:149} INFO - [2023-07-09T19:40:15.195+0000] {dag.py:2726} INFO - Sync 1 DAGs
[2023-07-09T19:40:15.225+0000] {logging_mixin.py:149} INFO - [2023-07-09T19:40:15.225+0000] {dag.py:3490} INFO - Setting next_dagrun for example_xcom to 2021-01-01T00:00:00+00:00, run_after=2021-01-01T00:00:00+00:00
[2023-07-09T19:40:15.246+0000] {processor.py:179} INFO - Processing /home/airflow/.local/lib/python3.7/site-packages/airflow/example_dags/example_xcom.py took 0.092 seconds
[2023-07-09T19:40:46.168+0000] {processor.py:157} INFO - Started process (PID=4917) to work on /home/airflow/.local/lib/python3.7/site-packages/airflow/example_dags/example_xcom.py
[2023-07-09T19:40:46.168+0000] {processor.py:826} INFO - Processing file /home/airflow/.local/lib/python3.7/site-packages/airflow/example_dags/example_xcom.py for tasks to queue
[2023-07-09T19:40:46.169+0000] {logging_mixin.py:149} INFO - [2023-07-09T19:40:46.169+0000] {dagbag.py:541} INFO - Filling up the DagBag from /home/airflow/.local/lib/python3.7/site-packages/airflow/example_dags/example_xcom.py
[2023-07-09T19:40:46.177+0000] {processor.py:836} INFO - DAG(s) dict_keys(['example_xcom']) retrieved from /home/airflow/.local/lib/python3.7/site-packages/airflow/example_dags/example_xcom.py
[2023-07-09T19:40:46.208+0000] {logging_mixin.py:149} INFO - [2023-07-09T19:40:46.208+0000] {dag.py:2726} INFO - Sync 1 DAGs
[2023-07-09T19:40:46.238+0000] {logging_mixin.py:149} INFO - [2023-07-09T19:40:46.238+0000] {dag.py:3490} INFO - Setting next_dagrun for example_xcom to 2021-01-01T00:00:00+00:00, run_after=2021-01-01T00:00:00+00:00
[2023-07-09T19:40:46.263+0000] {processor.py:179} INFO - Processing /home/airflow/.local/lib/python3.7/site-packages/airflow/example_dags/example_xcom.py took 0.099 seconds
[2023-07-09T19:41:16.514+0000] {processor.py:157} INFO - Started process (PID=4972) to work on /home/airflow/.local/lib/python3.7/site-packages/airflow/example_dags/example_xcom.py
[2023-07-09T19:41:16.516+0000] {processor.py:826} INFO - Processing file /home/airflow/.local/lib/python3.7/site-packages/airflow/example_dags/example_xcom.py for tasks to queue
[2023-07-09T19:41:16.517+0000] {logging_mixin.py:149} INFO - [2023-07-09T19:41:16.517+0000] {dagbag.py:541} INFO - Filling up the DagBag from /home/airflow/.local/lib/python3.7/site-packages/airflow/example_dags/example_xcom.py
[2023-07-09T19:41:16.527+0000] {processor.py:836} INFO - DAG(s) dict_keys(['example_xcom']) retrieved from /home/airflow/.local/lib/python3.7/site-packages/airflow/example_dags/example_xcom.py
[2023-07-09T19:41:16.564+0000] {logging_mixin.py:149} INFO - [2023-07-09T19:41:16.563+0000] {dag.py:2726} INFO - Sync 1 DAGs
[2023-07-09T19:41:16.599+0000] {logging_mixin.py:149} INFO - [2023-07-09T19:41:16.599+0000] {dag.py:3490} INFO - Setting next_dagrun for example_xcom to 2021-01-01T00:00:00+00:00, run_after=2021-01-01T00:00:00+00:00
[2023-07-09T19:41:16.648+0000] {processor.py:179} INFO - Processing /home/airflow/.local/lib/python3.7/site-packages/airflow/example_dags/example_xcom.py took 0.138 seconds
[2023-07-09T23:59:27.808+0000] {processor.py:157} INFO - Started process (PID=5005) to work on /home/airflow/.local/lib/python3.7/site-packages/airflow/example_dags/example_xcom.py
[2023-07-09T23:59:27.810+0000] {processor.py:826} INFO - Processing file /home/airflow/.local/lib/python3.7/site-packages/airflow/example_dags/example_xcom.py for tasks to queue
[2023-07-09T23:59:27.812+0000] {logging_mixin.py:149} INFO - [2023-07-09T23:59:27.812+0000] {dagbag.py:541} INFO - Filling up the DagBag from /home/airflow/.local/lib/python3.7/site-packages/airflow/example_dags/example_xcom.py
[2023-07-09T23:59:27.825+0000] {processor.py:836} INFO - DAG(s) dict_keys(['example_xcom']) retrieved from /home/airflow/.local/lib/python3.7/site-packages/airflow/example_dags/example_xcom.py
[2023-07-09T23:59:27.880+0000] {logging_mixin.py:149} INFO - [2023-07-09T23:59:27.880+0000] {dag.py:2726} INFO - Sync 1 DAGs
[2023-07-09T23:59:27.929+0000] {logging_mixin.py:149} INFO - [2023-07-09T23:59:27.928+0000] {dag.py:3490} INFO - Setting next_dagrun for example_xcom to 2021-01-01T00:00:00+00:00, run_after=2021-01-01T00:00:00+00:00
[2023-07-09T23:59:27.977+0000] {processor.py:179} INFO - Processing /home/airflow/.local/lib/python3.7/site-packages/airflow/example_dags/example_xcom.py took 0.174 seconds
