[2023-07-09T19:06:51.220+0000] {processor.py:157} INFO - Started process (PID=788) to work on /home/airflow/.local/lib/python3.7/site-packages/airflow/example_dags/example_skip_dag.py
[2023-07-09T19:06:51.221+0000] {processor.py:826} INFO - Processing file /home/airflow/.local/lib/python3.7/site-packages/airflow/example_dags/example_skip_dag.py for tasks to queue
[2023-07-09T19:06:51.223+0000] {logging_mixin.py:149} INFO - [2023-07-09T19:06:51.222+0000] {dagbag.py:541} INFO - Filling up the DagBag from /home/airflow/.local/lib/python3.7/site-packages/airflow/example_dags/example_skip_dag.py
[2023-07-09T19:06:51.229+0000] {processor.py:836} INFO - DAG(s) dict_keys(['example_skip_dag']) retrieved from /home/airflow/.local/lib/python3.7/site-packages/airflow/example_dags/example_skip_dag.py
[2023-07-09T19:06:51.254+0000] {logging_mixin.py:149} INFO - [2023-07-09T19:06:51.254+0000] {dag.py:2726} INFO - Sync 1 DAGs
[2023-07-09T19:06:51.280+0000] {logging_mixin.py:149} INFO - [2023-07-09T19:06:51.280+0000] {dag.py:3490} INFO - Setting next_dagrun for example_skip_dag to 2023-07-08T19:06:51.279894+00:00, run_after=2023-07-09T19:06:51.279894+00:00
[2023-07-09T19:06:51.302+0000] {processor.py:179} INFO - Processing /home/airflow/.local/lib/python3.7/site-packages/airflow/example_dags/example_skip_dag.py took 0.085 seconds
[2023-07-09T19:07:21.413+0000] {processor.py:157} INFO - Started process (PID=849) to work on /home/airflow/.local/lib/python3.7/site-packages/airflow/example_dags/example_skip_dag.py
[2023-07-09T19:07:21.414+0000] {processor.py:826} INFO - Processing file /home/airflow/.local/lib/python3.7/site-packages/airflow/example_dags/example_skip_dag.py for tasks to queue
[2023-07-09T19:07:21.415+0000] {logging_mixin.py:149} INFO - [2023-07-09T19:07:21.415+0000] {dagbag.py:541} INFO - Filling up the DagBag from /home/airflow/.local/lib/python3.7/site-packages/airflow/example_dags/example_skip_dag.py
[2023-07-09T19:07:21.423+0000] {processor.py:836} INFO - DAG(s) dict_keys(['example_skip_dag']) retrieved from /home/airflow/.local/lib/python3.7/site-packages/airflow/example_dags/example_skip_dag.py
[2023-07-09T19:07:21.449+0000] {logging_mixin.py:149} INFO - [2023-07-09T19:07:21.448+0000] {dag.py:2726} INFO - Sync 1 DAGs
[2023-07-09T19:07:21.474+0000] {logging_mixin.py:149} INFO - [2023-07-09T19:07:21.474+0000] {dag.py:3490} INFO - Setting next_dagrun for example_skip_dag to 2023-07-08T19:07:21.473950+00:00, run_after=2023-07-09T19:07:21.473950+00:00
[2023-07-09T19:07:21.498+0000] {processor.py:179} INFO - Processing /home/airflow/.local/lib/python3.7/site-packages/airflow/example_dags/example_skip_dag.py took 0.089 seconds
[2023-07-09T19:07:51.917+0000] {processor.py:157} INFO - Started process (PID=910) to work on /home/airflow/.local/lib/python3.7/site-packages/airflow/example_dags/example_skip_dag.py
[2023-07-09T19:07:51.918+0000] {processor.py:826} INFO - Processing file /home/airflow/.local/lib/python3.7/site-packages/airflow/example_dags/example_skip_dag.py for tasks to queue
[2023-07-09T19:07:51.919+0000] {logging_mixin.py:149} INFO - [2023-07-09T19:07:51.919+0000] {dagbag.py:541} INFO - Filling up the DagBag from /home/airflow/.local/lib/python3.7/site-packages/airflow/example_dags/example_skip_dag.py
[2023-07-09T19:07:51.926+0000] {processor.py:836} INFO - DAG(s) dict_keys(['example_skip_dag']) retrieved from /home/airflow/.local/lib/python3.7/site-packages/airflow/example_dags/example_skip_dag.py
[2023-07-09T19:07:51.956+0000] {logging_mixin.py:149} INFO - [2023-07-09T19:07:51.956+0000] {dag.py:2726} INFO - Sync 1 DAGs
[2023-07-09T19:07:51.981+0000] {logging_mixin.py:149} INFO - [2023-07-09T19:07:51.981+0000] {dag.py:3490} INFO - Setting next_dagrun for example_skip_dag to 2023-07-08T19:07:51.981579+00:00, run_after=2023-07-09T19:07:51.981579+00:00
[2023-07-09T19:07:52.001+0000] {processor.py:179} INFO - Processing /home/airflow/.local/lib/python3.7/site-packages/airflow/example_dags/example_skip_dag.py took 0.087 seconds
[2023-07-09T19:08:22.083+0000] {processor.py:157} INFO - Started process (PID=971) to work on /home/airflow/.local/lib/python3.7/site-packages/airflow/example_dags/example_skip_dag.py
[2023-07-09T19:08:22.084+0000] {processor.py:826} INFO - Processing file /home/airflow/.local/lib/python3.7/site-packages/airflow/example_dags/example_skip_dag.py for tasks to queue
[2023-07-09T19:08:22.085+0000] {logging_mixin.py:149} INFO - [2023-07-09T19:08:22.085+0000] {dagbag.py:541} INFO - Filling up the DagBag from /home/airflow/.local/lib/python3.7/site-packages/airflow/example_dags/example_skip_dag.py
[2023-07-09T19:08:22.091+0000] {processor.py:836} INFO - DAG(s) dict_keys(['example_skip_dag']) retrieved from /home/airflow/.local/lib/python3.7/site-packages/airflow/example_dags/example_skip_dag.py
[2023-07-09T19:08:22.105+0000] {logging_mixin.py:149} INFO - [2023-07-09T19:08:22.105+0000] {dag.py:2726} INFO - Sync 1 DAGs
[2023-07-09T19:08:22.133+0000] {logging_mixin.py:149} INFO - [2023-07-09T19:08:22.133+0000] {dag.py:3490} INFO - Setting next_dagrun for example_skip_dag to 2023-07-08T19:08:22.132920+00:00, run_after=2023-07-09T19:08:22.132920+00:00
[2023-07-09T19:08:22.154+0000] {processor.py:179} INFO - Processing /home/airflow/.local/lib/python3.7/site-packages/airflow/example_dags/example_skip_dag.py took 0.074 seconds
[2023-07-09T19:08:52.371+0000] {processor.py:157} INFO - Started process (PID=1031) to work on /home/airflow/.local/lib/python3.7/site-packages/airflow/example_dags/example_skip_dag.py
[2023-07-09T19:08:52.373+0000] {processor.py:826} INFO - Processing file /home/airflow/.local/lib/python3.7/site-packages/airflow/example_dags/example_skip_dag.py for tasks to queue
[2023-07-09T19:08:52.374+0000] {logging_mixin.py:149} INFO - [2023-07-09T19:08:52.373+0000] {dagbag.py:541} INFO - Filling up the DagBag from /home/airflow/.local/lib/python3.7/site-packages/airflow/example_dags/example_skip_dag.py
[2023-07-09T19:08:52.381+0000] {processor.py:836} INFO - DAG(s) dict_keys(['example_skip_dag']) retrieved from /home/airflow/.local/lib/python3.7/site-packages/airflow/example_dags/example_skip_dag.py
[2023-07-09T19:08:52.404+0000] {logging_mixin.py:149} INFO - [2023-07-09T19:08:52.404+0000] {dag.py:2726} INFO - Sync 1 DAGs
[2023-07-09T19:08:52.427+0000] {logging_mixin.py:149} INFO - [2023-07-09T19:08:52.427+0000] {dag.py:3490} INFO - Setting next_dagrun for example_skip_dag to 2023-07-08T19:08:52.427584+00:00, run_after=2023-07-09T19:08:52.427584+00:00
[2023-07-09T19:08:52.452+0000] {processor.py:179} INFO - Processing /home/airflow/.local/lib/python3.7/site-packages/airflow/example_dags/example_skip_dag.py took 0.084 seconds
[2023-07-09T19:09:23.460+0000] {processor.py:157} INFO - Started process (PID=1093) to work on /home/airflow/.local/lib/python3.7/site-packages/airflow/example_dags/example_skip_dag.py
[2023-07-09T19:09:23.461+0000] {processor.py:826} INFO - Processing file /home/airflow/.local/lib/python3.7/site-packages/airflow/example_dags/example_skip_dag.py for tasks to queue
[2023-07-09T19:09:23.462+0000] {logging_mixin.py:149} INFO - [2023-07-09T19:09:23.462+0000] {dagbag.py:541} INFO - Filling up the DagBag from /home/airflow/.local/lib/python3.7/site-packages/airflow/example_dags/example_skip_dag.py
[2023-07-09T19:09:23.469+0000] {processor.py:836} INFO - DAG(s) dict_keys(['example_skip_dag']) retrieved from /home/airflow/.local/lib/python3.7/site-packages/airflow/example_dags/example_skip_dag.py
[2023-07-09T19:09:23.483+0000] {logging_mixin.py:149} INFO - [2023-07-09T19:09:23.483+0000] {dag.py:2726} INFO - Sync 1 DAGs
[2023-07-09T19:09:23.511+0000] {logging_mixin.py:149} INFO - [2023-07-09T19:09:23.511+0000] {dag.py:3490} INFO - Setting next_dagrun for example_skip_dag to 2023-07-08T19:09:23.510839+00:00, run_after=2023-07-09T19:09:23.510839+00:00
[2023-07-09T19:09:23.535+0000] {processor.py:179} INFO - Processing /home/airflow/.local/lib/python3.7/site-packages/airflow/example_dags/example_skip_dag.py took 0.078 seconds
[2023-07-09T19:09:53.567+0000] {processor.py:157} INFO - Started process (PID=1153) to work on /home/airflow/.local/lib/python3.7/site-packages/airflow/example_dags/example_skip_dag.py
[2023-07-09T19:09:53.568+0000] {processor.py:826} INFO - Processing file /home/airflow/.local/lib/python3.7/site-packages/airflow/example_dags/example_skip_dag.py for tasks to queue
[2023-07-09T19:09:53.569+0000] {logging_mixin.py:149} INFO - [2023-07-09T19:09:53.569+0000] {dagbag.py:541} INFO - Filling up the DagBag from /home/airflow/.local/lib/python3.7/site-packages/airflow/example_dags/example_skip_dag.py
[2023-07-09T19:09:53.576+0000] {processor.py:836} INFO - DAG(s) dict_keys(['example_skip_dag']) retrieved from /home/airflow/.local/lib/python3.7/site-packages/airflow/example_dags/example_skip_dag.py
[2023-07-09T19:09:53.601+0000] {logging_mixin.py:149} INFO - [2023-07-09T19:09:53.600+0000] {dag.py:2726} INFO - Sync 1 DAGs
[2023-07-09T19:09:53.624+0000] {logging_mixin.py:149} INFO - [2023-07-09T19:09:53.624+0000] {dag.py:3490} INFO - Setting next_dagrun for example_skip_dag to 2023-07-08T19:09:53.624037+00:00, run_after=2023-07-09T19:09:53.624037+00:00
[2023-07-09T19:09:53.645+0000] {processor.py:179} INFO - Processing /home/airflow/.local/lib/python3.7/site-packages/airflow/example_dags/example_skip_dag.py took 0.081 seconds
[2023-07-09T19:10:23.796+0000] {processor.py:157} INFO - Started process (PID=1213) to work on /home/airflow/.local/lib/python3.7/site-packages/airflow/example_dags/example_skip_dag.py
[2023-07-09T19:10:23.797+0000] {processor.py:826} INFO - Processing file /home/airflow/.local/lib/python3.7/site-packages/airflow/example_dags/example_skip_dag.py for tasks to queue
[2023-07-09T19:10:23.798+0000] {logging_mixin.py:149} INFO - [2023-07-09T19:10:23.798+0000] {dagbag.py:541} INFO - Filling up the DagBag from /home/airflow/.local/lib/python3.7/site-packages/airflow/example_dags/example_skip_dag.py
[2023-07-09T19:10:23.805+0000] {processor.py:836} INFO - DAG(s) dict_keys(['example_skip_dag']) retrieved from /home/airflow/.local/lib/python3.7/site-packages/airflow/example_dags/example_skip_dag.py
[2023-07-09T19:10:23.832+0000] {logging_mixin.py:149} INFO - [2023-07-09T19:10:23.832+0000] {dag.py:2726} INFO - Sync 1 DAGs
[2023-07-09T19:10:23.857+0000] {logging_mixin.py:149} INFO - [2023-07-09T19:10:23.857+0000] {dag.py:3490} INFO - Setting next_dagrun for example_skip_dag to 2023-07-08T19:10:23.856841+00:00, run_after=2023-07-09T19:10:23.856841+00:00
[2023-07-09T19:10:23.877+0000] {processor.py:179} INFO - Processing /home/airflow/.local/lib/python3.7/site-packages/airflow/example_dags/example_skip_dag.py took 0.084 seconds
[2023-07-09T19:10:53.992+0000] {processor.py:157} INFO - Started process (PID=1274) to work on /home/airflow/.local/lib/python3.7/site-packages/airflow/example_dags/example_skip_dag.py
[2023-07-09T19:10:53.993+0000] {processor.py:826} INFO - Processing file /home/airflow/.local/lib/python3.7/site-packages/airflow/example_dags/example_skip_dag.py for tasks to queue
[2023-07-09T19:10:53.994+0000] {logging_mixin.py:149} INFO - [2023-07-09T19:10:53.994+0000] {dagbag.py:541} INFO - Filling up the DagBag from /home/airflow/.local/lib/python3.7/site-packages/airflow/example_dags/example_skip_dag.py
[2023-07-09T19:10:54.000+0000] {processor.py:836} INFO - DAG(s) dict_keys(['example_skip_dag']) retrieved from /home/airflow/.local/lib/python3.7/site-packages/airflow/example_dags/example_skip_dag.py
[2023-07-09T19:10:54.024+0000] {logging_mixin.py:149} INFO - [2023-07-09T19:10:54.024+0000] {dag.py:2726} INFO - Sync 1 DAGs
[2023-07-09T19:10:54.050+0000] {logging_mixin.py:149} INFO - [2023-07-09T19:10:54.050+0000] {dag.py:3490} INFO - Setting next_dagrun for example_skip_dag to 2023-07-08T19:10:54.049814+00:00, run_after=2023-07-09T19:10:54.049814+00:00
[2023-07-09T19:10:54.070+0000] {processor.py:179} INFO - Processing /home/airflow/.local/lib/python3.7/site-packages/airflow/example_dags/example_skip_dag.py took 0.081 seconds
[2023-07-09T19:11:24.319+0000] {processor.py:157} INFO - Started process (PID=1335) to work on /home/airflow/.local/lib/python3.7/site-packages/airflow/example_dags/example_skip_dag.py
[2023-07-09T19:11:24.320+0000] {processor.py:826} INFO - Processing file /home/airflow/.local/lib/python3.7/site-packages/airflow/example_dags/example_skip_dag.py for tasks to queue
[2023-07-09T19:11:24.322+0000] {logging_mixin.py:149} INFO - [2023-07-09T19:11:24.321+0000] {dagbag.py:541} INFO - Filling up the DagBag from /home/airflow/.local/lib/python3.7/site-packages/airflow/example_dags/example_skip_dag.py
[2023-07-09T19:11:24.328+0000] {processor.py:836} INFO - DAG(s) dict_keys(['example_skip_dag']) retrieved from /home/airflow/.local/lib/python3.7/site-packages/airflow/example_dags/example_skip_dag.py
[2023-07-09T19:11:24.356+0000] {logging_mixin.py:149} INFO - [2023-07-09T19:11:24.355+0000] {dag.py:2726} INFO - Sync 1 DAGs
[2023-07-09T19:11:24.381+0000] {logging_mixin.py:149} INFO - [2023-07-09T19:11:24.381+0000] {dag.py:3490} INFO - Setting next_dagrun for example_skip_dag to 2023-07-08T19:11:24.380811+00:00, run_after=2023-07-09T19:11:24.380811+00:00
[2023-07-09T19:11:24.403+0000] {processor.py:179} INFO - Processing /home/airflow/.local/lib/python3.7/site-packages/airflow/example_dags/example_skip_dag.py took 0.087 seconds
[2023-07-09T19:11:54.698+0000] {processor.py:157} INFO - Started process (PID=1396) to work on /home/airflow/.local/lib/python3.7/site-packages/airflow/example_dags/example_skip_dag.py
[2023-07-09T19:11:54.699+0000] {processor.py:826} INFO - Processing file /home/airflow/.local/lib/python3.7/site-packages/airflow/example_dags/example_skip_dag.py for tasks to queue
[2023-07-09T19:11:54.700+0000] {logging_mixin.py:149} INFO - [2023-07-09T19:11:54.700+0000] {dagbag.py:541} INFO - Filling up the DagBag from /home/airflow/.local/lib/python3.7/site-packages/airflow/example_dags/example_skip_dag.py
[2023-07-09T19:11:54.709+0000] {processor.py:836} INFO - DAG(s) dict_keys(['example_skip_dag']) retrieved from /home/airflow/.local/lib/python3.7/site-packages/airflow/example_dags/example_skip_dag.py
[2023-07-09T19:11:54.733+0000] {logging_mixin.py:149} INFO - [2023-07-09T19:11:54.733+0000] {dag.py:2726} INFO - Sync 1 DAGs
[2023-07-09T19:11:54.760+0000] {logging_mixin.py:149} INFO - [2023-07-09T19:11:54.759+0000] {dag.py:3490} INFO - Setting next_dagrun for example_skip_dag to 2023-07-08T19:11:54.759600+00:00, run_after=2023-07-09T19:11:54.759600+00:00
[2023-07-09T19:11:54.782+0000] {processor.py:179} INFO - Processing /home/airflow/.local/lib/python3.7/site-packages/airflow/example_dags/example_skip_dag.py took 0.088 seconds
[2023-07-09T19:12:24.826+0000] {processor.py:157} INFO - Started process (PID=1457) to work on /home/airflow/.local/lib/python3.7/site-packages/airflow/example_dags/example_skip_dag.py
[2023-07-09T19:12:24.827+0000] {processor.py:826} INFO - Processing file /home/airflow/.local/lib/python3.7/site-packages/airflow/example_dags/example_skip_dag.py for tasks to queue
[2023-07-09T19:12:24.828+0000] {logging_mixin.py:149} INFO - [2023-07-09T19:12:24.828+0000] {dagbag.py:541} INFO - Filling up the DagBag from /home/airflow/.local/lib/python3.7/site-packages/airflow/example_dags/example_skip_dag.py
[2023-07-09T19:12:24.835+0000] {processor.py:836} INFO - DAG(s) dict_keys(['example_skip_dag']) retrieved from /home/airflow/.local/lib/python3.7/site-packages/airflow/example_dags/example_skip_dag.py
[2023-07-09T19:12:24.848+0000] {logging_mixin.py:149} INFO - [2023-07-09T19:12:24.848+0000] {dag.py:2726} INFO - Sync 1 DAGs
[2023-07-09T19:12:24.871+0000] {logging_mixin.py:149} INFO - [2023-07-09T19:12:24.870+0000] {dag.py:3490} INFO - Setting next_dagrun for example_skip_dag to 2023-07-08T19:12:24.870779+00:00, run_after=2023-07-09T19:12:24.870779+00:00
[2023-07-09T19:12:24.891+0000] {processor.py:179} INFO - Processing /home/airflow/.local/lib/python3.7/site-packages/airflow/example_dags/example_skip_dag.py took 0.069 seconds
[2023-07-09T19:12:55.509+0000] {processor.py:157} INFO - Started process (PID=1518) to work on /home/airflow/.local/lib/python3.7/site-packages/airflow/example_dags/example_skip_dag.py
[2023-07-09T19:12:55.510+0000] {processor.py:826} INFO - Processing file /home/airflow/.local/lib/python3.7/site-packages/airflow/example_dags/example_skip_dag.py for tasks to queue
[2023-07-09T19:12:55.511+0000] {logging_mixin.py:149} INFO - [2023-07-09T19:12:55.511+0000] {dagbag.py:541} INFO - Filling up the DagBag from /home/airflow/.local/lib/python3.7/site-packages/airflow/example_dags/example_skip_dag.py
[2023-07-09T19:12:55.518+0000] {processor.py:836} INFO - DAG(s) dict_keys(['example_skip_dag']) retrieved from /home/airflow/.local/lib/python3.7/site-packages/airflow/example_dags/example_skip_dag.py
[2023-07-09T19:12:55.542+0000] {logging_mixin.py:149} INFO - [2023-07-09T19:12:55.542+0000] {dag.py:2726} INFO - Sync 1 DAGs
[2023-07-09T19:12:55.566+0000] {logging_mixin.py:149} INFO - [2023-07-09T19:12:55.566+0000] {dag.py:3490} INFO - Setting next_dagrun for example_skip_dag to 2023-07-08T19:12:55.565889+00:00, run_after=2023-07-09T19:12:55.565889+00:00
[2023-07-09T19:12:55.601+0000] {processor.py:179} INFO - Processing /home/airflow/.local/lib/python3.7/site-packages/airflow/example_dags/example_skip_dag.py took 0.095 seconds
[2023-07-09T19:13:25.677+0000] {processor.py:157} INFO - Started process (PID=1580) to work on /home/airflow/.local/lib/python3.7/site-packages/airflow/example_dags/example_skip_dag.py
[2023-07-09T19:13:25.679+0000] {processor.py:826} INFO - Processing file /home/airflow/.local/lib/python3.7/site-packages/airflow/example_dags/example_skip_dag.py for tasks to queue
[2023-07-09T19:13:25.680+0000] {logging_mixin.py:149} INFO - [2023-07-09T19:13:25.680+0000] {dagbag.py:541} INFO - Filling up the DagBag from /home/airflow/.local/lib/python3.7/site-packages/airflow/example_dags/example_skip_dag.py
[2023-07-09T19:13:25.686+0000] {processor.py:836} INFO - DAG(s) dict_keys(['example_skip_dag']) retrieved from /home/airflow/.local/lib/python3.7/site-packages/airflow/example_dags/example_skip_dag.py
[2023-07-09T19:13:25.712+0000] {logging_mixin.py:149} INFO - [2023-07-09T19:13:25.711+0000] {dag.py:2726} INFO - Sync 1 DAGs
[2023-07-09T19:13:25.736+0000] {logging_mixin.py:149} INFO - [2023-07-09T19:13:25.735+0000] {dag.py:3490} INFO - Setting next_dagrun for example_skip_dag to 2023-07-08T19:13:25.735755+00:00, run_after=2023-07-09T19:13:25.735755+00:00
[2023-07-09T19:13:25.758+0000] {processor.py:179} INFO - Processing /home/airflow/.local/lib/python3.7/site-packages/airflow/example_dags/example_skip_dag.py took 0.084 seconds
[2023-07-09T19:13:56.090+0000] {processor.py:157} INFO - Started process (PID=1641) to work on /home/airflow/.local/lib/python3.7/site-packages/airflow/example_dags/example_skip_dag.py
[2023-07-09T19:13:56.091+0000] {processor.py:826} INFO - Processing file /home/airflow/.local/lib/python3.7/site-packages/airflow/example_dags/example_skip_dag.py for tasks to queue
[2023-07-09T19:13:56.092+0000] {logging_mixin.py:149} INFO - [2023-07-09T19:13:56.092+0000] {dagbag.py:541} INFO - Filling up the DagBag from /home/airflow/.local/lib/python3.7/site-packages/airflow/example_dags/example_skip_dag.py
[2023-07-09T19:13:56.101+0000] {processor.py:836} INFO - DAG(s) dict_keys(['example_skip_dag']) retrieved from /home/airflow/.local/lib/python3.7/site-packages/airflow/example_dags/example_skip_dag.py
[2023-07-09T19:13:56.125+0000] {logging_mixin.py:149} INFO - [2023-07-09T19:13:56.125+0000] {dag.py:2726} INFO - Sync 1 DAGs
[2023-07-09T19:13:56.147+0000] {logging_mixin.py:149} INFO - [2023-07-09T19:13:56.147+0000] {dag.py:3490} INFO - Setting next_dagrun for example_skip_dag to 2023-07-08T19:13:56.146837+00:00, run_after=2023-07-09T19:13:56.146837+00:00
[2023-07-09T19:13:56.166+0000] {processor.py:179} INFO - Processing /home/airflow/.local/lib/python3.7/site-packages/airflow/example_dags/example_skip_dag.py took 0.079 seconds
[2023-07-09T19:14:26.343+0000] {processor.py:157} INFO - Started process (PID=1702) to work on /home/airflow/.local/lib/python3.7/site-packages/airflow/example_dags/example_skip_dag.py
[2023-07-09T19:14:26.344+0000] {processor.py:826} INFO - Processing file /home/airflow/.local/lib/python3.7/site-packages/airflow/example_dags/example_skip_dag.py for tasks to queue
[2023-07-09T19:14:26.345+0000] {logging_mixin.py:149} INFO - [2023-07-09T19:14:26.345+0000] {dagbag.py:541} INFO - Filling up the DagBag from /home/airflow/.local/lib/python3.7/site-packages/airflow/example_dags/example_skip_dag.py
[2023-07-09T19:14:26.352+0000] {processor.py:836} INFO - DAG(s) dict_keys(['example_skip_dag']) retrieved from /home/airflow/.local/lib/python3.7/site-packages/airflow/example_dags/example_skip_dag.py
[2023-07-09T19:14:26.376+0000] {logging_mixin.py:149} INFO - [2023-07-09T19:14:26.376+0000] {dag.py:2726} INFO - Sync 1 DAGs
[2023-07-09T19:14:26.400+0000] {logging_mixin.py:149} INFO - [2023-07-09T19:14:26.400+0000] {dag.py:3490} INFO - Setting next_dagrun for example_skip_dag to 2023-07-08T19:14:26.400001+00:00, run_after=2023-07-09T19:14:26.400001+00:00
[2023-07-09T19:14:26.422+0000] {processor.py:179} INFO - Processing /home/airflow/.local/lib/python3.7/site-packages/airflow/example_dags/example_skip_dag.py took 0.082 seconds
[2023-07-09T19:14:56.522+0000] {processor.py:157} INFO - Started process (PID=1763) to work on /home/airflow/.local/lib/python3.7/site-packages/airflow/example_dags/example_skip_dag.py
[2023-07-09T19:14:56.523+0000] {processor.py:826} INFO - Processing file /home/airflow/.local/lib/python3.7/site-packages/airflow/example_dags/example_skip_dag.py for tasks to queue
[2023-07-09T19:14:56.524+0000] {logging_mixin.py:149} INFO - [2023-07-09T19:14:56.524+0000] {dagbag.py:541} INFO - Filling up the DagBag from /home/airflow/.local/lib/python3.7/site-packages/airflow/example_dags/example_skip_dag.py
[2023-07-09T19:14:56.531+0000] {processor.py:836} INFO - DAG(s) dict_keys(['example_skip_dag']) retrieved from /home/airflow/.local/lib/python3.7/site-packages/airflow/example_dags/example_skip_dag.py
[2023-07-09T19:14:56.554+0000] {logging_mixin.py:149} INFO - [2023-07-09T19:14:56.554+0000] {dag.py:2726} INFO - Sync 1 DAGs
[2023-07-09T19:14:56.579+0000] {logging_mixin.py:149} INFO - [2023-07-09T19:14:56.578+0000] {dag.py:3490} INFO - Setting next_dagrun for example_skip_dag to 2023-07-08T19:14:56.578716+00:00, run_after=2023-07-09T19:14:56.578716+00:00
[2023-07-09T19:14:56.599+0000] {processor.py:179} INFO - Processing /home/airflow/.local/lib/python3.7/site-packages/airflow/example_dags/example_skip_dag.py took 0.080 seconds
[2023-07-09T19:15:27.385+0000] {processor.py:157} INFO - Started process (PID=1824) to work on /home/airflow/.local/lib/python3.7/site-packages/airflow/example_dags/example_skip_dag.py
[2023-07-09T19:15:27.386+0000] {processor.py:826} INFO - Processing file /home/airflow/.local/lib/python3.7/site-packages/airflow/example_dags/example_skip_dag.py for tasks to queue
[2023-07-09T19:15:27.386+0000] {logging_mixin.py:149} INFO - [2023-07-09T19:15:27.386+0000] {dagbag.py:541} INFO - Filling up the DagBag from /home/airflow/.local/lib/python3.7/site-packages/airflow/example_dags/example_skip_dag.py
[2023-07-09T19:15:27.393+0000] {processor.py:836} INFO - DAG(s) dict_keys(['example_skip_dag']) retrieved from /home/airflow/.local/lib/python3.7/site-packages/airflow/example_dags/example_skip_dag.py
[2023-07-09T19:15:27.418+0000] {logging_mixin.py:149} INFO - [2023-07-09T19:15:27.418+0000] {dag.py:2726} INFO - Sync 1 DAGs
[2023-07-09T19:15:27.442+0000] {logging_mixin.py:149} INFO - [2023-07-09T19:15:27.442+0000] {dag.py:3490} INFO - Setting next_dagrun for example_skip_dag to 2023-07-08T19:15:27.442530+00:00, run_after=2023-07-09T19:15:27.442530+00:00
[2023-07-09T19:15:27.464+0000] {processor.py:179} INFO - Processing /home/airflow/.local/lib/python3.7/site-packages/airflow/example_dags/example_skip_dag.py took 0.082 seconds
[2023-07-09T19:15:57.668+0000] {processor.py:157} INFO - Started process (PID=1886) to work on /home/airflow/.local/lib/python3.7/site-packages/airflow/example_dags/example_skip_dag.py
[2023-07-09T19:15:57.670+0000] {processor.py:826} INFO - Processing file /home/airflow/.local/lib/python3.7/site-packages/airflow/example_dags/example_skip_dag.py for tasks to queue
[2023-07-09T19:15:57.671+0000] {logging_mixin.py:149} INFO - [2023-07-09T19:15:57.671+0000] {dagbag.py:541} INFO - Filling up the DagBag from /home/airflow/.local/lib/python3.7/site-packages/airflow/example_dags/example_skip_dag.py
[2023-07-09T19:15:57.678+0000] {processor.py:836} INFO - DAG(s) dict_keys(['example_skip_dag']) retrieved from /home/airflow/.local/lib/python3.7/site-packages/airflow/example_dags/example_skip_dag.py
[2023-07-09T19:15:57.703+0000] {logging_mixin.py:149} INFO - [2023-07-09T19:15:57.702+0000] {dag.py:2726} INFO - Sync 1 DAGs
[2023-07-09T19:15:57.724+0000] {logging_mixin.py:149} INFO - [2023-07-09T19:15:57.724+0000] {dag.py:3490} INFO - Setting next_dagrun for example_skip_dag to 2023-07-08T19:15:57.724269+00:00, run_after=2023-07-09T19:15:57.724269+00:00
[2023-07-09T19:15:57.743+0000] {processor.py:179} INFO - Processing /home/airflow/.local/lib/python3.7/site-packages/airflow/example_dags/example_skip_dag.py took 0.077 seconds
[2023-07-09T19:16:27.864+0000] {processor.py:157} INFO - Started process (PID=1949) to work on /home/airflow/.local/lib/python3.7/site-packages/airflow/example_dags/example_skip_dag.py
[2023-07-09T19:16:27.866+0000] {processor.py:826} INFO - Processing file /home/airflow/.local/lib/python3.7/site-packages/airflow/example_dags/example_skip_dag.py for tasks to queue
[2023-07-09T19:16:27.867+0000] {logging_mixin.py:149} INFO - [2023-07-09T19:16:27.866+0000] {dagbag.py:541} INFO - Filling up the DagBag from /home/airflow/.local/lib/python3.7/site-packages/airflow/example_dags/example_skip_dag.py
[2023-07-09T19:16:27.873+0000] {processor.py:836} INFO - DAG(s) dict_keys(['example_skip_dag']) retrieved from /home/airflow/.local/lib/python3.7/site-packages/airflow/example_dags/example_skip_dag.py
[2023-07-09T19:16:27.898+0000] {logging_mixin.py:149} INFO - [2023-07-09T19:16:27.898+0000] {dag.py:2726} INFO - Sync 1 DAGs
[2023-07-09T19:16:27.919+0000] {logging_mixin.py:149} INFO - [2023-07-09T19:16:27.919+0000] {dag.py:3490} INFO - Setting next_dagrun for example_skip_dag to 2023-07-08T19:16:27.919586+00:00, run_after=2023-07-09T19:16:27.919586+00:00
[2023-07-09T19:16:27.940+0000] {processor.py:179} INFO - Processing /home/airflow/.local/lib/python3.7/site-packages/airflow/example_dags/example_skip_dag.py took 0.079 seconds
[2023-07-09T19:16:58.055+0000] {processor.py:157} INFO - Started process (PID=2011) to work on /home/airflow/.local/lib/python3.7/site-packages/airflow/example_dags/example_skip_dag.py
[2023-07-09T19:16:58.056+0000] {processor.py:826} INFO - Processing file /home/airflow/.local/lib/python3.7/site-packages/airflow/example_dags/example_skip_dag.py for tasks to queue
[2023-07-09T19:16:58.057+0000] {logging_mixin.py:149} INFO - [2023-07-09T19:16:58.057+0000] {dagbag.py:541} INFO - Filling up the DagBag from /home/airflow/.local/lib/python3.7/site-packages/airflow/example_dags/example_skip_dag.py
[2023-07-09T19:16:58.063+0000] {processor.py:836} INFO - DAG(s) dict_keys(['example_skip_dag']) retrieved from /home/airflow/.local/lib/python3.7/site-packages/airflow/example_dags/example_skip_dag.py
[2023-07-09T19:16:58.087+0000] {logging_mixin.py:149} INFO - [2023-07-09T19:16:58.086+0000] {dag.py:2726} INFO - Sync 1 DAGs
[2023-07-09T19:16:58.111+0000] {logging_mixin.py:149} INFO - [2023-07-09T19:16:58.110+0000] {dag.py:3490} INFO - Setting next_dagrun for example_skip_dag to 2023-07-08T19:16:58.110770+00:00, run_after=2023-07-09T19:16:58.110770+00:00
[2023-07-09T19:16:58.130+0000] {processor.py:179} INFO - Processing /home/airflow/.local/lib/python3.7/site-packages/airflow/example_dags/example_skip_dag.py took 0.078 seconds
[2023-07-09T19:17:28.450+0000] {processor.py:157} INFO - Started process (PID=2073) to work on /home/airflow/.local/lib/python3.7/site-packages/airflow/example_dags/example_skip_dag.py
[2023-07-09T19:17:28.451+0000] {processor.py:826} INFO - Processing file /home/airflow/.local/lib/python3.7/site-packages/airflow/example_dags/example_skip_dag.py for tasks to queue
[2023-07-09T19:17:28.452+0000] {logging_mixin.py:149} INFO - [2023-07-09T19:17:28.452+0000] {dagbag.py:541} INFO - Filling up the DagBag from /home/airflow/.local/lib/python3.7/site-packages/airflow/example_dags/example_skip_dag.py
[2023-07-09T19:17:28.461+0000] {processor.py:836} INFO - DAG(s) dict_keys(['example_skip_dag']) retrieved from /home/airflow/.local/lib/python3.7/site-packages/airflow/example_dags/example_skip_dag.py
[2023-07-09T19:17:28.482+0000] {logging_mixin.py:149} INFO - [2023-07-09T19:17:28.482+0000] {dag.py:2726} INFO - Sync 1 DAGs
[2023-07-09T19:17:28.504+0000] {logging_mixin.py:149} INFO - [2023-07-09T19:17:28.504+0000] {dag.py:3490} INFO - Setting next_dagrun for example_skip_dag to 2023-07-08T19:17:28.504525+00:00, run_after=2023-07-09T19:17:28.504525+00:00
[2023-07-09T19:17:28.529+0000] {processor.py:179} INFO - Processing /home/airflow/.local/lib/python3.7/site-packages/airflow/example_dags/example_skip_dag.py took 0.082 seconds
[2023-07-09T19:17:59.342+0000] {processor.py:157} INFO - Started process (PID=2135) to work on /home/airflow/.local/lib/python3.7/site-packages/airflow/example_dags/example_skip_dag.py
[2023-07-09T19:17:59.343+0000] {processor.py:826} INFO - Processing file /home/airflow/.local/lib/python3.7/site-packages/airflow/example_dags/example_skip_dag.py for tasks to queue
[2023-07-09T19:17:59.344+0000] {logging_mixin.py:149} INFO - [2023-07-09T19:17:59.344+0000] {dagbag.py:541} INFO - Filling up the DagBag from /home/airflow/.local/lib/python3.7/site-packages/airflow/example_dags/example_skip_dag.py
[2023-07-09T19:17:59.351+0000] {processor.py:836} INFO - DAG(s) dict_keys(['example_skip_dag']) retrieved from /home/airflow/.local/lib/python3.7/site-packages/airflow/example_dags/example_skip_dag.py
[2023-07-09T19:17:59.376+0000] {logging_mixin.py:149} INFO - [2023-07-09T19:17:59.376+0000] {dag.py:2726} INFO - Sync 1 DAGs
[2023-07-09T19:17:59.399+0000] {logging_mixin.py:149} INFO - [2023-07-09T19:17:59.399+0000] {dag.py:3490} INFO - Setting next_dagrun for example_skip_dag to 2023-07-08T19:17:59.399193+00:00, run_after=2023-07-09T19:17:59.399193+00:00
[2023-07-09T19:17:59.420+0000] {processor.py:179} INFO - Processing /home/airflow/.local/lib/python3.7/site-packages/airflow/example_dags/example_skip_dag.py took 0.082 seconds
[2023-07-09T19:18:29.688+0000] {processor.py:157} INFO - Started process (PID=2197) to work on /home/airflow/.local/lib/python3.7/site-packages/airflow/example_dags/example_skip_dag.py
[2023-07-09T19:18:29.688+0000] {processor.py:826} INFO - Processing file /home/airflow/.local/lib/python3.7/site-packages/airflow/example_dags/example_skip_dag.py for tasks to queue
[2023-07-09T19:18:29.689+0000] {logging_mixin.py:149} INFO - [2023-07-09T19:18:29.689+0000] {dagbag.py:541} INFO - Filling up the DagBag from /home/airflow/.local/lib/python3.7/site-packages/airflow/example_dags/example_skip_dag.py
[2023-07-09T19:18:29.696+0000] {processor.py:836} INFO - DAG(s) dict_keys(['example_skip_dag']) retrieved from /home/airflow/.local/lib/python3.7/site-packages/airflow/example_dags/example_skip_dag.py
[2023-07-09T19:18:29.721+0000] {logging_mixin.py:149} INFO - [2023-07-09T19:18:29.721+0000] {dag.py:2726} INFO - Sync 1 DAGs
[2023-07-09T19:18:29.744+0000] {logging_mixin.py:149} INFO - [2023-07-09T19:18:29.744+0000] {dag.py:3490} INFO - Setting next_dagrun for example_skip_dag to 2023-07-08T19:18:29.743813+00:00, run_after=2023-07-09T19:18:29.743813+00:00
[2023-07-09T19:18:29.765+0000] {processor.py:179} INFO - Processing /home/airflow/.local/lib/python3.7/site-packages/airflow/example_dags/example_skip_dag.py took 0.080 seconds
[2023-07-09T19:18:59.964+0000] {processor.py:157} INFO - Started process (PID=2259) to work on /home/airflow/.local/lib/python3.7/site-packages/airflow/example_dags/example_skip_dag.py
[2023-07-09T19:18:59.965+0000] {processor.py:826} INFO - Processing file /home/airflow/.local/lib/python3.7/site-packages/airflow/example_dags/example_skip_dag.py for tasks to queue
[2023-07-09T19:18:59.966+0000] {logging_mixin.py:149} INFO - [2023-07-09T19:18:59.966+0000] {dagbag.py:541} INFO - Filling up the DagBag from /home/airflow/.local/lib/python3.7/site-packages/airflow/example_dags/example_skip_dag.py
[2023-07-09T19:18:59.973+0000] {processor.py:836} INFO - DAG(s) dict_keys(['example_skip_dag']) retrieved from /home/airflow/.local/lib/python3.7/site-packages/airflow/example_dags/example_skip_dag.py
[2023-07-09T19:18:59.998+0000] {logging_mixin.py:149} INFO - [2023-07-09T19:18:59.997+0000] {dag.py:2726} INFO - Sync 1 DAGs
[2023-07-09T19:19:00.021+0000] {logging_mixin.py:149} INFO - [2023-07-09T19:19:00.021+0000] {dag.py:3490} INFO - Setting next_dagrun for example_skip_dag to 2023-07-08T19:19:00.021589+00:00, run_after=2023-07-09T19:19:00.021589+00:00
[2023-07-09T19:19:00.041+0000] {processor.py:179} INFO - Processing /home/airflow/.local/lib/python3.7/site-packages/airflow/example_dags/example_skip_dag.py took 0.080 seconds
[2023-07-09T19:19:30.157+0000] {processor.py:157} INFO - Started process (PID=2321) to work on /home/airflow/.local/lib/python3.7/site-packages/airflow/example_dags/example_skip_dag.py
[2023-07-09T19:19:30.158+0000] {processor.py:826} INFO - Processing file /home/airflow/.local/lib/python3.7/site-packages/airflow/example_dags/example_skip_dag.py for tasks to queue
[2023-07-09T19:19:30.159+0000] {logging_mixin.py:149} INFO - [2023-07-09T19:19:30.158+0000] {dagbag.py:541} INFO - Filling up the DagBag from /home/airflow/.local/lib/python3.7/site-packages/airflow/example_dags/example_skip_dag.py
[2023-07-09T19:19:30.165+0000] {processor.py:836} INFO - DAG(s) dict_keys(['example_skip_dag']) retrieved from /home/airflow/.local/lib/python3.7/site-packages/airflow/example_dags/example_skip_dag.py
[2023-07-09T19:19:30.190+0000] {logging_mixin.py:149} INFO - [2023-07-09T19:19:30.190+0000] {dag.py:2726} INFO - Sync 1 DAGs
[2023-07-09T19:19:30.213+0000] {logging_mixin.py:149} INFO - [2023-07-09T19:19:30.213+0000] {dag.py:3490} INFO - Setting next_dagrun for example_skip_dag to 2023-07-08T19:19:30.213365+00:00, run_after=2023-07-09T19:19:30.213365+00:00
[2023-07-09T19:19:30.235+0000] {processor.py:179} INFO - Processing /home/airflow/.local/lib/python3.7/site-packages/airflow/example_dags/example_skip_dag.py took 0.081 seconds
[2023-07-09T19:20:00.353+0000] {processor.py:157} INFO - Started process (PID=2383) to work on /home/airflow/.local/lib/python3.7/site-packages/airflow/example_dags/example_skip_dag.py
[2023-07-09T19:20:00.354+0000] {processor.py:826} INFO - Processing file /home/airflow/.local/lib/python3.7/site-packages/airflow/example_dags/example_skip_dag.py for tasks to queue
[2023-07-09T19:20:00.355+0000] {logging_mixin.py:149} INFO - [2023-07-09T19:20:00.355+0000] {dagbag.py:541} INFO - Filling up the DagBag from /home/airflow/.local/lib/python3.7/site-packages/airflow/example_dags/example_skip_dag.py
[2023-07-09T19:20:00.361+0000] {processor.py:836} INFO - DAG(s) dict_keys(['example_skip_dag']) retrieved from /home/airflow/.local/lib/python3.7/site-packages/airflow/example_dags/example_skip_dag.py
[2023-07-09T19:20:00.386+0000] {logging_mixin.py:149} INFO - [2023-07-09T19:20:00.386+0000] {dag.py:2726} INFO - Sync 1 DAGs
[2023-07-09T19:20:00.409+0000] {logging_mixin.py:149} INFO - [2023-07-09T19:20:00.409+0000] {dag.py:3490} INFO - Setting next_dagrun for example_skip_dag to 2023-07-08T19:20:00.408944+00:00, run_after=2023-07-09T19:20:00.408944+00:00
[2023-07-09T19:20:00.430+0000] {processor.py:179} INFO - Processing /home/airflow/.local/lib/python3.7/site-packages/airflow/example_dags/example_skip_dag.py took 0.080 seconds
[2023-07-09T19:20:30.728+0000] {processor.py:157} INFO - Started process (PID=2445) to work on /home/airflow/.local/lib/python3.7/site-packages/airflow/example_dags/example_skip_dag.py
[2023-07-09T19:20:30.729+0000] {processor.py:826} INFO - Processing file /home/airflow/.local/lib/python3.7/site-packages/airflow/example_dags/example_skip_dag.py for tasks to queue
[2023-07-09T19:20:30.730+0000] {logging_mixin.py:149} INFO - [2023-07-09T19:20:30.729+0000] {dagbag.py:541} INFO - Filling up the DagBag from /home/airflow/.local/lib/python3.7/site-packages/airflow/example_dags/example_skip_dag.py
[2023-07-09T19:20:30.736+0000] {processor.py:836} INFO - DAG(s) dict_keys(['example_skip_dag']) retrieved from /home/airflow/.local/lib/python3.7/site-packages/airflow/example_dags/example_skip_dag.py
[2023-07-09T19:20:30.761+0000] {logging_mixin.py:149} INFO - [2023-07-09T19:20:30.760+0000] {dag.py:2726} INFO - Sync 1 DAGs
[2023-07-09T19:20:30.785+0000] {logging_mixin.py:149} INFO - [2023-07-09T19:20:30.785+0000] {dag.py:3490} INFO - Setting next_dagrun for example_skip_dag to 2023-07-08T19:20:30.785097+00:00, run_after=2023-07-09T19:20:30.785097+00:00
[2023-07-09T19:20:30.808+0000] {processor.py:179} INFO - Processing /home/airflow/.local/lib/python3.7/site-packages/airflow/example_dags/example_skip_dag.py took 0.083 seconds
[2023-07-09T19:21:01.095+0000] {processor.py:157} INFO - Started process (PID=2507) to work on /home/airflow/.local/lib/python3.7/site-packages/airflow/example_dags/example_skip_dag.py
[2023-07-09T19:21:01.096+0000] {processor.py:826} INFO - Processing file /home/airflow/.local/lib/python3.7/site-packages/airflow/example_dags/example_skip_dag.py for tasks to queue
[2023-07-09T19:21:01.097+0000] {logging_mixin.py:149} INFO - [2023-07-09T19:21:01.097+0000] {dagbag.py:541} INFO - Filling up the DagBag from /home/airflow/.local/lib/python3.7/site-packages/airflow/example_dags/example_skip_dag.py
[2023-07-09T19:21:01.104+0000] {processor.py:836} INFO - DAG(s) dict_keys(['example_skip_dag']) retrieved from /home/airflow/.local/lib/python3.7/site-packages/airflow/example_dags/example_skip_dag.py
[2023-07-09T19:21:01.129+0000] {logging_mixin.py:149} INFO - [2023-07-09T19:21:01.129+0000] {dag.py:2726} INFO - Sync 1 DAGs
[2023-07-09T19:21:01.153+0000] {logging_mixin.py:149} INFO - [2023-07-09T19:21:01.153+0000] {dag.py:3490} INFO - Setting next_dagrun for example_skip_dag to 2023-07-08T19:21:01.152828+00:00, run_after=2023-07-09T19:21:01.152828+00:00
[2023-07-09T19:21:01.173+0000] {processor.py:179} INFO - Processing /home/airflow/.local/lib/python3.7/site-packages/airflow/example_dags/example_skip_dag.py took 0.081 seconds
[2023-07-09T19:21:31.465+0000] {processor.py:157} INFO - Started process (PID=2569) to work on /home/airflow/.local/lib/python3.7/site-packages/airflow/example_dags/example_skip_dag.py
[2023-07-09T19:21:31.467+0000] {processor.py:826} INFO - Processing file /home/airflow/.local/lib/python3.7/site-packages/airflow/example_dags/example_skip_dag.py for tasks to queue
[2023-07-09T19:21:31.468+0000] {logging_mixin.py:149} INFO - [2023-07-09T19:21:31.468+0000] {dagbag.py:541} INFO - Filling up the DagBag from /home/airflow/.local/lib/python3.7/site-packages/airflow/example_dags/example_skip_dag.py
[2023-07-09T19:21:31.477+0000] {processor.py:836} INFO - DAG(s) dict_keys(['example_skip_dag']) retrieved from /home/airflow/.local/lib/python3.7/site-packages/airflow/example_dags/example_skip_dag.py
[2023-07-09T19:21:31.506+0000] {logging_mixin.py:149} INFO - [2023-07-09T19:21:31.506+0000] {dag.py:2726} INFO - Sync 1 DAGs
[2023-07-09T19:21:31.535+0000] {logging_mixin.py:149} INFO - [2023-07-09T19:21:31.534+0000] {dag.py:3490} INFO - Setting next_dagrun for example_skip_dag to 2023-07-08T19:21:31.534682+00:00, run_after=2023-07-09T19:21:31.534682+00:00
[2023-07-09T19:21:31.553+0000] {processor.py:179} INFO - Processing /home/airflow/.local/lib/python3.7/site-packages/airflow/example_dags/example_skip_dag.py took 0.092 seconds
[2023-07-09T19:22:01.735+0000] {processor.py:157} INFO - Started process (PID=2631) to work on /home/airflow/.local/lib/python3.7/site-packages/airflow/example_dags/example_skip_dag.py
[2023-07-09T19:22:01.736+0000] {processor.py:826} INFO - Processing file /home/airflow/.local/lib/python3.7/site-packages/airflow/example_dags/example_skip_dag.py for tasks to queue
[2023-07-09T19:22:01.737+0000] {logging_mixin.py:149} INFO - [2023-07-09T19:22:01.737+0000] {dagbag.py:541} INFO - Filling up the DagBag from /home/airflow/.local/lib/python3.7/site-packages/airflow/example_dags/example_skip_dag.py
[2023-07-09T19:22:01.744+0000] {processor.py:836} INFO - DAG(s) dict_keys(['example_skip_dag']) retrieved from /home/airflow/.local/lib/python3.7/site-packages/airflow/example_dags/example_skip_dag.py
[2023-07-09T19:22:01.770+0000] {logging_mixin.py:149} INFO - [2023-07-09T19:22:01.769+0000] {dag.py:2726} INFO - Sync 1 DAGs
[2023-07-09T19:22:01.795+0000] {logging_mixin.py:149} INFO - [2023-07-09T19:22:01.795+0000] {dag.py:3490} INFO - Setting next_dagrun for example_skip_dag to 2023-07-08T19:22:01.795140+00:00, run_after=2023-07-09T19:22:01.795140+00:00
[2023-07-09T19:22:01.817+0000] {processor.py:179} INFO - Processing /home/airflow/.local/lib/python3.7/site-packages/airflow/example_dags/example_skip_dag.py took 0.086 seconds
[2023-07-09T19:22:31.912+0000] {processor.py:157} INFO - Started process (PID=2693) to work on /home/airflow/.local/lib/python3.7/site-packages/airflow/example_dags/example_skip_dag.py
[2023-07-09T19:22:31.913+0000] {processor.py:826} INFO - Processing file /home/airflow/.local/lib/python3.7/site-packages/airflow/example_dags/example_skip_dag.py for tasks to queue
[2023-07-09T19:22:31.914+0000] {logging_mixin.py:149} INFO - [2023-07-09T19:22:31.914+0000] {dagbag.py:541} INFO - Filling up the DagBag from /home/airflow/.local/lib/python3.7/site-packages/airflow/example_dags/example_skip_dag.py
[2023-07-09T19:22:31.921+0000] {processor.py:836} INFO - DAG(s) dict_keys(['example_skip_dag']) retrieved from /home/airflow/.local/lib/python3.7/site-packages/airflow/example_dags/example_skip_dag.py
[2023-07-09T19:22:31.946+0000] {logging_mixin.py:149} INFO - [2023-07-09T19:22:31.946+0000] {dag.py:2726} INFO - Sync 1 DAGs
[2023-07-09T19:22:31.967+0000] {logging_mixin.py:149} INFO - [2023-07-09T19:22:31.967+0000] {dag.py:3490} INFO - Setting next_dagrun for example_skip_dag to 2023-07-08T19:22:31.967315+00:00, run_after=2023-07-09T19:22:31.967315+00:00
[2023-07-09T19:22:31.986+0000] {processor.py:179} INFO - Processing /home/airflow/.local/lib/python3.7/site-packages/airflow/example_dags/example_skip_dag.py took 0.077 seconds
[2023-07-09T19:23:02.220+0000] {processor.py:157} INFO - Started process (PID=2755) to work on /home/airflow/.local/lib/python3.7/site-packages/airflow/example_dags/example_skip_dag.py
[2023-07-09T19:23:02.221+0000] {processor.py:826} INFO - Processing file /home/airflow/.local/lib/python3.7/site-packages/airflow/example_dags/example_skip_dag.py for tasks to queue
[2023-07-09T19:23:02.222+0000] {logging_mixin.py:149} INFO - [2023-07-09T19:23:02.222+0000] {dagbag.py:541} INFO - Filling up the DagBag from /home/airflow/.local/lib/python3.7/site-packages/airflow/example_dags/example_skip_dag.py
[2023-07-09T19:23:02.230+0000] {processor.py:836} INFO - DAG(s) dict_keys(['example_skip_dag']) retrieved from /home/airflow/.local/lib/python3.7/site-packages/airflow/example_dags/example_skip_dag.py
[2023-07-09T19:23:02.254+0000] {logging_mixin.py:149} INFO - [2023-07-09T19:23:02.254+0000] {dag.py:2726} INFO - Sync 1 DAGs
[2023-07-09T19:23:02.280+0000] {logging_mixin.py:149} INFO - [2023-07-09T19:23:02.279+0000] {dag.py:3490} INFO - Setting next_dagrun for example_skip_dag to 2023-07-08T19:23:02.279796+00:00, run_after=2023-07-09T19:23:02.279796+00:00
[2023-07-09T19:23:02.303+0000] {processor.py:179} INFO - Processing /home/airflow/.local/lib/python3.7/site-packages/airflow/example_dags/example_skip_dag.py took 0.086 seconds
[2023-07-09T19:23:33.185+0000] {processor.py:157} INFO - Started process (PID=2809) to work on /home/airflow/.local/lib/python3.7/site-packages/airflow/example_dags/example_skip_dag.py
[2023-07-09T19:23:33.186+0000] {processor.py:826} INFO - Processing file /home/airflow/.local/lib/python3.7/site-packages/airflow/example_dags/example_skip_dag.py for tasks to queue
[2023-07-09T19:23:33.187+0000] {logging_mixin.py:149} INFO - [2023-07-09T19:23:33.187+0000] {dagbag.py:541} INFO - Filling up the DagBag from /home/airflow/.local/lib/python3.7/site-packages/airflow/example_dags/example_skip_dag.py
[2023-07-09T19:23:33.193+0000] {processor.py:836} INFO - DAG(s) dict_keys(['example_skip_dag']) retrieved from /home/airflow/.local/lib/python3.7/site-packages/airflow/example_dags/example_skip_dag.py
[2023-07-09T19:23:33.218+0000] {logging_mixin.py:149} INFO - [2023-07-09T19:23:33.217+0000] {dag.py:2726} INFO - Sync 1 DAGs
[2023-07-09T19:23:33.241+0000] {logging_mixin.py:149} INFO - [2023-07-09T19:23:33.241+0000] {dag.py:3490} INFO - Setting next_dagrun for example_skip_dag to 2023-07-08T19:23:33.241253+00:00, run_after=2023-07-09T19:23:33.241253+00:00
[2023-07-09T19:23:33.264+0000] {processor.py:179} INFO - Processing /home/airflow/.local/lib/python3.7/site-packages/airflow/example_dags/example_skip_dag.py took 0.083 seconds
[2023-07-09T19:24:03.591+0000] {processor.py:157} INFO - Started process (PID=2871) to work on /home/airflow/.local/lib/python3.7/site-packages/airflow/example_dags/example_skip_dag.py
[2023-07-09T19:24:03.592+0000] {processor.py:826} INFO - Processing file /home/airflow/.local/lib/python3.7/site-packages/airflow/example_dags/example_skip_dag.py for tasks to queue
[2023-07-09T19:24:03.593+0000] {logging_mixin.py:149} INFO - [2023-07-09T19:24:03.593+0000] {dagbag.py:541} INFO - Filling up the DagBag from /home/airflow/.local/lib/python3.7/site-packages/airflow/example_dags/example_skip_dag.py
[2023-07-09T19:24:03.599+0000] {processor.py:836} INFO - DAG(s) dict_keys(['example_skip_dag']) retrieved from /home/airflow/.local/lib/python3.7/site-packages/airflow/example_dags/example_skip_dag.py
[2023-07-09T19:24:03.623+0000] {logging_mixin.py:149} INFO - [2023-07-09T19:24:03.622+0000] {dag.py:2726} INFO - Sync 1 DAGs
[2023-07-09T19:24:03.648+0000] {logging_mixin.py:149} INFO - [2023-07-09T19:24:03.647+0000] {dag.py:3490} INFO - Setting next_dagrun for example_skip_dag to 2023-07-08T19:24:03.647697+00:00, run_after=2023-07-09T19:24:03.647697+00:00
[2023-07-09T19:24:03.670+0000] {processor.py:179} INFO - Processing /home/airflow/.local/lib/python3.7/site-packages/airflow/example_dags/example_skip_dag.py took 0.082 seconds
[2023-07-09T19:24:33.887+0000] {processor.py:157} INFO - Started process (PID=2933) to work on /home/airflow/.local/lib/python3.7/site-packages/airflow/example_dags/example_skip_dag.py
[2023-07-09T19:24:33.888+0000] {processor.py:826} INFO - Processing file /home/airflow/.local/lib/python3.7/site-packages/airflow/example_dags/example_skip_dag.py for tasks to queue
[2023-07-09T19:24:33.889+0000] {logging_mixin.py:149} INFO - [2023-07-09T19:24:33.889+0000] {dagbag.py:541} INFO - Filling up the DagBag from /home/airflow/.local/lib/python3.7/site-packages/airflow/example_dags/example_skip_dag.py
[2023-07-09T19:24:33.896+0000] {processor.py:836} INFO - DAG(s) dict_keys(['example_skip_dag']) retrieved from /home/airflow/.local/lib/python3.7/site-packages/airflow/example_dags/example_skip_dag.py
[2023-07-09T19:24:33.921+0000] {logging_mixin.py:149} INFO - [2023-07-09T19:24:33.921+0000] {dag.py:2726} INFO - Sync 1 DAGs
[2023-07-09T19:24:33.946+0000] {logging_mixin.py:149} INFO - [2023-07-09T19:24:33.946+0000] {dag.py:3490} INFO - Setting next_dagrun for example_skip_dag to 2023-07-08T19:24:33.945798+00:00, run_after=2023-07-09T19:24:33.945798+00:00
[2023-07-09T19:24:33.967+0000] {processor.py:179} INFO - Processing /home/airflow/.local/lib/python3.7/site-packages/airflow/example_dags/example_skip_dag.py took 0.083 seconds
[2023-07-09T19:25:04.078+0000] {processor.py:157} INFO - Started process (PID=2995) to work on /home/airflow/.local/lib/python3.7/site-packages/airflow/example_dags/example_skip_dag.py
[2023-07-09T19:25:04.079+0000] {processor.py:826} INFO - Processing file /home/airflow/.local/lib/python3.7/site-packages/airflow/example_dags/example_skip_dag.py for tasks to queue
[2023-07-09T19:25:04.080+0000] {logging_mixin.py:149} INFO - [2023-07-09T19:25:04.080+0000] {dagbag.py:541} INFO - Filling up the DagBag from /home/airflow/.local/lib/python3.7/site-packages/airflow/example_dags/example_skip_dag.py
[2023-07-09T19:25:04.087+0000] {processor.py:836} INFO - DAG(s) dict_keys(['example_skip_dag']) retrieved from /home/airflow/.local/lib/python3.7/site-packages/airflow/example_dags/example_skip_dag.py
[2023-07-09T19:25:04.110+0000] {logging_mixin.py:149} INFO - [2023-07-09T19:25:04.110+0000] {dag.py:2726} INFO - Sync 1 DAGs
[2023-07-09T19:25:04.133+0000] {logging_mixin.py:149} INFO - [2023-07-09T19:25:04.133+0000] {dag.py:3490} INFO - Setting next_dagrun for example_skip_dag to 2023-07-08T19:25:04.133358+00:00, run_after=2023-07-09T19:25:04.133358+00:00
[2023-07-09T19:25:04.152+0000] {processor.py:179} INFO - Processing /home/airflow/.local/lib/python3.7/site-packages/airflow/example_dags/example_skip_dag.py took 0.076 seconds
[2023-07-09T19:25:34.997+0000] {processor.py:157} INFO - Started process (PID=3057) to work on /home/airflow/.local/lib/python3.7/site-packages/airflow/example_dags/example_skip_dag.py
[2023-07-09T19:25:34.998+0000] {processor.py:826} INFO - Processing file /home/airflow/.local/lib/python3.7/site-packages/airflow/example_dags/example_skip_dag.py for tasks to queue
[2023-07-09T19:25:34.999+0000] {logging_mixin.py:149} INFO - [2023-07-09T19:25:34.999+0000] {dagbag.py:541} INFO - Filling up the DagBag from /home/airflow/.local/lib/python3.7/site-packages/airflow/example_dags/example_skip_dag.py
[2023-07-09T19:25:35.005+0000] {processor.py:836} INFO - DAG(s) dict_keys(['example_skip_dag']) retrieved from /home/airflow/.local/lib/python3.7/site-packages/airflow/example_dags/example_skip_dag.py
[2023-07-09T19:25:35.030+0000] {logging_mixin.py:149} INFO - [2023-07-09T19:25:35.030+0000] {dag.py:2726} INFO - Sync 1 DAGs
[2023-07-09T19:25:35.053+0000] {logging_mixin.py:149} INFO - [2023-07-09T19:25:35.053+0000] {dag.py:3490} INFO - Setting next_dagrun for example_skip_dag to 2023-07-08T19:25:35.053589+00:00, run_after=2023-07-09T19:25:35.053589+00:00
[2023-07-09T19:25:35.075+0000] {processor.py:179} INFO - Processing /home/airflow/.local/lib/python3.7/site-packages/airflow/example_dags/example_skip_dag.py took 0.081 seconds
[2023-07-09T19:26:05.499+0000] {processor.py:157} INFO - Started process (PID=3119) to work on /home/airflow/.local/lib/python3.7/site-packages/airflow/example_dags/example_skip_dag.py
[2023-07-09T19:26:05.500+0000] {processor.py:826} INFO - Processing file /home/airflow/.local/lib/python3.7/site-packages/airflow/example_dags/example_skip_dag.py for tasks to queue
[2023-07-09T19:26:05.501+0000] {logging_mixin.py:149} INFO - [2023-07-09T19:26:05.501+0000] {dagbag.py:541} INFO - Filling up the DagBag from /home/airflow/.local/lib/python3.7/site-packages/airflow/example_dags/example_skip_dag.py
[2023-07-09T19:26:05.507+0000] {processor.py:836} INFO - DAG(s) dict_keys(['example_skip_dag']) retrieved from /home/airflow/.local/lib/python3.7/site-packages/airflow/example_dags/example_skip_dag.py
[2023-07-09T19:26:05.530+0000] {logging_mixin.py:149} INFO - [2023-07-09T19:26:05.530+0000] {dag.py:2726} INFO - Sync 1 DAGs
[2023-07-09T19:26:05.554+0000] {logging_mixin.py:149} INFO - [2023-07-09T19:26:05.554+0000] {dag.py:3490} INFO - Setting next_dagrun for example_skip_dag to 2023-07-08T19:26:05.553794+00:00, run_after=2023-07-09T19:26:05.553794+00:00
[2023-07-09T19:26:05.576+0000] {processor.py:179} INFO - Processing /home/airflow/.local/lib/python3.7/site-packages/airflow/example_dags/example_skip_dag.py took 0.080 seconds
[2023-07-09T19:26:36.119+0000] {processor.py:157} INFO - Started process (PID=3181) to work on /home/airflow/.local/lib/python3.7/site-packages/airflow/example_dags/example_skip_dag.py
[2023-07-09T19:26:36.120+0000] {processor.py:826} INFO - Processing file /home/airflow/.local/lib/python3.7/site-packages/airflow/example_dags/example_skip_dag.py for tasks to queue
[2023-07-09T19:26:36.121+0000] {logging_mixin.py:149} INFO - [2023-07-09T19:26:36.121+0000] {dagbag.py:541} INFO - Filling up the DagBag from /home/airflow/.local/lib/python3.7/site-packages/airflow/example_dags/example_skip_dag.py
[2023-07-09T19:26:36.128+0000] {processor.py:836} INFO - DAG(s) dict_keys(['example_skip_dag']) retrieved from /home/airflow/.local/lib/python3.7/site-packages/airflow/example_dags/example_skip_dag.py
[2023-07-09T19:26:36.154+0000] {logging_mixin.py:149} INFO - [2023-07-09T19:26:36.154+0000] {dag.py:2726} INFO - Sync 1 DAGs
[2023-07-09T19:26:36.183+0000] {logging_mixin.py:149} INFO - [2023-07-09T19:26:36.183+0000] {dag.py:3490} INFO - Setting next_dagrun for example_skip_dag to 2023-07-08T19:26:36.183184+00:00, run_after=2023-07-09T19:26:36.183184+00:00
[2023-07-09T19:26:36.208+0000] {processor.py:179} INFO - Processing /home/airflow/.local/lib/python3.7/site-packages/airflow/example_dags/example_skip_dag.py took 0.092 seconds
[2023-07-09T19:27:06.566+0000] {processor.py:157} INFO - Started process (PID=3243) to work on /home/airflow/.local/lib/python3.7/site-packages/airflow/example_dags/example_skip_dag.py
[2023-07-09T19:27:06.567+0000] {processor.py:826} INFO - Processing file /home/airflow/.local/lib/python3.7/site-packages/airflow/example_dags/example_skip_dag.py for tasks to queue
[2023-07-09T19:27:06.568+0000] {logging_mixin.py:149} INFO - [2023-07-09T19:27:06.568+0000] {dagbag.py:541} INFO - Filling up the DagBag from /home/airflow/.local/lib/python3.7/site-packages/airflow/example_dags/example_skip_dag.py
[2023-07-09T19:27:06.575+0000] {processor.py:836} INFO - DAG(s) dict_keys(['example_skip_dag']) retrieved from /home/airflow/.local/lib/python3.7/site-packages/airflow/example_dags/example_skip_dag.py
[2023-07-09T19:27:06.597+0000] {logging_mixin.py:149} INFO - [2023-07-09T19:27:06.597+0000] {dag.py:2726} INFO - Sync 1 DAGs
[2023-07-09T19:27:06.622+0000] {logging_mixin.py:149} INFO - [2023-07-09T19:27:06.622+0000] {dag.py:3490} INFO - Setting next_dagrun for example_skip_dag to 2023-07-08T19:27:06.621768+00:00, run_after=2023-07-09T19:27:06.621768+00:00
[2023-07-09T19:27:06.642+0000] {processor.py:179} INFO - Processing /home/airflow/.local/lib/python3.7/site-packages/airflow/example_dags/example_skip_dag.py took 0.079 seconds
[2023-07-09T19:27:37.247+0000] {processor.py:157} INFO - Started process (PID=3306) to work on /home/airflow/.local/lib/python3.7/site-packages/airflow/example_dags/example_skip_dag.py
[2023-07-09T19:27:37.248+0000] {processor.py:826} INFO - Processing file /home/airflow/.local/lib/python3.7/site-packages/airflow/example_dags/example_skip_dag.py for tasks to queue
[2023-07-09T19:27:37.250+0000] {logging_mixin.py:149} INFO - [2023-07-09T19:27:37.249+0000] {dagbag.py:541} INFO - Filling up the DagBag from /home/airflow/.local/lib/python3.7/site-packages/airflow/example_dags/example_skip_dag.py
[2023-07-09T19:27:37.256+0000] {processor.py:836} INFO - DAG(s) dict_keys(['example_skip_dag']) retrieved from /home/airflow/.local/lib/python3.7/site-packages/airflow/example_dags/example_skip_dag.py
[2023-07-09T19:27:37.281+0000] {logging_mixin.py:149} INFO - [2023-07-09T19:27:37.281+0000] {dag.py:2726} INFO - Sync 1 DAGs
[2023-07-09T19:27:37.304+0000] {logging_mixin.py:149} INFO - [2023-07-09T19:27:37.304+0000] {dag.py:3490} INFO - Setting next_dagrun for example_skip_dag to 2023-07-08T19:27:37.303879+00:00, run_after=2023-07-09T19:27:37.303879+00:00
[2023-07-09T19:27:37.327+0000] {processor.py:179} INFO - Processing /home/airflow/.local/lib/python3.7/site-packages/airflow/example_dags/example_skip_dag.py took 0.083 seconds
[2023-07-09T19:28:07.945+0000] {processor.py:157} INFO - Started process (PID=3368) to work on /home/airflow/.local/lib/python3.7/site-packages/airflow/example_dags/example_skip_dag.py
[2023-07-09T19:28:07.947+0000] {processor.py:826} INFO - Processing file /home/airflow/.local/lib/python3.7/site-packages/airflow/example_dags/example_skip_dag.py for tasks to queue
[2023-07-09T19:28:07.948+0000] {logging_mixin.py:149} INFO - [2023-07-09T19:28:07.948+0000] {dagbag.py:541} INFO - Filling up the DagBag from /home/airflow/.local/lib/python3.7/site-packages/airflow/example_dags/example_skip_dag.py
[2023-07-09T19:28:07.954+0000] {processor.py:836} INFO - DAG(s) dict_keys(['example_skip_dag']) retrieved from /home/airflow/.local/lib/python3.7/site-packages/airflow/example_dags/example_skip_dag.py
[2023-07-09T19:28:07.977+0000] {logging_mixin.py:149} INFO - [2023-07-09T19:28:07.977+0000] {dag.py:2726} INFO - Sync 1 DAGs
[2023-07-09T19:28:08.000+0000] {logging_mixin.py:149} INFO - [2023-07-09T19:28:08.000+0000] {dag.py:3490} INFO - Setting next_dagrun for example_skip_dag to 2023-07-08T19:28:08.000442+00:00, run_after=2023-07-09T19:28:08.000442+00:00
[2023-07-09T19:28:08.021+0000] {processor.py:179} INFO - Processing /home/airflow/.local/lib/python3.7/site-packages/airflow/example_dags/example_skip_dag.py took 0.078 seconds
[2023-07-09T19:28:38.425+0000] {processor.py:157} INFO - Started process (PID=3430) to work on /home/airflow/.local/lib/python3.7/site-packages/airflow/example_dags/example_skip_dag.py
[2023-07-09T19:28:38.426+0000] {processor.py:826} INFO - Processing file /home/airflow/.local/lib/python3.7/site-packages/airflow/example_dags/example_skip_dag.py for tasks to queue
[2023-07-09T19:28:38.428+0000] {logging_mixin.py:149} INFO - [2023-07-09T19:28:38.427+0000] {dagbag.py:541} INFO - Filling up the DagBag from /home/airflow/.local/lib/python3.7/site-packages/airflow/example_dags/example_skip_dag.py
[2023-07-09T19:28:38.434+0000] {processor.py:836} INFO - DAG(s) dict_keys(['example_skip_dag']) retrieved from /home/airflow/.local/lib/python3.7/site-packages/airflow/example_dags/example_skip_dag.py
[2023-07-09T19:28:38.459+0000] {logging_mixin.py:149} INFO - [2023-07-09T19:28:38.459+0000] {dag.py:2726} INFO - Sync 1 DAGs
[2023-07-09T19:28:38.482+0000] {logging_mixin.py:149} INFO - [2023-07-09T19:28:38.482+0000] {dag.py:3490} INFO - Setting next_dagrun for example_skip_dag to 2023-07-08T19:28:38.482538+00:00, run_after=2023-07-09T19:28:38.482538+00:00
[2023-07-09T19:28:38.503+0000] {processor.py:179} INFO - Processing /home/airflow/.local/lib/python3.7/site-packages/airflow/example_dags/example_skip_dag.py took 0.080 seconds
[2023-07-09T19:29:09.030+0000] {processor.py:157} INFO - Started process (PID=3492) to work on /home/airflow/.local/lib/python3.7/site-packages/airflow/example_dags/example_skip_dag.py
[2023-07-09T19:29:09.032+0000] {processor.py:826} INFO - Processing file /home/airflow/.local/lib/python3.7/site-packages/airflow/example_dags/example_skip_dag.py for tasks to queue
[2023-07-09T19:29:09.033+0000] {logging_mixin.py:149} INFO - [2023-07-09T19:29:09.032+0000] {dagbag.py:541} INFO - Filling up the DagBag from /home/airflow/.local/lib/python3.7/site-packages/airflow/example_dags/example_skip_dag.py
[2023-07-09T19:29:09.041+0000] {processor.py:836} INFO - DAG(s) dict_keys(['example_skip_dag']) retrieved from /home/airflow/.local/lib/python3.7/site-packages/airflow/example_dags/example_skip_dag.py
[2023-07-09T19:29:09.066+0000] {logging_mixin.py:149} INFO - [2023-07-09T19:29:09.066+0000] {dag.py:2726} INFO - Sync 1 DAGs
[2023-07-09T19:29:09.093+0000] {logging_mixin.py:149} INFO - [2023-07-09T19:29:09.093+0000] {dag.py:3490} INFO - Setting next_dagrun for example_skip_dag to 2023-07-08T19:29:09.093082+00:00, run_after=2023-07-09T19:29:09.093082+00:00
[2023-07-09T19:29:09.114+0000] {processor.py:179} INFO - Processing /home/airflow/.local/lib/python3.7/site-packages/airflow/example_dags/example_skip_dag.py took 0.088 seconds
[2023-07-09T19:29:39.630+0000] {processor.py:157} INFO - Started process (PID=3554) to work on /home/airflow/.local/lib/python3.7/site-packages/airflow/example_dags/example_skip_dag.py
[2023-07-09T19:29:39.631+0000] {processor.py:826} INFO - Processing file /home/airflow/.local/lib/python3.7/site-packages/airflow/example_dags/example_skip_dag.py for tasks to queue
[2023-07-09T19:29:39.632+0000] {logging_mixin.py:149} INFO - [2023-07-09T19:29:39.632+0000] {dagbag.py:541} INFO - Filling up the DagBag from /home/airflow/.local/lib/python3.7/site-packages/airflow/example_dags/example_skip_dag.py
[2023-07-09T19:29:39.639+0000] {processor.py:836} INFO - DAG(s) dict_keys(['example_skip_dag']) retrieved from /home/airflow/.local/lib/python3.7/site-packages/airflow/example_dags/example_skip_dag.py
[2023-07-09T19:29:39.664+0000] {logging_mixin.py:149} INFO - [2023-07-09T19:29:39.664+0000] {dag.py:2726} INFO - Sync 1 DAGs
[2023-07-09T19:29:39.688+0000] {logging_mixin.py:149} INFO - [2023-07-09T19:29:39.688+0000] {dag.py:3490} INFO - Setting next_dagrun for example_skip_dag to 2023-07-08T19:29:39.688575+00:00, run_after=2023-07-09T19:29:39.688575+00:00
[2023-07-09T19:29:39.708+0000] {processor.py:179} INFO - Processing /home/airflow/.local/lib/python3.7/site-packages/airflow/example_dags/example_skip_dag.py took 0.081 seconds
[2023-07-09T19:30:10.192+0000] {processor.py:157} INFO - Started process (PID=3616) to work on /home/airflow/.local/lib/python3.7/site-packages/airflow/example_dags/example_skip_dag.py
[2023-07-09T19:30:10.193+0000] {processor.py:826} INFO - Processing file /home/airflow/.local/lib/python3.7/site-packages/airflow/example_dags/example_skip_dag.py for tasks to queue
[2023-07-09T19:30:10.194+0000] {logging_mixin.py:149} INFO - [2023-07-09T19:30:10.194+0000] {dagbag.py:541} INFO - Filling up the DagBag from /home/airflow/.local/lib/python3.7/site-packages/airflow/example_dags/example_skip_dag.py
[2023-07-09T19:30:10.202+0000] {processor.py:836} INFO - DAG(s) dict_keys(['example_skip_dag']) retrieved from /home/airflow/.local/lib/python3.7/site-packages/airflow/example_dags/example_skip_dag.py
[2023-07-09T19:30:10.228+0000] {logging_mixin.py:149} INFO - [2023-07-09T19:30:10.228+0000] {dag.py:2726} INFO - Sync 1 DAGs
[2023-07-09T19:30:10.255+0000] {logging_mixin.py:149} INFO - [2023-07-09T19:30:10.254+0000] {dag.py:3490} INFO - Setting next_dagrun for example_skip_dag to 2023-07-08T19:30:10.254598+00:00, run_after=2023-07-09T19:30:10.254598+00:00
[2023-07-09T19:30:10.277+0000] {processor.py:179} INFO - Processing /home/airflow/.local/lib/python3.7/site-packages/airflow/example_dags/example_skip_dag.py took 0.088 seconds
[2023-07-09T19:30:41.092+0000] {processor.py:157} INFO - Started process (PID=3678) to work on /home/airflow/.local/lib/python3.7/site-packages/airflow/example_dags/example_skip_dag.py
[2023-07-09T19:30:41.093+0000] {processor.py:826} INFO - Processing file /home/airflow/.local/lib/python3.7/site-packages/airflow/example_dags/example_skip_dag.py for tasks to queue
[2023-07-09T19:30:41.094+0000] {logging_mixin.py:149} INFO - [2023-07-09T19:30:41.094+0000] {dagbag.py:541} INFO - Filling up the DagBag from /home/airflow/.local/lib/python3.7/site-packages/airflow/example_dags/example_skip_dag.py
[2023-07-09T19:30:41.103+0000] {processor.py:836} INFO - DAG(s) dict_keys(['example_skip_dag']) retrieved from /home/airflow/.local/lib/python3.7/site-packages/airflow/example_dags/example_skip_dag.py
[2023-07-09T19:30:41.131+0000] {logging_mixin.py:149} INFO - [2023-07-09T19:30:41.131+0000] {dag.py:2726} INFO - Sync 1 DAGs
[2023-07-09T19:30:41.172+0000] {logging_mixin.py:149} INFO - [2023-07-09T19:30:41.172+0000] {dag.py:3490} INFO - Setting next_dagrun for example_skip_dag to 2023-07-08T19:30:41.171689+00:00, run_after=2023-07-09T19:30:41.171689+00:00
[2023-07-09T19:30:41.209+0000] {processor.py:179} INFO - Processing /home/airflow/.local/lib/python3.7/site-packages/airflow/example_dags/example_skip_dag.py took 0.120 seconds
[2023-07-09T19:31:11.341+0000] {processor.py:157} INFO - Started process (PID=3740) to work on /home/airflow/.local/lib/python3.7/site-packages/airflow/example_dags/example_skip_dag.py
[2023-07-09T19:31:11.342+0000] {processor.py:826} INFO - Processing file /home/airflow/.local/lib/python3.7/site-packages/airflow/example_dags/example_skip_dag.py for tasks to queue
[2023-07-09T19:31:11.343+0000] {logging_mixin.py:149} INFO - [2023-07-09T19:31:11.343+0000] {dagbag.py:541} INFO - Filling up the DagBag from /home/airflow/.local/lib/python3.7/site-packages/airflow/example_dags/example_skip_dag.py
[2023-07-09T19:31:11.349+0000] {processor.py:836} INFO - DAG(s) dict_keys(['example_skip_dag']) retrieved from /home/airflow/.local/lib/python3.7/site-packages/airflow/example_dags/example_skip_dag.py
[2023-07-09T19:31:11.374+0000] {logging_mixin.py:149} INFO - [2023-07-09T19:31:11.373+0000] {dag.py:2726} INFO - Sync 1 DAGs
[2023-07-09T19:31:11.398+0000] {logging_mixin.py:149} INFO - [2023-07-09T19:31:11.398+0000] {dag.py:3490} INFO - Setting next_dagrun for example_skip_dag to 2023-07-08T19:31:11.398301+00:00, run_after=2023-07-09T19:31:11.398301+00:00
[2023-07-09T19:31:11.421+0000] {processor.py:179} INFO - Processing /home/airflow/.local/lib/python3.7/site-packages/airflow/example_dags/example_skip_dag.py took 0.083 seconds
[2023-07-09T19:31:41.858+0000] {processor.py:157} INFO - Started process (PID=3802) to work on /home/airflow/.local/lib/python3.7/site-packages/airflow/example_dags/example_skip_dag.py
[2023-07-09T19:31:41.860+0000] {processor.py:826} INFO - Processing file /home/airflow/.local/lib/python3.7/site-packages/airflow/example_dags/example_skip_dag.py for tasks to queue
[2023-07-09T19:31:41.861+0000] {logging_mixin.py:149} INFO - [2023-07-09T19:31:41.861+0000] {dagbag.py:541} INFO - Filling up the DagBag from /home/airflow/.local/lib/python3.7/site-packages/airflow/example_dags/example_skip_dag.py
[2023-07-09T19:31:41.868+0000] {processor.py:836} INFO - DAG(s) dict_keys(['example_skip_dag']) retrieved from /home/airflow/.local/lib/python3.7/site-packages/airflow/example_dags/example_skip_dag.py
[2023-07-09T19:31:41.894+0000] {logging_mixin.py:149} INFO - [2023-07-09T19:31:41.894+0000] {dag.py:2726} INFO - Sync 1 DAGs
[2023-07-09T19:31:41.925+0000] {logging_mixin.py:149} INFO - [2023-07-09T19:31:41.925+0000] {dag.py:3490} INFO - Setting next_dagrun for example_skip_dag to 2023-07-08T19:31:41.925158+00:00, run_after=2023-07-09T19:31:41.925158+00:00
[2023-07-09T19:31:41.950+0000] {processor.py:179} INFO - Processing /home/airflow/.local/lib/python3.7/site-packages/airflow/example_dags/example_skip_dag.py took 0.096 seconds
[2023-07-09T19:32:12.175+0000] {processor.py:157} INFO - Started process (PID=3864) to work on /home/airflow/.local/lib/python3.7/site-packages/airflow/example_dags/example_skip_dag.py
[2023-07-09T19:32:12.176+0000] {processor.py:826} INFO - Processing file /home/airflow/.local/lib/python3.7/site-packages/airflow/example_dags/example_skip_dag.py for tasks to queue
[2023-07-09T19:32:12.177+0000] {logging_mixin.py:149} INFO - [2023-07-09T19:32:12.177+0000] {dagbag.py:541} INFO - Filling up the DagBag from /home/airflow/.local/lib/python3.7/site-packages/airflow/example_dags/example_skip_dag.py
[2023-07-09T19:32:12.183+0000] {processor.py:836} INFO - DAG(s) dict_keys(['example_skip_dag']) retrieved from /home/airflow/.local/lib/python3.7/site-packages/airflow/example_dags/example_skip_dag.py
[2023-07-09T19:32:12.207+0000] {logging_mixin.py:149} INFO - [2023-07-09T19:32:12.207+0000] {dag.py:2726} INFO - Sync 1 DAGs
[2023-07-09T19:32:12.229+0000] {logging_mixin.py:149} INFO - [2023-07-09T19:32:12.229+0000] {dag.py:3490} INFO - Setting next_dagrun for example_skip_dag to 2023-07-08T19:32:12.229501+00:00, run_after=2023-07-09T19:32:12.229501+00:00
[2023-07-09T19:32:12.250+0000] {processor.py:179} INFO - Processing /home/airflow/.local/lib/python3.7/site-packages/airflow/example_dags/example_skip_dag.py took 0.078 seconds
[2023-07-09T19:32:42.358+0000] {processor.py:157} INFO - Started process (PID=3926) to work on /home/airflow/.local/lib/python3.7/site-packages/airflow/example_dags/example_skip_dag.py
[2023-07-09T19:32:42.359+0000] {processor.py:826} INFO - Processing file /home/airflow/.local/lib/python3.7/site-packages/airflow/example_dags/example_skip_dag.py for tasks to queue
[2023-07-09T19:32:42.360+0000] {logging_mixin.py:149} INFO - [2023-07-09T19:32:42.360+0000] {dagbag.py:541} INFO - Filling up the DagBag from /home/airflow/.local/lib/python3.7/site-packages/airflow/example_dags/example_skip_dag.py
[2023-07-09T19:32:42.366+0000] {processor.py:836} INFO - DAG(s) dict_keys(['example_skip_dag']) retrieved from /home/airflow/.local/lib/python3.7/site-packages/airflow/example_dags/example_skip_dag.py
[2023-07-09T19:32:42.390+0000] {logging_mixin.py:149} INFO - [2023-07-09T19:32:42.389+0000] {dag.py:2726} INFO - Sync 1 DAGs
[2023-07-09T19:32:42.413+0000] {logging_mixin.py:149} INFO - [2023-07-09T19:32:42.413+0000] {dag.py:3490} INFO - Setting next_dagrun for example_skip_dag to 2023-07-08T19:32:42.413290+00:00, run_after=2023-07-09T19:32:42.413290+00:00
[2023-07-09T19:32:42.433+0000] {processor.py:179} INFO - Processing /home/airflow/.local/lib/python3.7/site-packages/airflow/example_dags/example_skip_dag.py took 0.078 seconds
[2023-07-09T19:33:13.015+0000] {processor.py:157} INFO - Started process (PID=3988) to work on /home/airflow/.local/lib/python3.7/site-packages/airflow/example_dags/example_skip_dag.py
[2023-07-09T19:33:13.016+0000] {processor.py:826} INFO - Processing file /home/airflow/.local/lib/python3.7/site-packages/airflow/example_dags/example_skip_dag.py for tasks to queue
[2023-07-09T19:33:13.017+0000] {logging_mixin.py:149} INFO - [2023-07-09T19:33:13.017+0000] {dagbag.py:541} INFO - Filling up the DagBag from /home/airflow/.local/lib/python3.7/site-packages/airflow/example_dags/example_skip_dag.py
[2023-07-09T19:33:13.023+0000] {processor.py:836} INFO - DAG(s) dict_keys(['example_skip_dag']) retrieved from /home/airflow/.local/lib/python3.7/site-packages/airflow/example_dags/example_skip_dag.py
[2023-07-09T19:33:13.048+0000] {logging_mixin.py:149} INFO - [2023-07-09T19:33:13.048+0000] {dag.py:2726} INFO - Sync 1 DAGs
[2023-07-09T19:33:13.071+0000] {logging_mixin.py:149} INFO - [2023-07-09T19:33:13.071+0000] {dag.py:3490} INFO - Setting next_dagrun for example_skip_dag to 2023-07-08T19:33:13.071148+00:00, run_after=2023-07-09T19:33:13.071148+00:00
[2023-07-09T19:33:13.090+0000] {processor.py:179} INFO - Processing /home/airflow/.local/lib/python3.7/site-packages/airflow/example_dags/example_skip_dag.py took 0.078 seconds
[2023-07-09T19:33:43.177+0000] {processor.py:157} INFO - Started process (PID=4050) to work on /home/airflow/.local/lib/python3.7/site-packages/airflow/example_dags/example_skip_dag.py
[2023-07-09T19:33:43.178+0000] {processor.py:826} INFO - Processing file /home/airflow/.local/lib/python3.7/site-packages/airflow/example_dags/example_skip_dag.py for tasks to queue
[2023-07-09T19:33:43.179+0000] {logging_mixin.py:149} INFO - [2023-07-09T19:33:43.179+0000] {dagbag.py:541} INFO - Filling up the DagBag from /home/airflow/.local/lib/python3.7/site-packages/airflow/example_dags/example_skip_dag.py
[2023-07-09T19:33:43.185+0000] {processor.py:836} INFO - DAG(s) dict_keys(['example_skip_dag']) retrieved from /home/airflow/.local/lib/python3.7/site-packages/airflow/example_dags/example_skip_dag.py
[2023-07-09T19:33:43.209+0000] {logging_mixin.py:149} INFO - [2023-07-09T19:33:43.209+0000] {dag.py:2726} INFO - Sync 1 DAGs
[2023-07-09T19:33:43.234+0000] {logging_mixin.py:149} INFO - [2023-07-09T19:33:43.234+0000] {dag.py:3490} INFO - Setting next_dagrun for example_skip_dag to 2023-07-08T19:33:43.234150+00:00, run_after=2023-07-09T19:33:43.234150+00:00
[2023-07-09T19:33:43.253+0000] {processor.py:179} INFO - Processing /home/airflow/.local/lib/python3.7/site-packages/airflow/example_dags/example_skip_dag.py took 0.079 seconds
[2023-07-09T19:34:13.432+0000] {processor.py:157} INFO - Started process (PID=4112) to work on /home/airflow/.local/lib/python3.7/site-packages/airflow/example_dags/example_skip_dag.py
[2023-07-09T19:34:13.434+0000] {processor.py:826} INFO - Processing file /home/airflow/.local/lib/python3.7/site-packages/airflow/example_dags/example_skip_dag.py for tasks to queue
[2023-07-09T19:34:13.436+0000] {logging_mixin.py:149} INFO - [2023-07-09T19:34:13.435+0000] {dagbag.py:541} INFO - Filling up the DagBag from /home/airflow/.local/lib/python3.7/site-packages/airflow/example_dags/example_skip_dag.py
[2023-07-09T19:34:13.443+0000] {processor.py:836} INFO - DAG(s) dict_keys(['example_skip_dag']) retrieved from /home/airflow/.local/lib/python3.7/site-packages/airflow/example_dags/example_skip_dag.py
[2023-07-09T19:34:13.467+0000] {logging_mixin.py:149} INFO - [2023-07-09T19:34:13.467+0000] {dag.py:2726} INFO - Sync 1 DAGs
[2023-07-09T19:34:13.491+0000] {logging_mixin.py:149} INFO - [2023-07-09T19:34:13.491+0000] {dag.py:3490} INFO - Setting next_dagrun for example_skip_dag to 2023-07-08T19:34:13.491123+00:00, run_after=2023-07-09T19:34:13.491123+00:00
[2023-07-09T19:34:13.513+0000] {processor.py:179} INFO - Processing /home/airflow/.local/lib/python3.7/site-packages/airflow/example_dags/example_skip_dag.py took 0.086 seconds
[2023-07-09T19:34:44.147+0000] {processor.py:157} INFO - Started process (PID=4174) to work on /home/airflow/.local/lib/python3.7/site-packages/airflow/example_dags/example_skip_dag.py
[2023-07-09T19:34:44.148+0000] {processor.py:826} INFO - Processing file /home/airflow/.local/lib/python3.7/site-packages/airflow/example_dags/example_skip_dag.py for tasks to queue
[2023-07-09T19:34:44.149+0000] {logging_mixin.py:149} INFO - [2023-07-09T19:34:44.149+0000] {dagbag.py:541} INFO - Filling up the DagBag from /home/airflow/.local/lib/python3.7/site-packages/airflow/example_dags/example_skip_dag.py
[2023-07-09T19:34:44.156+0000] {processor.py:836} INFO - DAG(s) dict_keys(['example_skip_dag']) retrieved from /home/airflow/.local/lib/python3.7/site-packages/airflow/example_dags/example_skip_dag.py
[2023-07-09T19:34:44.179+0000] {logging_mixin.py:149} INFO - [2023-07-09T19:34:44.179+0000] {dag.py:2726} INFO - Sync 1 DAGs
[2023-07-09T19:34:44.203+0000] {logging_mixin.py:149} INFO - [2023-07-09T19:34:44.203+0000] {dag.py:3490} INFO - Setting next_dagrun for example_skip_dag to 2023-07-08T19:34:44.203335+00:00, run_after=2023-07-09T19:34:44.203335+00:00
[2023-07-09T19:34:44.223+0000] {processor.py:179} INFO - Processing /home/airflow/.local/lib/python3.7/site-packages/airflow/example_dags/example_skip_dag.py took 0.079 seconds
[2023-07-09T19:35:14.362+0000] {processor.py:157} INFO - Started process (PID=4236) to work on /home/airflow/.local/lib/python3.7/site-packages/airflow/example_dags/example_skip_dag.py
[2023-07-09T19:35:14.363+0000] {processor.py:826} INFO - Processing file /home/airflow/.local/lib/python3.7/site-packages/airflow/example_dags/example_skip_dag.py for tasks to queue
[2023-07-09T19:35:14.365+0000] {logging_mixin.py:149} INFO - [2023-07-09T19:35:14.364+0000] {dagbag.py:541} INFO - Filling up the DagBag from /home/airflow/.local/lib/python3.7/site-packages/airflow/example_dags/example_skip_dag.py
[2023-07-09T19:35:14.371+0000] {processor.py:836} INFO - DAG(s) dict_keys(['example_skip_dag']) retrieved from /home/airflow/.local/lib/python3.7/site-packages/airflow/example_dags/example_skip_dag.py
[2023-07-09T19:35:14.396+0000] {logging_mixin.py:149} INFO - [2023-07-09T19:35:14.396+0000] {dag.py:2726} INFO - Sync 1 DAGs
[2023-07-09T19:35:14.420+0000] {logging_mixin.py:149} INFO - [2023-07-09T19:35:14.420+0000] {dag.py:3490} INFO - Setting next_dagrun for example_skip_dag to 2023-07-08T19:35:14.420161+00:00, run_after=2023-07-09T19:35:14.420161+00:00
[2023-07-09T19:35:14.439+0000] {processor.py:179} INFO - Processing /home/airflow/.local/lib/python3.7/site-packages/airflow/example_dags/example_skip_dag.py took 0.079 seconds
[2023-07-09T19:35:44.704+0000] {processor.py:157} INFO - Started process (PID=4298) to work on /home/airflow/.local/lib/python3.7/site-packages/airflow/example_dags/example_skip_dag.py
[2023-07-09T19:35:44.705+0000] {processor.py:826} INFO - Processing file /home/airflow/.local/lib/python3.7/site-packages/airflow/example_dags/example_skip_dag.py for tasks to queue
[2023-07-09T19:35:44.706+0000] {logging_mixin.py:149} INFO - [2023-07-09T19:35:44.706+0000] {dagbag.py:541} INFO - Filling up the DagBag from /home/airflow/.local/lib/python3.7/site-packages/airflow/example_dags/example_skip_dag.py
[2023-07-09T19:35:44.712+0000] {processor.py:836} INFO - DAG(s) dict_keys(['example_skip_dag']) retrieved from /home/airflow/.local/lib/python3.7/site-packages/airflow/example_dags/example_skip_dag.py
[2023-07-09T19:35:44.733+0000] {logging_mixin.py:149} INFO - [2023-07-09T19:35:44.733+0000] {dag.py:2726} INFO - Sync 1 DAGs
[2023-07-09T19:35:44.756+0000] {logging_mixin.py:149} INFO - [2023-07-09T19:35:44.755+0000] {dag.py:3490} INFO - Setting next_dagrun for example_skip_dag to 2023-07-08T19:35:44.755651+00:00, run_after=2023-07-09T19:35:44.755651+00:00
[2023-07-09T19:35:44.777+0000] {processor.py:179} INFO - Processing /home/airflow/.local/lib/python3.7/site-packages/airflow/example_dags/example_skip_dag.py took 0.075 seconds
[2023-07-09T19:36:15.707+0000] {processor.py:157} INFO - Started process (PID=4367) to work on /home/airflow/.local/lib/python3.7/site-packages/airflow/example_dags/example_skip_dag.py
[2023-07-09T19:36:15.709+0000] {processor.py:826} INFO - Processing file /home/airflow/.local/lib/python3.7/site-packages/airflow/example_dags/example_skip_dag.py for tasks to queue
[2023-07-09T19:36:15.710+0000] {logging_mixin.py:149} INFO - [2023-07-09T19:36:15.710+0000] {dagbag.py:541} INFO - Filling up the DagBag from /home/airflow/.local/lib/python3.7/site-packages/airflow/example_dags/example_skip_dag.py
[2023-07-09T19:36:15.716+0000] {processor.py:836} INFO - DAG(s) dict_keys(['example_skip_dag']) retrieved from /home/airflow/.local/lib/python3.7/site-packages/airflow/example_dags/example_skip_dag.py
[2023-07-09T19:36:15.740+0000] {logging_mixin.py:149} INFO - [2023-07-09T19:36:15.740+0000] {dag.py:2726} INFO - Sync 1 DAGs
[2023-07-09T19:36:15.764+0000] {logging_mixin.py:149} INFO - [2023-07-09T19:36:15.764+0000] {dag.py:3490} INFO - Setting next_dagrun for example_skip_dag to 2023-07-08T19:36:15.764340+00:00, run_after=2023-07-09T19:36:15.764340+00:00
[2023-07-09T19:36:15.783+0000] {processor.py:179} INFO - Processing /home/airflow/.local/lib/python3.7/site-packages/airflow/example_dags/example_skip_dag.py took 0.079 seconds
[2023-07-09T19:36:46.205+0000] {processor.py:157} INFO - Started process (PID=4429) to work on /home/airflow/.local/lib/python3.7/site-packages/airflow/example_dags/example_skip_dag.py
[2023-07-09T19:36:46.207+0000] {processor.py:826} INFO - Processing file /home/airflow/.local/lib/python3.7/site-packages/airflow/example_dags/example_skip_dag.py for tasks to queue
[2023-07-09T19:36:46.208+0000] {logging_mixin.py:149} INFO - [2023-07-09T19:36:46.208+0000] {dagbag.py:541} INFO - Filling up the DagBag from /home/airflow/.local/lib/python3.7/site-packages/airflow/example_dags/example_skip_dag.py
[2023-07-09T19:36:46.215+0000] {processor.py:836} INFO - DAG(s) dict_keys(['example_skip_dag']) retrieved from /home/airflow/.local/lib/python3.7/site-packages/airflow/example_dags/example_skip_dag.py
[2023-07-09T19:36:46.240+0000] {logging_mixin.py:149} INFO - [2023-07-09T19:36:46.240+0000] {dag.py:2726} INFO - Sync 1 DAGs
[2023-07-09T19:36:46.266+0000] {logging_mixin.py:149} INFO - [2023-07-09T19:36:46.265+0000] {dag.py:3490} INFO - Setting next_dagrun for example_skip_dag to 2023-07-08T19:36:46.265641+00:00, run_after=2023-07-09T19:36:46.265641+00:00
[2023-07-09T19:36:46.286+0000] {processor.py:179} INFO - Processing /home/airflow/.local/lib/python3.7/site-packages/airflow/example_dags/example_skip_dag.py took 0.084 seconds
[2023-07-09T19:37:16.429+0000] {processor.py:157} INFO - Started process (PID=4491) to work on /home/airflow/.local/lib/python3.7/site-packages/airflow/example_dags/example_skip_dag.py
[2023-07-09T19:37:16.430+0000] {processor.py:826} INFO - Processing file /home/airflow/.local/lib/python3.7/site-packages/airflow/example_dags/example_skip_dag.py for tasks to queue
[2023-07-09T19:37:16.431+0000] {logging_mixin.py:149} INFO - [2023-07-09T19:37:16.431+0000] {dagbag.py:541} INFO - Filling up the DagBag from /home/airflow/.local/lib/python3.7/site-packages/airflow/example_dags/example_skip_dag.py
[2023-07-09T19:37:16.439+0000] {processor.py:836} INFO - DAG(s) dict_keys(['example_skip_dag']) retrieved from /home/airflow/.local/lib/python3.7/site-packages/airflow/example_dags/example_skip_dag.py
[2023-07-09T19:37:16.465+0000] {logging_mixin.py:149} INFO - [2023-07-09T19:37:16.465+0000] {dag.py:2726} INFO - Sync 1 DAGs
[2023-07-09T19:37:16.490+0000] {logging_mixin.py:149} INFO - [2023-07-09T19:37:16.490+0000] {dag.py:3490} INFO - Setting next_dagrun for example_skip_dag to 2023-07-08T19:37:16.489971+00:00, run_after=2023-07-09T19:37:16.489971+00:00
[2023-07-09T19:37:16.512+0000] {processor.py:179} INFO - Processing /home/airflow/.local/lib/python3.7/site-packages/airflow/example_dags/example_skip_dag.py took 0.086 seconds
[2023-07-09T19:37:46.846+0000] {processor.py:157} INFO - Started process (PID=4553) to work on /home/airflow/.local/lib/python3.7/site-packages/airflow/example_dags/example_skip_dag.py
[2023-07-09T19:37:46.847+0000] {processor.py:826} INFO - Processing file /home/airflow/.local/lib/python3.7/site-packages/airflow/example_dags/example_skip_dag.py for tasks to queue
[2023-07-09T19:37:46.848+0000] {logging_mixin.py:149} INFO - [2023-07-09T19:37:46.848+0000] {dagbag.py:541} INFO - Filling up the DagBag from /home/airflow/.local/lib/python3.7/site-packages/airflow/example_dags/example_skip_dag.py
[2023-07-09T19:37:46.855+0000] {processor.py:836} INFO - DAG(s) dict_keys(['example_skip_dag']) retrieved from /home/airflow/.local/lib/python3.7/site-packages/airflow/example_dags/example_skip_dag.py
[2023-07-09T19:37:46.883+0000] {logging_mixin.py:149} INFO - [2023-07-09T19:37:46.883+0000] {dag.py:2726} INFO - Sync 1 DAGs
[2023-07-09T19:37:46.912+0000] {logging_mixin.py:149} INFO - [2023-07-09T19:37:46.912+0000] {dag.py:3490} INFO - Setting next_dagrun for example_skip_dag to 2023-07-08T19:37:46.911977+00:00, run_after=2023-07-09T19:37:46.911977+00:00
[2023-07-09T19:37:46.937+0000] {processor.py:179} INFO - Processing /home/airflow/.local/lib/python3.7/site-packages/airflow/example_dags/example_skip_dag.py took 0.094 seconds
[2023-07-09T19:38:17.016+0000] {processor.py:157} INFO - Started process (PID=4615) to work on /home/airflow/.local/lib/python3.7/site-packages/airflow/example_dags/example_skip_dag.py
[2023-07-09T19:38:17.020+0000] {processor.py:826} INFO - Processing file /home/airflow/.local/lib/python3.7/site-packages/airflow/example_dags/example_skip_dag.py for tasks to queue
[2023-07-09T19:38:17.021+0000] {logging_mixin.py:149} INFO - [2023-07-09T19:38:17.021+0000] {dagbag.py:541} INFO - Filling up the DagBag from /home/airflow/.local/lib/python3.7/site-packages/airflow/example_dags/example_skip_dag.py
[2023-07-09T19:38:17.031+0000] {processor.py:836} INFO - DAG(s) dict_keys(['example_skip_dag']) retrieved from /home/airflow/.local/lib/python3.7/site-packages/airflow/example_dags/example_skip_dag.py
[2023-07-09T19:38:17.058+0000] {logging_mixin.py:149} INFO - [2023-07-09T19:38:17.058+0000] {dag.py:2726} INFO - Sync 1 DAGs
[2023-07-09T19:38:17.087+0000] {logging_mixin.py:149} INFO - [2023-07-09T19:38:17.087+0000] {dag.py:3490} INFO - Setting next_dagrun for example_skip_dag to 2023-07-08T19:38:17.086960+00:00, run_after=2023-07-09T19:38:17.086960+00:00
[2023-07-09T19:38:17.111+0000] {processor.py:179} INFO - Processing /home/airflow/.local/lib/python3.7/site-packages/airflow/example_dags/example_skip_dag.py took 0.100 seconds
[2023-07-09T19:38:47.304+0000] {processor.py:157} INFO - Started process (PID=4677) to work on /home/airflow/.local/lib/python3.7/site-packages/airflow/example_dags/example_skip_dag.py
[2023-07-09T19:38:47.306+0000] {processor.py:826} INFO - Processing file /home/airflow/.local/lib/python3.7/site-packages/airflow/example_dags/example_skip_dag.py for tasks to queue
[2023-07-09T19:38:47.307+0000] {logging_mixin.py:149} INFO - [2023-07-09T19:38:47.306+0000] {dagbag.py:541} INFO - Filling up the DagBag from /home/airflow/.local/lib/python3.7/site-packages/airflow/example_dags/example_skip_dag.py
[2023-07-09T19:38:47.314+0000] {processor.py:836} INFO - DAG(s) dict_keys(['example_skip_dag']) retrieved from /home/airflow/.local/lib/python3.7/site-packages/airflow/example_dags/example_skip_dag.py
[2023-07-09T19:38:47.341+0000] {logging_mixin.py:149} INFO - [2023-07-09T19:38:47.340+0000] {dag.py:2726} INFO - Sync 1 DAGs
[2023-07-09T19:38:47.368+0000] {logging_mixin.py:149} INFO - [2023-07-09T19:38:47.368+0000] {dag.py:3490} INFO - Setting next_dagrun for example_skip_dag to 2023-07-08T19:38:47.367802+00:00, run_after=2023-07-09T19:38:47.367802+00:00
[2023-07-09T19:38:47.391+0000] {processor.py:179} INFO - Processing /home/airflow/.local/lib/python3.7/site-packages/airflow/example_dags/example_skip_dag.py took 0.090 seconds
[2023-07-09T19:39:17.644+0000] {processor.py:157} INFO - Started process (PID=4739) to work on /home/airflow/.local/lib/python3.7/site-packages/airflow/example_dags/example_skip_dag.py
[2023-07-09T19:39:17.645+0000] {processor.py:826} INFO - Processing file /home/airflow/.local/lib/python3.7/site-packages/airflow/example_dags/example_skip_dag.py for tasks to queue
[2023-07-09T19:39:17.646+0000] {logging_mixin.py:149} INFO - [2023-07-09T19:39:17.646+0000] {dagbag.py:541} INFO - Filling up the DagBag from /home/airflow/.local/lib/python3.7/site-packages/airflow/example_dags/example_skip_dag.py
[2023-07-09T19:39:17.656+0000] {processor.py:836} INFO - DAG(s) dict_keys(['example_skip_dag']) retrieved from /home/airflow/.local/lib/python3.7/site-packages/airflow/example_dags/example_skip_dag.py
[2023-07-09T19:39:17.683+0000] {logging_mixin.py:149} INFO - [2023-07-09T19:39:17.683+0000] {dag.py:2726} INFO - Sync 1 DAGs
[2023-07-09T19:39:17.718+0000] {logging_mixin.py:149} INFO - [2023-07-09T19:39:17.717+0000] {dag.py:3490} INFO - Setting next_dagrun for example_skip_dag to 2023-07-08T19:39:17.717488+00:00, run_after=2023-07-09T19:39:17.717488+00:00
[2023-07-09T19:39:17.750+0000] {processor.py:179} INFO - Processing /home/airflow/.local/lib/python3.7/site-packages/airflow/example_dags/example_skip_dag.py took 0.110 seconds
[2023-07-09T19:39:48.118+0000] {processor.py:157} INFO - Started process (PID=4801) to work on /home/airflow/.local/lib/python3.7/site-packages/airflow/example_dags/example_skip_dag.py
[2023-07-09T19:39:48.119+0000] {processor.py:826} INFO - Processing file /home/airflow/.local/lib/python3.7/site-packages/airflow/example_dags/example_skip_dag.py for tasks to queue
[2023-07-09T19:39:48.120+0000] {logging_mixin.py:149} INFO - [2023-07-09T19:39:48.120+0000] {dagbag.py:541} INFO - Filling up the DagBag from /home/airflow/.local/lib/python3.7/site-packages/airflow/example_dags/example_skip_dag.py
[2023-07-09T19:39:48.127+0000] {processor.py:836} INFO - DAG(s) dict_keys(['example_skip_dag']) retrieved from /home/airflow/.local/lib/python3.7/site-packages/airflow/example_dags/example_skip_dag.py
[2023-07-09T19:39:48.151+0000] {logging_mixin.py:149} INFO - [2023-07-09T19:39:48.151+0000] {dag.py:2726} INFO - Sync 1 DAGs
[2023-07-09T19:39:48.175+0000] {logging_mixin.py:149} INFO - [2023-07-09T19:39:48.175+0000] {dag.py:3490} INFO - Setting next_dagrun for example_skip_dag to 2023-07-08T19:39:48.175124+00:00, run_after=2023-07-09T19:39:48.175124+00:00
[2023-07-09T19:39:48.198+0000] {processor.py:179} INFO - Processing /home/airflow/.local/lib/python3.7/site-packages/airflow/example_dags/example_skip_dag.py took 0.084 seconds
[2023-07-09T19:40:18.529+0000] {processor.py:157} INFO - Started process (PID=4863) to work on /home/airflow/.local/lib/python3.7/site-packages/airflow/example_dags/example_skip_dag.py
[2023-07-09T19:40:18.530+0000] {processor.py:826} INFO - Processing file /home/airflow/.local/lib/python3.7/site-packages/airflow/example_dags/example_skip_dag.py for tasks to queue
[2023-07-09T19:40:18.531+0000] {logging_mixin.py:149} INFO - [2023-07-09T19:40:18.531+0000] {dagbag.py:541} INFO - Filling up the DagBag from /home/airflow/.local/lib/python3.7/site-packages/airflow/example_dags/example_skip_dag.py
[2023-07-09T19:40:18.538+0000] {processor.py:836} INFO - DAG(s) dict_keys(['example_skip_dag']) retrieved from /home/airflow/.local/lib/python3.7/site-packages/airflow/example_dags/example_skip_dag.py
[2023-07-09T19:40:18.561+0000] {logging_mixin.py:149} INFO - [2023-07-09T19:40:18.561+0000] {dag.py:2726} INFO - Sync 1 DAGs
[2023-07-09T19:40:18.585+0000] {logging_mixin.py:149} INFO - [2023-07-09T19:40:18.585+0000] {dag.py:3490} INFO - Setting next_dagrun for example_skip_dag to 2023-07-08T19:40:18.585063+00:00, run_after=2023-07-09T19:40:18.585063+00:00
[2023-07-09T19:40:18.606+0000] {processor.py:179} INFO - Processing /home/airflow/.local/lib/python3.7/site-packages/airflow/example_dags/example_skip_dag.py took 0.080 seconds
[2023-07-09T19:40:48.869+0000] {processor.py:157} INFO - Started process (PID=4925) to work on /home/airflow/.local/lib/python3.7/site-packages/airflow/example_dags/example_skip_dag.py
[2023-07-09T19:40:48.871+0000] {processor.py:826} INFO - Processing file /home/airflow/.local/lib/python3.7/site-packages/airflow/example_dags/example_skip_dag.py for tasks to queue
[2023-07-09T19:40:48.871+0000] {logging_mixin.py:149} INFO - [2023-07-09T19:40:48.871+0000] {dagbag.py:541} INFO - Filling up the DagBag from /home/airflow/.local/lib/python3.7/site-packages/airflow/example_dags/example_skip_dag.py
[2023-07-09T19:40:48.878+0000] {processor.py:836} INFO - DAG(s) dict_keys(['example_skip_dag']) retrieved from /home/airflow/.local/lib/python3.7/site-packages/airflow/example_dags/example_skip_dag.py
[2023-07-09T19:40:48.902+0000] {logging_mixin.py:149} INFO - [2023-07-09T19:40:48.902+0000] {dag.py:2726} INFO - Sync 1 DAGs
[2023-07-09T19:40:48.930+0000] {logging_mixin.py:149} INFO - [2023-07-09T19:40:48.930+0000] {dag.py:3490} INFO - Setting next_dagrun for example_skip_dag to 2023-07-08T19:40:48.930328+00:00, run_after=2023-07-09T19:40:48.930328+00:00
[2023-07-09T19:40:48.953+0000] {processor.py:179} INFO - Processing /home/airflow/.local/lib/python3.7/site-packages/airflow/example_dags/example_skip_dag.py took 0.087 seconds
[2023-07-09T19:41:19.140+0000] {processor.py:157} INFO - Started process (PID=4987) to work on /home/airflow/.local/lib/python3.7/site-packages/airflow/example_dags/example_skip_dag.py
[2023-07-09T19:41:19.141+0000] {processor.py:826} INFO - Processing file /home/airflow/.local/lib/python3.7/site-packages/airflow/example_dags/example_skip_dag.py for tasks to queue
[2023-07-09T19:41:19.142+0000] {logging_mixin.py:149} INFO - [2023-07-09T19:41:19.142+0000] {dagbag.py:541} INFO - Filling up the DagBag from /home/airflow/.local/lib/python3.7/site-packages/airflow/example_dags/example_skip_dag.py
[2023-07-09T19:41:19.150+0000] {processor.py:836} INFO - DAG(s) dict_keys(['example_skip_dag']) retrieved from /home/airflow/.local/lib/python3.7/site-packages/airflow/example_dags/example_skip_dag.py
[2023-07-09T19:41:19.177+0000] {logging_mixin.py:149} INFO - [2023-07-09T19:41:19.177+0000] {dag.py:2726} INFO - Sync 1 DAGs
[2023-07-09T19:41:19.218+0000] {logging_mixin.py:149} INFO - [2023-07-09T19:41:19.218+0000] {dag.py:3490} INFO - Setting next_dagrun for example_skip_dag to 2023-07-08T19:41:19.217877+00:00, run_after=2023-07-09T19:41:19.217877+00:00
[2023-07-09T19:41:19.245+0000] {processor.py:179} INFO - Processing /home/airflow/.local/lib/python3.7/site-packages/airflow/example_dags/example_skip_dag.py took 0.109 seconds
[2023-07-09T23:59:29.162+0000] {processor.py:157} INFO - Started process (PID=5015) to work on /home/airflow/.local/lib/python3.7/site-packages/airflow/example_dags/example_skip_dag.py
[2023-07-09T23:59:29.164+0000] {processor.py:826} INFO - Processing file /home/airflow/.local/lib/python3.7/site-packages/airflow/example_dags/example_skip_dag.py for tasks to queue
[2023-07-09T23:59:29.165+0000] {logging_mixin.py:149} INFO - [2023-07-09T23:59:29.164+0000] {dagbag.py:541} INFO - Filling up the DagBag from /home/airflow/.local/lib/python3.7/site-packages/airflow/example_dags/example_skip_dag.py
[2023-07-09T23:59:29.172+0000] {processor.py:836} INFO - DAG(s) dict_keys(['example_skip_dag']) retrieved from /home/airflow/.local/lib/python3.7/site-packages/airflow/example_dags/example_skip_dag.py
[2023-07-09T23:59:29.206+0000] {logging_mixin.py:149} INFO - [2023-07-09T23:59:29.206+0000] {dag.py:2726} INFO - Sync 1 DAGs
[2023-07-09T23:59:29.245+0000] {logging_mixin.py:149} INFO - [2023-07-09T23:59:29.245+0000] {dag.py:3490} INFO - Setting next_dagrun for example_skip_dag to 2023-07-08T23:59:29.245333+00:00, run_after=2023-07-09T23:59:29.245333+00:00
[2023-07-09T23:59:29.275+0000] {processor.py:179} INFO - Processing /home/airflow/.local/lib/python3.7/site-packages/airflow/example_dags/example_skip_dag.py took 0.116 seconds
