[2023-07-09T19:06:51.813+0000] {processor.py:157} INFO - Started process (PID=799) to work on /home/airflow/.local/lib/python3.7/site-packages/airflow/example_dags/example_latest_only.py
[2023-07-09T19:06:51.814+0000] {processor.py:826} INFO - Processing file /home/airflow/.local/lib/python3.7/site-packages/airflow/example_dags/example_latest_only.py for tasks to queue
[2023-07-09T19:06:51.815+0000] {logging_mixin.py:149} INFO - [2023-07-09T19:06:51.815+0000] {dagbag.py:541} INFO - Filling up the DagBag from /home/airflow/.local/lib/python3.7/site-packages/airflow/example_dags/example_latest_only.py
[2023-07-09T19:06:51.821+0000] {processor.py:836} INFO - DAG(s) dict_keys(['latest_only']) retrieved from /home/airflow/.local/lib/python3.7/site-packages/airflow/example_dags/example_latest_only.py
[2023-07-09T19:06:51.845+0000] {logging_mixin.py:149} INFO - [2023-07-09T19:06:51.845+0000] {dag.py:2726} INFO - Sync 1 DAGs
[2023-07-09T19:06:51.870+0000] {logging_mixin.py:149} INFO - [2023-07-09T19:06:51.870+0000] {dag.py:3490} INFO - Setting next_dagrun for latest_only to 2023-07-09T15:06:51.870045+00:00, run_after=2023-07-09T19:06:51.870045+00:00
[2023-07-09T19:06:51.892+0000] {processor.py:179} INFO - Processing /home/airflow/.local/lib/python3.7/site-packages/airflow/example_dags/example_latest_only.py took 0.082 seconds
[2023-07-09T19:07:22.117+0000] {processor.py:157} INFO - Started process (PID=860) to work on /home/airflow/.local/lib/python3.7/site-packages/airflow/example_dags/example_latest_only.py
[2023-07-09T19:07:22.118+0000] {processor.py:826} INFO - Processing file /home/airflow/.local/lib/python3.7/site-packages/airflow/example_dags/example_latest_only.py for tasks to queue
[2023-07-09T19:07:22.120+0000] {logging_mixin.py:149} INFO - [2023-07-09T19:07:22.119+0000] {dagbag.py:541} INFO - Filling up the DagBag from /home/airflow/.local/lib/python3.7/site-packages/airflow/example_dags/example_latest_only.py
[2023-07-09T19:07:22.130+0000] {processor.py:836} INFO - DAG(s) dict_keys(['latest_only']) retrieved from /home/airflow/.local/lib/python3.7/site-packages/airflow/example_dags/example_latest_only.py
[2023-07-09T19:07:22.163+0000] {logging_mixin.py:149} INFO - [2023-07-09T19:07:22.163+0000] {dag.py:2726} INFO - Sync 1 DAGs
[2023-07-09T19:07:22.203+0000] {logging_mixin.py:149} INFO - [2023-07-09T19:07:22.202+0000] {dag.py:3490} INFO - Setting next_dagrun for latest_only to 2023-07-09T15:07:22.202488+00:00, run_after=2023-07-09T19:07:22.202488+00:00
[2023-07-09T19:07:22.231+0000] {processor.py:179} INFO - Processing /home/airflow/.local/lib/python3.7/site-packages/airflow/example_dags/example_latest_only.py took 0.119 seconds
[2023-07-09T19:07:52.617+0000] {processor.py:157} INFO - Started process (PID=921) to work on /home/airflow/.local/lib/python3.7/site-packages/airflow/example_dags/example_latest_only.py
[2023-07-09T19:07:52.618+0000] {processor.py:826} INFO - Processing file /home/airflow/.local/lib/python3.7/site-packages/airflow/example_dags/example_latest_only.py for tasks to queue
[2023-07-09T19:07:52.619+0000] {logging_mixin.py:149} INFO - [2023-07-09T19:07:52.619+0000] {dagbag.py:541} INFO - Filling up the DagBag from /home/airflow/.local/lib/python3.7/site-packages/airflow/example_dags/example_latest_only.py
[2023-07-09T19:07:52.625+0000] {processor.py:836} INFO - DAG(s) dict_keys(['latest_only']) retrieved from /home/airflow/.local/lib/python3.7/site-packages/airflow/example_dags/example_latest_only.py
[2023-07-09T19:07:52.648+0000] {logging_mixin.py:149} INFO - [2023-07-09T19:07:52.647+0000] {dag.py:2726} INFO - Sync 1 DAGs
[2023-07-09T19:07:52.672+0000] {logging_mixin.py:149} INFO - [2023-07-09T19:07:52.672+0000] {dag.py:3490} INFO - Setting next_dagrun for latest_only to 2023-07-09T15:07:52.672085+00:00, run_after=2023-07-09T19:07:52.672085+00:00
[2023-07-09T19:07:52.694+0000] {processor.py:179} INFO - Processing /home/airflow/.local/lib/python3.7/site-packages/airflow/example_dags/example_latest_only.py took 0.080 seconds
[2023-07-09T19:08:22.775+0000] {processor.py:157} INFO - Started process (PID=982) to work on /home/airflow/.local/lib/python3.7/site-packages/airflow/example_dags/example_latest_only.py
[2023-07-09T19:08:22.776+0000] {processor.py:826} INFO - Processing file /home/airflow/.local/lib/python3.7/site-packages/airflow/example_dags/example_latest_only.py for tasks to queue
[2023-07-09T19:08:22.778+0000] {logging_mixin.py:149} INFO - [2023-07-09T19:08:22.777+0000] {dagbag.py:541} INFO - Filling up the DagBag from /home/airflow/.local/lib/python3.7/site-packages/airflow/example_dags/example_latest_only.py
[2023-07-09T19:08:22.783+0000] {processor.py:836} INFO - DAG(s) dict_keys(['latest_only']) retrieved from /home/airflow/.local/lib/python3.7/site-packages/airflow/example_dags/example_latest_only.py
[2023-07-09T19:08:22.795+0000] {logging_mixin.py:149} INFO - [2023-07-09T19:08:22.795+0000] {dag.py:2726} INFO - Sync 1 DAGs
[2023-07-09T19:08:22.819+0000] {logging_mixin.py:149} INFO - [2023-07-09T19:08:22.819+0000] {dag.py:3490} INFO - Setting next_dagrun for latest_only to 2023-07-09T15:08:22.819132+00:00, run_after=2023-07-09T19:08:22.819132+00:00
[2023-07-09T19:08:22.842+0000] {processor.py:179} INFO - Processing /home/airflow/.local/lib/python3.7/site-packages/airflow/example_dags/example_latest_only.py took 0.070 seconds
[2023-07-09T19:08:53.224+0000] {processor.py:157} INFO - Started process (PID=1043) to work on /home/airflow/.local/lib/python3.7/site-packages/airflow/example_dags/example_latest_only.py
[2023-07-09T19:08:53.225+0000] {processor.py:826} INFO - Processing file /home/airflow/.local/lib/python3.7/site-packages/airflow/example_dags/example_latest_only.py for tasks to queue
[2023-07-09T19:08:53.226+0000] {logging_mixin.py:149} INFO - [2023-07-09T19:08:53.226+0000] {dagbag.py:541} INFO - Filling up the DagBag from /home/airflow/.local/lib/python3.7/site-packages/airflow/example_dags/example_latest_only.py
[2023-07-09T19:08:53.231+0000] {processor.py:836} INFO - DAG(s) dict_keys(['latest_only']) retrieved from /home/airflow/.local/lib/python3.7/site-packages/airflow/example_dags/example_latest_only.py
[2023-07-09T19:08:53.254+0000] {logging_mixin.py:149} INFO - [2023-07-09T19:08:53.254+0000] {dag.py:2726} INFO - Sync 1 DAGs
[2023-07-09T19:08:53.278+0000] {logging_mixin.py:149} INFO - [2023-07-09T19:08:53.278+0000] {dag.py:3490} INFO - Setting next_dagrun for latest_only to 2023-07-09T15:08:53.278173+00:00, run_after=2023-07-09T19:08:53.278173+00:00
[2023-07-09T19:08:53.301+0000] {processor.py:179} INFO - Processing /home/airflow/.local/lib/python3.7/site-packages/airflow/example_dags/example_latest_only.py took 0.080 seconds
[2023-07-09T19:09:24.194+0000] {processor.py:157} INFO - Started process (PID=1104) to work on /home/airflow/.local/lib/python3.7/site-packages/airflow/example_dags/example_latest_only.py
[2023-07-09T19:09:24.195+0000] {processor.py:826} INFO - Processing file /home/airflow/.local/lib/python3.7/site-packages/airflow/example_dags/example_latest_only.py for tasks to queue
[2023-07-09T19:09:24.196+0000] {logging_mixin.py:149} INFO - [2023-07-09T19:09:24.196+0000] {dagbag.py:541} INFO - Filling up the DagBag from /home/airflow/.local/lib/python3.7/site-packages/airflow/example_dags/example_latest_only.py
[2023-07-09T19:09:24.202+0000] {processor.py:836} INFO - DAG(s) dict_keys(['latest_only']) retrieved from /home/airflow/.local/lib/python3.7/site-packages/airflow/example_dags/example_latest_only.py
[2023-07-09T19:09:24.215+0000] {logging_mixin.py:149} INFO - [2023-07-09T19:09:24.215+0000] {dag.py:2726} INFO - Sync 1 DAGs
[2023-07-09T19:09:24.241+0000] {logging_mixin.py:149} INFO - [2023-07-09T19:09:24.241+0000] {dag.py:3490} INFO - Setting next_dagrun for latest_only to 2023-07-09T15:09:24.241204+00:00, run_after=2023-07-09T19:09:24.241204+00:00
[2023-07-09T19:09:24.263+0000] {processor.py:179} INFO - Processing /home/airflow/.local/lib/python3.7/site-packages/airflow/example_dags/example_latest_only.py took 0.073 seconds
[2023-07-09T19:09:54.418+0000] {processor.py:157} INFO - Started process (PID=1165) to work on /home/airflow/.local/lib/python3.7/site-packages/airflow/example_dags/example_latest_only.py
[2023-07-09T19:09:54.420+0000] {processor.py:826} INFO - Processing file /home/airflow/.local/lib/python3.7/site-packages/airflow/example_dags/example_latest_only.py for tasks to queue
[2023-07-09T19:09:54.421+0000] {logging_mixin.py:149} INFO - [2023-07-09T19:09:54.421+0000] {dagbag.py:541} INFO - Filling up the DagBag from /home/airflow/.local/lib/python3.7/site-packages/airflow/example_dags/example_latest_only.py
[2023-07-09T19:09:54.427+0000] {processor.py:836} INFO - DAG(s) dict_keys(['latest_only']) retrieved from /home/airflow/.local/lib/python3.7/site-packages/airflow/example_dags/example_latest_only.py
[2023-07-09T19:09:54.452+0000] {logging_mixin.py:149} INFO - [2023-07-09T19:09:54.451+0000] {dag.py:2726} INFO - Sync 1 DAGs
[2023-07-09T19:09:54.478+0000] {logging_mixin.py:149} INFO - [2023-07-09T19:09:54.478+0000] {dag.py:3490} INFO - Setting next_dagrun for latest_only to 2023-07-09T15:09:54.478478+00:00, run_after=2023-07-09T19:09:54.478478+00:00
[2023-07-09T19:09:54.502+0000] {processor.py:179} INFO - Processing /home/airflow/.local/lib/python3.7/site-packages/airflow/example_dags/example_latest_only.py took 0.087 seconds
[2023-07-09T19:10:24.652+0000] {processor.py:157} INFO - Started process (PID=1226) to work on /home/airflow/.local/lib/python3.7/site-packages/airflow/example_dags/example_latest_only.py
[2023-07-09T19:10:24.653+0000] {processor.py:826} INFO - Processing file /home/airflow/.local/lib/python3.7/site-packages/airflow/example_dags/example_latest_only.py for tasks to queue
[2023-07-09T19:10:24.654+0000] {logging_mixin.py:149} INFO - [2023-07-09T19:10:24.654+0000] {dagbag.py:541} INFO - Filling up the DagBag from /home/airflow/.local/lib/python3.7/site-packages/airflow/example_dags/example_latest_only.py
[2023-07-09T19:10:24.659+0000] {processor.py:836} INFO - DAG(s) dict_keys(['latest_only']) retrieved from /home/airflow/.local/lib/python3.7/site-packages/airflow/example_dags/example_latest_only.py
[2023-07-09T19:10:24.680+0000] {logging_mixin.py:149} INFO - [2023-07-09T19:10:24.680+0000] {dag.py:2726} INFO - Sync 1 DAGs
[2023-07-09T19:10:24.703+0000] {logging_mixin.py:149} INFO - [2023-07-09T19:10:24.703+0000] {dag.py:3490} INFO - Setting next_dagrun for latest_only to 2023-07-09T15:10:24.703523+00:00, run_after=2023-07-09T19:10:24.703523+00:00
[2023-07-09T19:10:24.728+0000] {processor.py:179} INFO - Processing /home/airflow/.local/lib/python3.7/site-packages/airflow/example_dags/example_latest_only.py took 0.078 seconds
[2023-07-09T19:10:56.181+0000] {processor.py:157} INFO - Started process (PID=1287) to work on /home/airflow/.local/lib/python3.7/site-packages/airflow/example_dags/example_latest_only.py
[2023-07-09T19:10:56.182+0000] {processor.py:826} INFO - Processing file /home/airflow/.local/lib/python3.7/site-packages/airflow/example_dags/example_latest_only.py for tasks to queue
[2023-07-09T19:10:56.183+0000] {logging_mixin.py:149} INFO - [2023-07-09T19:10:56.183+0000] {dagbag.py:541} INFO - Filling up the DagBag from /home/airflow/.local/lib/python3.7/site-packages/airflow/example_dags/example_latest_only.py
[2023-07-09T19:10:56.188+0000] {processor.py:836} INFO - DAG(s) dict_keys(['latest_only']) retrieved from /home/airflow/.local/lib/python3.7/site-packages/airflow/example_dags/example_latest_only.py
[2023-07-09T19:10:56.211+0000] {logging_mixin.py:149} INFO - [2023-07-09T19:10:56.210+0000] {dag.py:2726} INFO - Sync 1 DAGs
[2023-07-09T19:10:56.234+0000] {logging_mixin.py:149} INFO - [2023-07-09T19:10:56.234+0000] {dag.py:3490} INFO - Setting next_dagrun for latest_only to 2023-07-09T15:10:56.234109+00:00, run_after=2023-07-09T19:10:56.234109+00:00
[2023-07-09T19:10:56.256+0000] {processor.py:179} INFO - Processing /home/airflow/.local/lib/python3.7/site-packages/airflow/example_dags/example_latest_only.py took 0.078 seconds
[2023-07-09T19:11:26.419+0000] {processor.py:157} INFO - Started process (PID=1348) to work on /home/airflow/.local/lib/python3.7/site-packages/airflow/example_dags/example_latest_only.py
[2023-07-09T19:11:26.420+0000] {processor.py:826} INFO - Processing file /home/airflow/.local/lib/python3.7/site-packages/airflow/example_dags/example_latest_only.py for tasks to queue
[2023-07-09T19:11:26.422+0000] {logging_mixin.py:149} INFO - [2023-07-09T19:11:26.422+0000] {dagbag.py:541} INFO - Filling up the DagBag from /home/airflow/.local/lib/python3.7/site-packages/airflow/example_dags/example_latest_only.py
[2023-07-09T19:11:26.428+0000] {processor.py:836} INFO - DAG(s) dict_keys(['latest_only']) retrieved from /home/airflow/.local/lib/python3.7/site-packages/airflow/example_dags/example_latest_only.py
[2023-07-09T19:11:26.455+0000] {logging_mixin.py:149} INFO - [2023-07-09T19:11:26.454+0000] {dag.py:2726} INFO - Sync 1 DAGs
[2023-07-09T19:11:26.485+0000] {logging_mixin.py:149} INFO - [2023-07-09T19:11:26.485+0000] {dag.py:3490} INFO - Setting next_dagrun for latest_only to 2023-07-09T15:11:26.484802+00:00, run_after=2023-07-09T19:11:26.484802+00:00
[2023-07-09T19:11:26.511+0000] {processor.py:179} INFO - Processing /home/airflow/.local/lib/python3.7/site-packages/airflow/example_dags/example_latest_only.py took 0.095 seconds
[2023-07-09T19:11:56.702+0000] {processor.py:157} INFO - Started process (PID=1409) to work on /home/airflow/.local/lib/python3.7/site-packages/airflow/example_dags/example_latest_only.py
[2023-07-09T19:11:56.703+0000] {processor.py:826} INFO - Processing file /home/airflow/.local/lib/python3.7/site-packages/airflow/example_dags/example_latest_only.py for tasks to queue
[2023-07-09T19:11:56.704+0000] {logging_mixin.py:149} INFO - [2023-07-09T19:11:56.704+0000] {dagbag.py:541} INFO - Filling up the DagBag from /home/airflow/.local/lib/python3.7/site-packages/airflow/example_dags/example_latest_only.py
[2023-07-09T19:11:56.711+0000] {processor.py:836} INFO - DAG(s) dict_keys(['latest_only']) retrieved from /home/airflow/.local/lib/python3.7/site-packages/airflow/example_dags/example_latest_only.py
[2023-07-09T19:11:56.727+0000] {logging_mixin.py:149} INFO - [2023-07-09T19:11:56.727+0000] {dag.py:2726} INFO - Sync 1 DAGs
[2023-07-09T19:11:56.762+0000] {logging_mixin.py:149} INFO - [2023-07-09T19:11:56.762+0000] {dag.py:3490} INFO - Setting next_dagrun for latest_only to 2023-07-09T15:11:56.762114+00:00, run_after=2023-07-09T19:11:56.762114+00:00
[2023-07-09T19:11:56.793+0000] {processor.py:179} INFO - Processing /home/airflow/.local/lib/python3.7/site-packages/airflow/example_dags/example_latest_only.py took 0.094 seconds
[2023-07-09T19:12:27.591+0000] {processor.py:157} INFO - Started process (PID=1471) to work on /home/airflow/.local/lib/python3.7/site-packages/airflow/example_dags/example_latest_only.py
[2023-07-09T19:12:27.592+0000] {processor.py:826} INFO - Processing file /home/airflow/.local/lib/python3.7/site-packages/airflow/example_dags/example_latest_only.py for tasks to queue
[2023-07-09T19:12:27.593+0000] {logging_mixin.py:149} INFO - [2023-07-09T19:12:27.593+0000] {dagbag.py:541} INFO - Filling up the DagBag from /home/airflow/.local/lib/python3.7/site-packages/airflow/example_dags/example_latest_only.py
[2023-07-09T19:12:27.599+0000] {processor.py:836} INFO - DAG(s) dict_keys(['latest_only']) retrieved from /home/airflow/.local/lib/python3.7/site-packages/airflow/example_dags/example_latest_only.py
[2023-07-09T19:12:27.612+0000] {logging_mixin.py:149} INFO - [2023-07-09T19:12:27.611+0000] {dag.py:2726} INFO - Sync 1 DAGs
[2023-07-09T19:12:27.637+0000] {logging_mixin.py:149} INFO - [2023-07-09T19:12:27.637+0000] {dag.py:3490} INFO - Setting next_dagrun for latest_only to 2023-07-09T15:12:27.637268+00:00, run_after=2023-07-09T19:12:27.637268+00:00
[2023-07-09T19:12:27.661+0000] {processor.py:179} INFO - Processing /home/airflow/.local/lib/python3.7/site-packages/airflow/example_dags/example_latest_only.py took 0.073 seconds
[2023-07-09T19:12:58.521+0000] {processor.py:157} INFO - Started process (PID=1532) to work on /home/airflow/.local/lib/python3.7/site-packages/airflow/example_dags/example_latest_only.py
[2023-07-09T19:12:58.522+0000] {processor.py:826} INFO - Processing file /home/airflow/.local/lib/python3.7/site-packages/airflow/example_dags/example_latest_only.py for tasks to queue
[2023-07-09T19:12:58.528+0000] {logging_mixin.py:149} INFO - [2023-07-09T19:12:58.523+0000] {dagbag.py:541} INFO - Filling up the DagBag from /home/airflow/.local/lib/python3.7/site-packages/airflow/example_dags/example_latest_only.py
[2023-07-09T19:12:58.533+0000] {processor.py:836} INFO - DAG(s) dict_keys(['latest_only']) retrieved from /home/airflow/.local/lib/python3.7/site-packages/airflow/example_dags/example_latest_only.py
[2023-07-09T19:12:58.558+0000] {logging_mixin.py:149} INFO - [2023-07-09T19:12:58.558+0000] {dag.py:2726} INFO - Sync 1 DAGs
[2023-07-09T19:12:58.584+0000] {logging_mixin.py:149} INFO - [2023-07-09T19:12:58.583+0000] {dag.py:3490} INFO - Setting next_dagrun for latest_only to 2023-07-09T15:12:58.583732+00:00, run_after=2023-07-09T19:12:58.583732+00:00
[2023-07-09T19:12:58.605+0000] {processor.py:179} INFO - Processing /home/airflow/.local/lib/python3.7/site-packages/airflow/example_dags/example_latest_only.py took 0.088 seconds
[2023-07-09T19:13:28.861+0000] {processor.py:157} INFO - Started process (PID=1594) to work on /home/airflow/.local/lib/python3.7/site-packages/airflow/example_dags/example_latest_only.py
[2023-07-09T19:13:28.862+0000] {processor.py:826} INFO - Processing file /home/airflow/.local/lib/python3.7/site-packages/airflow/example_dags/example_latest_only.py for tasks to queue
[2023-07-09T19:13:28.863+0000] {logging_mixin.py:149} INFO - [2023-07-09T19:13:28.863+0000] {dagbag.py:541} INFO - Filling up the DagBag from /home/airflow/.local/lib/python3.7/site-packages/airflow/example_dags/example_latest_only.py
[2023-07-09T19:13:28.868+0000] {processor.py:836} INFO - DAG(s) dict_keys(['latest_only']) retrieved from /home/airflow/.local/lib/python3.7/site-packages/airflow/example_dags/example_latest_only.py
[2023-07-09T19:13:28.890+0000] {logging_mixin.py:149} INFO - [2023-07-09T19:13:28.890+0000] {dag.py:2726} INFO - Sync 1 DAGs
[2023-07-09T19:13:28.913+0000] {logging_mixin.py:149} INFO - [2023-07-09T19:13:28.912+0000] {dag.py:3490} INFO - Setting next_dagrun for latest_only to 2023-07-09T15:13:28.912621+00:00, run_after=2023-07-09T19:13:28.912621+00:00
[2023-07-09T19:13:28.933+0000] {processor.py:179} INFO - Processing /home/airflow/.local/lib/python3.7/site-packages/airflow/example_dags/example_latest_only.py took 0.075 seconds
[2023-07-09T19:13:59.237+0000] {processor.py:157} INFO - Started process (PID=1655) to work on /home/airflow/.local/lib/python3.7/site-packages/airflow/example_dags/example_latest_only.py
[2023-07-09T19:13:59.238+0000] {processor.py:826} INFO - Processing file /home/airflow/.local/lib/python3.7/site-packages/airflow/example_dags/example_latest_only.py for tasks to queue
[2023-07-09T19:13:59.239+0000] {logging_mixin.py:149} INFO - [2023-07-09T19:13:59.239+0000] {dagbag.py:541} INFO - Filling up the DagBag from /home/airflow/.local/lib/python3.7/site-packages/airflow/example_dags/example_latest_only.py
[2023-07-09T19:13:59.244+0000] {processor.py:836} INFO - DAG(s) dict_keys(['latest_only']) retrieved from /home/airflow/.local/lib/python3.7/site-packages/airflow/example_dags/example_latest_only.py
[2023-07-09T19:13:59.267+0000] {logging_mixin.py:149} INFO - [2023-07-09T19:13:59.267+0000] {dag.py:2726} INFO - Sync 1 DAGs
[2023-07-09T19:13:59.291+0000] {logging_mixin.py:149} INFO - [2023-07-09T19:13:59.291+0000] {dag.py:3490} INFO - Setting next_dagrun for latest_only to 2023-07-09T15:13:59.291066+00:00, run_after=2023-07-09T19:13:59.291066+00:00
[2023-07-09T19:13:59.312+0000] {processor.py:179} INFO - Processing /home/airflow/.local/lib/python3.7/site-packages/airflow/example_dags/example_latest_only.py took 0.078 seconds
[2023-07-09T19:14:29.368+0000] {processor.py:157} INFO - Started process (PID=1716) to work on /home/airflow/.local/lib/python3.7/site-packages/airflow/example_dags/example_latest_only.py
[2023-07-09T19:14:29.369+0000] {processor.py:826} INFO - Processing file /home/airflow/.local/lib/python3.7/site-packages/airflow/example_dags/example_latest_only.py for tasks to queue
[2023-07-09T19:14:29.371+0000] {logging_mixin.py:149} INFO - [2023-07-09T19:14:29.371+0000] {dagbag.py:541} INFO - Filling up the DagBag from /home/airflow/.local/lib/python3.7/site-packages/airflow/example_dags/example_latest_only.py
[2023-07-09T19:14:29.376+0000] {processor.py:836} INFO - DAG(s) dict_keys(['latest_only']) retrieved from /home/airflow/.local/lib/python3.7/site-packages/airflow/example_dags/example_latest_only.py
[2023-07-09T19:14:29.400+0000] {logging_mixin.py:149} INFO - [2023-07-09T19:14:29.400+0000] {dag.py:2726} INFO - Sync 1 DAGs
[2023-07-09T19:14:29.426+0000] {logging_mixin.py:149} INFO - [2023-07-09T19:14:29.426+0000] {dag.py:3490} INFO - Setting next_dagrun for latest_only to 2023-07-09T15:14:29.425717+00:00, run_after=2023-07-09T19:14:29.425717+00:00
[2023-07-09T19:14:29.445+0000] {processor.py:179} INFO - Processing /home/airflow/.local/lib/python3.7/site-packages/airflow/example_dags/example_latest_only.py took 0.080 seconds
[2023-07-09T19:15:00.399+0000] {processor.py:157} INFO - Started process (PID=1777) to work on /home/airflow/.local/lib/python3.7/site-packages/airflow/example_dags/example_latest_only.py
[2023-07-09T19:15:00.400+0000] {processor.py:826} INFO - Processing file /home/airflow/.local/lib/python3.7/site-packages/airflow/example_dags/example_latest_only.py for tasks to queue
[2023-07-09T19:15:00.401+0000] {logging_mixin.py:149} INFO - [2023-07-09T19:15:00.401+0000] {dagbag.py:541} INFO - Filling up the DagBag from /home/airflow/.local/lib/python3.7/site-packages/airflow/example_dags/example_latest_only.py
[2023-07-09T19:15:00.407+0000] {processor.py:836} INFO - DAG(s) dict_keys(['latest_only']) retrieved from /home/airflow/.local/lib/python3.7/site-packages/airflow/example_dags/example_latest_only.py
[2023-07-09T19:15:00.430+0000] {logging_mixin.py:149} INFO - [2023-07-09T19:15:00.430+0000] {dag.py:2726} INFO - Sync 1 DAGs
[2023-07-09T19:15:00.455+0000] {logging_mixin.py:149} INFO - [2023-07-09T19:15:00.455+0000] {dag.py:3490} INFO - Setting next_dagrun for latest_only to 2023-07-09T15:15:00.455430+00:00, run_after=2023-07-09T19:15:00.455430+00:00
[2023-07-09T19:15:00.478+0000] {processor.py:179} INFO - Processing /home/airflow/.local/lib/python3.7/site-packages/airflow/example_dags/example_latest_only.py took 0.082 seconds
[2023-07-09T19:15:31.231+0000] {processor.py:157} INFO - Started process (PID=1838) to work on /home/airflow/.local/lib/python3.7/site-packages/airflow/example_dags/example_latest_only.py
[2023-07-09T19:15:31.232+0000] {processor.py:826} INFO - Processing file /home/airflow/.local/lib/python3.7/site-packages/airflow/example_dags/example_latest_only.py for tasks to queue
[2023-07-09T19:15:31.233+0000] {logging_mixin.py:149} INFO - [2023-07-09T19:15:31.233+0000] {dagbag.py:541} INFO - Filling up the DagBag from /home/airflow/.local/lib/python3.7/site-packages/airflow/example_dags/example_latest_only.py
[2023-07-09T19:15:31.239+0000] {processor.py:836} INFO - DAG(s) dict_keys(['latest_only']) retrieved from /home/airflow/.local/lib/python3.7/site-packages/airflow/example_dags/example_latest_only.py
[2023-07-09T19:15:31.260+0000] {logging_mixin.py:149} INFO - [2023-07-09T19:15:31.260+0000] {dag.py:2726} INFO - Sync 1 DAGs
[2023-07-09T19:15:31.285+0000] {logging_mixin.py:149} INFO - [2023-07-09T19:15:31.285+0000] {dag.py:3490} INFO - Setting next_dagrun for latest_only to 2023-07-09T15:15:31.285273+00:00, run_after=2023-07-09T19:15:31.285273+00:00
[2023-07-09T19:15:31.308+0000] {processor.py:179} INFO - Processing /home/airflow/.local/lib/python3.7/site-packages/airflow/example_dags/example_latest_only.py took 0.079 seconds
[2023-07-09T19:16:01.580+0000] {processor.py:157} INFO - Started process (PID=1900) to work on /home/airflow/.local/lib/python3.7/site-packages/airflow/example_dags/example_latest_only.py
[2023-07-09T19:16:01.581+0000] {processor.py:826} INFO - Processing file /home/airflow/.local/lib/python3.7/site-packages/airflow/example_dags/example_latest_only.py for tasks to queue
[2023-07-09T19:16:01.582+0000] {logging_mixin.py:149} INFO - [2023-07-09T19:16:01.582+0000] {dagbag.py:541} INFO - Filling up the DagBag from /home/airflow/.local/lib/python3.7/site-packages/airflow/example_dags/example_latest_only.py
[2023-07-09T19:16:01.588+0000] {processor.py:836} INFO - DAG(s) dict_keys(['latest_only']) retrieved from /home/airflow/.local/lib/python3.7/site-packages/airflow/example_dags/example_latest_only.py
[2023-07-09T19:16:01.611+0000] {logging_mixin.py:149} INFO - [2023-07-09T19:16:01.611+0000] {dag.py:2726} INFO - Sync 1 DAGs
[2023-07-09T19:16:01.640+0000] {logging_mixin.py:149} INFO - [2023-07-09T19:16:01.640+0000] {dag.py:3490} INFO - Setting next_dagrun for latest_only to 2023-07-09T15:16:01.640537+00:00, run_after=2023-07-09T19:16:01.640537+00:00
[2023-07-09T19:16:01.664+0000] {processor.py:179} INFO - Processing /home/airflow/.local/lib/python3.7/site-packages/airflow/example_dags/example_latest_only.py took 0.086 seconds
[2023-07-09T19:16:31.865+0000] {processor.py:157} INFO - Started process (PID=1963) to work on /home/airflow/.local/lib/python3.7/site-packages/airflow/example_dags/example_latest_only.py
[2023-07-09T19:16:31.866+0000] {processor.py:826} INFO - Processing file /home/airflow/.local/lib/python3.7/site-packages/airflow/example_dags/example_latest_only.py for tasks to queue
[2023-07-09T19:16:31.867+0000] {logging_mixin.py:149} INFO - [2023-07-09T19:16:31.867+0000] {dagbag.py:541} INFO - Filling up the DagBag from /home/airflow/.local/lib/python3.7/site-packages/airflow/example_dags/example_latest_only.py
[2023-07-09T19:16:31.872+0000] {processor.py:836} INFO - DAG(s) dict_keys(['latest_only']) retrieved from /home/airflow/.local/lib/python3.7/site-packages/airflow/example_dags/example_latest_only.py
[2023-07-09T19:16:31.896+0000] {logging_mixin.py:149} INFO - [2023-07-09T19:16:31.895+0000] {dag.py:2726} INFO - Sync 1 DAGs
[2023-07-09T19:16:31.922+0000] {logging_mixin.py:149} INFO - [2023-07-09T19:16:31.922+0000] {dag.py:3490} INFO - Setting next_dagrun for latest_only to 2023-07-09T15:16:31.922125+00:00, run_after=2023-07-09T19:16:31.922125+00:00
[2023-07-09T19:16:31.944+0000] {processor.py:179} INFO - Processing /home/airflow/.local/lib/python3.7/site-packages/airflow/example_dags/example_latest_only.py took 0.082 seconds
[2023-07-09T19:17:02.298+0000] {processor.py:157} INFO - Started process (PID=2025) to work on /home/airflow/.local/lib/python3.7/site-packages/airflow/example_dags/example_latest_only.py
[2023-07-09T19:17:02.299+0000] {processor.py:826} INFO - Processing file /home/airflow/.local/lib/python3.7/site-packages/airflow/example_dags/example_latest_only.py for tasks to queue
[2023-07-09T19:17:02.301+0000] {logging_mixin.py:149} INFO - [2023-07-09T19:17:02.300+0000] {dagbag.py:541} INFO - Filling up the DagBag from /home/airflow/.local/lib/python3.7/site-packages/airflow/example_dags/example_latest_only.py
[2023-07-09T19:17:02.308+0000] {processor.py:836} INFO - DAG(s) dict_keys(['latest_only']) retrieved from /home/airflow/.local/lib/python3.7/site-packages/airflow/example_dags/example_latest_only.py
[2023-07-09T19:17:02.333+0000] {logging_mixin.py:149} INFO - [2023-07-09T19:17:02.333+0000] {dag.py:2726} INFO - Sync 1 DAGs
[2023-07-09T19:17:02.365+0000] {logging_mixin.py:149} INFO - [2023-07-09T19:17:02.365+0000] {dag.py:3490} INFO - Setting next_dagrun for latest_only to 2023-07-09T15:17:02.364936+00:00, run_after=2023-07-09T19:17:02.364936+00:00
[2023-07-09T19:17:02.390+0000] {processor.py:179} INFO - Processing /home/airflow/.local/lib/python3.7/site-packages/airflow/example_dags/example_latest_only.py took 0.097 seconds
[2023-07-09T19:17:33.301+0000] {processor.py:157} INFO - Started process (PID=2087) to work on /home/airflow/.local/lib/python3.7/site-packages/airflow/example_dags/example_latest_only.py
[2023-07-09T19:17:33.302+0000] {processor.py:826} INFO - Processing file /home/airflow/.local/lib/python3.7/site-packages/airflow/example_dags/example_latest_only.py for tasks to queue
[2023-07-09T19:17:33.303+0000] {logging_mixin.py:149} INFO - [2023-07-09T19:17:33.303+0000] {dagbag.py:541} INFO - Filling up the DagBag from /home/airflow/.local/lib/python3.7/site-packages/airflow/example_dags/example_latest_only.py
[2023-07-09T19:17:33.308+0000] {processor.py:836} INFO - DAG(s) dict_keys(['latest_only']) retrieved from /home/airflow/.local/lib/python3.7/site-packages/airflow/example_dags/example_latest_only.py
[2023-07-09T19:17:33.330+0000] {logging_mixin.py:149} INFO - [2023-07-09T19:17:33.330+0000] {dag.py:2726} INFO - Sync 1 DAGs
[2023-07-09T19:17:33.354+0000] {logging_mixin.py:149} INFO - [2023-07-09T19:17:33.354+0000] {dag.py:3490} INFO - Setting next_dagrun for latest_only to 2023-07-09T15:17:33.354643+00:00, run_after=2023-07-09T19:17:33.354643+00:00
[2023-07-09T19:17:33.375+0000] {processor.py:179} INFO - Processing /home/airflow/.local/lib/python3.7/site-packages/airflow/example_dags/example_latest_only.py took 0.077 seconds
[2023-07-09T19:18:04.282+0000] {processor.py:157} INFO - Started process (PID=2149) to work on /home/airflow/.local/lib/python3.7/site-packages/airflow/example_dags/example_latest_only.py
[2023-07-09T19:18:04.284+0000] {processor.py:826} INFO - Processing file /home/airflow/.local/lib/python3.7/site-packages/airflow/example_dags/example_latest_only.py for tasks to queue
[2023-07-09T19:18:04.285+0000] {logging_mixin.py:149} INFO - [2023-07-09T19:18:04.285+0000] {dagbag.py:541} INFO - Filling up the DagBag from /home/airflow/.local/lib/python3.7/site-packages/airflow/example_dags/example_latest_only.py
[2023-07-09T19:18:04.290+0000] {processor.py:836} INFO - DAG(s) dict_keys(['latest_only']) retrieved from /home/airflow/.local/lib/python3.7/site-packages/airflow/example_dags/example_latest_only.py
[2023-07-09T19:18:04.317+0000] {logging_mixin.py:149} INFO - [2023-07-09T19:18:04.317+0000] {dag.py:2726} INFO - Sync 1 DAGs
[2023-07-09T19:18:04.343+0000] {logging_mixin.py:149} INFO - [2023-07-09T19:18:04.342+0000] {dag.py:3490} INFO - Setting next_dagrun for latest_only to 2023-07-09T15:18:04.342530+00:00, run_after=2023-07-09T19:18:04.342530+00:00
[2023-07-09T19:18:04.367+0000] {processor.py:179} INFO - Processing /home/airflow/.local/lib/python3.7/site-packages/airflow/example_dags/example_latest_only.py took 0.089 seconds
[2023-07-09T19:18:34.652+0000] {processor.py:157} INFO - Started process (PID=2211) to work on /home/airflow/.local/lib/python3.7/site-packages/airflow/example_dags/example_latest_only.py
[2023-07-09T19:18:34.654+0000] {processor.py:826} INFO - Processing file /home/airflow/.local/lib/python3.7/site-packages/airflow/example_dags/example_latest_only.py for tasks to queue
[2023-07-09T19:18:34.654+0000] {logging_mixin.py:149} INFO - [2023-07-09T19:18:34.654+0000] {dagbag.py:541} INFO - Filling up the DagBag from /home/airflow/.local/lib/python3.7/site-packages/airflow/example_dags/example_latest_only.py
[2023-07-09T19:18:34.660+0000] {processor.py:836} INFO - DAG(s) dict_keys(['latest_only']) retrieved from /home/airflow/.local/lib/python3.7/site-packages/airflow/example_dags/example_latest_only.py
[2023-07-09T19:18:34.683+0000] {logging_mixin.py:149} INFO - [2023-07-09T19:18:34.683+0000] {dag.py:2726} INFO - Sync 1 DAGs
[2023-07-09T19:18:34.707+0000] {logging_mixin.py:149} INFO - [2023-07-09T19:18:34.707+0000] {dag.py:3490} INFO - Setting next_dagrun for latest_only to 2023-07-09T15:18:34.707144+00:00, run_after=2023-07-09T19:18:34.707144+00:00
[2023-07-09T19:18:34.731+0000] {processor.py:179} INFO - Processing /home/airflow/.local/lib/python3.7/site-packages/airflow/example_dags/example_latest_only.py took 0.082 seconds
[2023-07-09T19:19:04.879+0000] {processor.py:157} INFO - Started process (PID=2273) to work on /home/airflow/.local/lib/python3.7/site-packages/airflow/example_dags/example_latest_only.py
[2023-07-09T19:19:04.880+0000] {processor.py:826} INFO - Processing file /home/airflow/.local/lib/python3.7/site-packages/airflow/example_dags/example_latest_only.py for tasks to queue
[2023-07-09T19:19:04.881+0000] {logging_mixin.py:149} INFO - [2023-07-09T19:19:04.881+0000] {dagbag.py:541} INFO - Filling up the DagBag from /home/airflow/.local/lib/python3.7/site-packages/airflow/example_dags/example_latest_only.py
[2023-07-09T19:19:04.887+0000] {processor.py:836} INFO - DAG(s) dict_keys(['latest_only']) retrieved from /home/airflow/.local/lib/python3.7/site-packages/airflow/example_dags/example_latest_only.py
[2023-07-09T19:19:04.910+0000] {logging_mixin.py:149} INFO - [2023-07-09T19:19:04.910+0000] {dag.py:2726} INFO - Sync 1 DAGs
[2023-07-09T19:19:04.937+0000] {logging_mixin.py:149} INFO - [2023-07-09T19:19:04.937+0000] {dag.py:3490} INFO - Setting next_dagrun for latest_only to 2023-07-09T15:19:04.936777+00:00, run_after=2023-07-09T19:19:04.936777+00:00
[2023-07-09T19:19:04.960+0000] {processor.py:179} INFO - Processing /home/airflow/.local/lib/python3.7/site-packages/airflow/example_dags/example_latest_only.py took 0.084 seconds
[2023-07-09T19:19:34.992+0000] {processor.py:157} INFO - Started process (PID=2335) to work on /home/airflow/.local/lib/python3.7/site-packages/airflow/example_dags/example_latest_only.py
[2023-07-09T19:19:34.993+0000] {processor.py:826} INFO - Processing file /home/airflow/.local/lib/python3.7/site-packages/airflow/example_dags/example_latest_only.py for tasks to queue
[2023-07-09T19:19:34.994+0000] {logging_mixin.py:149} INFO - [2023-07-09T19:19:34.994+0000] {dagbag.py:541} INFO - Filling up the DagBag from /home/airflow/.local/lib/python3.7/site-packages/airflow/example_dags/example_latest_only.py
[2023-07-09T19:19:34.999+0000] {processor.py:836} INFO - DAG(s) dict_keys(['latest_only']) retrieved from /home/airflow/.local/lib/python3.7/site-packages/airflow/example_dags/example_latest_only.py
[2023-07-09T19:19:35.021+0000] {logging_mixin.py:149} INFO - [2023-07-09T19:19:35.021+0000] {dag.py:2726} INFO - Sync 1 DAGs
[2023-07-09T19:19:35.044+0000] {logging_mixin.py:149} INFO - [2023-07-09T19:19:35.044+0000] {dag.py:3490} INFO - Setting next_dagrun for latest_only to 2023-07-09T15:19:35.043768+00:00, run_after=2023-07-09T19:19:35.043768+00:00
[2023-07-09T19:19:35.065+0000] {processor.py:179} INFO - Processing /home/airflow/.local/lib/python3.7/site-packages/airflow/example_dags/example_latest_only.py took 0.076 seconds
[2023-07-09T19:20:05.226+0000] {processor.py:157} INFO - Started process (PID=2396) to work on /home/airflow/.local/lib/python3.7/site-packages/airflow/example_dags/example_latest_only.py
[2023-07-09T19:20:05.227+0000] {processor.py:826} INFO - Processing file /home/airflow/.local/lib/python3.7/site-packages/airflow/example_dags/example_latest_only.py for tasks to queue
[2023-07-09T19:20:05.228+0000] {logging_mixin.py:149} INFO - [2023-07-09T19:20:05.228+0000] {dagbag.py:541} INFO - Filling up the DagBag from /home/airflow/.local/lib/python3.7/site-packages/airflow/example_dags/example_latest_only.py
[2023-07-09T19:20:05.233+0000] {processor.py:836} INFO - DAG(s) dict_keys(['latest_only']) retrieved from /home/airflow/.local/lib/python3.7/site-packages/airflow/example_dags/example_latest_only.py
[2023-07-09T19:20:05.255+0000] {logging_mixin.py:149} INFO - [2023-07-09T19:20:05.255+0000] {dag.py:2726} INFO - Sync 1 DAGs
[2023-07-09T19:20:05.278+0000] {logging_mixin.py:149} INFO - [2023-07-09T19:20:05.278+0000] {dag.py:3490} INFO - Setting next_dagrun for latest_only to 2023-07-09T15:20:05.278326+00:00, run_after=2023-07-09T19:20:05.278326+00:00
[2023-07-09T19:20:05.301+0000] {processor.py:179} INFO - Processing /home/airflow/.local/lib/python3.7/site-packages/airflow/example_dags/example_latest_only.py took 0.077 seconds
[2023-07-09T19:20:35.672+0000] {processor.py:157} INFO - Started process (PID=2458) to work on /home/airflow/.local/lib/python3.7/site-packages/airflow/example_dags/example_latest_only.py
[2023-07-09T19:20:35.673+0000] {processor.py:826} INFO - Processing file /home/airflow/.local/lib/python3.7/site-packages/airflow/example_dags/example_latest_only.py for tasks to queue
[2023-07-09T19:20:35.676+0000] {logging_mixin.py:149} INFO - [2023-07-09T19:20:35.675+0000] {dagbag.py:541} INFO - Filling up the DagBag from /home/airflow/.local/lib/python3.7/site-packages/airflow/example_dags/example_latest_only.py
[2023-07-09T19:20:35.685+0000] {processor.py:836} INFO - DAG(s) dict_keys(['latest_only']) retrieved from /home/airflow/.local/lib/python3.7/site-packages/airflow/example_dags/example_latest_only.py
[2023-07-09T19:20:35.722+0000] {logging_mixin.py:149} INFO - [2023-07-09T19:20:35.721+0000] {dag.py:2726} INFO - Sync 1 DAGs
[2023-07-09T19:20:35.768+0000] {logging_mixin.py:149} INFO - [2023-07-09T19:20:35.768+0000] {dag.py:3490} INFO - Setting next_dagrun for latest_only to 2023-07-09T15:20:35.767745+00:00, run_after=2023-07-09T19:20:35.767745+00:00
[2023-07-09T19:20:35.813+0000] {processor.py:179} INFO - Processing /home/airflow/.local/lib/python3.7/site-packages/airflow/example_dags/example_latest_only.py took 0.147 seconds
[2023-07-09T19:21:05.915+0000] {processor.py:157} INFO - Started process (PID=2520) to work on /home/airflow/.local/lib/python3.7/site-packages/airflow/example_dags/example_latest_only.py
[2023-07-09T19:21:05.916+0000] {processor.py:826} INFO - Processing file /home/airflow/.local/lib/python3.7/site-packages/airflow/example_dags/example_latest_only.py for tasks to queue
[2023-07-09T19:21:05.917+0000] {logging_mixin.py:149} INFO - [2023-07-09T19:21:05.917+0000] {dagbag.py:541} INFO - Filling up the DagBag from /home/airflow/.local/lib/python3.7/site-packages/airflow/example_dags/example_latest_only.py
[2023-07-09T19:21:05.922+0000] {processor.py:836} INFO - DAG(s) dict_keys(['latest_only']) retrieved from /home/airflow/.local/lib/python3.7/site-packages/airflow/example_dags/example_latest_only.py
[2023-07-09T19:21:05.944+0000] {logging_mixin.py:149} INFO - [2023-07-09T19:21:05.944+0000] {dag.py:2726} INFO - Sync 1 DAGs
[2023-07-09T19:21:05.970+0000] {logging_mixin.py:149} INFO - [2023-07-09T19:21:05.970+0000] {dag.py:3490} INFO - Setting next_dagrun for latest_only to 2023-07-09T15:21:05.969861+00:00, run_after=2023-07-09T19:21:05.969861+00:00
[2023-07-09T19:21:05.991+0000] {processor.py:179} INFO - Processing /home/airflow/.local/lib/python3.7/site-packages/airflow/example_dags/example_latest_only.py took 0.078 seconds
[2023-07-09T19:21:36.463+0000] {processor.py:157} INFO - Started process (PID=2582) to work on /home/airflow/.local/lib/python3.7/site-packages/airflow/example_dags/example_latest_only.py
[2023-07-09T19:21:36.464+0000] {processor.py:826} INFO - Processing file /home/airflow/.local/lib/python3.7/site-packages/airflow/example_dags/example_latest_only.py for tasks to queue
[2023-07-09T19:21:36.466+0000] {logging_mixin.py:149} INFO - [2023-07-09T19:21:36.465+0000] {dagbag.py:541} INFO - Filling up the DagBag from /home/airflow/.local/lib/python3.7/site-packages/airflow/example_dags/example_latest_only.py
[2023-07-09T19:21:36.474+0000] {processor.py:836} INFO - DAG(s) dict_keys(['latest_only']) retrieved from /home/airflow/.local/lib/python3.7/site-packages/airflow/example_dags/example_latest_only.py
[2023-07-09T19:21:36.505+0000] {logging_mixin.py:149} INFO - [2023-07-09T19:21:36.504+0000] {dag.py:2726} INFO - Sync 1 DAGs
[2023-07-09T19:21:36.537+0000] {logging_mixin.py:149} INFO - [2023-07-09T19:21:36.537+0000] {dag.py:3490} INFO - Setting next_dagrun for latest_only to 2023-07-09T15:21:36.537274+00:00, run_after=2023-07-09T19:21:36.537274+00:00
[2023-07-09T19:21:36.560+0000] {processor.py:179} INFO - Processing /home/airflow/.local/lib/python3.7/site-packages/airflow/example_dags/example_latest_only.py took 0.102 seconds
[2023-07-09T19:22:06.654+0000] {processor.py:157} INFO - Started process (PID=2644) to work on /home/airflow/.local/lib/python3.7/site-packages/airflow/example_dags/example_latest_only.py
[2023-07-09T19:22:06.655+0000] {processor.py:826} INFO - Processing file /home/airflow/.local/lib/python3.7/site-packages/airflow/example_dags/example_latest_only.py for tasks to queue
[2023-07-09T19:22:06.656+0000] {logging_mixin.py:149} INFO - [2023-07-09T19:22:06.656+0000] {dagbag.py:541} INFO - Filling up the DagBag from /home/airflow/.local/lib/python3.7/site-packages/airflow/example_dags/example_latest_only.py
[2023-07-09T19:22:06.661+0000] {processor.py:836} INFO - DAG(s) dict_keys(['latest_only']) retrieved from /home/airflow/.local/lib/python3.7/site-packages/airflow/example_dags/example_latest_only.py
[2023-07-09T19:22:06.684+0000] {logging_mixin.py:149} INFO - [2023-07-09T19:22:06.684+0000] {dag.py:2726} INFO - Sync 1 DAGs
[2023-07-09T19:22:06.706+0000] {logging_mixin.py:149} INFO - [2023-07-09T19:22:06.706+0000] {dag.py:3490} INFO - Setting next_dagrun for latest_only to 2023-07-09T15:22:06.706302+00:00, run_after=2023-07-09T19:22:06.706302+00:00
[2023-07-09T19:22:06.728+0000] {processor.py:179} INFO - Processing /home/airflow/.local/lib/python3.7/site-packages/airflow/example_dags/example_latest_only.py took 0.078 seconds
[2023-07-09T19:22:36.924+0000] {processor.py:157} INFO - Started process (PID=2706) to work on /home/airflow/.local/lib/python3.7/site-packages/airflow/example_dags/example_latest_only.py
[2023-07-09T19:22:36.925+0000] {processor.py:826} INFO - Processing file /home/airflow/.local/lib/python3.7/site-packages/airflow/example_dags/example_latest_only.py for tasks to queue
[2023-07-09T19:22:36.926+0000] {logging_mixin.py:149} INFO - [2023-07-09T19:22:36.926+0000] {dagbag.py:541} INFO - Filling up the DagBag from /home/airflow/.local/lib/python3.7/site-packages/airflow/example_dags/example_latest_only.py
[2023-07-09T19:22:36.931+0000] {processor.py:836} INFO - DAG(s) dict_keys(['latest_only']) retrieved from /home/airflow/.local/lib/python3.7/site-packages/airflow/example_dags/example_latest_only.py
[2023-07-09T19:22:36.954+0000] {logging_mixin.py:149} INFO - [2023-07-09T19:22:36.953+0000] {dag.py:2726} INFO - Sync 1 DAGs
[2023-07-09T19:22:36.976+0000] {logging_mixin.py:149} INFO - [2023-07-09T19:22:36.976+0000] {dag.py:3490} INFO - Setting next_dagrun for latest_only to 2023-07-09T15:22:36.976539+00:00, run_after=2023-07-09T19:22:36.976539+00:00
[2023-07-09T19:22:36.998+0000] {processor.py:179} INFO - Processing /home/airflow/.local/lib/python3.7/site-packages/airflow/example_dags/example_latest_only.py took 0.076 seconds
[2023-07-09T19:23:07.178+0000] {processor.py:157} INFO - Started process (PID=2768) to work on /home/airflow/.local/lib/python3.7/site-packages/airflow/example_dags/example_latest_only.py
[2023-07-09T19:23:07.179+0000] {processor.py:826} INFO - Processing file /home/airflow/.local/lib/python3.7/site-packages/airflow/example_dags/example_latest_only.py for tasks to queue
[2023-07-09T19:23:07.180+0000] {logging_mixin.py:149} INFO - [2023-07-09T19:23:07.180+0000] {dagbag.py:541} INFO - Filling up the DagBag from /home/airflow/.local/lib/python3.7/site-packages/airflow/example_dags/example_latest_only.py
[2023-07-09T19:23:07.187+0000] {processor.py:836} INFO - DAG(s) dict_keys(['latest_only']) retrieved from /home/airflow/.local/lib/python3.7/site-packages/airflow/example_dags/example_latest_only.py
[2023-07-09T19:23:07.219+0000] {logging_mixin.py:149} INFO - [2023-07-09T19:23:07.218+0000] {dag.py:2726} INFO - Sync 1 DAGs
[2023-07-09T19:23:07.266+0000] {logging_mixin.py:149} INFO - [2023-07-09T19:23:07.266+0000] {dag.py:3490} INFO - Setting next_dagrun for latest_only to 2023-07-09T15:23:07.266111+00:00, run_after=2023-07-09T19:23:07.266111+00:00
[2023-07-09T19:23:07.320+0000] {processor.py:179} INFO - Processing /home/airflow/.local/lib/python3.7/site-packages/airflow/example_dags/example_latest_only.py took 0.146 seconds
[2023-07-09T19:23:37.409+0000] {processor.py:157} INFO - Started process (PID=2831) to work on /home/airflow/.local/lib/python3.7/site-packages/airflow/example_dags/example_latest_only.py
[2023-07-09T19:23:37.411+0000] {processor.py:826} INFO - Processing file /home/airflow/.local/lib/python3.7/site-packages/airflow/example_dags/example_latest_only.py for tasks to queue
[2023-07-09T19:23:37.411+0000] {logging_mixin.py:149} INFO - [2023-07-09T19:23:37.411+0000] {dagbag.py:541} INFO - Filling up the DagBag from /home/airflow/.local/lib/python3.7/site-packages/airflow/example_dags/example_latest_only.py
[2023-07-09T19:23:37.416+0000] {processor.py:836} INFO - DAG(s) dict_keys(['latest_only']) retrieved from /home/airflow/.local/lib/python3.7/site-packages/airflow/example_dags/example_latest_only.py
[2023-07-09T19:23:37.441+0000] {logging_mixin.py:149} INFO - [2023-07-09T19:23:37.441+0000] {dag.py:2726} INFO - Sync 1 DAGs
[2023-07-09T19:23:37.464+0000] {logging_mixin.py:149} INFO - [2023-07-09T19:23:37.464+0000] {dag.py:3490} INFO - Setting next_dagrun for latest_only to 2023-07-09T15:23:37.464332+00:00, run_after=2023-07-09T19:23:37.464332+00:00
[2023-07-09T19:23:37.486+0000] {processor.py:179} INFO - Processing /home/airflow/.local/lib/python3.7/site-packages/airflow/example_dags/example_latest_only.py took 0.079 seconds
[2023-07-09T19:24:07.744+0000] {processor.py:157} INFO - Started process (PID=2893) to work on /home/airflow/.local/lib/python3.7/site-packages/airflow/example_dags/example_latest_only.py
[2023-07-09T19:24:07.745+0000] {processor.py:826} INFO - Processing file /home/airflow/.local/lib/python3.7/site-packages/airflow/example_dags/example_latest_only.py for tasks to queue
[2023-07-09T19:24:07.746+0000] {logging_mixin.py:149} INFO - [2023-07-09T19:24:07.746+0000] {dagbag.py:541} INFO - Filling up the DagBag from /home/airflow/.local/lib/python3.7/site-packages/airflow/example_dags/example_latest_only.py
[2023-07-09T19:24:07.751+0000] {processor.py:836} INFO - DAG(s) dict_keys(['latest_only']) retrieved from /home/airflow/.local/lib/python3.7/site-packages/airflow/example_dags/example_latest_only.py
[2023-07-09T19:24:07.774+0000] {logging_mixin.py:149} INFO - [2023-07-09T19:24:07.774+0000] {dag.py:2726} INFO - Sync 1 DAGs
[2023-07-09T19:24:07.797+0000] {logging_mixin.py:149} INFO - [2023-07-09T19:24:07.797+0000] {dag.py:3490} INFO - Setting next_dagrun for latest_only to 2023-07-09T15:24:07.797472+00:00, run_after=2023-07-09T19:24:07.797472+00:00
[2023-07-09T19:24:07.819+0000] {processor.py:179} INFO - Processing /home/airflow/.local/lib/python3.7/site-packages/airflow/example_dags/example_latest_only.py took 0.078 seconds
[2023-07-09T19:24:38.050+0000] {processor.py:157} INFO - Started process (PID=2955) to work on /home/airflow/.local/lib/python3.7/site-packages/airflow/example_dags/example_latest_only.py
[2023-07-09T19:24:38.051+0000] {processor.py:826} INFO - Processing file /home/airflow/.local/lib/python3.7/site-packages/airflow/example_dags/example_latest_only.py for tasks to queue
[2023-07-09T19:24:38.052+0000] {logging_mixin.py:149} INFO - [2023-07-09T19:24:38.052+0000] {dagbag.py:541} INFO - Filling up the DagBag from /home/airflow/.local/lib/python3.7/site-packages/airflow/example_dags/example_latest_only.py
[2023-07-09T19:24:38.057+0000] {processor.py:836} INFO - DAG(s) dict_keys(['latest_only']) retrieved from /home/airflow/.local/lib/python3.7/site-packages/airflow/example_dags/example_latest_only.py
[2023-07-09T19:24:38.078+0000] {logging_mixin.py:149} INFO - [2023-07-09T19:24:38.078+0000] {dag.py:2726} INFO - Sync 1 DAGs
[2023-07-09T19:24:38.102+0000] {logging_mixin.py:149} INFO - [2023-07-09T19:24:38.102+0000] {dag.py:3490} INFO - Setting next_dagrun for latest_only to 2023-07-09T15:24:38.102489+00:00, run_after=2023-07-09T19:24:38.102489+00:00
[2023-07-09T19:24:38.124+0000] {processor.py:179} INFO - Processing /home/airflow/.local/lib/python3.7/site-packages/airflow/example_dags/example_latest_only.py took 0.077 seconds
[2023-07-09T19:25:08.253+0000] {processor.py:157} INFO - Started process (PID=3017) to work on /home/airflow/.local/lib/python3.7/site-packages/airflow/example_dags/example_latest_only.py
[2023-07-09T19:25:08.254+0000] {processor.py:826} INFO - Processing file /home/airflow/.local/lib/python3.7/site-packages/airflow/example_dags/example_latest_only.py for tasks to queue
[2023-07-09T19:25:08.255+0000] {logging_mixin.py:149} INFO - [2023-07-09T19:25:08.255+0000] {dagbag.py:541} INFO - Filling up the DagBag from /home/airflow/.local/lib/python3.7/site-packages/airflow/example_dags/example_latest_only.py
[2023-07-09T19:25:08.260+0000] {processor.py:836} INFO - DAG(s) dict_keys(['latest_only']) retrieved from /home/airflow/.local/lib/python3.7/site-packages/airflow/example_dags/example_latest_only.py
[2023-07-09T19:25:08.283+0000] {logging_mixin.py:149} INFO - [2023-07-09T19:25:08.283+0000] {dag.py:2726} INFO - Sync 1 DAGs
[2023-07-09T19:25:08.305+0000] {logging_mixin.py:149} INFO - [2023-07-09T19:25:08.305+0000] {dag.py:3490} INFO - Setting next_dagrun for latest_only to 2023-07-09T15:25:08.304782+00:00, run_after=2023-07-09T19:25:08.304782+00:00
[2023-07-09T19:25:08.324+0000] {processor.py:179} INFO - Processing /home/airflow/.local/lib/python3.7/site-packages/airflow/example_dags/example_latest_only.py took 0.074 seconds
[2023-07-09T19:25:38.880+0000] {processor.py:157} INFO - Started process (PID=3079) to work on /home/airflow/.local/lib/python3.7/site-packages/airflow/example_dags/example_latest_only.py
[2023-07-09T19:25:38.881+0000] {processor.py:826} INFO - Processing file /home/airflow/.local/lib/python3.7/site-packages/airflow/example_dags/example_latest_only.py for tasks to queue
[2023-07-09T19:25:38.882+0000] {logging_mixin.py:149} INFO - [2023-07-09T19:25:38.881+0000] {dagbag.py:541} INFO - Filling up the DagBag from /home/airflow/.local/lib/python3.7/site-packages/airflow/example_dags/example_latest_only.py
[2023-07-09T19:25:38.887+0000] {processor.py:836} INFO - DAG(s) dict_keys(['latest_only']) retrieved from /home/airflow/.local/lib/python3.7/site-packages/airflow/example_dags/example_latest_only.py
[2023-07-09T19:25:38.910+0000] {logging_mixin.py:149} INFO - [2023-07-09T19:25:38.910+0000] {dag.py:2726} INFO - Sync 1 DAGs
[2023-07-09T19:25:38.932+0000] {logging_mixin.py:149} INFO - [2023-07-09T19:25:38.932+0000] {dag.py:3490} INFO - Setting next_dagrun for latest_only to 2023-07-09T15:25:38.932101+00:00, run_after=2023-07-09T19:25:38.932101+00:00
[2023-07-09T19:25:38.953+0000] {processor.py:179} INFO - Processing /home/airflow/.local/lib/python3.7/site-packages/airflow/example_dags/example_latest_only.py took 0.076 seconds
[2023-07-09T19:26:09.404+0000] {processor.py:157} INFO - Started process (PID=3141) to work on /home/airflow/.local/lib/python3.7/site-packages/airflow/example_dags/example_latest_only.py
[2023-07-09T19:26:09.405+0000] {processor.py:826} INFO - Processing file /home/airflow/.local/lib/python3.7/site-packages/airflow/example_dags/example_latest_only.py for tasks to queue
[2023-07-09T19:26:09.406+0000] {logging_mixin.py:149} INFO - [2023-07-09T19:26:09.406+0000] {dagbag.py:541} INFO - Filling up the DagBag from /home/airflow/.local/lib/python3.7/site-packages/airflow/example_dags/example_latest_only.py
[2023-07-09T19:26:09.410+0000] {processor.py:836} INFO - DAG(s) dict_keys(['latest_only']) retrieved from /home/airflow/.local/lib/python3.7/site-packages/airflow/example_dags/example_latest_only.py
[2023-07-09T19:26:09.433+0000] {logging_mixin.py:149} INFO - [2023-07-09T19:26:09.433+0000] {dag.py:2726} INFO - Sync 1 DAGs
[2023-07-09T19:26:09.456+0000] {logging_mixin.py:149} INFO - [2023-07-09T19:26:09.456+0000] {dag.py:3490} INFO - Setting next_dagrun for latest_only to 2023-07-09T15:26:09.455782+00:00, run_after=2023-07-09T19:26:09.455782+00:00
[2023-07-09T19:26:09.477+0000] {processor.py:179} INFO - Processing /home/airflow/.local/lib/python3.7/site-packages/airflow/example_dags/example_latest_only.py took 0.077 seconds
[2023-07-09T19:26:39.966+0000] {processor.py:157} INFO - Started process (PID=3203) to work on /home/airflow/.local/lib/python3.7/site-packages/airflow/example_dags/example_latest_only.py
[2023-07-09T19:26:39.967+0000] {processor.py:826} INFO - Processing file /home/airflow/.local/lib/python3.7/site-packages/airflow/example_dags/example_latest_only.py for tasks to queue
[2023-07-09T19:26:39.968+0000] {logging_mixin.py:149} INFO - [2023-07-09T19:26:39.967+0000] {dagbag.py:541} INFO - Filling up the DagBag from /home/airflow/.local/lib/python3.7/site-packages/airflow/example_dags/example_latest_only.py
[2023-07-09T19:26:39.973+0000] {processor.py:836} INFO - DAG(s) dict_keys(['latest_only']) retrieved from /home/airflow/.local/lib/python3.7/site-packages/airflow/example_dags/example_latest_only.py
[2023-07-09T19:26:39.996+0000] {logging_mixin.py:149} INFO - [2023-07-09T19:26:39.996+0000] {dag.py:2726} INFO - Sync 1 DAGs
[2023-07-09T19:26:40.020+0000] {logging_mixin.py:149} INFO - [2023-07-09T19:26:40.020+0000] {dag.py:3490} INFO - Setting next_dagrun for latest_only to 2023-07-09T15:26:40.020142+00:00, run_after=2023-07-09T19:26:40.020142+00:00
[2023-07-09T19:26:40.048+0000] {processor.py:179} INFO - Processing /home/airflow/.local/lib/python3.7/site-packages/airflow/example_dags/example_latest_only.py took 0.085 seconds
[2023-07-09T19:27:10.524+0000] {processor.py:157} INFO - Started process (PID=3265) to work on /home/airflow/.local/lib/python3.7/site-packages/airflow/example_dags/example_latest_only.py
[2023-07-09T19:27:10.526+0000] {processor.py:826} INFO - Processing file /home/airflow/.local/lib/python3.7/site-packages/airflow/example_dags/example_latest_only.py for tasks to queue
[2023-07-09T19:27:10.527+0000] {logging_mixin.py:149} INFO - [2023-07-09T19:27:10.527+0000] {dagbag.py:541} INFO - Filling up the DagBag from /home/airflow/.local/lib/python3.7/site-packages/airflow/example_dags/example_latest_only.py
[2023-07-09T19:27:10.532+0000] {processor.py:836} INFO - DAG(s) dict_keys(['latest_only']) retrieved from /home/airflow/.local/lib/python3.7/site-packages/airflow/example_dags/example_latest_only.py
[2023-07-09T19:27:10.555+0000] {logging_mixin.py:149} INFO - [2023-07-09T19:27:10.555+0000] {dag.py:2726} INFO - Sync 1 DAGs
[2023-07-09T19:27:10.580+0000] {logging_mixin.py:149} INFO - [2023-07-09T19:27:10.580+0000] {dag.py:3490} INFO - Setting next_dagrun for latest_only to 2023-07-09T15:27:10.579840+00:00, run_after=2023-07-09T19:27:10.579840+00:00
[2023-07-09T19:27:10.601+0000] {processor.py:179} INFO - Processing /home/airflow/.local/lib/python3.7/site-packages/airflow/example_dags/example_latest_only.py took 0.081 seconds
[2023-07-09T19:27:41.206+0000] {processor.py:157} INFO - Started process (PID=3328) to work on /home/airflow/.local/lib/python3.7/site-packages/airflow/example_dags/example_latest_only.py
[2023-07-09T19:27:41.207+0000] {processor.py:826} INFO - Processing file /home/airflow/.local/lib/python3.7/site-packages/airflow/example_dags/example_latest_only.py for tasks to queue
[2023-07-09T19:27:41.208+0000] {logging_mixin.py:149} INFO - [2023-07-09T19:27:41.208+0000] {dagbag.py:541} INFO - Filling up the DagBag from /home/airflow/.local/lib/python3.7/site-packages/airflow/example_dags/example_latest_only.py
[2023-07-09T19:27:41.213+0000] {processor.py:836} INFO - DAG(s) dict_keys(['latest_only']) retrieved from /home/airflow/.local/lib/python3.7/site-packages/airflow/example_dags/example_latest_only.py
[2023-07-09T19:27:41.238+0000] {logging_mixin.py:149} INFO - [2023-07-09T19:27:41.238+0000] {dag.py:2726} INFO - Sync 1 DAGs
[2023-07-09T19:27:41.265+0000] {logging_mixin.py:149} INFO - [2023-07-09T19:27:41.265+0000] {dag.py:3490} INFO - Setting next_dagrun for latest_only to 2023-07-09T15:27:41.265241+00:00, run_after=2023-07-09T19:27:41.265241+00:00
[2023-07-09T19:27:41.289+0000] {processor.py:179} INFO - Processing /home/airflow/.local/lib/python3.7/site-packages/airflow/example_dags/example_latest_only.py took 0.086 seconds
[2023-07-09T19:28:11.813+0000] {processor.py:157} INFO - Started process (PID=3390) to work on /home/airflow/.local/lib/python3.7/site-packages/airflow/example_dags/example_latest_only.py
[2023-07-09T19:28:11.814+0000] {processor.py:826} INFO - Processing file /home/airflow/.local/lib/python3.7/site-packages/airflow/example_dags/example_latest_only.py for tasks to queue
[2023-07-09T19:28:11.814+0000] {logging_mixin.py:149} INFO - [2023-07-09T19:28:11.814+0000] {dagbag.py:541} INFO - Filling up the DagBag from /home/airflow/.local/lib/python3.7/site-packages/airflow/example_dags/example_latest_only.py
[2023-07-09T19:28:11.819+0000] {processor.py:836} INFO - DAG(s) dict_keys(['latest_only']) retrieved from /home/airflow/.local/lib/python3.7/site-packages/airflow/example_dags/example_latest_only.py
[2023-07-09T19:28:11.921+0000] {logging_mixin.py:149} INFO - [2023-07-09T19:28:11.920+0000] {dag.py:2726} INFO - Sync 1 DAGs
[2023-07-09T19:28:11.956+0000] {logging_mixin.py:149} INFO - [2023-07-09T19:28:11.955+0000] {dag.py:3490} INFO - Setting next_dagrun for latest_only to 2023-07-09T15:28:11.955617+00:00, run_after=2023-07-09T19:28:11.955617+00:00
[2023-07-09T19:28:11.986+0000] {processor.py:179} INFO - Processing /home/airflow/.local/lib/python3.7/site-packages/airflow/example_dags/example_latest_only.py took 0.177 seconds
[2023-07-09T19:28:42.295+0000] {processor.py:157} INFO - Started process (PID=3452) to work on /home/airflow/.local/lib/python3.7/site-packages/airflow/example_dags/example_latest_only.py
[2023-07-09T19:28:42.297+0000] {processor.py:826} INFO - Processing file /home/airflow/.local/lib/python3.7/site-packages/airflow/example_dags/example_latest_only.py for tasks to queue
[2023-07-09T19:28:42.297+0000] {logging_mixin.py:149} INFO - [2023-07-09T19:28:42.297+0000] {dagbag.py:541} INFO - Filling up the DagBag from /home/airflow/.local/lib/python3.7/site-packages/airflow/example_dags/example_latest_only.py
[2023-07-09T19:28:42.302+0000] {processor.py:836} INFO - DAG(s) dict_keys(['latest_only']) retrieved from /home/airflow/.local/lib/python3.7/site-packages/airflow/example_dags/example_latest_only.py
[2023-07-09T19:28:42.326+0000] {logging_mixin.py:149} INFO - [2023-07-09T19:28:42.326+0000] {dag.py:2726} INFO - Sync 1 DAGs
[2023-07-09T19:28:42.349+0000] {logging_mixin.py:149} INFO - [2023-07-09T19:28:42.348+0000] {dag.py:3490} INFO - Setting next_dagrun for latest_only to 2023-07-09T15:28:42.348712+00:00, run_after=2023-07-09T19:28:42.348712+00:00
[2023-07-09T19:28:42.370+0000] {processor.py:179} INFO - Processing /home/airflow/.local/lib/python3.7/site-packages/airflow/example_dags/example_latest_only.py took 0.078 seconds
[2023-07-09T19:29:12.898+0000] {processor.py:157} INFO - Started process (PID=3514) to work on /home/airflow/.local/lib/python3.7/site-packages/airflow/example_dags/example_latest_only.py
[2023-07-09T19:29:12.899+0000] {processor.py:826} INFO - Processing file /home/airflow/.local/lib/python3.7/site-packages/airflow/example_dags/example_latest_only.py for tasks to queue
[2023-07-09T19:29:12.900+0000] {logging_mixin.py:149} INFO - [2023-07-09T19:29:12.900+0000] {dagbag.py:541} INFO - Filling up the DagBag from /home/airflow/.local/lib/python3.7/site-packages/airflow/example_dags/example_latest_only.py
[2023-07-09T19:29:12.905+0000] {processor.py:836} INFO - DAG(s) dict_keys(['latest_only']) retrieved from /home/airflow/.local/lib/python3.7/site-packages/airflow/example_dags/example_latest_only.py
[2023-07-09T19:29:12.928+0000] {logging_mixin.py:149} INFO - [2023-07-09T19:29:12.928+0000] {dag.py:2726} INFO - Sync 1 DAGs
[2023-07-09T19:29:12.951+0000] {logging_mixin.py:149} INFO - [2023-07-09T19:29:12.951+0000] {dag.py:3490} INFO - Setting next_dagrun for latest_only to 2023-07-09T15:29:12.951051+00:00, run_after=2023-07-09T19:29:12.951051+00:00
[2023-07-09T19:29:12.973+0000] {processor.py:179} INFO - Processing /home/airflow/.local/lib/python3.7/site-packages/airflow/example_dags/example_latest_only.py took 0.077 seconds
[2023-07-09T19:29:43.579+0000] {processor.py:157} INFO - Started process (PID=3576) to work on /home/airflow/.local/lib/python3.7/site-packages/airflow/example_dags/example_latest_only.py
[2023-07-09T19:29:43.580+0000] {processor.py:826} INFO - Processing file /home/airflow/.local/lib/python3.7/site-packages/airflow/example_dags/example_latest_only.py for tasks to queue
[2023-07-09T19:29:43.581+0000] {logging_mixin.py:149} INFO - [2023-07-09T19:29:43.581+0000] {dagbag.py:541} INFO - Filling up the DagBag from /home/airflow/.local/lib/python3.7/site-packages/airflow/example_dags/example_latest_only.py
[2023-07-09T19:29:43.588+0000] {processor.py:836} INFO - DAG(s) dict_keys(['latest_only']) retrieved from /home/airflow/.local/lib/python3.7/site-packages/airflow/example_dags/example_latest_only.py
[2023-07-09T19:29:43.655+0000] {logging_mixin.py:149} INFO - [2023-07-09T19:29:43.655+0000] {dag.py:2726} INFO - Sync 1 DAGs
[2023-07-09T19:29:43.691+0000] {logging_mixin.py:149} INFO - [2023-07-09T19:29:43.691+0000] {dag.py:3490} INFO - Setting next_dagrun for latest_only to 2023-07-09T15:29:43.691179+00:00, run_after=2023-07-09T19:29:43.691179+00:00
[2023-07-09T19:29:43.733+0000] {processor.py:179} INFO - Processing /home/airflow/.local/lib/python3.7/site-packages/airflow/example_dags/example_latest_only.py took 0.157 seconds
[2023-07-09T19:30:14.141+0000] {processor.py:157} INFO - Started process (PID=3645) to work on /home/airflow/.local/lib/python3.7/site-packages/airflow/example_dags/example_latest_only.py
[2023-07-09T19:30:14.142+0000] {processor.py:826} INFO - Processing file /home/airflow/.local/lib/python3.7/site-packages/airflow/example_dags/example_latest_only.py for tasks to queue
[2023-07-09T19:30:14.143+0000] {logging_mixin.py:149} INFO - [2023-07-09T19:30:14.143+0000] {dagbag.py:541} INFO - Filling up the DagBag from /home/airflow/.local/lib/python3.7/site-packages/airflow/example_dags/example_latest_only.py
[2023-07-09T19:30:14.147+0000] {processor.py:836} INFO - DAG(s) dict_keys(['latest_only']) retrieved from /home/airflow/.local/lib/python3.7/site-packages/airflow/example_dags/example_latest_only.py
[2023-07-09T19:30:14.170+0000] {logging_mixin.py:149} INFO - [2023-07-09T19:30:14.170+0000] {dag.py:2726} INFO - Sync 1 DAGs
[2023-07-09T19:30:14.193+0000] {logging_mixin.py:149} INFO - [2023-07-09T19:30:14.192+0000] {dag.py:3490} INFO - Setting next_dagrun for latest_only to 2023-07-09T15:30:14.192760+00:00, run_after=2023-07-09T19:30:14.192760+00:00
[2023-07-09T19:30:14.215+0000] {processor.py:179} INFO - Processing /home/airflow/.local/lib/python3.7/site-packages/airflow/example_dags/example_latest_only.py took 0.077 seconds
[2023-07-09T19:30:44.468+0000] {processor.py:157} INFO - Started process (PID=3707) to work on /home/airflow/.local/lib/python3.7/site-packages/airflow/example_dags/example_latest_only.py
[2023-07-09T19:30:44.470+0000] {processor.py:826} INFO - Processing file /home/airflow/.local/lib/python3.7/site-packages/airflow/example_dags/example_latest_only.py for tasks to queue
[2023-07-09T19:30:44.470+0000] {logging_mixin.py:149} INFO - [2023-07-09T19:30:44.470+0000] {dagbag.py:541} INFO - Filling up the DagBag from /home/airflow/.local/lib/python3.7/site-packages/airflow/example_dags/example_latest_only.py
[2023-07-09T19:30:44.475+0000] {processor.py:836} INFO - DAG(s) dict_keys(['latest_only']) retrieved from /home/airflow/.local/lib/python3.7/site-packages/airflow/example_dags/example_latest_only.py
[2023-07-09T19:30:44.500+0000] {logging_mixin.py:149} INFO - [2023-07-09T19:30:44.500+0000] {dag.py:2726} INFO - Sync 1 DAGs
[2023-07-09T19:30:44.528+0000] {logging_mixin.py:149} INFO - [2023-07-09T19:30:44.528+0000] {dag.py:3490} INFO - Setting next_dagrun for latest_only to 2023-07-09T15:30:44.527824+00:00, run_after=2023-07-09T19:30:44.527824+00:00
[2023-07-09T19:30:44.560+0000] {processor.py:179} INFO - Processing /home/airflow/.local/lib/python3.7/site-packages/airflow/example_dags/example_latest_only.py took 0.094 seconds
[2023-07-09T19:31:15.274+0000] {processor.py:157} INFO - Started process (PID=3760) to work on /home/airflow/.local/lib/python3.7/site-packages/airflow/example_dags/example_latest_only.py
[2023-07-09T19:31:15.275+0000] {processor.py:826} INFO - Processing file /home/airflow/.local/lib/python3.7/site-packages/airflow/example_dags/example_latest_only.py for tasks to queue
[2023-07-09T19:31:15.276+0000] {logging_mixin.py:149} INFO - [2023-07-09T19:31:15.276+0000] {dagbag.py:541} INFO - Filling up the DagBag from /home/airflow/.local/lib/python3.7/site-packages/airflow/example_dags/example_latest_only.py
[2023-07-09T19:31:15.281+0000] {processor.py:836} INFO - DAG(s) dict_keys(['latest_only']) retrieved from /home/airflow/.local/lib/python3.7/site-packages/airflow/example_dags/example_latest_only.py
[2023-07-09T19:31:15.306+0000] {logging_mixin.py:149} INFO - [2023-07-09T19:31:15.306+0000] {dag.py:2726} INFO - Sync 1 DAGs
[2023-07-09T19:31:15.332+0000] {logging_mixin.py:149} INFO - [2023-07-09T19:31:15.331+0000] {dag.py:3490} INFO - Setting next_dagrun for latest_only to 2023-07-09T15:31:15.331648+00:00, run_after=2023-07-09T19:31:15.331648+00:00
[2023-07-09T19:31:15.359+0000] {processor.py:179} INFO - Processing /home/airflow/.local/lib/python3.7/site-packages/airflow/example_dags/example_latest_only.py took 0.088 seconds
[2023-07-09T19:31:45.796+0000] {processor.py:157} INFO - Started process (PID=3822) to work on /home/airflow/.local/lib/python3.7/site-packages/airflow/example_dags/example_latest_only.py
[2023-07-09T19:31:45.797+0000] {processor.py:826} INFO - Processing file /home/airflow/.local/lib/python3.7/site-packages/airflow/example_dags/example_latest_only.py for tasks to queue
[2023-07-09T19:31:45.798+0000] {logging_mixin.py:149} INFO - [2023-07-09T19:31:45.798+0000] {dagbag.py:541} INFO - Filling up the DagBag from /home/airflow/.local/lib/python3.7/site-packages/airflow/example_dags/example_latest_only.py
[2023-07-09T19:31:45.802+0000] {processor.py:836} INFO - DAG(s) dict_keys(['latest_only']) retrieved from /home/airflow/.local/lib/python3.7/site-packages/airflow/example_dags/example_latest_only.py
[2023-07-09T19:31:45.828+0000] {logging_mixin.py:149} INFO - [2023-07-09T19:31:45.828+0000] {dag.py:2726} INFO - Sync 1 DAGs
[2023-07-09T19:31:45.851+0000] {logging_mixin.py:149} INFO - [2023-07-09T19:31:45.851+0000] {dag.py:3490} INFO - Setting next_dagrun for latest_only to 2023-07-09T15:31:45.851139+00:00, run_after=2023-07-09T19:31:45.851139+00:00
[2023-07-09T19:31:45.873+0000] {processor.py:179} INFO - Processing /home/airflow/.local/lib/python3.7/site-packages/airflow/example_dags/example_latest_only.py took 0.080 seconds
[2023-07-09T19:32:16.056+0000] {processor.py:157} INFO - Started process (PID=3884) to work on /home/airflow/.local/lib/python3.7/site-packages/airflow/example_dags/example_latest_only.py
[2023-07-09T19:32:16.057+0000] {processor.py:826} INFO - Processing file /home/airflow/.local/lib/python3.7/site-packages/airflow/example_dags/example_latest_only.py for tasks to queue
[2023-07-09T19:32:16.058+0000] {logging_mixin.py:149} INFO - [2023-07-09T19:32:16.057+0000] {dagbag.py:541} INFO - Filling up the DagBag from /home/airflow/.local/lib/python3.7/site-packages/airflow/example_dags/example_latest_only.py
[2023-07-09T19:32:16.063+0000] {processor.py:836} INFO - DAG(s) dict_keys(['latest_only']) retrieved from /home/airflow/.local/lib/python3.7/site-packages/airflow/example_dags/example_latest_only.py
[2023-07-09T19:32:16.084+0000] {logging_mixin.py:149} INFO - [2023-07-09T19:32:16.084+0000] {dag.py:2726} INFO - Sync 1 DAGs
[2023-07-09T19:32:16.108+0000] {logging_mixin.py:149} INFO - [2023-07-09T19:32:16.108+0000] {dag.py:3490} INFO - Setting next_dagrun for latest_only to 2023-07-09T15:32:16.107852+00:00, run_after=2023-07-09T19:32:16.107852+00:00
[2023-07-09T19:32:16.130+0000] {processor.py:179} INFO - Processing /home/airflow/.local/lib/python3.7/site-packages/airflow/example_dags/example_latest_only.py took 0.077 seconds
[2023-07-09T19:32:46.216+0000] {processor.py:157} INFO - Started process (PID=3946) to work on /home/airflow/.local/lib/python3.7/site-packages/airflow/example_dags/example_latest_only.py
[2023-07-09T19:32:46.217+0000] {processor.py:826} INFO - Processing file /home/airflow/.local/lib/python3.7/site-packages/airflow/example_dags/example_latest_only.py for tasks to queue
[2023-07-09T19:32:46.218+0000] {logging_mixin.py:149} INFO - [2023-07-09T19:32:46.217+0000] {dagbag.py:541} INFO - Filling up the DagBag from /home/airflow/.local/lib/python3.7/site-packages/airflow/example_dags/example_latest_only.py
[2023-07-09T19:32:46.223+0000] {processor.py:836} INFO - DAG(s) dict_keys(['latest_only']) retrieved from /home/airflow/.local/lib/python3.7/site-packages/airflow/example_dags/example_latest_only.py
[2023-07-09T19:32:46.249+0000] {logging_mixin.py:149} INFO - [2023-07-09T19:32:46.248+0000] {dag.py:2726} INFO - Sync 1 DAGs
[2023-07-09T19:32:46.277+0000] {logging_mixin.py:149} INFO - [2023-07-09T19:32:46.277+0000] {dag.py:3490} INFO - Setting next_dagrun for latest_only to 2023-07-09T15:32:46.277329+00:00, run_after=2023-07-09T19:32:46.277329+00:00
[2023-07-09T19:32:46.297+0000] {processor.py:179} INFO - Processing /home/airflow/.local/lib/python3.7/site-packages/airflow/example_dags/example_latest_only.py took 0.085 seconds
[2023-07-09T19:33:16.835+0000] {processor.py:157} INFO - Started process (PID=4008) to work on /home/airflow/.local/lib/python3.7/site-packages/airflow/example_dags/example_latest_only.py
[2023-07-09T19:33:16.836+0000] {processor.py:826} INFO - Processing file /home/airflow/.local/lib/python3.7/site-packages/airflow/example_dags/example_latest_only.py for tasks to queue
[2023-07-09T19:33:16.837+0000] {logging_mixin.py:149} INFO - [2023-07-09T19:33:16.837+0000] {dagbag.py:541} INFO - Filling up the DagBag from /home/airflow/.local/lib/python3.7/site-packages/airflow/example_dags/example_latest_only.py
[2023-07-09T19:33:16.842+0000] {processor.py:836} INFO - DAG(s) dict_keys(['latest_only']) retrieved from /home/airflow/.local/lib/python3.7/site-packages/airflow/example_dags/example_latest_only.py
[2023-07-09T19:33:16.866+0000] {logging_mixin.py:149} INFO - [2023-07-09T19:33:16.865+0000] {dag.py:2726} INFO - Sync 1 DAGs
[2023-07-09T19:33:16.890+0000] {logging_mixin.py:149} INFO - [2023-07-09T19:33:16.890+0000] {dag.py:3490} INFO - Setting next_dagrun for latest_only to 2023-07-09T15:33:16.890335+00:00, run_after=2023-07-09T19:33:16.890335+00:00
[2023-07-09T19:33:16.912+0000] {processor.py:179} INFO - Processing /home/airflow/.local/lib/python3.7/site-packages/airflow/example_dags/example_latest_only.py took 0.079 seconds
[2023-07-09T19:33:47.057+0000] {processor.py:157} INFO - Started process (PID=4070) to work on /home/airflow/.local/lib/python3.7/site-packages/airflow/example_dags/example_latest_only.py
[2023-07-09T19:33:47.058+0000] {processor.py:826} INFO - Processing file /home/airflow/.local/lib/python3.7/site-packages/airflow/example_dags/example_latest_only.py for tasks to queue
[2023-07-09T19:33:47.059+0000] {logging_mixin.py:149} INFO - [2023-07-09T19:33:47.059+0000] {dagbag.py:541} INFO - Filling up the DagBag from /home/airflow/.local/lib/python3.7/site-packages/airflow/example_dags/example_latest_only.py
[2023-07-09T19:33:47.063+0000] {processor.py:836} INFO - DAG(s) dict_keys(['latest_only']) retrieved from /home/airflow/.local/lib/python3.7/site-packages/airflow/example_dags/example_latest_only.py
[2023-07-09T19:33:47.086+0000] {logging_mixin.py:149} INFO - [2023-07-09T19:33:47.086+0000] {dag.py:2726} INFO - Sync 1 DAGs
[2023-07-09T19:33:47.109+0000] {logging_mixin.py:149} INFO - [2023-07-09T19:33:47.109+0000] {dag.py:3490} INFO - Setting next_dagrun for latest_only to 2023-07-09T15:33:47.108987+00:00, run_after=2023-07-09T19:33:47.108987+00:00
[2023-07-09T19:33:47.131+0000] {processor.py:179} INFO - Processing /home/airflow/.local/lib/python3.7/site-packages/airflow/example_dags/example_latest_only.py took 0.077 seconds
[2023-07-09T19:34:17.293+0000] {processor.py:157} INFO - Started process (PID=4132) to work on /home/airflow/.local/lib/python3.7/site-packages/airflow/example_dags/example_latest_only.py
[2023-07-09T19:34:17.295+0000] {processor.py:826} INFO - Processing file /home/airflow/.local/lib/python3.7/site-packages/airflow/example_dags/example_latest_only.py for tasks to queue
[2023-07-09T19:34:17.295+0000] {logging_mixin.py:149} INFO - [2023-07-09T19:34:17.295+0000] {dagbag.py:541} INFO - Filling up the DagBag from /home/airflow/.local/lib/python3.7/site-packages/airflow/example_dags/example_latest_only.py
[2023-07-09T19:34:17.300+0000] {processor.py:836} INFO - DAG(s) dict_keys(['latest_only']) retrieved from /home/airflow/.local/lib/python3.7/site-packages/airflow/example_dags/example_latest_only.py
[2023-07-09T19:34:17.322+0000] {logging_mixin.py:149} INFO - [2023-07-09T19:34:17.322+0000] {dag.py:2726} INFO - Sync 1 DAGs
[2023-07-09T19:34:17.345+0000] {logging_mixin.py:149} INFO - [2023-07-09T19:34:17.345+0000] {dag.py:3490} INFO - Setting next_dagrun for latest_only to 2023-07-09T15:34:17.345291+00:00, run_after=2023-07-09T19:34:17.345291+00:00
[2023-07-09T19:34:17.368+0000] {processor.py:179} INFO - Processing /home/airflow/.local/lib/python3.7/site-packages/airflow/example_dags/example_latest_only.py took 0.077 seconds
[2023-07-09T19:34:47.965+0000] {processor.py:157} INFO - Started process (PID=4194) to work on /home/airflow/.local/lib/python3.7/site-packages/airflow/example_dags/example_latest_only.py
[2023-07-09T19:34:47.966+0000] {processor.py:826} INFO - Processing file /home/airflow/.local/lib/python3.7/site-packages/airflow/example_dags/example_latest_only.py for tasks to queue
[2023-07-09T19:34:47.967+0000] {logging_mixin.py:149} INFO - [2023-07-09T19:34:47.967+0000] {dagbag.py:541} INFO - Filling up the DagBag from /home/airflow/.local/lib/python3.7/site-packages/airflow/example_dags/example_latest_only.py
[2023-07-09T19:34:47.972+0000] {processor.py:836} INFO - DAG(s) dict_keys(['latest_only']) retrieved from /home/airflow/.local/lib/python3.7/site-packages/airflow/example_dags/example_latest_only.py
[2023-07-09T19:34:47.995+0000] {logging_mixin.py:149} INFO - [2023-07-09T19:34:47.995+0000] {dag.py:2726} INFO - Sync 1 DAGs
[2023-07-09T19:34:48.017+0000] {logging_mixin.py:149} INFO - [2023-07-09T19:34:48.017+0000] {dag.py:3490} INFO - Setting next_dagrun for latest_only to 2023-07-09T15:34:48.017459+00:00, run_after=2023-07-09T19:34:48.017459+00:00
[2023-07-09T19:34:48.040+0000] {processor.py:179} INFO - Processing /home/airflow/.local/lib/python3.7/site-packages/airflow/example_dags/example_latest_only.py took 0.077 seconds
[2023-07-09T19:35:18.181+0000] {processor.py:157} INFO - Started process (PID=4256) to work on /home/airflow/.local/lib/python3.7/site-packages/airflow/example_dags/example_latest_only.py
[2023-07-09T19:35:18.182+0000] {processor.py:826} INFO - Processing file /home/airflow/.local/lib/python3.7/site-packages/airflow/example_dags/example_latest_only.py for tasks to queue
[2023-07-09T19:35:18.183+0000] {logging_mixin.py:149} INFO - [2023-07-09T19:35:18.183+0000] {dagbag.py:541} INFO - Filling up the DagBag from /home/airflow/.local/lib/python3.7/site-packages/airflow/example_dags/example_latest_only.py
[2023-07-09T19:35:18.188+0000] {processor.py:836} INFO - DAG(s) dict_keys(['latest_only']) retrieved from /home/airflow/.local/lib/python3.7/site-packages/airflow/example_dags/example_latest_only.py
[2023-07-09T19:35:18.210+0000] {logging_mixin.py:149} INFO - [2023-07-09T19:35:18.210+0000] {dag.py:2726} INFO - Sync 1 DAGs
[2023-07-09T19:35:18.232+0000] {logging_mixin.py:149} INFO - [2023-07-09T19:35:18.232+0000] {dag.py:3490} INFO - Setting next_dagrun for latest_only to 2023-07-09T15:35:18.232473+00:00, run_after=2023-07-09T19:35:18.232473+00:00
[2023-07-09T19:35:18.253+0000] {processor.py:179} INFO - Processing /home/airflow/.local/lib/python3.7/site-packages/airflow/example_dags/example_latest_only.py took 0.075 seconds
[2023-07-09T19:35:48.504+0000] {processor.py:157} INFO - Started process (PID=4318) to work on /home/airflow/.local/lib/python3.7/site-packages/airflow/example_dags/example_latest_only.py
[2023-07-09T19:35:48.505+0000] {processor.py:826} INFO - Processing file /home/airflow/.local/lib/python3.7/site-packages/airflow/example_dags/example_latest_only.py for tasks to queue
[2023-07-09T19:35:48.505+0000] {logging_mixin.py:149} INFO - [2023-07-09T19:35:48.505+0000] {dagbag.py:541} INFO - Filling up the DagBag from /home/airflow/.local/lib/python3.7/site-packages/airflow/example_dags/example_latest_only.py
[2023-07-09T19:35:48.510+0000] {processor.py:836} INFO - DAG(s) dict_keys(['latest_only']) retrieved from /home/airflow/.local/lib/python3.7/site-packages/airflow/example_dags/example_latest_only.py
[2023-07-09T19:35:48.530+0000] {logging_mixin.py:149} INFO - [2023-07-09T19:35:48.530+0000] {dag.py:2726} INFO - Sync 1 DAGs
[2023-07-09T19:35:48.553+0000] {logging_mixin.py:149} INFO - [2023-07-09T19:35:48.553+0000] {dag.py:3490} INFO - Setting next_dagrun for latest_only to 2023-07-09T15:35:48.552801+00:00, run_after=2023-07-09T19:35:48.552801+00:00
[2023-07-09T19:35:48.573+0000] {processor.py:179} INFO - Processing /home/airflow/.local/lib/python3.7/site-packages/airflow/example_dags/example_latest_only.py took 0.072 seconds
[2023-07-09T19:36:18.689+0000] {processor.py:157} INFO - Started process (PID=4380) to work on /home/airflow/.local/lib/python3.7/site-packages/airflow/example_dags/example_latest_only.py
[2023-07-09T19:36:18.690+0000] {processor.py:826} INFO - Processing file /home/airflow/.local/lib/python3.7/site-packages/airflow/example_dags/example_latest_only.py for tasks to queue
[2023-07-09T19:36:18.691+0000] {logging_mixin.py:149} INFO - [2023-07-09T19:36:18.690+0000] {dagbag.py:541} INFO - Filling up the DagBag from /home/airflow/.local/lib/python3.7/site-packages/airflow/example_dags/example_latest_only.py
[2023-07-09T19:36:18.696+0000] {processor.py:836} INFO - DAG(s) dict_keys(['latest_only']) retrieved from /home/airflow/.local/lib/python3.7/site-packages/airflow/example_dags/example_latest_only.py
[2023-07-09T19:36:18.717+0000] {logging_mixin.py:149} INFO - [2023-07-09T19:36:18.717+0000] {dag.py:2726} INFO - Sync 1 DAGs
[2023-07-09T19:36:18.739+0000] {logging_mixin.py:149} INFO - [2023-07-09T19:36:18.739+0000] {dag.py:3490} INFO - Setting next_dagrun for latest_only to 2023-07-09T15:36:18.739520+00:00, run_after=2023-07-09T19:36:18.739520+00:00
[2023-07-09T19:36:18.760+0000] {processor.py:179} INFO - Processing /home/airflow/.local/lib/python3.7/site-packages/airflow/example_dags/example_latest_only.py took 0.075 seconds
[2023-07-09T19:36:49.083+0000] {processor.py:157} INFO - Started process (PID=4442) to work on /home/airflow/.local/lib/python3.7/site-packages/airflow/example_dags/example_latest_only.py
[2023-07-09T19:36:49.084+0000] {processor.py:826} INFO - Processing file /home/airflow/.local/lib/python3.7/site-packages/airflow/example_dags/example_latest_only.py for tasks to queue
[2023-07-09T19:36:49.085+0000] {logging_mixin.py:149} INFO - [2023-07-09T19:36:49.085+0000] {dagbag.py:541} INFO - Filling up the DagBag from /home/airflow/.local/lib/python3.7/site-packages/airflow/example_dags/example_latest_only.py
[2023-07-09T19:36:49.091+0000] {processor.py:836} INFO - DAG(s) dict_keys(['latest_only']) retrieved from /home/airflow/.local/lib/python3.7/site-packages/airflow/example_dags/example_latest_only.py
[2023-07-09T19:36:49.113+0000] {logging_mixin.py:149} INFO - [2023-07-09T19:36:49.113+0000] {dag.py:2726} INFO - Sync 1 DAGs
[2023-07-09T19:36:49.138+0000] {logging_mixin.py:149} INFO - [2023-07-09T19:36:49.138+0000] {dag.py:3490} INFO - Setting next_dagrun for latest_only to 2023-07-09T15:36:49.138060+00:00, run_after=2023-07-09T19:36:49.138060+00:00
[2023-07-09T19:36:49.157+0000] {processor.py:179} INFO - Processing /home/airflow/.local/lib/python3.7/site-packages/airflow/example_dags/example_latest_only.py took 0.078 seconds
[2023-07-09T19:37:19.350+0000] {processor.py:157} INFO - Started process (PID=4504) to work on /home/airflow/.local/lib/python3.7/site-packages/airflow/example_dags/example_latest_only.py
[2023-07-09T19:37:19.351+0000] {processor.py:826} INFO - Processing file /home/airflow/.local/lib/python3.7/site-packages/airflow/example_dags/example_latest_only.py for tasks to queue
[2023-07-09T19:37:19.352+0000] {logging_mixin.py:149} INFO - [2023-07-09T19:37:19.352+0000] {dagbag.py:541} INFO - Filling up the DagBag from /home/airflow/.local/lib/python3.7/site-packages/airflow/example_dags/example_latest_only.py
[2023-07-09T19:37:19.360+0000] {processor.py:836} INFO - DAG(s) dict_keys(['latest_only']) retrieved from /home/airflow/.local/lib/python3.7/site-packages/airflow/example_dags/example_latest_only.py
[2023-07-09T19:37:19.390+0000] {logging_mixin.py:149} INFO - [2023-07-09T19:37:19.390+0000] {dag.py:2726} INFO - Sync 1 DAGs
[2023-07-09T19:37:19.424+0000] {logging_mixin.py:149} INFO - [2023-07-09T19:37:19.423+0000] {dag.py:3490} INFO - Setting next_dagrun for latest_only to 2023-07-09T15:37:19.423733+00:00, run_after=2023-07-09T19:37:19.423733+00:00
[2023-07-09T19:37:19.450+0000] {processor.py:179} INFO - Processing /home/airflow/.local/lib/python3.7/site-packages/airflow/example_dags/example_latest_only.py took 0.103 seconds
[2023-07-09T19:37:49.574+0000] {processor.py:157} INFO - Started process (PID=4566) to work on /home/airflow/.local/lib/python3.7/site-packages/airflow/example_dags/example_latest_only.py
[2023-07-09T19:37:49.575+0000] {processor.py:826} INFO - Processing file /home/airflow/.local/lib/python3.7/site-packages/airflow/example_dags/example_latest_only.py for tasks to queue
[2023-07-09T19:37:49.576+0000] {logging_mixin.py:149} INFO - [2023-07-09T19:37:49.576+0000] {dagbag.py:541} INFO - Filling up the DagBag from /home/airflow/.local/lib/python3.7/site-packages/airflow/example_dags/example_latest_only.py
[2023-07-09T19:37:49.583+0000] {processor.py:836} INFO - DAG(s) dict_keys(['latest_only']) retrieved from /home/airflow/.local/lib/python3.7/site-packages/airflow/example_dags/example_latest_only.py
[2023-07-09T19:37:49.651+0000] {logging_mixin.py:149} INFO - [2023-07-09T19:37:49.651+0000] {dag.py:2726} INFO - Sync 1 DAGs
[2023-07-09T19:37:49.688+0000] {logging_mixin.py:149} INFO - [2023-07-09T19:37:49.688+0000] {dag.py:3490} INFO - Setting next_dagrun for latest_only to 2023-07-09T15:37:49.688230+00:00, run_after=2023-07-09T19:37:49.688230+00:00
[2023-07-09T19:37:49.731+0000] {processor.py:179} INFO - Processing /home/airflow/.local/lib/python3.7/site-packages/airflow/example_dags/example_latest_only.py took 0.161 seconds
[2023-07-09T19:38:20.048+0000] {processor.py:157} INFO - Started process (PID=4628) to work on /home/airflow/.local/lib/python3.7/site-packages/airflow/example_dags/example_latest_only.py
[2023-07-09T19:38:20.049+0000] {processor.py:826} INFO - Processing file /home/airflow/.local/lib/python3.7/site-packages/airflow/example_dags/example_latest_only.py for tasks to queue
[2023-07-09T19:38:20.050+0000] {logging_mixin.py:149} INFO - [2023-07-09T19:38:20.050+0000] {dagbag.py:541} INFO - Filling up the DagBag from /home/airflow/.local/lib/python3.7/site-packages/airflow/example_dags/example_latest_only.py
[2023-07-09T19:38:20.056+0000] {processor.py:836} INFO - DAG(s) dict_keys(['latest_only']) retrieved from /home/airflow/.local/lib/python3.7/site-packages/airflow/example_dags/example_latest_only.py
[2023-07-09T19:38:20.086+0000] {logging_mixin.py:149} INFO - [2023-07-09T19:38:20.086+0000] {dag.py:2726} INFO - Sync 1 DAGs
[2023-07-09T19:38:20.113+0000] {logging_mixin.py:149} INFO - [2023-07-09T19:38:20.112+0000] {dag.py:3490} INFO - Setting next_dagrun for latest_only to 2023-07-09T15:38:20.112582+00:00, run_after=2023-07-09T19:38:20.112582+00:00
[2023-07-09T19:38:20.132+0000] {processor.py:179} INFO - Processing /home/airflow/.local/lib/python3.7/site-packages/airflow/example_dags/example_latest_only.py took 0.088 seconds
[2023-07-09T19:38:50.208+0000] {processor.py:157} INFO - Started process (PID=4690) to work on /home/airflow/.local/lib/python3.7/site-packages/airflow/example_dags/example_latest_only.py
[2023-07-09T19:38:50.209+0000] {processor.py:826} INFO - Processing file /home/airflow/.local/lib/python3.7/site-packages/airflow/example_dags/example_latest_only.py for tasks to queue
[2023-07-09T19:38:50.210+0000] {logging_mixin.py:149} INFO - [2023-07-09T19:38:50.210+0000] {dagbag.py:541} INFO - Filling up the DagBag from /home/airflow/.local/lib/python3.7/site-packages/airflow/example_dags/example_latest_only.py
[2023-07-09T19:38:50.215+0000] {processor.py:836} INFO - DAG(s) dict_keys(['latest_only']) retrieved from /home/airflow/.local/lib/python3.7/site-packages/airflow/example_dags/example_latest_only.py
[2023-07-09T19:38:50.242+0000] {logging_mixin.py:149} INFO - [2023-07-09T19:38:50.241+0000] {dag.py:2726} INFO - Sync 1 DAGs
[2023-07-09T19:38:50.270+0000] {logging_mixin.py:149} INFO - [2023-07-09T19:38:50.270+0000] {dag.py:3490} INFO - Setting next_dagrun for latest_only to 2023-07-09T15:38:50.269827+00:00, run_after=2023-07-09T19:38:50.269827+00:00
[2023-07-09T19:38:50.295+0000] {processor.py:179} INFO - Processing /home/airflow/.local/lib/python3.7/site-packages/airflow/example_dags/example_latest_only.py took 0.091 seconds
[2023-07-09T19:39:20.576+0000] {processor.py:157} INFO - Started process (PID=4752) to work on /home/airflow/.local/lib/python3.7/site-packages/airflow/example_dags/example_latest_only.py
[2023-07-09T19:39:20.588+0000] {processor.py:826} INFO - Processing file /home/airflow/.local/lib/python3.7/site-packages/airflow/example_dags/example_latest_only.py for tasks to queue
[2023-07-09T19:39:20.592+0000] {logging_mixin.py:149} INFO - [2023-07-09T19:39:20.591+0000] {dagbag.py:541} INFO - Filling up the DagBag from /home/airflow/.local/lib/python3.7/site-packages/airflow/example_dags/example_latest_only.py
[2023-07-09T19:39:20.604+0000] {processor.py:836} INFO - DAG(s) dict_keys(['latest_only']) retrieved from /home/airflow/.local/lib/python3.7/site-packages/airflow/example_dags/example_latest_only.py
[2023-07-09T19:39:20.641+0000] {logging_mixin.py:149} INFO - [2023-07-09T19:39:20.641+0000] {dag.py:2726} INFO - Sync 1 DAGs
[2023-07-09T19:39:20.675+0000] {logging_mixin.py:149} INFO - [2023-07-09T19:39:20.675+0000] {dag.py:3490} INFO - Setting next_dagrun for latest_only to 2023-07-09T15:39:20.675239+00:00, run_after=2023-07-09T19:39:20.675239+00:00
[2023-07-09T19:39:20.697+0000] {processor.py:179} INFO - Processing /home/airflow/.local/lib/python3.7/site-packages/airflow/example_dags/example_latest_only.py took 0.133 seconds
[2023-07-09T19:39:51.053+0000] {processor.py:157} INFO - Started process (PID=4814) to work on /home/airflow/.local/lib/python3.7/site-packages/airflow/example_dags/example_latest_only.py
[2023-07-09T19:39:51.054+0000] {processor.py:826} INFO - Processing file /home/airflow/.local/lib/python3.7/site-packages/airflow/example_dags/example_latest_only.py for tasks to queue
[2023-07-09T19:39:51.055+0000] {logging_mixin.py:149} INFO - [2023-07-09T19:39:51.054+0000] {dagbag.py:541} INFO - Filling up the DagBag from /home/airflow/.local/lib/python3.7/site-packages/airflow/example_dags/example_latest_only.py
[2023-07-09T19:39:51.060+0000] {processor.py:836} INFO - DAG(s) dict_keys(['latest_only']) retrieved from /home/airflow/.local/lib/python3.7/site-packages/airflow/example_dags/example_latest_only.py
[2023-07-09T19:39:51.083+0000] {logging_mixin.py:149} INFO - [2023-07-09T19:39:51.083+0000] {dag.py:2726} INFO - Sync 1 DAGs
[2023-07-09T19:39:51.109+0000] {logging_mixin.py:149} INFO - [2023-07-09T19:39:51.109+0000] {dag.py:3490} INFO - Setting next_dagrun for latest_only to 2023-07-09T15:39:51.108874+00:00, run_after=2023-07-09T19:39:51.108874+00:00
[2023-07-09T19:39:51.130+0000] {processor.py:179} INFO - Processing /home/airflow/.local/lib/python3.7/site-packages/airflow/example_dags/example_latest_only.py took 0.081 seconds
[2023-07-09T19:40:21.342+0000] {processor.py:157} INFO - Started process (PID=4876) to work on /home/airflow/.local/lib/python3.7/site-packages/airflow/example_dags/example_latest_only.py
[2023-07-09T19:40:21.343+0000] {processor.py:826} INFO - Processing file /home/airflow/.local/lib/python3.7/site-packages/airflow/example_dags/example_latest_only.py for tasks to queue
[2023-07-09T19:40:21.344+0000] {logging_mixin.py:149} INFO - [2023-07-09T19:40:21.344+0000] {dagbag.py:541} INFO - Filling up the DagBag from /home/airflow/.local/lib/python3.7/site-packages/airflow/example_dags/example_latest_only.py
[2023-07-09T19:40:21.350+0000] {processor.py:836} INFO - DAG(s) dict_keys(['latest_only']) retrieved from /home/airflow/.local/lib/python3.7/site-packages/airflow/example_dags/example_latest_only.py
[2023-07-09T19:40:21.373+0000] {logging_mixin.py:149} INFO - [2023-07-09T19:40:21.373+0000] {dag.py:2726} INFO - Sync 1 DAGs
[2023-07-09T19:40:21.396+0000] {logging_mixin.py:149} INFO - [2023-07-09T19:40:21.396+0000] {dag.py:3490} INFO - Setting next_dagrun for latest_only to 2023-07-09T15:40:21.396395+00:00, run_after=2023-07-09T19:40:21.396395+00:00
[2023-07-09T19:40:21.419+0000] {processor.py:179} INFO - Processing /home/airflow/.local/lib/python3.7/site-packages/airflow/example_dags/example_latest_only.py took 0.081 seconds
[2023-07-09T19:40:51.789+0000] {processor.py:157} INFO - Started process (PID=4938) to work on /home/airflow/.local/lib/python3.7/site-packages/airflow/example_dags/example_latest_only.py
[2023-07-09T19:40:51.790+0000] {processor.py:826} INFO - Processing file /home/airflow/.local/lib/python3.7/site-packages/airflow/example_dags/example_latest_only.py for tasks to queue
[2023-07-09T19:40:51.791+0000] {logging_mixin.py:149} INFO - [2023-07-09T19:40:51.791+0000] {dagbag.py:541} INFO - Filling up the DagBag from /home/airflow/.local/lib/python3.7/site-packages/airflow/example_dags/example_latest_only.py
[2023-07-09T19:40:51.796+0000] {processor.py:836} INFO - DAG(s) dict_keys(['latest_only']) retrieved from /home/airflow/.local/lib/python3.7/site-packages/airflow/example_dags/example_latest_only.py
[2023-07-09T19:40:51.818+0000] {logging_mixin.py:149} INFO - [2023-07-09T19:40:51.818+0000] {dag.py:2726} INFO - Sync 1 DAGs
[2023-07-09T19:40:51.842+0000] {logging_mixin.py:149} INFO - [2023-07-09T19:40:51.842+0000] {dag.py:3490} INFO - Setting next_dagrun for latest_only to 2023-07-09T15:40:51.841884+00:00, run_after=2023-07-09T19:40:51.841884+00:00
[2023-07-09T19:40:51.872+0000] {processor.py:179} INFO - Processing /home/airflow/.local/lib/python3.7/site-packages/airflow/example_dags/example_latest_only.py took 0.086 seconds
[2023-07-09T23:59:30.046+0000] {processor.py:157} INFO - Started process (PID=5026) to work on /home/airflow/.local/lib/python3.7/site-packages/airflow/example_dags/example_latest_only.py
[2023-07-09T23:59:30.048+0000] {processor.py:826} INFO - Processing file /home/airflow/.local/lib/python3.7/site-packages/airflow/example_dags/example_latest_only.py for tasks to queue
[2023-07-09T23:59:30.049+0000] {logging_mixin.py:149} INFO - [2023-07-09T23:59:30.049+0000] {dagbag.py:541} INFO - Filling up the DagBag from /home/airflow/.local/lib/python3.7/site-packages/airflow/example_dags/example_latest_only.py
[2023-07-09T23:59:30.057+0000] {processor.py:836} INFO - DAG(s) dict_keys(['latest_only']) retrieved from /home/airflow/.local/lib/python3.7/site-packages/airflow/example_dags/example_latest_only.py
[2023-07-09T23:59:30.093+0000] {logging_mixin.py:149} INFO - [2023-07-09T23:59:30.093+0000] {dag.py:2726} INFO - Sync 1 DAGs
[2023-07-09T23:59:30.121+0000] {logging_mixin.py:149} INFO - [2023-07-09T23:59:30.121+0000] {dag.py:3490} INFO - Setting next_dagrun for latest_only to 2023-07-09T19:59:30.121002+00:00, run_after=2023-07-09T23:59:30.121002+00:00
[2023-07-09T23:59:30.146+0000] {processor.py:179} INFO - Processing /home/airflow/.local/lib/python3.7/site-packages/airflow/example_dags/example_latest_only.py took 0.104 seconds
