[2023-07-09T19:06:53.403+0000] {processor.py:157} INFO - Started process (PID=807) to work on /home/airflow/.local/lib/python3.7/site-packages/airflow/example_dags/example_task_group_decorator.py
[2023-07-09T19:06:53.404+0000] {processor.py:826} INFO - Processing file /home/airflow/.local/lib/python3.7/site-packages/airflow/example_dags/example_task_group_decorator.py for tasks to queue
[2023-07-09T19:06:53.405+0000] {logging_mixin.py:149} INFO - [2023-07-09T19:06:53.404+0000] {dagbag.py:541} INFO - Filling up the DagBag from /home/airflow/.local/lib/python3.7/site-packages/airflow/example_dags/example_task_group_decorator.py
[2023-07-09T19:06:53.419+0000] {processor.py:836} INFO - DAG(s) dict_keys(['example_task_group_decorator']) retrieved from /home/airflow/.local/lib/python3.7/site-packages/airflow/example_dags/example_task_group_decorator.py
[2023-07-09T19:06:53.448+0000] {logging_mixin.py:149} INFO - [2023-07-09T19:06:53.448+0000] {dag.py:2726} INFO - Sync 1 DAGs
[2023-07-09T19:06:53.472+0000] {logging_mixin.py:149} INFO - [2023-07-09T19:06:53.471+0000] {dag.py:3490} INFO - Setting next_dagrun for example_task_group_decorator to 2023-07-08T19:06:53.471726+00:00, run_after=2023-07-09T19:06:53.471726+00:00
[2023-07-09T19:06:53.496+0000] {processor.py:179} INFO - Processing /home/airflow/.local/lib/python3.7/site-packages/airflow/example_dags/example_task_group_decorator.py took 0.096 seconds
[2023-07-09T19:07:23.735+0000] {processor.py:157} INFO - Started process (PID=868) to work on /home/airflow/.local/lib/python3.7/site-packages/airflow/example_dags/example_task_group_decorator.py
[2023-07-09T19:07:23.736+0000] {processor.py:826} INFO - Processing file /home/airflow/.local/lib/python3.7/site-packages/airflow/example_dags/example_task_group_decorator.py for tasks to queue
[2023-07-09T19:07:23.737+0000] {logging_mixin.py:149} INFO - [2023-07-09T19:07:23.737+0000] {dagbag.py:541} INFO - Filling up the DagBag from /home/airflow/.local/lib/python3.7/site-packages/airflow/example_dags/example_task_group_decorator.py
[2023-07-09T19:07:23.749+0000] {processor.py:836} INFO - DAG(s) dict_keys(['example_task_group_decorator']) retrieved from /home/airflow/.local/lib/python3.7/site-packages/airflow/example_dags/example_task_group_decorator.py
[2023-07-09T19:07:23.776+0000] {logging_mixin.py:149} INFO - [2023-07-09T19:07:23.776+0000] {dag.py:2726} INFO - Sync 1 DAGs
[2023-07-09T19:07:23.802+0000] {logging_mixin.py:149} INFO - [2023-07-09T19:07:23.802+0000] {dag.py:3490} INFO - Setting next_dagrun for example_task_group_decorator to 2023-07-08T19:07:23.802235+00:00, run_after=2023-07-09T19:07:23.802235+00:00
[2023-07-09T19:07:23.823+0000] {processor.py:179} INFO - Processing /home/airflow/.local/lib/python3.7/site-packages/airflow/example_dags/example_task_group_decorator.py took 0.090 seconds
[2023-07-09T19:07:54.081+0000] {processor.py:157} INFO - Started process (PID=929) to work on /home/airflow/.local/lib/python3.7/site-packages/airflow/example_dags/example_task_group_decorator.py
[2023-07-09T19:07:54.082+0000] {processor.py:826} INFO - Processing file /home/airflow/.local/lib/python3.7/site-packages/airflow/example_dags/example_task_group_decorator.py for tasks to queue
[2023-07-09T19:07:54.083+0000] {logging_mixin.py:149} INFO - [2023-07-09T19:07:54.083+0000] {dagbag.py:541} INFO - Filling up the DagBag from /home/airflow/.local/lib/python3.7/site-packages/airflow/example_dags/example_task_group_decorator.py
[2023-07-09T19:07:54.095+0000] {processor.py:836} INFO - DAG(s) dict_keys(['example_task_group_decorator']) retrieved from /home/airflow/.local/lib/python3.7/site-packages/airflow/example_dags/example_task_group_decorator.py
[2023-07-09T19:07:54.125+0000] {logging_mixin.py:149} INFO - [2023-07-09T19:07:54.125+0000] {dag.py:2726} INFO - Sync 1 DAGs
[2023-07-09T19:07:54.149+0000] {logging_mixin.py:149} INFO - [2023-07-09T19:07:54.149+0000] {dag.py:3490} INFO - Setting next_dagrun for example_task_group_decorator to 2023-07-08T19:07:54.149591+00:00, run_after=2023-07-09T19:07:54.149591+00:00
[2023-07-09T19:07:54.171+0000] {processor.py:179} INFO - Processing /home/airflow/.local/lib/python3.7/site-packages/airflow/example_dags/example_task_group_decorator.py took 0.093 seconds
[2023-07-09T19:08:24.201+0000] {processor.py:157} INFO - Started process (PID=989) to work on /home/airflow/.local/lib/python3.7/site-packages/airflow/example_dags/example_task_group_decorator.py
[2023-07-09T19:08:24.202+0000] {processor.py:826} INFO - Processing file /home/airflow/.local/lib/python3.7/site-packages/airflow/example_dags/example_task_group_decorator.py for tasks to queue
[2023-07-09T19:08:24.203+0000] {logging_mixin.py:149} INFO - [2023-07-09T19:08:24.203+0000] {dagbag.py:541} INFO - Filling up the DagBag from /home/airflow/.local/lib/python3.7/site-packages/airflow/example_dags/example_task_group_decorator.py
[2023-07-09T19:08:24.216+0000] {processor.py:836} INFO - DAG(s) dict_keys(['example_task_group_decorator']) retrieved from /home/airflow/.local/lib/python3.7/site-packages/airflow/example_dags/example_task_group_decorator.py
[2023-07-09T19:08:24.229+0000] {logging_mixin.py:149} INFO - [2023-07-09T19:08:24.229+0000] {dag.py:2726} INFO - Sync 1 DAGs
[2023-07-09T19:08:24.252+0000] {logging_mixin.py:149} INFO - [2023-07-09T19:08:24.252+0000] {dag.py:3490} INFO - Setting next_dagrun for example_task_group_decorator to 2023-07-08T19:08:24.252254+00:00, run_after=2023-07-09T19:08:24.252254+00:00
[2023-07-09T19:08:24.271+0000] {processor.py:179} INFO - Processing /home/airflow/.local/lib/python3.7/site-packages/airflow/example_dags/example_task_group_decorator.py took 0.073 seconds
[2023-07-09T19:08:54.728+0000] {processor.py:157} INFO - Started process (PID=1051) to work on /home/airflow/.local/lib/python3.7/site-packages/airflow/example_dags/example_task_group_decorator.py
[2023-07-09T19:08:54.729+0000] {processor.py:826} INFO - Processing file /home/airflow/.local/lib/python3.7/site-packages/airflow/example_dags/example_task_group_decorator.py for tasks to queue
[2023-07-09T19:08:54.730+0000] {logging_mixin.py:149} INFO - [2023-07-09T19:08:54.730+0000] {dagbag.py:541} INFO - Filling up the DagBag from /home/airflow/.local/lib/python3.7/site-packages/airflow/example_dags/example_task_group_decorator.py
[2023-07-09T19:08:54.744+0000] {processor.py:836} INFO - DAG(s) dict_keys(['example_task_group_decorator']) retrieved from /home/airflow/.local/lib/python3.7/site-packages/airflow/example_dags/example_task_group_decorator.py
[2023-07-09T19:08:54.773+0000] {logging_mixin.py:149} INFO - [2023-07-09T19:08:54.773+0000] {dag.py:2726} INFO - Sync 1 DAGs
[2023-07-09T19:08:54.799+0000] {logging_mixin.py:149} INFO - [2023-07-09T19:08:54.799+0000] {dag.py:3490} INFO - Setting next_dagrun for example_task_group_decorator to 2023-07-08T19:08:54.799175+00:00, run_after=2023-07-09T19:08:54.799175+00:00
[2023-07-09T19:08:54.823+0000] {processor.py:179} INFO - Processing /home/airflow/.local/lib/python3.7/site-packages/airflow/example_dags/example_task_group_decorator.py took 0.098 seconds
[2023-07-09T19:09:25.670+0000] {processor.py:157} INFO - Started process (PID=1112) to work on /home/airflow/.local/lib/python3.7/site-packages/airflow/example_dags/example_task_group_decorator.py
[2023-07-09T19:09:25.671+0000] {processor.py:826} INFO - Processing file /home/airflow/.local/lib/python3.7/site-packages/airflow/example_dags/example_task_group_decorator.py for tasks to queue
[2023-07-09T19:09:25.672+0000] {logging_mixin.py:149} INFO - [2023-07-09T19:09:25.672+0000] {dagbag.py:541} INFO - Filling up the DagBag from /home/airflow/.local/lib/python3.7/site-packages/airflow/example_dags/example_task_group_decorator.py
[2023-07-09T19:09:25.686+0000] {processor.py:836} INFO - DAG(s) dict_keys(['example_task_group_decorator']) retrieved from /home/airflow/.local/lib/python3.7/site-packages/airflow/example_dags/example_task_group_decorator.py
[2023-07-09T19:09:25.701+0000] {logging_mixin.py:149} INFO - [2023-07-09T19:09:25.701+0000] {dag.py:2726} INFO - Sync 1 DAGs
[2023-07-09T19:09:25.727+0000] {logging_mixin.py:149} INFO - [2023-07-09T19:09:25.726+0000] {dag.py:3490} INFO - Setting next_dagrun for example_task_group_decorator to 2023-07-08T19:09:25.726753+00:00, run_after=2023-07-09T19:09:25.726753+00:00
[2023-07-09T19:09:25.751+0000] {processor.py:179} INFO - Processing /home/airflow/.local/lib/python3.7/site-packages/airflow/example_dags/example_task_group_decorator.py took 0.084 seconds
[2023-07-09T19:09:55.983+0000] {processor.py:157} INFO - Started process (PID=1173) to work on /home/airflow/.local/lib/python3.7/site-packages/airflow/example_dags/example_task_group_decorator.py
[2023-07-09T19:09:55.984+0000] {processor.py:826} INFO - Processing file /home/airflow/.local/lib/python3.7/site-packages/airflow/example_dags/example_task_group_decorator.py for tasks to queue
[2023-07-09T19:09:55.985+0000] {logging_mixin.py:149} INFO - [2023-07-09T19:09:55.985+0000] {dagbag.py:541} INFO - Filling up the DagBag from /home/airflow/.local/lib/python3.7/site-packages/airflow/example_dags/example_task_group_decorator.py
[2023-07-09T19:09:55.996+0000] {processor.py:836} INFO - DAG(s) dict_keys(['example_task_group_decorator']) retrieved from /home/airflow/.local/lib/python3.7/site-packages/airflow/example_dags/example_task_group_decorator.py
[2023-07-09T19:09:56.022+0000] {logging_mixin.py:149} INFO - [2023-07-09T19:09:56.022+0000] {dag.py:2726} INFO - Sync 1 DAGs
[2023-07-09T19:09:56.043+0000] {logging_mixin.py:149} INFO - [2023-07-09T19:09:56.043+0000] {dag.py:3490} INFO - Setting next_dagrun for example_task_group_decorator to 2023-07-08T19:09:56.043226+00:00, run_after=2023-07-09T19:09:56.043226+00:00
[2023-07-09T19:09:56.061+0000] {processor.py:179} INFO - Processing /home/airflow/.local/lib/python3.7/site-packages/airflow/example_dags/example_task_group_decorator.py took 0.081 seconds
[2023-07-09T19:10:26.193+0000] {processor.py:157} INFO - Started process (PID=1234) to work on /home/airflow/.local/lib/python3.7/site-packages/airflow/example_dags/example_task_group_decorator.py
[2023-07-09T19:10:26.193+0000] {processor.py:826} INFO - Processing file /home/airflow/.local/lib/python3.7/site-packages/airflow/example_dags/example_task_group_decorator.py for tasks to queue
[2023-07-09T19:10:26.194+0000] {logging_mixin.py:149} INFO - [2023-07-09T19:10:26.194+0000] {dagbag.py:541} INFO - Filling up the DagBag from /home/airflow/.local/lib/python3.7/site-packages/airflow/example_dags/example_task_group_decorator.py
[2023-07-09T19:10:26.207+0000] {processor.py:836} INFO - DAG(s) dict_keys(['example_task_group_decorator']) retrieved from /home/airflow/.local/lib/python3.7/site-packages/airflow/example_dags/example_task_group_decorator.py
[2023-07-09T19:10:26.232+0000] {logging_mixin.py:149} INFO - [2023-07-09T19:10:26.232+0000] {dag.py:2726} INFO - Sync 1 DAGs
[2023-07-09T19:10:26.257+0000] {logging_mixin.py:149} INFO - [2023-07-09T19:10:26.257+0000] {dag.py:3490} INFO - Setting next_dagrun for example_task_group_decorator to 2023-07-08T19:10:26.257236+00:00, run_after=2023-07-09T19:10:26.257236+00:00
[2023-07-09T19:10:26.278+0000] {processor.py:179} INFO - Processing /home/airflow/.local/lib/python3.7/site-packages/airflow/example_dags/example_task_group_decorator.py took 0.088 seconds
[2023-07-09T19:10:56.766+0000] {processor.py:157} INFO - Started process (PID=1295) to work on /home/airflow/.local/lib/python3.7/site-packages/airflow/example_dags/example_task_group_decorator.py
[2023-07-09T19:10:56.767+0000] {processor.py:826} INFO - Processing file /home/airflow/.local/lib/python3.7/site-packages/airflow/example_dags/example_task_group_decorator.py for tasks to queue
[2023-07-09T19:10:56.768+0000] {logging_mixin.py:149} INFO - [2023-07-09T19:10:56.768+0000] {dagbag.py:541} INFO - Filling up the DagBag from /home/airflow/.local/lib/python3.7/site-packages/airflow/example_dags/example_task_group_decorator.py
[2023-07-09T19:10:56.782+0000] {processor.py:836} INFO - DAG(s) dict_keys(['example_task_group_decorator']) retrieved from /home/airflow/.local/lib/python3.7/site-packages/airflow/example_dags/example_task_group_decorator.py
[2023-07-09T19:10:56.812+0000] {logging_mixin.py:149} INFO - [2023-07-09T19:10:56.811+0000] {dag.py:2726} INFO - Sync 1 DAGs
[2023-07-09T19:10:56.835+0000] {logging_mixin.py:149} INFO - [2023-07-09T19:10:56.835+0000] {dag.py:3490} INFO - Setting next_dagrun for example_task_group_decorator to 2023-07-08T19:10:56.835486+00:00, run_after=2023-07-09T19:10:56.835486+00:00
[2023-07-09T19:10:56.858+0000] {processor.py:179} INFO - Processing /home/airflow/.local/lib/python3.7/site-packages/airflow/example_dags/example_task_group_decorator.py took 0.095 seconds
[2023-07-09T19:11:26.954+0000] {processor.py:157} INFO - Started process (PID=1356) to work on /home/airflow/.local/lib/python3.7/site-packages/airflow/example_dags/example_task_group_decorator.py
[2023-07-09T19:11:26.956+0000] {processor.py:826} INFO - Processing file /home/airflow/.local/lib/python3.7/site-packages/airflow/example_dags/example_task_group_decorator.py for tasks to queue
[2023-07-09T19:11:26.957+0000] {logging_mixin.py:149} INFO - [2023-07-09T19:11:26.957+0000] {dagbag.py:541} INFO - Filling up the DagBag from /home/airflow/.local/lib/python3.7/site-packages/airflow/example_dags/example_task_group_decorator.py
[2023-07-09T19:11:26.971+0000] {processor.py:836} INFO - DAG(s) dict_keys(['example_task_group_decorator']) retrieved from /home/airflow/.local/lib/python3.7/site-packages/airflow/example_dags/example_task_group_decorator.py
[2023-07-09T19:11:26.999+0000] {logging_mixin.py:149} INFO - [2023-07-09T19:11:26.999+0000] {dag.py:2726} INFO - Sync 1 DAGs
[2023-07-09T19:11:27.027+0000] {logging_mixin.py:149} INFO - [2023-07-09T19:11:27.026+0000] {dag.py:3490} INFO - Setting next_dagrun for example_task_group_decorator to 2023-07-08T19:11:27.026673+00:00, run_after=2023-07-09T19:11:27.026673+00:00
[2023-07-09T19:11:27.049+0000] {processor.py:179} INFO - Processing /home/airflow/.local/lib/python3.7/site-packages/airflow/example_dags/example_task_group_decorator.py took 0.099 seconds
[2023-07-09T19:11:57.142+0000] {processor.py:157} INFO - Started process (PID=1417) to work on /home/airflow/.local/lib/python3.7/site-packages/airflow/example_dags/example_task_group_decorator.py
[2023-07-09T19:11:57.143+0000] {processor.py:826} INFO - Processing file /home/airflow/.local/lib/python3.7/site-packages/airflow/example_dags/example_task_group_decorator.py for tasks to queue
[2023-07-09T19:11:57.144+0000] {logging_mixin.py:149} INFO - [2023-07-09T19:11:57.143+0000] {dagbag.py:541} INFO - Filling up the DagBag from /home/airflow/.local/lib/python3.7/site-packages/airflow/example_dags/example_task_group_decorator.py
[2023-07-09T19:11:57.157+0000] {processor.py:836} INFO - DAG(s) dict_keys(['example_task_group_decorator']) retrieved from /home/airflow/.local/lib/python3.7/site-packages/airflow/example_dags/example_task_group_decorator.py
[2023-07-09T19:11:57.169+0000] {logging_mixin.py:149} INFO - [2023-07-09T19:11:57.168+0000] {dag.py:2726} INFO - Sync 1 DAGs
[2023-07-09T19:11:57.195+0000] {logging_mixin.py:149} INFO - [2023-07-09T19:11:57.195+0000] {dag.py:3490} INFO - Setting next_dagrun for example_task_group_decorator to 2023-07-08T19:11:57.195046+00:00, run_after=2023-07-09T19:11:57.195046+00:00
[2023-07-09T19:11:57.216+0000] {processor.py:179} INFO - Processing /home/airflow/.local/lib/python3.7/site-packages/airflow/example_dags/example_task_group_decorator.py took 0.078 seconds
[2023-07-09T19:12:28.002+0000] {processor.py:157} INFO - Started process (PID=1479) to work on /home/airflow/.local/lib/python3.7/site-packages/airflow/example_dags/example_task_group_decorator.py
[2023-07-09T19:12:28.003+0000] {processor.py:826} INFO - Processing file /home/airflow/.local/lib/python3.7/site-packages/airflow/example_dags/example_task_group_decorator.py for tasks to queue
[2023-07-09T19:12:28.004+0000] {logging_mixin.py:149} INFO - [2023-07-09T19:12:28.004+0000] {dagbag.py:541} INFO - Filling up the DagBag from /home/airflow/.local/lib/python3.7/site-packages/airflow/example_dags/example_task_group_decorator.py
[2023-07-09T19:12:28.016+0000] {processor.py:836} INFO - DAG(s) dict_keys(['example_task_group_decorator']) retrieved from /home/airflow/.local/lib/python3.7/site-packages/airflow/example_dags/example_task_group_decorator.py
[2023-07-09T19:12:28.030+0000] {logging_mixin.py:149} INFO - [2023-07-09T19:12:28.030+0000] {dag.py:2726} INFO - Sync 1 DAGs
[2023-07-09T19:12:28.058+0000] {logging_mixin.py:149} INFO - [2023-07-09T19:12:28.058+0000] {dag.py:3490} INFO - Setting next_dagrun for example_task_group_decorator to 2023-07-08T19:12:28.057909+00:00, run_after=2023-07-09T19:12:28.057909+00:00
[2023-07-09T19:12:28.081+0000] {processor.py:179} INFO - Processing /home/airflow/.local/lib/python3.7/site-packages/airflow/example_dags/example_task_group_decorator.py took 0.082 seconds
[2023-07-09T19:12:59.069+0000] {processor.py:157} INFO - Started process (PID=1540) to work on /home/airflow/.local/lib/python3.7/site-packages/airflow/example_dags/example_task_group_decorator.py
[2023-07-09T19:12:59.070+0000] {processor.py:826} INFO - Processing file /home/airflow/.local/lib/python3.7/site-packages/airflow/example_dags/example_task_group_decorator.py for tasks to queue
[2023-07-09T19:12:59.071+0000] {logging_mixin.py:149} INFO - [2023-07-09T19:12:59.071+0000] {dagbag.py:541} INFO - Filling up the DagBag from /home/airflow/.local/lib/python3.7/site-packages/airflow/example_dags/example_task_group_decorator.py
[2023-07-09T19:12:59.084+0000] {processor.py:836} INFO - DAG(s) dict_keys(['example_task_group_decorator']) retrieved from /home/airflow/.local/lib/python3.7/site-packages/airflow/example_dags/example_task_group_decorator.py
[2023-07-09T19:12:59.114+0000] {logging_mixin.py:149} INFO - [2023-07-09T19:12:59.114+0000] {dag.py:2726} INFO - Sync 1 DAGs
[2023-07-09T19:12:59.137+0000] {logging_mixin.py:149} INFO - [2023-07-09T19:12:59.137+0000] {dag.py:3490} INFO - Setting next_dagrun for example_task_group_decorator to 2023-07-08T19:12:59.137524+00:00, run_after=2023-07-09T19:12:59.137524+00:00
[2023-07-09T19:12:59.179+0000] {processor.py:179} INFO - Processing /home/airflow/.local/lib/python3.7/site-packages/airflow/example_dags/example_task_group_decorator.py took 0.113 seconds
[2023-07-09T19:13:29.430+0000] {processor.py:157} INFO - Started process (PID=1602) to work on /home/airflow/.local/lib/python3.7/site-packages/airflow/example_dags/example_task_group_decorator.py
[2023-07-09T19:13:29.431+0000] {processor.py:826} INFO - Processing file /home/airflow/.local/lib/python3.7/site-packages/airflow/example_dags/example_task_group_decorator.py for tasks to queue
[2023-07-09T19:13:29.432+0000] {logging_mixin.py:149} INFO - [2023-07-09T19:13:29.432+0000] {dagbag.py:541} INFO - Filling up the DagBag from /home/airflow/.local/lib/python3.7/site-packages/airflow/example_dags/example_task_group_decorator.py
[2023-07-09T19:13:29.444+0000] {processor.py:836} INFO - DAG(s) dict_keys(['example_task_group_decorator']) retrieved from /home/airflow/.local/lib/python3.7/site-packages/airflow/example_dags/example_task_group_decorator.py
[2023-07-09T19:13:29.471+0000] {logging_mixin.py:149} INFO - [2023-07-09T19:13:29.471+0000] {dag.py:2726} INFO - Sync 1 DAGs
[2023-07-09T19:13:29.495+0000] {logging_mixin.py:149} INFO - [2023-07-09T19:13:29.495+0000] {dag.py:3490} INFO - Setting next_dagrun for example_task_group_decorator to 2023-07-08T19:13:29.495265+00:00, run_after=2023-07-09T19:13:29.495265+00:00
[2023-07-09T19:13:29.518+0000] {processor.py:179} INFO - Processing /home/airflow/.local/lib/python3.7/site-packages/airflow/example_dags/example_task_group_decorator.py took 0.091 seconds
[2023-07-09T19:13:59.807+0000] {processor.py:157} INFO - Started process (PID=1663) to work on /home/airflow/.local/lib/python3.7/site-packages/airflow/example_dags/example_task_group_decorator.py
[2023-07-09T19:13:59.808+0000] {processor.py:826} INFO - Processing file /home/airflow/.local/lib/python3.7/site-packages/airflow/example_dags/example_task_group_decorator.py for tasks to queue
[2023-07-09T19:13:59.808+0000] {logging_mixin.py:149} INFO - [2023-07-09T19:13:59.808+0000] {dagbag.py:541} INFO - Filling up the DagBag from /home/airflow/.local/lib/python3.7/site-packages/airflow/example_dags/example_task_group_decorator.py
[2023-07-09T19:13:59.822+0000] {processor.py:836} INFO - DAG(s) dict_keys(['example_task_group_decorator']) retrieved from /home/airflow/.local/lib/python3.7/site-packages/airflow/example_dags/example_task_group_decorator.py
[2023-07-09T19:13:59.853+0000] {logging_mixin.py:149} INFO - [2023-07-09T19:13:59.853+0000] {dag.py:2726} INFO - Sync 1 DAGs
[2023-07-09T19:13:59.878+0000] {logging_mixin.py:149} INFO - [2023-07-09T19:13:59.877+0000] {dag.py:3490} INFO - Setting next_dagrun for example_task_group_decorator to 2023-07-08T19:13:59.877772+00:00, run_after=2023-07-09T19:13:59.877772+00:00
[2023-07-09T19:13:59.902+0000] {processor.py:179} INFO - Processing /home/airflow/.local/lib/python3.7/site-packages/airflow/example_dags/example_task_group_decorator.py took 0.099 seconds
[2023-07-09T19:14:30.921+0000] {processor.py:157} INFO - Started process (PID=1724) to work on /home/airflow/.local/lib/python3.7/site-packages/airflow/example_dags/example_task_group_decorator.py
[2023-07-09T19:14:30.922+0000] {processor.py:826} INFO - Processing file /home/airflow/.local/lib/python3.7/site-packages/airflow/example_dags/example_task_group_decorator.py for tasks to queue
[2023-07-09T19:14:30.923+0000] {logging_mixin.py:149} INFO - [2023-07-09T19:14:30.923+0000] {dagbag.py:541} INFO - Filling up the DagBag from /home/airflow/.local/lib/python3.7/site-packages/airflow/example_dags/example_task_group_decorator.py
[2023-07-09T19:14:30.935+0000] {processor.py:836} INFO - DAG(s) dict_keys(['example_task_group_decorator']) retrieved from /home/airflow/.local/lib/python3.7/site-packages/airflow/example_dags/example_task_group_decorator.py
[2023-07-09T19:14:30.961+0000] {logging_mixin.py:149} INFO - [2023-07-09T19:14:30.961+0000] {dag.py:2726} INFO - Sync 1 DAGs
[2023-07-09T19:14:30.984+0000] {logging_mixin.py:149} INFO - [2023-07-09T19:14:30.984+0000] {dag.py:3490} INFO - Setting next_dagrun for example_task_group_decorator to 2023-07-08T19:14:30.983816+00:00, run_after=2023-07-09T19:14:30.983816+00:00
[2023-07-09T19:14:31.004+0000] {processor.py:179} INFO - Processing /home/airflow/.local/lib/python3.7/site-packages/airflow/example_dags/example_task_group_decorator.py took 0.086 seconds
[2023-07-09T19:15:01.867+0000] {processor.py:157} INFO - Started process (PID=1785) to work on /home/airflow/.local/lib/python3.7/site-packages/airflow/example_dags/example_task_group_decorator.py
[2023-07-09T19:15:01.868+0000] {processor.py:826} INFO - Processing file /home/airflow/.local/lib/python3.7/site-packages/airflow/example_dags/example_task_group_decorator.py for tasks to queue
[2023-07-09T19:15:01.869+0000] {logging_mixin.py:149} INFO - [2023-07-09T19:15:01.869+0000] {dagbag.py:541} INFO - Filling up the DagBag from /home/airflow/.local/lib/python3.7/site-packages/airflow/example_dags/example_task_group_decorator.py
[2023-07-09T19:15:01.881+0000] {processor.py:836} INFO - DAG(s) dict_keys(['example_task_group_decorator']) retrieved from /home/airflow/.local/lib/python3.7/site-packages/airflow/example_dags/example_task_group_decorator.py
[2023-07-09T19:15:01.907+0000] {logging_mixin.py:149} INFO - [2023-07-09T19:15:01.907+0000] {dag.py:2726} INFO - Sync 1 DAGs
[2023-07-09T19:15:01.928+0000] {logging_mixin.py:149} INFO - [2023-07-09T19:15:01.928+0000] {dag.py:3490} INFO - Setting next_dagrun for example_task_group_decorator to 2023-07-08T19:15:01.928085+00:00, run_after=2023-07-09T19:15:01.928085+00:00
[2023-07-09T19:15:01.951+0000] {processor.py:179} INFO - Processing /home/airflow/.local/lib/python3.7/site-packages/airflow/example_dags/example_task_group_decorator.py took 0.087 seconds
[2023-07-09T19:15:32.707+0000] {processor.py:157} INFO - Started process (PID=1846) to work on /home/airflow/.local/lib/python3.7/site-packages/airflow/example_dags/example_task_group_decorator.py
[2023-07-09T19:15:32.708+0000] {processor.py:826} INFO - Processing file /home/airflow/.local/lib/python3.7/site-packages/airflow/example_dags/example_task_group_decorator.py for tasks to queue
[2023-07-09T19:15:32.709+0000] {logging_mixin.py:149} INFO - [2023-07-09T19:15:32.709+0000] {dagbag.py:541} INFO - Filling up the DagBag from /home/airflow/.local/lib/python3.7/site-packages/airflow/example_dags/example_task_group_decorator.py
[2023-07-09T19:15:32.722+0000] {processor.py:836} INFO - DAG(s) dict_keys(['example_task_group_decorator']) retrieved from /home/airflow/.local/lib/python3.7/site-packages/airflow/example_dags/example_task_group_decorator.py
[2023-07-09T19:15:32.748+0000] {logging_mixin.py:149} INFO - [2023-07-09T19:15:32.748+0000] {dag.py:2726} INFO - Sync 1 DAGs
[2023-07-09T19:15:32.771+0000] {logging_mixin.py:149} INFO - [2023-07-09T19:15:32.771+0000] {dag.py:3490} INFO - Setting next_dagrun for example_task_group_decorator to 2023-07-08T19:15:32.770801+00:00, run_after=2023-07-09T19:15:32.770801+00:00
[2023-07-09T19:15:32.793+0000] {processor.py:179} INFO - Processing /home/airflow/.local/lib/python3.7/site-packages/airflow/example_dags/example_task_group_decorator.py took 0.088 seconds
[2023-07-09T19:16:03.084+0000] {processor.py:157} INFO - Started process (PID=1908) to work on /home/airflow/.local/lib/python3.7/site-packages/airflow/example_dags/example_task_group_decorator.py
[2023-07-09T19:16:03.086+0000] {processor.py:826} INFO - Processing file /home/airflow/.local/lib/python3.7/site-packages/airflow/example_dags/example_task_group_decorator.py for tasks to queue
[2023-07-09T19:16:03.088+0000] {logging_mixin.py:149} INFO - [2023-07-09T19:16:03.087+0000] {dagbag.py:541} INFO - Filling up the DagBag from /home/airflow/.local/lib/python3.7/site-packages/airflow/example_dags/example_task_group_decorator.py
[2023-07-09T19:16:03.100+0000] {processor.py:836} INFO - DAG(s) dict_keys(['example_task_group_decorator']) retrieved from /home/airflow/.local/lib/python3.7/site-packages/airflow/example_dags/example_task_group_decorator.py
[2023-07-09T19:16:03.130+0000] {logging_mixin.py:149} INFO - [2023-07-09T19:16:03.130+0000] {dag.py:2726} INFO - Sync 1 DAGs
[2023-07-09T19:16:03.158+0000] {logging_mixin.py:149} INFO - [2023-07-09T19:16:03.158+0000] {dag.py:3490} INFO - Setting next_dagrun for example_task_group_decorator to 2023-07-08T19:16:03.158366+00:00, run_after=2023-07-09T19:16:03.158366+00:00
[2023-07-09T19:16:03.181+0000] {processor.py:179} INFO - Processing /home/airflow/.local/lib/python3.7/site-packages/airflow/example_dags/example_task_group_decorator.py took 0.100 seconds
[2023-07-09T19:16:33.345+0000] {processor.py:157} INFO - Started process (PID=1971) to work on /home/airflow/.local/lib/python3.7/site-packages/airflow/example_dags/example_task_group_decorator.py
[2023-07-09T19:16:33.346+0000] {processor.py:826} INFO - Processing file /home/airflow/.local/lib/python3.7/site-packages/airflow/example_dags/example_task_group_decorator.py for tasks to queue
[2023-07-09T19:16:33.347+0000] {logging_mixin.py:149} INFO - [2023-07-09T19:16:33.347+0000] {dagbag.py:541} INFO - Filling up the DagBag from /home/airflow/.local/lib/python3.7/site-packages/airflow/example_dags/example_task_group_decorator.py
[2023-07-09T19:16:33.359+0000] {processor.py:836} INFO - DAG(s) dict_keys(['example_task_group_decorator']) retrieved from /home/airflow/.local/lib/python3.7/site-packages/airflow/example_dags/example_task_group_decorator.py
[2023-07-09T19:16:33.384+0000] {logging_mixin.py:149} INFO - [2023-07-09T19:16:33.384+0000] {dag.py:2726} INFO - Sync 1 DAGs
[2023-07-09T19:16:33.405+0000] {logging_mixin.py:149} INFO - [2023-07-09T19:16:33.405+0000] {dag.py:3490} INFO - Setting next_dagrun for example_task_group_decorator to 2023-07-08T19:16:33.405088+00:00, run_after=2023-07-09T19:16:33.405088+00:00
[2023-07-09T19:16:33.423+0000] {processor.py:179} INFO - Processing /home/airflow/.local/lib/python3.7/site-packages/airflow/example_dags/example_task_group_decorator.py took 0.081 seconds
[2023-07-09T19:17:03.820+0000] {processor.py:157} INFO - Started process (PID=2033) to work on /home/airflow/.local/lib/python3.7/site-packages/airflow/example_dags/example_task_group_decorator.py
[2023-07-09T19:17:03.822+0000] {processor.py:826} INFO - Processing file /home/airflow/.local/lib/python3.7/site-packages/airflow/example_dags/example_task_group_decorator.py for tasks to queue
[2023-07-09T19:17:03.823+0000] {logging_mixin.py:149} INFO - [2023-07-09T19:17:03.822+0000] {dagbag.py:541} INFO - Filling up the DagBag from /home/airflow/.local/lib/python3.7/site-packages/airflow/example_dags/example_task_group_decorator.py
[2023-07-09T19:17:03.842+0000] {processor.py:836} INFO - DAG(s) dict_keys(['example_task_group_decorator']) retrieved from /home/airflow/.local/lib/python3.7/site-packages/airflow/example_dags/example_task_group_decorator.py
[2023-07-09T19:17:03.876+0000] {logging_mixin.py:149} INFO - [2023-07-09T19:17:03.875+0000] {dag.py:2726} INFO - Sync 1 DAGs
[2023-07-09T19:17:03.899+0000] {logging_mixin.py:149} INFO - [2023-07-09T19:17:03.899+0000] {dag.py:3490} INFO - Setting next_dagrun for example_task_group_decorator to 2023-07-08T19:17:03.898998+00:00, run_after=2023-07-09T19:17:03.898998+00:00
[2023-07-09T19:17:03.920+0000] {processor.py:179} INFO - Processing /home/airflow/.local/lib/python3.7/site-packages/airflow/example_dags/example_task_group_decorator.py took 0.103 seconds
[2023-07-09T19:17:34.756+0000] {processor.py:157} INFO - Started process (PID=2095) to work on /home/airflow/.local/lib/python3.7/site-packages/airflow/example_dags/example_task_group_decorator.py
[2023-07-09T19:17:34.757+0000] {processor.py:826} INFO - Processing file /home/airflow/.local/lib/python3.7/site-packages/airflow/example_dags/example_task_group_decorator.py for tasks to queue
[2023-07-09T19:17:34.758+0000] {logging_mixin.py:149} INFO - [2023-07-09T19:17:34.757+0000] {dagbag.py:541} INFO - Filling up the DagBag from /home/airflow/.local/lib/python3.7/site-packages/airflow/example_dags/example_task_group_decorator.py
[2023-07-09T19:17:34.772+0000] {processor.py:836} INFO - DAG(s) dict_keys(['example_task_group_decorator']) retrieved from /home/airflow/.local/lib/python3.7/site-packages/airflow/example_dags/example_task_group_decorator.py
[2023-07-09T19:17:34.799+0000] {logging_mixin.py:149} INFO - [2023-07-09T19:17:34.799+0000] {dag.py:2726} INFO - Sync 1 DAGs
[2023-07-09T19:17:34.825+0000] {logging_mixin.py:149} INFO - [2023-07-09T19:17:34.825+0000] {dag.py:3490} INFO - Setting next_dagrun for example_task_group_decorator to 2023-07-08T19:17:34.825083+00:00, run_after=2023-07-09T19:17:34.825083+00:00
[2023-07-09T19:17:34.847+0000] {processor.py:179} INFO - Processing /home/airflow/.local/lib/python3.7/site-packages/airflow/example_dags/example_task_group_decorator.py took 0.094 seconds
[2023-07-09T19:18:05.781+0000] {processor.py:157} INFO - Started process (PID=2157) to work on /home/airflow/.local/lib/python3.7/site-packages/airflow/example_dags/example_task_group_decorator.py
[2023-07-09T19:18:05.782+0000] {processor.py:826} INFO - Processing file /home/airflow/.local/lib/python3.7/site-packages/airflow/example_dags/example_task_group_decorator.py for tasks to queue
[2023-07-09T19:18:05.782+0000] {logging_mixin.py:149} INFO - [2023-07-09T19:18:05.782+0000] {dagbag.py:541} INFO - Filling up the DagBag from /home/airflow/.local/lib/python3.7/site-packages/airflow/example_dags/example_task_group_decorator.py
[2023-07-09T19:18:05.794+0000] {processor.py:836} INFO - DAG(s) dict_keys(['example_task_group_decorator']) retrieved from /home/airflow/.local/lib/python3.7/site-packages/airflow/example_dags/example_task_group_decorator.py
[2023-07-09T19:18:05.821+0000] {logging_mixin.py:149} INFO - [2023-07-09T19:18:05.821+0000] {dag.py:2726} INFO - Sync 1 DAGs
[2023-07-09T19:18:05.842+0000] {logging_mixin.py:149} INFO - [2023-07-09T19:18:05.842+0000] {dag.py:3490} INFO - Setting next_dagrun for example_task_group_decorator to 2023-07-08T19:18:05.842043+00:00, run_after=2023-07-09T19:18:05.842043+00:00
[2023-07-09T19:18:05.862+0000] {processor.py:179} INFO - Processing /home/airflow/.local/lib/python3.7/site-packages/airflow/example_dags/example_task_group_decorator.py took 0.084 seconds
[2023-07-09T19:18:36.130+0000] {processor.py:157} INFO - Started process (PID=2219) to work on /home/airflow/.local/lib/python3.7/site-packages/airflow/example_dags/example_task_group_decorator.py
[2023-07-09T19:18:36.131+0000] {processor.py:826} INFO - Processing file /home/airflow/.local/lib/python3.7/site-packages/airflow/example_dags/example_task_group_decorator.py for tasks to queue
[2023-07-09T19:18:36.132+0000] {logging_mixin.py:149} INFO - [2023-07-09T19:18:36.132+0000] {dagbag.py:541} INFO - Filling up the DagBag from /home/airflow/.local/lib/python3.7/site-packages/airflow/example_dags/example_task_group_decorator.py
[2023-07-09T19:18:36.146+0000] {processor.py:836} INFO - DAG(s) dict_keys(['example_task_group_decorator']) retrieved from /home/airflow/.local/lib/python3.7/site-packages/airflow/example_dags/example_task_group_decorator.py
[2023-07-09T19:18:36.174+0000] {logging_mixin.py:149} INFO - [2023-07-09T19:18:36.174+0000] {dag.py:2726} INFO - Sync 1 DAGs
[2023-07-09T19:18:36.200+0000] {logging_mixin.py:149} INFO - [2023-07-09T19:18:36.200+0000] {dag.py:3490} INFO - Setting next_dagrun for example_task_group_decorator to 2023-07-08T19:18:36.200567+00:00, run_after=2023-07-09T19:18:36.200567+00:00
[2023-07-09T19:18:36.224+0000] {processor.py:179} INFO - Processing /home/airflow/.local/lib/python3.7/site-packages/airflow/example_dags/example_task_group_decorator.py took 0.096 seconds
[2023-07-09T19:19:06.360+0000] {processor.py:157} INFO - Started process (PID=2281) to work on /home/airflow/.local/lib/python3.7/site-packages/airflow/example_dags/example_task_group_decorator.py
[2023-07-09T19:19:06.361+0000] {processor.py:826} INFO - Processing file /home/airflow/.local/lib/python3.7/site-packages/airflow/example_dags/example_task_group_decorator.py for tasks to queue
[2023-07-09T19:19:06.362+0000] {logging_mixin.py:149} INFO - [2023-07-09T19:19:06.362+0000] {dagbag.py:541} INFO - Filling up the DagBag from /home/airflow/.local/lib/python3.7/site-packages/airflow/example_dags/example_task_group_decorator.py
[2023-07-09T19:19:06.374+0000] {processor.py:836} INFO - DAG(s) dict_keys(['example_task_group_decorator']) retrieved from /home/airflow/.local/lib/python3.7/site-packages/airflow/example_dags/example_task_group_decorator.py
[2023-07-09T19:19:06.400+0000] {logging_mixin.py:149} INFO - [2023-07-09T19:19:06.400+0000] {dag.py:2726} INFO - Sync 1 DAGs
[2023-07-09T19:19:06.422+0000] {logging_mixin.py:149} INFO - [2023-07-09T19:19:06.422+0000] {dag.py:3490} INFO - Setting next_dagrun for example_task_group_decorator to 2023-07-08T19:19:06.422630+00:00, run_after=2023-07-09T19:19:06.422630+00:00
[2023-07-09T19:19:06.442+0000] {processor.py:179} INFO - Processing /home/airflow/.local/lib/python3.7/site-packages/airflow/example_dags/example_task_group_decorator.py took 0.085 seconds
[2023-07-09T19:19:36.570+0000] {processor.py:157} INFO - Started process (PID=2343) to work on /home/airflow/.local/lib/python3.7/site-packages/airflow/example_dags/example_task_group_decorator.py
[2023-07-09T19:19:36.571+0000] {processor.py:826} INFO - Processing file /home/airflow/.local/lib/python3.7/site-packages/airflow/example_dags/example_task_group_decorator.py for tasks to queue
[2023-07-09T19:19:36.572+0000] {logging_mixin.py:149} INFO - [2023-07-09T19:19:36.572+0000] {dagbag.py:541} INFO - Filling up the DagBag from /home/airflow/.local/lib/python3.7/site-packages/airflow/example_dags/example_task_group_decorator.py
[2023-07-09T19:19:36.583+0000] {processor.py:836} INFO - DAG(s) dict_keys(['example_task_group_decorator']) retrieved from /home/airflow/.local/lib/python3.7/site-packages/airflow/example_dags/example_task_group_decorator.py
[2023-07-09T19:19:36.609+0000] {logging_mixin.py:149} INFO - [2023-07-09T19:19:36.609+0000] {dag.py:2726} INFO - Sync 1 DAGs
[2023-07-09T19:19:36.629+0000] {logging_mixin.py:149} INFO - [2023-07-09T19:19:36.629+0000] {dag.py:3490} INFO - Setting next_dagrun for example_task_group_decorator to 2023-07-08T19:19:36.629513+00:00, run_after=2023-07-09T19:19:36.629513+00:00
[2023-07-09T19:19:36.650+0000] {processor.py:179} INFO - Processing /home/airflow/.local/lib/python3.7/site-packages/airflow/example_dags/example_task_group_decorator.py took 0.082 seconds
[2023-07-09T19:20:06.988+0000] {processor.py:157} INFO - Started process (PID=2405) to work on /home/airflow/.local/lib/python3.7/site-packages/airflow/example_dags/example_task_group_decorator.py
[2023-07-09T19:20:06.989+0000] {processor.py:826} INFO - Processing file /home/airflow/.local/lib/python3.7/site-packages/airflow/example_dags/example_task_group_decorator.py for tasks to queue
[2023-07-09T19:20:06.990+0000] {logging_mixin.py:149} INFO - [2023-07-09T19:20:06.990+0000] {dagbag.py:541} INFO - Filling up the DagBag from /home/airflow/.local/lib/python3.7/site-packages/airflow/example_dags/example_task_group_decorator.py
[2023-07-09T19:20:07.002+0000] {processor.py:836} INFO - DAG(s) dict_keys(['example_task_group_decorator']) retrieved from /home/airflow/.local/lib/python3.7/site-packages/airflow/example_dags/example_task_group_decorator.py
[2023-07-09T19:20:07.028+0000] {logging_mixin.py:149} INFO - [2023-07-09T19:20:07.028+0000] {dag.py:2726} INFO - Sync 1 DAGs
[2023-07-09T19:20:07.048+0000] {logging_mixin.py:149} INFO - [2023-07-09T19:20:07.048+0000] {dag.py:3490} INFO - Setting next_dagrun for example_task_group_decorator to 2023-07-08T19:20:07.048624+00:00, run_after=2023-07-09T19:20:07.048624+00:00
[2023-07-09T19:20:07.068+0000] {processor.py:179} INFO - Processing /home/airflow/.local/lib/python3.7/site-packages/airflow/example_dags/example_task_group_decorator.py took 0.083 seconds
[2023-07-09T19:20:37.644+0000] {processor.py:157} INFO - Started process (PID=2467) to work on /home/airflow/.local/lib/python3.7/site-packages/airflow/example_dags/example_task_group_decorator.py
[2023-07-09T19:20:37.645+0000] {processor.py:826} INFO - Processing file /home/airflow/.local/lib/python3.7/site-packages/airflow/example_dags/example_task_group_decorator.py for tasks to queue
[2023-07-09T19:20:37.646+0000] {logging_mixin.py:149} INFO - [2023-07-09T19:20:37.646+0000] {dagbag.py:541} INFO - Filling up the DagBag from /home/airflow/.local/lib/python3.7/site-packages/airflow/example_dags/example_task_group_decorator.py
[2023-07-09T19:20:37.662+0000] {processor.py:836} INFO - DAG(s) dict_keys(['example_task_group_decorator']) retrieved from /home/airflow/.local/lib/python3.7/site-packages/airflow/example_dags/example_task_group_decorator.py
[2023-07-09T19:20:37.689+0000] {logging_mixin.py:149} INFO - [2023-07-09T19:20:37.688+0000] {dag.py:2726} INFO - Sync 1 DAGs
[2023-07-09T19:20:37.714+0000] {logging_mixin.py:149} INFO - [2023-07-09T19:20:37.713+0000] {dag.py:3490} INFO - Setting next_dagrun for example_task_group_decorator to 2023-07-08T19:20:37.713641+00:00, run_after=2023-07-09T19:20:37.713641+00:00
[2023-07-09T19:20:37.734+0000] {processor.py:179} INFO - Processing /home/airflow/.local/lib/python3.7/site-packages/airflow/example_dags/example_task_group_decorator.py took 0.094 seconds
[2023-07-09T19:21:08.755+0000] {processor.py:157} INFO - Started process (PID=2529) to work on /home/airflow/.local/lib/python3.7/site-packages/airflow/example_dags/example_task_group_decorator.py
[2023-07-09T19:21:08.757+0000] {processor.py:826} INFO - Processing file /home/airflow/.local/lib/python3.7/site-packages/airflow/example_dags/example_task_group_decorator.py for tasks to queue
[2023-07-09T19:21:08.758+0000] {logging_mixin.py:149} INFO - [2023-07-09T19:21:08.757+0000] {dagbag.py:541} INFO - Filling up the DagBag from /home/airflow/.local/lib/python3.7/site-packages/airflow/example_dags/example_task_group_decorator.py
[2023-07-09T19:21:08.777+0000] {processor.py:836} INFO - DAG(s) dict_keys(['example_task_group_decorator']) retrieved from /home/airflow/.local/lib/python3.7/site-packages/airflow/example_dags/example_task_group_decorator.py
[2023-07-09T19:21:08.809+0000] {logging_mixin.py:149} INFO - [2023-07-09T19:21:08.809+0000] {dag.py:2726} INFO - Sync 1 DAGs
[2023-07-09T19:21:08.844+0000] {logging_mixin.py:149} INFO - [2023-07-09T19:21:08.844+0000] {dag.py:3490} INFO - Setting next_dagrun for example_task_group_decorator to 2023-07-08T19:21:08.844151+00:00, run_after=2023-07-09T19:21:08.844151+00:00
[2023-07-09T19:21:08.881+0000] {processor.py:179} INFO - Processing /home/airflow/.local/lib/python3.7/site-packages/airflow/example_dags/example_task_group_decorator.py took 0.129 seconds
[2023-07-09T19:21:39.162+0000] {processor.py:157} INFO - Started process (PID=2591) to work on /home/airflow/.local/lib/python3.7/site-packages/airflow/example_dags/example_task_group_decorator.py
[2023-07-09T19:21:39.163+0000] {processor.py:826} INFO - Processing file /home/airflow/.local/lib/python3.7/site-packages/airflow/example_dags/example_task_group_decorator.py for tasks to queue
[2023-07-09T19:21:39.164+0000] {logging_mixin.py:149} INFO - [2023-07-09T19:21:39.164+0000] {dagbag.py:541} INFO - Filling up the DagBag from /home/airflow/.local/lib/python3.7/site-packages/airflow/example_dags/example_task_group_decorator.py
[2023-07-09T19:21:39.176+0000] {processor.py:836} INFO - DAG(s) dict_keys(['example_task_group_decorator']) retrieved from /home/airflow/.local/lib/python3.7/site-packages/airflow/example_dags/example_task_group_decorator.py
[2023-07-09T19:21:39.210+0000] {logging_mixin.py:149} INFO - [2023-07-09T19:21:39.209+0000] {dag.py:2726} INFO - Sync 1 DAGs
[2023-07-09T19:21:39.236+0000] {logging_mixin.py:149} INFO - [2023-07-09T19:21:39.236+0000] {dag.py:3490} INFO - Setting next_dagrun for example_task_group_decorator to 2023-07-08T19:21:39.236179+00:00, run_after=2023-07-09T19:21:39.236179+00:00
[2023-07-09T19:21:39.263+0000] {processor.py:179} INFO - Processing /home/airflow/.local/lib/python3.7/site-packages/airflow/example_dags/example_task_group_decorator.py took 0.105 seconds
[2023-07-09T19:22:09.464+0000] {processor.py:157} INFO - Started process (PID=2653) to work on /home/airflow/.local/lib/python3.7/site-packages/airflow/example_dags/example_task_group_decorator.py
[2023-07-09T19:22:09.465+0000] {processor.py:826} INFO - Processing file /home/airflow/.local/lib/python3.7/site-packages/airflow/example_dags/example_task_group_decorator.py for tasks to queue
[2023-07-09T19:22:09.466+0000] {logging_mixin.py:149} INFO - [2023-07-09T19:22:09.466+0000] {dagbag.py:541} INFO - Filling up the DagBag from /home/airflow/.local/lib/python3.7/site-packages/airflow/example_dags/example_task_group_decorator.py
[2023-07-09T19:22:09.478+0000] {processor.py:836} INFO - DAG(s) dict_keys(['example_task_group_decorator']) retrieved from /home/airflow/.local/lib/python3.7/site-packages/airflow/example_dags/example_task_group_decorator.py
[2023-07-09T19:22:09.505+0000] {logging_mixin.py:149} INFO - [2023-07-09T19:22:09.504+0000] {dag.py:2726} INFO - Sync 1 DAGs
[2023-07-09T19:22:09.527+0000] {logging_mixin.py:149} INFO - [2023-07-09T19:22:09.527+0000] {dag.py:3490} INFO - Setting next_dagrun for example_task_group_decorator to 2023-07-08T19:22:09.527651+00:00, run_after=2023-07-09T19:22:09.527651+00:00
[2023-07-09T19:22:09.548+0000] {processor.py:179} INFO - Processing /home/airflow/.local/lib/python3.7/site-packages/airflow/example_dags/example_task_group_decorator.py took 0.087 seconds
[2023-07-09T19:22:40.494+0000] {processor.py:157} INFO - Started process (PID=2715) to work on /home/airflow/.local/lib/python3.7/site-packages/airflow/example_dags/example_task_group_decorator.py
[2023-07-09T19:22:40.495+0000] {processor.py:826} INFO - Processing file /home/airflow/.local/lib/python3.7/site-packages/airflow/example_dags/example_task_group_decorator.py for tasks to queue
[2023-07-09T19:22:40.495+0000] {logging_mixin.py:149} INFO - [2023-07-09T19:22:40.495+0000] {dagbag.py:541} INFO - Filling up the DagBag from /home/airflow/.local/lib/python3.7/site-packages/airflow/example_dags/example_task_group_decorator.py
[2023-07-09T19:22:40.507+0000] {processor.py:836} INFO - DAG(s) dict_keys(['example_task_group_decorator']) retrieved from /home/airflow/.local/lib/python3.7/site-packages/airflow/example_dags/example_task_group_decorator.py
[2023-07-09T19:22:40.532+0000] {logging_mixin.py:149} INFO - [2023-07-09T19:22:40.532+0000] {dag.py:2726} INFO - Sync 1 DAGs
[2023-07-09T19:22:40.552+0000] {logging_mixin.py:149} INFO - [2023-07-09T19:22:40.552+0000] {dag.py:3490} INFO - Setting next_dagrun for example_task_group_decorator to 2023-07-08T19:22:40.552395+00:00, run_after=2023-07-09T19:22:40.552395+00:00
[2023-07-09T19:22:40.572+0000] {processor.py:179} INFO - Processing /home/airflow/.local/lib/python3.7/site-packages/airflow/example_dags/example_task_group_decorator.py took 0.081 seconds
[2023-07-09T19:23:10.703+0000] {processor.py:157} INFO - Started process (PID=2777) to work on /home/airflow/.local/lib/python3.7/site-packages/airflow/example_dags/example_task_group_decorator.py
[2023-07-09T19:23:10.704+0000] {processor.py:826} INFO - Processing file /home/airflow/.local/lib/python3.7/site-packages/airflow/example_dags/example_task_group_decorator.py for tasks to queue
[2023-07-09T19:23:10.704+0000] {logging_mixin.py:149} INFO - [2023-07-09T19:23:10.704+0000] {dagbag.py:541} INFO - Filling up the DagBag from /home/airflow/.local/lib/python3.7/site-packages/airflow/example_dags/example_task_group_decorator.py
[2023-07-09T19:23:10.717+0000] {processor.py:836} INFO - DAG(s) dict_keys(['example_task_group_decorator']) retrieved from /home/airflow/.local/lib/python3.7/site-packages/airflow/example_dags/example_task_group_decorator.py
[2023-07-09T19:23:10.742+0000] {logging_mixin.py:149} INFO - [2023-07-09T19:23:10.742+0000] {dag.py:2726} INFO - Sync 1 DAGs
[2023-07-09T19:23:10.766+0000] {logging_mixin.py:149} INFO - [2023-07-09T19:23:10.765+0000] {dag.py:3490} INFO - Setting next_dagrun for example_task_group_decorator to 2023-07-08T19:23:10.765746+00:00, run_after=2023-07-09T19:23:10.765746+00:00
[2023-07-09T19:23:10.787+0000] {processor.py:179} INFO - Processing /home/airflow/.local/lib/python3.7/site-packages/airflow/example_dags/example_task_group_decorator.py took 0.087 seconds
[2023-07-09T19:23:40.953+0000] {processor.py:157} INFO - Started process (PID=2840) to work on /home/airflow/.local/lib/python3.7/site-packages/airflow/example_dags/example_task_group_decorator.py
[2023-07-09T19:23:40.954+0000] {processor.py:826} INFO - Processing file /home/airflow/.local/lib/python3.7/site-packages/airflow/example_dags/example_task_group_decorator.py for tasks to queue
[2023-07-09T19:23:40.955+0000] {logging_mixin.py:149} INFO - [2023-07-09T19:23:40.955+0000] {dagbag.py:541} INFO - Filling up the DagBag from /home/airflow/.local/lib/python3.7/site-packages/airflow/example_dags/example_task_group_decorator.py
[2023-07-09T19:23:40.969+0000] {processor.py:836} INFO - DAG(s) dict_keys(['example_task_group_decorator']) retrieved from /home/airflow/.local/lib/python3.7/site-packages/airflow/example_dags/example_task_group_decorator.py
[2023-07-09T19:23:40.997+0000] {logging_mixin.py:149} INFO - [2023-07-09T19:23:40.997+0000] {dag.py:2726} INFO - Sync 1 DAGs
[2023-07-09T19:23:41.021+0000] {logging_mixin.py:149} INFO - [2023-07-09T19:23:41.021+0000] {dag.py:3490} INFO - Setting next_dagrun for example_task_group_decorator to 2023-07-08T19:23:41.021188+00:00, run_after=2023-07-09T19:23:41.021188+00:00
[2023-07-09T19:23:41.043+0000] {processor.py:179} INFO - Processing /home/airflow/.local/lib/python3.7/site-packages/airflow/example_dags/example_task_group_decorator.py took 0.093 seconds
[2023-07-09T19:24:11.269+0000] {processor.py:157} INFO - Started process (PID=2902) to work on /home/airflow/.local/lib/python3.7/site-packages/airflow/example_dags/example_task_group_decorator.py
[2023-07-09T19:24:11.271+0000] {processor.py:826} INFO - Processing file /home/airflow/.local/lib/python3.7/site-packages/airflow/example_dags/example_task_group_decorator.py for tasks to queue
[2023-07-09T19:24:11.272+0000] {logging_mixin.py:149} INFO - [2023-07-09T19:24:11.272+0000] {dagbag.py:541} INFO - Filling up the DagBag from /home/airflow/.local/lib/python3.7/site-packages/airflow/example_dags/example_task_group_decorator.py
[2023-07-09T19:24:11.289+0000] {processor.py:836} INFO - DAG(s) dict_keys(['example_task_group_decorator']) retrieved from /home/airflow/.local/lib/python3.7/site-packages/airflow/example_dags/example_task_group_decorator.py
[2023-07-09T19:24:11.318+0000] {logging_mixin.py:149} INFO - [2023-07-09T19:24:11.318+0000] {dag.py:2726} INFO - Sync 1 DAGs
[2023-07-09T19:24:11.343+0000] {logging_mixin.py:149} INFO - [2023-07-09T19:24:11.343+0000] {dag.py:3490} INFO - Setting next_dagrun for example_task_group_decorator to 2023-07-08T19:24:11.342874+00:00, run_after=2023-07-09T19:24:11.342874+00:00
[2023-07-09T19:24:11.363+0000] {processor.py:179} INFO - Processing /home/airflow/.local/lib/python3.7/site-packages/airflow/example_dags/example_task_group_decorator.py took 0.098 seconds
[2023-07-09T19:24:41.759+0000] {processor.py:157} INFO - Started process (PID=2964) to work on /home/airflow/.local/lib/python3.7/site-packages/airflow/example_dags/example_task_group_decorator.py
[2023-07-09T19:24:41.760+0000] {processor.py:826} INFO - Processing file /home/airflow/.local/lib/python3.7/site-packages/airflow/example_dags/example_task_group_decorator.py for tasks to queue
[2023-07-09T19:24:41.761+0000] {logging_mixin.py:149} INFO - [2023-07-09T19:24:41.761+0000] {dagbag.py:541} INFO - Filling up the DagBag from /home/airflow/.local/lib/python3.7/site-packages/airflow/example_dags/example_task_group_decorator.py
[2023-07-09T19:24:41.773+0000] {processor.py:836} INFO - DAG(s) dict_keys(['example_task_group_decorator']) retrieved from /home/airflow/.local/lib/python3.7/site-packages/airflow/example_dags/example_task_group_decorator.py
[2023-07-09T19:24:41.800+0000] {logging_mixin.py:149} INFO - [2023-07-09T19:24:41.800+0000] {dag.py:2726} INFO - Sync 1 DAGs
[2023-07-09T19:24:41.825+0000] {logging_mixin.py:149} INFO - [2023-07-09T19:24:41.825+0000] {dag.py:3490} INFO - Setting next_dagrun for example_task_group_decorator to 2023-07-08T19:24:41.825306+00:00, run_after=2023-07-09T19:24:41.825306+00:00
[2023-07-09T19:24:41.847+0000] {processor.py:179} INFO - Processing /home/airflow/.local/lib/python3.7/site-packages/airflow/example_dags/example_task_group_decorator.py took 0.091 seconds
[2023-07-09T19:25:12.530+0000] {processor.py:157} INFO - Started process (PID=3026) to work on /home/airflow/.local/lib/python3.7/site-packages/airflow/example_dags/example_task_group_decorator.py
[2023-07-09T19:25:12.531+0000] {processor.py:826} INFO - Processing file /home/airflow/.local/lib/python3.7/site-packages/airflow/example_dags/example_task_group_decorator.py for tasks to queue
[2023-07-09T19:25:12.532+0000] {logging_mixin.py:149} INFO - [2023-07-09T19:25:12.532+0000] {dagbag.py:541} INFO - Filling up the DagBag from /home/airflow/.local/lib/python3.7/site-packages/airflow/example_dags/example_task_group_decorator.py
[2023-07-09T19:25:12.544+0000] {processor.py:836} INFO - DAG(s) dict_keys(['example_task_group_decorator']) retrieved from /home/airflow/.local/lib/python3.7/site-packages/airflow/example_dags/example_task_group_decorator.py
[2023-07-09T19:25:12.570+0000] {logging_mixin.py:149} INFO - [2023-07-09T19:25:12.570+0000] {dag.py:2726} INFO - Sync 1 DAGs
[2023-07-09T19:25:12.595+0000] {logging_mixin.py:149} INFO - [2023-07-09T19:25:12.595+0000] {dag.py:3490} INFO - Setting next_dagrun for example_task_group_decorator to 2023-07-08T19:25:12.594966+00:00, run_after=2023-07-09T19:25:12.594966+00:00
[2023-07-09T19:25:12.615+0000] {processor.py:179} INFO - Processing /home/airflow/.local/lib/python3.7/site-packages/airflow/example_dags/example_task_group_decorator.py took 0.088 seconds
[2023-07-09T19:25:43.145+0000] {processor.py:157} INFO - Started process (PID=3095) to work on /home/airflow/.local/lib/python3.7/site-packages/airflow/example_dags/example_task_group_decorator.py
[2023-07-09T19:25:43.146+0000] {processor.py:826} INFO - Processing file /home/airflow/.local/lib/python3.7/site-packages/airflow/example_dags/example_task_group_decorator.py for tasks to queue
[2023-07-09T19:25:43.147+0000] {logging_mixin.py:149} INFO - [2023-07-09T19:25:43.146+0000] {dagbag.py:541} INFO - Filling up the DagBag from /home/airflow/.local/lib/python3.7/site-packages/airflow/example_dags/example_task_group_decorator.py
[2023-07-09T19:25:43.159+0000] {processor.py:836} INFO - DAG(s) dict_keys(['example_task_group_decorator']) retrieved from /home/airflow/.local/lib/python3.7/site-packages/airflow/example_dags/example_task_group_decorator.py
[2023-07-09T19:25:43.186+0000] {logging_mixin.py:149} INFO - [2023-07-09T19:25:43.186+0000] {dag.py:2726} INFO - Sync 1 DAGs
[2023-07-09T19:25:43.209+0000] {logging_mixin.py:149} INFO - [2023-07-09T19:25:43.209+0000] {dag.py:3490} INFO - Setting next_dagrun for example_task_group_decorator to 2023-07-08T19:25:43.209539+00:00, run_after=2023-07-09T19:25:43.209539+00:00
[2023-07-09T19:25:43.238+0000] {processor.py:179} INFO - Processing /home/airflow/.local/lib/python3.7/site-packages/airflow/example_dags/example_task_group_decorator.py took 0.096 seconds
[2023-07-09T19:26:13.654+0000] {processor.py:157} INFO - Started process (PID=3157) to work on /home/airflow/.local/lib/python3.7/site-packages/airflow/example_dags/example_task_group_decorator.py
[2023-07-09T19:26:13.655+0000] {processor.py:826} INFO - Processing file /home/airflow/.local/lib/python3.7/site-packages/airflow/example_dags/example_task_group_decorator.py for tasks to queue
[2023-07-09T19:26:13.656+0000] {logging_mixin.py:149} INFO - [2023-07-09T19:26:13.656+0000] {dagbag.py:541} INFO - Filling up the DagBag from /home/airflow/.local/lib/python3.7/site-packages/airflow/example_dags/example_task_group_decorator.py
[2023-07-09T19:26:13.668+0000] {processor.py:836} INFO - DAG(s) dict_keys(['example_task_group_decorator']) retrieved from /home/airflow/.local/lib/python3.7/site-packages/airflow/example_dags/example_task_group_decorator.py
[2023-07-09T19:26:13.697+0000] {logging_mixin.py:149} INFO - [2023-07-09T19:26:13.697+0000] {dag.py:2726} INFO - Sync 1 DAGs
[2023-07-09T19:26:13.719+0000] {logging_mixin.py:149} INFO - [2023-07-09T19:26:13.719+0000] {dag.py:3490} INFO - Setting next_dagrun for example_task_group_decorator to 2023-07-08T19:26:13.718995+00:00, run_after=2023-07-09T19:26:13.718995+00:00
[2023-07-09T19:26:13.740+0000] {processor.py:179} INFO - Processing /home/airflow/.local/lib/python3.7/site-packages/airflow/example_dags/example_task_group_decorator.py took 0.089 seconds
[2023-07-09T19:26:44.238+0000] {processor.py:157} INFO - Started process (PID=3219) to work on /home/airflow/.local/lib/python3.7/site-packages/airflow/example_dags/example_task_group_decorator.py
[2023-07-09T19:26:44.239+0000] {processor.py:826} INFO - Processing file /home/airflow/.local/lib/python3.7/site-packages/airflow/example_dags/example_task_group_decorator.py for tasks to queue
[2023-07-09T19:26:44.240+0000] {logging_mixin.py:149} INFO - [2023-07-09T19:26:44.240+0000] {dagbag.py:541} INFO - Filling up the DagBag from /home/airflow/.local/lib/python3.7/site-packages/airflow/example_dags/example_task_group_decorator.py
[2023-07-09T19:26:44.252+0000] {processor.py:836} INFO - DAG(s) dict_keys(['example_task_group_decorator']) retrieved from /home/airflow/.local/lib/python3.7/site-packages/airflow/example_dags/example_task_group_decorator.py
[2023-07-09T19:26:44.279+0000] {logging_mixin.py:149} INFO - [2023-07-09T19:26:44.279+0000] {dag.py:2726} INFO - Sync 1 DAGs
[2023-07-09T19:26:44.302+0000] {logging_mixin.py:149} INFO - [2023-07-09T19:26:44.301+0000] {dag.py:3490} INFO - Setting next_dagrun for example_task_group_decorator to 2023-07-08T19:26:44.301684+00:00, run_after=2023-07-09T19:26:44.301684+00:00
[2023-07-09T19:26:44.330+0000] {processor.py:179} INFO - Processing /home/airflow/.local/lib/python3.7/site-packages/airflow/example_dags/example_task_group_decorator.py took 0.095 seconds
[2023-07-09T19:27:14.788+0000] {processor.py:157} INFO - Started process (PID=3282) to work on /home/airflow/.local/lib/python3.7/site-packages/airflow/example_dags/example_task_group_decorator.py
[2023-07-09T19:27:14.789+0000] {processor.py:826} INFO - Processing file /home/airflow/.local/lib/python3.7/site-packages/airflow/example_dags/example_task_group_decorator.py for tasks to queue
[2023-07-09T19:27:14.789+0000] {logging_mixin.py:149} INFO - [2023-07-09T19:27:14.789+0000] {dagbag.py:541} INFO - Filling up the DagBag from /home/airflow/.local/lib/python3.7/site-packages/airflow/example_dags/example_task_group_decorator.py
[2023-07-09T19:27:14.803+0000] {processor.py:836} INFO - DAG(s) dict_keys(['example_task_group_decorator']) retrieved from /home/airflow/.local/lib/python3.7/site-packages/airflow/example_dags/example_task_group_decorator.py
[2023-07-09T19:27:14.835+0000] {logging_mixin.py:149} INFO - [2023-07-09T19:27:14.834+0000] {dag.py:2726} INFO - Sync 1 DAGs
[2023-07-09T19:27:14.865+0000] {logging_mixin.py:149} INFO - [2023-07-09T19:27:14.865+0000] {dag.py:3490} INFO - Setting next_dagrun for example_task_group_decorator to 2023-07-08T19:27:14.864730+00:00, run_after=2023-07-09T19:27:14.864730+00:00
[2023-07-09T19:27:14.899+0000] {processor.py:179} INFO - Processing /home/airflow/.local/lib/python3.7/site-packages/airflow/example_dags/example_task_group_decorator.py took 0.115 seconds
[2023-07-09T19:27:45.491+0000] {processor.py:157} INFO - Started process (PID=3344) to work on /home/airflow/.local/lib/python3.7/site-packages/airflow/example_dags/example_task_group_decorator.py
[2023-07-09T19:27:45.492+0000] {processor.py:826} INFO - Processing file /home/airflow/.local/lib/python3.7/site-packages/airflow/example_dags/example_task_group_decorator.py for tasks to queue
[2023-07-09T19:27:45.493+0000] {logging_mixin.py:149} INFO - [2023-07-09T19:27:45.493+0000] {dagbag.py:541} INFO - Filling up the DagBag from /home/airflow/.local/lib/python3.7/site-packages/airflow/example_dags/example_task_group_decorator.py
[2023-07-09T19:27:45.506+0000] {processor.py:836} INFO - DAG(s) dict_keys(['example_task_group_decorator']) retrieved from /home/airflow/.local/lib/python3.7/site-packages/airflow/example_dags/example_task_group_decorator.py
[2023-07-09T19:27:45.537+0000] {logging_mixin.py:149} INFO - [2023-07-09T19:27:45.537+0000] {dag.py:2726} INFO - Sync 1 DAGs
[2023-07-09T19:27:45.559+0000] {logging_mixin.py:149} INFO - [2023-07-09T19:27:45.559+0000] {dag.py:3490} INFO - Setting next_dagrun for example_task_group_decorator to 2023-07-08T19:27:45.559408+00:00, run_after=2023-07-09T19:27:45.559408+00:00
[2023-07-09T19:27:45.580+0000] {processor.py:179} INFO - Processing /home/airflow/.local/lib/python3.7/site-packages/airflow/example_dags/example_task_group_decorator.py took 0.092 seconds
[2023-07-09T19:28:16.002+0000] {processor.py:157} INFO - Started process (PID=3406) to work on /home/airflow/.local/lib/python3.7/site-packages/airflow/example_dags/example_task_group_decorator.py
[2023-07-09T19:28:16.003+0000] {processor.py:826} INFO - Processing file /home/airflow/.local/lib/python3.7/site-packages/airflow/example_dags/example_task_group_decorator.py for tasks to queue
[2023-07-09T19:28:16.004+0000] {logging_mixin.py:149} INFO - [2023-07-09T19:28:16.004+0000] {dagbag.py:541} INFO - Filling up the DagBag from /home/airflow/.local/lib/python3.7/site-packages/airflow/example_dags/example_task_group_decorator.py
[2023-07-09T19:28:16.018+0000] {processor.py:836} INFO - DAG(s) dict_keys(['example_task_group_decorator']) retrieved from /home/airflow/.local/lib/python3.7/site-packages/airflow/example_dags/example_task_group_decorator.py
[2023-07-09T19:28:16.046+0000] {logging_mixin.py:149} INFO - [2023-07-09T19:28:16.045+0000] {dag.py:2726} INFO - Sync 1 DAGs
[2023-07-09T19:28:16.070+0000] {logging_mixin.py:149} INFO - [2023-07-09T19:28:16.070+0000] {dag.py:3490} INFO - Setting next_dagrun for example_task_group_decorator to 2023-07-08T19:28:16.070115+00:00, run_after=2023-07-09T19:28:16.070115+00:00
[2023-07-09T19:28:16.091+0000] {processor.py:179} INFO - Processing /home/airflow/.local/lib/python3.7/site-packages/airflow/example_dags/example_task_group_decorator.py took 0.092 seconds
[2023-07-09T19:28:46.569+0000] {processor.py:157} INFO - Started process (PID=3468) to work on /home/airflow/.local/lib/python3.7/site-packages/airflow/example_dags/example_task_group_decorator.py
[2023-07-09T19:28:46.571+0000] {processor.py:826} INFO - Processing file /home/airflow/.local/lib/python3.7/site-packages/airflow/example_dags/example_task_group_decorator.py for tasks to queue
[2023-07-09T19:28:46.573+0000] {logging_mixin.py:149} INFO - [2023-07-09T19:28:46.572+0000] {dagbag.py:541} INFO - Filling up the DagBag from /home/airflow/.local/lib/python3.7/site-packages/airflow/example_dags/example_task_group_decorator.py
[2023-07-09T19:28:46.590+0000] {processor.py:836} INFO - DAG(s) dict_keys(['example_task_group_decorator']) retrieved from /home/airflow/.local/lib/python3.7/site-packages/airflow/example_dags/example_task_group_decorator.py
[2023-07-09T19:28:46.626+0000] {logging_mixin.py:149} INFO - [2023-07-09T19:28:46.626+0000] {dag.py:2726} INFO - Sync 1 DAGs
[2023-07-09T19:28:46.649+0000] {logging_mixin.py:149} INFO - [2023-07-09T19:28:46.649+0000] {dag.py:3490} INFO - Setting next_dagrun for example_task_group_decorator to 2023-07-08T19:28:46.649626+00:00, run_after=2023-07-09T19:28:46.649626+00:00
[2023-07-09T19:28:46.669+0000] {processor.py:179} INFO - Processing /home/airflow/.local/lib/python3.7/site-packages/airflow/example_dags/example_task_group_decorator.py took 0.104 seconds
[2023-07-09T19:29:17.177+0000] {processor.py:157} INFO - Started process (PID=3530) to work on /home/airflow/.local/lib/python3.7/site-packages/airflow/example_dags/example_task_group_decorator.py
[2023-07-09T19:29:17.178+0000] {processor.py:826} INFO - Processing file /home/airflow/.local/lib/python3.7/site-packages/airflow/example_dags/example_task_group_decorator.py for tasks to queue
[2023-07-09T19:29:17.179+0000] {logging_mixin.py:149} INFO - [2023-07-09T19:29:17.179+0000] {dagbag.py:541} INFO - Filling up the DagBag from /home/airflow/.local/lib/python3.7/site-packages/airflow/example_dags/example_task_group_decorator.py
[2023-07-09T19:29:17.191+0000] {processor.py:836} INFO - DAG(s) dict_keys(['example_task_group_decorator']) retrieved from /home/airflow/.local/lib/python3.7/site-packages/airflow/example_dags/example_task_group_decorator.py
[2023-07-09T19:29:17.218+0000] {logging_mixin.py:149} INFO - [2023-07-09T19:29:17.217+0000] {dag.py:2726} INFO - Sync 1 DAGs
[2023-07-09T19:29:17.239+0000] {logging_mixin.py:149} INFO - [2023-07-09T19:29:17.239+0000] {dag.py:3490} INFO - Setting next_dagrun for example_task_group_decorator to 2023-07-08T19:29:17.239551+00:00, run_after=2023-07-09T19:29:17.239551+00:00
[2023-07-09T19:29:17.261+0000] {processor.py:179} INFO - Processing /home/airflow/.local/lib/python3.7/site-packages/airflow/example_dags/example_task_group_decorator.py took 0.086 seconds
[2023-07-09T19:29:47.756+0000] {processor.py:157} INFO - Started process (PID=3592) to work on /home/airflow/.local/lib/python3.7/site-packages/airflow/example_dags/example_task_group_decorator.py
[2023-07-09T19:29:47.757+0000] {processor.py:826} INFO - Processing file /home/airflow/.local/lib/python3.7/site-packages/airflow/example_dags/example_task_group_decorator.py for tasks to queue
[2023-07-09T19:29:47.758+0000] {logging_mixin.py:149} INFO - [2023-07-09T19:29:47.758+0000] {dagbag.py:541} INFO - Filling up the DagBag from /home/airflow/.local/lib/python3.7/site-packages/airflow/example_dags/example_task_group_decorator.py
[2023-07-09T19:29:47.771+0000] {processor.py:836} INFO - DAG(s) dict_keys(['example_task_group_decorator']) retrieved from /home/airflow/.local/lib/python3.7/site-packages/airflow/example_dags/example_task_group_decorator.py
[2023-07-09T19:29:47.802+0000] {logging_mixin.py:149} INFO - [2023-07-09T19:29:47.802+0000] {dag.py:2726} INFO - Sync 1 DAGs
[2023-07-09T19:29:47.827+0000] {logging_mixin.py:149} INFO - [2023-07-09T19:29:47.827+0000] {dag.py:3490} INFO - Setting next_dagrun for example_task_group_decorator to 2023-07-08T19:29:47.827087+00:00, run_after=2023-07-09T19:29:47.827087+00:00
[2023-07-09T19:29:47.857+0000] {processor.py:179} INFO - Processing /home/airflow/.local/lib/python3.7/site-packages/airflow/example_dags/example_task_group_decorator.py took 0.104 seconds
[2023-07-09T19:30:18.410+0000] {processor.py:157} INFO - Started process (PID=3654) to work on /home/airflow/.local/lib/python3.7/site-packages/airflow/example_dags/example_task_group_decorator.py
[2023-07-09T19:30:18.411+0000] {processor.py:826} INFO - Processing file /home/airflow/.local/lib/python3.7/site-packages/airflow/example_dags/example_task_group_decorator.py for tasks to queue
[2023-07-09T19:30:18.412+0000] {logging_mixin.py:149} INFO - [2023-07-09T19:30:18.412+0000] {dagbag.py:541} INFO - Filling up the DagBag from /home/airflow/.local/lib/python3.7/site-packages/airflow/example_dags/example_task_group_decorator.py
[2023-07-09T19:30:18.425+0000] {processor.py:836} INFO - DAG(s) dict_keys(['example_task_group_decorator']) retrieved from /home/airflow/.local/lib/python3.7/site-packages/airflow/example_dags/example_task_group_decorator.py
[2023-07-09T19:30:18.451+0000] {logging_mixin.py:149} INFO - [2023-07-09T19:30:18.451+0000] {dag.py:2726} INFO - Sync 1 DAGs
[2023-07-09T19:30:18.476+0000] {logging_mixin.py:149} INFO - [2023-07-09T19:30:18.475+0000] {dag.py:3490} INFO - Setting next_dagrun for example_task_group_decorator to 2023-07-08T19:30:18.475624+00:00, run_after=2023-07-09T19:30:18.475624+00:00
[2023-07-09T19:30:18.496+0000] {processor.py:179} INFO - Processing /home/airflow/.local/lib/python3.7/site-packages/airflow/example_dags/example_task_group_decorator.py took 0.089 seconds
[2023-07-09T19:30:48.825+0000] {processor.py:157} INFO - Started process (PID=3716) to work on /home/airflow/.local/lib/python3.7/site-packages/airflow/example_dags/example_task_group_decorator.py
[2023-07-09T19:30:48.826+0000] {processor.py:826} INFO - Processing file /home/airflow/.local/lib/python3.7/site-packages/airflow/example_dags/example_task_group_decorator.py for tasks to queue
[2023-07-09T19:30:48.827+0000] {logging_mixin.py:149} INFO - [2023-07-09T19:30:48.827+0000] {dagbag.py:541} INFO - Filling up the DagBag from /home/airflow/.local/lib/python3.7/site-packages/airflow/example_dags/example_task_group_decorator.py
[2023-07-09T19:30:48.841+0000] {processor.py:836} INFO - DAG(s) dict_keys(['example_task_group_decorator']) retrieved from /home/airflow/.local/lib/python3.7/site-packages/airflow/example_dags/example_task_group_decorator.py
[2023-07-09T19:30:48.874+0000] {logging_mixin.py:149} INFO - [2023-07-09T19:30:48.874+0000] {dag.py:2726} INFO - Sync 1 DAGs
[2023-07-09T19:30:48.901+0000] {logging_mixin.py:149} INFO - [2023-07-09T19:30:48.901+0000] {dag.py:3490} INFO - Setting next_dagrun for example_task_group_decorator to 2023-07-08T19:30:48.901253+00:00, run_after=2023-07-09T19:30:48.901253+00:00
[2023-07-09T19:30:48.936+0000] {processor.py:179} INFO - Processing /home/airflow/.local/lib/python3.7/site-packages/airflow/example_dags/example_task_group_decorator.py took 0.114 seconds
[2023-07-09T19:31:19.040+0000] {processor.py:157} INFO - Started process (PID=3777) to work on /home/airflow/.local/lib/python3.7/site-packages/airflow/example_dags/example_task_group_decorator.py
[2023-07-09T19:31:19.041+0000] {processor.py:826} INFO - Processing file /home/airflow/.local/lib/python3.7/site-packages/airflow/example_dags/example_task_group_decorator.py for tasks to queue
[2023-07-09T19:31:19.042+0000] {logging_mixin.py:149} INFO - [2023-07-09T19:31:19.042+0000] {dagbag.py:541} INFO - Filling up the DagBag from /home/airflow/.local/lib/python3.7/site-packages/airflow/example_dags/example_task_group_decorator.py
[2023-07-09T19:31:19.054+0000] {processor.py:836} INFO - DAG(s) dict_keys(['example_task_group_decorator']) retrieved from /home/airflow/.local/lib/python3.7/site-packages/airflow/example_dags/example_task_group_decorator.py
[2023-07-09T19:31:19.082+0000] {logging_mixin.py:149} INFO - [2023-07-09T19:31:19.082+0000] {dag.py:2726} INFO - Sync 1 DAGs
[2023-07-09T19:31:19.108+0000] {logging_mixin.py:149} INFO - [2023-07-09T19:31:19.107+0000] {dag.py:3490} INFO - Setting next_dagrun for example_task_group_decorator to 2023-07-08T19:31:19.107719+00:00, run_after=2023-07-09T19:31:19.107719+00:00
[2023-07-09T19:31:19.141+0000] {processor.py:179} INFO - Processing /home/airflow/.local/lib/python3.7/site-packages/airflow/example_dags/example_task_group_decorator.py took 0.105 seconds
[2023-07-09T19:31:49.565+0000] {processor.py:157} INFO - Started process (PID=3840) to work on /home/airflow/.local/lib/python3.7/site-packages/airflow/example_dags/example_task_group_decorator.py
[2023-07-09T19:31:49.566+0000] {processor.py:826} INFO - Processing file /home/airflow/.local/lib/python3.7/site-packages/airflow/example_dags/example_task_group_decorator.py for tasks to queue
[2023-07-09T19:31:49.566+0000] {logging_mixin.py:149} INFO - [2023-07-09T19:31:49.566+0000] {dagbag.py:541} INFO - Filling up the DagBag from /home/airflow/.local/lib/python3.7/site-packages/airflow/example_dags/example_task_group_decorator.py
[2023-07-09T19:31:49.578+0000] {processor.py:836} INFO - DAG(s) dict_keys(['example_task_group_decorator']) retrieved from /home/airflow/.local/lib/python3.7/site-packages/airflow/example_dags/example_task_group_decorator.py
[2023-07-09T19:31:49.604+0000] {logging_mixin.py:149} INFO - [2023-07-09T19:31:49.604+0000] {dag.py:2726} INFO - Sync 1 DAGs
[2023-07-09T19:31:49.635+0000] {logging_mixin.py:149} INFO - [2023-07-09T19:31:49.635+0000] {dag.py:3490} INFO - Setting next_dagrun for example_task_group_decorator to 2023-07-08T19:31:49.635437+00:00, run_after=2023-07-09T19:31:49.635437+00:00
[2023-07-09T19:31:49.659+0000] {processor.py:179} INFO - Processing /home/airflow/.local/lib/python3.7/site-packages/airflow/example_dags/example_task_group_decorator.py took 0.097 seconds
[2023-07-09T19:32:19.792+0000] {processor.py:157} INFO - Started process (PID=3901) to work on /home/airflow/.local/lib/python3.7/site-packages/airflow/example_dags/example_task_group_decorator.py
[2023-07-09T19:32:19.793+0000] {processor.py:826} INFO - Processing file /home/airflow/.local/lib/python3.7/site-packages/airflow/example_dags/example_task_group_decorator.py for tasks to queue
[2023-07-09T19:32:19.794+0000] {logging_mixin.py:149} INFO - [2023-07-09T19:32:19.794+0000] {dagbag.py:541} INFO - Filling up the DagBag from /home/airflow/.local/lib/python3.7/site-packages/airflow/example_dags/example_task_group_decorator.py
[2023-07-09T19:32:19.805+0000] {processor.py:836} INFO - DAG(s) dict_keys(['example_task_group_decorator']) retrieved from /home/airflow/.local/lib/python3.7/site-packages/airflow/example_dags/example_task_group_decorator.py
[2023-07-09T19:32:19.831+0000] {logging_mixin.py:149} INFO - [2023-07-09T19:32:19.831+0000] {dag.py:2726} INFO - Sync 1 DAGs
[2023-07-09T19:32:19.852+0000] {logging_mixin.py:149} INFO - [2023-07-09T19:32:19.852+0000] {dag.py:3490} INFO - Setting next_dagrun for example_task_group_decorator to 2023-07-08T19:32:19.852444+00:00, run_after=2023-07-09T19:32:19.852444+00:00
[2023-07-09T19:32:19.871+0000] {processor.py:179} INFO - Processing /home/airflow/.local/lib/python3.7/site-packages/airflow/example_dags/example_task_group_decorator.py took 0.082 seconds
[2023-07-09T19:32:50.400+0000] {processor.py:157} INFO - Started process (PID=3964) to work on /home/airflow/.local/lib/python3.7/site-packages/airflow/example_dags/example_task_group_decorator.py
[2023-07-09T19:32:50.401+0000] {processor.py:826} INFO - Processing file /home/airflow/.local/lib/python3.7/site-packages/airflow/example_dags/example_task_group_decorator.py for tasks to queue
[2023-07-09T19:32:50.402+0000] {logging_mixin.py:149} INFO - [2023-07-09T19:32:50.402+0000] {dagbag.py:541} INFO - Filling up the DagBag from /home/airflow/.local/lib/python3.7/site-packages/airflow/example_dags/example_task_group_decorator.py
[2023-07-09T19:32:50.414+0000] {processor.py:836} INFO - DAG(s) dict_keys(['example_task_group_decorator']) retrieved from /home/airflow/.local/lib/python3.7/site-packages/airflow/example_dags/example_task_group_decorator.py
[2023-07-09T19:32:50.440+0000] {logging_mixin.py:149} INFO - [2023-07-09T19:32:50.439+0000] {dag.py:2726} INFO - Sync 1 DAGs
[2023-07-09T19:32:50.462+0000] {logging_mixin.py:149} INFO - [2023-07-09T19:32:50.462+0000] {dag.py:3490} INFO - Setting next_dagrun for example_task_group_decorator to 2023-07-08T19:32:50.462002+00:00, run_after=2023-07-09T19:32:50.462002+00:00
[2023-07-09T19:32:50.482+0000] {processor.py:179} INFO - Processing /home/airflow/.local/lib/python3.7/site-packages/airflow/example_dags/example_task_group_decorator.py took 0.085 seconds
[2023-07-09T19:33:20.552+0000] {processor.py:157} INFO - Started process (PID=4025) to work on /home/airflow/.local/lib/python3.7/site-packages/airflow/example_dags/example_task_group_decorator.py
[2023-07-09T19:33:20.553+0000] {processor.py:826} INFO - Processing file /home/airflow/.local/lib/python3.7/site-packages/airflow/example_dags/example_task_group_decorator.py for tasks to queue
[2023-07-09T19:33:20.554+0000] {logging_mixin.py:149} INFO - [2023-07-09T19:33:20.554+0000] {dagbag.py:541} INFO - Filling up the DagBag from /home/airflow/.local/lib/python3.7/site-packages/airflow/example_dags/example_task_group_decorator.py
[2023-07-09T19:33:20.565+0000] {processor.py:836} INFO - DAG(s) dict_keys(['example_task_group_decorator']) retrieved from /home/airflow/.local/lib/python3.7/site-packages/airflow/example_dags/example_task_group_decorator.py
[2023-07-09T19:33:20.591+0000] {logging_mixin.py:149} INFO - [2023-07-09T19:33:20.591+0000] {dag.py:2726} INFO - Sync 1 DAGs
[2023-07-09T19:33:20.611+0000] {logging_mixin.py:149} INFO - [2023-07-09T19:33:20.611+0000] {dag.py:3490} INFO - Setting next_dagrun for example_task_group_decorator to 2023-07-08T19:33:20.611240+00:00, run_after=2023-07-09T19:33:20.611240+00:00
[2023-07-09T19:33:20.630+0000] {processor.py:179} INFO - Processing /home/airflow/.local/lib/python3.7/site-packages/airflow/example_dags/example_task_group_decorator.py took 0.081 seconds
[2023-07-09T19:33:50.901+0000] {processor.py:157} INFO - Started process (PID=4087) to work on /home/airflow/.local/lib/python3.7/site-packages/airflow/example_dags/example_task_group_decorator.py
[2023-07-09T19:33:50.902+0000] {processor.py:826} INFO - Processing file /home/airflow/.local/lib/python3.7/site-packages/airflow/example_dags/example_task_group_decorator.py for tasks to queue
[2023-07-09T19:33:50.903+0000] {logging_mixin.py:149} INFO - [2023-07-09T19:33:50.903+0000] {dagbag.py:541} INFO - Filling up the DagBag from /home/airflow/.local/lib/python3.7/site-packages/airflow/example_dags/example_task_group_decorator.py
[2023-07-09T19:33:50.915+0000] {processor.py:836} INFO - DAG(s) dict_keys(['example_task_group_decorator']) retrieved from /home/airflow/.local/lib/python3.7/site-packages/airflow/example_dags/example_task_group_decorator.py
[2023-07-09T19:33:50.945+0000] {logging_mixin.py:149} INFO - [2023-07-09T19:33:50.944+0000] {dag.py:2726} INFO - Sync 1 DAGs
[2023-07-09T19:33:50.967+0000] {logging_mixin.py:149} INFO - [2023-07-09T19:33:50.967+0000] {dag.py:3490} INFO - Setting next_dagrun for example_task_group_decorator to 2023-07-08T19:33:50.966969+00:00, run_after=2023-07-09T19:33:50.966969+00:00
[2023-07-09T19:33:50.989+0000] {processor.py:179} INFO - Processing /home/airflow/.local/lib/python3.7/site-packages/airflow/example_dags/example_task_group_decorator.py took 0.091 seconds
[2023-07-09T19:34:21.557+0000] {processor.py:157} INFO - Started process (PID=4141) to work on /home/airflow/.local/lib/python3.7/site-packages/airflow/example_dags/example_task_group_decorator.py
[2023-07-09T19:34:21.558+0000] {processor.py:826} INFO - Processing file /home/airflow/.local/lib/python3.7/site-packages/airflow/example_dags/example_task_group_decorator.py for tasks to queue
[2023-07-09T19:34:21.559+0000] {logging_mixin.py:149} INFO - [2023-07-09T19:34:21.559+0000] {dagbag.py:541} INFO - Filling up the DagBag from /home/airflow/.local/lib/python3.7/site-packages/airflow/example_dags/example_task_group_decorator.py
[2023-07-09T19:34:21.572+0000] {processor.py:836} INFO - DAG(s) dict_keys(['example_task_group_decorator']) retrieved from /home/airflow/.local/lib/python3.7/site-packages/airflow/example_dags/example_task_group_decorator.py
[2023-07-09T19:34:21.605+0000] {logging_mixin.py:149} INFO - [2023-07-09T19:34:21.605+0000] {dag.py:2726} INFO - Sync 1 DAGs
[2023-07-09T19:34:21.629+0000] {logging_mixin.py:149} INFO - [2023-07-09T19:34:21.628+0000] {dag.py:3490} INFO - Setting next_dagrun for example_task_group_decorator to 2023-07-08T19:34:21.628704+00:00, run_after=2023-07-09T19:34:21.628704+00:00
[2023-07-09T19:34:21.650+0000] {processor.py:179} INFO - Processing /home/airflow/.local/lib/python3.7/site-packages/airflow/example_dags/example_task_group_decorator.py took 0.095 seconds
[2023-07-09T19:34:52.231+0000] {processor.py:157} INFO - Started process (PID=4203) to work on /home/airflow/.local/lib/python3.7/site-packages/airflow/example_dags/example_task_group_decorator.py
[2023-07-09T19:34:52.232+0000] {processor.py:826} INFO - Processing file /home/airflow/.local/lib/python3.7/site-packages/airflow/example_dags/example_task_group_decorator.py for tasks to queue
[2023-07-09T19:34:52.233+0000] {logging_mixin.py:149} INFO - [2023-07-09T19:34:52.233+0000] {dagbag.py:541} INFO - Filling up the DagBag from /home/airflow/.local/lib/python3.7/site-packages/airflow/example_dags/example_task_group_decorator.py
[2023-07-09T19:34:52.245+0000] {processor.py:836} INFO - DAG(s) dict_keys(['example_task_group_decorator']) retrieved from /home/airflow/.local/lib/python3.7/site-packages/airflow/example_dags/example_task_group_decorator.py
[2023-07-09T19:34:52.271+0000] {logging_mixin.py:149} INFO - [2023-07-09T19:34:52.271+0000] {dag.py:2726} INFO - Sync 1 DAGs
[2023-07-09T19:34:52.293+0000] {logging_mixin.py:149} INFO - [2023-07-09T19:34:52.293+0000] {dag.py:3490} INFO - Setting next_dagrun for example_task_group_decorator to 2023-07-08T19:34:52.292960+00:00, run_after=2023-07-09T19:34:52.292960+00:00
[2023-07-09T19:34:52.313+0000] {processor.py:179} INFO - Processing /home/airflow/.local/lib/python3.7/site-packages/airflow/example_dags/example_task_group_decorator.py took 0.085 seconds
[2023-07-09T19:35:22.477+0000] {processor.py:157} INFO - Started process (PID=4264) to work on /home/airflow/.local/lib/python3.7/site-packages/airflow/example_dags/example_task_group_decorator.py
[2023-07-09T19:35:22.478+0000] {processor.py:826} INFO - Processing file /home/airflow/.local/lib/python3.7/site-packages/airflow/example_dags/example_task_group_decorator.py for tasks to queue
[2023-07-09T19:35:22.479+0000] {logging_mixin.py:149} INFO - [2023-07-09T19:35:22.479+0000] {dagbag.py:541} INFO - Filling up the DagBag from /home/airflow/.local/lib/python3.7/site-packages/airflow/example_dags/example_task_group_decorator.py
[2023-07-09T19:35:22.492+0000] {processor.py:836} INFO - DAG(s) dict_keys(['example_task_group_decorator']) retrieved from /home/airflow/.local/lib/python3.7/site-packages/airflow/example_dags/example_task_group_decorator.py
[2023-07-09T19:35:22.519+0000] {logging_mixin.py:149} INFO - [2023-07-09T19:35:22.519+0000] {dag.py:2726} INFO - Sync 1 DAGs
[2023-07-09T19:35:22.541+0000] {logging_mixin.py:149} INFO - [2023-07-09T19:35:22.540+0000] {dag.py:3490} INFO - Setting next_dagrun for example_task_group_decorator to 2023-07-08T19:35:22.540722+00:00, run_after=2023-07-09T19:35:22.540722+00:00
[2023-07-09T19:35:22.562+0000] {processor.py:179} INFO - Processing /home/airflow/.local/lib/python3.7/site-packages/airflow/example_dags/example_task_group_decorator.py took 0.088 seconds
[2023-07-09T19:35:52.871+0000] {processor.py:157} INFO - Started process (PID=4327) to work on /home/airflow/.local/lib/python3.7/site-packages/airflow/example_dags/example_task_group_decorator.py
[2023-07-09T19:35:52.872+0000] {processor.py:826} INFO - Processing file /home/airflow/.local/lib/python3.7/site-packages/airflow/example_dags/example_task_group_decorator.py for tasks to queue
[2023-07-09T19:35:52.873+0000] {logging_mixin.py:149} INFO - [2023-07-09T19:35:52.873+0000] {dagbag.py:541} INFO - Filling up the DagBag from /home/airflow/.local/lib/python3.7/site-packages/airflow/example_dags/example_task_group_decorator.py
[2023-07-09T19:35:52.886+0000] {processor.py:836} INFO - DAG(s) dict_keys(['example_task_group_decorator']) retrieved from /home/airflow/.local/lib/python3.7/site-packages/airflow/example_dags/example_task_group_decorator.py
[2023-07-09T19:35:52.912+0000] {logging_mixin.py:149} INFO - [2023-07-09T19:35:52.911+0000] {dag.py:2726} INFO - Sync 1 DAGs
[2023-07-09T19:35:52.933+0000] {logging_mixin.py:149} INFO - [2023-07-09T19:35:52.933+0000] {dag.py:3490} INFO - Setting next_dagrun for example_task_group_decorator to 2023-07-08T19:35:52.933274+00:00, run_after=2023-07-09T19:35:52.933274+00:00
[2023-07-09T19:35:52.954+0000] {processor.py:179} INFO - Processing /home/airflow/.local/lib/python3.7/site-packages/airflow/example_dags/example_task_group_decorator.py took 0.086 seconds
[2023-07-09T19:36:23.067+0000] {processor.py:157} INFO - Started process (PID=4388) to work on /home/airflow/.local/lib/python3.7/site-packages/airflow/example_dags/example_task_group_decorator.py
[2023-07-09T19:36:23.068+0000] {processor.py:826} INFO - Processing file /home/airflow/.local/lib/python3.7/site-packages/airflow/example_dags/example_task_group_decorator.py for tasks to queue
[2023-07-09T19:36:23.069+0000] {logging_mixin.py:149} INFO - [2023-07-09T19:36:23.069+0000] {dagbag.py:541} INFO - Filling up the DagBag from /home/airflow/.local/lib/python3.7/site-packages/airflow/example_dags/example_task_group_decorator.py
[2023-07-09T19:36:23.082+0000] {processor.py:836} INFO - DAG(s) dict_keys(['example_task_group_decorator']) retrieved from /home/airflow/.local/lib/python3.7/site-packages/airflow/example_dags/example_task_group_decorator.py
[2023-07-09T19:36:23.114+0000] {logging_mixin.py:149} INFO - [2023-07-09T19:36:23.114+0000] {dag.py:2726} INFO - Sync 1 DAGs
[2023-07-09T19:36:23.142+0000] {logging_mixin.py:149} INFO - [2023-07-09T19:36:23.142+0000] {dag.py:3490} INFO - Setting next_dagrun for example_task_group_decorator to 2023-07-08T19:36:23.141806+00:00, run_after=2023-07-09T19:36:23.141806+00:00
[2023-07-09T19:36:23.166+0000] {processor.py:179} INFO - Processing /home/airflow/.local/lib/python3.7/site-packages/airflow/example_dags/example_task_group_decorator.py took 0.102 seconds
[2023-07-09T19:36:53.381+0000] {processor.py:157} INFO - Started process (PID=4450) to work on /home/airflow/.local/lib/python3.7/site-packages/airflow/example_dags/example_task_group_decorator.py
[2023-07-09T19:36:53.382+0000] {processor.py:826} INFO - Processing file /home/airflow/.local/lib/python3.7/site-packages/airflow/example_dags/example_task_group_decorator.py for tasks to queue
[2023-07-09T19:36:53.383+0000] {logging_mixin.py:149} INFO - [2023-07-09T19:36:53.383+0000] {dagbag.py:541} INFO - Filling up the DagBag from /home/airflow/.local/lib/python3.7/site-packages/airflow/example_dags/example_task_group_decorator.py
[2023-07-09T19:36:53.395+0000] {processor.py:836} INFO - DAG(s) dict_keys(['example_task_group_decorator']) retrieved from /home/airflow/.local/lib/python3.7/site-packages/airflow/example_dags/example_task_group_decorator.py
[2023-07-09T19:36:53.422+0000] {logging_mixin.py:149} INFO - [2023-07-09T19:36:53.421+0000] {dag.py:2726} INFO - Sync 1 DAGs
[2023-07-09T19:36:53.448+0000] {logging_mixin.py:149} INFO - [2023-07-09T19:36:53.447+0000] {dag.py:3490} INFO - Setting next_dagrun for example_task_group_decorator to 2023-07-08T19:36:53.447773+00:00, run_after=2023-07-09T19:36:53.447773+00:00
[2023-07-09T19:36:53.470+0000] {processor.py:179} INFO - Processing /home/airflow/.local/lib/python3.7/site-packages/airflow/example_dags/example_task_group_decorator.py took 0.091 seconds
[2023-07-09T19:37:23.646+0000] {processor.py:157} INFO - Started process (PID=4512) to work on /home/airflow/.local/lib/python3.7/site-packages/airflow/example_dags/example_task_group_decorator.py
[2023-07-09T19:37:23.647+0000] {processor.py:826} INFO - Processing file /home/airflow/.local/lib/python3.7/site-packages/airflow/example_dags/example_task_group_decorator.py for tasks to queue
[2023-07-09T19:37:23.648+0000] {logging_mixin.py:149} INFO - [2023-07-09T19:37:23.648+0000] {dagbag.py:541} INFO - Filling up the DagBag from /home/airflow/.local/lib/python3.7/site-packages/airflow/example_dags/example_task_group_decorator.py
[2023-07-09T19:37:23.661+0000] {processor.py:836} INFO - DAG(s) dict_keys(['example_task_group_decorator']) retrieved from /home/airflow/.local/lib/python3.7/site-packages/airflow/example_dags/example_task_group_decorator.py
[2023-07-09T19:37:23.690+0000] {logging_mixin.py:149} INFO - [2023-07-09T19:37:23.689+0000] {dag.py:2726} INFO - Sync 1 DAGs
[2023-07-09T19:37:23.713+0000] {logging_mixin.py:149} INFO - [2023-07-09T19:37:23.713+0000] {dag.py:3490} INFO - Setting next_dagrun for example_task_group_decorator to 2023-07-08T19:37:23.713528+00:00, run_after=2023-07-09T19:37:23.713528+00:00
[2023-07-09T19:37:23.739+0000] {processor.py:179} INFO - Processing /home/airflow/.local/lib/python3.7/site-packages/airflow/example_dags/example_task_group_decorator.py took 0.095 seconds
[2023-07-09T19:37:53.967+0000] {processor.py:157} INFO - Started process (PID=4574) to work on /home/airflow/.local/lib/python3.7/site-packages/airflow/example_dags/example_task_group_decorator.py
[2023-07-09T19:37:53.968+0000] {processor.py:826} INFO - Processing file /home/airflow/.local/lib/python3.7/site-packages/airflow/example_dags/example_task_group_decorator.py for tasks to queue
[2023-07-09T19:37:53.969+0000] {logging_mixin.py:149} INFO - [2023-07-09T19:37:53.968+0000] {dagbag.py:541} INFO - Filling up the DagBag from /home/airflow/.local/lib/python3.7/site-packages/airflow/example_dags/example_task_group_decorator.py
[2023-07-09T19:37:53.982+0000] {processor.py:836} INFO - DAG(s) dict_keys(['example_task_group_decorator']) retrieved from /home/airflow/.local/lib/python3.7/site-packages/airflow/example_dags/example_task_group_decorator.py
[2023-07-09T19:37:54.009+0000] {logging_mixin.py:149} INFO - [2023-07-09T19:37:54.009+0000] {dag.py:2726} INFO - Sync 1 DAGs
[2023-07-09T19:37:54.035+0000] {logging_mixin.py:149} INFO - [2023-07-09T19:37:54.035+0000] {dag.py:3490} INFO - Setting next_dagrun for example_task_group_decorator to 2023-07-08T19:37:54.035298+00:00, run_after=2023-07-09T19:37:54.035298+00:00
[2023-07-09T19:37:54.058+0000] {processor.py:179} INFO - Processing /home/airflow/.local/lib/python3.7/site-packages/airflow/example_dags/example_task_group_decorator.py took 0.094 seconds
[2023-07-09T19:38:24.337+0000] {processor.py:157} INFO - Started process (PID=4636) to work on /home/airflow/.local/lib/python3.7/site-packages/airflow/example_dags/example_task_group_decorator.py
[2023-07-09T19:38:24.338+0000] {processor.py:826} INFO - Processing file /home/airflow/.local/lib/python3.7/site-packages/airflow/example_dags/example_task_group_decorator.py for tasks to queue
[2023-07-09T19:38:24.339+0000] {logging_mixin.py:149} INFO - [2023-07-09T19:38:24.339+0000] {dagbag.py:541} INFO - Filling up the DagBag from /home/airflow/.local/lib/python3.7/site-packages/airflow/example_dags/example_task_group_decorator.py
[2023-07-09T19:38:24.356+0000] {processor.py:836} INFO - DAG(s) dict_keys(['example_task_group_decorator']) retrieved from /home/airflow/.local/lib/python3.7/site-packages/airflow/example_dags/example_task_group_decorator.py
[2023-07-09T19:38:24.385+0000] {logging_mixin.py:149} INFO - [2023-07-09T19:38:24.385+0000] {dag.py:2726} INFO - Sync 1 DAGs
[2023-07-09T19:38:24.412+0000] {logging_mixin.py:149} INFO - [2023-07-09T19:38:24.412+0000] {dag.py:3490} INFO - Setting next_dagrun for example_task_group_decorator to 2023-07-08T19:38:24.412015+00:00, run_after=2023-07-09T19:38:24.412015+00:00
[2023-07-09T19:38:24.437+0000] {processor.py:179} INFO - Processing /home/airflow/.local/lib/python3.7/site-packages/airflow/example_dags/example_task_group_decorator.py took 0.102 seconds
[2023-07-09T19:38:54.534+0000] {processor.py:157} INFO - Started process (PID=4698) to work on /home/airflow/.local/lib/python3.7/site-packages/airflow/example_dags/example_task_group_decorator.py
[2023-07-09T19:38:54.535+0000] {processor.py:826} INFO - Processing file /home/airflow/.local/lib/python3.7/site-packages/airflow/example_dags/example_task_group_decorator.py for tasks to queue
[2023-07-09T19:38:54.536+0000] {logging_mixin.py:149} INFO - [2023-07-09T19:38:54.536+0000] {dagbag.py:541} INFO - Filling up the DagBag from /home/airflow/.local/lib/python3.7/site-packages/airflow/example_dags/example_task_group_decorator.py
[2023-07-09T19:38:54.553+0000] {processor.py:836} INFO - DAG(s) dict_keys(['example_task_group_decorator']) retrieved from /home/airflow/.local/lib/python3.7/site-packages/airflow/example_dags/example_task_group_decorator.py
[2023-07-09T19:38:54.586+0000] {logging_mixin.py:149} INFO - [2023-07-09T19:38:54.585+0000] {dag.py:2726} INFO - Sync 1 DAGs
[2023-07-09T19:38:54.614+0000] {logging_mixin.py:149} INFO - [2023-07-09T19:38:54.613+0000] {dag.py:3490} INFO - Setting next_dagrun for example_task_group_decorator to 2023-07-08T19:38:54.613589+00:00, run_after=2023-07-09T19:38:54.613589+00:00
[2023-07-09T19:38:54.638+0000] {processor.py:179} INFO - Processing /home/airflow/.local/lib/python3.7/site-packages/airflow/example_dags/example_task_group_decorator.py took 0.110 seconds
[2023-07-09T19:39:25.008+0000] {processor.py:157} INFO - Started process (PID=4760) to work on /home/airflow/.local/lib/python3.7/site-packages/airflow/example_dags/example_task_group_decorator.py
[2023-07-09T19:39:25.009+0000] {processor.py:826} INFO - Processing file /home/airflow/.local/lib/python3.7/site-packages/airflow/example_dags/example_task_group_decorator.py for tasks to queue
[2023-07-09T19:39:25.010+0000] {logging_mixin.py:149} INFO - [2023-07-09T19:39:25.010+0000] {dagbag.py:541} INFO - Filling up the DagBag from /home/airflow/.local/lib/python3.7/site-packages/airflow/example_dags/example_task_group_decorator.py
[2023-07-09T19:39:25.028+0000] {processor.py:836} INFO - DAG(s) dict_keys(['example_task_group_decorator']) retrieved from /home/airflow/.local/lib/python3.7/site-packages/airflow/example_dags/example_task_group_decorator.py
[2023-07-09T19:39:25.062+0000] {logging_mixin.py:149} INFO - [2023-07-09T19:39:25.062+0000] {dag.py:2726} INFO - Sync 1 DAGs
[2023-07-09T19:39:25.089+0000] {logging_mixin.py:149} INFO - [2023-07-09T19:39:25.088+0000] {dag.py:3490} INFO - Setting next_dagrun for example_task_group_decorator to 2023-07-08T19:39:25.088750+00:00, run_after=2023-07-09T19:39:25.088750+00:00
[2023-07-09T19:39:25.111+0000] {processor.py:179} INFO - Processing /home/airflow/.local/lib/python3.7/site-packages/airflow/example_dags/example_task_group_decorator.py took 0.106 seconds
[2023-07-09T19:39:55.439+0000] {processor.py:157} INFO - Started process (PID=4822) to work on /home/airflow/.local/lib/python3.7/site-packages/airflow/example_dags/example_task_group_decorator.py
[2023-07-09T19:39:55.441+0000] {processor.py:826} INFO - Processing file /home/airflow/.local/lib/python3.7/site-packages/airflow/example_dags/example_task_group_decorator.py for tasks to queue
[2023-07-09T19:39:55.443+0000] {logging_mixin.py:149} INFO - [2023-07-09T19:39:55.442+0000] {dagbag.py:541} INFO - Filling up the DagBag from /home/airflow/.local/lib/python3.7/site-packages/airflow/example_dags/example_task_group_decorator.py
[2023-07-09T19:39:55.461+0000] {processor.py:836} INFO - DAG(s) dict_keys(['example_task_group_decorator']) retrieved from /home/airflow/.local/lib/python3.7/site-packages/airflow/example_dags/example_task_group_decorator.py
[2023-07-09T19:39:55.509+0000] {logging_mixin.py:149} INFO - [2023-07-09T19:39:55.509+0000] {dag.py:2726} INFO - Sync 1 DAGs
[2023-07-09T19:39:55.563+0000] {logging_mixin.py:149} INFO - [2023-07-09T19:39:55.562+0000] {dag.py:3490} INFO - Setting next_dagrun for example_task_group_decorator to 2023-07-08T19:39:55.562473+00:00, run_after=2023-07-09T19:39:55.562473+00:00
[2023-07-09T19:39:55.612+0000] {processor.py:179} INFO - Processing /home/airflow/.local/lib/python3.7/site-packages/airflow/example_dags/example_task_group_decorator.py took 0.177 seconds
[2023-07-09T19:40:25.691+0000] {processor.py:157} INFO - Started process (PID=4884) to work on /home/airflow/.local/lib/python3.7/site-packages/airflow/example_dags/example_task_group_decorator.py
[2023-07-09T19:40:25.692+0000] {processor.py:826} INFO - Processing file /home/airflow/.local/lib/python3.7/site-packages/airflow/example_dags/example_task_group_decorator.py for tasks to queue
[2023-07-09T19:40:25.693+0000] {logging_mixin.py:149} INFO - [2023-07-09T19:40:25.693+0000] {dagbag.py:541} INFO - Filling up the DagBag from /home/airflow/.local/lib/python3.7/site-packages/airflow/example_dags/example_task_group_decorator.py
[2023-07-09T19:40:25.705+0000] {processor.py:836} INFO - DAG(s) dict_keys(['example_task_group_decorator']) retrieved from /home/airflow/.local/lib/python3.7/site-packages/airflow/example_dags/example_task_group_decorator.py
[2023-07-09T19:40:25.734+0000] {logging_mixin.py:149} INFO - [2023-07-09T19:40:25.734+0000] {dag.py:2726} INFO - Sync 1 DAGs
[2023-07-09T19:40:25.755+0000] {logging_mixin.py:149} INFO - [2023-07-09T19:40:25.755+0000] {dag.py:3490} INFO - Setting next_dagrun for example_task_group_decorator to 2023-07-08T19:40:25.755448+00:00, run_after=2023-07-09T19:40:25.755448+00:00
[2023-07-09T19:40:25.777+0000] {processor.py:179} INFO - Processing /home/airflow/.local/lib/python3.7/site-packages/airflow/example_dags/example_task_group_decorator.py took 0.089 seconds
[2023-07-09T19:40:56.081+0000] {processor.py:157} INFO - Started process (PID=4946) to work on /home/airflow/.local/lib/python3.7/site-packages/airflow/example_dags/example_task_group_decorator.py
[2023-07-09T19:40:56.082+0000] {processor.py:826} INFO - Processing file /home/airflow/.local/lib/python3.7/site-packages/airflow/example_dags/example_task_group_decorator.py for tasks to queue
[2023-07-09T19:40:56.083+0000] {logging_mixin.py:149} INFO - [2023-07-09T19:40:56.082+0000] {dagbag.py:541} INFO - Filling up the DagBag from /home/airflow/.local/lib/python3.7/site-packages/airflow/example_dags/example_task_group_decorator.py
[2023-07-09T19:40:56.095+0000] {processor.py:836} INFO - DAG(s) dict_keys(['example_task_group_decorator']) retrieved from /home/airflow/.local/lib/python3.7/site-packages/airflow/example_dags/example_task_group_decorator.py
[2023-07-09T19:40:56.122+0000] {logging_mixin.py:149} INFO - [2023-07-09T19:40:56.122+0000] {dag.py:2726} INFO - Sync 1 DAGs
[2023-07-09T19:40:56.144+0000] {logging_mixin.py:149} INFO - [2023-07-09T19:40:56.144+0000] {dag.py:3490} INFO - Setting next_dagrun for example_task_group_decorator to 2023-07-08T19:40:56.144492+00:00, run_after=2023-07-09T19:40:56.144492+00:00
[2023-07-09T19:40:56.167+0000] {processor.py:179} INFO - Processing /home/airflow/.local/lib/python3.7/site-packages/airflow/example_dags/example_task_group_decorator.py took 0.089 seconds
[2023-07-09T23:59:30.643+0000] {processor.py:157} INFO - Started process (PID=5034) to work on /home/airflow/.local/lib/python3.7/site-packages/airflow/example_dags/example_task_group_decorator.py
[2023-07-09T23:59:30.644+0000] {processor.py:826} INFO - Processing file /home/airflow/.local/lib/python3.7/site-packages/airflow/example_dags/example_task_group_decorator.py for tasks to queue
[2023-07-09T23:59:30.645+0000] {logging_mixin.py:149} INFO - [2023-07-09T23:59:30.645+0000] {dagbag.py:541} INFO - Filling up the DagBag from /home/airflow/.local/lib/python3.7/site-packages/airflow/example_dags/example_task_group_decorator.py
[2023-07-09T23:59:30.664+0000] {processor.py:836} INFO - DAG(s) dict_keys(['example_task_group_decorator']) retrieved from /home/airflow/.local/lib/python3.7/site-packages/airflow/example_dags/example_task_group_decorator.py
[2023-07-09T23:59:30.707+0000] {logging_mixin.py:149} INFO - [2023-07-09T23:59:30.706+0000] {dag.py:2726} INFO - Sync 1 DAGs
[2023-07-09T23:59:30.733+0000] {logging_mixin.py:149} INFO - [2023-07-09T23:59:30.733+0000] {dag.py:3490} INFO - Setting next_dagrun for example_task_group_decorator to 2023-07-08T23:59:30.733365+00:00, run_after=2023-07-09T23:59:30.733365+00:00
[2023-07-09T23:59:30.761+0000] {processor.py:179} INFO - Processing /home/airflow/.local/lib/python3.7/site-packages/airflow/example_dags/example_task_group_decorator.py took 0.122 seconds
