[2023-07-09T19:06:56.682+0000] {processor.py:157} INFO - Started process (PID=813) to work on /home/airflow/.local/lib/python3.7/site-packages/airflow/example_dags/example_local_kubernetes_executor.py
[2023-07-09T19:06:56.684+0000] {processor.py:826} INFO - Processing file /home/airflow/.local/lib/python3.7/site-packages/airflow/example_dags/example_local_kubernetes_executor.py for tasks to queue
[2023-07-09T19:06:56.684+0000] {logging_mixin.py:149} INFO - [2023-07-09T19:06:56.684+0000] {dagbag.py:541} INFO - Filling up the DagBag from /home/airflow/.local/lib/python3.7/site-packages/airflow/example_dags/example_local_kubernetes_executor.py
[2023-07-09T19:06:56.868+0000] {processor.py:836} INFO - DAG(s) dict_keys(['example_local_kubernetes_executor']) retrieved from /home/airflow/.local/lib/python3.7/site-packages/airflow/example_dags/example_local_kubernetes_executor.py
[2023-07-09T19:06:56.906+0000] {logging_mixin.py:149} INFO - [2023-07-09T19:06:56.906+0000] {dag.py:2726} INFO - Sync 1 DAGs
[2023-07-09T19:06:56.931+0000] {logging_mixin.py:149} INFO - [2023-07-09T19:06:56.931+0000] {dag.py:3490} INFO - Setting next_dagrun for example_local_kubernetes_executor to None, run_after=None
[2023-07-09T19:06:56.953+0000] {processor.py:179} INFO - Processing /home/airflow/.local/lib/python3.7/site-packages/airflow/example_dags/example_local_kubernetes_executor.py took 0.274 seconds
[2023-07-09T19:07:26.988+0000] {processor.py:157} INFO - Started process (PID=874) to work on /home/airflow/.local/lib/python3.7/site-packages/airflow/example_dags/example_local_kubernetes_executor.py
[2023-07-09T19:07:26.989+0000] {processor.py:826} INFO - Processing file /home/airflow/.local/lib/python3.7/site-packages/airflow/example_dags/example_local_kubernetes_executor.py for tasks to queue
[2023-07-09T19:07:26.990+0000] {logging_mixin.py:149} INFO - [2023-07-09T19:07:26.990+0000] {dagbag.py:541} INFO - Filling up the DagBag from /home/airflow/.local/lib/python3.7/site-packages/airflow/example_dags/example_local_kubernetes_executor.py
[2023-07-09T19:07:27.202+0000] {processor.py:836} INFO - DAG(s) dict_keys(['example_local_kubernetes_executor']) retrieved from /home/airflow/.local/lib/python3.7/site-packages/airflow/example_dags/example_local_kubernetes_executor.py
[2023-07-09T19:07:27.240+0000] {logging_mixin.py:149} INFO - [2023-07-09T19:07:27.240+0000] {dag.py:2726} INFO - Sync 1 DAGs
[2023-07-09T19:07:27.265+0000] {logging_mixin.py:149} INFO - [2023-07-09T19:07:27.265+0000] {dag.py:3490} INFO - Setting next_dagrun for example_local_kubernetes_executor to None, run_after=None
[2023-07-09T19:07:27.286+0000] {processor.py:179} INFO - Processing /home/airflow/.local/lib/python3.7/site-packages/airflow/example_dags/example_local_kubernetes_executor.py took 0.300 seconds
[2023-07-09T19:07:57.348+0000] {processor.py:157} INFO - Started process (PID=935) to work on /home/airflow/.local/lib/python3.7/site-packages/airflow/example_dags/example_local_kubernetes_executor.py
[2023-07-09T19:07:57.349+0000] {processor.py:826} INFO - Processing file /home/airflow/.local/lib/python3.7/site-packages/airflow/example_dags/example_local_kubernetes_executor.py for tasks to queue
[2023-07-09T19:07:57.349+0000] {logging_mixin.py:149} INFO - [2023-07-09T19:07:57.349+0000] {dagbag.py:541} INFO - Filling up the DagBag from /home/airflow/.local/lib/python3.7/site-packages/airflow/example_dags/example_local_kubernetes_executor.py
[2023-07-09T19:07:58.580+0000] {processor.py:836} INFO - DAG(s) dict_keys(['example_local_kubernetes_executor']) retrieved from /home/airflow/.local/lib/python3.7/site-packages/airflow/example_dags/example_local_kubernetes_executor.py
[2023-07-09T19:07:58.615+0000] {logging_mixin.py:149} INFO - [2023-07-09T19:07:58.615+0000] {dag.py:2726} INFO - Sync 1 DAGs
[2023-07-09T19:07:58.644+0000] {logging_mixin.py:149} INFO - [2023-07-09T19:07:58.643+0000] {dag.py:3490} INFO - Setting next_dagrun for example_local_kubernetes_executor to None, run_after=None
[2023-07-09T19:07:58.664+0000] {processor.py:179} INFO - Processing /home/airflow/.local/lib/python3.7/site-packages/airflow/example_dags/example_local_kubernetes_executor.py took 1.321 seconds
[2023-07-09T19:08:28.835+0000] {processor.py:157} INFO - Started process (PID=1002) to work on /home/airflow/.local/lib/python3.7/site-packages/airflow/example_dags/example_local_kubernetes_executor.py
[2023-07-09T19:08:28.836+0000] {processor.py:826} INFO - Processing file /home/airflow/.local/lib/python3.7/site-packages/airflow/example_dags/example_local_kubernetes_executor.py for tasks to queue
[2023-07-09T19:08:28.837+0000] {logging_mixin.py:149} INFO - [2023-07-09T19:08:28.837+0000] {dagbag.py:541} INFO - Filling up the DagBag from /home/airflow/.local/lib/python3.7/site-packages/airflow/example_dags/example_local_kubernetes_executor.py
[2023-07-09T19:08:29.034+0000] {processor.py:836} INFO - DAG(s) dict_keys(['example_local_kubernetes_executor']) retrieved from /home/airflow/.local/lib/python3.7/site-packages/airflow/example_dags/example_local_kubernetes_executor.py
[2023-07-09T19:08:29.049+0000] {logging_mixin.py:149} INFO - [2023-07-09T19:08:29.049+0000] {dag.py:2726} INFO - Sync 1 DAGs
[2023-07-09T19:08:29.075+0000] {logging_mixin.py:149} INFO - [2023-07-09T19:08:29.075+0000] {dag.py:3490} INFO - Setting next_dagrun for example_local_kubernetes_executor to None, run_after=None
[2023-07-09T19:08:29.100+0000] {processor.py:179} INFO - Processing /home/airflow/.local/lib/python3.7/site-packages/airflow/example_dags/example_local_kubernetes_executor.py took 0.268 seconds
[2023-07-09T19:08:59.278+0000] {processor.py:157} INFO - Started process (PID=1063) to work on /home/airflow/.local/lib/python3.7/site-packages/airflow/example_dags/example_local_kubernetes_executor.py
[2023-07-09T19:08:59.279+0000] {processor.py:826} INFO - Processing file /home/airflow/.local/lib/python3.7/site-packages/airflow/example_dags/example_local_kubernetes_executor.py for tasks to queue
[2023-07-09T19:08:59.280+0000] {logging_mixin.py:149} INFO - [2023-07-09T19:08:59.280+0000] {dagbag.py:541} INFO - Filling up the DagBag from /home/airflow/.local/lib/python3.7/site-packages/airflow/example_dags/example_local_kubernetes_executor.py
[2023-07-09T19:08:59.470+0000] {processor.py:836} INFO - DAG(s) dict_keys(['example_local_kubernetes_executor']) retrieved from /home/airflow/.local/lib/python3.7/site-packages/airflow/example_dags/example_local_kubernetes_executor.py
[2023-07-09T19:08:59.506+0000] {logging_mixin.py:149} INFO - [2023-07-09T19:08:59.506+0000] {dag.py:2726} INFO - Sync 1 DAGs
[2023-07-09T19:08:59.530+0000] {logging_mixin.py:149} INFO - [2023-07-09T19:08:59.530+0000] {dag.py:3490} INFO - Setting next_dagrun for example_local_kubernetes_executor to None, run_after=None
[2023-07-09T19:08:59.556+0000] {processor.py:179} INFO - Processing /home/airflow/.local/lib/python3.7/site-packages/airflow/example_dags/example_local_kubernetes_executor.py took 0.281 seconds
[2023-07-09T19:09:29.916+0000] {processor.py:157} INFO - Started process (PID=1118) to work on /home/airflow/.local/lib/python3.7/site-packages/airflow/example_dags/example_local_kubernetes_executor.py
[2023-07-09T19:09:29.917+0000] {processor.py:826} INFO - Processing file /home/airflow/.local/lib/python3.7/site-packages/airflow/example_dags/example_local_kubernetes_executor.py for tasks to queue
[2023-07-09T19:09:29.918+0000] {logging_mixin.py:149} INFO - [2023-07-09T19:09:29.918+0000] {dagbag.py:541} INFO - Filling up the DagBag from /home/airflow/.local/lib/python3.7/site-packages/airflow/example_dags/example_local_kubernetes_executor.py
[2023-07-09T19:09:30.157+0000] {processor.py:836} INFO - DAG(s) dict_keys(['example_local_kubernetes_executor']) retrieved from /home/airflow/.local/lib/python3.7/site-packages/airflow/example_dags/example_local_kubernetes_executor.py
[2023-07-09T19:09:30.169+0000] {logging_mixin.py:149} INFO - [2023-07-09T19:09:30.169+0000] {dag.py:2726} INFO - Sync 1 DAGs
[2023-07-09T19:09:30.200+0000] {logging_mixin.py:149} INFO - [2023-07-09T19:09:30.200+0000] {dag.py:3490} INFO - Setting next_dagrun for example_local_kubernetes_executor to None, run_after=None
[2023-07-09T19:09:30.222+0000] {processor.py:179} INFO - Processing /home/airflow/.local/lib/python3.7/site-packages/airflow/example_dags/example_local_kubernetes_executor.py took 0.310 seconds
[2023-07-09T19:10:00.349+0000] {processor.py:157} INFO - Started process (PID=1181) to work on /home/airflow/.local/lib/python3.7/site-packages/airflow/example_dags/example_local_kubernetes_executor.py
[2023-07-09T19:10:00.350+0000] {processor.py:826} INFO - Processing file /home/airflow/.local/lib/python3.7/site-packages/airflow/example_dags/example_local_kubernetes_executor.py for tasks to queue
[2023-07-09T19:10:00.352+0000] {logging_mixin.py:149} INFO - [2023-07-09T19:10:00.352+0000] {dagbag.py:541} INFO - Filling up the DagBag from /home/airflow/.local/lib/python3.7/site-packages/airflow/example_dags/example_local_kubernetes_executor.py
[2023-07-09T19:10:00.549+0000] {processor.py:836} INFO - DAG(s) dict_keys(['example_local_kubernetes_executor']) retrieved from /home/airflow/.local/lib/python3.7/site-packages/airflow/example_dags/example_local_kubernetes_executor.py
[2023-07-09T19:10:00.588+0000] {logging_mixin.py:149} INFO - [2023-07-09T19:10:00.587+0000] {dag.py:2726} INFO - Sync 1 DAGs
[2023-07-09T19:10:00.610+0000] {logging_mixin.py:149} INFO - [2023-07-09T19:10:00.610+0000] {dag.py:3490} INFO - Setting next_dagrun for example_local_kubernetes_executor to None, run_after=None
[2023-07-09T19:10:00.632+0000] {processor.py:179} INFO - Processing /home/airflow/.local/lib/python3.7/site-packages/airflow/example_dags/example_local_kubernetes_executor.py took 0.286 seconds
[2023-07-09T19:10:31.615+0000] {processor.py:157} INFO - Started process (PID=1244) to work on /home/airflow/.local/lib/python3.7/site-packages/airflow/example_dags/example_local_kubernetes_executor.py
[2023-07-09T19:10:31.617+0000] {processor.py:826} INFO - Processing file /home/airflow/.local/lib/python3.7/site-packages/airflow/example_dags/example_local_kubernetes_executor.py for tasks to queue
[2023-07-09T19:10:31.617+0000] {logging_mixin.py:149} INFO - [2023-07-09T19:10:31.617+0000] {dagbag.py:541} INFO - Filling up the DagBag from /home/airflow/.local/lib/python3.7/site-packages/airflow/example_dags/example_local_kubernetes_executor.py
[2023-07-09T19:10:31.797+0000] {processor.py:836} INFO - DAG(s) dict_keys(['example_local_kubernetes_executor']) retrieved from /home/airflow/.local/lib/python3.7/site-packages/airflow/example_dags/example_local_kubernetes_executor.py
[2023-07-09T19:10:31.830+0000] {logging_mixin.py:149} INFO - [2023-07-09T19:10:31.830+0000] {dag.py:2726} INFO - Sync 1 DAGs
[2023-07-09T19:10:31.853+0000] {logging_mixin.py:149} INFO - [2023-07-09T19:10:31.853+0000] {dag.py:3490} INFO - Setting next_dagrun for example_local_kubernetes_executor to None, run_after=None
[2023-07-09T19:10:31.876+0000] {processor.py:179} INFO - Processing /home/airflow/.local/lib/python3.7/site-packages/airflow/example_dags/example_local_kubernetes_executor.py took 0.265 seconds
[2023-07-09T19:11:02.186+0000] {processor.py:157} INFO - Started process (PID=1305) to work on /home/airflow/.local/lib/python3.7/site-packages/airflow/example_dags/example_local_kubernetes_executor.py
[2023-07-09T19:11:02.187+0000] {processor.py:826} INFO - Processing file /home/airflow/.local/lib/python3.7/site-packages/airflow/example_dags/example_local_kubernetes_executor.py for tasks to queue
[2023-07-09T19:11:02.188+0000] {logging_mixin.py:149} INFO - [2023-07-09T19:11:02.188+0000] {dagbag.py:541} INFO - Filling up the DagBag from /home/airflow/.local/lib/python3.7/site-packages/airflow/example_dags/example_local_kubernetes_executor.py
[2023-07-09T19:11:02.437+0000] {processor.py:836} INFO - DAG(s) dict_keys(['example_local_kubernetes_executor']) retrieved from /home/airflow/.local/lib/python3.7/site-packages/airflow/example_dags/example_local_kubernetes_executor.py
[2023-07-09T19:11:02.472+0000] {logging_mixin.py:149} INFO - [2023-07-09T19:11:02.472+0000] {dag.py:2726} INFO - Sync 1 DAGs
[2023-07-09T19:11:02.495+0000] {logging_mixin.py:149} INFO - [2023-07-09T19:11:02.495+0000] {dag.py:3490} INFO - Setting next_dagrun for example_local_kubernetes_executor to None, run_after=None
[2023-07-09T19:11:02.516+0000] {processor.py:179} INFO - Processing /home/airflow/.local/lib/python3.7/site-packages/airflow/example_dags/example_local_kubernetes_executor.py took 0.333 seconds
[2023-07-09T19:11:33.442+0000] {processor.py:157} INFO - Started process (PID=1368) to work on /home/airflow/.local/lib/python3.7/site-packages/airflow/example_dags/example_local_kubernetes_executor.py
[2023-07-09T19:11:33.443+0000] {processor.py:826} INFO - Processing file /home/airflow/.local/lib/python3.7/site-packages/airflow/example_dags/example_local_kubernetes_executor.py for tasks to queue
[2023-07-09T19:11:33.443+0000] {logging_mixin.py:149} INFO - [2023-07-09T19:11:33.443+0000] {dagbag.py:541} INFO - Filling up the DagBag from /home/airflow/.local/lib/python3.7/site-packages/airflow/example_dags/example_local_kubernetes_executor.py
[2023-07-09T19:11:33.611+0000] {processor.py:836} INFO - DAG(s) dict_keys(['example_local_kubernetes_executor']) retrieved from /home/airflow/.local/lib/python3.7/site-packages/airflow/example_dags/example_local_kubernetes_executor.py
[2023-07-09T19:11:33.643+0000] {logging_mixin.py:149} INFO - [2023-07-09T19:11:33.643+0000] {dag.py:2726} INFO - Sync 1 DAGs
[2023-07-09T19:11:33.666+0000] {logging_mixin.py:149} INFO - [2023-07-09T19:11:33.666+0000] {dag.py:3490} INFO - Setting next_dagrun for example_local_kubernetes_executor to None, run_after=None
[2023-07-09T19:11:33.694+0000] {processor.py:179} INFO - Processing /home/airflow/.local/lib/python3.7/site-packages/airflow/example_dags/example_local_kubernetes_executor.py took 0.255 seconds
[2023-07-09T19:12:04.604+0000] {processor.py:157} INFO - Started process (PID=1429) to work on /home/airflow/.local/lib/python3.7/site-packages/airflow/example_dags/example_local_kubernetes_executor.py
[2023-07-09T19:12:04.605+0000] {processor.py:826} INFO - Processing file /home/airflow/.local/lib/python3.7/site-packages/airflow/example_dags/example_local_kubernetes_executor.py for tasks to queue
[2023-07-09T19:12:04.606+0000] {logging_mixin.py:149} INFO - [2023-07-09T19:12:04.606+0000] {dagbag.py:541} INFO - Filling up the DagBag from /home/airflow/.local/lib/python3.7/site-packages/airflow/example_dags/example_local_kubernetes_executor.py
[2023-07-09T19:12:04.777+0000] {processor.py:836} INFO - DAG(s) dict_keys(['example_local_kubernetes_executor']) retrieved from /home/airflow/.local/lib/python3.7/site-packages/airflow/example_dags/example_local_kubernetes_executor.py
[2023-07-09T19:12:04.789+0000] {logging_mixin.py:149} INFO - [2023-07-09T19:12:04.789+0000] {dag.py:2726} INFO - Sync 1 DAGs
[2023-07-09T19:12:04.816+0000] {logging_mixin.py:149} INFO - [2023-07-09T19:12:04.815+0000] {dag.py:3490} INFO - Setting next_dagrun for example_local_kubernetes_executor to None, run_after=None
[2023-07-09T19:12:04.837+0000] {processor.py:179} INFO - Processing /home/airflow/.local/lib/python3.7/site-packages/airflow/example_dags/example_local_kubernetes_executor.py took 0.236 seconds
[2023-07-09T19:12:35.450+0000] {processor.py:157} INFO - Started process (PID=1491) to work on /home/airflow/.local/lib/python3.7/site-packages/airflow/example_dags/example_local_kubernetes_executor.py
[2023-07-09T19:12:35.451+0000] {processor.py:826} INFO - Processing file /home/airflow/.local/lib/python3.7/site-packages/airflow/example_dags/example_local_kubernetes_executor.py for tasks to queue
[2023-07-09T19:12:35.452+0000] {logging_mixin.py:149} INFO - [2023-07-09T19:12:35.452+0000] {dagbag.py:541} INFO - Filling up the DagBag from /home/airflow/.local/lib/python3.7/site-packages/airflow/example_dags/example_local_kubernetes_executor.py
[2023-07-09T19:12:35.621+0000] {processor.py:836} INFO - DAG(s) dict_keys(['example_local_kubernetes_executor']) retrieved from /home/airflow/.local/lib/python3.7/site-packages/airflow/example_dags/example_local_kubernetes_executor.py
[2023-07-09T19:12:35.633+0000] {logging_mixin.py:149} INFO - [2023-07-09T19:12:35.633+0000] {dag.py:2726} INFO - Sync 1 DAGs
[2023-07-09T19:12:35.655+0000] {logging_mixin.py:149} INFO - [2023-07-09T19:12:35.654+0000] {dag.py:3490} INFO - Setting next_dagrun for example_local_kubernetes_executor to None, run_after=None
[2023-07-09T19:12:35.679+0000] {processor.py:179} INFO - Processing /home/airflow/.local/lib/python3.7/site-packages/airflow/example_dags/example_local_kubernetes_executor.py took 0.232 seconds
[2023-07-09T19:13:05.731+0000] {processor.py:157} INFO - Started process (PID=1552) to work on /home/airflow/.local/lib/python3.7/site-packages/airflow/example_dags/example_local_kubernetes_executor.py
[2023-07-09T19:13:05.732+0000] {processor.py:826} INFO - Processing file /home/airflow/.local/lib/python3.7/site-packages/airflow/example_dags/example_local_kubernetes_executor.py for tasks to queue
[2023-07-09T19:13:05.733+0000] {logging_mixin.py:149} INFO - [2023-07-09T19:13:05.733+0000] {dagbag.py:541} INFO - Filling up the DagBag from /home/airflow/.local/lib/python3.7/site-packages/airflow/example_dags/example_local_kubernetes_executor.py
[2023-07-09T19:13:05.911+0000] {processor.py:836} INFO - DAG(s) dict_keys(['example_local_kubernetes_executor']) retrieved from /home/airflow/.local/lib/python3.7/site-packages/airflow/example_dags/example_local_kubernetes_executor.py
[2023-07-09T19:13:05.943+0000] {logging_mixin.py:149} INFO - [2023-07-09T19:13:05.943+0000] {dag.py:2726} INFO - Sync 1 DAGs
[2023-07-09T19:13:05.964+0000] {logging_mixin.py:149} INFO - [2023-07-09T19:13:05.963+0000] {dag.py:3490} INFO - Setting next_dagrun for example_local_kubernetes_executor to None, run_after=None
[2023-07-09T19:13:05.991+0000] {processor.py:179} INFO - Processing /home/airflow/.local/lib/python3.7/site-packages/airflow/example_dags/example_local_kubernetes_executor.py took 0.263 seconds
[2023-07-09T19:13:36.051+0000] {processor.py:157} INFO - Started process (PID=1614) to work on /home/airflow/.local/lib/python3.7/site-packages/airflow/example_dags/example_local_kubernetes_executor.py
[2023-07-09T19:13:36.052+0000] {processor.py:826} INFO - Processing file /home/airflow/.local/lib/python3.7/site-packages/airflow/example_dags/example_local_kubernetes_executor.py for tasks to queue
[2023-07-09T19:13:36.053+0000] {logging_mixin.py:149} INFO - [2023-07-09T19:13:36.053+0000] {dagbag.py:541} INFO - Filling up the DagBag from /home/airflow/.local/lib/python3.7/site-packages/airflow/example_dags/example_local_kubernetes_executor.py
[2023-07-09T19:13:36.228+0000] {processor.py:836} INFO - DAG(s) dict_keys(['example_local_kubernetes_executor']) retrieved from /home/airflow/.local/lib/python3.7/site-packages/airflow/example_dags/example_local_kubernetes_executor.py
[2023-07-09T19:13:36.264+0000] {logging_mixin.py:149} INFO - [2023-07-09T19:13:36.263+0000] {dag.py:2726} INFO - Sync 1 DAGs
[2023-07-09T19:13:36.287+0000] {logging_mixin.py:149} INFO - [2023-07-09T19:13:36.287+0000] {dag.py:3490} INFO - Setting next_dagrun for example_local_kubernetes_executor to None, run_after=None
[2023-07-09T19:13:36.312+0000] {processor.py:179} INFO - Processing /home/airflow/.local/lib/python3.7/site-packages/airflow/example_dags/example_local_kubernetes_executor.py took 0.265 seconds
[2023-07-09T19:14:06.440+0000] {processor.py:157} INFO - Started process (PID=1675) to work on /home/airflow/.local/lib/python3.7/site-packages/airflow/example_dags/example_local_kubernetes_executor.py
[2023-07-09T19:14:06.440+0000] {processor.py:826} INFO - Processing file /home/airflow/.local/lib/python3.7/site-packages/airflow/example_dags/example_local_kubernetes_executor.py for tasks to queue
[2023-07-09T19:14:06.441+0000] {logging_mixin.py:149} INFO - [2023-07-09T19:14:06.441+0000] {dagbag.py:541} INFO - Filling up the DagBag from /home/airflow/.local/lib/python3.7/site-packages/airflow/example_dags/example_local_kubernetes_executor.py
[2023-07-09T19:14:06.617+0000] {processor.py:836} INFO - DAG(s) dict_keys(['example_local_kubernetes_executor']) retrieved from /home/airflow/.local/lib/python3.7/site-packages/airflow/example_dags/example_local_kubernetes_executor.py
[2023-07-09T19:14:06.652+0000] {logging_mixin.py:149} INFO - [2023-07-09T19:14:06.652+0000] {dag.py:2726} INFO - Sync 1 DAGs
[2023-07-09T19:14:06.673+0000] {logging_mixin.py:149} INFO - [2023-07-09T19:14:06.673+0000] {dag.py:3490} INFO - Setting next_dagrun for example_local_kubernetes_executor to None, run_after=None
[2023-07-09T19:14:06.692+0000] {processor.py:179} INFO - Processing /home/airflow/.local/lib/python3.7/site-packages/airflow/example_dags/example_local_kubernetes_executor.py took 0.256 seconds
[2023-07-09T19:14:37.603+0000] {processor.py:157} INFO - Started process (PID=1736) to work on /home/airflow/.local/lib/python3.7/site-packages/airflow/example_dags/example_local_kubernetes_executor.py
[2023-07-09T19:14:37.604+0000] {processor.py:826} INFO - Processing file /home/airflow/.local/lib/python3.7/site-packages/airflow/example_dags/example_local_kubernetes_executor.py for tasks to queue
[2023-07-09T19:14:37.605+0000] {logging_mixin.py:149} INFO - [2023-07-09T19:14:37.605+0000] {dagbag.py:541} INFO - Filling up the DagBag from /home/airflow/.local/lib/python3.7/site-packages/airflow/example_dags/example_local_kubernetes_executor.py
[2023-07-09T19:14:37.777+0000] {processor.py:836} INFO - DAG(s) dict_keys(['example_local_kubernetes_executor']) retrieved from /home/airflow/.local/lib/python3.7/site-packages/airflow/example_dags/example_local_kubernetes_executor.py
[2023-07-09T19:14:37.810+0000] {logging_mixin.py:149} INFO - [2023-07-09T19:14:37.810+0000] {dag.py:2726} INFO - Sync 1 DAGs
[2023-07-09T19:14:37.833+0000] {logging_mixin.py:149} INFO - [2023-07-09T19:14:37.833+0000] {dag.py:3490} INFO - Setting next_dagrun for example_local_kubernetes_executor to None, run_after=None
[2023-07-09T19:14:37.852+0000] {processor.py:179} INFO - Processing /home/airflow/.local/lib/python3.7/site-packages/airflow/example_dags/example_local_kubernetes_executor.py took 0.252 seconds
[2023-07-09T19:15:08.470+0000] {processor.py:157} INFO - Started process (PID=1797) to work on /home/airflow/.local/lib/python3.7/site-packages/airflow/example_dags/example_local_kubernetes_executor.py
[2023-07-09T19:15:08.471+0000] {processor.py:826} INFO - Processing file /home/airflow/.local/lib/python3.7/site-packages/airflow/example_dags/example_local_kubernetes_executor.py for tasks to queue
[2023-07-09T19:15:08.471+0000] {logging_mixin.py:149} INFO - [2023-07-09T19:15:08.471+0000] {dagbag.py:541} INFO - Filling up the DagBag from /home/airflow/.local/lib/python3.7/site-packages/airflow/example_dags/example_local_kubernetes_executor.py
[2023-07-09T19:15:08.654+0000] {processor.py:836} INFO - DAG(s) dict_keys(['example_local_kubernetes_executor']) retrieved from /home/airflow/.local/lib/python3.7/site-packages/airflow/example_dags/example_local_kubernetes_executor.py
[2023-07-09T19:15:08.684+0000] {logging_mixin.py:149} INFO - [2023-07-09T19:15:08.684+0000] {dag.py:2726} INFO - Sync 1 DAGs
[2023-07-09T19:15:08.705+0000] {logging_mixin.py:149} INFO - [2023-07-09T19:15:08.705+0000] {dag.py:3490} INFO - Setting next_dagrun for example_local_kubernetes_executor to None, run_after=None
[2023-07-09T19:15:08.723+0000] {processor.py:179} INFO - Processing /home/airflow/.local/lib/python3.7/site-packages/airflow/example_dags/example_local_kubernetes_executor.py took 0.257 seconds
[2023-07-09T19:15:39.397+0000] {processor.py:157} INFO - Started process (PID=1858) to work on /home/airflow/.local/lib/python3.7/site-packages/airflow/example_dags/example_local_kubernetes_executor.py
[2023-07-09T19:15:39.398+0000] {processor.py:826} INFO - Processing file /home/airflow/.local/lib/python3.7/site-packages/airflow/example_dags/example_local_kubernetes_executor.py for tasks to queue
[2023-07-09T19:15:39.399+0000] {logging_mixin.py:149} INFO - [2023-07-09T19:15:39.399+0000] {dagbag.py:541} INFO - Filling up the DagBag from /home/airflow/.local/lib/python3.7/site-packages/airflow/example_dags/example_local_kubernetes_executor.py
[2023-07-09T19:15:39.557+0000] {processor.py:836} INFO - DAG(s) dict_keys(['example_local_kubernetes_executor']) retrieved from /home/airflow/.local/lib/python3.7/site-packages/airflow/example_dags/example_local_kubernetes_executor.py
[2023-07-09T19:15:39.588+0000] {logging_mixin.py:149} INFO - [2023-07-09T19:15:39.588+0000] {dag.py:2726} INFO - Sync 1 DAGs
[2023-07-09T19:15:39.610+0000] {logging_mixin.py:149} INFO - [2023-07-09T19:15:39.610+0000] {dag.py:3490} INFO - Setting next_dagrun for example_local_kubernetes_executor to None, run_after=None
[2023-07-09T19:15:39.636+0000] {processor.py:179} INFO - Processing /home/airflow/.local/lib/python3.7/site-packages/airflow/example_dags/example_local_kubernetes_executor.py took 0.241 seconds
[2023-07-09T19:16:09.764+0000] {processor.py:157} INFO - Started process (PID=1920) to work on /home/airflow/.local/lib/python3.7/site-packages/airflow/example_dags/example_local_kubernetes_executor.py
[2023-07-09T19:16:09.765+0000] {processor.py:826} INFO - Processing file /home/airflow/.local/lib/python3.7/site-packages/airflow/example_dags/example_local_kubernetes_executor.py for tasks to queue
[2023-07-09T19:16:09.766+0000] {logging_mixin.py:149} INFO - [2023-07-09T19:16:09.766+0000] {dagbag.py:541} INFO - Filling up the DagBag from /home/airflow/.local/lib/python3.7/site-packages/airflow/example_dags/example_local_kubernetes_executor.py
[2023-07-09T19:16:09.945+0000] {processor.py:836} INFO - DAG(s) dict_keys(['example_local_kubernetes_executor']) retrieved from /home/airflow/.local/lib/python3.7/site-packages/airflow/example_dags/example_local_kubernetes_executor.py
[2023-07-09T19:16:09.979+0000] {logging_mixin.py:149} INFO - [2023-07-09T19:16:09.979+0000] {dag.py:2726} INFO - Sync 1 DAGs
[2023-07-09T19:16:10.002+0000] {logging_mixin.py:149} INFO - [2023-07-09T19:16:10.001+0000] {dag.py:3490} INFO - Setting next_dagrun for example_local_kubernetes_executor to None, run_after=None
[2023-07-09T19:16:10.026+0000] {processor.py:179} INFO - Processing /home/airflow/.local/lib/python3.7/site-packages/airflow/example_dags/example_local_kubernetes_executor.py took 0.265 seconds
[2023-07-09T19:16:40.933+0000] {processor.py:157} INFO - Started process (PID=1990) to work on /home/airflow/.local/lib/python3.7/site-packages/airflow/example_dags/example_local_kubernetes_executor.py
[2023-07-09T19:16:40.934+0000] {processor.py:826} INFO - Processing file /home/airflow/.local/lib/python3.7/site-packages/airflow/example_dags/example_local_kubernetes_executor.py for tasks to queue
[2023-07-09T19:16:40.935+0000] {logging_mixin.py:149} INFO - [2023-07-09T19:16:40.935+0000] {dagbag.py:541} INFO - Filling up the DagBag from /home/airflow/.local/lib/python3.7/site-packages/airflow/example_dags/example_local_kubernetes_executor.py
[2023-07-09T19:16:41.107+0000] {processor.py:836} INFO - DAG(s) dict_keys(['example_local_kubernetes_executor']) retrieved from /home/airflow/.local/lib/python3.7/site-packages/airflow/example_dags/example_local_kubernetes_executor.py
[2023-07-09T19:16:41.144+0000] {logging_mixin.py:149} INFO - [2023-07-09T19:16:41.144+0000] {dag.py:2726} INFO - Sync 1 DAGs
[2023-07-09T19:16:41.167+0000] {logging_mixin.py:149} INFO - [2023-07-09T19:16:41.166+0000] {dag.py:3490} INFO - Setting next_dagrun for example_local_kubernetes_executor to None, run_after=None
[2023-07-09T19:16:41.187+0000] {processor.py:179} INFO - Processing /home/airflow/.local/lib/python3.7/site-packages/airflow/example_dags/example_local_kubernetes_executor.py took 0.257 seconds
[2023-07-09T19:17:11.419+0000] {processor.py:157} INFO - Started process (PID=2052) to work on /home/airflow/.local/lib/python3.7/site-packages/airflow/example_dags/example_local_kubernetes_executor.py
[2023-07-09T19:17:11.421+0000] {processor.py:826} INFO - Processing file /home/airflow/.local/lib/python3.7/site-packages/airflow/example_dags/example_local_kubernetes_executor.py for tasks to queue
[2023-07-09T19:17:11.422+0000] {logging_mixin.py:149} INFO - [2023-07-09T19:17:11.422+0000] {dagbag.py:541} INFO - Filling up the DagBag from /home/airflow/.local/lib/python3.7/site-packages/airflow/example_dags/example_local_kubernetes_executor.py
[2023-07-09T19:17:11.668+0000] {processor.py:836} INFO - DAG(s) dict_keys(['example_local_kubernetes_executor']) retrieved from /home/airflow/.local/lib/python3.7/site-packages/airflow/example_dags/example_local_kubernetes_executor.py
[2023-07-09T19:17:11.712+0000] {logging_mixin.py:149} INFO - [2023-07-09T19:17:11.712+0000] {dag.py:2726} INFO - Sync 1 DAGs
[2023-07-09T19:17:11.749+0000] {logging_mixin.py:149} INFO - [2023-07-09T19:17:11.749+0000] {dag.py:3490} INFO - Setting next_dagrun for example_local_kubernetes_executor to None, run_after=None
[2023-07-09T19:17:11.773+0000] {processor.py:179} INFO - Processing /home/airflow/.local/lib/python3.7/site-packages/airflow/example_dags/example_local_kubernetes_executor.py took 0.359 seconds
[2023-07-09T19:17:42.380+0000] {processor.py:157} INFO - Started process (PID=2114) to work on /home/airflow/.local/lib/python3.7/site-packages/airflow/example_dags/example_local_kubernetes_executor.py
[2023-07-09T19:17:42.381+0000] {processor.py:826} INFO - Processing file /home/airflow/.local/lib/python3.7/site-packages/airflow/example_dags/example_local_kubernetes_executor.py for tasks to queue
[2023-07-09T19:17:42.382+0000] {logging_mixin.py:149} INFO - [2023-07-09T19:17:42.381+0000] {dagbag.py:541} INFO - Filling up the DagBag from /home/airflow/.local/lib/python3.7/site-packages/airflow/example_dags/example_local_kubernetes_executor.py
[2023-07-09T19:17:42.548+0000] {processor.py:836} INFO - DAG(s) dict_keys(['example_local_kubernetes_executor']) retrieved from /home/airflow/.local/lib/python3.7/site-packages/airflow/example_dags/example_local_kubernetes_executor.py
[2023-07-09T19:17:42.578+0000] {logging_mixin.py:149} INFO - [2023-07-09T19:17:42.578+0000] {dag.py:2726} INFO - Sync 1 DAGs
[2023-07-09T19:17:42.600+0000] {logging_mixin.py:149} INFO - [2023-07-09T19:17:42.600+0000] {dag.py:3490} INFO - Setting next_dagrun for example_local_kubernetes_executor to None, run_after=None
[2023-07-09T19:17:42.618+0000] {processor.py:179} INFO - Processing /home/airflow/.local/lib/python3.7/site-packages/airflow/example_dags/example_local_kubernetes_executor.py took 0.241 seconds
[2023-07-09T19:18:13.445+0000] {processor.py:157} INFO - Started process (PID=2176) to work on /home/airflow/.local/lib/python3.7/site-packages/airflow/example_dags/example_local_kubernetes_executor.py
[2023-07-09T19:18:13.446+0000] {processor.py:826} INFO - Processing file /home/airflow/.local/lib/python3.7/site-packages/airflow/example_dags/example_local_kubernetes_executor.py for tasks to queue
[2023-07-09T19:18:13.447+0000] {logging_mixin.py:149} INFO - [2023-07-09T19:18:13.447+0000] {dagbag.py:541} INFO - Filling up the DagBag from /home/airflow/.local/lib/python3.7/site-packages/airflow/example_dags/example_local_kubernetes_executor.py
[2023-07-09T19:18:13.618+0000] {processor.py:836} INFO - DAG(s) dict_keys(['example_local_kubernetes_executor']) retrieved from /home/airflow/.local/lib/python3.7/site-packages/airflow/example_dags/example_local_kubernetes_executor.py
[2023-07-09T19:18:13.650+0000] {logging_mixin.py:149} INFO - [2023-07-09T19:18:13.650+0000] {dag.py:2726} INFO - Sync 1 DAGs
[2023-07-09T19:18:13.671+0000] {logging_mixin.py:149} INFO - [2023-07-09T19:18:13.671+0000] {dag.py:3490} INFO - Setting next_dagrun for example_local_kubernetes_executor to None, run_after=None
[2023-07-09T19:18:13.698+0000] {processor.py:179} INFO - Processing /home/airflow/.local/lib/python3.7/site-packages/airflow/example_dags/example_local_kubernetes_executor.py took 0.255 seconds
[2023-07-09T19:18:43.738+0000] {processor.py:157} INFO - Started process (PID=2238) to work on /home/airflow/.local/lib/python3.7/site-packages/airflow/example_dags/example_local_kubernetes_executor.py
[2023-07-09T19:18:43.739+0000] {processor.py:826} INFO - Processing file /home/airflow/.local/lib/python3.7/site-packages/airflow/example_dags/example_local_kubernetes_executor.py for tasks to queue
[2023-07-09T19:18:43.740+0000] {logging_mixin.py:149} INFO - [2023-07-09T19:18:43.740+0000] {dagbag.py:541} INFO - Filling up the DagBag from /home/airflow/.local/lib/python3.7/site-packages/airflow/example_dags/example_local_kubernetes_executor.py
[2023-07-09T19:18:43.911+0000] {processor.py:836} INFO - DAG(s) dict_keys(['example_local_kubernetes_executor']) retrieved from /home/airflow/.local/lib/python3.7/site-packages/airflow/example_dags/example_local_kubernetes_executor.py
[2023-07-09T19:18:43.944+0000] {logging_mixin.py:149} INFO - [2023-07-09T19:18:43.944+0000] {dag.py:2726} INFO - Sync 1 DAGs
[2023-07-09T19:18:43.967+0000] {logging_mixin.py:149} INFO - [2023-07-09T19:18:43.967+0000] {dag.py:3490} INFO - Setting next_dagrun for example_local_kubernetes_executor to None, run_after=None
[2023-07-09T19:18:43.987+0000] {processor.py:179} INFO - Processing /home/airflow/.local/lib/python3.7/site-packages/airflow/example_dags/example_local_kubernetes_executor.py took 0.252 seconds
[2023-07-09T19:19:14.043+0000] {processor.py:157} INFO - Started process (PID=2300) to work on /home/airflow/.local/lib/python3.7/site-packages/airflow/example_dags/example_local_kubernetes_executor.py
[2023-07-09T19:19:14.044+0000] {processor.py:826} INFO - Processing file /home/airflow/.local/lib/python3.7/site-packages/airflow/example_dags/example_local_kubernetes_executor.py for tasks to queue
[2023-07-09T19:19:14.045+0000] {logging_mixin.py:149} INFO - [2023-07-09T19:19:14.045+0000] {dagbag.py:541} INFO - Filling up the DagBag from /home/airflow/.local/lib/python3.7/site-packages/airflow/example_dags/example_local_kubernetes_executor.py
[2023-07-09T19:19:14.279+0000] {processor.py:836} INFO - DAG(s) dict_keys(['example_local_kubernetes_executor']) retrieved from /home/airflow/.local/lib/python3.7/site-packages/airflow/example_dags/example_local_kubernetes_executor.py
[2023-07-09T19:19:14.320+0000] {logging_mixin.py:149} INFO - [2023-07-09T19:19:14.320+0000] {dag.py:2726} INFO - Sync 1 DAGs
[2023-07-09T19:19:14.351+0000] {logging_mixin.py:149} INFO - [2023-07-09T19:19:14.351+0000] {dag.py:3490} INFO - Setting next_dagrun for example_local_kubernetes_executor to None, run_after=None
[2023-07-09T19:19:14.380+0000] {processor.py:179} INFO - Processing /home/airflow/.local/lib/python3.7/site-packages/airflow/example_dags/example_local_kubernetes_executor.py took 0.341 seconds
[2023-07-09T19:19:45.294+0000] {processor.py:157} INFO - Started process (PID=2362) to work on /home/airflow/.local/lib/python3.7/site-packages/airflow/example_dags/example_local_kubernetes_executor.py
[2023-07-09T19:19:45.295+0000] {processor.py:826} INFO - Processing file /home/airflow/.local/lib/python3.7/site-packages/airflow/example_dags/example_local_kubernetes_executor.py for tasks to queue
[2023-07-09T19:19:45.296+0000] {logging_mixin.py:149} INFO - [2023-07-09T19:19:45.296+0000] {dagbag.py:541} INFO - Filling up the DagBag from /home/airflow/.local/lib/python3.7/site-packages/airflow/example_dags/example_local_kubernetes_executor.py
[2023-07-09T19:19:45.456+0000] {processor.py:836} INFO - DAG(s) dict_keys(['example_local_kubernetes_executor']) retrieved from /home/airflow/.local/lib/python3.7/site-packages/airflow/example_dags/example_local_kubernetes_executor.py
[2023-07-09T19:19:45.487+0000] {logging_mixin.py:149} INFO - [2023-07-09T19:19:45.487+0000] {dag.py:2726} INFO - Sync 1 DAGs
[2023-07-09T19:19:45.507+0000] {logging_mixin.py:149} INFO - [2023-07-09T19:19:45.506+0000] {dag.py:3490} INFO - Setting next_dagrun for example_local_kubernetes_executor to None, run_after=None
[2023-07-09T19:19:45.527+0000] {processor.py:179} INFO - Processing /home/airflow/.local/lib/python3.7/site-packages/airflow/example_dags/example_local_kubernetes_executor.py took 0.236 seconds
[2023-07-09T19:20:15.615+0000] {processor.py:157} INFO - Started process (PID=2424) to work on /home/airflow/.local/lib/python3.7/site-packages/airflow/example_dags/example_local_kubernetes_executor.py
[2023-07-09T19:20:15.616+0000] {processor.py:826} INFO - Processing file /home/airflow/.local/lib/python3.7/site-packages/airflow/example_dags/example_local_kubernetes_executor.py for tasks to queue
[2023-07-09T19:20:15.617+0000] {logging_mixin.py:149} INFO - [2023-07-09T19:20:15.617+0000] {dagbag.py:541} INFO - Filling up the DagBag from /home/airflow/.local/lib/python3.7/site-packages/airflow/example_dags/example_local_kubernetes_executor.py
[2023-07-09T19:20:15.785+0000] {processor.py:836} INFO - DAG(s) dict_keys(['example_local_kubernetes_executor']) retrieved from /home/airflow/.local/lib/python3.7/site-packages/airflow/example_dags/example_local_kubernetes_executor.py
[2023-07-09T19:20:15.817+0000] {logging_mixin.py:149} INFO - [2023-07-09T19:20:15.817+0000] {dag.py:2726} INFO - Sync 1 DAGs
[2023-07-09T19:20:15.840+0000] {logging_mixin.py:149} INFO - [2023-07-09T19:20:15.840+0000] {dag.py:3490} INFO - Setting next_dagrun for example_local_kubernetes_executor to None, run_after=None
[2023-07-09T19:20:15.867+0000] {processor.py:179} INFO - Processing /home/airflow/.local/lib/python3.7/site-packages/airflow/example_dags/example_local_kubernetes_executor.py took 0.255 seconds
[2023-07-09T19:20:46.354+0000] {processor.py:157} INFO - Started process (PID=2486) to work on /home/airflow/.local/lib/python3.7/site-packages/airflow/example_dags/example_local_kubernetes_executor.py
[2023-07-09T19:20:46.354+0000] {processor.py:826} INFO - Processing file /home/airflow/.local/lib/python3.7/site-packages/airflow/example_dags/example_local_kubernetes_executor.py for tasks to queue
[2023-07-09T19:20:46.355+0000] {logging_mixin.py:149} INFO - [2023-07-09T19:20:46.355+0000] {dagbag.py:541} INFO - Filling up the DagBag from /home/airflow/.local/lib/python3.7/site-packages/airflow/example_dags/example_local_kubernetes_executor.py
[2023-07-09T19:20:46.580+0000] {processor.py:836} INFO - DAG(s) dict_keys(['example_local_kubernetes_executor']) retrieved from /home/airflow/.local/lib/python3.7/site-packages/airflow/example_dags/example_local_kubernetes_executor.py
[2023-07-09T19:20:46.609+0000] {logging_mixin.py:149} INFO - [2023-07-09T19:20:46.609+0000] {dag.py:2726} INFO - Sync 1 DAGs
[2023-07-09T19:20:46.632+0000] {logging_mixin.py:149} INFO - [2023-07-09T19:20:46.632+0000] {dag.py:3490} INFO - Setting next_dagrun for example_local_kubernetes_executor to None, run_after=None
[2023-07-09T19:20:46.652+0000] {processor.py:179} INFO - Processing /home/airflow/.local/lib/python3.7/site-packages/airflow/example_dags/example_local_kubernetes_executor.py took 0.301 seconds
[2023-07-09T19:21:16.697+0000] {processor.py:157} INFO - Started process (PID=2548) to work on /home/airflow/.local/lib/python3.7/site-packages/airflow/example_dags/example_local_kubernetes_executor.py
[2023-07-09T19:21:16.698+0000] {processor.py:826} INFO - Processing file /home/airflow/.local/lib/python3.7/site-packages/airflow/example_dags/example_local_kubernetes_executor.py for tasks to queue
[2023-07-09T19:21:16.699+0000] {logging_mixin.py:149} INFO - [2023-07-09T19:21:16.699+0000] {dagbag.py:541} INFO - Filling up the DagBag from /home/airflow/.local/lib/python3.7/site-packages/airflow/example_dags/example_local_kubernetes_executor.py
[2023-07-09T19:21:16.880+0000] {processor.py:836} INFO - DAG(s) dict_keys(['example_local_kubernetes_executor']) retrieved from /home/airflow/.local/lib/python3.7/site-packages/airflow/example_dags/example_local_kubernetes_executor.py
[2023-07-09T19:21:16.913+0000] {logging_mixin.py:149} INFO - [2023-07-09T19:21:16.913+0000] {dag.py:2726} INFO - Sync 1 DAGs
[2023-07-09T19:21:16.935+0000] {logging_mixin.py:149} INFO - [2023-07-09T19:21:16.935+0000] {dag.py:3490} INFO - Setting next_dagrun for example_local_kubernetes_executor to None, run_after=None
[2023-07-09T19:21:16.963+0000] {processor.py:179} INFO - Processing /home/airflow/.local/lib/python3.7/site-packages/airflow/example_dags/example_local_kubernetes_executor.py took 0.269 seconds
[2023-07-09T19:21:47.852+0000] {processor.py:157} INFO - Started process (PID=2610) to work on /home/airflow/.local/lib/python3.7/site-packages/airflow/example_dags/example_local_kubernetes_executor.py
[2023-07-09T19:21:47.853+0000] {processor.py:826} INFO - Processing file /home/airflow/.local/lib/python3.7/site-packages/airflow/example_dags/example_local_kubernetes_executor.py for tasks to queue
[2023-07-09T19:21:47.854+0000] {logging_mixin.py:149} INFO - [2023-07-09T19:21:47.854+0000] {dagbag.py:541} INFO - Filling up the DagBag from /home/airflow/.local/lib/python3.7/site-packages/airflow/example_dags/example_local_kubernetes_executor.py
[2023-07-09T19:21:48.099+0000] {processor.py:836} INFO - DAG(s) dict_keys(['example_local_kubernetes_executor']) retrieved from /home/airflow/.local/lib/python3.7/site-packages/airflow/example_dags/example_local_kubernetes_executor.py
[2023-07-09T19:21:48.133+0000] {logging_mixin.py:149} INFO - [2023-07-09T19:21:48.133+0000] {dag.py:2726} INFO - Sync 1 DAGs
[2023-07-09T19:21:48.163+0000] {logging_mixin.py:149} INFO - [2023-07-09T19:21:48.163+0000] {dag.py:3490} INFO - Setting next_dagrun for example_local_kubernetes_executor to None, run_after=None
[2023-07-09T19:21:48.184+0000] {processor.py:179} INFO - Processing /home/airflow/.local/lib/python3.7/site-packages/airflow/example_dags/example_local_kubernetes_executor.py took 0.334 seconds
[2023-07-09T19:22:19.168+0000] {processor.py:157} INFO - Started process (PID=2673) to work on /home/airflow/.local/lib/python3.7/site-packages/airflow/example_dags/example_local_kubernetes_executor.py
[2023-07-09T19:22:19.169+0000] {processor.py:826} INFO - Processing file /home/airflow/.local/lib/python3.7/site-packages/airflow/example_dags/example_local_kubernetes_executor.py for tasks to queue
[2023-07-09T19:22:19.170+0000] {logging_mixin.py:149} INFO - [2023-07-09T19:22:19.170+0000] {dagbag.py:541} INFO - Filling up the DagBag from /home/airflow/.local/lib/python3.7/site-packages/airflow/example_dags/example_local_kubernetes_executor.py
[2023-07-09T19:22:19.337+0000] {processor.py:836} INFO - DAG(s) dict_keys(['example_local_kubernetes_executor']) retrieved from /home/airflow/.local/lib/python3.7/site-packages/airflow/example_dags/example_local_kubernetes_executor.py
[2023-07-09T19:22:19.372+0000] {logging_mixin.py:149} INFO - [2023-07-09T19:22:19.371+0000] {dag.py:2726} INFO - Sync 1 DAGs
[2023-07-09T19:22:19.396+0000] {logging_mixin.py:149} INFO - [2023-07-09T19:22:19.396+0000] {dag.py:3490} INFO - Setting next_dagrun for example_local_kubernetes_executor to None, run_after=None
[2023-07-09T19:22:19.418+0000] {processor.py:179} INFO - Processing /home/airflow/.local/lib/python3.7/site-packages/airflow/example_dags/example_local_kubernetes_executor.py took 0.253 seconds
[2023-07-09T19:22:50.148+0000] {processor.py:157} INFO - Started process (PID=2735) to work on /home/airflow/.local/lib/python3.7/site-packages/airflow/example_dags/example_local_kubernetes_executor.py
[2023-07-09T19:22:50.149+0000] {processor.py:826} INFO - Processing file /home/airflow/.local/lib/python3.7/site-packages/airflow/example_dags/example_local_kubernetes_executor.py for tasks to queue
[2023-07-09T19:22:50.150+0000] {logging_mixin.py:149} INFO - [2023-07-09T19:22:50.150+0000] {dagbag.py:541} INFO - Filling up the DagBag from /home/airflow/.local/lib/python3.7/site-packages/airflow/example_dags/example_local_kubernetes_executor.py
[2023-07-09T19:22:50.328+0000] {processor.py:836} INFO - DAG(s) dict_keys(['example_local_kubernetes_executor']) retrieved from /home/airflow/.local/lib/python3.7/site-packages/airflow/example_dags/example_local_kubernetes_executor.py
[2023-07-09T19:22:50.359+0000] {logging_mixin.py:149} INFO - [2023-07-09T19:22:50.359+0000] {dag.py:2726} INFO - Sync 1 DAGs
[2023-07-09T19:22:50.382+0000] {logging_mixin.py:149} INFO - [2023-07-09T19:22:50.382+0000] {dag.py:3490} INFO - Setting next_dagrun for example_local_kubernetes_executor to None, run_after=None
[2023-07-09T19:22:50.402+0000] {processor.py:179} INFO - Processing /home/airflow/.local/lib/python3.7/site-packages/airflow/example_dags/example_local_kubernetes_executor.py took 0.256 seconds
[2023-07-09T19:23:20.428+0000] {processor.py:157} INFO - Started process (PID=2798) to work on /home/airflow/.local/lib/python3.7/site-packages/airflow/example_dags/example_local_kubernetes_executor.py
[2023-07-09T19:23:20.429+0000] {processor.py:826} INFO - Processing file /home/airflow/.local/lib/python3.7/site-packages/airflow/example_dags/example_local_kubernetes_executor.py for tasks to queue
[2023-07-09T19:23:20.430+0000] {logging_mixin.py:149} INFO - [2023-07-09T19:23:20.430+0000] {dagbag.py:541} INFO - Filling up the DagBag from /home/airflow/.local/lib/python3.7/site-packages/airflow/example_dags/example_local_kubernetes_executor.py
[2023-07-09T19:23:20.618+0000] {processor.py:836} INFO - DAG(s) dict_keys(['example_local_kubernetes_executor']) retrieved from /home/airflow/.local/lib/python3.7/site-packages/airflow/example_dags/example_local_kubernetes_executor.py
[2023-07-09T19:23:20.653+0000] {logging_mixin.py:149} INFO - [2023-07-09T19:23:20.653+0000] {dag.py:2726} INFO - Sync 1 DAGs
[2023-07-09T19:23:20.677+0000] {logging_mixin.py:149} INFO - [2023-07-09T19:23:20.676+0000] {dag.py:3490} INFO - Setting next_dagrun for example_local_kubernetes_executor to None, run_after=None
[2023-07-09T19:23:20.699+0000] {processor.py:179} INFO - Processing /home/airflow/.local/lib/python3.7/site-packages/airflow/example_dags/example_local_kubernetes_executor.py took 0.274 seconds
[2023-07-09T19:23:50.758+0000] {processor.py:157} INFO - Started process (PID=2860) to work on /home/airflow/.local/lib/python3.7/site-packages/airflow/example_dags/example_local_kubernetes_executor.py
[2023-07-09T19:23:50.759+0000] {processor.py:826} INFO - Processing file /home/airflow/.local/lib/python3.7/site-packages/airflow/example_dags/example_local_kubernetes_executor.py for tasks to queue
[2023-07-09T19:23:50.759+0000] {logging_mixin.py:149} INFO - [2023-07-09T19:23:50.759+0000] {dagbag.py:541} INFO - Filling up the DagBag from /home/airflow/.local/lib/python3.7/site-packages/airflow/example_dags/example_local_kubernetes_executor.py
[2023-07-09T19:23:50.917+0000] {processor.py:836} INFO - DAG(s) dict_keys(['example_local_kubernetes_executor']) retrieved from /home/airflow/.local/lib/python3.7/site-packages/airflow/example_dags/example_local_kubernetes_executor.py
[2023-07-09T19:23:50.948+0000] {logging_mixin.py:149} INFO - [2023-07-09T19:23:50.948+0000] {dag.py:2726} INFO - Sync 1 DAGs
[2023-07-09T19:23:50.968+0000] {logging_mixin.py:149} INFO - [2023-07-09T19:23:50.968+0000] {dag.py:3490} INFO - Setting next_dagrun for example_local_kubernetes_executor to None, run_after=None
[2023-07-09T19:23:50.994+0000] {processor.py:179} INFO - Processing /home/airflow/.local/lib/python3.7/site-packages/airflow/example_dags/example_local_kubernetes_executor.py took 0.239 seconds
[2023-07-09T19:24:21.081+0000] {processor.py:157} INFO - Started process (PID=2922) to work on /home/airflow/.local/lib/python3.7/site-packages/airflow/example_dags/example_local_kubernetes_executor.py
[2023-07-09T19:24:21.082+0000] {processor.py:826} INFO - Processing file /home/airflow/.local/lib/python3.7/site-packages/airflow/example_dags/example_local_kubernetes_executor.py for tasks to queue
[2023-07-09T19:24:21.083+0000] {logging_mixin.py:149} INFO - [2023-07-09T19:24:21.083+0000] {dagbag.py:541} INFO - Filling up the DagBag from /home/airflow/.local/lib/python3.7/site-packages/airflow/example_dags/example_local_kubernetes_executor.py
[2023-07-09T19:24:21.239+0000] {processor.py:836} INFO - DAG(s) dict_keys(['example_local_kubernetes_executor']) retrieved from /home/airflow/.local/lib/python3.7/site-packages/airflow/example_dags/example_local_kubernetes_executor.py
[2023-07-09T19:24:21.275+0000] {logging_mixin.py:149} INFO - [2023-07-09T19:24:21.274+0000] {dag.py:2726} INFO - Sync 1 DAGs
[2023-07-09T19:24:21.296+0000] {logging_mixin.py:149} INFO - [2023-07-09T19:24:21.296+0000] {dag.py:3490} INFO - Setting next_dagrun for example_local_kubernetes_executor to None, run_after=None
[2023-07-09T19:24:21.323+0000] {processor.py:179} INFO - Processing /home/airflow/.local/lib/python3.7/site-packages/airflow/example_dags/example_local_kubernetes_executor.py took 0.245 seconds
[2023-07-09T19:24:51.422+0000] {processor.py:157} INFO - Started process (PID=2984) to work on /home/airflow/.local/lib/python3.7/site-packages/airflow/example_dags/example_local_kubernetes_executor.py
[2023-07-09T19:24:51.423+0000] {processor.py:826} INFO - Processing file /home/airflow/.local/lib/python3.7/site-packages/airflow/example_dags/example_local_kubernetes_executor.py for tasks to queue
[2023-07-09T19:24:51.424+0000] {logging_mixin.py:149} INFO - [2023-07-09T19:24:51.424+0000] {dagbag.py:541} INFO - Filling up the DagBag from /home/airflow/.local/lib/python3.7/site-packages/airflow/example_dags/example_local_kubernetes_executor.py
[2023-07-09T19:24:51.594+0000] {processor.py:836} INFO - DAG(s) dict_keys(['example_local_kubernetes_executor']) retrieved from /home/airflow/.local/lib/python3.7/site-packages/airflow/example_dags/example_local_kubernetes_executor.py
[2023-07-09T19:24:51.627+0000] {logging_mixin.py:149} INFO - [2023-07-09T19:24:51.627+0000] {dag.py:2726} INFO - Sync 1 DAGs
[2023-07-09T19:24:51.649+0000] {logging_mixin.py:149} INFO - [2023-07-09T19:24:51.649+0000] {dag.py:3490} INFO - Setting next_dagrun for example_local_kubernetes_executor to None, run_after=None
[2023-07-09T19:24:51.669+0000] {processor.py:179} INFO - Processing /home/airflow/.local/lib/python3.7/site-packages/airflow/example_dags/example_local_kubernetes_executor.py took 0.249 seconds
[2023-07-09T19:25:22.323+0000] {processor.py:157} INFO - Started process (PID=3046) to work on /home/airflow/.local/lib/python3.7/site-packages/airflow/example_dags/example_local_kubernetes_executor.py
[2023-07-09T19:25:22.324+0000] {processor.py:826} INFO - Processing file /home/airflow/.local/lib/python3.7/site-packages/airflow/example_dags/example_local_kubernetes_executor.py for tasks to queue
[2023-07-09T19:25:22.325+0000] {logging_mixin.py:149} INFO - [2023-07-09T19:25:22.325+0000] {dagbag.py:541} INFO - Filling up the DagBag from /home/airflow/.local/lib/python3.7/site-packages/airflow/example_dags/example_local_kubernetes_executor.py
[2023-07-09T19:25:22.490+0000] {processor.py:836} INFO - DAG(s) dict_keys(['example_local_kubernetes_executor']) retrieved from /home/airflow/.local/lib/python3.7/site-packages/airflow/example_dags/example_local_kubernetes_executor.py
[2023-07-09T19:25:22.522+0000] {logging_mixin.py:149} INFO - [2023-07-09T19:25:22.522+0000] {dag.py:2726} INFO - Sync 1 DAGs
[2023-07-09T19:25:22.543+0000] {logging_mixin.py:149} INFO - [2023-07-09T19:25:22.543+0000] {dag.py:3490} INFO - Setting next_dagrun for example_local_kubernetes_executor to None, run_after=None
[2023-07-09T19:25:22.563+0000] {processor.py:179} INFO - Processing /home/airflow/.local/lib/python3.7/site-packages/airflow/example_dags/example_local_kubernetes_executor.py took 0.243 seconds
[2023-07-09T19:25:52.931+0000] {processor.py:157} INFO - Started process (PID=3108) to work on /home/airflow/.local/lib/python3.7/site-packages/airflow/example_dags/example_local_kubernetes_executor.py
[2023-07-09T19:25:52.932+0000] {processor.py:826} INFO - Processing file /home/airflow/.local/lib/python3.7/site-packages/airflow/example_dags/example_local_kubernetes_executor.py for tasks to queue
[2023-07-09T19:25:52.933+0000] {logging_mixin.py:149} INFO - [2023-07-09T19:25:52.933+0000] {dagbag.py:541} INFO - Filling up the DagBag from /home/airflow/.local/lib/python3.7/site-packages/airflow/example_dags/example_local_kubernetes_executor.py
[2023-07-09T19:25:53.108+0000] {processor.py:836} INFO - DAG(s) dict_keys(['example_local_kubernetes_executor']) retrieved from /home/airflow/.local/lib/python3.7/site-packages/airflow/example_dags/example_local_kubernetes_executor.py
[2023-07-09T19:25:53.142+0000] {logging_mixin.py:149} INFO - [2023-07-09T19:25:53.142+0000] {dag.py:2726} INFO - Sync 1 DAGs
[2023-07-09T19:25:53.164+0000] {logging_mixin.py:149} INFO - [2023-07-09T19:25:53.164+0000] {dag.py:3490} INFO - Setting next_dagrun for example_local_kubernetes_executor to None, run_after=None
[2023-07-09T19:25:53.185+0000] {processor.py:179} INFO - Processing /home/airflow/.local/lib/python3.7/site-packages/airflow/example_dags/example_local_kubernetes_executor.py took 0.256 seconds
[2023-07-09T19:26:23.418+0000] {processor.py:157} INFO - Started process (PID=3170) to work on /home/airflow/.local/lib/python3.7/site-packages/airflow/example_dags/example_local_kubernetes_executor.py
[2023-07-09T19:26:23.419+0000] {processor.py:826} INFO - Processing file /home/airflow/.local/lib/python3.7/site-packages/airflow/example_dags/example_local_kubernetes_executor.py for tasks to queue
[2023-07-09T19:26:23.419+0000] {logging_mixin.py:149} INFO - [2023-07-09T19:26:23.419+0000] {dagbag.py:541} INFO - Filling up the DagBag from /home/airflow/.local/lib/python3.7/site-packages/airflow/example_dags/example_local_kubernetes_executor.py
[2023-07-09T19:26:23.599+0000] {processor.py:836} INFO - DAG(s) dict_keys(['example_local_kubernetes_executor']) retrieved from /home/airflow/.local/lib/python3.7/site-packages/airflow/example_dags/example_local_kubernetes_executor.py
[2023-07-09T19:26:23.633+0000] {logging_mixin.py:149} INFO - [2023-07-09T19:26:23.633+0000] {dag.py:2726} INFO - Sync 1 DAGs
[2023-07-09T19:26:23.656+0000] {logging_mixin.py:149} INFO - [2023-07-09T19:26:23.655+0000] {dag.py:3490} INFO - Setting next_dagrun for example_local_kubernetes_executor to None, run_after=None
[2023-07-09T19:26:23.676+0000] {processor.py:179} INFO - Processing /home/airflow/.local/lib/python3.7/site-packages/airflow/example_dags/example_local_kubernetes_executor.py took 0.261 seconds
[2023-07-09T19:26:53.985+0000] {processor.py:157} INFO - Started process (PID=3232) to work on /home/airflow/.local/lib/python3.7/site-packages/airflow/example_dags/example_local_kubernetes_executor.py
[2023-07-09T19:26:53.986+0000] {processor.py:826} INFO - Processing file /home/airflow/.local/lib/python3.7/site-packages/airflow/example_dags/example_local_kubernetes_executor.py for tasks to queue
[2023-07-09T19:26:53.987+0000] {logging_mixin.py:149} INFO - [2023-07-09T19:26:53.987+0000] {dagbag.py:541} INFO - Filling up the DagBag from /home/airflow/.local/lib/python3.7/site-packages/airflow/example_dags/example_local_kubernetes_executor.py
[2023-07-09T19:26:54.173+0000] {processor.py:836} INFO - DAG(s) dict_keys(['example_local_kubernetes_executor']) retrieved from /home/airflow/.local/lib/python3.7/site-packages/airflow/example_dags/example_local_kubernetes_executor.py
[2023-07-09T19:26:54.207+0000] {logging_mixin.py:149} INFO - [2023-07-09T19:26:54.206+0000] {dag.py:2726} INFO - Sync 1 DAGs
[2023-07-09T19:26:54.229+0000] {logging_mixin.py:149} INFO - [2023-07-09T19:26:54.229+0000] {dag.py:3490} INFO - Setting next_dagrun for example_local_kubernetes_executor to None, run_after=None
[2023-07-09T19:26:54.253+0000] {processor.py:179} INFO - Processing /home/airflow/.local/lib/python3.7/site-packages/airflow/example_dags/example_local_kubernetes_executor.py took 0.270 seconds
[2023-07-09T19:27:24.598+0000] {processor.py:157} INFO - Started process (PID=3295) to work on /home/airflow/.local/lib/python3.7/site-packages/airflow/example_dags/example_local_kubernetes_executor.py
[2023-07-09T19:27:24.599+0000] {processor.py:826} INFO - Processing file /home/airflow/.local/lib/python3.7/site-packages/airflow/example_dags/example_local_kubernetes_executor.py for tasks to queue
[2023-07-09T19:27:24.600+0000] {logging_mixin.py:149} INFO - [2023-07-09T19:27:24.599+0000] {dagbag.py:541} INFO - Filling up the DagBag from /home/airflow/.local/lib/python3.7/site-packages/airflow/example_dags/example_local_kubernetes_executor.py
[2023-07-09T19:27:24.803+0000] {processor.py:836} INFO - DAG(s) dict_keys(['example_local_kubernetes_executor']) retrieved from /home/airflow/.local/lib/python3.7/site-packages/airflow/example_dags/example_local_kubernetes_executor.py
[2023-07-09T19:27:24.839+0000] {logging_mixin.py:149} INFO - [2023-07-09T19:27:24.839+0000] {dag.py:2726} INFO - Sync 1 DAGs
[2023-07-09T19:27:24.864+0000] {logging_mixin.py:149} INFO - [2023-07-09T19:27:24.864+0000] {dag.py:3490} INFO - Setting next_dagrun for example_local_kubernetes_executor to None, run_after=None
[2023-07-09T19:27:24.886+0000] {processor.py:179} INFO - Processing /home/airflow/.local/lib/python3.7/site-packages/airflow/example_dags/example_local_kubernetes_executor.py took 0.292 seconds
[2023-07-09T19:27:55.262+0000] {processor.py:157} INFO - Started process (PID=3357) to work on /home/airflow/.local/lib/python3.7/site-packages/airflow/example_dags/example_local_kubernetes_executor.py
[2023-07-09T19:27:55.263+0000] {processor.py:826} INFO - Processing file /home/airflow/.local/lib/python3.7/site-packages/airflow/example_dags/example_local_kubernetes_executor.py for tasks to queue
[2023-07-09T19:27:55.263+0000] {logging_mixin.py:149} INFO - [2023-07-09T19:27:55.263+0000] {dagbag.py:541} INFO - Filling up the DagBag from /home/airflow/.local/lib/python3.7/site-packages/airflow/example_dags/example_local_kubernetes_executor.py
[2023-07-09T19:27:55.446+0000] {processor.py:836} INFO - DAG(s) dict_keys(['example_local_kubernetes_executor']) retrieved from /home/airflow/.local/lib/python3.7/site-packages/airflow/example_dags/example_local_kubernetes_executor.py
[2023-07-09T19:27:55.506+0000] {logging_mixin.py:149} INFO - [2023-07-09T19:27:55.506+0000] {dag.py:2726} INFO - Sync 1 DAGs
[2023-07-09T19:27:55.531+0000] {logging_mixin.py:149} INFO - [2023-07-09T19:27:55.531+0000] {dag.py:3490} INFO - Setting next_dagrun for example_local_kubernetes_executor to None, run_after=None
[2023-07-09T19:27:55.551+0000] {processor.py:179} INFO - Processing /home/airflow/.local/lib/python3.7/site-packages/airflow/example_dags/example_local_kubernetes_executor.py took 0.292 seconds
[2023-07-09T19:28:25.769+0000] {processor.py:157} INFO - Started process (PID=3419) to work on /home/airflow/.local/lib/python3.7/site-packages/airflow/example_dags/example_local_kubernetes_executor.py
[2023-07-09T19:28:25.769+0000] {processor.py:826} INFO - Processing file /home/airflow/.local/lib/python3.7/site-packages/airflow/example_dags/example_local_kubernetes_executor.py for tasks to queue
[2023-07-09T19:28:25.770+0000] {logging_mixin.py:149} INFO - [2023-07-09T19:28:25.770+0000] {dagbag.py:541} INFO - Filling up the DagBag from /home/airflow/.local/lib/python3.7/site-packages/airflow/example_dags/example_local_kubernetes_executor.py
[2023-07-09T19:28:25.964+0000] {processor.py:836} INFO - DAG(s) dict_keys(['example_local_kubernetes_executor']) retrieved from /home/airflow/.local/lib/python3.7/site-packages/airflow/example_dags/example_local_kubernetes_executor.py
[2023-07-09T19:28:25.997+0000] {logging_mixin.py:149} INFO - [2023-07-09T19:28:25.997+0000] {dag.py:2726} INFO - Sync 1 DAGs
[2023-07-09T19:28:26.020+0000] {logging_mixin.py:149} INFO - [2023-07-09T19:28:26.020+0000] {dag.py:3490} INFO - Setting next_dagrun for example_local_kubernetes_executor to None, run_after=None
[2023-07-09T19:28:26.040+0000] {processor.py:179} INFO - Processing /home/airflow/.local/lib/python3.7/site-packages/airflow/example_dags/example_local_kubernetes_executor.py took 0.275 seconds
[2023-07-09T19:28:56.398+0000] {processor.py:157} INFO - Started process (PID=3481) to work on /home/airflow/.local/lib/python3.7/site-packages/airflow/example_dags/example_local_kubernetes_executor.py
[2023-07-09T19:28:56.399+0000] {processor.py:826} INFO - Processing file /home/airflow/.local/lib/python3.7/site-packages/airflow/example_dags/example_local_kubernetes_executor.py for tasks to queue
[2023-07-09T19:28:56.400+0000] {logging_mixin.py:149} INFO - [2023-07-09T19:28:56.400+0000] {dagbag.py:541} INFO - Filling up the DagBag from /home/airflow/.local/lib/python3.7/site-packages/airflow/example_dags/example_local_kubernetes_executor.py
[2023-07-09T19:28:56.646+0000] {processor.py:836} INFO - DAG(s) dict_keys(['example_local_kubernetes_executor']) retrieved from /home/airflow/.local/lib/python3.7/site-packages/airflow/example_dags/example_local_kubernetes_executor.py
[2023-07-09T19:28:56.678+0000] {logging_mixin.py:149} INFO - [2023-07-09T19:28:56.678+0000] {dag.py:2726} INFO - Sync 1 DAGs
[2023-07-09T19:28:56.702+0000] {logging_mixin.py:149} INFO - [2023-07-09T19:28:56.702+0000] {dag.py:3490} INFO - Setting next_dagrun for example_local_kubernetes_executor to None, run_after=None
[2023-07-09T19:28:56.720+0000] {processor.py:179} INFO - Processing /home/airflow/.local/lib/python3.7/site-packages/airflow/example_dags/example_local_kubernetes_executor.py took 0.325 seconds
[2023-07-09T19:29:26.936+0000] {processor.py:157} INFO - Started process (PID=3543) to work on /home/airflow/.local/lib/python3.7/site-packages/airflow/example_dags/example_local_kubernetes_executor.py
[2023-07-09T19:29:26.937+0000] {processor.py:826} INFO - Processing file /home/airflow/.local/lib/python3.7/site-packages/airflow/example_dags/example_local_kubernetes_executor.py for tasks to queue
[2023-07-09T19:29:26.938+0000] {logging_mixin.py:149} INFO - [2023-07-09T19:29:26.938+0000] {dagbag.py:541} INFO - Filling up the DagBag from /home/airflow/.local/lib/python3.7/site-packages/airflow/example_dags/example_local_kubernetes_executor.py
[2023-07-09T19:29:27.131+0000] {processor.py:836} INFO - DAG(s) dict_keys(['example_local_kubernetes_executor']) retrieved from /home/airflow/.local/lib/python3.7/site-packages/airflow/example_dags/example_local_kubernetes_executor.py
[2023-07-09T19:29:27.169+0000] {logging_mixin.py:149} INFO - [2023-07-09T19:29:27.169+0000] {dag.py:2726} INFO - Sync 1 DAGs
[2023-07-09T19:29:27.194+0000] {logging_mixin.py:149} INFO - [2023-07-09T19:29:27.194+0000] {dag.py:3490} INFO - Setting next_dagrun for example_local_kubernetes_executor to None, run_after=None
[2023-07-09T19:29:27.217+0000] {processor.py:179} INFO - Processing /home/airflow/.local/lib/python3.7/site-packages/airflow/example_dags/example_local_kubernetes_executor.py took 0.285 seconds
[2023-07-09T19:29:57.550+0000] {processor.py:157} INFO - Started process (PID=3605) to work on /home/airflow/.local/lib/python3.7/site-packages/airflow/example_dags/example_local_kubernetes_executor.py
[2023-07-09T19:29:57.551+0000] {processor.py:826} INFO - Processing file /home/airflow/.local/lib/python3.7/site-packages/airflow/example_dags/example_local_kubernetes_executor.py for tasks to queue
[2023-07-09T19:29:57.552+0000] {logging_mixin.py:149} INFO - [2023-07-09T19:29:57.552+0000] {dagbag.py:541} INFO - Filling up the DagBag from /home/airflow/.local/lib/python3.7/site-packages/airflow/example_dags/example_local_kubernetes_executor.py
[2023-07-09T19:29:57.838+0000] {processor.py:836} INFO - DAG(s) dict_keys(['example_local_kubernetes_executor']) retrieved from /home/airflow/.local/lib/python3.7/site-packages/airflow/example_dags/example_local_kubernetes_executor.py
[2023-07-09T19:29:57.878+0000] {logging_mixin.py:149} INFO - [2023-07-09T19:29:57.877+0000] {dag.py:2726} INFO - Sync 1 DAGs
[2023-07-09T19:29:57.906+0000] {logging_mixin.py:149} INFO - [2023-07-09T19:29:57.906+0000] {dag.py:3490} INFO - Setting next_dagrun for example_local_kubernetes_executor to None, run_after=None
[2023-07-09T19:29:57.932+0000] {processor.py:179} INFO - Processing /home/airflow/.local/lib/python3.7/site-packages/airflow/example_dags/example_local_kubernetes_executor.py took 0.385 seconds
[2023-07-09T19:30:28.482+0000] {processor.py:157} INFO - Started process (PID=3667) to work on /home/airflow/.local/lib/python3.7/site-packages/airflow/example_dags/example_local_kubernetes_executor.py
[2023-07-09T19:30:28.482+0000] {processor.py:826} INFO - Processing file /home/airflow/.local/lib/python3.7/site-packages/airflow/example_dags/example_local_kubernetes_executor.py for tasks to queue
[2023-07-09T19:30:28.483+0000] {logging_mixin.py:149} INFO - [2023-07-09T19:30:28.483+0000] {dagbag.py:541} INFO - Filling up the DagBag from /home/airflow/.local/lib/python3.7/site-packages/airflow/example_dags/example_local_kubernetes_executor.py
[2023-07-09T19:30:28.685+0000] {processor.py:836} INFO - DAG(s) dict_keys(['example_local_kubernetes_executor']) retrieved from /home/airflow/.local/lib/python3.7/site-packages/airflow/example_dags/example_local_kubernetes_executor.py
[2023-07-09T19:30:28.719+0000] {logging_mixin.py:149} INFO - [2023-07-09T19:30:28.719+0000] {dag.py:2726} INFO - Sync 1 DAGs
[2023-07-09T19:30:28.749+0000] {logging_mixin.py:149} INFO - [2023-07-09T19:30:28.749+0000] {dag.py:3490} INFO - Setting next_dagrun for example_local_kubernetes_executor to None, run_after=None
[2023-07-09T19:30:28.772+0000] {processor.py:179} INFO - Processing /home/airflow/.local/lib/python3.7/site-packages/airflow/example_dags/example_local_kubernetes_executor.py took 0.293 seconds
[2023-07-09T19:30:58.884+0000] {processor.py:157} INFO - Started process (PID=3729) to work on /home/airflow/.local/lib/python3.7/site-packages/airflow/example_dags/example_local_kubernetes_executor.py
[2023-07-09T19:30:58.885+0000] {processor.py:826} INFO - Processing file /home/airflow/.local/lib/python3.7/site-packages/airflow/example_dags/example_local_kubernetes_executor.py for tasks to queue
[2023-07-09T19:30:58.886+0000] {logging_mixin.py:149} INFO - [2023-07-09T19:30:58.886+0000] {dagbag.py:541} INFO - Filling up the DagBag from /home/airflow/.local/lib/python3.7/site-packages/airflow/example_dags/example_local_kubernetes_executor.py
[2023-07-09T19:30:59.061+0000] {processor.py:836} INFO - DAG(s) dict_keys(['example_local_kubernetes_executor']) retrieved from /home/airflow/.local/lib/python3.7/site-packages/airflow/example_dags/example_local_kubernetes_executor.py
[2023-07-09T19:30:59.094+0000] {logging_mixin.py:149} INFO - [2023-07-09T19:30:59.094+0000] {dag.py:2726} INFO - Sync 1 DAGs
[2023-07-09T19:30:59.116+0000] {logging_mixin.py:149} INFO - [2023-07-09T19:30:59.115+0000] {dag.py:3490} INFO - Setting next_dagrun for example_local_kubernetes_executor to None, run_after=None
[2023-07-09T19:30:59.144+0000] {processor.py:179} INFO - Processing /home/airflow/.local/lib/python3.7/site-packages/airflow/example_dags/example_local_kubernetes_executor.py took 0.263 seconds
[2023-07-09T19:31:29.954+0000] {processor.py:157} INFO - Started process (PID=3791) to work on /home/airflow/.local/lib/python3.7/site-packages/airflow/example_dags/example_local_kubernetes_executor.py
[2023-07-09T19:31:29.955+0000] {processor.py:826} INFO - Processing file /home/airflow/.local/lib/python3.7/site-packages/airflow/example_dags/example_local_kubernetes_executor.py for tasks to queue
[2023-07-09T19:31:29.956+0000] {logging_mixin.py:149} INFO - [2023-07-09T19:31:29.956+0000] {dagbag.py:541} INFO - Filling up the DagBag from /home/airflow/.local/lib/python3.7/site-packages/airflow/example_dags/example_local_kubernetes_executor.py
[2023-07-09T19:31:30.133+0000] {processor.py:836} INFO - DAG(s) dict_keys(['example_local_kubernetes_executor']) retrieved from /home/airflow/.local/lib/python3.7/site-packages/airflow/example_dags/example_local_kubernetes_executor.py
[2023-07-09T19:31:30.166+0000] {logging_mixin.py:149} INFO - [2023-07-09T19:31:30.166+0000] {dag.py:2726} INFO - Sync 1 DAGs
[2023-07-09T19:31:30.189+0000] {logging_mixin.py:149} INFO - [2023-07-09T19:31:30.189+0000] {dag.py:3490} INFO - Setting next_dagrun for example_local_kubernetes_executor to None, run_after=None
[2023-07-09T19:31:30.209+0000] {processor.py:179} INFO - Processing /home/airflow/.local/lib/python3.7/site-packages/airflow/example_dags/example_local_kubernetes_executor.py took 0.258 seconds
[2023-07-09T19:32:00.378+0000] {processor.py:157} INFO - Started process (PID=3853) to work on /home/airflow/.local/lib/python3.7/site-packages/airflow/example_dags/example_local_kubernetes_executor.py
[2023-07-09T19:32:00.380+0000] {processor.py:826} INFO - Processing file /home/airflow/.local/lib/python3.7/site-packages/airflow/example_dags/example_local_kubernetes_executor.py for tasks to queue
[2023-07-09T19:32:00.380+0000] {logging_mixin.py:149} INFO - [2023-07-09T19:32:00.380+0000] {dagbag.py:541} INFO - Filling up the DagBag from /home/airflow/.local/lib/python3.7/site-packages/airflow/example_dags/example_local_kubernetes_executor.py
[2023-07-09T19:32:00.635+0000] {processor.py:836} INFO - DAG(s) dict_keys(['example_local_kubernetes_executor']) retrieved from /home/airflow/.local/lib/python3.7/site-packages/airflow/example_dags/example_local_kubernetes_executor.py
[2023-07-09T19:32:00.670+0000] {logging_mixin.py:149} INFO - [2023-07-09T19:32:00.670+0000] {dag.py:2726} INFO - Sync 1 DAGs
[2023-07-09T19:32:00.692+0000] {logging_mixin.py:149} INFO - [2023-07-09T19:32:00.692+0000] {dag.py:3490} INFO - Setting next_dagrun for example_local_kubernetes_executor to None, run_after=None
[2023-07-09T19:32:00.713+0000] {processor.py:179} INFO - Processing /home/airflow/.local/lib/python3.7/site-packages/airflow/example_dags/example_local_kubernetes_executor.py took 0.338 seconds
[2023-07-09T19:32:30.788+0000] {processor.py:157} INFO - Started process (PID=3915) to work on /home/airflow/.local/lib/python3.7/site-packages/airflow/example_dags/example_local_kubernetes_executor.py
[2023-07-09T19:32:30.788+0000] {processor.py:826} INFO - Processing file /home/airflow/.local/lib/python3.7/site-packages/airflow/example_dags/example_local_kubernetes_executor.py for tasks to queue
[2023-07-09T19:32:30.789+0000] {logging_mixin.py:149} INFO - [2023-07-09T19:32:30.789+0000] {dagbag.py:541} INFO - Filling up the DagBag from /home/airflow/.local/lib/python3.7/site-packages/airflow/example_dags/example_local_kubernetes_executor.py
[2023-07-09T19:32:30.949+0000] {processor.py:836} INFO - DAG(s) dict_keys(['example_local_kubernetes_executor']) retrieved from /home/airflow/.local/lib/python3.7/site-packages/airflow/example_dags/example_local_kubernetes_executor.py
[2023-07-09T19:32:30.982+0000] {logging_mixin.py:149} INFO - [2023-07-09T19:32:30.981+0000] {dag.py:2726} INFO - Sync 1 DAGs
[2023-07-09T19:32:31.004+0000] {logging_mixin.py:149} INFO - [2023-07-09T19:32:31.003+0000] {dag.py:3490} INFO - Setting next_dagrun for example_local_kubernetes_executor to None, run_after=None
[2023-07-09T19:32:31.027+0000] {processor.py:179} INFO - Processing /home/airflow/.local/lib/python3.7/site-packages/airflow/example_dags/example_local_kubernetes_executor.py took 0.243 seconds
[2023-07-09T19:33:01.199+0000] {processor.py:157} INFO - Started process (PID=3977) to work on /home/airflow/.local/lib/python3.7/site-packages/airflow/example_dags/example_local_kubernetes_executor.py
[2023-07-09T19:33:01.200+0000] {processor.py:826} INFO - Processing file /home/airflow/.local/lib/python3.7/site-packages/airflow/example_dags/example_local_kubernetes_executor.py for tasks to queue
[2023-07-09T19:33:01.201+0000] {logging_mixin.py:149} INFO - [2023-07-09T19:33:01.201+0000] {dagbag.py:541} INFO - Filling up the DagBag from /home/airflow/.local/lib/python3.7/site-packages/airflow/example_dags/example_local_kubernetes_executor.py
[2023-07-09T19:33:01.359+0000] {processor.py:836} INFO - DAG(s) dict_keys(['example_local_kubernetes_executor']) retrieved from /home/airflow/.local/lib/python3.7/site-packages/airflow/example_dags/example_local_kubernetes_executor.py
[2023-07-09T19:33:01.390+0000] {logging_mixin.py:149} INFO - [2023-07-09T19:33:01.390+0000] {dag.py:2726} INFO - Sync 1 DAGs
[2023-07-09T19:33:01.412+0000] {logging_mixin.py:149} INFO - [2023-07-09T19:33:01.412+0000] {dag.py:3490} INFO - Setting next_dagrun for example_local_kubernetes_executor to None, run_after=None
[2023-07-09T19:33:01.435+0000] {processor.py:179} INFO - Processing /home/airflow/.local/lib/python3.7/site-packages/airflow/example_dags/example_local_kubernetes_executor.py took 0.239 seconds
[2023-07-09T19:33:31.573+0000] {processor.py:157} INFO - Started process (PID=4039) to work on /home/airflow/.local/lib/python3.7/site-packages/airflow/example_dags/example_local_kubernetes_executor.py
[2023-07-09T19:33:31.574+0000] {processor.py:826} INFO - Processing file /home/airflow/.local/lib/python3.7/site-packages/airflow/example_dags/example_local_kubernetes_executor.py for tasks to queue
[2023-07-09T19:33:31.575+0000] {logging_mixin.py:149} INFO - [2023-07-09T19:33:31.575+0000] {dagbag.py:541} INFO - Filling up the DagBag from /home/airflow/.local/lib/python3.7/site-packages/airflow/example_dags/example_local_kubernetes_executor.py
[2023-07-09T19:33:31.732+0000] {processor.py:836} INFO - DAG(s) dict_keys(['example_local_kubernetes_executor']) retrieved from /home/airflow/.local/lib/python3.7/site-packages/airflow/example_dags/example_local_kubernetes_executor.py
[2023-07-09T19:33:31.762+0000] {logging_mixin.py:149} INFO - [2023-07-09T19:33:31.762+0000] {dag.py:2726} INFO - Sync 1 DAGs
[2023-07-09T19:33:31.783+0000] {logging_mixin.py:149} INFO - [2023-07-09T19:33:31.782+0000] {dag.py:3490} INFO - Setting next_dagrun for example_local_kubernetes_executor to None, run_after=None
[2023-07-09T19:33:31.806+0000] {processor.py:179} INFO - Processing /home/airflow/.local/lib/python3.7/site-packages/airflow/example_dags/example_local_kubernetes_executor.py took 0.236 seconds
[2023-07-09T19:34:01.886+0000] {processor.py:157} INFO - Started process (PID=4101) to work on /home/airflow/.local/lib/python3.7/site-packages/airflow/example_dags/example_local_kubernetes_executor.py
[2023-07-09T19:34:01.886+0000] {processor.py:826} INFO - Processing file /home/airflow/.local/lib/python3.7/site-packages/airflow/example_dags/example_local_kubernetes_executor.py for tasks to queue
[2023-07-09T19:34:01.887+0000] {logging_mixin.py:149} INFO - [2023-07-09T19:34:01.887+0000] {dagbag.py:541} INFO - Filling up the DagBag from /home/airflow/.local/lib/python3.7/site-packages/airflow/example_dags/example_local_kubernetes_executor.py
[2023-07-09T19:34:02.049+0000] {processor.py:836} INFO - DAG(s) dict_keys(['example_local_kubernetes_executor']) retrieved from /home/airflow/.local/lib/python3.7/site-packages/airflow/example_dags/example_local_kubernetes_executor.py
[2023-07-09T19:34:02.084+0000] {logging_mixin.py:149} INFO - [2023-07-09T19:34:02.084+0000] {dag.py:2726} INFO - Sync 1 DAGs
[2023-07-09T19:34:02.105+0000] {logging_mixin.py:149} INFO - [2023-07-09T19:34:02.105+0000] {dag.py:3490} INFO - Setting next_dagrun for example_local_kubernetes_executor to None, run_after=None
[2023-07-09T19:34:02.126+0000] {processor.py:179} INFO - Processing /home/airflow/.local/lib/python3.7/site-packages/airflow/example_dags/example_local_kubernetes_executor.py took 0.244 seconds
[2023-07-09T19:34:32.484+0000] {processor.py:157} INFO - Started process (PID=4163) to work on /home/airflow/.local/lib/python3.7/site-packages/airflow/example_dags/example_local_kubernetes_executor.py
[2023-07-09T19:34:32.485+0000] {processor.py:826} INFO - Processing file /home/airflow/.local/lib/python3.7/site-packages/airflow/example_dags/example_local_kubernetes_executor.py for tasks to queue
[2023-07-09T19:34:32.486+0000] {logging_mixin.py:149} INFO - [2023-07-09T19:34:32.486+0000] {dagbag.py:541} INFO - Filling up the DagBag from /home/airflow/.local/lib/python3.7/site-packages/airflow/example_dags/example_local_kubernetes_executor.py
[2023-07-09T19:34:32.646+0000] {processor.py:836} INFO - DAG(s) dict_keys(['example_local_kubernetes_executor']) retrieved from /home/airflow/.local/lib/python3.7/site-packages/airflow/example_dags/example_local_kubernetes_executor.py
[2023-07-09T19:34:32.678+0000] {logging_mixin.py:149} INFO - [2023-07-09T19:34:32.678+0000] {dag.py:2726} INFO - Sync 1 DAGs
[2023-07-09T19:34:32.700+0000] {logging_mixin.py:149} INFO - [2023-07-09T19:34:32.700+0000] {dag.py:3490} INFO - Setting next_dagrun for example_local_kubernetes_executor to None, run_after=None
[2023-07-09T19:34:32.718+0000] {processor.py:179} INFO - Processing /home/airflow/.local/lib/python3.7/site-packages/airflow/example_dags/example_local_kubernetes_executor.py took 0.237 seconds
[2023-07-09T19:35:03.659+0000] {processor.py:157} INFO - Started process (PID=4225) to work on /home/airflow/.local/lib/python3.7/site-packages/airflow/example_dags/example_local_kubernetes_executor.py
[2023-07-09T19:35:03.660+0000] {processor.py:826} INFO - Processing file /home/airflow/.local/lib/python3.7/site-packages/airflow/example_dags/example_local_kubernetes_executor.py for tasks to queue
[2023-07-09T19:35:03.661+0000] {logging_mixin.py:149} INFO - [2023-07-09T19:35:03.661+0000] {dagbag.py:541} INFO - Filling up the DagBag from /home/airflow/.local/lib/python3.7/site-packages/airflow/example_dags/example_local_kubernetes_executor.py
[2023-07-09T19:35:03.818+0000] {processor.py:836} INFO - DAG(s) dict_keys(['example_local_kubernetes_executor']) retrieved from /home/airflow/.local/lib/python3.7/site-packages/airflow/example_dags/example_local_kubernetes_executor.py
[2023-07-09T19:35:03.850+0000] {logging_mixin.py:149} INFO - [2023-07-09T19:35:03.849+0000] {dag.py:2726} INFO - Sync 1 DAGs
[2023-07-09T19:35:03.870+0000] {logging_mixin.py:149} INFO - [2023-07-09T19:35:03.870+0000] {dag.py:3490} INFO - Setting next_dagrun for example_local_kubernetes_executor to None, run_after=None
[2023-07-09T19:35:03.890+0000] {processor.py:179} INFO - Processing /home/airflow/.local/lib/python3.7/site-packages/airflow/example_dags/example_local_kubernetes_executor.py took 0.234 seconds
[2023-07-09T19:35:33.983+0000] {processor.py:157} INFO - Started process (PID=4287) to work on /home/airflow/.local/lib/python3.7/site-packages/airflow/example_dags/example_local_kubernetes_executor.py
[2023-07-09T19:35:33.984+0000] {processor.py:826} INFO - Processing file /home/airflow/.local/lib/python3.7/site-packages/airflow/example_dags/example_local_kubernetes_executor.py for tasks to queue
[2023-07-09T19:35:33.985+0000] {logging_mixin.py:149} INFO - [2023-07-09T19:35:33.984+0000] {dagbag.py:541} INFO - Filling up the DagBag from /home/airflow/.local/lib/python3.7/site-packages/airflow/example_dags/example_local_kubernetes_executor.py
[2023-07-09T19:35:34.149+0000] {processor.py:836} INFO - DAG(s) dict_keys(['example_local_kubernetes_executor']) retrieved from /home/airflow/.local/lib/python3.7/site-packages/airflow/example_dags/example_local_kubernetes_executor.py
[2023-07-09T19:35:34.181+0000] {logging_mixin.py:149} INFO - [2023-07-09T19:35:34.181+0000] {dag.py:2726} INFO - Sync 1 DAGs
[2023-07-09T19:35:34.201+0000] {logging_mixin.py:149} INFO - [2023-07-09T19:35:34.201+0000] {dag.py:3490} INFO - Setting next_dagrun for example_local_kubernetes_executor to None, run_after=None
[2023-07-09T19:35:34.226+0000] {processor.py:179} INFO - Processing /home/airflow/.local/lib/python3.7/site-packages/airflow/example_dags/example_local_kubernetes_executor.py took 0.247 seconds
[2023-07-09T19:36:05.055+0000] {processor.py:157} INFO - Started process (PID=4349) to work on /home/airflow/.local/lib/python3.7/site-packages/airflow/example_dags/example_local_kubernetes_executor.py
[2023-07-09T19:36:05.056+0000] {processor.py:826} INFO - Processing file /home/airflow/.local/lib/python3.7/site-packages/airflow/example_dags/example_local_kubernetes_executor.py for tasks to queue
[2023-07-09T19:36:05.057+0000] {logging_mixin.py:149} INFO - [2023-07-09T19:36:05.057+0000] {dagbag.py:541} INFO - Filling up the DagBag from /home/airflow/.local/lib/python3.7/site-packages/airflow/example_dags/example_local_kubernetes_executor.py
[2023-07-09T19:36:05.240+0000] {processor.py:836} INFO - DAG(s) dict_keys(['example_local_kubernetes_executor']) retrieved from /home/airflow/.local/lib/python3.7/site-packages/airflow/example_dags/example_local_kubernetes_executor.py
[2023-07-09T19:36:05.275+0000] {logging_mixin.py:149} INFO - [2023-07-09T19:36:05.275+0000] {dag.py:2726} INFO - Sync 1 DAGs
[2023-07-09T19:36:05.295+0000] {logging_mixin.py:149} INFO - [2023-07-09T19:36:05.295+0000] {dag.py:3490} INFO - Setting next_dagrun for example_local_kubernetes_executor to None, run_after=None
[2023-07-09T19:36:05.314+0000] {processor.py:179} INFO - Processing /home/airflow/.local/lib/python3.7/site-packages/airflow/example_dags/example_local_kubernetes_executor.py took 0.262 seconds
[2023-07-09T19:36:35.562+0000] {processor.py:157} INFO - Started process (PID=4411) to work on /home/airflow/.local/lib/python3.7/site-packages/airflow/example_dags/example_local_kubernetes_executor.py
[2023-07-09T19:36:35.563+0000] {processor.py:826} INFO - Processing file /home/airflow/.local/lib/python3.7/site-packages/airflow/example_dags/example_local_kubernetes_executor.py for tasks to queue
[2023-07-09T19:36:35.563+0000] {logging_mixin.py:149} INFO - [2023-07-09T19:36:35.563+0000] {dagbag.py:541} INFO - Filling up the DagBag from /home/airflow/.local/lib/python3.7/site-packages/airflow/example_dags/example_local_kubernetes_executor.py
[2023-07-09T19:36:35.728+0000] {processor.py:836} INFO - DAG(s) dict_keys(['example_local_kubernetes_executor']) retrieved from /home/airflow/.local/lib/python3.7/site-packages/airflow/example_dags/example_local_kubernetes_executor.py
[2023-07-09T19:36:35.762+0000] {logging_mixin.py:149} INFO - [2023-07-09T19:36:35.762+0000] {dag.py:2726} INFO - Sync 1 DAGs
[2023-07-09T19:36:35.784+0000] {logging_mixin.py:149} INFO - [2023-07-09T19:36:35.784+0000] {dag.py:3490} INFO - Setting next_dagrun for example_local_kubernetes_executor to None, run_after=None
[2023-07-09T19:36:35.895+0000] {processor.py:179} INFO - Processing /home/airflow/.local/lib/python3.7/site-packages/airflow/example_dags/example_local_kubernetes_executor.py took 0.337 seconds
[2023-07-09T19:37:06.782+0000] {processor.py:157} INFO - Started process (PID=4473) to work on /home/airflow/.local/lib/python3.7/site-packages/airflow/example_dags/example_local_kubernetes_executor.py
[2023-07-09T19:37:06.783+0000] {processor.py:826} INFO - Processing file /home/airflow/.local/lib/python3.7/site-packages/airflow/example_dags/example_local_kubernetes_executor.py for tasks to queue
[2023-07-09T19:37:06.784+0000] {logging_mixin.py:149} INFO - [2023-07-09T19:37:06.784+0000] {dagbag.py:541} INFO - Filling up the DagBag from /home/airflow/.local/lib/python3.7/site-packages/airflow/example_dags/example_local_kubernetes_executor.py
[2023-07-09T19:37:06.982+0000] {processor.py:836} INFO - DAG(s) dict_keys(['example_local_kubernetes_executor']) retrieved from /home/airflow/.local/lib/python3.7/site-packages/airflow/example_dags/example_local_kubernetes_executor.py
[2023-07-09T19:37:07.015+0000] {logging_mixin.py:149} INFO - [2023-07-09T19:37:07.015+0000] {dag.py:2726} INFO - Sync 1 DAGs
[2023-07-09T19:37:07.043+0000] {logging_mixin.py:149} INFO - [2023-07-09T19:37:07.043+0000] {dag.py:3490} INFO - Setting next_dagrun for example_local_kubernetes_executor to None, run_after=None
[2023-07-09T19:37:07.069+0000] {processor.py:179} INFO - Processing /home/airflow/.local/lib/python3.7/site-packages/airflow/example_dags/example_local_kubernetes_executor.py took 0.290 seconds
[2023-07-09T19:37:37.921+0000] {processor.py:157} INFO - Started process (PID=4535) to work on /home/airflow/.local/lib/python3.7/site-packages/airflow/example_dags/example_local_kubernetes_executor.py
[2023-07-09T19:37:37.922+0000] {processor.py:826} INFO - Processing file /home/airflow/.local/lib/python3.7/site-packages/airflow/example_dags/example_local_kubernetes_executor.py for tasks to queue
[2023-07-09T19:37:37.922+0000] {logging_mixin.py:149} INFO - [2023-07-09T19:37:37.922+0000] {dagbag.py:541} INFO - Filling up the DagBag from /home/airflow/.local/lib/python3.7/site-packages/airflow/example_dags/example_local_kubernetes_executor.py
[2023-07-09T19:37:38.094+0000] {processor.py:836} INFO - DAG(s) dict_keys(['example_local_kubernetes_executor']) retrieved from /home/airflow/.local/lib/python3.7/site-packages/airflow/example_dags/example_local_kubernetes_executor.py
[2023-07-09T19:37:38.127+0000] {logging_mixin.py:149} INFO - [2023-07-09T19:37:38.127+0000] {dag.py:2726} INFO - Sync 1 DAGs
[2023-07-09T19:37:38.149+0000] {logging_mixin.py:149} INFO - [2023-07-09T19:37:38.149+0000] {dag.py:3490} INFO - Setting next_dagrun for example_local_kubernetes_executor to None, run_after=None
[2023-07-09T19:37:38.174+0000] {processor.py:179} INFO - Processing /home/airflow/.local/lib/python3.7/site-packages/airflow/example_dags/example_local_kubernetes_executor.py took 0.256 seconds
[2023-07-09T19:38:08.246+0000] {processor.py:157} INFO - Started process (PID=4597) to work on /home/airflow/.local/lib/python3.7/site-packages/airflow/example_dags/example_local_kubernetes_executor.py
[2023-07-09T19:38:08.247+0000] {processor.py:826} INFO - Processing file /home/airflow/.local/lib/python3.7/site-packages/airflow/example_dags/example_local_kubernetes_executor.py for tasks to queue
[2023-07-09T19:38:08.248+0000] {logging_mixin.py:149} INFO - [2023-07-09T19:38:08.248+0000] {dagbag.py:541} INFO - Filling up the DagBag from /home/airflow/.local/lib/python3.7/site-packages/airflow/example_dags/example_local_kubernetes_executor.py
[2023-07-09T19:38:08.433+0000] {processor.py:836} INFO - DAG(s) dict_keys(['example_local_kubernetes_executor']) retrieved from /home/airflow/.local/lib/python3.7/site-packages/airflow/example_dags/example_local_kubernetes_executor.py
[2023-07-09T19:38:08.469+0000] {logging_mixin.py:149} INFO - [2023-07-09T19:38:08.469+0000] {dag.py:2726} INFO - Sync 1 DAGs
[2023-07-09T19:38:08.494+0000] {logging_mixin.py:149} INFO - [2023-07-09T19:38:08.494+0000] {dag.py:3490} INFO - Setting next_dagrun for example_local_kubernetes_executor to None, run_after=None
[2023-07-09T19:38:08.516+0000] {processor.py:179} INFO - Processing /home/airflow/.local/lib/python3.7/site-packages/airflow/example_dags/example_local_kubernetes_executor.py took 0.273 seconds
[2023-07-09T19:38:38.681+0000] {processor.py:157} INFO - Started process (PID=4659) to work on /home/airflow/.local/lib/python3.7/site-packages/airflow/example_dags/example_local_kubernetes_executor.py
[2023-07-09T19:38:38.682+0000] {processor.py:826} INFO - Processing file /home/airflow/.local/lib/python3.7/site-packages/airflow/example_dags/example_local_kubernetes_executor.py for tasks to queue
[2023-07-09T19:38:38.683+0000] {logging_mixin.py:149} INFO - [2023-07-09T19:38:38.683+0000] {dagbag.py:541} INFO - Filling up the DagBag from /home/airflow/.local/lib/python3.7/site-packages/airflow/example_dags/example_local_kubernetes_executor.py
[2023-07-09T19:38:38.858+0000] {processor.py:836} INFO - DAG(s) dict_keys(['example_local_kubernetes_executor']) retrieved from /home/airflow/.local/lib/python3.7/site-packages/airflow/example_dags/example_local_kubernetes_executor.py
[2023-07-09T19:38:38.890+0000] {logging_mixin.py:149} INFO - [2023-07-09T19:38:38.889+0000] {dag.py:2726} INFO - Sync 1 DAGs
[2023-07-09T19:38:38.913+0000] {logging_mixin.py:149} INFO - [2023-07-09T19:38:38.913+0000] {dag.py:3490} INFO - Setting next_dagrun for example_local_kubernetes_executor to None, run_after=None
[2023-07-09T19:38:39.023+0000] {processor.py:179} INFO - Processing /home/airflow/.local/lib/python3.7/site-packages/airflow/example_dags/example_local_kubernetes_executor.py took 0.345 seconds
[2023-07-09T19:39:09.073+0000] {processor.py:157} INFO - Started process (PID=4721) to work on /home/airflow/.local/lib/python3.7/site-packages/airflow/example_dags/example_local_kubernetes_executor.py
[2023-07-09T19:39:09.074+0000] {processor.py:826} INFO - Processing file /home/airflow/.local/lib/python3.7/site-packages/airflow/example_dags/example_local_kubernetes_executor.py for tasks to queue
[2023-07-09T19:39:09.075+0000] {logging_mixin.py:149} INFO - [2023-07-09T19:39:09.075+0000] {dagbag.py:541} INFO - Filling up the DagBag from /home/airflow/.local/lib/python3.7/site-packages/airflow/example_dags/example_local_kubernetes_executor.py
[2023-07-09T19:39:09.279+0000] {processor.py:836} INFO - DAG(s) dict_keys(['example_local_kubernetes_executor']) retrieved from /home/airflow/.local/lib/python3.7/site-packages/airflow/example_dags/example_local_kubernetes_executor.py
[2023-07-09T19:39:09.319+0000] {logging_mixin.py:149} INFO - [2023-07-09T19:39:09.319+0000] {dag.py:2726} INFO - Sync 1 DAGs
[2023-07-09T19:39:09.345+0000] {logging_mixin.py:149} INFO - [2023-07-09T19:39:09.345+0000] {dag.py:3490} INFO - Setting next_dagrun for example_local_kubernetes_executor to None, run_after=None
[2023-07-09T19:39:09.371+0000] {processor.py:179} INFO - Processing /home/airflow/.local/lib/python3.7/site-packages/airflow/example_dags/example_local_kubernetes_executor.py took 0.300 seconds
[2023-07-09T19:39:39.610+0000] {processor.py:157} INFO - Started process (PID=4783) to work on /home/airflow/.local/lib/python3.7/site-packages/airflow/example_dags/example_local_kubernetes_executor.py
[2023-07-09T19:39:39.611+0000] {processor.py:826} INFO - Processing file /home/airflow/.local/lib/python3.7/site-packages/airflow/example_dags/example_local_kubernetes_executor.py for tasks to queue
[2023-07-09T19:39:39.612+0000] {logging_mixin.py:149} INFO - [2023-07-09T19:39:39.612+0000] {dagbag.py:541} INFO - Filling up the DagBag from /home/airflow/.local/lib/python3.7/site-packages/airflow/example_dags/example_local_kubernetes_executor.py
[2023-07-09T19:39:39.802+0000] {processor.py:836} INFO - DAG(s) dict_keys(['example_local_kubernetes_executor']) retrieved from /home/airflow/.local/lib/python3.7/site-packages/airflow/example_dags/example_local_kubernetes_executor.py
[2023-07-09T19:39:39.837+0000] {logging_mixin.py:149} INFO - [2023-07-09T19:39:39.837+0000] {dag.py:2726} INFO - Sync 1 DAGs
[2023-07-09T19:39:39.859+0000] {logging_mixin.py:149} INFO - [2023-07-09T19:39:39.859+0000] {dag.py:3490} INFO - Setting next_dagrun for example_local_kubernetes_executor to None, run_after=None
[2023-07-09T19:39:39.881+0000] {processor.py:179} INFO - Processing /home/airflow/.local/lib/python3.7/site-packages/airflow/example_dags/example_local_kubernetes_executor.py took 0.274 seconds
[2023-07-09T19:40:09.986+0000] {processor.py:157} INFO - Started process (PID=4845) to work on /home/airflow/.local/lib/python3.7/site-packages/airflow/example_dags/example_local_kubernetes_executor.py
[2023-07-09T19:40:09.987+0000] {processor.py:826} INFO - Processing file /home/airflow/.local/lib/python3.7/site-packages/airflow/example_dags/example_local_kubernetes_executor.py for tasks to queue
[2023-07-09T19:40:09.988+0000] {logging_mixin.py:149} INFO - [2023-07-09T19:40:09.987+0000] {dagbag.py:541} INFO - Filling up the DagBag from /home/airflow/.local/lib/python3.7/site-packages/airflow/example_dags/example_local_kubernetes_executor.py
[2023-07-09T19:40:10.180+0000] {processor.py:836} INFO - DAG(s) dict_keys(['example_local_kubernetes_executor']) retrieved from /home/airflow/.local/lib/python3.7/site-packages/airflow/example_dags/example_local_kubernetes_executor.py
[2023-07-09T19:40:10.214+0000] {logging_mixin.py:149} INFO - [2023-07-09T19:40:10.214+0000] {dag.py:2726} INFO - Sync 1 DAGs
[2023-07-09T19:40:10.238+0000] {logging_mixin.py:149} INFO - [2023-07-09T19:40:10.238+0000] {dag.py:3490} INFO - Setting next_dagrun for example_local_kubernetes_executor to None, run_after=None
[2023-07-09T19:40:10.257+0000] {processor.py:179} INFO - Processing /home/airflow/.local/lib/python3.7/site-packages/airflow/example_dags/example_local_kubernetes_executor.py took 0.275 seconds
[2023-07-09T19:40:40.739+0000] {processor.py:157} INFO - Started process (PID=4907) to work on /home/airflow/.local/lib/python3.7/site-packages/airflow/example_dags/example_local_kubernetes_executor.py
[2023-07-09T19:40:40.740+0000] {processor.py:826} INFO - Processing file /home/airflow/.local/lib/python3.7/site-packages/airflow/example_dags/example_local_kubernetes_executor.py for tasks to queue
[2023-07-09T19:40:40.741+0000] {logging_mixin.py:149} INFO - [2023-07-09T19:40:40.741+0000] {dagbag.py:541} INFO - Filling up the DagBag from /home/airflow/.local/lib/python3.7/site-packages/airflow/example_dags/example_local_kubernetes_executor.py
[2023-07-09T19:40:40.915+0000] {processor.py:836} INFO - DAG(s) dict_keys(['example_local_kubernetes_executor']) retrieved from /home/airflow/.local/lib/python3.7/site-packages/airflow/example_dags/example_local_kubernetes_executor.py
[2023-07-09T19:40:40.951+0000] {logging_mixin.py:149} INFO - [2023-07-09T19:40:40.950+0000] {dag.py:2726} INFO - Sync 1 DAGs
[2023-07-09T19:40:40.978+0000] {logging_mixin.py:149} INFO - [2023-07-09T19:40:40.977+0000] {dag.py:3490} INFO - Setting next_dagrun for example_local_kubernetes_executor to None, run_after=None
[2023-07-09T19:40:41.103+0000] {processor.py:179} INFO - Processing /home/airflow/.local/lib/python3.7/site-packages/airflow/example_dags/example_local_kubernetes_executor.py took 0.368 seconds
[2023-07-09T19:41:16.082+0000] {processor.py:157} INFO - Started process (PID=4970) to work on /home/airflow/.local/lib/python3.7/site-packages/airflow/example_dags/example_local_kubernetes_executor.py
[2023-07-09T19:41:16.083+0000] {processor.py:826} INFO - Processing file /home/airflow/.local/lib/python3.7/site-packages/airflow/example_dags/example_local_kubernetes_executor.py for tasks to queue
[2023-07-09T19:41:16.085+0000] {logging_mixin.py:149} INFO - [2023-07-09T19:41:16.084+0000] {dagbag.py:541} INFO - Filling up the DagBag from /home/airflow/.local/lib/python3.7/site-packages/airflow/example_dags/example_local_kubernetes_executor.py
[2023-07-09T19:41:16.353+0000] {processor.py:836} INFO - DAG(s) dict_keys(['example_local_kubernetes_executor']) retrieved from /home/airflow/.local/lib/python3.7/site-packages/airflow/example_dags/example_local_kubernetes_executor.py
[2023-07-09T19:41:16.404+0000] {logging_mixin.py:149} INFO - [2023-07-09T19:41:16.404+0000] {dag.py:2726} INFO - Sync 1 DAGs
[2023-07-09T19:41:16.441+0000] {logging_mixin.py:149} INFO - [2023-07-09T19:41:16.441+0000] {dag.py:3490} INFO - Setting next_dagrun for example_local_kubernetes_executor to None, run_after=None
[2023-07-09T19:41:16.470+0000] {processor.py:179} INFO - Processing /home/airflow/.local/lib/python3.7/site-packages/airflow/example_dags/example_local_kubernetes_executor.py took 0.394 seconds
[2023-07-09T23:59:30.793+0000] {processor.py:157} INFO - Started process (PID=5036) to work on /home/airflow/.local/lib/python3.7/site-packages/airflow/example_dags/example_local_kubernetes_executor.py
[2023-07-09T23:59:30.794+0000] {processor.py:826} INFO - Processing file /home/airflow/.local/lib/python3.7/site-packages/airflow/example_dags/example_local_kubernetes_executor.py for tasks to queue
[2023-07-09T23:59:30.795+0000] {logging_mixin.py:149} INFO - [2023-07-09T23:59:30.795+0000] {dagbag.py:541} INFO - Filling up the DagBag from /home/airflow/.local/lib/python3.7/site-packages/airflow/example_dags/example_local_kubernetes_executor.py
[2023-07-09T23:59:31.190+0000] {processor.py:836} INFO - DAG(s) dict_keys(['example_local_kubernetes_executor']) retrieved from /home/airflow/.local/lib/python3.7/site-packages/airflow/example_dags/example_local_kubernetes_executor.py
[2023-07-09T23:59:31.239+0000] {logging_mixin.py:149} INFO - [2023-07-09T23:59:31.239+0000] {dag.py:2726} INFO - Sync 1 DAGs
[2023-07-09T23:59:31.265+0000] {logging_mixin.py:149} INFO - [2023-07-09T23:59:31.265+0000] {dag.py:3490} INFO - Setting next_dagrun for example_local_kubernetes_executor to None, run_after=None
[2023-07-09T23:59:31.295+0000] {processor.py:179} INFO - Processing /home/airflow/.local/lib/python3.7/site-packages/airflow/example_dags/example_local_kubernetes_executor.py took 0.506 seconds
