[2023-07-09T19:06:50.827+0000] {processor.py:157} INFO - Started process (PID=784) to work on /home/airflow/.local/lib/python3.7/site-packages/airflow/example_dags/example_task_group.py
[2023-07-09T19:06:50.828+0000] {processor.py:826} INFO - Processing file /home/airflow/.local/lib/python3.7/site-packages/airflow/example_dags/example_task_group.py for tasks to queue
[2023-07-09T19:06:50.829+0000] {logging_mixin.py:149} INFO - [2023-07-09T19:06:50.829+0000] {dagbag.py:541} INFO - Filling up the DagBag from /home/airflow/.local/lib/python3.7/site-packages/airflow/example_dags/example_task_group.py
[2023-07-09T19:06:50.837+0000] {processor.py:836} INFO - DAG(s) dict_keys(['example_task_group']) retrieved from /home/airflow/.local/lib/python3.7/site-packages/airflow/example_dags/example_task_group.py
[2023-07-09T19:06:50.861+0000] {logging_mixin.py:149} INFO - [2023-07-09T19:06:50.861+0000] {dag.py:2726} INFO - Sync 1 DAGs
[2023-07-09T19:06:50.884+0000] {logging_mixin.py:149} INFO - [2023-07-09T19:06:50.884+0000] {dag.py:3490} INFO - Setting next_dagrun for example_task_group to 2023-07-08T19:06:50.884148+00:00, run_after=2023-07-09T19:06:50.884148+00:00
[2023-07-09T19:06:50.906+0000] {processor.py:179} INFO - Processing /home/airflow/.local/lib/python3.7/site-packages/airflow/example_dags/example_task_group.py took 0.083 seconds
[2023-07-09T19:07:21.105+0000] {processor.py:157} INFO - Started process (PID=845) to work on /home/airflow/.local/lib/python3.7/site-packages/airflow/example_dags/example_task_group.py
[2023-07-09T19:07:21.106+0000] {processor.py:826} INFO - Processing file /home/airflow/.local/lib/python3.7/site-packages/airflow/example_dags/example_task_group.py for tasks to queue
[2023-07-09T19:07:21.107+0000] {logging_mixin.py:149} INFO - [2023-07-09T19:07:21.107+0000] {dagbag.py:541} INFO - Filling up the DagBag from /home/airflow/.local/lib/python3.7/site-packages/airflow/example_dags/example_task_group.py
[2023-07-09T19:07:21.116+0000] {processor.py:836} INFO - DAG(s) dict_keys(['example_task_group']) retrieved from /home/airflow/.local/lib/python3.7/site-packages/airflow/example_dags/example_task_group.py
[2023-07-09T19:07:21.142+0000] {logging_mixin.py:149} INFO - [2023-07-09T19:07:21.142+0000] {dag.py:2726} INFO - Sync 1 DAGs
[2023-07-09T19:07:21.166+0000] {logging_mixin.py:149} INFO - [2023-07-09T19:07:21.166+0000] {dag.py:3490} INFO - Setting next_dagrun for example_task_group to 2023-07-08T19:07:21.166454+00:00, run_after=2023-07-09T19:07:21.166454+00:00
[2023-07-09T19:07:21.188+0000] {processor.py:179} INFO - Processing /home/airflow/.local/lib/python3.7/site-packages/airflow/example_dags/example_task_group.py took 0.086 seconds
[2023-07-09T19:07:51.433+0000] {processor.py:157} INFO - Started process (PID=906) to work on /home/airflow/.local/lib/python3.7/site-packages/airflow/example_dags/example_task_group.py
[2023-07-09T19:07:51.434+0000] {processor.py:826} INFO - Processing file /home/airflow/.local/lib/python3.7/site-packages/airflow/example_dags/example_task_group.py for tasks to queue
[2023-07-09T19:07:51.435+0000] {logging_mixin.py:149} INFO - [2023-07-09T19:07:51.435+0000] {dagbag.py:541} INFO - Filling up the DagBag from /home/airflow/.local/lib/python3.7/site-packages/airflow/example_dags/example_task_group.py
[2023-07-09T19:07:51.446+0000] {processor.py:836} INFO - DAG(s) dict_keys(['example_task_group']) retrieved from /home/airflow/.local/lib/python3.7/site-packages/airflow/example_dags/example_task_group.py
[2023-07-09T19:07:51.501+0000] {logging_mixin.py:149} INFO - [2023-07-09T19:07:51.501+0000] {dag.py:2726} INFO - Sync 1 DAGs
[2023-07-09T19:07:51.530+0000] {logging_mixin.py:149} INFO - [2023-07-09T19:07:51.529+0000] {dag.py:3490} INFO - Setting next_dagrun for example_task_group to 2023-07-08T19:07:51.529522+00:00, run_after=2023-07-09T19:07:51.529522+00:00
[2023-07-09T19:07:51.558+0000] {processor.py:179} INFO - Processing /home/airflow/.local/lib/python3.7/site-packages/airflow/example_dags/example_task_group.py took 0.129 seconds
[2023-07-09T19:08:21.640+0000] {processor.py:157} INFO - Started process (PID=966) to work on /home/airflow/.local/lib/python3.7/site-packages/airflow/example_dags/example_task_group.py
[2023-07-09T19:08:21.641+0000] {processor.py:826} INFO - Processing file /home/airflow/.local/lib/python3.7/site-packages/airflow/example_dags/example_task_group.py for tasks to queue
[2023-07-09T19:08:21.641+0000] {logging_mixin.py:149} INFO - [2023-07-09T19:08:21.641+0000] {dagbag.py:541} INFO - Filling up the DagBag from /home/airflow/.local/lib/python3.7/site-packages/airflow/example_dags/example_task_group.py
[2023-07-09T19:08:21.649+0000] {processor.py:836} INFO - DAG(s) dict_keys(['example_task_group']) retrieved from /home/airflow/.local/lib/python3.7/site-packages/airflow/example_dags/example_task_group.py
[2023-07-09T19:08:21.663+0000] {logging_mixin.py:149} INFO - [2023-07-09T19:08:21.663+0000] {dag.py:2726} INFO - Sync 1 DAGs
[2023-07-09T19:08:21.687+0000] {logging_mixin.py:149} INFO - [2023-07-09T19:08:21.686+0000] {dag.py:3490} INFO - Setting next_dagrun for example_task_group to 2023-07-08T19:08:21.686691+00:00, run_after=2023-07-09T19:08:21.686691+00:00
[2023-07-09T19:08:21.708+0000] {processor.py:179} INFO - Processing /home/airflow/.local/lib/python3.7/site-packages/airflow/example_dags/example_task_group.py took 0.071 seconds
[2023-07-09T19:08:52.085+0000] {processor.py:157} INFO - Started process (PID=1028) to work on /home/airflow/.local/lib/python3.7/site-packages/airflow/example_dags/example_task_group.py
[2023-07-09T19:08:52.086+0000] {processor.py:826} INFO - Processing file /home/airflow/.local/lib/python3.7/site-packages/airflow/example_dags/example_task_group.py for tasks to queue
[2023-07-09T19:08:52.087+0000] {logging_mixin.py:149} INFO - [2023-07-09T19:08:52.087+0000] {dagbag.py:541} INFO - Filling up the DagBag from /home/airflow/.local/lib/python3.7/site-packages/airflow/example_dags/example_task_group.py
[2023-07-09T19:08:52.094+0000] {processor.py:836} INFO - DAG(s) dict_keys(['example_task_group']) retrieved from /home/airflow/.local/lib/python3.7/site-packages/airflow/example_dags/example_task_group.py
[2023-07-09T19:08:52.118+0000] {logging_mixin.py:149} INFO - [2023-07-09T19:08:52.118+0000] {dag.py:2726} INFO - Sync 1 DAGs
[2023-07-09T19:08:52.139+0000] {logging_mixin.py:149} INFO - [2023-07-09T19:08:52.139+0000] {dag.py:3490} INFO - Setting next_dagrun for example_task_group to 2023-07-08T19:08:52.139493+00:00, run_after=2023-07-09T19:08:52.139493+00:00
[2023-07-09T19:08:52.162+0000] {processor.py:179} INFO - Processing /home/airflow/.local/lib/python3.7/site-packages/airflow/example_dags/example_task_group.py took 0.080 seconds
[2023-07-09T19:09:23.027+0000] {processor.py:157} INFO - Started process (PID=1089) to work on /home/airflow/.local/lib/python3.7/site-packages/airflow/example_dags/example_task_group.py
[2023-07-09T19:09:23.028+0000] {processor.py:826} INFO - Processing file /home/airflow/.local/lib/python3.7/site-packages/airflow/example_dags/example_task_group.py for tasks to queue
[2023-07-09T19:09:23.029+0000] {logging_mixin.py:149} INFO - [2023-07-09T19:09:23.029+0000] {dagbag.py:541} INFO - Filling up the DagBag from /home/airflow/.local/lib/python3.7/site-packages/airflow/example_dags/example_task_group.py
[2023-07-09T19:09:23.039+0000] {processor.py:836} INFO - DAG(s) dict_keys(['example_task_group']) retrieved from /home/airflow/.local/lib/python3.7/site-packages/airflow/example_dags/example_task_group.py
[2023-07-09T19:09:23.055+0000] {logging_mixin.py:149} INFO - [2023-07-09T19:09:23.055+0000] {dag.py:2726} INFO - Sync 1 DAGs
[2023-07-09T19:09:23.088+0000] {logging_mixin.py:149} INFO - [2023-07-09T19:09:23.088+0000] {dag.py:3490} INFO - Setting next_dagrun for example_task_group to 2023-07-08T19:09:23.088062+00:00, run_after=2023-07-09T19:09:23.088062+00:00
[2023-07-09T19:09:23.115+0000] {processor.py:179} INFO - Processing /home/airflow/.local/lib/python3.7/site-packages/airflow/example_dags/example_task_group.py took 0.093 seconds
[2023-07-09T19:09:53.329+0000] {processor.py:157} INFO - Started process (PID=1150) to work on /home/airflow/.local/lib/python3.7/site-packages/airflow/example_dags/example_task_group.py
[2023-07-09T19:09:53.330+0000] {processor.py:826} INFO - Processing file /home/airflow/.local/lib/python3.7/site-packages/airflow/example_dags/example_task_group.py for tasks to queue
[2023-07-09T19:09:53.331+0000] {logging_mixin.py:149} INFO - [2023-07-09T19:09:53.331+0000] {dagbag.py:541} INFO - Filling up the DagBag from /home/airflow/.local/lib/python3.7/site-packages/airflow/example_dags/example_task_group.py
[2023-07-09T19:09:53.339+0000] {processor.py:836} INFO - DAG(s) dict_keys(['example_task_group']) retrieved from /home/airflow/.local/lib/python3.7/site-packages/airflow/example_dags/example_task_group.py
[2023-07-09T19:09:53.363+0000] {logging_mixin.py:149} INFO - [2023-07-09T19:09:53.363+0000] {dag.py:2726} INFO - Sync 1 DAGs
[2023-07-09T19:09:53.387+0000] {logging_mixin.py:149} INFO - [2023-07-09T19:09:53.387+0000] {dag.py:3490} INFO - Setting next_dagrun for example_task_group to 2023-07-08T19:09:53.387197+00:00, run_after=2023-07-09T19:09:53.387197+00:00
[2023-07-09T19:09:53.409+0000] {processor.py:179} INFO - Processing /home/airflow/.local/lib/python3.7/site-packages/airflow/example_dags/example_task_group.py took 0.083 seconds
[2023-07-09T19:10:23.625+0000] {processor.py:157} INFO - Started process (PID=1211) to work on /home/airflow/.local/lib/python3.7/site-packages/airflow/example_dags/example_task_group.py
[2023-07-09T19:10:23.626+0000] {processor.py:826} INFO - Processing file /home/airflow/.local/lib/python3.7/site-packages/airflow/example_dags/example_task_group.py for tasks to queue
[2023-07-09T19:10:23.627+0000] {logging_mixin.py:149} INFO - [2023-07-09T19:10:23.627+0000] {dagbag.py:541} INFO - Filling up the DagBag from /home/airflow/.local/lib/python3.7/site-packages/airflow/example_dags/example_task_group.py
[2023-07-09T19:10:23.634+0000] {processor.py:836} INFO - DAG(s) dict_keys(['example_task_group']) retrieved from /home/airflow/.local/lib/python3.7/site-packages/airflow/example_dags/example_task_group.py
[2023-07-09T19:10:23.658+0000] {logging_mixin.py:149} INFO - [2023-07-09T19:10:23.657+0000] {dag.py:2726} INFO - Sync 1 DAGs
[2023-07-09T19:10:23.679+0000] {logging_mixin.py:149} INFO - [2023-07-09T19:10:23.679+0000] {dag.py:3490} INFO - Setting next_dagrun for example_task_group to 2023-07-08T19:10:23.678770+00:00, run_after=2023-07-09T19:10:23.678770+00:00
[2023-07-09T19:10:23.699+0000] {processor.py:179} INFO - Processing /home/airflow/.local/lib/python3.7/site-packages/airflow/example_dags/example_task_group.py took 0.078 seconds
[2023-07-09T19:10:53.822+0000] {processor.py:157} INFO - Started process (PID=1272) to work on /home/airflow/.local/lib/python3.7/site-packages/airflow/example_dags/example_task_group.py
[2023-07-09T19:10:53.823+0000] {processor.py:826} INFO - Processing file /home/airflow/.local/lib/python3.7/site-packages/airflow/example_dags/example_task_group.py for tasks to queue
[2023-07-09T19:10:53.824+0000] {logging_mixin.py:149} INFO - [2023-07-09T19:10:53.824+0000] {dagbag.py:541} INFO - Filling up the DagBag from /home/airflow/.local/lib/python3.7/site-packages/airflow/example_dags/example_task_group.py
[2023-07-09T19:10:53.832+0000] {processor.py:836} INFO - DAG(s) dict_keys(['example_task_group']) retrieved from /home/airflow/.local/lib/python3.7/site-packages/airflow/example_dags/example_task_group.py
[2023-07-09T19:10:53.856+0000] {logging_mixin.py:149} INFO - [2023-07-09T19:10:53.856+0000] {dag.py:2726} INFO - Sync 1 DAGs
[2023-07-09T19:10:53.880+0000] {logging_mixin.py:149} INFO - [2023-07-09T19:10:53.880+0000] {dag.py:3490} INFO - Setting next_dagrun for example_task_group to 2023-07-08T19:10:53.880079+00:00, run_after=2023-07-09T19:10:53.880079+00:00
[2023-07-09T19:10:53.900+0000] {processor.py:179} INFO - Processing /home/airflow/.local/lib/python3.7/site-packages/airflow/example_dags/example_task_group.py took 0.081 seconds
[2023-07-09T19:11:24.133+0000] {processor.py:157} INFO - Started process (PID=1333) to work on /home/airflow/.local/lib/python3.7/site-packages/airflow/example_dags/example_task_group.py
[2023-07-09T19:11:24.134+0000] {processor.py:826} INFO - Processing file /home/airflow/.local/lib/python3.7/site-packages/airflow/example_dags/example_task_group.py for tasks to queue
[2023-07-09T19:11:24.135+0000] {logging_mixin.py:149} INFO - [2023-07-09T19:11:24.135+0000] {dagbag.py:541} INFO - Filling up the DagBag from /home/airflow/.local/lib/python3.7/site-packages/airflow/example_dags/example_task_group.py
[2023-07-09T19:11:24.144+0000] {processor.py:836} INFO - DAG(s) dict_keys(['example_task_group']) retrieved from /home/airflow/.local/lib/python3.7/site-packages/airflow/example_dags/example_task_group.py
[2023-07-09T19:11:24.170+0000] {logging_mixin.py:149} INFO - [2023-07-09T19:11:24.170+0000] {dag.py:2726} INFO - Sync 1 DAGs
[2023-07-09T19:11:24.195+0000] {logging_mixin.py:149} INFO - [2023-07-09T19:11:24.195+0000] {dag.py:3490} INFO - Setting next_dagrun for example_task_group to 2023-07-08T19:11:24.195113+00:00, run_after=2023-07-09T19:11:24.195113+00:00
[2023-07-09T19:11:24.218+0000] {processor.py:179} INFO - Processing /home/airflow/.local/lib/python3.7/site-packages/airflow/example_dags/example_task_group.py took 0.088 seconds
[2023-07-09T19:11:54.450+0000] {processor.py:157} INFO - Started process (PID=1394) to work on /home/airflow/.local/lib/python3.7/site-packages/airflow/example_dags/example_task_group.py
[2023-07-09T19:11:54.451+0000] {processor.py:826} INFO - Processing file /home/airflow/.local/lib/python3.7/site-packages/airflow/example_dags/example_task_group.py for tasks to queue
[2023-07-09T19:11:54.452+0000] {logging_mixin.py:149} INFO - [2023-07-09T19:11:54.452+0000] {dagbag.py:541} INFO - Filling up the DagBag from /home/airflow/.local/lib/python3.7/site-packages/airflow/example_dags/example_task_group.py
[2023-07-09T19:11:54.461+0000] {processor.py:836} INFO - DAG(s) dict_keys(['example_task_group']) retrieved from /home/airflow/.local/lib/python3.7/site-packages/airflow/example_dags/example_task_group.py
[2023-07-09T19:11:54.490+0000] {logging_mixin.py:149} INFO - [2023-07-09T19:11:54.489+0000] {dag.py:2726} INFO - Sync 1 DAGs
[2023-07-09T19:11:54.522+0000] {logging_mixin.py:149} INFO - [2023-07-09T19:11:54.522+0000] {dag.py:3490} INFO - Setting next_dagrun for example_task_group to 2023-07-08T19:11:54.521869+00:00, run_after=2023-07-09T19:11:54.521869+00:00
[2023-07-09T19:11:54.547+0000] {processor.py:179} INFO - Processing /home/airflow/.local/lib/python3.7/site-packages/airflow/example_dags/example_task_group.py took 0.100 seconds
[2023-07-09T19:12:24.617+0000] {processor.py:157} INFO - Started process (PID=1455) to work on /home/airflow/.local/lib/python3.7/site-packages/airflow/example_dags/example_task_group.py
[2023-07-09T19:12:24.618+0000] {processor.py:826} INFO - Processing file /home/airflow/.local/lib/python3.7/site-packages/airflow/example_dags/example_task_group.py for tasks to queue
[2023-07-09T19:12:24.618+0000] {logging_mixin.py:149} INFO - [2023-07-09T19:12:24.618+0000] {dagbag.py:541} INFO - Filling up the DagBag from /home/airflow/.local/lib/python3.7/site-packages/airflow/example_dags/example_task_group.py
[2023-07-09T19:12:24.627+0000] {processor.py:836} INFO - DAG(s) dict_keys(['example_task_group']) retrieved from /home/airflow/.local/lib/python3.7/site-packages/airflow/example_dags/example_task_group.py
[2023-07-09T19:12:24.639+0000] {logging_mixin.py:149} INFO - [2023-07-09T19:12:24.639+0000] {dag.py:2726} INFO - Sync 1 DAGs
[2023-07-09T19:12:24.664+0000] {logging_mixin.py:149} INFO - [2023-07-09T19:12:24.664+0000] {dag.py:3490} INFO - Setting next_dagrun for example_task_group to 2023-07-08T19:12:24.664404+00:00, run_after=2023-07-09T19:12:24.664404+00:00
[2023-07-09T19:12:24.685+0000] {processor.py:179} INFO - Processing /home/airflow/.local/lib/python3.7/site-packages/airflow/example_dags/example_task_group.py took 0.072 seconds
[2023-07-09T19:12:55.398+0000] {processor.py:157} INFO - Started process (PID=1516) to work on /home/airflow/.local/lib/python3.7/site-packages/airflow/example_dags/example_task_group.py
[2023-07-09T19:12:55.399+0000] {processor.py:826} INFO - Processing file /home/airflow/.local/lib/python3.7/site-packages/airflow/example_dags/example_task_group.py for tasks to queue
[2023-07-09T19:12:55.400+0000] {logging_mixin.py:149} INFO - [2023-07-09T19:12:55.400+0000] {dagbag.py:541} INFO - Filling up the DagBag from /home/airflow/.local/lib/python3.7/site-packages/airflow/example_dags/example_task_group.py
[2023-07-09T19:12:55.407+0000] {processor.py:836} INFO - DAG(s) dict_keys(['example_task_group']) retrieved from /home/airflow/.local/lib/python3.7/site-packages/airflow/example_dags/example_task_group.py
[2023-07-09T19:12:55.434+0000] {logging_mixin.py:149} INFO - [2023-07-09T19:12:55.434+0000] {dag.py:2726} INFO - Sync 1 DAGs
[2023-07-09T19:12:55.457+0000] {logging_mixin.py:149} INFO - [2023-07-09T19:12:55.457+0000] {dag.py:3490} INFO - Setting next_dagrun for example_task_group to 2023-07-08T19:12:55.457126+00:00, run_after=2023-07-09T19:12:55.457126+00:00
[2023-07-09T19:12:55.485+0000] {processor.py:179} INFO - Processing /home/airflow/.local/lib/python3.7/site-packages/airflow/example_dags/example_task_group.py took 0.090 seconds
[2023-07-09T19:13:25.566+0000] {processor.py:157} INFO - Started process (PID=1578) to work on /home/airflow/.local/lib/python3.7/site-packages/airflow/example_dags/example_task_group.py
[2023-07-09T19:13:25.568+0000] {processor.py:826} INFO - Processing file /home/airflow/.local/lib/python3.7/site-packages/airflow/example_dags/example_task_group.py for tasks to queue
[2023-07-09T19:13:25.569+0000] {logging_mixin.py:149} INFO - [2023-07-09T19:13:25.569+0000] {dagbag.py:541} INFO - Filling up the DagBag from /home/airflow/.local/lib/python3.7/site-packages/airflow/example_dags/example_task_group.py
[2023-07-09T19:13:25.577+0000] {processor.py:836} INFO - DAG(s) dict_keys(['example_task_group']) retrieved from /home/airflow/.local/lib/python3.7/site-packages/airflow/example_dags/example_task_group.py
[2023-07-09T19:13:25.603+0000] {logging_mixin.py:149} INFO - [2023-07-09T19:13:25.603+0000] {dag.py:2726} INFO - Sync 1 DAGs
[2023-07-09T19:13:25.625+0000] {logging_mixin.py:149} INFO - [2023-07-09T19:13:25.625+0000] {dag.py:3490} INFO - Setting next_dagrun for example_task_group to 2023-07-08T19:13:25.625508+00:00, run_after=2023-07-09T19:13:25.625508+00:00
[2023-07-09T19:13:25.649+0000] {processor.py:179} INFO - Processing /home/airflow/.local/lib/python3.7/site-packages/airflow/example_dags/example_task_group.py took 0.085 seconds
[2023-07-09T19:13:55.982+0000] {processor.py:157} INFO - Started process (PID=1639) to work on /home/airflow/.local/lib/python3.7/site-packages/airflow/example_dags/example_task_group.py
[2023-07-09T19:13:55.983+0000] {processor.py:826} INFO - Processing file /home/airflow/.local/lib/python3.7/site-packages/airflow/example_dags/example_task_group.py for tasks to queue
[2023-07-09T19:13:55.984+0000] {logging_mixin.py:149} INFO - [2023-07-09T19:13:55.984+0000] {dagbag.py:541} INFO - Filling up the DagBag from /home/airflow/.local/lib/python3.7/site-packages/airflow/example_dags/example_task_group.py
[2023-07-09T19:13:55.993+0000] {processor.py:836} INFO - DAG(s) dict_keys(['example_task_group']) retrieved from /home/airflow/.local/lib/python3.7/site-packages/airflow/example_dags/example_task_group.py
[2023-07-09T19:13:56.019+0000] {logging_mixin.py:149} INFO - [2023-07-09T19:13:56.019+0000] {dag.py:2726} INFO - Sync 1 DAGs
[2023-07-09T19:13:56.043+0000] {logging_mixin.py:149} INFO - [2023-07-09T19:13:56.043+0000] {dag.py:3490} INFO - Setting next_dagrun for example_task_group to 2023-07-08T19:13:56.043196+00:00, run_after=2023-07-09T19:13:56.043196+00:00
[2023-07-09T19:13:56.064+0000] {processor.py:179} INFO - Processing /home/airflow/.local/lib/python3.7/site-packages/airflow/example_dags/example_task_group.py took 0.086 seconds
[2023-07-09T19:14:26.237+0000] {processor.py:157} INFO - Started process (PID=1700) to work on /home/airflow/.local/lib/python3.7/site-packages/airflow/example_dags/example_task_group.py
[2023-07-09T19:14:26.238+0000] {processor.py:826} INFO - Processing file /home/airflow/.local/lib/python3.7/site-packages/airflow/example_dags/example_task_group.py for tasks to queue
[2023-07-09T19:14:26.239+0000] {logging_mixin.py:149} INFO - [2023-07-09T19:14:26.239+0000] {dagbag.py:541} INFO - Filling up the DagBag from /home/airflow/.local/lib/python3.7/site-packages/airflow/example_dags/example_task_group.py
[2023-07-09T19:14:26.247+0000] {processor.py:836} INFO - DAG(s) dict_keys(['example_task_group']) retrieved from /home/airflow/.local/lib/python3.7/site-packages/airflow/example_dags/example_task_group.py
[2023-07-09T19:14:26.272+0000] {logging_mixin.py:149} INFO - [2023-07-09T19:14:26.272+0000] {dag.py:2726} INFO - Sync 1 DAGs
[2023-07-09T19:14:26.296+0000] {logging_mixin.py:149} INFO - [2023-07-09T19:14:26.296+0000] {dag.py:3490} INFO - Setting next_dagrun for example_task_group to 2023-07-08T19:14:26.296160+00:00, run_after=2023-07-09T19:14:26.296160+00:00
[2023-07-09T19:14:26.318+0000] {processor.py:179} INFO - Processing /home/airflow/.local/lib/python3.7/site-packages/airflow/example_dags/example_task_group.py took 0.084 seconds
[2023-07-09T19:14:56.417+0000] {processor.py:157} INFO - Started process (PID=1761) to work on /home/airflow/.local/lib/python3.7/site-packages/airflow/example_dags/example_task_group.py
[2023-07-09T19:14:56.418+0000] {processor.py:826} INFO - Processing file /home/airflow/.local/lib/python3.7/site-packages/airflow/example_dags/example_task_group.py for tasks to queue
[2023-07-09T19:14:56.419+0000] {logging_mixin.py:149} INFO - [2023-07-09T19:14:56.419+0000] {dagbag.py:541} INFO - Filling up the DagBag from /home/airflow/.local/lib/python3.7/site-packages/airflow/example_dags/example_task_group.py
[2023-07-09T19:14:56.427+0000] {processor.py:836} INFO - DAG(s) dict_keys(['example_task_group']) retrieved from /home/airflow/.local/lib/python3.7/site-packages/airflow/example_dags/example_task_group.py
[2023-07-09T19:14:56.452+0000] {logging_mixin.py:149} INFO - [2023-07-09T19:14:56.452+0000] {dag.py:2726} INFO - Sync 1 DAGs
[2023-07-09T19:14:56.476+0000] {logging_mixin.py:149} INFO - [2023-07-09T19:14:56.476+0000] {dag.py:3490} INFO - Setting next_dagrun for example_task_group to 2023-07-08T19:14:56.475917+00:00, run_after=2023-07-09T19:14:56.475917+00:00
[2023-07-09T19:14:56.496+0000] {processor.py:179} INFO - Processing /home/airflow/.local/lib/python3.7/site-packages/airflow/example_dags/example_task_group.py took 0.082 seconds
[2023-07-09T19:15:27.269+0000] {processor.py:157} INFO - Started process (PID=1822) to work on /home/airflow/.local/lib/python3.7/site-packages/airflow/example_dags/example_task_group.py
[2023-07-09T19:15:27.271+0000] {processor.py:826} INFO - Processing file /home/airflow/.local/lib/python3.7/site-packages/airflow/example_dags/example_task_group.py for tasks to queue
[2023-07-09T19:15:27.272+0000] {logging_mixin.py:149} INFO - [2023-07-09T19:15:27.271+0000] {dagbag.py:541} INFO - Filling up the DagBag from /home/airflow/.local/lib/python3.7/site-packages/airflow/example_dags/example_task_group.py
[2023-07-09T19:15:27.281+0000] {processor.py:836} INFO - DAG(s) dict_keys(['example_task_group']) retrieved from /home/airflow/.local/lib/python3.7/site-packages/airflow/example_dags/example_task_group.py
[2023-07-09T19:15:27.310+0000] {logging_mixin.py:149} INFO - [2023-07-09T19:15:27.310+0000] {dag.py:2726} INFO - Sync 1 DAGs
[2023-07-09T19:15:27.337+0000] {logging_mixin.py:149} INFO - [2023-07-09T19:15:27.337+0000] {dag.py:3490} INFO - Setting next_dagrun for example_task_group to 2023-07-08T19:15:27.337541+00:00, run_after=2023-07-09T19:15:27.337541+00:00
[2023-07-09T19:15:27.360+0000] {processor.py:179} INFO - Processing /home/airflow/.local/lib/python3.7/site-packages/airflow/example_dags/example_task_group.py took 0.095 seconds
[2023-07-09T19:15:57.561+0000] {processor.py:157} INFO - Started process (PID=1884) to work on /home/airflow/.local/lib/python3.7/site-packages/airflow/example_dags/example_task_group.py
[2023-07-09T19:15:57.562+0000] {processor.py:826} INFO - Processing file /home/airflow/.local/lib/python3.7/site-packages/airflow/example_dags/example_task_group.py for tasks to queue
[2023-07-09T19:15:57.563+0000] {logging_mixin.py:149} INFO - [2023-07-09T19:15:57.563+0000] {dagbag.py:541} INFO - Filling up the DagBag from /home/airflow/.local/lib/python3.7/site-packages/airflow/example_dags/example_task_group.py
[2023-07-09T19:15:57.571+0000] {processor.py:836} INFO - DAG(s) dict_keys(['example_task_group']) retrieved from /home/airflow/.local/lib/python3.7/site-packages/airflow/example_dags/example_task_group.py
[2023-07-09T19:15:57.596+0000] {logging_mixin.py:149} INFO - [2023-07-09T19:15:57.595+0000] {dag.py:2726} INFO - Sync 1 DAGs
[2023-07-09T19:15:57.620+0000] {logging_mixin.py:149} INFO - [2023-07-09T19:15:57.620+0000] {dag.py:3490} INFO - Setting next_dagrun for example_task_group to 2023-07-08T19:15:57.620279+00:00, run_after=2023-07-09T19:15:57.620279+00:00
[2023-07-09T19:15:57.641+0000] {processor.py:179} INFO - Processing /home/airflow/.local/lib/python3.7/site-packages/airflow/example_dags/example_task_group.py took 0.082 seconds
[2023-07-09T19:16:27.759+0000] {processor.py:157} INFO - Started process (PID=1947) to work on /home/airflow/.local/lib/python3.7/site-packages/airflow/example_dags/example_task_group.py
[2023-07-09T19:16:27.760+0000] {processor.py:826} INFO - Processing file /home/airflow/.local/lib/python3.7/site-packages/airflow/example_dags/example_task_group.py for tasks to queue
[2023-07-09T19:16:27.762+0000] {logging_mixin.py:149} INFO - [2023-07-09T19:16:27.761+0000] {dagbag.py:541} INFO - Filling up the DagBag from /home/airflow/.local/lib/python3.7/site-packages/airflow/example_dags/example_task_group.py
[2023-07-09T19:16:27.770+0000] {processor.py:836} INFO - DAG(s) dict_keys(['example_task_group']) retrieved from /home/airflow/.local/lib/python3.7/site-packages/airflow/example_dags/example_task_group.py
[2023-07-09T19:16:27.795+0000] {logging_mixin.py:149} INFO - [2023-07-09T19:16:27.795+0000] {dag.py:2726} INFO - Sync 1 DAGs
[2023-07-09T19:16:27.818+0000] {logging_mixin.py:149} INFO - [2023-07-09T19:16:27.818+0000] {dag.py:3490} INFO - Setting next_dagrun for example_task_group to 2023-07-08T19:16:27.818200+00:00, run_after=2023-07-09T19:16:27.818200+00:00
[2023-07-09T19:16:27.838+0000] {processor.py:179} INFO - Processing /home/airflow/.local/lib/python3.7/site-packages/airflow/example_dags/example_task_group.py took 0.082 seconds
[2023-07-09T19:16:57.948+0000] {processor.py:157} INFO - Started process (PID=2009) to work on /home/airflow/.local/lib/python3.7/site-packages/airflow/example_dags/example_task_group.py
[2023-07-09T19:16:57.949+0000] {processor.py:826} INFO - Processing file /home/airflow/.local/lib/python3.7/site-packages/airflow/example_dags/example_task_group.py for tasks to queue
[2023-07-09T19:16:57.950+0000] {logging_mixin.py:149} INFO - [2023-07-09T19:16:57.950+0000] {dagbag.py:541} INFO - Filling up the DagBag from /home/airflow/.local/lib/python3.7/site-packages/airflow/example_dags/example_task_group.py
[2023-07-09T19:16:57.957+0000] {processor.py:836} INFO - DAG(s) dict_keys(['example_task_group']) retrieved from /home/airflow/.local/lib/python3.7/site-packages/airflow/example_dags/example_task_group.py
[2023-07-09T19:16:57.982+0000] {logging_mixin.py:149} INFO - [2023-07-09T19:16:57.981+0000] {dag.py:2726} INFO - Sync 1 DAGs
[2023-07-09T19:16:58.007+0000] {logging_mixin.py:149} INFO - [2023-07-09T19:16:58.007+0000] {dag.py:3490} INFO - Setting next_dagrun for example_task_group to 2023-07-08T19:16:58.006868+00:00, run_after=2023-07-09T19:16:58.006868+00:00
[2023-07-09T19:16:58.029+0000] {processor.py:179} INFO - Processing /home/airflow/.local/lib/python3.7/site-packages/airflow/example_dags/example_task_group.py took 0.084 seconds
[2023-07-09T19:17:28.342+0000] {processor.py:157} INFO - Started process (PID=2071) to work on /home/airflow/.local/lib/python3.7/site-packages/airflow/example_dags/example_task_group.py
[2023-07-09T19:17:28.343+0000] {processor.py:826} INFO - Processing file /home/airflow/.local/lib/python3.7/site-packages/airflow/example_dags/example_task_group.py for tasks to queue
[2023-07-09T19:17:28.343+0000] {logging_mixin.py:149} INFO - [2023-07-09T19:17:28.343+0000] {dagbag.py:541} INFO - Filling up the DagBag from /home/airflow/.local/lib/python3.7/site-packages/airflow/example_dags/example_task_group.py
[2023-07-09T19:17:28.351+0000] {processor.py:836} INFO - DAG(s) dict_keys(['example_task_group']) retrieved from /home/airflow/.local/lib/python3.7/site-packages/airflow/example_dags/example_task_group.py
[2023-07-09T19:17:28.374+0000] {logging_mixin.py:149} INFO - [2023-07-09T19:17:28.374+0000] {dag.py:2726} INFO - Sync 1 DAGs
[2023-07-09T19:17:28.396+0000] {logging_mixin.py:149} INFO - [2023-07-09T19:17:28.396+0000] {dag.py:3490} INFO - Setting next_dagrun for example_task_group to 2023-07-08T19:17:28.396176+00:00, run_after=2023-07-09T19:17:28.396176+00:00
[2023-07-09T19:17:28.419+0000] {processor.py:179} INFO - Processing /home/airflow/.local/lib/python3.7/site-packages/airflow/example_dags/example_task_group.py took 0.080 seconds
[2023-07-09T19:17:59.229+0000] {processor.py:157} INFO - Started process (PID=2133) to work on /home/airflow/.local/lib/python3.7/site-packages/airflow/example_dags/example_task_group.py
[2023-07-09T19:17:59.231+0000] {processor.py:826} INFO - Processing file /home/airflow/.local/lib/python3.7/site-packages/airflow/example_dags/example_task_group.py for tasks to queue
[2023-07-09T19:17:59.232+0000] {logging_mixin.py:149} INFO - [2023-07-09T19:17:59.232+0000] {dagbag.py:541} INFO - Filling up the DagBag from /home/airflow/.local/lib/python3.7/site-packages/airflow/example_dags/example_task_group.py
[2023-07-09T19:17:59.239+0000] {processor.py:836} INFO - DAG(s) dict_keys(['example_task_group']) retrieved from /home/airflow/.local/lib/python3.7/site-packages/airflow/example_dags/example_task_group.py
[2023-07-09T19:17:59.264+0000] {logging_mixin.py:149} INFO - [2023-07-09T19:17:59.263+0000] {dag.py:2726} INFO - Sync 1 DAGs
[2023-07-09T19:17:59.292+0000] {logging_mixin.py:149} INFO - [2023-07-09T19:17:59.291+0000] {dag.py:3490} INFO - Setting next_dagrun for example_task_group to 2023-07-08T19:17:59.291751+00:00, run_after=2023-07-09T19:17:59.291751+00:00
[2023-07-09T19:17:59.314+0000] {processor.py:179} INFO - Processing /home/airflow/.local/lib/python3.7/site-packages/airflow/example_dags/example_task_group.py took 0.088 seconds
[2023-07-09T19:18:29.576+0000] {processor.py:157} INFO - Started process (PID=2195) to work on /home/airflow/.local/lib/python3.7/site-packages/airflow/example_dags/example_task_group.py
[2023-07-09T19:18:29.577+0000] {processor.py:826} INFO - Processing file /home/airflow/.local/lib/python3.7/site-packages/airflow/example_dags/example_task_group.py for tasks to queue
[2023-07-09T19:18:29.578+0000] {logging_mixin.py:149} INFO - [2023-07-09T19:18:29.578+0000] {dagbag.py:541} INFO - Filling up the DagBag from /home/airflow/.local/lib/python3.7/site-packages/airflow/example_dags/example_task_group.py
[2023-07-09T19:18:29.585+0000] {processor.py:836} INFO - DAG(s) dict_keys(['example_task_group']) retrieved from /home/airflow/.local/lib/python3.7/site-packages/airflow/example_dags/example_task_group.py
[2023-07-09T19:18:29.610+0000] {logging_mixin.py:149} INFO - [2023-07-09T19:18:29.610+0000] {dag.py:2726} INFO - Sync 1 DAGs
[2023-07-09T19:18:29.636+0000] {logging_mixin.py:149} INFO - [2023-07-09T19:18:29.636+0000] {dag.py:3490} INFO - Setting next_dagrun for example_task_group to 2023-07-08T19:18:29.636424+00:00, run_after=2023-07-09T19:18:29.636424+00:00
[2023-07-09T19:18:29.658+0000] {processor.py:179} INFO - Processing /home/airflow/.local/lib/python3.7/site-packages/airflow/example_dags/example_task_group.py took 0.085 seconds
[2023-07-09T19:18:59.859+0000] {processor.py:157} INFO - Started process (PID=2257) to work on /home/airflow/.local/lib/python3.7/site-packages/airflow/example_dags/example_task_group.py
[2023-07-09T19:18:59.860+0000] {processor.py:826} INFO - Processing file /home/airflow/.local/lib/python3.7/site-packages/airflow/example_dags/example_task_group.py for tasks to queue
[2023-07-09T19:18:59.861+0000] {logging_mixin.py:149} INFO - [2023-07-09T19:18:59.861+0000] {dagbag.py:541} INFO - Filling up the DagBag from /home/airflow/.local/lib/python3.7/site-packages/airflow/example_dags/example_task_group.py
[2023-07-09T19:18:59.869+0000] {processor.py:836} INFO - DAG(s) dict_keys(['example_task_group']) retrieved from /home/airflow/.local/lib/python3.7/site-packages/airflow/example_dags/example_task_group.py
[2023-07-09T19:18:59.893+0000] {logging_mixin.py:149} INFO - [2023-07-09T19:18:59.893+0000] {dag.py:2726} INFO - Sync 1 DAGs
[2023-07-09T19:18:59.917+0000] {logging_mixin.py:149} INFO - [2023-07-09T19:18:59.917+0000] {dag.py:3490} INFO - Setting next_dagrun for example_task_group to 2023-07-08T19:18:59.916825+00:00, run_after=2023-07-09T19:18:59.916825+00:00
[2023-07-09T19:18:59.938+0000] {processor.py:179} INFO - Processing /home/airflow/.local/lib/python3.7/site-packages/airflow/example_dags/example_task_group.py took 0.083 seconds
[2023-07-09T19:19:30.055+0000] {processor.py:157} INFO - Started process (PID=2319) to work on /home/airflow/.local/lib/python3.7/site-packages/airflow/example_dags/example_task_group.py
[2023-07-09T19:19:30.056+0000] {processor.py:826} INFO - Processing file /home/airflow/.local/lib/python3.7/site-packages/airflow/example_dags/example_task_group.py for tasks to queue
[2023-07-09T19:19:30.057+0000] {logging_mixin.py:149} INFO - [2023-07-09T19:19:30.057+0000] {dagbag.py:541} INFO - Filling up the DagBag from /home/airflow/.local/lib/python3.7/site-packages/airflow/example_dags/example_task_group.py
[2023-07-09T19:19:30.065+0000] {processor.py:836} INFO - DAG(s) dict_keys(['example_task_group']) retrieved from /home/airflow/.local/lib/python3.7/site-packages/airflow/example_dags/example_task_group.py
[2023-07-09T19:19:30.087+0000] {logging_mixin.py:149} INFO - [2023-07-09T19:19:30.087+0000] {dag.py:2726} INFO - Sync 1 DAGs
[2023-07-09T19:19:30.111+0000] {logging_mixin.py:149} INFO - [2023-07-09T19:19:30.111+0000] {dag.py:3490} INFO - Setting next_dagrun for example_task_group to 2023-07-08T19:19:30.111172+00:00, run_after=2023-07-09T19:19:30.111172+00:00
[2023-07-09T19:19:30.131+0000] {processor.py:179} INFO - Processing /home/airflow/.local/lib/python3.7/site-packages/airflow/example_dags/example_task_group.py took 0.079 seconds
[2023-07-09T19:20:00.246+0000] {processor.py:157} INFO - Started process (PID=2381) to work on /home/airflow/.local/lib/python3.7/site-packages/airflow/example_dags/example_task_group.py
[2023-07-09T19:20:00.247+0000] {processor.py:826} INFO - Processing file /home/airflow/.local/lib/python3.7/site-packages/airflow/example_dags/example_task_group.py for tasks to queue
[2023-07-09T19:20:00.248+0000] {logging_mixin.py:149} INFO - [2023-07-09T19:20:00.248+0000] {dagbag.py:541} INFO - Filling up the DagBag from /home/airflow/.local/lib/python3.7/site-packages/airflow/example_dags/example_task_group.py
[2023-07-09T19:20:00.256+0000] {processor.py:836} INFO - DAG(s) dict_keys(['example_task_group']) retrieved from /home/airflow/.local/lib/python3.7/site-packages/airflow/example_dags/example_task_group.py
[2023-07-09T19:20:00.282+0000] {logging_mixin.py:149} INFO - [2023-07-09T19:20:00.282+0000] {dag.py:2726} INFO - Sync 1 DAGs
[2023-07-09T19:20:00.305+0000] {logging_mixin.py:149} INFO - [2023-07-09T19:20:00.305+0000] {dag.py:3490} INFO - Setting next_dagrun for example_task_group to 2023-07-08T19:20:00.305322+00:00, run_after=2023-07-09T19:20:00.305322+00:00
[2023-07-09T19:20:00.326+0000] {processor.py:179} INFO - Processing /home/airflow/.local/lib/python3.7/site-packages/airflow/example_dags/example_task_group.py took 0.083 seconds
[2023-07-09T19:20:30.612+0000] {processor.py:157} INFO - Started process (PID=2443) to work on /home/airflow/.local/lib/python3.7/site-packages/airflow/example_dags/example_task_group.py
[2023-07-09T19:20:30.613+0000] {processor.py:826} INFO - Processing file /home/airflow/.local/lib/python3.7/site-packages/airflow/example_dags/example_task_group.py for tasks to queue
[2023-07-09T19:20:30.614+0000] {logging_mixin.py:149} INFO - [2023-07-09T19:20:30.613+0000] {dagbag.py:541} INFO - Filling up the DagBag from /home/airflow/.local/lib/python3.7/site-packages/airflow/example_dags/example_task_group.py
[2023-07-09T19:20:30.620+0000] {processor.py:836} INFO - DAG(s) dict_keys(['example_task_group']) retrieved from /home/airflow/.local/lib/python3.7/site-packages/airflow/example_dags/example_task_group.py
[2023-07-09T19:20:30.648+0000] {logging_mixin.py:149} INFO - [2023-07-09T19:20:30.648+0000] {dag.py:2726} INFO - Sync 1 DAGs
[2023-07-09T19:20:30.673+0000] {logging_mixin.py:149} INFO - [2023-07-09T19:20:30.673+0000] {dag.py:3490} INFO - Setting next_dagrun for example_task_group to 2023-07-08T19:20:30.673638+00:00, run_after=2023-07-09T19:20:30.673638+00:00
[2023-07-09T19:20:30.697+0000] {processor.py:179} INFO - Processing /home/airflow/.local/lib/python3.7/site-packages/airflow/example_dags/example_task_group.py took 0.089 seconds
[2023-07-09T19:21:00.985+0000] {processor.py:157} INFO - Started process (PID=2505) to work on /home/airflow/.local/lib/python3.7/site-packages/airflow/example_dags/example_task_group.py
[2023-07-09T19:21:00.986+0000] {processor.py:826} INFO - Processing file /home/airflow/.local/lib/python3.7/site-packages/airflow/example_dags/example_task_group.py for tasks to queue
[2023-07-09T19:21:00.987+0000] {logging_mixin.py:149} INFO - [2023-07-09T19:21:00.987+0000] {dagbag.py:541} INFO - Filling up the DagBag from /home/airflow/.local/lib/python3.7/site-packages/airflow/example_dags/example_task_group.py
[2023-07-09T19:21:00.996+0000] {processor.py:836} INFO - DAG(s) dict_keys(['example_task_group']) retrieved from /home/airflow/.local/lib/python3.7/site-packages/airflow/example_dags/example_task_group.py
[2023-07-09T19:21:01.023+0000] {logging_mixin.py:149} INFO - [2023-07-09T19:21:01.023+0000] {dag.py:2726} INFO - Sync 1 DAGs
[2023-07-09T19:21:01.047+0000] {logging_mixin.py:149} INFO - [2023-07-09T19:21:01.047+0000] {dag.py:3490} INFO - Setting next_dagrun for example_task_group to 2023-07-08T19:21:01.047114+00:00, run_after=2023-07-09T19:21:01.047114+00:00
[2023-07-09T19:21:01.070+0000] {processor.py:179} INFO - Processing /home/airflow/.local/lib/python3.7/site-packages/airflow/example_dags/example_task_group.py took 0.088 seconds
[2023-07-09T19:21:31.341+0000] {processor.py:157} INFO - Started process (PID=2567) to work on /home/airflow/.local/lib/python3.7/site-packages/airflow/example_dags/example_task_group.py
[2023-07-09T19:21:31.342+0000] {processor.py:826} INFO - Processing file /home/airflow/.local/lib/python3.7/site-packages/airflow/example_dags/example_task_group.py for tasks to queue
[2023-07-09T19:21:31.343+0000] {logging_mixin.py:149} INFO - [2023-07-09T19:21:31.343+0000] {dagbag.py:541} INFO - Filling up the DagBag from /home/airflow/.local/lib/python3.7/site-packages/airflow/example_dags/example_task_group.py
[2023-07-09T19:21:31.351+0000] {processor.py:836} INFO - DAG(s) dict_keys(['example_task_group']) retrieved from /home/airflow/.local/lib/python3.7/site-packages/airflow/example_dags/example_task_group.py
[2023-07-09T19:21:31.380+0000] {logging_mixin.py:149} INFO - [2023-07-09T19:21:31.380+0000] {dag.py:2726} INFO - Sync 1 DAGs
[2023-07-09T19:21:31.409+0000] {logging_mixin.py:149} INFO - [2023-07-09T19:21:31.409+0000] {dag.py:3490} INFO - Setting next_dagrun for example_task_group to 2023-07-08T19:21:31.409026+00:00, run_after=2023-07-09T19:21:31.409026+00:00
[2023-07-09T19:21:31.433+0000] {processor.py:179} INFO - Processing /home/airflow/.local/lib/python3.7/site-packages/airflow/example_dags/example_task_group.py took 0.096 seconds
[2023-07-09T19:22:01.629+0000] {processor.py:157} INFO - Started process (PID=2629) to work on /home/airflow/.local/lib/python3.7/site-packages/airflow/example_dags/example_task_group.py
[2023-07-09T19:22:01.630+0000] {processor.py:826} INFO - Processing file /home/airflow/.local/lib/python3.7/site-packages/airflow/example_dags/example_task_group.py for tasks to queue
[2023-07-09T19:22:01.631+0000] {logging_mixin.py:149} INFO - [2023-07-09T19:22:01.631+0000] {dagbag.py:541} INFO - Filling up the DagBag from /home/airflow/.local/lib/python3.7/site-packages/airflow/example_dags/example_task_group.py
[2023-07-09T19:22:01.638+0000] {processor.py:836} INFO - DAG(s) dict_keys(['example_task_group']) retrieved from /home/airflow/.local/lib/python3.7/site-packages/airflow/example_dags/example_task_group.py
[2023-07-09T19:22:01.661+0000] {logging_mixin.py:149} INFO - [2023-07-09T19:22:01.661+0000] {dag.py:2726} INFO - Sync 1 DAGs
[2023-07-09T19:22:01.686+0000] {logging_mixin.py:149} INFO - [2023-07-09T19:22:01.686+0000] {dag.py:3490} INFO - Setting next_dagrun for example_task_group to 2023-07-08T19:22:01.685939+00:00, run_after=2023-07-09T19:22:01.685939+00:00
[2023-07-09T19:22:01.707+0000] {processor.py:179} INFO - Processing /home/airflow/.local/lib/python3.7/site-packages/airflow/example_dags/example_task_group.py took 0.081 seconds
[2023-07-09T19:22:31.805+0000] {processor.py:157} INFO - Started process (PID=2691) to work on /home/airflow/.local/lib/python3.7/site-packages/airflow/example_dags/example_task_group.py
[2023-07-09T19:22:31.807+0000] {processor.py:826} INFO - Processing file /home/airflow/.local/lib/python3.7/site-packages/airflow/example_dags/example_task_group.py for tasks to queue
[2023-07-09T19:22:31.808+0000] {logging_mixin.py:149} INFO - [2023-07-09T19:22:31.807+0000] {dagbag.py:541} INFO - Filling up the DagBag from /home/airflow/.local/lib/python3.7/site-packages/airflow/example_dags/example_task_group.py
[2023-07-09T19:22:31.815+0000] {processor.py:836} INFO - DAG(s) dict_keys(['example_task_group']) retrieved from /home/airflow/.local/lib/python3.7/site-packages/airflow/example_dags/example_task_group.py
[2023-07-09T19:22:31.841+0000] {logging_mixin.py:149} INFO - [2023-07-09T19:22:31.841+0000] {dag.py:2726} INFO - Sync 1 DAGs
[2023-07-09T19:22:31.864+0000] {logging_mixin.py:149} INFO - [2023-07-09T19:22:31.864+0000] {dag.py:3490} INFO - Setting next_dagrun for example_task_group to 2023-07-08T19:22:31.864029+00:00, run_after=2023-07-09T19:22:31.864029+00:00
[2023-07-09T19:22:31.884+0000] {processor.py:179} INFO - Processing /home/airflow/.local/lib/python3.7/site-packages/airflow/example_dags/example_task_group.py took 0.082 seconds
[2023-07-09T19:23:02.106+0000] {processor.py:157} INFO - Started process (PID=2753) to work on /home/airflow/.local/lib/python3.7/site-packages/airflow/example_dags/example_task_group.py
[2023-07-09T19:23:02.107+0000] {processor.py:826} INFO - Processing file /home/airflow/.local/lib/python3.7/site-packages/airflow/example_dags/example_task_group.py for tasks to queue
[2023-07-09T19:23:02.108+0000] {logging_mixin.py:149} INFO - [2023-07-09T19:23:02.107+0000] {dagbag.py:541} INFO - Filling up the DagBag from /home/airflow/.local/lib/python3.7/site-packages/airflow/example_dags/example_task_group.py
[2023-07-09T19:23:02.115+0000] {processor.py:836} INFO - DAG(s) dict_keys(['example_task_group']) retrieved from /home/airflow/.local/lib/python3.7/site-packages/airflow/example_dags/example_task_group.py
[2023-07-09T19:23:02.140+0000] {logging_mixin.py:149} INFO - [2023-07-09T19:23:02.140+0000] {dag.py:2726} INFO - Sync 1 DAGs
[2023-07-09T19:23:02.165+0000] {logging_mixin.py:149} INFO - [2023-07-09T19:23:02.165+0000] {dag.py:3490} INFO - Setting next_dagrun for example_task_group to 2023-07-08T19:23:02.165485+00:00, run_after=2023-07-09T19:23:02.165485+00:00
[2023-07-09T19:23:02.190+0000] {processor.py:179} INFO - Processing /home/airflow/.local/lib/python3.7/site-packages/airflow/example_dags/example_task_group.py took 0.087 seconds
[2023-07-09T19:23:33.076+0000] {processor.py:157} INFO - Started process (PID=2807) to work on /home/airflow/.local/lib/python3.7/site-packages/airflow/example_dags/example_task_group.py
[2023-07-09T19:23:33.077+0000] {processor.py:826} INFO - Processing file /home/airflow/.local/lib/python3.7/site-packages/airflow/example_dags/example_task_group.py for tasks to queue
[2023-07-09T19:23:33.078+0000] {logging_mixin.py:149} INFO - [2023-07-09T19:23:33.078+0000] {dagbag.py:541} INFO - Filling up the DagBag from /home/airflow/.local/lib/python3.7/site-packages/airflow/example_dags/example_task_group.py
[2023-07-09T19:23:33.085+0000] {processor.py:836} INFO - DAG(s) dict_keys(['example_task_group']) retrieved from /home/airflow/.local/lib/python3.7/site-packages/airflow/example_dags/example_task_group.py
[2023-07-09T19:23:33.112+0000] {logging_mixin.py:149} INFO - [2023-07-09T19:23:33.112+0000] {dag.py:2726} INFO - Sync 1 DAGs
[2023-07-09T19:23:33.137+0000] {logging_mixin.py:149} INFO - [2023-07-09T19:23:33.137+0000] {dag.py:3490} INFO - Setting next_dagrun for example_task_group to 2023-07-08T19:23:33.136912+00:00, run_after=2023-07-09T19:23:33.136912+00:00
[2023-07-09T19:23:33.158+0000] {processor.py:179} INFO - Processing /home/airflow/.local/lib/python3.7/site-packages/airflow/example_dags/example_task_group.py took 0.084 seconds
[2023-07-09T19:24:03.484+0000] {processor.py:157} INFO - Started process (PID=2869) to work on /home/airflow/.local/lib/python3.7/site-packages/airflow/example_dags/example_task_group.py
[2023-07-09T19:24:03.485+0000] {processor.py:826} INFO - Processing file /home/airflow/.local/lib/python3.7/site-packages/airflow/example_dags/example_task_group.py for tasks to queue
[2023-07-09T19:24:03.486+0000] {logging_mixin.py:149} INFO - [2023-07-09T19:24:03.486+0000] {dagbag.py:541} INFO - Filling up the DagBag from /home/airflow/.local/lib/python3.7/site-packages/airflow/example_dags/example_task_group.py
[2023-07-09T19:24:03.493+0000] {processor.py:836} INFO - DAG(s) dict_keys(['example_task_group']) retrieved from /home/airflow/.local/lib/python3.7/site-packages/airflow/example_dags/example_task_group.py
[2023-07-09T19:24:03.518+0000] {logging_mixin.py:149} INFO - [2023-07-09T19:24:03.518+0000] {dag.py:2726} INFO - Sync 1 DAGs
[2023-07-09T19:24:03.544+0000] {logging_mixin.py:149} INFO - [2023-07-09T19:24:03.543+0000] {dag.py:3490} INFO - Setting next_dagrun for example_task_group to 2023-07-08T19:24:03.543684+00:00, run_after=2023-07-09T19:24:03.543684+00:00
[2023-07-09T19:24:03.565+0000] {processor.py:179} INFO - Processing /home/airflow/.local/lib/python3.7/site-packages/airflow/example_dags/example_task_group.py took 0.084 seconds
[2023-07-09T19:24:33.778+0000] {processor.py:157} INFO - Started process (PID=2931) to work on /home/airflow/.local/lib/python3.7/site-packages/airflow/example_dags/example_task_group.py
[2023-07-09T19:24:33.779+0000] {processor.py:826} INFO - Processing file /home/airflow/.local/lib/python3.7/site-packages/airflow/example_dags/example_task_group.py for tasks to queue
[2023-07-09T19:24:33.780+0000] {logging_mixin.py:149} INFO - [2023-07-09T19:24:33.780+0000] {dagbag.py:541} INFO - Filling up the DagBag from /home/airflow/.local/lib/python3.7/site-packages/airflow/example_dags/example_task_group.py
[2023-07-09T19:24:33.787+0000] {processor.py:836} INFO - DAG(s) dict_keys(['example_task_group']) retrieved from /home/airflow/.local/lib/python3.7/site-packages/airflow/example_dags/example_task_group.py
[2023-07-09T19:24:33.812+0000] {logging_mixin.py:149} INFO - [2023-07-09T19:24:33.812+0000] {dag.py:2726} INFO - Sync 1 DAGs
[2023-07-09T19:24:33.838+0000] {logging_mixin.py:149} INFO - [2023-07-09T19:24:33.838+0000] {dag.py:3490} INFO - Setting next_dagrun for example_task_group to 2023-07-08T19:24:33.838352+00:00, run_after=2023-07-09T19:24:33.838352+00:00
[2023-07-09T19:24:33.860+0000] {processor.py:179} INFO - Processing /home/airflow/.local/lib/python3.7/site-packages/airflow/example_dags/example_task_group.py took 0.085 seconds
[2023-07-09T19:25:03.980+0000] {processor.py:157} INFO - Started process (PID=2993) to work on /home/airflow/.local/lib/python3.7/site-packages/airflow/example_dags/example_task_group.py
[2023-07-09T19:25:03.981+0000] {processor.py:826} INFO - Processing file /home/airflow/.local/lib/python3.7/site-packages/airflow/example_dags/example_task_group.py for tasks to queue
[2023-07-09T19:25:03.982+0000] {logging_mixin.py:149} INFO - [2023-07-09T19:25:03.982+0000] {dagbag.py:541} INFO - Filling up the DagBag from /home/airflow/.local/lib/python3.7/site-packages/airflow/example_dags/example_task_group.py
[2023-07-09T19:25:03.992+0000] {processor.py:836} INFO - DAG(s) dict_keys(['example_task_group']) retrieved from /home/airflow/.local/lib/python3.7/site-packages/airflow/example_dags/example_task_group.py
[2023-07-09T19:25:04.019+0000] {logging_mixin.py:149} INFO - [2023-07-09T19:25:04.018+0000] {dag.py:2726} INFO - Sync 1 DAGs
[2023-07-09T19:25:04.040+0000] {logging_mixin.py:149} INFO - [2023-07-09T19:25:04.040+0000] {dag.py:3490} INFO - Setting next_dagrun for example_task_group to 2023-07-08T19:25:04.040474+00:00, run_after=2023-07-09T19:25:04.040474+00:00
[2023-07-09T19:25:04.057+0000] {processor.py:179} INFO - Processing /home/airflow/.local/lib/python3.7/site-packages/airflow/example_dags/example_task_group.py took 0.081 seconds
[2023-07-09T19:25:34.888+0000] {processor.py:157} INFO - Started process (PID=3055) to work on /home/airflow/.local/lib/python3.7/site-packages/airflow/example_dags/example_task_group.py
[2023-07-09T19:25:34.890+0000] {processor.py:826} INFO - Processing file /home/airflow/.local/lib/python3.7/site-packages/airflow/example_dags/example_task_group.py for tasks to queue
[2023-07-09T19:25:34.890+0000] {logging_mixin.py:149} INFO - [2023-07-09T19:25:34.890+0000] {dagbag.py:541} INFO - Filling up the DagBag from /home/airflow/.local/lib/python3.7/site-packages/airflow/example_dags/example_task_group.py
[2023-07-09T19:25:34.898+0000] {processor.py:836} INFO - DAG(s) dict_keys(['example_task_group']) retrieved from /home/airflow/.local/lib/python3.7/site-packages/airflow/example_dags/example_task_group.py
[2023-07-09T19:25:34.923+0000] {logging_mixin.py:149} INFO - [2023-07-09T19:25:34.923+0000] {dag.py:2726} INFO - Sync 1 DAGs
[2023-07-09T19:25:34.949+0000] {logging_mixin.py:149} INFO - [2023-07-09T19:25:34.949+0000] {dag.py:3490} INFO - Setting next_dagrun for example_task_group to 2023-07-08T19:25:34.948883+00:00, run_after=2023-07-09T19:25:34.948883+00:00
[2023-07-09T19:25:34.970+0000] {processor.py:179} INFO - Processing /home/airflow/.local/lib/python3.7/site-packages/airflow/example_dags/example_task_group.py took 0.085 seconds
[2023-07-09T19:26:05.391+0000] {processor.py:157} INFO - Started process (PID=3117) to work on /home/airflow/.local/lib/python3.7/site-packages/airflow/example_dags/example_task_group.py
[2023-07-09T19:26:05.392+0000] {processor.py:826} INFO - Processing file /home/airflow/.local/lib/python3.7/site-packages/airflow/example_dags/example_task_group.py for tasks to queue
[2023-07-09T19:26:05.393+0000] {logging_mixin.py:149} INFO - [2023-07-09T19:26:05.393+0000] {dagbag.py:541} INFO - Filling up the DagBag from /home/airflow/.local/lib/python3.7/site-packages/airflow/example_dags/example_task_group.py
[2023-07-09T19:26:05.400+0000] {processor.py:836} INFO - DAG(s) dict_keys(['example_task_group']) retrieved from /home/airflow/.local/lib/python3.7/site-packages/airflow/example_dags/example_task_group.py
[2023-07-09T19:26:05.425+0000] {logging_mixin.py:149} INFO - [2023-07-09T19:26:05.425+0000] {dag.py:2726} INFO - Sync 1 DAGs
[2023-07-09T19:26:05.449+0000] {logging_mixin.py:149} INFO - [2023-07-09T19:26:05.449+0000] {dag.py:3490} INFO - Setting next_dagrun for example_task_group to 2023-07-08T19:26:05.448786+00:00, run_after=2023-07-09T19:26:05.448786+00:00
[2023-07-09T19:26:05.471+0000] {processor.py:179} INFO - Processing /home/airflow/.local/lib/python3.7/site-packages/airflow/example_dags/example_task_group.py took 0.084 seconds
[2023-07-09T19:26:36.008+0000] {processor.py:157} INFO - Started process (PID=3179) to work on /home/airflow/.local/lib/python3.7/site-packages/airflow/example_dags/example_task_group.py
[2023-07-09T19:26:36.010+0000] {processor.py:826} INFO - Processing file /home/airflow/.local/lib/python3.7/site-packages/airflow/example_dags/example_task_group.py for tasks to queue
[2023-07-09T19:26:36.011+0000] {logging_mixin.py:149} INFO - [2023-07-09T19:26:36.010+0000] {dagbag.py:541} INFO - Filling up the DagBag from /home/airflow/.local/lib/python3.7/site-packages/airflow/example_dags/example_task_group.py
[2023-07-09T19:26:36.018+0000] {processor.py:836} INFO - DAG(s) dict_keys(['example_task_group']) retrieved from /home/airflow/.local/lib/python3.7/site-packages/airflow/example_dags/example_task_group.py
[2023-07-09T19:26:36.045+0000] {logging_mixin.py:149} INFO - [2023-07-09T19:26:36.044+0000] {dag.py:2726} INFO - Sync 1 DAGs
[2023-07-09T19:26:36.069+0000] {logging_mixin.py:149} INFO - [2023-07-09T19:26:36.069+0000] {dag.py:3490} INFO - Setting next_dagrun for example_task_group to 2023-07-08T19:26:36.069472+00:00, run_after=2023-07-09T19:26:36.069472+00:00
[2023-07-09T19:26:36.094+0000] {processor.py:179} INFO - Processing /home/airflow/.local/lib/python3.7/site-packages/airflow/example_dags/example_task_group.py took 0.089 seconds
[2023-07-09T19:27:06.450+0000] {processor.py:157} INFO - Started process (PID=3241) to work on /home/airflow/.local/lib/python3.7/site-packages/airflow/example_dags/example_task_group.py
[2023-07-09T19:27:06.451+0000] {processor.py:826} INFO - Processing file /home/airflow/.local/lib/python3.7/site-packages/airflow/example_dags/example_task_group.py for tasks to queue
[2023-07-09T19:27:06.451+0000] {logging_mixin.py:149} INFO - [2023-07-09T19:27:06.451+0000] {dagbag.py:541} INFO - Filling up the DagBag from /home/airflow/.local/lib/python3.7/site-packages/airflow/example_dags/example_task_group.py
[2023-07-09T19:27:06.461+0000] {processor.py:836} INFO - DAG(s) dict_keys(['example_task_group']) retrieved from /home/airflow/.local/lib/python3.7/site-packages/airflow/example_dags/example_task_group.py
[2023-07-09T19:27:06.489+0000] {logging_mixin.py:149} INFO - [2023-07-09T19:27:06.488+0000] {dag.py:2726} INFO - Sync 1 DAGs
[2023-07-09T19:27:06.520+0000] {logging_mixin.py:149} INFO - [2023-07-09T19:27:06.520+0000] {dag.py:3490} INFO - Setting next_dagrun for example_task_group to 2023-07-08T19:27:06.520420+00:00, run_after=2023-07-09T19:27:06.520420+00:00
[2023-07-09T19:27:06.540+0000] {processor.py:179} INFO - Processing /home/airflow/.local/lib/python3.7/site-packages/airflow/example_dags/example_task_group.py took 0.094 seconds
[2023-07-09T19:27:37.136+0000] {processor.py:157} INFO - Started process (PID=3304) to work on /home/airflow/.local/lib/python3.7/site-packages/airflow/example_dags/example_task_group.py
[2023-07-09T19:27:37.137+0000] {processor.py:826} INFO - Processing file /home/airflow/.local/lib/python3.7/site-packages/airflow/example_dags/example_task_group.py for tasks to queue
[2023-07-09T19:27:37.137+0000] {logging_mixin.py:149} INFO - [2023-07-09T19:27:37.137+0000] {dagbag.py:541} INFO - Filling up the DagBag from /home/airflow/.local/lib/python3.7/site-packages/airflow/example_dags/example_task_group.py
[2023-07-09T19:27:37.145+0000] {processor.py:836} INFO - DAG(s) dict_keys(['example_task_group']) retrieved from /home/airflow/.local/lib/python3.7/site-packages/airflow/example_dags/example_task_group.py
[2023-07-09T19:27:37.173+0000] {logging_mixin.py:149} INFO - [2023-07-09T19:27:37.172+0000] {dag.py:2726} INFO - Sync 1 DAGs
[2023-07-09T19:27:37.198+0000] {logging_mixin.py:149} INFO - [2023-07-09T19:27:37.198+0000] {dag.py:3490} INFO - Setting next_dagrun for example_task_group to 2023-07-08T19:27:37.198330+00:00, run_after=2023-07-09T19:27:37.198330+00:00
[2023-07-09T19:27:37.221+0000] {processor.py:179} INFO - Processing /home/airflow/.local/lib/python3.7/site-packages/airflow/example_dags/example_task_group.py took 0.088 seconds
[2023-07-09T19:28:07.833+0000] {processor.py:157} INFO - Started process (PID=3366) to work on /home/airflow/.local/lib/python3.7/site-packages/airflow/example_dags/example_task_group.py
[2023-07-09T19:28:07.834+0000] {processor.py:826} INFO - Processing file /home/airflow/.local/lib/python3.7/site-packages/airflow/example_dags/example_task_group.py for tasks to queue
[2023-07-09T19:28:07.835+0000] {logging_mixin.py:149} INFO - [2023-07-09T19:28:07.835+0000] {dagbag.py:541} INFO - Filling up the DagBag from /home/airflow/.local/lib/python3.7/site-packages/airflow/example_dags/example_task_group.py
[2023-07-09T19:28:07.844+0000] {processor.py:836} INFO - DAG(s) dict_keys(['example_task_group']) retrieved from /home/airflow/.local/lib/python3.7/site-packages/airflow/example_dags/example_task_group.py
[2023-07-09T19:28:07.871+0000] {logging_mixin.py:149} INFO - [2023-07-09T19:28:07.871+0000] {dag.py:2726} INFO - Sync 1 DAGs
[2023-07-09T19:28:07.895+0000] {logging_mixin.py:149} INFO - [2023-07-09T19:28:07.895+0000] {dag.py:3490} INFO - Setting next_dagrun for example_task_group to 2023-07-08T19:28:07.895156+00:00, run_after=2023-07-09T19:28:07.895156+00:00
[2023-07-09T19:28:07.918+0000] {processor.py:179} INFO - Processing /home/airflow/.local/lib/python3.7/site-packages/airflow/example_dags/example_task_group.py took 0.087 seconds
[2023-07-09T19:28:38.320+0000] {processor.py:157} INFO - Started process (PID=3428) to work on /home/airflow/.local/lib/python3.7/site-packages/airflow/example_dags/example_task_group.py
[2023-07-09T19:28:38.321+0000] {processor.py:826} INFO - Processing file /home/airflow/.local/lib/python3.7/site-packages/airflow/example_dags/example_task_group.py for tasks to queue
[2023-07-09T19:28:38.322+0000] {logging_mixin.py:149} INFO - [2023-07-09T19:28:38.322+0000] {dagbag.py:541} INFO - Filling up the DagBag from /home/airflow/.local/lib/python3.7/site-packages/airflow/example_dags/example_task_group.py
[2023-07-09T19:28:38.329+0000] {processor.py:836} INFO - DAG(s) dict_keys(['example_task_group']) retrieved from /home/airflow/.local/lib/python3.7/site-packages/airflow/example_dags/example_task_group.py
[2023-07-09T19:28:38.354+0000] {logging_mixin.py:149} INFO - [2023-07-09T19:28:38.353+0000] {dag.py:2726} INFO - Sync 1 DAGs
[2023-07-09T19:28:38.379+0000] {logging_mixin.py:149} INFO - [2023-07-09T19:28:38.379+0000] {dag.py:3490} INFO - Setting next_dagrun for example_task_group to 2023-07-08T19:28:38.378825+00:00, run_after=2023-07-09T19:28:38.378825+00:00
[2023-07-09T19:28:38.400+0000] {processor.py:179} INFO - Processing /home/airflow/.local/lib/python3.7/site-packages/airflow/example_dags/example_task_group.py took 0.084 seconds
[2023-07-09T19:29:08.919+0000] {processor.py:157} INFO - Started process (PID=3490) to work on /home/airflow/.local/lib/python3.7/site-packages/airflow/example_dags/example_task_group.py
[2023-07-09T19:29:08.920+0000] {processor.py:826} INFO - Processing file /home/airflow/.local/lib/python3.7/site-packages/airflow/example_dags/example_task_group.py for tasks to queue
[2023-07-09T19:29:08.921+0000] {logging_mixin.py:149} INFO - [2023-07-09T19:29:08.921+0000] {dagbag.py:541} INFO - Filling up the DagBag from /home/airflow/.local/lib/python3.7/site-packages/airflow/example_dags/example_task_group.py
[2023-07-09T19:29:08.929+0000] {processor.py:836} INFO - DAG(s) dict_keys(['example_task_group']) retrieved from /home/airflow/.local/lib/python3.7/site-packages/airflow/example_dags/example_task_group.py
[2023-07-09T19:29:08.954+0000] {logging_mixin.py:149} INFO - [2023-07-09T19:29:08.954+0000] {dag.py:2726} INFO - Sync 1 DAGs
[2023-07-09T19:29:08.981+0000] {logging_mixin.py:149} INFO - [2023-07-09T19:29:08.981+0000] {dag.py:3490} INFO - Setting next_dagrun for example_task_group to 2023-07-08T19:29:08.981273+00:00, run_after=2023-07-09T19:29:08.981273+00:00
[2023-07-09T19:29:09.003+0000] {processor.py:179} INFO - Processing /home/airflow/.local/lib/python3.7/site-packages/airflow/example_dags/example_task_group.py took 0.087 seconds
[2023-07-09T19:29:39.519+0000] {processor.py:157} INFO - Started process (PID=3552) to work on /home/airflow/.local/lib/python3.7/site-packages/airflow/example_dags/example_task_group.py
[2023-07-09T19:29:39.520+0000] {processor.py:826} INFO - Processing file /home/airflow/.local/lib/python3.7/site-packages/airflow/example_dags/example_task_group.py for tasks to queue
[2023-07-09T19:29:39.521+0000] {logging_mixin.py:149} INFO - [2023-07-09T19:29:39.521+0000] {dagbag.py:541} INFO - Filling up the DagBag from /home/airflow/.local/lib/python3.7/site-packages/airflow/example_dags/example_task_group.py
[2023-07-09T19:29:39.528+0000] {processor.py:836} INFO - DAG(s) dict_keys(['example_task_group']) retrieved from /home/airflow/.local/lib/python3.7/site-packages/airflow/example_dags/example_task_group.py
[2023-07-09T19:29:39.555+0000] {logging_mixin.py:149} INFO - [2023-07-09T19:29:39.555+0000] {dag.py:2726} INFO - Sync 1 DAGs
[2023-07-09T19:29:39.580+0000] {logging_mixin.py:149} INFO - [2023-07-09T19:29:39.580+0000] {dag.py:3490} INFO - Setting next_dagrun for example_task_group to 2023-07-08T19:29:39.580247+00:00, run_after=2023-07-09T19:29:39.580247+00:00
[2023-07-09T19:29:39.603+0000] {processor.py:179} INFO - Processing /home/airflow/.local/lib/python3.7/site-packages/airflow/example_dags/example_task_group.py took 0.088 seconds
[2023-07-09T19:30:10.072+0000] {processor.py:157} INFO - Started process (PID=3614) to work on /home/airflow/.local/lib/python3.7/site-packages/airflow/example_dags/example_task_group.py
[2023-07-09T19:30:10.074+0000] {processor.py:826} INFO - Processing file /home/airflow/.local/lib/python3.7/site-packages/airflow/example_dags/example_task_group.py for tasks to queue
[2023-07-09T19:30:10.075+0000] {logging_mixin.py:149} INFO - [2023-07-09T19:30:10.075+0000] {dagbag.py:541} INFO - Filling up the DagBag from /home/airflow/.local/lib/python3.7/site-packages/airflow/example_dags/example_task_group.py
[2023-07-09T19:30:10.082+0000] {processor.py:836} INFO - DAG(s) dict_keys(['example_task_group']) retrieved from /home/airflow/.local/lib/python3.7/site-packages/airflow/example_dags/example_task_group.py
[2023-07-09T19:30:10.110+0000] {logging_mixin.py:149} INFO - [2023-07-09T19:30:10.109+0000] {dag.py:2726} INFO - Sync 1 DAGs
[2023-07-09T19:30:10.138+0000] {logging_mixin.py:149} INFO - [2023-07-09T19:30:10.138+0000] {dag.py:3490} INFO - Setting next_dagrun for example_task_group to 2023-07-08T19:30:10.138062+00:00, run_after=2023-07-09T19:30:10.138062+00:00
[2023-07-09T19:30:10.163+0000] {processor.py:179} INFO - Processing /home/airflow/.local/lib/python3.7/site-packages/airflow/example_dags/example_task_group.py took 0.093 seconds
[2023-07-09T19:30:40.960+0000] {processor.py:157} INFO - Started process (PID=3676) to work on /home/airflow/.local/lib/python3.7/site-packages/airflow/example_dags/example_task_group.py
[2023-07-09T19:30:40.962+0000] {processor.py:826} INFO - Processing file /home/airflow/.local/lib/python3.7/site-packages/airflow/example_dags/example_task_group.py for tasks to queue
[2023-07-09T19:30:40.963+0000] {logging_mixin.py:149} INFO - [2023-07-09T19:30:40.963+0000] {dagbag.py:541} INFO - Filling up the DagBag from /home/airflow/.local/lib/python3.7/site-packages/airflow/example_dags/example_task_group.py
[2023-07-09T19:30:40.972+0000] {processor.py:836} INFO - DAG(s) dict_keys(['example_task_group']) retrieved from /home/airflow/.local/lib/python3.7/site-packages/airflow/example_dags/example_task_group.py
[2023-07-09T19:30:40.999+0000] {logging_mixin.py:149} INFO - [2023-07-09T19:30:40.998+0000] {dag.py:2726} INFO - Sync 1 DAGs
[2023-07-09T19:30:41.028+0000] {logging_mixin.py:149} INFO - [2023-07-09T19:30:41.028+0000] {dag.py:3490} INFO - Setting next_dagrun for example_task_group to 2023-07-08T19:30:41.028129+00:00, run_after=2023-07-09T19:30:41.028129+00:00
[2023-07-09T19:30:41.064+0000] {processor.py:179} INFO - Processing /home/airflow/.local/lib/python3.7/site-packages/airflow/example_dags/example_task_group.py took 0.107 seconds
[2023-07-09T19:31:11.227+0000] {processor.py:157} INFO - Started process (PID=3738) to work on /home/airflow/.local/lib/python3.7/site-packages/airflow/example_dags/example_task_group.py
[2023-07-09T19:31:11.228+0000] {processor.py:826} INFO - Processing file /home/airflow/.local/lib/python3.7/site-packages/airflow/example_dags/example_task_group.py for tasks to queue
[2023-07-09T19:31:11.229+0000] {logging_mixin.py:149} INFO - [2023-07-09T19:31:11.229+0000] {dagbag.py:541} INFO - Filling up the DagBag from /home/airflow/.local/lib/python3.7/site-packages/airflow/example_dags/example_task_group.py
[2023-07-09T19:31:11.236+0000] {processor.py:836} INFO - DAG(s) dict_keys(['example_task_group']) retrieved from /home/airflow/.local/lib/python3.7/site-packages/airflow/example_dags/example_task_group.py
[2023-07-09T19:31:11.261+0000] {logging_mixin.py:149} INFO - [2023-07-09T19:31:11.261+0000] {dag.py:2726} INFO - Sync 1 DAGs
[2023-07-09T19:31:11.286+0000] {logging_mixin.py:149} INFO - [2023-07-09T19:31:11.286+0000] {dag.py:3490} INFO - Setting next_dagrun for example_task_group to 2023-07-08T19:31:11.286307+00:00, run_after=2023-07-09T19:31:11.286307+00:00
[2023-07-09T19:31:11.310+0000] {processor.py:179} INFO - Processing /home/airflow/.local/lib/python3.7/site-packages/airflow/example_dags/example_task_group.py took 0.086 seconds
[2023-07-09T19:31:41.739+0000] {processor.py:157} INFO - Started process (PID=3800) to work on /home/airflow/.local/lib/python3.7/site-packages/airflow/example_dags/example_task_group.py
[2023-07-09T19:31:41.741+0000] {processor.py:826} INFO - Processing file /home/airflow/.local/lib/python3.7/site-packages/airflow/example_dags/example_task_group.py for tasks to queue
[2023-07-09T19:31:41.741+0000] {logging_mixin.py:149} INFO - [2023-07-09T19:31:41.741+0000] {dagbag.py:541} INFO - Filling up the DagBag from /home/airflow/.local/lib/python3.7/site-packages/airflow/example_dags/example_task_group.py
[2023-07-09T19:31:41.750+0000] {processor.py:836} INFO - DAG(s) dict_keys(['example_task_group']) retrieved from /home/airflow/.local/lib/python3.7/site-packages/airflow/example_dags/example_task_group.py
[2023-07-09T19:31:41.781+0000] {logging_mixin.py:149} INFO - [2023-07-09T19:31:41.781+0000] {dag.py:2726} INFO - Sync 1 DAGs
[2023-07-09T19:31:41.809+0000] {logging_mixin.py:149} INFO - [2023-07-09T19:31:41.809+0000] {dag.py:3490} INFO - Setting next_dagrun for example_task_group to 2023-07-08T19:31:41.808949+00:00, run_after=2023-07-09T19:31:41.808949+00:00
[2023-07-09T19:31:41.832+0000] {processor.py:179} INFO - Processing /home/airflow/.local/lib/python3.7/site-packages/airflow/example_dags/example_task_group.py took 0.095 seconds
[2023-07-09T19:32:12.064+0000] {processor.py:157} INFO - Started process (PID=3862) to work on /home/airflow/.local/lib/python3.7/site-packages/airflow/example_dags/example_task_group.py
[2023-07-09T19:32:12.066+0000] {processor.py:826} INFO - Processing file /home/airflow/.local/lib/python3.7/site-packages/airflow/example_dags/example_task_group.py for tasks to queue
[2023-07-09T19:32:12.066+0000] {logging_mixin.py:149} INFO - [2023-07-09T19:32:12.066+0000] {dagbag.py:541} INFO - Filling up the DagBag from /home/airflow/.local/lib/python3.7/site-packages/airflow/example_dags/example_task_group.py
[2023-07-09T19:32:12.074+0000] {processor.py:836} INFO - DAG(s) dict_keys(['example_task_group']) retrieved from /home/airflow/.local/lib/python3.7/site-packages/airflow/example_dags/example_task_group.py
[2023-07-09T19:32:12.097+0000] {logging_mixin.py:149} INFO - [2023-07-09T19:32:12.097+0000] {dag.py:2726} INFO - Sync 1 DAGs
[2023-07-09T19:32:12.119+0000] {logging_mixin.py:149} INFO - [2023-07-09T19:32:12.119+0000] {dag.py:3490} INFO - Setting next_dagrun for example_task_group to 2023-07-08T19:32:12.119276+00:00, run_after=2023-07-09T19:32:12.119276+00:00
[2023-07-09T19:32:12.143+0000] {processor.py:179} INFO - Processing /home/airflow/.local/lib/python3.7/site-packages/airflow/example_dags/example_task_group.py took 0.081 seconds
[2023-07-09T19:32:42.251+0000] {processor.py:157} INFO - Started process (PID=3924) to work on /home/airflow/.local/lib/python3.7/site-packages/airflow/example_dags/example_task_group.py
[2023-07-09T19:32:42.252+0000] {processor.py:826} INFO - Processing file /home/airflow/.local/lib/python3.7/site-packages/airflow/example_dags/example_task_group.py for tasks to queue
[2023-07-09T19:32:42.253+0000] {logging_mixin.py:149} INFO - [2023-07-09T19:32:42.253+0000] {dagbag.py:541} INFO - Filling up the DagBag from /home/airflow/.local/lib/python3.7/site-packages/airflow/example_dags/example_task_group.py
[2023-07-09T19:32:42.260+0000] {processor.py:836} INFO - DAG(s) dict_keys(['example_task_group']) retrieved from /home/airflow/.local/lib/python3.7/site-packages/airflow/example_dags/example_task_group.py
[2023-07-09T19:32:42.285+0000] {logging_mixin.py:149} INFO - [2023-07-09T19:32:42.285+0000] {dag.py:2726} INFO - Sync 1 DAGs
[2023-07-09T19:32:42.309+0000] {logging_mixin.py:149} INFO - [2023-07-09T19:32:42.309+0000] {dag.py:3490} INFO - Setting next_dagrun for example_task_group to 2023-07-08T19:32:42.308886+00:00, run_after=2023-07-09T19:32:42.308886+00:00
[2023-07-09T19:32:42.330+0000] {processor.py:179} INFO - Processing /home/airflow/.local/lib/python3.7/site-packages/airflow/example_dags/example_task_group.py took 0.082 seconds
[2023-07-09T19:33:12.907+0000] {processor.py:157} INFO - Started process (PID=3986) to work on /home/airflow/.local/lib/python3.7/site-packages/airflow/example_dags/example_task_group.py
[2023-07-09T19:33:12.908+0000] {processor.py:826} INFO - Processing file /home/airflow/.local/lib/python3.7/site-packages/airflow/example_dags/example_task_group.py for tasks to queue
[2023-07-09T19:33:12.909+0000] {logging_mixin.py:149} INFO - [2023-07-09T19:33:12.909+0000] {dagbag.py:541} INFO - Filling up the DagBag from /home/airflow/.local/lib/python3.7/site-packages/airflow/example_dags/example_task_group.py
[2023-07-09T19:33:12.917+0000] {processor.py:836} INFO - DAG(s) dict_keys(['example_task_group']) retrieved from /home/airflow/.local/lib/python3.7/site-packages/airflow/example_dags/example_task_group.py
[2023-07-09T19:33:12.942+0000] {logging_mixin.py:149} INFO - [2023-07-09T19:33:12.941+0000] {dag.py:2726} INFO - Sync 1 DAGs
[2023-07-09T19:33:12.967+0000] {logging_mixin.py:149} INFO - [2023-07-09T19:33:12.967+0000] {dag.py:3490} INFO - Setting next_dagrun for example_task_group to 2023-07-08T19:33:12.967182+00:00, run_after=2023-07-09T19:33:12.967182+00:00
[2023-07-09T19:33:12.988+0000] {processor.py:179} INFO - Processing /home/airflow/.local/lib/python3.7/site-packages/airflow/example_dags/example_task_group.py took 0.084 seconds
[2023-07-09T19:33:43.068+0000] {processor.py:157} INFO - Started process (PID=4048) to work on /home/airflow/.local/lib/python3.7/site-packages/airflow/example_dags/example_task_group.py
[2023-07-09T19:33:43.069+0000] {processor.py:826} INFO - Processing file /home/airflow/.local/lib/python3.7/site-packages/airflow/example_dags/example_task_group.py for tasks to queue
[2023-07-09T19:33:43.070+0000] {logging_mixin.py:149} INFO - [2023-07-09T19:33:43.070+0000] {dagbag.py:541} INFO - Filling up the DagBag from /home/airflow/.local/lib/python3.7/site-packages/airflow/example_dags/example_task_group.py
[2023-07-09T19:33:43.077+0000] {processor.py:836} INFO - DAG(s) dict_keys(['example_task_group']) retrieved from /home/airflow/.local/lib/python3.7/site-packages/airflow/example_dags/example_task_group.py
[2023-07-09T19:33:43.102+0000] {logging_mixin.py:149} INFO - [2023-07-09T19:33:43.102+0000] {dag.py:2726} INFO - Sync 1 DAGs
[2023-07-09T19:33:43.128+0000] {logging_mixin.py:149} INFO - [2023-07-09T19:33:43.128+0000] {dag.py:3490} INFO - Setting next_dagrun for example_task_group to 2023-07-08T19:33:43.127926+00:00, run_after=2023-07-09T19:33:43.127926+00:00
[2023-07-09T19:33:43.151+0000] {processor.py:179} INFO - Processing /home/airflow/.local/lib/python3.7/site-packages/airflow/example_dags/example_task_group.py took 0.086 seconds
[2023-07-09T19:34:13.320+0000] {processor.py:157} INFO - Started process (PID=4110) to work on /home/airflow/.local/lib/python3.7/site-packages/airflow/example_dags/example_task_group.py
[2023-07-09T19:34:13.321+0000] {processor.py:826} INFO - Processing file /home/airflow/.local/lib/python3.7/site-packages/airflow/example_dags/example_task_group.py for tasks to queue
[2023-07-09T19:34:13.322+0000] {logging_mixin.py:149} INFO - [2023-07-09T19:34:13.322+0000] {dagbag.py:541} INFO - Filling up the DagBag from /home/airflow/.local/lib/python3.7/site-packages/airflow/example_dags/example_task_group.py
[2023-07-09T19:34:13.330+0000] {processor.py:836} INFO - DAG(s) dict_keys(['example_task_group']) retrieved from /home/airflow/.local/lib/python3.7/site-packages/airflow/example_dags/example_task_group.py
[2023-07-09T19:34:13.357+0000] {logging_mixin.py:149} INFO - [2023-07-09T19:34:13.357+0000] {dag.py:2726} INFO - Sync 1 DAGs
[2023-07-09T19:34:13.383+0000] {logging_mixin.py:149} INFO - [2023-07-09T19:34:13.382+0000] {dag.py:3490} INFO - Setting next_dagrun for example_task_group to 2023-07-08T19:34:13.382726+00:00, run_after=2023-07-09T19:34:13.382726+00:00
[2023-07-09T19:34:13.405+0000] {processor.py:179} INFO - Processing /home/airflow/.local/lib/python3.7/site-packages/airflow/example_dags/example_task_group.py took 0.088 seconds
[2023-07-09T19:34:44.039+0000] {processor.py:157} INFO - Started process (PID=4172) to work on /home/airflow/.local/lib/python3.7/site-packages/airflow/example_dags/example_task_group.py
[2023-07-09T19:34:44.040+0000] {processor.py:826} INFO - Processing file /home/airflow/.local/lib/python3.7/site-packages/airflow/example_dags/example_task_group.py for tasks to queue
[2023-07-09T19:34:44.041+0000] {logging_mixin.py:149} INFO - [2023-07-09T19:34:44.040+0000] {dagbag.py:541} INFO - Filling up the DagBag from /home/airflow/.local/lib/python3.7/site-packages/airflow/example_dags/example_task_group.py
[2023-07-09T19:34:44.049+0000] {processor.py:836} INFO - DAG(s) dict_keys(['example_task_group']) retrieved from /home/airflow/.local/lib/python3.7/site-packages/airflow/example_dags/example_task_group.py
[2023-07-09T19:34:44.074+0000] {logging_mixin.py:149} INFO - [2023-07-09T19:34:44.074+0000] {dag.py:2726} INFO - Sync 1 DAGs
[2023-07-09T19:34:44.098+0000] {logging_mixin.py:149} INFO - [2023-07-09T19:34:44.098+0000] {dag.py:3490} INFO - Setting next_dagrun for example_task_group to 2023-07-08T19:34:44.098225+00:00, run_after=2023-07-09T19:34:44.098225+00:00
[2023-07-09T19:34:44.119+0000] {processor.py:179} INFO - Processing /home/airflow/.local/lib/python3.7/site-packages/airflow/example_dags/example_task_group.py took 0.084 seconds
[2023-07-09T19:35:14.253+0000] {processor.py:157} INFO - Started process (PID=4234) to work on /home/airflow/.local/lib/python3.7/site-packages/airflow/example_dags/example_task_group.py
[2023-07-09T19:35:14.254+0000] {processor.py:826} INFO - Processing file /home/airflow/.local/lib/python3.7/site-packages/airflow/example_dags/example_task_group.py for tasks to queue
[2023-07-09T19:35:14.256+0000] {logging_mixin.py:149} INFO - [2023-07-09T19:35:14.255+0000] {dagbag.py:541} INFO - Filling up the DagBag from /home/airflow/.local/lib/python3.7/site-packages/airflow/example_dags/example_task_group.py
[2023-07-09T19:35:14.263+0000] {processor.py:836} INFO - DAG(s) dict_keys(['example_task_group']) retrieved from /home/airflow/.local/lib/python3.7/site-packages/airflow/example_dags/example_task_group.py
[2023-07-09T19:35:14.288+0000] {logging_mixin.py:149} INFO - [2023-07-09T19:35:14.288+0000] {dag.py:2726} INFO - Sync 1 DAGs
[2023-07-09T19:35:14.313+0000] {logging_mixin.py:149} INFO - [2023-07-09T19:35:14.313+0000] {dag.py:3490} INFO - Setting next_dagrun for example_task_group to 2023-07-08T19:35:14.313059+00:00, run_after=2023-07-09T19:35:14.313059+00:00
[2023-07-09T19:35:14.335+0000] {processor.py:179} INFO - Processing /home/airflow/.local/lib/python3.7/site-packages/airflow/example_dags/example_task_group.py took 0.084 seconds
[2023-07-09T19:35:44.600+0000] {processor.py:157} INFO - Started process (PID=4296) to work on /home/airflow/.local/lib/python3.7/site-packages/airflow/example_dags/example_task_group.py
[2023-07-09T19:35:44.601+0000] {processor.py:826} INFO - Processing file /home/airflow/.local/lib/python3.7/site-packages/airflow/example_dags/example_task_group.py for tasks to queue
[2023-07-09T19:35:44.602+0000] {logging_mixin.py:149} INFO - [2023-07-09T19:35:44.602+0000] {dagbag.py:541} INFO - Filling up the DagBag from /home/airflow/.local/lib/python3.7/site-packages/airflow/example_dags/example_task_group.py
[2023-07-09T19:35:44.609+0000] {processor.py:836} INFO - DAG(s) dict_keys(['example_task_group']) retrieved from /home/airflow/.local/lib/python3.7/site-packages/airflow/example_dags/example_task_group.py
[2023-07-09T19:35:44.633+0000] {logging_mixin.py:149} INFO - [2023-07-09T19:35:44.633+0000] {dag.py:2726} INFO - Sync 1 DAGs
[2023-07-09T19:35:44.655+0000] {logging_mixin.py:149} INFO - [2023-07-09T19:35:44.655+0000] {dag.py:3490} INFO - Setting next_dagrun for example_task_group to 2023-07-08T19:35:44.655107+00:00, run_after=2023-07-09T19:35:44.655107+00:00
[2023-07-09T19:35:44.677+0000] {processor.py:179} INFO - Processing /home/airflow/.local/lib/python3.7/site-packages/airflow/example_dags/example_task_group.py took 0.080 seconds
[2023-07-09T19:36:15.597+0000] {processor.py:157} INFO - Started process (PID=4365) to work on /home/airflow/.local/lib/python3.7/site-packages/airflow/example_dags/example_task_group.py
[2023-07-09T19:36:15.598+0000] {processor.py:826} INFO - Processing file /home/airflow/.local/lib/python3.7/site-packages/airflow/example_dags/example_task_group.py for tasks to queue
[2023-07-09T19:36:15.600+0000] {logging_mixin.py:149} INFO - [2023-07-09T19:36:15.599+0000] {dagbag.py:541} INFO - Filling up the DagBag from /home/airflow/.local/lib/python3.7/site-packages/airflow/example_dags/example_task_group.py
[2023-07-09T19:36:15.607+0000] {processor.py:836} INFO - DAG(s) dict_keys(['example_task_group']) retrieved from /home/airflow/.local/lib/python3.7/site-packages/airflow/example_dags/example_task_group.py
[2023-07-09T19:36:15.633+0000] {logging_mixin.py:149} INFO - [2023-07-09T19:36:15.632+0000] {dag.py:2726} INFO - Sync 1 DAGs
[2023-07-09T19:36:15.658+0000] {logging_mixin.py:149} INFO - [2023-07-09T19:36:15.657+0000] {dag.py:3490} INFO - Setting next_dagrun for example_task_group to 2023-07-08T19:36:15.657705+00:00, run_after=2023-07-09T19:36:15.657705+00:00
[2023-07-09T19:36:15.679+0000] {processor.py:179} INFO - Processing /home/airflow/.local/lib/python3.7/site-packages/airflow/example_dags/example_task_group.py took 0.085 seconds
[2023-07-09T19:36:46.096+0000] {processor.py:157} INFO - Started process (PID=4427) to work on /home/airflow/.local/lib/python3.7/site-packages/airflow/example_dags/example_task_group.py
[2023-07-09T19:36:46.098+0000] {processor.py:826} INFO - Processing file /home/airflow/.local/lib/python3.7/site-packages/airflow/example_dags/example_task_group.py for tasks to queue
[2023-07-09T19:36:46.098+0000] {logging_mixin.py:149} INFO - [2023-07-09T19:36:46.098+0000] {dagbag.py:541} INFO - Filling up the DagBag from /home/airflow/.local/lib/python3.7/site-packages/airflow/example_dags/example_task_group.py
[2023-07-09T19:36:46.106+0000] {processor.py:836} INFO - DAG(s) dict_keys(['example_task_group']) retrieved from /home/airflow/.local/lib/python3.7/site-packages/airflow/example_dags/example_task_group.py
[2023-07-09T19:36:46.130+0000] {logging_mixin.py:149} INFO - [2023-07-09T19:36:46.130+0000] {dag.py:2726} INFO - Sync 1 DAGs
[2023-07-09T19:36:46.154+0000] {logging_mixin.py:149} INFO - [2023-07-09T19:36:46.154+0000] {dag.py:3490} INFO - Setting next_dagrun for example_task_group to 2023-07-08T19:36:46.154227+00:00, run_after=2023-07-09T19:36:46.154227+00:00
[2023-07-09T19:36:46.177+0000] {processor.py:179} INFO - Processing /home/airflow/.local/lib/python3.7/site-packages/airflow/example_dags/example_task_group.py took 0.083 seconds
[2023-07-09T19:37:16.220+0000] {processor.py:157} INFO - Started process (PID=4489) to work on /home/airflow/.local/lib/python3.7/site-packages/airflow/example_dags/example_task_group.py
[2023-07-09T19:37:16.222+0000] {processor.py:826} INFO - Processing file /home/airflow/.local/lib/python3.7/site-packages/airflow/example_dags/example_task_group.py for tasks to queue
[2023-07-09T19:37:16.223+0000] {logging_mixin.py:149} INFO - [2023-07-09T19:37:16.222+0000] {dagbag.py:541} INFO - Filling up the DagBag from /home/airflow/.local/lib/python3.7/site-packages/airflow/example_dags/example_task_group.py
[2023-07-09T19:37:16.231+0000] {processor.py:836} INFO - DAG(s) dict_keys(['example_task_group']) retrieved from /home/airflow/.local/lib/python3.7/site-packages/airflow/example_dags/example_task_group.py
[2023-07-09T19:37:16.259+0000] {logging_mixin.py:149} INFO - [2023-07-09T19:37:16.258+0000] {dag.py:2726} INFO - Sync 1 DAGs
[2023-07-09T19:37:16.291+0000] {logging_mixin.py:149} INFO - [2023-07-09T19:37:16.291+0000] {dag.py:3490} INFO - Setting next_dagrun for example_task_group to 2023-07-08T19:37:16.290740+00:00, run_after=2023-07-09T19:37:16.290740+00:00
[2023-07-09T19:37:16.319+0000] {processor.py:179} INFO - Processing /home/airflow/.local/lib/python3.7/site-packages/airflow/example_dags/example_task_group.py took 0.102 seconds
[2023-07-09T19:37:46.403+0000] {processor.py:157} INFO - Started process (PID=4550) to work on /home/airflow/.local/lib/python3.7/site-packages/airflow/example_dags/example_task_group.py
[2023-07-09T19:37:46.404+0000] {processor.py:826} INFO - Processing file /home/airflow/.local/lib/python3.7/site-packages/airflow/example_dags/example_task_group.py for tasks to queue
[2023-07-09T19:37:46.404+0000] {logging_mixin.py:149} INFO - [2023-07-09T19:37:46.404+0000] {dagbag.py:541} INFO - Filling up the DagBag from /home/airflow/.local/lib/python3.7/site-packages/airflow/example_dags/example_task_group.py
[2023-07-09T19:37:46.412+0000] {processor.py:836} INFO - DAG(s) dict_keys(['example_task_group']) retrieved from /home/airflow/.local/lib/python3.7/site-packages/airflow/example_dags/example_task_group.py
[2023-07-09T19:37:46.436+0000] {logging_mixin.py:149} INFO - [2023-07-09T19:37:46.436+0000] {dag.py:2726} INFO - Sync 1 DAGs
[2023-07-09T19:37:46.461+0000] {logging_mixin.py:149} INFO - [2023-07-09T19:37:46.460+0000] {dag.py:3490} INFO - Setting next_dagrun for example_task_group to 2023-07-08T19:37:46.460318+00:00, run_after=2023-07-09T19:37:46.460318+00:00
[2023-07-09T19:37:46.490+0000] {processor.py:179} INFO - Processing /home/airflow/.local/lib/python3.7/site-packages/airflow/example_dags/example_task_group.py took 0.090 seconds
[2023-07-09T19:38:16.668+0000] {processor.py:157} INFO - Started process (PID=4612) to work on /home/airflow/.local/lib/python3.7/site-packages/airflow/example_dags/example_task_group.py
[2023-07-09T19:38:16.670+0000] {processor.py:826} INFO - Processing file /home/airflow/.local/lib/python3.7/site-packages/airflow/example_dags/example_task_group.py for tasks to queue
[2023-07-09T19:38:16.671+0000] {logging_mixin.py:149} INFO - [2023-07-09T19:38:16.670+0000] {dagbag.py:541} INFO - Filling up the DagBag from /home/airflow/.local/lib/python3.7/site-packages/airflow/example_dags/example_task_group.py
[2023-07-09T19:38:16.680+0000] {processor.py:836} INFO - DAG(s) dict_keys(['example_task_group']) retrieved from /home/airflow/.local/lib/python3.7/site-packages/airflow/example_dags/example_task_group.py
[2023-07-09T19:38:16.708+0000] {logging_mixin.py:149} INFO - [2023-07-09T19:38:16.707+0000] {dag.py:2726} INFO - Sync 1 DAGs
[2023-07-09T19:38:16.736+0000] {logging_mixin.py:149} INFO - [2023-07-09T19:38:16.736+0000] {dag.py:3490} INFO - Setting next_dagrun for example_task_group to 2023-07-08T19:38:16.736028+00:00, run_after=2023-07-09T19:38:16.736028+00:00
[2023-07-09T19:38:16.761+0000] {processor.py:179} INFO - Processing /home/airflow/.local/lib/python3.7/site-packages/airflow/example_dags/example_task_group.py took 0.096 seconds
[2023-07-09T19:38:47.192+0000] {processor.py:157} INFO - Started process (PID=4675) to work on /home/airflow/.local/lib/python3.7/site-packages/airflow/example_dags/example_task_group.py
[2023-07-09T19:38:47.193+0000] {processor.py:826} INFO - Processing file /home/airflow/.local/lib/python3.7/site-packages/airflow/example_dags/example_task_group.py for tasks to queue
[2023-07-09T19:38:47.194+0000] {logging_mixin.py:149} INFO - [2023-07-09T19:38:47.194+0000] {dagbag.py:541} INFO - Filling up the DagBag from /home/airflow/.local/lib/python3.7/site-packages/airflow/example_dags/example_task_group.py
[2023-07-09T19:38:47.202+0000] {processor.py:836} INFO - DAG(s) dict_keys(['example_task_group']) retrieved from /home/airflow/.local/lib/python3.7/site-packages/airflow/example_dags/example_task_group.py
[2023-07-09T19:38:47.227+0000] {logging_mixin.py:149} INFO - [2023-07-09T19:38:47.227+0000] {dag.py:2726} INFO - Sync 1 DAGs
[2023-07-09T19:38:47.253+0000] {logging_mixin.py:149} INFO - [2023-07-09T19:38:47.253+0000] {dag.py:3490} INFO - Setting next_dagrun for example_task_group to 2023-07-08T19:38:47.253187+00:00, run_after=2023-07-09T19:38:47.253187+00:00
[2023-07-09T19:38:47.278+0000] {processor.py:179} INFO - Processing /home/airflow/.local/lib/python3.7/site-packages/airflow/example_dags/example_task_group.py took 0.088 seconds
[2023-07-09T19:39:17.508+0000] {processor.py:157} INFO - Started process (PID=4737) to work on /home/airflow/.local/lib/python3.7/site-packages/airflow/example_dags/example_task_group.py
[2023-07-09T19:39:17.510+0000] {processor.py:826} INFO - Processing file /home/airflow/.local/lib/python3.7/site-packages/airflow/example_dags/example_task_group.py for tasks to queue
[2023-07-09T19:39:17.513+0000] {logging_mixin.py:149} INFO - [2023-07-09T19:39:17.513+0000] {dagbag.py:541} INFO - Filling up the DagBag from /home/airflow/.local/lib/python3.7/site-packages/airflow/example_dags/example_task_group.py
[2023-07-09T19:39:17.531+0000] {processor.py:836} INFO - DAG(s) dict_keys(['example_task_group']) retrieved from /home/airflow/.local/lib/python3.7/site-packages/airflow/example_dags/example_task_group.py
[2023-07-09T19:39:17.566+0000] {logging_mixin.py:149} INFO - [2023-07-09T19:39:17.566+0000] {dag.py:2726} INFO - Sync 1 DAGs
[2023-07-09T19:39:17.596+0000] {logging_mixin.py:149} INFO - [2023-07-09T19:39:17.596+0000] {dag.py:3490} INFO - Setting next_dagrun for example_task_group to 2023-07-08T19:39:17.596346+00:00, run_after=2023-07-09T19:39:17.596346+00:00
[2023-07-09T19:39:17.619+0000] {processor.py:179} INFO - Processing /home/airflow/.local/lib/python3.7/site-packages/airflow/example_dags/example_task_group.py took 0.118 seconds
[2023-07-09T19:39:48.000+0000] {processor.py:157} INFO - Started process (PID=4799) to work on /home/airflow/.local/lib/python3.7/site-packages/airflow/example_dags/example_task_group.py
[2023-07-09T19:39:48.001+0000] {processor.py:826} INFO - Processing file /home/airflow/.local/lib/python3.7/site-packages/airflow/example_dags/example_task_group.py for tasks to queue
[2023-07-09T19:39:48.002+0000] {logging_mixin.py:149} INFO - [2023-07-09T19:39:48.002+0000] {dagbag.py:541} INFO - Filling up the DagBag from /home/airflow/.local/lib/python3.7/site-packages/airflow/example_dags/example_task_group.py
[2023-07-09T19:39:48.009+0000] {processor.py:836} INFO - DAG(s) dict_keys(['example_task_group']) retrieved from /home/airflow/.local/lib/python3.7/site-packages/airflow/example_dags/example_task_group.py
[2023-07-09T19:39:48.038+0000] {logging_mixin.py:149} INFO - [2023-07-09T19:39:48.038+0000] {dag.py:2726} INFO - Sync 1 DAGs
[2023-07-09T19:39:48.063+0000] {logging_mixin.py:149} INFO - [2023-07-09T19:39:48.063+0000] {dag.py:3490} INFO - Setting next_dagrun for example_task_group to 2023-07-08T19:39:48.063124+00:00, run_after=2023-07-09T19:39:48.063124+00:00
[2023-07-09T19:39:48.090+0000] {processor.py:179} INFO - Processing /home/airflow/.local/lib/python3.7/site-packages/airflow/example_dags/example_task_group.py took 0.093 seconds
[2023-07-09T19:40:18.422+0000] {processor.py:157} INFO - Started process (PID=4861) to work on /home/airflow/.local/lib/python3.7/site-packages/airflow/example_dags/example_task_group.py
[2023-07-09T19:40:18.423+0000] {processor.py:826} INFO - Processing file /home/airflow/.local/lib/python3.7/site-packages/airflow/example_dags/example_task_group.py for tasks to queue
[2023-07-09T19:40:18.424+0000] {logging_mixin.py:149} INFO - [2023-07-09T19:40:18.424+0000] {dagbag.py:541} INFO - Filling up the DagBag from /home/airflow/.local/lib/python3.7/site-packages/airflow/example_dags/example_task_group.py
[2023-07-09T19:40:18.431+0000] {processor.py:836} INFO - DAG(s) dict_keys(['example_task_group']) retrieved from /home/airflow/.local/lib/python3.7/site-packages/airflow/example_dags/example_task_group.py
[2023-07-09T19:40:18.455+0000] {logging_mixin.py:149} INFO - [2023-07-09T19:40:18.455+0000] {dag.py:2726} INFO - Sync 1 DAGs
[2023-07-09T19:40:18.479+0000] {logging_mixin.py:149} INFO - [2023-07-09T19:40:18.479+0000] {dag.py:3490} INFO - Setting next_dagrun for example_task_group to 2023-07-08T19:40:18.479567+00:00, run_after=2023-07-09T19:40:18.479567+00:00
[2023-07-09T19:40:18.502+0000] {processor.py:179} INFO - Processing /home/airflow/.local/lib/python3.7/site-packages/airflow/example_dags/example_task_group.py took 0.083 seconds
[2023-07-09T19:40:48.739+0000] {processor.py:157} INFO - Started process (PID=4923) to work on /home/airflow/.local/lib/python3.7/site-packages/airflow/example_dags/example_task_group.py
[2023-07-09T19:40:48.740+0000] {processor.py:826} INFO - Processing file /home/airflow/.local/lib/python3.7/site-packages/airflow/example_dags/example_task_group.py for tasks to queue
[2023-07-09T19:40:48.741+0000] {logging_mixin.py:149} INFO - [2023-07-09T19:40:48.741+0000] {dagbag.py:541} INFO - Filling up the DagBag from /home/airflow/.local/lib/python3.7/site-packages/airflow/example_dags/example_task_group.py
[2023-07-09T19:40:48.751+0000] {processor.py:836} INFO - DAG(s) dict_keys(['example_task_group']) retrieved from /home/airflow/.local/lib/python3.7/site-packages/airflow/example_dags/example_task_group.py
[2023-07-09T19:40:48.782+0000] {logging_mixin.py:149} INFO - [2023-07-09T19:40:48.782+0000] {dag.py:2726} INFO - Sync 1 DAGs
[2023-07-09T19:40:48.814+0000] {logging_mixin.py:149} INFO - [2023-07-09T19:40:48.814+0000] {dag.py:3490} INFO - Setting next_dagrun for example_task_group to 2023-07-08T19:40:48.813877+00:00, run_after=2023-07-09T19:40:48.813877+00:00
[2023-07-09T19:40:48.836+0000] {processor.py:179} INFO - Processing /home/airflow/.local/lib/python3.7/site-packages/airflow/example_dags/example_task_group.py took 0.101 seconds
[2023-07-09T19:41:18.988+0000] {processor.py:157} INFO - Started process (PID=4985) to work on /home/airflow/.local/lib/python3.7/site-packages/airflow/example_dags/example_task_group.py
[2023-07-09T19:41:18.990+0000] {processor.py:826} INFO - Processing file /home/airflow/.local/lib/python3.7/site-packages/airflow/example_dags/example_task_group.py for tasks to queue
[2023-07-09T19:41:18.991+0000] {logging_mixin.py:149} INFO - [2023-07-09T19:41:18.991+0000] {dagbag.py:541} INFO - Filling up the DagBag from /home/airflow/.local/lib/python3.7/site-packages/airflow/example_dags/example_task_group.py
[2023-07-09T19:41:19.000+0000] {processor.py:836} INFO - DAG(s) dict_keys(['example_task_group']) retrieved from /home/airflow/.local/lib/python3.7/site-packages/airflow/example_dags/example_task_group.py
[2023-07-09T19:41:19.036+0000] {logging_mixin.py:149} INFO - [2023-07-09T19:41:19.036+0000] {dag.py:2726} INFO - Sync 1 DAGs
[2023-07-09T19:41:19.077+0000] {logging_mixin.py:149} INFO - [2023-07-09T19:41:19.076+0000] {dag.py:3490} INFO - Setting next_dagrun for example_task_group to 2023-07-08T19:41:19.076570+00:00, run_after=2023-07-09T19:41:19.076570+00:00
[2023-07-09T19:41:19.106+0000] {processor.py:179} INFO - Processing /home/airflow/.local/lib/python3.7/site-packages/airflow/example_dags/example_task_group.py took 0.121 seconds
[2023-07-09T23:59:28.756+0000] {processor.py:157} INFO - Started process (PID=5012) to work on /home/airflow/.local/lib/python3.7/site-packages/airflow/example_dags/example_task_group.py
[2023-07-09T23:59:28.758+0000] {processor.py:826} INFO - Processing file /home/airflow/.local/lib/python3.7/site-packages/airflow/example_dags/example_task_group.py for tasks to queue
[2023-07-09T23:59:28.760+0000] {logging_mixin.py:149} INFO - [2023-07-09T23:59:28.759+0000] {dagbag.py:541} INFO - Filling up the DagBag from /home/airflow/.local/lib/python3.7/site-packages/airflow/example_dags/example_task_group.py
[2023-07-09T23:59:28.772+0000] {processor.py:836} INFO - DAG(s) dict_keys(['example_task_group']) retrieved from /home/airflow/.local/lib/python3.7/site-packages/airflow/example_dags/example_task_group.py
[2023-07-09T23:59:28.821+0000] {logging_mixin.py:149} INFO - [2023-07-09T23:59:28.821+0000] {dag.py:2726} INFO - Sync 1 DAGs
[2023-07-09T23:59:28.866+0000] {logging_mixin.py:149} INFO - [2023-07-09T23:59:28.866+0000] {dag.py:3490} INFO - Setting next_dagrun for example_task_group to 2023-07-08T23:59:28.866054+00:00, run_after=2023-07-09T23:59:28.866054+00:00
[2023-07-09T23:59:28.901+0000] {processor.py:179} INFO - Processing /home/airflow/.local/lib/python3.7/site-packages/airflow/example_dags/example_task_group.py took 0.152 seconds
