[2023-07-09T19:06:55.551+0000] {processor.py:157} INFO - Started process (PID=811) to work on /home/airflow/.local/lib/python3.7/site-packages/airflow/example_dags/example_latest_only_with_trigger.py
[2023-07-09T19:06:55.552+0000] {processor.py:826} INFO - Processing file /home/airflow/.local/lib/python3.7/site-packages/airflow/example_dags/example_latest_only_with_trigger.py for tasks to queue
[2023-07-09T19:06:55.553+0000] {logging_mixin.py:149} INFO - [2023-07-09T19:06:55.553+0000] {dagbag.py:541} INFO - Filling up the DagBag from /home/airflow/.local/lib/python3.7/site-packages/airflow/example_dags/example_latest_only_with_trigger.py
[2023-07-09T19:06:55.564+0000] {processor.py:836} INFO - DAG(s) dict_keys(['latest_only_with_trigger']) retrieved from /home/airflow/.local/lib/python3.7/site-packages/airflow/example_dags/example_latest_only_with_trigger.py
[2023-07-09T19:06:55.594+0000] {logging_mixin.py:149} INFO - [2023-07-09T19:06:55.593+0000] {dag.py:2726} INFO - Sync 1 DAGs
[2023-07-09T19:06:55.623+0000] {logging_mixin.py:149} INFO - [2023-07-09T19:06:55.623+0000] {dag.py:3490} INFO - Setting next_dagrun for latest_only_with_trigger to 2023-07-09T15:06:55.623383+00:00, run_after=2023-07-09T19:06:55.623383+00:00
[2023-07-09T19:06:55.651+0000] {processor.py:179} INFO - Processing /home/airflow/.local/lib/python3.7/site-packages/airflow/example_dags/example_latest_only_with_trigger.py took 0.102 seconds
[2023-07-09T19:07:25.881+0000] {processor.py:157} INFO - Started process (PID=872) to work on /home/airflow/.local/lib/python3.7/site-packages/airflow/example_dags/example_latest_only_with_trigger.py
[2023-07-09T19:07:25.882+0000] {processor.py:826} INFO - Processing file /home/airflow/.local/lib/python3.7/site-packages/airflow/example_dags/example_latest_only_with_trigger.py for tasks to queue
[2023-07-09T19:07:25.883+0000] {logging_mixin.py:149} INFO - [2023-07-09T19:07:25.883+0000] {dagbag.py:541} INFO - Filling up the DagBag from /home/airflow/.local/lib/python3.7/site-packages/airflow/example_dags/example_latest_only_with_trigger.py
[2023-07-09T19:07:25.889+0000] {processor.py:836} INFO - DAG(s) dict_keys(['latest_only_with_trigger']) retrieved from /home/airflow/.local/lib/python3.7/site-packages/airflow/example_dags/example_latest_only_with_trigger.py
[2023-07-09T19:07:25.913+0000] {logging_mixin.py:149} INFO - [2023-07-09T19:07:25.913+0000] {dag.py:2726} INFO - Sync 1 DAGs
[2023-07-09T19:07:25.939+0000] {logging_mixin.py:149} INFO - [2023-07-09T19:07:25.939+0000] {dag.py:3490} INFO - Setting next_dagrun for latest_only_with_trigger to 2023-07-09T15:07:25.939389+00:00, run_after=2023-07-09T19:07:25.939389+00:00
[2023-07-09T19:07:25.962+0000] {processor.py:179} INFO - Processing /home/airflow/.local/lib/python3.7/site-packages/airflow/example_dags/example_latest_only_with_trigger.py took 0.084 seconds
[2023-07-09T19:07:56.326+0000] {processor.py:157} INFO - Started process (PID=933) to work on /home/airflow/.local/lib/python3.7/site-packages/airflow/example_dags/example_latest_only_with_trigger.py
[2023-07-09T19:07:56.328+0000] {processor.py:826} INFO - Processing file /home/airflow/.local/lib/python3.7/site-packages/airflow/example_dags/example_latest_only_with_trigger.py for tasks to queue
[2023-07-09T19:07:56.329+0000] {logging_mixin.py:149} INFO - [2023-07-09T19:07:56.329+0000] {dagbag.py:541} INFO - Filling up the DagBag from /home/airflow/.local/lib/python3.7/site-packages/airflow/example_dags/example_latest_only_with_trigger.py
[2023-07-09T19:07:56.336+0000] {processor.py:836} INFO - DAG(s) dict_keys(['latest_only_with_trigger']) retrieved from /home/airflow/.local/lib/python3.7/site-packages/airflow/example_dags/example_latest_only_with_trigger.py
[2023-07-09T19:07:56.362+0000] {logging_mixin.py:149} INFO - [2023-07-09T19:07:56.362+0000] {dag.py:2726} INFO - Sync 1 DAGs
[2023-07-09T19:07:56.388+0000] {logging_mixin.py:149} INFO - [2023-07-09T19:07:56.388+0000] {dag.py:3490} INFO - Setting next_dagrun for latest_only_with_trigger to 2023-07-09T15:07:56.388193+00:00, run_after=2023-07-09T19:07:56.388193+00:00
[2023-07-09T19:07:56.410+0000] {processor.py:179} INFO - Processing /home/airflow/.local/lib/python3.7/site-packages/airflow/example_dags/example_latest_only_with_trigger.py took 0.086 seconds
[2023-07-09T19:08:26.525+0000] {processor.py:157} INFO - Started process (PID=994) to work on /home/airflow/.local/lib/python3.7/site-packages/airflow/example_dags/example_latest_only_with_trigger.py
[2023-07-09T19:08:26.527+0000] {processor.py:826} INFO - Processing file /home/airflow/.local/lib/python3.7/site-packages/airflow/example_dags/example_latest_only_with_trigger.py for tasks to queue
[2023-07-09T19:08:26.529+0000] {logging_mixin.py:149} INFO - [2023-07-09T19:08:26.528+0000] {dagbag.py:541} INFO - Filling up the DagBag from /home/airflow/.local/lib/python3.7/site-packages/airflow/example_dags/example_latest_only_with_trigger.py
[2023-07-09T19:08:26.536+0000] {processor.py:836} INFO - DAG(s) dict_keys(['latest_only_with_trigger']) retrieved from /home/airflow/.local/lib/python3.7/site-packages/airflow/example_dags/example_latest_only_with_trigger.py
[2023-07-09T19:08:26.552+0000] {logging_mixin.py:149} INFO - [2023-07-09T19:08:26.552+0000] {dag.py:2726} INFO - Sync 1 DAGs
[2023-07-09T19:08:26.579+0000] {logging_mixin.py:149} INFO - [2023-07-09T19:08:26.579+0000] {dag.py:3490} INFO - Setting next_dagrun for latest_only_with_trigger to 2023-07-09T15:08:26.578905+00:00, run_after=2023-07-09T19:08:26.578905+00:00
[2023-07-09T19:08:26.607+0000] {processor.py:179} INFO - Processing /home/airflow/.local/lib/python3.7/site-packages/airflow/example_dags/example_latest_only_with_trigger.py took 0.085 seconds
[2023-07-09T19:08:56.956+0000] {processor.py:157} INFO - Started process (PID=1055) to work on /home/airflow/.local/lib/python3.7/site-packages/airflow/example_dags/example_latest_only_with_trigger.py
[2023-07-09T19:08:56.957+0000] {processor.py:826} INFO - Processing file /home/airflow/.local/lib/python3.7/site-packages/airflow/example_dags/example_latest_only_with_trigger.py for tasks to queue
[2023-07-09T19:08:56.957+0000] {logging_mixin.py:149} INFO - [2023-07-09T19:08:56.957+0000] {dagbag.py:541} INFO - Filling up the DagBag from /home/airflow/.local/lib/python3.7/site-packages/airflow/example_dags/example_latest_only_with_trigger.py
[2023-07-09T19:08:56.964+0000] {processor.py:836} INFO - DAG(s) dict_keys(['latest_only_with_trigger']) retrieved from /home/airflow/.local/lib/python3.7/site-packages/airflow/example_dags/example_latest_only_with_trigger.py
[2023-07-09T19:08:56.990+0000] {logging_mixin.py:149} INFO - [2023-07-09T19:08:56.990+0000] {dag.py:2726} INFO - Sync 1 DAGs
[2023-07-09T19:08:57.016+0000] {logging_mixin.py:149} INFO - [2023-07-09T19:08:57.015+0000] {dag.py:3490} INFO - Setting next_dagrun for latest_only_with_trigger to 2023-07-09T15:08:57.015735+00:00, run_after=2023-07-09T19:08:57.015735+00:00
[2023-07-09T19:08:57.040+0000] {processor.py:179} INFO - Processing /home/airflow/.local/lib/python3.7/site-packages/airflow/example_dags/example_latest_only_with_trigger.py took 0.088 seconds
[2023-07-09T19:09:27.806+0000] {processor.py:157} INFO - Started process (PID=1116) to work on /home/airflow/.local/lib/python3.7/site-packages/airflow/example_dags/example_latest_only_with_trigger.py
[2023-07-09T19:09:27.807+0000] {processor.py:826} INFO - Processing file /home/airflow/.local/lib/python3.7/site-packages/airflow/example_dags/example_latest_only_with_trigger.py for tasks to queue
[2023-07-09T19:09:27.808+0000] {logging_mixin.py:149} INFO - [2023-07-09T19:09:27.808+0000] {dagbag.py:541} INFO - Filling up the DagBag from /home/airflow/.local/lib/python3.7/site-packages/airflow/example_dags/example_latest_only_with_trigger.py
[2023-07-09T19:09:27.814+0000] {processor.py:836} INFO - DAG(s) dict_keys(['latest_only_with_trigger']) retrieved from /home/airflow/.local/lib/python3.7/site-packages/airflow/example_dags/example_latest_only_with_trigger.py
[2023-07-09T19:09:27.828+0000] {logging_mixin.py:149} INFO - [2023-07-09T19:09:27.827+0000] {dag.py:2726} INFO - Sync 1 DAGs
[2023-07-09T19:09:27.852+0000] {logging_mixin.py:149} INFO - [2023-07-09T19:09:27.852+0000] {dag.py:3490} INFO - Setting next_dagrun for latest_only_with_trigger to 2023-07-09T15:09:27.852296+00:00, run_after=2023-07-09T19:09:27.852296+00:00
[2023-07-09T19:09:27.881+0000] {processor.py:179} INFO - Processing /home/airflow/.local/lib/python3.7/site-packages/airflow/example_dags/example_latest_only_with_trigger.py took 0.077 seconds
[2023-07-09T19:09:58.122+0000] {processor.py:157} INFO - Started process (PID=1177) to work on /home/airflow/.local/lib/python3.7/site-packages/airflow/example_dags/example_latest_only_with_trigger.py
[2023-07-09T19:09:58.123+0000] {processor.py:826} INFO - Processing file /home/airflow/.local/lib/python3.7/site-packages/airflow/example_dags/example_latest_only_with_trigger.py for tasks to queue
[2023-07-09T19:09:58.124+0000] {logging_mixin.py:149} INFO - [2023-07-09T19:09:58.124+0000] {dagbag.py:541} INFO - Filling up the DagBag from /home/airflow/.local/lib/python3.7/site-packages/airflow/example_dags/example_latest_only_with_trigger.py
[2023-07-09T19:09:58.129+0000] {processor.py:836} INFO - DAG(s) dict_keys(['latest_only_with_trigger']) retrieved from /home/airflow/.local/lib/python3.7/site-packages/airflow/example_dags/example_latest_only_with_trigger.py
[2023-07-09T19:09:58.155+0000] {logging_mixin.py:149} INFO - [2023-07-09T19:09:58.155+0000] {dag.py:2726} INFO - Sync 1 DAGs
[2023-07-09T19:09:58.179+0000] {logging_mixin.py:149} INFO - [2023-07-09T19:09:58.179+0000] {dag.py:3490} INFO - Setting next_dagrun for latest_only_with_trigger to 2023-07-09T15:09:58.179211+00:00, run_after=2023-07-09T19:09:58.179211+00:00
[2023-07-09T19:09:58.204+0000] {processor.py:179} INFO - Processing /home/airflow/.local/lib/python3.7/site-packages/airflow/example_dags/example_latest_only_with_trigger.py took 0.085 seconds
[2023-07-09T19:10:28.340+0000] {processor.py:157} INFO - Started process (PID=1238) to work on /home/airflow/.local/lib/python3.7/site-packages/airflow/example_dags/example_latest_only_with_trigger.py
[2023-07-09T19:10:28.341+0000] {processor.py:826} INFO - Processing file /home/airflow/.local/lib/python3.7/site-packages/airflow/example_dags/example_latest_only_with_trigger.py for tasks to queue
[2023-07-09T19:10:28.342+0000] {logging_mixin.py:149} INFO - [2023-07-09T19:10:28.342+0000] {dagbag.py:541} INFO - Filling up the DagBag from /home/airflow/.local/lib/python3.7/site-packages/airflow/example_dags/example_latest_only_with_trigger.py
[2023-07-09T19:10:28.348+0000] {processor.py:836} INFO - DAG(s) dict_keys(['latest_only_with_trigger']) retrieved from /home/airflow/.local/lib/python3.7/site-packages/airflow/example_dags/example_latest_only_with_trigger.py
[2023-07-09T19:10:28.372+0000] {logging_mixin.py:149} INFO - [2023-07-09T19:10:28.372+0000] {dag.py:2726} INFO - Sync 1 DAGs
[2023-07-09T19:10:28.394+0000] {logging_mixin.py:149} INFO - [2023-07-09T19:10:28.394+0000] {dag.py:3490} INFO - Setting next_dagrun for latest_only_with_trigger to 2023-07-09T15:10:28.394420+00:00, run_after=2023-07-09T19:10:28.394420+00:00
[2023-07-09T19:10:28.418+0000] {processor.py:179} INFO - Processing /home/airflow/.local/lib/python3.7/site-packages/airflow/example_dags/example_latest_only_with_trigger.py took 0.080 seconds
[2023-07-09T19:10:58.912+0000] {processor.py:157} INFO - Started process (PID=1299) to work on /home/airflow/.local/lib/python3.7/site-packages/airflow/example_dags/example_latest_only_with_trigger.py
[2023-07-09T19:10:58.913+0000] {processor.py:826} INFO - Processing file /home/airflow/.local/lib/python3.7/site-packages/airflow/example_dags/example_latest_only_with_trigger.py for tasks to queue
[2023-07-09T19:10:58.914+0000] {logging_mixin.py:149} INFO - [2023-07-09T19:10:58.914+0000] {dagbag.py:541} INFO - Filling up the DagBag from /home/airflow/.local/lib/python3.7/site-packages/airflow/example_dags/example_latest_only_with_trigger.py
[2023-07-09T19:10:58.920+0000] {processor.py:836} INFO - DAG(s) dict_keys(['latest_only_with_trigger']) retrieved from /home/airflow/.local/lib/python3.7/site-packages/airflow/example_dags/example_latest_only_with_trigger.py
[2023-07-09T19:10:58.945+0000] {logging_mixin.py:149} INFO - [2023-07-09T19:10:58.944+0000] {dag.py:2726} INFO - Sync 1 DAGs
[2023-07-09T19:10:58.971+0000] {logging_mixin.py:149} INFO - [2023-07-09T19:10:58.971+0000] {dag.py:3490} INFO - Setting next_dagrun for latest_only_with_trigger to 2023-07-09T15:10:58.970983+00:00, run_after=2023-07-09T19:10:58.970983+00:00
[2023-07-09T19:10:58.998+0000] {processor.py:179} INFO - Processing /home/airflow/.local/lib/python3.7/site-packages/airflow/example_dags/example_latest_only_with_trigger.py took 0.088 seconds
[2023-07-09T19:11:29.165+0000] {processor.py:157} INFO - Started process (PID=1360) to work on /home/airflow/.local/lib/python3.7/site-packages/airflow/example_dags/example_latest_only_with_trigger.py
[2023-07-09T19:11:29.166+0000] {processor.py:826} INFO - Processing file /home/airflow/.local/lib/python3.7/site-packages/airflow/example_dags/example_latest_only_with_trigger.py for tasks to queue
[2023-07-09T19:11:29.167+0000] {logging_mixin.py:149} INFO - [2023-07-09T19:11:29.167+0000] {dagbag.py:541} INFO - Filling up the DagBag from /home/airflow/.local/lib/python3.7/site-packages/airflow/example_dags/example_latest_only_with_trigger.py
[2023-07-09T19:11:29.173+0000] {processor.py:836} INFO - DAG(s) dict_keys(['latest_only_with_trigger']) retrieved from /home/airflow/.local/lib/python3.7/site-packages/airflow/example_dags/example_latest_only_with_trigger.py
[2023-07-09T19:11:29.199+0000] {logging_mixin.py:149} INFO - [2023-07-09T19:11:29.199+0000] {dag.py:2726} INFO - Sync 1 DAGs
[2023-07-09T19:11:29.225+0000] {logging_mixin.py:149} INFO - [2023-07-09T19:11:29.225+0000] {dag.py:3490} INFO - Setting next_dagrun for latest_only_with_trigger to 2023-07-09T15:11:29.225086+00:00, run_after=2023-07-09T19:11:29.225086+00:00
[2023-07-09T19:11:29.247+0000] {processor.py:179} INFO - Processing /home/airflow/.local/lib/python3.7/site-packages/airflow/example_dags/example_latest_only_with_trigger.py took 0.085 seconds
[2023-07-09T19:11:59.309+0000] {processor.py:157} INFO - Started process (PID=1421) to work on /home/airflow/.local/lib/python3.7/site-packages/airflow/example_dags/example_latest_only_with_trigger.py
[2023-07-09T19:11:59.310+0000] {processor.py:826} INFO - Processing file /home/airflow/.local/lib/python3.7/site-packages/airflow/example_dags/example_latest_only_with_trigger.py for tasks to queue
[2023-07-09T19:11:59.311+0000] {logging_mixin.py:149} INFO - [2023-07-09T19:11:59.311+0000] {dagbag.py:541} INFO - Filling up the DagBag from /home/airflow/.local/lib/python3.7/site-packages/airflow/example_dags/example_latest_only_with_trigger.py
[2023-07-09T19:11:59.317+0000] {processor.py:836} INFO - DAG(s) dict_keys(['latest_only_with_trigger']) retrieved from /home/airflow/.local/lib/python3.7/site-packages/airflow/example_dags/example_latest_only_with_trigger.py
[2023-07-09T19:11:59.331+0000] {logging_mixin.py:149} INFO - [2023-07-09T19:11:59.331+0000] {dag.py:2726} INFO - Sync 1 DAGs
[2023-07-09T19:11:59.364+0000] {logging_mixin.py:149} INFO - [2023-07-09T19:11:59.364+0000] {dag.py:3490} INFO - Setting next_dagrun for latest_only_with_trigger to 2023-07-09T15:11:59.364269+00:00, run_after=2023-07-09T19:11:59.364269+00:00
[2023-07-09T19:11:59.388+0000] {processor.py:179} INFO - Processing /home/airflow/.local/lib/python3.7/site-packages/airflow/example_dags/example_latest_only_with_trigger.py took 0.082 seconds
[2023-07-09T19:12:30.182+0000] {processor.py:157} INFO - Started process (PID=1483) to work on /home/airflow/.local/lib/python3.7/site-packages/airflow/example_dags/example_latest_only_with_trigger.py
[2023-07-09T19:12:30.183+0000] {processor.py:826} INFO - Processing file /home/airflow/.local/lib/python3.7/site-packages/airflow/example_dags/example_latest_only_with_trigger.py for tasks to queue
[2023-07-09T19:12:30.184+0000] {logging_mixin.py:149} INFO - [2023-07-09T19:12:30.184+0000] {dagbag.py:541} INFO - Filling up the DagBag from /home/airflow/.local/lib/python3.7/site-packages/airflow/example_dags/example_latest_only_with_trigger.py
[2023-07-09T19:12:30.191+0000] {processor.py:836} INFO - DAG(s) dict_keys(['latest_only_with_trigger']) retrieved from /home/airflow/.local/lib/python3.7/site-packages/airflow/example_dags/example_latest_only_with_trigger.py
[2023-07-09T19:12:30.205+0000] {logging_mixin.py:149} INFO - [2023-07-09T19:12:30.205+0000] {dag.py:2726} INFO - Sync 1 DAGs
[2023-07-09T19:12:30.245+0000] {logging_mixin.py:149} INFO - [2023-07-09T19:12:30.245+0000] {dag.py:3490} INFO - Setting next_dagrun for latest_only_with_trigger to 2023-07-09T15:12:30.245524+00:00, run_after=2023-07-09T19:12:30.245524+00:00
[2023-07-09T19:12:30.289+0000] {processor.py:179} INFO - Processing /home/airflow/.local/lib/python3.7/site-packages/airflow/example_dags/example_latest_only_with_trigger.py took 0.110 seconds
[2023-07-09T19:13:00.395+0000] {processor.py:157} INFO - Started process (PID=1544) to work on /home/airflow/.local/lib/python3.7/site-packages/airflow/example_dags/example_latest_only_with_trigger.py
[2023-07-09T19:13:00.396+0000] {processor.py:826} INFO - Processing file /home/airflow/.local/lib/python3.7/site-packages/airflow/example_dags/example_latest_only_with_trigger.py for tasks to queue
[2023-07-09T19:13:00.397+0000] {logging_mixin.py:149} INFO - [2023-07-09T19:13:00.397+0000] {dagbag.py:541} INFO - Filling up the DagBag from /home/airflow/.local/lib/python3.7/site-packages/airflow/example_dags/example_latest_only_with_trigger.py
[2023-07-09T19:13:00.403+0000] {processor.py:836} INFO - DAG(s) dict_keys(['latest_only_with_trigger']) retrieved from /home/airflow/.local/lib/python3.7/site-packages/airflow/example_dags/example_latest_only_with_trigger.py
[2023-07-09T19:13:00.426+0000] {logging_mixin.py:149} INFO - [2023-07-09T19:13:00.425+0000] {dag.py:2726} INFO - Sync 1 DAGs
[2023-07-09T19:13:00.449+0000] {logging_mixin.py:149} INFO - [2023-07-09T19:13:00.449+0000] {dag.py:3490} INFO - Setting next_dagrun for latest_only_with_trigger to 2023-07-09T15:13:00.448859+00:00, run_after=2023-07-09T19:13:00.448859+00:00
[2023-07-09T19:13:00.474+0000] {processor.py:179} INFO - Processing /home/airflow/.local/lib/python3.7/site-packages/airflow/example_dags/example_latest_only_with_trigger.py took 0.082 seconds
[2023-07-09T19:13:30.659+0000] {processor.py:157} INFO - Started process (PID=1606) to work on /home/airflow/.local/lib/python3.7/site-packages/airflow/example_dags/example_latest_only_with_trigger.py
[2023-07-09T19:13:30.660+0000] {processor.py:826} INFO - Processing file /home/airflow/.local/lib/python3.7/site-packages/airflow/example_dags/example_latest_only_with_trigger.py for tasks to queue
[2023-07-09T19:13:30.661+0000] {logging_mixin.py:149} INFO - [2023-07-09T19:13:30.661+0000] {dagbag.py:541} INFO - Filling up the DagBag from /home/airflow/.local/lib/python3.7/site-packages/airflow/example_dags/example_latest_only_with_trigger.py
[2023-07-09T19:13:30.666+0000] {processor.py:836} INFO - DAG(s) dict_keys(['latest_only_with_trigger']) retrieved from /home/airflow/.local/lib/python3.7/site-packages/airflow/example_dags/example_latest_only_with_trigger.py
[2023-07-09T19:13:30.690+0000] {logging_mixin.py:149} INFO - [2023-07-09T19:13:30.690+0000] {dag.py:2726} INFO - Sync 1 DAGs
[2023-07-09T19:13:30.715+0000] {logging_mixin.py:149} INFO - [2023-07-09T19:13:30.715+0000] {dag.py:3490} INFO - Setting next_dagrun for latest_only_with_trigger to 2023-07-09T15:13:30.714870+00:00, run_after=2023-07-09T19:13:30.714870+00:00
[2023-07-09T19:13:30.737+0000] {processor.py:179} INFO - Processing /home/airflow/.local/lib/python3.7/site-packages/airflow/example_dags/example_latest_only_with_trigger.py took 0.081 seconds
[2023-07-09T19:14:01.069+0000] {processor.py:157} INFO - Started process (PID=1667) to work on /home/airflow/.local/lib/python3.7/site-packages/airflow/example_dags/example_latest_only_with_trigger.py
[2023-07-09T19:14:01.070+0000] {processor.py:826} INFO - Processing file /home/airflow/.local/lib/python3.7/site-packages/airflow/example_dags/example_latest_only_with_trigger.py for tasks to queue
[2023-07-09T19:14:01.071+0000] {logging_mixin.py:149} INFO - [2023-07-09T19:14:01.071+0000] {dagbag.py:541} INFO - Filling up the DagBag from /home/airflow/.local/lib/python3.7/site-packages/airflow/example_dags/example_latest_only_with_trigger.py
[2023-07-09T19:14:01.077+0000] {processor.py:836} INFO - DAG(s) dict_keys(['latest_only_with_trigger']) retrieved from /home/airflow/.local/lib/python3.7/site-packages/airflow/example_dags/example_latest_only_with_trigger.py
[2023-07-09T19:14:01.107+0000] {logging_mixin.py:149} INFO - [2023-07-09T19:14:01.107+0000] {dag.py:2726} INFO - Sync 1 DAGs
[2023-07-09T19:14:01.136+0000] {logging_mixin.py:149} INFO - [2023-07-09T19:14:01.136+0000] {dag.py:3490} INFO - Setting next_dagrun for latest_only_with_trigger to 2023-07-09T15:14:01.135886+00:00, run_after=2023-07-09T19:14:01.135886+00:00
[2023-07-09T19:14:01.161+0000] {processor.py:179} INFO - Processing /home/airflow/.local/lib/python3.7/site-packages/airflow/example_dags/example_latest_only_with_trigger.py took 0.096 seconds
[2023-07-09T19:14:31.313+0000] {processor.py:157} INFO - Started process (PID=1728) to work on /home/airflow/.local/lib/python3.7/site-packages/airflow/example_dags/example_latest_only_with_trigger.py
[2023-07-09T19:14:31.314+0000] {processor.py:826} INFO - Processing file /home/airflow/.local/lib/python3.7/site-packages/airflow/example_dags/example_latest_only_with_trigger.py for tasks to queue
[2023-07-09T19:14:31.315+0000] {logging_mixin.py:149} INFO - [2023-07-09T19:14:31.314+0000] {dagbag.py:541} INFO - Filling up the DagBag from /home/airflow/.local/lib/python3.7/site-packages/airflow/example_dags/example_latest_only_with_trigger.py
[2023-07-09T19:14:31.320+0000] {processor.py:836} INFO - DAG(s) dict_keys(['latest_only_with_trigger']) retrieved from /home/airflow/.local/lib/python3.7/site-packages/airflow/example_dags/example_latest_only_with_trigger.py
[2023-07-09T19:14:31.343+0000] {logging_mixin.py:149} INFO - [2023-07-09T19:14:31.343+0000] {dag.py:2726} INFO - Sync 1 DAGs
[2023-07-09T19:14:31.366+0000] {logging_mixin.py:149} INFO - [2023-07-09T19:14:31.366+0000] {dag.py:3490} INFO - Setting next_dagrun for latest_only_with_trigger to 2023-07-09T15:14:31.365833+00:00, run_after=2023-07-09T19:14:31.365833+00:00
[2023-07-09T19:14:31.388+0000] {processor.py:179} INFO - Processing /home/airflow/.local/lib/python3.7/site-packages/airflow/example_dags/example_latest_only_with_trigger.py took 0.079 seconds
[2023-07-09T19:15:02.090+0000] {processor.py:157} INFO - Started process (PID=1789) to work on /home/airflow/.local/lib/python3.7/site-packages/airflow/example_dags/example_latest_only_with_trigger.py
[2023-07-09T19:15:02.091+0000] {processor.py:826} INFO - Processing file /home/airflow/.local/lib/python3.7/site-packages/airflow/example_dags/example_latest_only_with_trigger.py for tasks to queue
[2023-07-09T19:15:02.091+0000] {logging_mixin.py:149} INFO - [2023-07-09T19:15:02.091+0000] {dagbag.py:541} INFO - Filling up the DagBag from /home/airflow/.local/lib/python3.7/site-packages/airflow/example_dags/example_latest_only_with_trigger.py
[2023-07-09T19:15:02.097+0000] {processor.py:836} INFO - DAG(s) dict_keys(['latest_only_with_trigger']) retrieved from /home/airflow/.local/lib/python3.7/site-packages/airflow/example_dags/example_latest_only_with_trigger.py
[2023-07-09T19:15:02.119+0000] {logging_mixin.py:149} INFO - [2023-07-09T19:15:02.119+0000] {dag.py:2726} INFO - Sync 1 DAGs
[2023-07-09T19:15:02.140+0000] {logging_mixin.py:149} INFO - [2023-07-09T19:15:02.140+0000] {dag.py:3490} INFO - Setting next_dagrun for latest_only_with_trigger to 2023-07-09T15:15:02.140440+00:00, run_after=2023-07-09T19:15:02.140440+00:00
[2023-07-09T19:15:02.162+0000] {processor.py:179} INFO - Processing /home/airflow/.local/lib/python3.7/site-packages/airflow/example_dags/example_latest_only_with_trigger.py took 0.075 seconds
[2023-07-09T19:15:33.081+0000] {processor.py:157} INFO - Started process (PID=1850) to work on /home/airflow/.local/lib/python3.7/site-packages/airflow/example_dags/example_latest_only_with_trigger.py
[2023-07-09T19:15:33.082+0000] {processor.py:826} INFO - Processing file /home/airflow/.local/lib/python3.7/site-packages/airflow/example_dags/example_latest_only_with_trigger.py for tasks to queue
[2023-07-09T19:15:33.083+0000] {logging_mixin.py:149} INFO - [2023-07-09T19:15:33.083+0000] {dagbag.py:541} INFO - Filling up the DagBag from /home/airflow/.local/lib/python3.7/site-packages/airflow/example_dags/example_latest_only_with_trigger.py
[2023-07-09T19:15:33.089+0000] {processor.py:836} INFO - DAG(s) dict_keys(['latest_only_with_trigger']) retrieved from /home/airflow/.local/lib/python3.7/site-packages/airflow/example_dags/example_latest_only_with_trigger.py
[2023-07-09T19:15:33.111+0000] {logging_mixin.py:149} INFO - [2023-07-09T19:15:33.111+0000] {dag.py:2726} INFO - Sync 1 DAGs
[2023-07-09T19:15:33.134+0000] {logging_mixin.py:149} INFO - [2023-07-09T19:15:33.133+0000] {dag.py:3490} INFO - Setting next_dagrun for latest_only_with_trigger to 2023-07-09T15:15:33.133680+00:00, run_after=2023-07-09T19:15:33.133680+00:00
[2023-07-09T19:15:33.155+0000] {processor.py:179} INFO - Processing /home/airflow/.local/lib/python3.7/site-packages/airflow/example_dags/example_latest_only_with_trigger.py took 0.077 seconds
[2023-07-09T19:16:03.341+0000] {processor.py:157} INFO - Started process (PID=1912) to work on /home/airflow/.local/lib/python3.7/site-packages/airflow/example_dags/example_latest_only_with_trigger.py
[2023-07-09T19:16:03.343+0000] {processor.py:826} INFO - Processing file /home/airflow/.local/lib/python3.7/site-packages/airflow/example_dags/example_latest_only_with_trigger.py for tasks to queue
[2023-07-09T19:16:03.344+0000] {logging_mixin.py:149} INFO - [2023-07-09T19:16:03.344+0000] {dagbag.py:541} INFO - Filling up the DagBag from /home/airflow/.local/lib/python3.7/site-packages/airflow/example_dags/example_latest_only_with_trigger.py
[2023-07-09T19:16:03.353+0000] {processor.py:836} INFO - DAG(s) dict_keys(['latest_only_with_trigger']) retrieved from /home/airflow/.local/lib/python3.7/site-packages/airflow/example_dags/example_latest_only_with_trigger.py
[2023-07-09T19:16:03.384+0000] {logging_mixin.py:149} INFO - [2023-07-09T19:16:03.383+0000] {dag.py:2726} INFO - Sync 1 DAGs
[2023-07-09T19:16:03.415+0000] {logging_mixin.py:149} INFO - [2023-07-09T19:16:03.415+0000] {dag.py:3490} INFO - Setting next_dagrun for latest_only_with_trigger to 2023-07-09T15:16:03.415346+00:00, run_after=2023-07-09T19:16:03.415346+00:00
[2023-07-09T19:16:03.450+0000] {processor.py:179} INFO - Processing /home/airflow/.local/lib/python3.7/site-packages/airflow/example_dags/example_latest_only_with_trigger.py took 0.112 seconds
[2023-07-09T19:16:33.663+0000] {processor.py:157} INFO - Started process (PID=1975) to work on /home/airflow/.local/lib/python3.7/site-packages/airflow/example_dags/example_latest_only_with_trigger.py
[2023-07-09T19:16:33.664+0000] {processor.py:826} INFO - Processing file /home/airflow/.local/lib/python3.7/site-packages/airflow/example_dags/example_latest_only_with_trigger.py for tasks to queue
[2023-07-09T19:16:33.665+0000] {logging_mixin.py:149} INFO - [2023-07-09T19:16:33.665+0000] {dagbag.py:541} INFO - Filling up the DagBag from /home/airflow/.local/lib/python3.7/site-packages/airflow/example_dags/example_latest_only_with_trigger.py
[2023-07-09T19:16:33.670+0000] {processor.py:836} INFO - DAG(s) dict_keys(['latest_only_with_trigger']) retrieved from /home/airflow/.local/lib/python3.7/site-packages/airflow/example_dags/example_latest_only_with_trigger.py
[2023-07-09T19:16:33.695+0000] {logging_mixin.py:149} INFO - [2023-07-09T19:16:33.695+0000] {dag.py:2726} INFO - Sync 1 DAGs
[2023-07-09T19:16:33.719+0000] {logging_mixin.py:149} INFO - [2023-07-09T19:16:33.719+0000] {dag.py:3490} INFO - Setting next_dagrun for latest_only_with_trigger to 2023-07-09T15:16:33.718945+00:00, run_after=2023-07-09T19:16:33.718945+00:00
[2023-07-09T19:16:33.740+0000] {processor.py:179} INFO - Processing /home/airflow/.local/lib/python3.7/site-packages/airflow/example_dags/example_latest_only_with_trigger.py took 0.080 seconds
[2023-07-09T19:17:04.044+0000] {processor.py:157} INFO - Started process (PID=2037) to work on /home/airflow/.local/lib/python3.7/site-packages/airflow/example_dags/example_latest_only_with_trigger.py
[2023-07-09T19:17:04.045+0000] {processor.py:826} INFO - Processing file /home/airflow/.local/lib/python3.7/site-packages/airflow/example_dags/example_latest_only_with_trigger.py for tasks to queue
[2023-07-09T19:17:04.045+0000] {logging_mixin.py:149} INFO - [2023-07-09T19:17:04.045+0000] {dagbag.py:541} INFO - Filling up the DagBag from /home/airflow/.local/lib/python3.7/site-packages/airflow/example_dags/example_latest_only_with_trigger.py
[2023-07-09T19:17:04.051+0000] {processor.py:836} INFO - DAG(s) dict_keys(['latest_only_with_trigger']) retrieved from /home/airflow/.local/lib/python3.7/site-packages/airflow/example_dags/example_latest_only_with_trigger.py
[2023-07-09T19:17:04.074+0000] {logging_mixin.py:149} INFO - [2023-07-09T19:17:04.074+0000] {dag.py:2726} INFO - Sync 1 DAGs
[2023-07-09T19:17:04.095+0000] {logging_mixin.py:149} INFO - [2023-07-09T19:17:04.095+0000] {dag.py:3490} INFO - Setting next_dagrun for latest_only_with_trigger to 2023-07-09T15:17:04.095133+00:00, run_after=2023-07-09T19:17:04.095133+00:00
[2023-07-09T19:17:04.117+0000] {processor.py:179} INFO - Processing /home/airflow/.local/lib/python3.7/site-packages/airflow/example_dags/example_latest_only_with_trigger.py took 0.076 seconds
[2023-07-09T19:17:34.996+0000] {processor.py:157} INFO - Started process (PID=2099) to work on /home/airflow/.local/lib/python3.7/site-packages/airflow/example_dags/example_latest_only_with_trigger.py
[2023-07-09T19:17:34.998+0000] {processor.py:826} INFO - Processing file /home/airflow/.local/lib/python3.7/site-packages/airflow/example_dags/example_latest_only_with_trigger.py for tasks to queue
[2023-07-09T19:17:34.999+0000] {logging_mixin.py:149} INFO - [2023-07-09T19:17:34.998+0000] {dagbag.py:541} INFO - Filling up the DagBag from /home/airflow/.local/lib/python3.7/site-packages/airflow/example_dags/example_latest_only_with_trigger.py
[2023-07-09T19:17:35.005+0000] {processor.py:836} INFO - DAG(s) dict_keys(['latest_only_with_trigger']) retrieved from /home/airflow/.local/lib/python3.7/site-packages/airflow/example_dags/example_latest_only_with_trigger.py
[2023-07-09T19:17:35.031+0000] {logging_mixin.py:149} INFO - [2023-07-09T19:17:35.031+0000] {dag.py:2726} INFO - Sync 1 DAGs
[2023-07-09T19:17:35.058+0000] {logging_mixin.py:149} INFO - [2023-07-09T19:17:35.057+0000] {dag.py:3490} INFO - Setting next_dagrun for latest_only_with_trigger to 2023-07-09T15:17:35.057721+00:00, run_after=2023-07-09T19:17:35.057721+00:00
[2023-07-09T19:17:35.079+0000] {processor.py:179} INFO - Processing /home/airflow/.local/lib/python3.7/site-packages/airflow/example_dags/example_latest_only_with_trigger.py took 0.086 seconds
[2023-07-09T19:18:06.010+0000] {processor.py:157} INFO - Started process (PID=2161) to work on /home/airflow/.local/lib/python3.7/site-packages/airflow/example_dags/example_latest_only_with_trigger.py
[2023-07-09T19:18:06.011+0000] {processor.py:826} INFO - Processing file /home/airflow/.local/lib/python3.7/site-packages/airflow/example_dags/example_latest_only_with_trigger.py for tasks to queue
[2023-07-09T19:18:06.012+0000] {logging_mixin.py:149} INFO - [2023-07-09T19:18:06.012+0000] {dagbag.py:541} INFO - Filling up the DagBag from /home/airflow/.local/lib/python3.7/site-packages/airflow/example_dags/example_latest_only_with_trigger.py
[2023-07-09T19:18:06.018+0000] {processor.py:836} INFO - DAG(s) dict_keys(['latest_only_with_trigger']) retrieved from /home/airflow/.local/lib/python3.7/site-packages/airflow/example_dags/example_latest_only_with_trigger.py
[2023-07-09T19:18:06.044+0000] {logging_mixin.py:149} INFO - [2023-07-09T19:18:06.043+0000] {dag.py:2726} INFO - Sync 1 DAGs
[2023-07-09T19:18:06.072+0000] {logging_mixin.py:149} INFO - [2023-07-09T19:18:06.072+0000] {dag.py:3490} INFO - Setting next_dagrun for latest_only_with_trigger to 2023-07-09T15:18:06.071956+00:00, run_after=2023-07-09T19:18:06.071956+00:00
[2023-07-09T19:18:06.092+0000] {processor.py:179} INFO - Processing /home/airflow/.local/lib/python3.7/site-packages/airflow/example_dags/example_latest_only_with_trigger.py took 0.086 seconds
[2023-07-09T19:18:36.368+0000] {processor.py:157} INFO - Started process (PID=2223) to work on /home/airflow/.local/lib/python3.7/site-packages/airflow/example_dags/example_latest_only_with_trigger.py
[2023-07-09T19:18:36.369+0000] {processor.py:826} INFO - Processing file /home/airflow/.local/lib/python3.7/site-packages/airflow/example_dags/example_latest_only_with_trigger.py for tasks to queue
[2023-07-09T19:18:36.370+0000] {logging_mixin.py:149} INFO - [2023-07-09T19:18:36.370+0000] {dagbag.py:541} INFO - Filling up the DagBag from /home/airflow/.local/lib/python3.7/site-packages/airflow/example_dags/example_latest_only_with_trigger.py
[2023-07-09T19:18:36.375+0000] {processor.py:836} INFO - DAG(s) dict_keys(['latest_only_with_trigger']) retrieved from /home/airflow/.local/lib/python3.7/site-packages/airflow/example_dags/example_latest_only_with_trigger.py
[2023-07-09T19:18:36.398+0000] {logging_mixin.py:149} INFO - [2023-07-09T19:18:36.398+0000] {dag.py:2726} INFO - Sync 1 DAGs
[2023-07-09T19:18:36.421+0000] {logging_mixin.py:149} INFO - [2023-07-09T19:18:36.420+0000] {dag.py:3490} INFO - Setting next_dagrun for latest_only_with_trigger to 2023-07-09T15:18:36.420728+00:00, run_after=2023-07-09T19:18:36.420728+00:00
[2023-07-09T19:18:36.440+0000] {processor.py:179} INFO - Processing /home/airflow/.local/lib/python3.7/site-packages/airflow/example_dags/example_latest_only_with_trigger.py took 0.075 seconds
[2023-07-09T19:19:06.679+0000] {processor.py:157} INFO - Started process (PID=2285) to work on /home/airflow/.local/lib/python3.7/site-packages/airflow/example_dags/example_latest_only_with_trigger.py
[2023-07-09T19:19:06.680+0000] {processor.py:826} INFO - Processing file /home/airflow/.local/lib/python3.7/site-packages/airflow/example_dags/example_latest_only_with_trigger.py for tasks to queue
[2023-07-09T19:19:06.680+0000] {logging_mixin.py:149} INFO - [2023-07-09T19:19:06.680+0000] {dagbag.py:541} INFO - Filling up the DagBag from /home/airflow/.local/lib/python3.7/site-packages/airflow/example_dags/example_latest_only_with_trigger.py
[2023-07-09T19:19:06.686+0000] {processor.py:836} INFO - DAG(s) dict_keys(['latest_only_with_trigger']) retrieved from /home/airflow/.local/lib/python3.7/site-packages/airflow/example_dags/example_latest_only_with_trigger.py
[2023-07-09T19:19:06.707+0000] {logging_mixin.py:149} INFO - [2023-07-09T19:19:06.707+0000] {dag.py:2726} INFO - Sync 1 DAGs
[2023-07-09T19:19:06.730+0000] {logging_mixin.py:149} INFO - [2023-07-09T19:19:06.730+0000] {dag.py:3490} INFO - Setting next_dagrun for latest_only_with_trigger to 2023-07-09T15:19:06.729813+00:00, run_after=2023-07-09T19:19:06.729813+00:00
[2023-07-09T19:19:06.750+0000] {processor.py:179} INFO - Processing /home/airflow/.local/lib/python3.7/site-packages/airflow/example_dags/example_latest_only_with_trigger.py took 0.075 seconds
[2023-07-09T19:19:36.910+0000] {processor.py:157} INFO - Started process (PID=2347) to work on /home/airflow/.local/lib/python3.7/site-packages/airflow/example_dags/example_latest_only_with_trigger.py
[2023-07-09T19:19:36.911+0000] {processor.py:826} INFO - Processing file /home/airflow/.local/lib/python3.7/site-packages/airflow/example_dags/example_latest_only_with_trigger.py for tasks to queue
[2023-07-09T19:19:36.912+0000] {logging_mixin.py:149} INFO - [2023-07-09T19:19:36.911+0000] {dagbag.py:541} INFO - Filling up the DagBag from /home/airflow/.local/lib/python3.7/site-packages/airflow/example_dags/example_latest_only_with_trigger.py
[2023-07-09T19:19:36.917+0000] {processor.py:836} INFO - DAG(s) dict_keys(['latest_only_with_trigger']) retrieved from /home/airflow/.local/lib/python3.7/site-packages/airflow/example_dags/example_latest_only_with_trigger.py
[2023-07-09T19:19:36.937+0000] {logging_mixin.py:149} INFO - [2023-07-09T19:19:36.937+0000] {dag.py:2726} INFO - Sync 1 DAGs
[2023-07-09T19:19:36.959+0000] {logging_mixin.py:149} INFO - [2023-07-09T19:19:36.959+0000] {dag.py:3490} INFO - Setting next_dagrun for latest_only_with_trigger to 2023-07-09T15:19:36.958845+00:00, run_after=2023-07-09T19:19:36.958845+00:00
[2023-07-09T19:19:36.980+0000] {processor.py:179} INFO - Processing /home/airflow/.local/lib/python3.7/site-packages/airflow/example_dags/example_latest_only_with_trigger.py took 0.073 seconds
[2023-07-09T19:20:07.309+0000] {processor.py:157} INFO - Started process (PID=2409) to work on /home/airflow/.local/lib/python3.7/site-packages/airflow/example_dags/example_latest_only_with_trigger.py
[2023-07-09T19:20:07.310+0000] {processor.py:826} INFO - Processing file /home/airflow/.local/lib/python3.7/site-packages/airflow/example_dags/example_latest_only_with_trigger.py for tasks to queue
[2023-07-09T19:20:07.311+0000] {logging_mixin.py:149} INFO - [2023-07-09T19:20:07.310+0000] {dagbag.py:541} INFO - Filling up the DagBag from /home/airflow/.local/lib/python3.7/site-packages/airflow/example_dags/example_latest_only_with_trigger.py
[2023-07-09T19:20:07.316+0000] {processor.py:836} INFO - DAG(s) dict_keys(['latest_only_with_trigger']) retrieved from /home/airflow/.local/lib/python3.7/site-packages/airflow/example_dags/example_latest_only_with_trigger.py
[2023-07-09T19:20:07.338+0000] {logging_mixin.py:149} INFO - [2023-07-09T19:20:07.338+0000] {dag.py:2726} INFO - Sync 1 DAGs
[2023-07-09T19:20:07.362+0000] {logging_mixin.py:149} INFO - [2023-07-09T19:20:07.362+0000] {dag.py:3490} INFO - Setting next_dagrun for latest_only_with_trigger to 2023-07-09T15:20:07.361883+00:00, run_after=2023-07-09T19:20:07.361883+00:00
[2023-07-09T19:20:07.384+0000] {processor.py:179} INFO - Processing /home/airflow/.local/lib/python3.7/site-packages/airflow/example_dags/example_latest_only_with_trigger.py took 0.078 seconds
[2023-07-09T19:20:37.884+0000] {processor.py:157} INFO - Started process (PID=2471) to work on /home/airflow/.local/lib/python3.7/site-packages/airflow/example_dags/example_latest_only_with_trigger.py
[2023-07-09T19:20:37.885+0000] {processor.py:826} INFO - Processing file /home/airflow/.local/lib/python3.7/site-packages/airflow/example_dags/example_latest_only_with_trigger.py for tasks to queue
[2023-07-09T19:20:37.886+0000] {logging_mixin.py:149} INFO - [2023-07-09T19:20:37.886+0000] {dagbag.py:541} INFO - Filling up the DagBag from /home/airflow/.local/lib/python3.7/site-packages/airflow/example_dags/example_latest_only_with_trigger.py
[2023-07-09T19:20:37.891+0000] {processor.py:836} INFO - DAG(s) dict_keys(['latest_only_with_trigger']) retrieved from /home/airflow/.local/lib/python3.7/site-packages/airflow/example_dags/example_latest_only_with_trigger.py
[2023-07-09T19:20:37.916+0000] {logging_mixin.py:149} INFO - [2023-07-09T19:20:37.916+0000] {dag.py:2726} INFO - Sync 1 DAGs
[2023-07-09T19:20:37.941+0000] {logging_mixin.py:149} INFO - [2023-07-09T19:20:37.941+0000] {dag.py:3490} INFO - Setting next_dagrun for latest_only_with_trigger to 2023-07-09T15:20:37.940903+00:00, run_after=2023-07-09T19:20:37.940903+00:00
[2023-07-09T19:20:37.967+0000] {processor.py:179} INFO - Processing /home/airflow/.local/lib/python3.7/site-packages/airflow/example_dags/example_latest_only_with_trigger.py took 0.087 seconds
[2023-07-09T19:21:09.198+0000] {processor.py:157} INFO - Started process (PID=2533) to work on /home/airflow/.local/lib/python3.7/site-packages/airflow/example_dags/example_latest_only_with_trigger.py
[2023-07-09T19:21:09.199+0000] {processor.py:826} INFO - Processing file /home/airflow/.local/lib/python3.7/site-packages/airflow/example_dags/example_latest_only_with_trigger.py for tasks to queue
[2023-07-09T19:21:09.201+0000] {logging_mixin.py:149} INFO - [2023-07-09T19:21:09.201+0000] {dagbag.py:541} INFO - Filling up the DagBag from /home/airflow/.local/lib/python3.7/site-packages/airflow/example_dags/example_latest_only_with_trigger.py
[2023-07-09T19:21:09.213+0000] {processor.py:836} INFO - DAG(s) dict_keys(['latest_only_with_trigger']) retrieved from /home/airflow/.local/lib/python3.7/site-packages/airflow/example_dags/example_latest_only_with_trigger.py
[2023-07-09T19:21:09.275+0000] {logging_mixin.py:149} INFO - [2023-07-09T19:21:09.274+0000] {dag.py:2726} INFO - Sync 1 DAGs
[2023-07-09T19:21:09.353+0000] {logging_mixin.py:149} INFO - [2023-07-09T19:21:09.353+0000] {dag.py:3490} INFO - Setting next_dagrun for latest_only_with_trigger to 2023-07-09T15:21:09.353238+00:00, run_after=2023-07-09T19:21:09.353238+00:00
[2023-07-09T19:21:09.399+0000] {processor.py:179} INFO - Processing /home/airflow/.local/lib/python3.7/site-packages/airflow/example_dags/example_latest_only_with_trigger.py took 0.205 seconds
[2023-07-09T19:21:39.431+0000] {processor.py:157} INFO - Started process (PID=2595) to work on /home/airflow/.local/lib/python3.7/site-packages/airflow/example_dags/example_latest_only_with_trigger.py
[2023-07-09T19:21:39.432+0000] {processor.py:826} INFO - Processing file /home/airflow/.local/lib/python3.7/site-packages/airflow/example_dags/example_latest_only_with_trigger.py for tasks to queue
[2023-07-09T19:21:39.434+0000] {logging_mixin.py:149} INFO - [2023-07-09T19:21:39.433+0000] {dagbag.py:541} INFO - Filling up the DagBag from /home/airflow/.local/lib/python3.7/site-packages/airflow/example_dags/example_latest_only_with_trigger.py
[2023-07-09T19:21:39.440+0000] {processor.py:836} INFO - DAG(s) dict_keys(['latest_only_with_trigger']) retrieved from /home/airflow/.local/lib/python3.7/site-packages/airflow/example_dags/example_latest_only_with_trigger.py
[2023-07-09T19:21:39.464+0000] {logging_mixin.py:149} INFO - [2023-07-09T19:21:39.464+0000] {dag.py:2726} INFO - Sync 1 DAGs
[2023-07-09T19:21:39.494+0000] {logging_mixin.py:149} INFO - [2023-07-09T19:21:39.494+0000] {dag.py:3490} INFO - Setting next_dagrun for latest_only_with_trigger to 2023-07-09T15:21:39.494157+00:00, run_after=2023-07-09T19:21:39.494157+00:00
[2023-07-09T19:21:39.519+0000] {processor.py:179} INFO - Processing /home/airflow/.local/lib/python3.7/site-packages/airflow/example_dags/example_latest_only_with_trigger.py took 0.091 seconds
[2023-07-09T19:22:09.700+0000] {processor.py:157} INFO - Started process (PID=2657) to work on /home/airflow/.local/lib/python3.7/site-packages/airflow/example_dags/example_latest_only_with_trigger.py
[2023-07-09T19:22:09.701+0000] {processor.py:826} INFO - Processing file /home/airflow/.local/lib/python3.7/site-packages/airflow/example_dags/example_latest_only_with_trigger.py for tasks to queue
[2023-07-09T19:22:09.702+0000] {logging_mixin.py:149} INFO - [2023-07-09T19:22:09.702+0000] {dagbag.py:541} INFO - Filling up the DagBag from /home/airflow/.local/lib/python3.7/site-packages/airflow/example_dags/example_latest_only_with_trigger.py
[2023-07-09T19:22:09.708+0000] {processor.py:836} INFO - DAG(s) dict_keys(['latest_only_with_trigger']) retrieved from /home/airflow/.local/lib/python3.7/site-packages/airflow/example_dags/example_latest_only_with_trigger.py
[2023-07-09T19:22:09.740+0000] {logging_mixin.py:149} INFO - [2023-07-09T19:22:09.739+0000] {dag.py:2726} INFO - Sync 1 DAGs
[2023-07-09T19:22:09.779+0000] {logging_mixin.py:149} INFO - [2023-07-09T19:22:09.779+0000] {dag.py:3490} INFO - Setting next_dagrun for latest_only_with_trigger to 2023-07-09T15:22:09.779312+00:00, run_after=2023-07-09T19:22:09.779312+00:00
[2023-07-09T19:22:09.806+0000] {processor.py:179} INFO - Processing /home/airflow/.local/lib/python3.7/site-packages/airflow/example_dags/example_latest_only_with_trigger.py took 0.109 seconds
[2023-07-09T19:22:40.807+0000] {processor.py:157} INFO - Started process (PID=2719) to work on /home/airflow/.local/lib/python3.7/site-packages/airflow/example_dags/example_latest_only_with_trigger.py
[2023-07-09T19:22:40.807+0000] {processor.py:826} INFO - Processing file /home/airflow/.local/lib/python3.7/site-packages/airflow/example_dags/example_latest_only_with_trigger.py for tasks to queue
[2023-07-09T19:22:40.808+0000] {logging_mixin.py:149} INFO - [2023-07-09T19:22:40.808+0000] {dagbag.py:541} INFO - Filling up the DagBag from /home/airflow/.local/lib/python3.7/site-packages/airflow/example_dags/example_latest_only_with_trigger.py
[2023-07-09T19:22:40.814+0000] {processor.py:836} INFO - DAG(s) dict_keys(['latest_only_with_trigger']) retrieved from /home/airflow/.local/lib/python3.7/site-packages/airflow/example_dags/example_latest_only_with_trigger.py
[2023-07-09T19:22:40.836+0000] {logging_mixin.py:149} INFO - [2023-07-09T19:22:40.835+0000] {dag.py:2726} INFO - Sync 1 DAGs
[2023-07-09T19:22:40.857+0000] {logging_mixin.py:149} INFO - [2023-07-09T19:22:40.856+0000] {dag.py:3490} INFO - Setting next_dagrun for latest_only_with_trigger to 2023-07-09T15:22:40.856646+00:00, run_after=2023-07-09T19:22:40.856646+00:00
[2023-07-09T19:22:40.879+0000] {processor.py:179} INFO - Processing /home/airflow/.local/lib/python3.7/site-packages/airflow/example_dags/example_latest_only_with_trigger.py took 0.075 seconds
[2023-07-09T19:23:11.025+0000] {processor.py:157} INFO - Started process (PID=2781) to work on /home/airflow/.local/lib/python3.7/site-packages/airflow/example_dags/example_latest_only_with_trigger.py
[2023-07-09T19:23:11.026+0000] {processor.py:826} INFO - Processing file /home/airflow/.local/lib/python3.7/site-packages/airflow/example_dags/example_latest_only_with_trigger.py for tasks to queue
[2023-07-09T19:23:11.027+0000] {logging_mixin.py:149} INFO - [2023-07-09T19:23:11.027+0000] {dagbag.py:541} INFO - Filling up the DagBag from /home/airflow/.local/lib/python3.7/site-packages/airflow/example_dags/example_latest_only_with_trigger.py
[2023-07-09T19:23:11.032+0000] {processor.py:836} INFO - DAG(s) dict_keys(['latest_only_with_trigger']) retrieved from /home/airflow/.local/lib/python3.7/site-packages/airflow/example_dags/example_latest_only_with_trigger.py
[2023-07-09T19:23:11.055+0000] {logging_mixin.py:149} INFO - [2023-07-09T19:23:11.055+0000] {dag.py:2726} INFO - Sync 1 DAGs
[2023-07-09T19:23:11.083+0000] {logging_mixin.py:149} INFO - [2023-07-09T19:23:11.083+0000] {dag.py:3490} INFO - Setting next_dagrun for latest_only_with_trigger to 2023-07-09T15:23:11.083041+00:00, run_after=2023-07-09T19:23:11.083041+00:00
[2023-07-09T19:23:11.103+0000] {processor.py:179} INFO - Processing /home/airflow/.local/lib/python3.7/site-packages/airflow/example_dags/example_latest_only_with_trigger.py took 0.081 seconds
[2023-07-09T19:23:41.238+0000] {processor.py:157} INFO - Started process (PID=2845) to work on /home/airflow/.local/lib/python3.7/site-packages/airflow/example_dags/example_latest_only_with_trigger.py
[2023-07-09T19:23:41.239+0000] {processor.py:826} INFO - Processing file /home/airflow/.local/lib/python3.7/site-packages/airflow/example_dags/example_latest_only_with_trigger.py for tasks to queue
[2023-07-09T19:23:41.240+0000] {logging_mixin.py:149} INFO - [2023-07-09T19:23:41.240+0000] {dagbag.py:541} INFO - Filling up the DagBag from /home/airflow/.local/lib/python3.7/site-packages/airflow/example_dags/example_latest_only_with_trigger.py
[2023-07-09T19:23:41.247+0000] {processor.py:836} INFO - DAG(s) dict_keys(['latest_only_with_trigger']) retrieved from /home/airflow/.local/lib/python3.7/site-packages/airflow/example_dags/example_latest_only_with_trigger.py
[2023-07-09T19:23:41.270+0000] {logging_mixin.py:149} INFO - [2023-07-09T19:23:41.270+0000] {dag.py:2726} INFO - Sync 1 DAGs
[2023-07-09T19:23:41.291+0000] {logging_mixin.py:149} INFO - [2023-07-09T19:23:41.291+0000] {dag.py:3490} INFO - Setting next_dagrun for latest_only_with_trigger to 2023-07-09T15:23:41.290905+00:00, run_after=2023-07-09T19:23:41.290905+00:00
[2023-07-09T19:23:41.310+0000] {processor.py:179} INFO - Processing /home/airflow/.local/lib/python3.7/site-packages/airflow/example_dags/example_latest_only_with_trigger.py took 0.075 seconds
[2023-07-09T19:24:11.495+0000] {processor.py:157} INFO - Started process (PID=2906) to work on /home/airflow/.local/lib/python3.7/site-packages/airflow/example_dags/example_latest_only_with_trigger.py
[2023-07-09T19:24:11.496+0000] {processor.py:826} INFO - Processing file /home/airflow/.local/lib/python3.7/site-packages/airflow/example_dags/example_latest_only_with_trigger.py for tasks to queue
[2023-07-09T19:24:11.497+0000] {logging_mixin.py:149} INFO - [2023-07-09T19:24:11.497+0000] {dagbag.py:541} INFO - Filling up the DagBag from /home/airflow/.local/lib/python3.7/site-packages/airflow/example_dags/example_latest_only_with_trigger.py
[2023-07-09T19:24:11.507+0000] {processor.py:836} INFO - DAG(s) dict_keys(['latest_only_with_trigger']) retrieved from /home/airflow/.local/lib/python3.7/site-packages/airflow/example_dags/example_latest_only_with_trigger.py
[2023-07-09T19:24:11.543+0000] {logging_mixin.py:149} INFO - [2023-07-09T19:24:11.543+0000] {dag.py:2726} INFO - Sync 1 DAGs
[2023-07-09T19:24:11.572+0000] {logging_mixin.py:149} INFO - [2023-07-09T19:24:11.572+0000] {dag.py:3490} INFO - Setting next_dagrun for latest_only_with_trigger to 2023-07-09T15:24:11.571830+00:00, run_after=2023-07-09T19:24:11.571830+00:00
[2023-07-09T19:24:11.592+0000] {processor.py:179} INFO - Processing /home/airflow/.local/lib/python3.7/site-packages/airflow/example_dags/example_latest_only_with_trigger.py took 0.100 seconds
[2023-07-09T19:24:41.990+0000] {processor.py:157} INFO - Started process (PID=2968) to work on /home/airflow/.local/lib/python3.7/site-packages/airflow/example_dags/example_latest_only_with_trigger.py
[2023-07-09T19:24:41.991+0000] {processor.py:826} INFO - Processing file /home/airflow/.local/lib/python3.7/site-packages/airflow/example_dags/example_latest_only_with_trigger.py for tasks to queue
[2023-07-09T19:24:41.991+0000] {logging_mixin.py:149} INFO - [2023-07-09T19:24:41.991+0000] {dagbag.py:541} INFO - Filling up the DagBag from /home/airflow/.local/lib/python3.7/site-packages/airflow/example_dags/example_latest_only_with_trigger.py
[2023-07-09T19:24:41.997+0000] {processor.py:836} INFO - DAG(s) dict_keys(['latest_only_with_trigger']) retrieved from /home/airflow/.local/lib/python3.7/site-packages/airflow/example_dags/example_latest_only_with_trigger.py
[2023-07-09T19:24:42.022+0000] {logging_mixin.py:149} INFO - [2023-07-09T19:24:42.022+0000] {dag.py:2726} INFO - Sync 1 DAGs
[2023-07-09T19:24:42.047+0000] {logging_mixin.py:149} INFO - [2023-07-09T19:24:42.047+0000] {dag.py:3490} INFO - Setting next_dagrun for latest_only_with_trigger to 2023-07-09T15:24:42.047357+00:00, run_after=2023-07-09T19:24:42.047357+00:00
[2023-07-09T19:24:42.070+0000] {processor.py:179} INFO - Processing /home/airflow/.local/lib/python3.7/site-packages/airflow/example_dags/example_latest_only_with_trigger.py took 0.084 seconds
[2023-07-09T19:25:12.900+0000] {processor.py:157} INFO - Started process (PID=3037) to work on /home/airflow/.local/lib/python3.7/site-packages/airflow/example_dags/example_latest_only_with_trigger.py
[2023-07-09T19:25:12.901+0000] {processor.py:826} INFO - Processing file /home/airflow/.local/lib/python3.7/site-packages/airflow/example_dags/example_latest_only_with_trigger.py for tasks to queue
[2023-07-09T19:25:12.902+0000] {logging_mixin.py:149} INFO - [2023-07-09T19:25:12.902+0000] {dagbag.py:541} INFO - Filling up the DagBag from /home/airflow/.local/lib/python3.7/site-packages/airflow/example_dags/example_latest_only_with_trigger.py
[2023-07-09T19:25:12.909+0000] {processor.py:836} INFO - DAG(s) dict_keys(['latest_only_with_trigger']) retrieved from /home/airflow/.local/lib/python3.7/site-packages/airflow/example_dags/example_latest_only_with_trigger.py
[2023-07-09T19:25:12.934+0000] {logging_mixin.py:149} INFO - [2023-07-09T19:25:12.933+0000] {dag.py:2726} INFO - Sync 1 DAGs
[2023-07-09T19:25:12.956+0000] {logging_mixin.py:149} INFO - [2023-07-09T19:25:12.956+0000] {dag.py:3490} INFO - Setting next_dagrun for latest_only_with_trigger to 2023-07-09T15:25:12.956337+00:00, run_after=2023-07-09T19:25:12.956337+00:00
[2023-07-09T19:25:12.978+0000] {processor.py:179} INFO - Processing /home/airflow/.local/lib/python3.7/site-packages/airflow/example_dags/example_latest_only_with_trigger.py took 0.082 seconds
[2023-07-09T19:25:43.471+0000] {processor.py:157} INFO - Started process (PID=3099) to work on /home/airflow/.local/lib/python3.7/site-packages/airflow/example_dags/example_latest_only_with_trigger.py
[2023-07-09T19:25:43.472+0000] {processor.py:826} INFO - Processing file /home/airflow/.local/lib/python3.7/site-packages/airflow/example_dags/example_latest_only_with_trigger.py for tasks to queue
[2023-07-09T19:25:43.473+0000] {logging_mixin.py:149} INFO - [2023-07-09T19:25:43.473+0000] {dagbag.py:541} INFO - Filling up the DagBag from /home/airflow/.local/lib/python3.7/site-packages/airflow/example_dags/example_latest_only_with_trigger.py
[2023-07-09T19:25:43.479+0000] {processor.py:836} INFO - DAG(s) dict_keys(['latest_only_with_trigger']) retrieved from /home/airflow/.local/lib/python3.7/site-packages/airflow/example_dags/example_latest_only_with_trigger.py
[2023-07-09T19:25:43.502+0000] {logging_mixin.py:149} INFO - [2023-07-09T19:25:43.502+0000] {dag.py:2726} INFO - Sync 1 DAGs
[2023-07-09T19:25:43.527+0000] {logging_mixin.py:149} INFO - [2023-07-09T19:25:43.527+0000] {dag.py:3490} INFO - Setting next_dagrun for latest_only_with_trigger to 2023-07-09T15:25:43.526870+00:00, run_after=2023-07-09T19:25:43.526870+00:00
[2023-07-09T19:25:43.549+0000] {processor.py:179} INFO - Processing /home/airflow/.local/lib/python3.7/site-packages/airflow/example_dags/example_latest_only_with_trigger.py took 0.080 seconds
[2023-07-09T19:26:13.975+0000] {processor.py:157} INFO - Started process (PID=3161) to work on /home/airflow/.local/lib/python3.7/site-packages/airflow/example_dags/example_latest_only_with_trigger.py
[2023-07-09T19:26:13.976+0000] {processor.py:826} INFO - Processing file /home/airflow/.local/lib/python3.7/site-packages/airflow/example_dags/example_latest_only_with_trigger.py for tasks to queue
[2023-07-09T19:26:13.977+0000] {logging_mixin.py:149} INFO - [2023-07-09T19:26:13.977+0000] {dagbag.py:541} INFO - Filling up the DagBag from /home/airflow/.local/lib/python3.7/site-packages/airflow/example_dags/example_latest_only_with_trigger.py
[2023-07-09T19:26:13.983+0000] {processor.py:836} INFO - DAG(s) dict_keys(['latest_only_with_trigger']) retrieved from /home/airflow/.local/lib/python3.7/site-packages/airflow/example_dags/example_latest_only_with_trigger.py
[2023-07-09T19:26:14.008+0000] {logging_mixin.py:149} INFO - [2023-07-09T19:26:14.008+0000] {dag.py:2726} INFO - Sync 1 DAGs
[2023-07-09T19:26:14.033+0000] {logging_mixin.py:149} INFO - [2023-07-09T19:26:14.033+0000] {dag.py:3490} INFO - Setting next_dagrun for latest_only_with_trigger to 2023-07-09T15:26:14.033565+00:00, run_after=2023-07-09T19:26:14.033565+00:00
[2023-07-09T19:26:14.055+0000] {processor.py:179} INFO - Processing /home/airflow/.local/lib/python3.7/site-packages/airflow/example_dags/example_latest_only_with_trigger.py took 0.083 seconds
[2023-07-09T19:26:44.571+0000] {processor.py:157} INFO - Started process (PID=3223) to work on /home/airflow/.local/lib/python3.7/site-packages/airflow/example_dags/example_latest_only_with_trigger.py
[2023-07-09T19:26:44.572+0000] {processor.py:826} INFO - Processing file /home/airflow/.local/lib/python3.7/site-packages/airflow/example_dags/example_latest_only_with_trigger.py for tasks to queue
[2023-07-09T19:26:44.573+0000] {logging_mixin.py:149} INFO - [2023-07-09T19:26:44.573+0000] {dagbag.py:541} INFO - Filling up the DagBag from /home/airflow/.local/lib/python3.7/site-packages/airflow/example_dags/example_latest_only_with_trigger.py
[2023-07-09T19:26:44.578+0000] {processor.py:836} INFO - DAG(s) dict_keys(['latest_only_with_trigger']) retrieved from /home/airflow/.local/lib/python3.7/site-packages/airflow/example_dags/example_latest_only_with_trigger.py
[2023-07-09T19:26:44.602+0000] {logging_mixin.py:149} INFO - [2023-07-09T19:26:44.602+0000] {dag.py:2726} INFO - Sync 1 DAGs
[2023-07-09T19:26:44.627+0000] {logging_mixin.py:149} INFO - [2023-07-09T19:26:44.627+0000] {dag.py:3490} INFO - Setting next_dagrun for latest_only_with_trigger to 2023-07-09T15:26:44.627166+00:00, run_after=2023-07-09T19:26:44.627166+00:00
[2023-07-09T19:26:44.650+0000] {processor.py:179} INFO - Processing /home/airflow/.local/lib/python3.7/site-packages/airflow/example_dags/example_latest_only_with_trigger.py took 0.082 seconds
[2023-07-09T19:27:15.148+0000] {processor.py:157} INFO - Started process (PID=3286) to work on /home/airflow/.local/lib/python3.7/site-packages/airflow/example_dags/example_latest_only_with_trigger.py
[2023-07-09T19:27:15.149+0000] {processor.py:826} INFO - Processing file /home/airflow/.local/lib/python3.7/site-packages/airflow/example_dags/example_latest_only_with_trigger.py for tasks to queue
[2023-07-09T19:27:15.150+0000] {logging_mixin.py:149} INFO - [2023-07-09T19:27:15.150+0000] {dagbag.py:541} INFO - Filling up the DagBag from /home/airflow/.local/lib/python3.7/site-packages/airflow/example_dags/example_latest_only_with_trigger.py
[2023-07-09T19:27:15.157+0000] {processor.py:836} INFO - DAG(s) dict_keys(['latest_only_with_trigger']) retrieved from /home/airflow/.local/lib/python3.7/site-packages/airflow/example_dags/example_latest_only_with_trigger.py
[2023-07-09T19:27:15.182+0000] {logging_mixin.py:149} INFO - [2023-07-09T19:27:15.182+0000] {dag.py:2726} INFO - Sync 1 DAGs
[2023-07-09T19:27:15.212+0000] {logging_mixin.py:149} INFO - [2023-07-09T19:27:15.212+0000] {dag.py:3490} INFO - Setting next_dagrun for latest_only_with_trigger to 2023-07-09T15:27:15.211826+00:00, run_after=2023-07-09T19:27:15.211826+00:00
[2023-07-09T19:27:15.236+0000] {processor.py:179} INFO - Processing /home/airflow/.local/lib/python3.7/site-packages/airflow/example_dags/example_latest_only_with_trigger.py took 0.090 seconds
[2023-07-09T19:27:45.839+0000] {processor.py:157} INFO - Started process (PID=3348) to work on /home/airflow/.local/lib/python3.7/site-packages/airflow/example_dags/example_latest_only_with_trigger.py
[2023-07-09T19:27:45.840+0000] {processor.py:826} INFO - Processing file /home/airflow/.local/lib/python3.7/site-packages/airflow/example_dags/example_latest_only_with_trigger.py for tasks to queue
[2023-07-09T19:27:45.841+0000] {logging_mixin.py:149} INFO - [2023-07-09T19:27:45.841+0000] {dagbag.py:541} INFO - Filling up the DagBag from /home/airflow/.local/lib/python3.7/site-packages/airflow/example_dags/example_latest_only_with_trigger.py
[2023-07-09T19:27:45.849+0000] {processor.py:836} INFO - DAG(s) dict_keys(['latest_only_with_trigger']) retrieved from /home/airflow/.local/lib/python3.7/site-packages/airflow/example_dags/example_latest_only_with_trigger.py
[2023-07-09T19:27:45.874+0000] {logging_mixin.py:149} INFO - [2023-07-09T19:27:45.874+0000] {dag.py:2726} INFO - Sync 1 DAGs
[2023-07-09T19:27:45.901+0000] {logging_mixin.py:149} INFO - [2023-07-09T19:27:45.901+0000] {dag.py:3490} INFO - Setting next_dagrun for latest_only_with_trigger to 2023-07-09T15:27:45.900897+00:00, run_after=2023-07-09T19:27:45.900897+00:00
[2023-07-09T19:27:45.923+0000] {processor.py:179} INFO - Processing /home/airflow/.local/lib/python3.7/site-packages/airflow/example_dags/example_latest_only_with_trigger.py took 0.088 seconds
[2023-07-09T19:28:16.338+0000] {processor.py:157} INFO - Started process (PID=3410) to work on /home/airflow/.local/lib/python3.7/site-packages/airflow/example_dags/example_latest_only_with_trigger.py
[2023-07-09T19:28:16.340+0000] {processor.py:826} INFO - Processing file /home/airflow/.local/lib/python3.7/site-packages/airflow/example_dags/example_latest_only_with_trigger.py for tasks to queue
[2023-07-09T19:28:16.341+0000] {logging_mixin.py:149} INFO - [2023-07-09T19:28:16.341+0000] {dagbag.py:541} INFO - Filling up the DagBag from /home/airflow/.local/lib/python3.7/site-packages/airflow/example_dags/example_latest_only_with_trigger.py
[2023-07-09T19:28:16.348+0000] {processor.py:836} INFO - DAG(s) dict_keys(['latest_only_with_trigger']) retrieved from /home/airflow/.local/lib/python3.7/site-packages/airflow/example_dags/example_latest_only_with_trigger.py
[2023-07-09T19:28:16.373+0000] {logging_mixin.py:149} INFO - [2023-07-09T19:28:16.373+0000] {dag.py:2726} INFO - Sync 1 DAGs
[2023-07-09T19:28:16.400+0000] {logging_mixin.py:149} INFO - [2023-07-09T19:28:16.400+0000] {dag.py:3490} INFO - Setting next_dagrun for latest_only_with_trigger to 2023-07-09T15:28:16.400162+00:00, run_after=2023-07-09T19:28:16.400162+00:00
[2023-07-09T19:28:16.423+0000] {processor.py:179} INFO - Processing /home/airflow/.local/lib/python3.7/site-packages/airflow/example_dags/example_latest_only_with_trigger.py took 0.087 seconds
[2023-07-09T19:28:47.049+0000] {processor.py:157} INFO - Started process (PID=3472) to work on /home/airflow/.local/lib/python3.7/site-packages/airflow/example_dags/example_latest_only_with_trigger.py
[2023-07-09T19:28:47.050+0000] {processor.py:826} INFO - Processing file /home/airflow/.local/lib/python3.7/site-packages/airflow/example_dags/example_latest_only_with_trigger.py for tasks to queue
[2023-07-09T19:28:47.050+0000] {logging_mixin.py:149} INFO - [2023-07-09T19:28:47.050+0000] {dagbag.py:541} INFO - Filling up the DagBag from /home/airflow/.local/lib/python3.7/site-packages/airflow/example_dags/example_latest_only_with_trigger.py
[2023-07-09T19:28:47.056+0000] {processor.py:836} INFO - DAG(s) dict_keys(['latest_only_with_trigger']) retrieved from /home/airflow/.local/lib/python3.7/site-packages/airflow/example_dags/example_latest_only_with_trigger.py
[2023-07-09T19:28:47.079+0000] {logging_mixin.py:149} INFO - [2023-07-09T19:28:47.079+0000] {dag.py:2726} INFO - Sync 1 DAGs
[2023-07-09T19:28:47.101+0000] {logging_mixin.py:149} INFO - [2023-07-09T19:28:47.100+0000] {dag.py:3490} INFO - Setting next_dagrun for latest_only_with_trigger to 2023-07-09T15:28:47.100635+00:00, run_after=2023-07-09T19:28:47.100635+00:00
[2023-07-09T19:28:47.123+0000] {processor.py:179} INFO - Processing /home/airflow/.local/lib/python3.7/site-packages/airflow/example_dags/example_latest_only_with_trigger.py took 0.078 seconds
[2023-07-09T19:29:17.497+0000] {processor.py:157} INFO - Started process (PID=3534) to work on /home/airflow/.local/lib/python3.7/site-packages/airflow/example_dags/example_latest_only_with_trigger.py
[2023-07-09T19:29:17.498+0000] {processor.py:826} INFO - Processing file /home/airflow/.local/lib/python3.7/site-packages/airflow/example_dags/example_latest_only_with_trigger.py for tasks to queue
[2023-07-09T19:29:17.499+0000] {logging_mixin.py:149} INFO - [2023-07-09T19:29:17.499+0000] {dagbag.py:541} INFO - Filling up the DagBag from /home/airflow/.local/lib/python3.7/site-packages/airflow/example_dags/example_latest_only_with_trigger.py
[2023-07-09T19:29:17.505+0000] {processor.py:836} INFO - DAG(s) dict_keys(['latest_only_with_trigger']) retrieved from /home/airflow/.local/lib/python3.7/site-packages/airflow/example_dags/example_latest_only_with_trigger.py
[2023-07-09T19:29:17.528+0000] {logging_mixin.py:149} INFO - [2023-07-09T19:29:17.528+0000] {dag.py:2726} INFO - Sync 1 DAGs
[2023-07-09T19:29:17.555+0000] {logging_mixin.py:149} INFO - [2023-07-09T19:29:17.555+0000] {dag.py:3490} INFO - Setting next_dagrun for latest_only_with_trigger to 2023-07-09T15:29:17.555541+00:00, run_after=2023-07-09T19:29:17.555541+00:00
[2023-07-09T19:29:17.578+0000] {processor.py:179} INFO - Processing /home/airflow/.local/lib/python3.7/site-packages/airflow/example_dags/example_latest_only_with_trigger.py took 0.084 seconds
[2023-07-09T19:29:48.099+0000] {processor.py:157} INFO - Started process (PID=3596) to work on /home/airflow/.local/lib/python3.7/site-packages/airflow/example_dags/example_latest_only_with_trigger.py
[2023-07-09T19:29:48.100+0000] {processor.py:826} INFO - Processing file /home/airflow/.local/lib/python3.7/site-packages/airflow/example_dags/example_latest_only_with_trigger.py for tasks to queue
[2023-07-09T19:29:48.101+0000] {logging_mixin.py:149} INFO - [2023-07-09T19:29:48.101+0000] {dagbag.py:541} INFO - Filling up the DagBag from /home/airflow/.local/lib/python3.7/site-packages/airflow/example_dags/example_latest_only_with_trigger.py
[2023-07-09T19:29:48.107+0000] {processor.py:836} INFO - DAG(s) dict_keys(['latest_only_with_trigger']) retrieved from /home/airflow/.local/lib/python3.7/site-packages/airflow/example_dags/example_latest_only_with_trigger.py
[2023-07-09T19:29:48.131+0000] {logging_mixin.py:149} INFO - [2023-07-09T19:29:48.131+0000] {dag.py:2726} INFO - Sync 1 DAGs
[2023-07-09T19:29:48.156+0000] {logging_mixin.py:149} INFO - [2023-07-09T19:29:48.156+0000] {dag.py:3490} INFO - Setting next_dagrun for latest_only_with_trigger to 2023-07-09T15:29:48.156267+00:00, run_after=2023-07-09T19:29:48.156267+00:00
[2023-07-09T19:29:48.179+0000] {processor.py:179} INFO - Processing /home/airflow/.local/lib/python3.7/site-packages/airflow/example_dags/example_latest_only_with_trigger.py took 0.083 seconds
[2023-07-09T19:30:18.813+0000] {processor.py:157} INFO - Started process (PID=3658) to work on /home/airflow/.local/lib/python3.7/site-packages/airflow/example_dags/example_latest_only_with_trigger.py
[2023-07-09T19:30:18.814+0000] {processor.py:826} INFO - Processing file /home/airflow/.local/lib/python3.7/site-packages/airflow/example_dags/example_latest_only_with_trigger.py for tasks to queue
[2023-07-09T19:30:18.815+0000] {logging_mixin.py:149} INFO - [2023-07-09T19:30:18.815+0000] {dagbag.py:541} INFO - Filling up the DagBag from /home/airflow/.local/lib/python3.7/site-packages/airflow/example_dags/example_latest_only_with_trigger.py
[2023-07-09T19:30:18.821+0000] {processor.py:836} INFO - DAG(s) dict_keys(['latest_only_with_trigger']) retrieved from /home/airflow/.local/lib/python3.7/site-packages/airflow/example_dags/example_latest_only_with_trigger.py
[2023-07-09T19:30:18.846+0000] {logging_mixin.py:149} INFO - [2023-07-09T19:30:18.845+0000] {dag.py:2726} INFO - Sync 1 DAGs
[2023-07-09T19:30:18.870+0000] {logging_mixin.py:149} INFO - [2023-07-09T19:30:18.870+0000] {dag.py:3490} INFO - Setting next_dagrun for latest_only_with_trigger to 2023-07-09T15:30:18.870236+00:00, run_after=2023-07-09T19:30:18.870236+00:00
[2023-07-09T19:30:18.894+0000] {processor.py:179} INFO - Processing /home/airflow/.local/lib/python3.7/site-packages/airflow/example_dags/example_latest_only_with_trigger.py took 0.084 seconds
[2023-07-09T19:30:49.196+0000] {processor.py:157} INFO - Started process (PID=3720) to work on /home/airflow/.local/lib/python3.7/site-packages/airflow/example_dags/example_latest_only_with_trigger.py
[2023-07-09T19:30:49.198+0000] {processor.py:826} INFO - Processing file /home/airflow/.local/lib/python3.7/site-packages/airflow/example_dags/example_latest_only_with_trigger.py for tasks to queue
[2023-07-09T19:30:49.199+0000] {logging_mixin.py:149} INFO - [2023-07-09T19:30:49.199+0000] {dagbag.py:541} INFO - Filling up the DagBag from /home/airflow/.local/lib/python3.7/site-packages/airflow/example_dags/example_latest_only_with_trigger.py
[2023-07-09T19:30:49.206+0000] {processor.py:836} INFO - DAG(s) dict_keys(['latest_only_with_trigger']) retrieved from /home/airflow/.local/lib/python3.7/site-packages/airflow/example_dags/example_latest_only_with_trigger.py
[2023-07-09T19:30:49.241+0000] {logging_mixin.py:149} INFO - [2023-07-09T19:30:49.241+0000] {dag.py:2726} INFO - Sync 1 DAGs
[2023-07-09T19:30:49.270+0000] {logging_mixin.py:149} INFO - [2023-07-09T19:30:49.270+0000] {dag.py:3490} INFO - Setting next_dagrun for latest_only_with_trigger to 2023-07-09T15:30:49.270110+00:00, run_after=2023-07-09T19:30:49.270110+00:00
[2023-07-09T19:30:49.296+0000] {processor.py:179} INFO - Processing /home/airflow/.local/lib/python3.7/site-packages/airflow/example_dags/example_latest_only_with_trigger.py took 0.103 seconds
[2023-07-09T19:31:19.505+0000] {processor.py:157} INFO - Started process (PID=3782) to work on /home/airflow/.local/lib/python3.7/site-packages/airflow/example_dags/example_latest_only_with_trigger.py
[2023-07-09T19:31:19.507+0000] {processor.py:826} INFO - Processing file /home/airflow/.local/lib/python3.7/site-packages/airflow/example_dags/example_latest_only_with_trigger.py for tasks to queue
[2023-07-09T19:31:19.507+0000] {logging_mixin.py:149} INFO - [2023-07-09T19:31:19.507+0000] {dagbag.py:541} INFO - Filling up the DagBag from /home/airflow/.local/lib/python3.7/site-packages/airflow/example_dags/example_latest_only_with_trigger.py
[2023-07-09T19:31:19.513+0000] {processor.py:836} INFO - DAG(s) dict_keys(['latest_only_with_trigger']) retrieved from /home/airflow/.local/lib/python3.7/site-packages/airflow/example_dags/example_latest_only_with_trigger.py
[2023-07-09T19:31:19.539+0000] {logging_mixin.py:149} INFO - [2023-07-09T19:31:19.539+0000] {dag.py:2726} INFO - Sync 1 DAGs
[2023-07-09T19:31:19.568+0000] {logging_mixin.py:149} INFO - [2023-07-09T19:31:19.568+0000] {dag.py:3490} INFO - Setting next_dagrun for latest_only_with_trigger to 2023-07-09T15:31:19.568361+00:00, run_after=2023-07-09T19:31:19.568361+00:00
[2023-07-09T19:31:19.587+0000] {processor.py:179} INFO - Processing /home/airflow/.local/lib/python3.7/site-packages/airflow/example_dags/example_latest_only_with_trigger.py took 0.085 seconds
[2023-07-09T19:31:49.906+0000] {processor.py:157} INFO - Started process (PID=3844) to work on /home/airflow/.local/lib/python3.7/site-packages/airflow/example_dags/example_latest_only_with_trigger.py
[2023-07-09T19:31:49.907+0000] {processor.py:826} INFO - Processing file /home/airflow/.local/lib/python3.7/site-packages/airflow/example_dags/example_latest_only_with_trigger.py for tasks to queue
[2023-07-09T19:31:49.908+0000] {logging_mixin.py:149} INFO - [2023-07-09T19:31:49.908+0000] {dagbag.py:541} INFO - Filling up the DagBag from /home/airflow/.local/lib/python3.7/site-packages/airflow/example_dags/example_latest_only_with_trigger.py
[2023-07-09T19:31:49.914+0000] {processor.py:836} INFO - DAG(s) dict_keys(['latest_only_with_trigger']) retrieved from /home/airflow/.local/lib/python3.7/site-packages/airflow/example_dags/example_latest_only_with_trigger.py
[2023-07-09T19:31:49.942+0000] {logging_mixin.py:149} INFO - [2023-07-09T19:31:49.942+0000] {dag.py:2726} INFO - Sync 1 DAGs
[2023-07-09T19:31:49.967+0000] {logging_mixin.py:149} INFO - [2023-07-09T19:31:49.967+0000] {dag.py:3490} INFO - Setting next_dagrun for latest_only_with_trigger to 2023-07-09T15:31:49.967602+00:00, run_after=2023-07-09T19:31:49.967602+00:00
[2023-07-09T19:31:49.990+0000] {processor.py:179} INFO - Processing /home/airflow/.local/lib/python3.7/site-packages/airflow/example_dags/example_latest_only_with_trigger.py took 0.087 seconds
[2023-07-09T19:32:20.195+0000] {processor.py:157} INFO - Started process (PID=3906) to work on /home/airflow/.local/lib/python3.7/site-packages/airflow/example_dags/example_latest_only_with_trigger.py
[2023-07-09T19:32:20.196+0000] {processor.py:826} INFO - Processing file /home/airflow/.local/lib/python3.7/site-packages/airflow/example_dags/example_latest_only_with_trigger.py for tasks to queue
[2023-07-09T19:32:20.197+0000] {logging_mixin.py:149} INFO - [2023-07-09T19:32:20.197+0000] {dagbag.py:541} INFO - Filling up the DagBag from /home/airflow/.local/lib/python3.7/site-packages/airflow/example_dags/example_latest_only_with_trigger.py
[2023-07-09T19:32:20.203+0000] {processor.py:836} INFO - DAG(s) dict_keys(['latest_only_with_trigger']) retrieved from /home/airflow/.local/lib/python3.7/site-packages/airflow/example_dags/example_latest_only_with_trigger.py
[2023-07-09T19:32:20.227+0000] {logging_mixin.py:149} INFO - [2023-07-09T19:32:20.227+0000] {dag.py:2726} INFO - Sync 1 DAGs
[2023-07-09T19:32:20.250+0000] {logging_mixin.py:149} INFO - [2023-07-09T19:32:20.250+0000] {dag.py:3490} INFO - Setting next_dagrun for latest_only_with_trigger to 2023-07-09T15:32:20.250539+00:00, run_after=2023-07-09T19:32:20.250539+00:00
[2023-07-09T19:32:20.271+0000] {processor.py:179} INFO - Processing /home/airflow/.local/lib/python3.7/site-packages/airflow/example_dags/example_latest_only_with_trigger.py took 0.079 seconds
[2023-07-09T19:32:50.716+0000] {processor.py:157} INFO - Started process (PID=3968) to work on /home/airflow/.local/lib/python3.7/site-packages/airflow/example_dags/example_latest_only_with_trigger.py
[2023-07-09T19:32:50.717+0000] {processor.py:826} INFO - Processing file /home/airflow/.local/lib/python3.7/site-packages/airflow/example_dags/example_latest_only_with_trigger.py for tasks to queue
[2023-07-09T19:32:50.718+0000] {logging_mixin.py:149} INFO - [2023-07-09T19:32:50.718+0000] {dagbag.py:541} INFO - Filling up the DagBag from /home/airflow/.local/lib/python3.7/site-packages/airflow/example_dags/example_latest_only_with_trigger.py
[2023-07-09T19:32:50.723+0000] {processor.py:836} INFO - DAG(s) dict_keys(['latest_only_with_trigger']) retrieved from /home/airflow/.local/lib/python3.7/site-packages/airflow/example_dags/example_latest_only_with_trigger.py
[2023-07-09T19:32:50.747+0000] {logging_mixin.py:149} INFO - [2023-07-09T19:32:50.747+0000] {dag.py:2726} INFO - Sync 1 DAGs
[2023-07-09T19:32:50.772+0000] {logging_mixin.py:149} INFO - [2023-07-09T19:32:50.771+0000] {dag.py:3490} INFO - Setting next_dagrun for latest_only_with_trigger to 2023-07-09T15:32:50.771736+00:00, run_after=2023-07-09T19:32:50.771736+00:00
[2023-07-09T19:32:50.794+0000] {processor.py:179} INFO - Processing /home/airflow/.local/lib/python3.7/site-packages/airflow/example_dags/example_latest_only_with_trigger.py took 0.082 seconds
[2023-07-09T19:33:20.968+0000] {processor.py:157} INFO - Started process (PID=4030) to work on /home/airflow/.local/lib/python3.7/site-packages/airflow/example_dags/example_latest_only_with_trigger.py
[2023-07-09T19:33:20.969+0000] {processor.py:826} INFO - Processing file /home/airflow/.local/lib/python3.7/site-packages/airflow/example_dags/example_latest_only_with_trigger.py for tasks to queue
[2023-07-09T19:33:20.970+0000] {logging_mixin.py:149} INFO - [2023-07-09T19:33:20.970+0000] {dagbag.py:541} INFO - Filling up the DagBag from /home/airflow/.local/lib/python3.7/site-packages/airflow/example_dags/example_latest_only_with_trigger.py
[2023-07-09T19:33:20.975+0000] {processor.py:836} INFO - DAG(s) dict_keys(['latest_only_with_trigger']) retrieved from /home/airflow/.local/lib/python3.7/site-packages/airflow/example_dags/example_latest_only_with_trigger.py
[2023-07-09T19:33:20.999+0000] {logging_mixin.py:149} INFO - [2023-07-09T19:33:20.999+0000] {dag.py:2726} INFO - Sync 1 DAGs
[2023-07-09T19:33:21.022+0000] {logging_mixin.py:149} INFO - [2023-07-09T19:33:21.022+0000] {dag.py:3490} INFO - Setting next_dagrun for latest_only_with_trigger to 2023-07-09T15:33:21.022441+00:00, run_after=2023-07-09T19:33:21.022441+00:00
[2023-07-09T19:33:21.044+0000] {processor.py:179} INFO - Processing /home/airflow/.local/lib/python3.7/site-packages/airflow/example_dags/example_latest_only_with_trigger.py took 0.080 seconds
[2023-07-09T19:33:51.221+0000] {processor.py:157} INFO - Started process (PID=4092) to work on /home/airflow/.local/lib/python3.7/site-packages/airflow/example_dags/example_latest_only_with_trigger.py
[2023-07-09T19:33:51.222+0000] {processor.py:826} INFO - Processing file /home/airflow/.local/lib/python3.7/site-packages/airflow/example_dags/example_latest_only_with_trigger.py for tasks to queue
[2023-07-09T19:33:51.223+0000] {logging_mixin.py:149} INFO - [2023-07-09T19:33:51.223+0000] {dagbag.py:541} INFO - Filling up the DagBag from /home/airflow/.local/lib/python3.7/site-packages/airflow/example_dags/example_latest_only_with_trigger.py
[2023-07-09T19:33:51.229+0000] {processor.py:836} INFO - DAG(s) dict_keys(['latest_only_with_trigger']) retrieved from /home/airflow/.local/lib/python3.7/site-packages/airflow/example_dags/example_latest_only_with_trigger.py
[2023-07-09T19:33:51.254+0000] {logging_mixin.py:149} INFO - [2023-07-09T19:33:51.254+0000] {dag.py:2726} INFO - Sync 1 DAGs
[2023-07-09T19:33:51.277+0000] {logging_mixin.py:149} INFO - [2023-07-09T19:33:51.277+0000] {dag.py:3490} INFO - Setting next_dagrun for latest_only_with_trigger to 2023-07-09T15:33:51.276869+00:00, run_after=2023-07-09T19:33:51.276869+00:00
[2023-07-09T19:33:51.298+0000] {processor.py:179} INFO - Processing /home/airflow/.local/lib/python3.7/site-packages/airflow/example_dags/example_latest_only_with_trigger.py took 0.080 seconds
[2023-07-09T19:34:21.888+0000] {processor.py:157} INFO - Started process (PID=4145) to work on /home/airflow/.local/lib/python3.7/site-packages/airflow/example_dags/example_latest_only_with_trigger.py
[2023-07-09T19:34:21.889+0000] {processor.py:826} INFO - Processing file /home/airflow/.local/lib/python3.7/site-packages/airflow/example_dags/example_latest_only_with_trigger.py for tasks to queue
[2023-07-09T19:34:21.890+0000] {logging_mixin.py:149} INFO - [2023-07-09T19:34:21.890+0000] {dagbag.py:541} INFO - Filling up the DagBag from /home/airflow/.local/lib/python3.7/site-packages/airflow/example_dags/example_latest_only_with_trigger.py
[2023-07-09T19:34:21.896+0000] {processor.py:836} INFO - DAG(s) dict_keys(['latest_only_with_trigger']) retrieved from /home/airflow/.local/lib/python3.7/site-packages/airflow/example_dags/example_latest_only_with_trigger.py
[2023-07-09T19:34:21.920+0000] {logging_mixin.py:149} INFO - [2023-07-09T19:34:21.920+0000] {dag.py:2726} INFO - Sync 1 DAGs
[2023-07-09T19:34:21.944+0000] {logging_mixin.py:149} INFO - [2023-07-09T19:34:21.944+0000] {dag.py:3490} INFO - Setting next_dagrun for latest_only_with_trigger to 2023-07-09T15:34:21.944130+00:00, run_after=2023-07-09T19:34:21.944130+00:00
[2023-07-09T19:34:21.964+0000] {processor.py:179} INFO - Processing /home/airflow/.local/lib/python3.7/site-packages/airflow/example_dags/example_latest_only_with_trigger.py took 0.079 seconds
[2023-07-09T19:34:52.553+0000] {processor.py:157} INFO - Started process (PID=4207) to work on /home/airflow/.local/lib/python3.7/site-packages/airflow/example_dags/example_latest_only_with_trigger.py
[2023-07-09T19:34:52.554+0000] {processor.py:826} INFO - Processing file /home/airflow/.local/lib/python3.7/site-packages/airflow/example_dags/example_latest_only_with_trigger.py for tasks to queue
[2023-07-09T19:34:52.555+0000] {logging_mixin.py:149} INFO - [2023-07-09T19:34:52.555+0000] {dagbag.py:541} INFO - Filling up the DagBag from /home/airflow/.local/lib/python3.7/site-packages/airflow/example_dags/example_latest_only_with_trigger.py
[2023-07-09T19:34:52.561+0000] {processor.py:836} INFO - DAG(s) dict_keys(['latest_only_with_trigger']) retrieved from /home/airflow/.local/lib/python3.7/site-packages/airflow/example_dags/example_latest_only_with_trigger.py
[2023-07-09T19:34:52.584+0000] {logging_mixin.py:149} INFO - [2023-07-09T19:34:52.584+0000] {dag.py:2726} INFO - Sync 1 DAGs
[2023-07-09T19:34:52.609+0000] {logging_mixin.py:149} INFO - [2023-07-09T19:34:52.609+0000] {dag.py:3490} INFO - Setting next_dagrun for latest_only_with_trigger to 2023-07-09T15:34:52.609647+00:00, run_after=2023-07-09T19:34:52.609647+00:00
[2023-07-09T19:34:52.630+0000] {processor.py:179} INFO - Processing /home/airflow/.local/lib/python3.7/site-packages/airflow/example_dags/example_latest_only_with_trigger.py took 0.079 seconds
[2023-07-09T19:35:22.964+0000] {processor.py:157} INFO - Started process (PID=4269) to work on /home/airflow/.local/lib/python3.7/site-packages/airflow/example_dags/example_latest_only_with_trigger.py
[2023-07-09T19:35:22.965+0000] {processor.py:826} INFO - Processing file /home/airflow/.local/lib/python3.7/site-packages/airflow/example_dags/example_latest_only_with_trigger.py for tasks to queue
[2023-07-09T19:35:22.966+0000] {logging_mixin.py:149} INFO - [2023-07-09T19:35:22.966+0000] {dagbag.py:541} INFO - Filling up the DagBag from /home/airflow/.local/lib/python3.7/site-packages/airflow/example_dags/example_latest_only_with_trigger.py
[2023-07-09T19:35:22.971+0000] {processor.py:836} INFO - DAG(s) dict_keys(['latest_only_with_trigger']) retrieved from /home/airflow/.local/lib/python3.7/site-packages/airflow/example_dags/example_latest_only_with_trigger.py
[2023-07-09T19:35:22.997+0000] {logging_mixin.py:149} INFO - [2023-07-09T19:35:22.996+0000] {dag.py:2726} INFO - Sync 1 DAGs
[2023-07-09T19:35:23.018+0000] {logging_mixin.py:149} INFO - [2023-07-09T19:35:23.018+0000] {dag.py:3490} INFO - Setting next_dagrun for latest_only_with_trigger to 2023-07-09T15:35:23.018049+00:00, run_after=2023-07-09T19:35:23.018049+00:00
[2023-07-09T19:35:23.040+0000] {processor.py:179} INFO - Processing /home/airflow/.local/lib/python3.7/site-packages/airflow/example_dags/example_latest_only_with_trigger.py took 0.079 seconds
[2023-07-09T19:35:53.192+0000] {processor.py:157} INFO - Started process (PID=4331) to work on /home/airflow/.local/lib/python3.7/site-packages/airflow/example_dags/example_latest_only_with_trigger.py
[2023-07-09T19:35:53.193+0000] {processor.py:826} INFO - Processing file /home/airflow/.local/lib/python3.7/site-packages/airflow/example_dags/example_latest_only_with_trigger.py for tasks to queue
[2023-07-09T19:35:53.195+0000] {logging_mixin.py:149} INFO - [2023-07-09T19:35:53.195+0000] {dagbag.py:541} INFO - Filling up the DagBag from /home/airflow/.local/lib/python3.7/site-packages/airflow/example_dags/example_latest_only_with_trigger.py
[2023-07-09T19:35:53.200+0000] {processor.py:836} INFO - DAG(s) dict_keys(['latest_only_with_trigger']) retrieved from /home/airflow/.local/lib/python3.7/site-packages/airflow/example_dags/example_latest_only_with_trigger.py
[2023-07-09T19:35:53.224+0000] {logging_mixin.py:149} INFO - [2023-07-09T19:35:53.223+0000] {dag.py:2726} INFO - Sync 1 DAGs
[2023-07-09T19:35:53.248+0000] {logging_mixin.py:149} INFO - [2023-07-09T19:35:53.248+0000] {dag.py:3490} INFO - Setting next_dagrun for latest_only_with_trigger to 2023-07-09T15:35:53.247849+00:00, run_after=2023-07-09T19:35:53.247849+00:00
[2023-07-09T19:35:53.270+0000] {processor.py:179} INFO - Processing /home/airflow/.local/lib/python3.7/site-packages/airflow/example_dags/example_latest_only_with_trigger.py took 0.080 seconds
[2023-07-09T19:36:23.555+0000] {processor.py:157} INFO - Started process (PID=4393) to work on /home/airflow/.local/lib/python3.7/site-packages/airflow/example_dags/example_latest_only_with_trigger.py
[2023-07-09T19:36:23.559+0000] {processor.py:826} INFO - Processing file /home/airflow/.local/lib/python3.7/site-packages/airflow/example_dags/example_latest_only_with_trigger.py for tasks to queue
[2023-07-09T19:36:23.560+0000] {logging_mixin.py:149} INFO - [2023-07-09T19:36:23.560+0000] {dagbag.py:541} INFO - Filling up the DagBag from /home/airflow/.local/lib/python3.7/site-packages/airflow/example_dags/example_latest_only_with_trigger.py
[2023-07-09T19:36:23.567+0000] {processor.py:836} INFO - DAG(s) dict_keys(['latest_only_with_trigger']) retrieved from /home/airflow/.local/lib/python3.7/site-packages/airflow/example_dags/example_latest_only_with_trigger.py
[2023-07-09T19:36:23.595+0000] {logging_mixin.py:149} INFO - [2023-07-09T19:36:23.594+0000] {dag.py:2726} INFO - Sync 1 DAGs
[2023-07-09T19:36:23.628+0000] {logging_mixin.py:149} INFO - [2023-07-09T19:36:23.628+0000] {dag.py:3490} INFO - Setting next_dagrun for latest_only_with_trigger to 2023-07-09T15:36:23.628193+00:00, run_after=2023-07-09T19:36:23.628193+00:00
[2023-07-09T19:36:23.653+0000] {processor.py:179} INFO - Processing /home/airflow/.local/lib/python3.7/site-packages/airflow/example_dags/example_latest_only_with_trigger.py took 0.101 seconds
[2023-07-09T19:36:53.717+0000] {processor.py:157} INFO - Started process (PID=4455) to work on /home/airflow/.local/lib/python3.7/site-packages/airflow/example_dags/example_latest_only_with_trigger.py
[2023-07-09T19:36:53.718+0000] {processor.py:826} INFO - Processing file /home/airflow/.local/lib/python3.7/site-packages/airflow/example_dags/example_latest_only_with_trigger.py for tasks to queue
[2023-07-09T19:36:53.719+0000] {logging_mixin.py:149} INFO - [2023-07-09T19:36:53.718+0000] {dagbag.py:541} INFO - Filling up the DagBag from /home/airflow/.local/lib/python3.7/site-packages/airflow/example_dags/example_latest_only_with_trigger.py
[2023-07-09T19:36:53.724+0000] {processor.py:836} INFO - DAG(s) dict_keys(['latest_only_with_trigger']) retrieved from /home/airflow/.local/lib/python3.7/site-packages/airflow/example_dags/example_latest_only_with_trigger.py
[2023-07-09T19:36:53.749+0000] {logging_mixin.py:149} INFO - [2023-07-09T19:36:53.749+0000] {dag.py:2726} INFO - Sync 1 DAGs
[2023-07-09T19:36:53.774+0000] {logging_mixin.py:149} INFO - [2023-07-09T19:36:53.774+0000] {dag.py:3490} INFO - Setting next_dagrun for latest_only_with_trigger to 2023-07-09T15:36:53.773733+00:00, run_after=2023-07-09T19:36:53.773733+00:00
[2023-07-09T19:36:53.797+0000] {processor.py:179} INFO - Processing /home/airflow/.local/lib/python3.7/site-packages/airflow/example_dags/example_latest_only_with_trigger.py took 0.083 seconds
[2023-07-09T19:37:23.868+0000] {processor.py:157} INFO - Started process (PID=4516) to work on /home/airflow/.local/lib/python3.7/site-packages/airflow/example_dags/example_latest_only_with_trigger.py
[2023-07-09T19:37:23.869+0000] {processor.py:826} INFO - Processing file /home/airflow/.local/lib/python3.7/site-packages/airflow/example_dags/example_latest_only_with_trigger.py for tasks to queue
[2023-07-09T19:37:23.870+0000] {logging_mixin.py:149} INFO - [2023-07-09T19:37:23.870+0000] {dagbag.py:541} INFO - Filling up the DagBag from /home/airflow/.local/lib/python3.7/site-packages/airflow/example_dags/example_latest_only_with_trigger.py
[2023-07-09T19:37:23.875+0000] {processor.py:836} INFO - DAG(s) dict_keys(['latest_only_with_trigger']) retrieved from /home/airflow/.local/lib/python3.7/site-packages/airflow/example_dags/example_latest_only_with_trigger.py
[2023-07-09T19:37:23.899+0000] {logging_mixin.py:149} INFO - [2023-07-09T19:37:23.899+0000] {dag.py:2726} INFO - Sync 1 DAGs
[2023-07-09T19:37:23.922+0000] {logging_mixin.py:149} INFO - [2023-07-09T19:37:23.922+0000] {dag.py:3490} INFO - Setting next_dagrun for latest_only_with_trigger to 2023-07-09T15:37:23.922066+00:00, run_after=2023-07-09T19:37:23.922066+00:00
[2023-07-09T19:37:23.947+0000] {processor.py:179} INFO - Processing /home/airflow/.local/lib/python3.7/site-packages/airflow/example_dags/example_latest_only_with_trigger.py took 0.081 seconds
[2023-07-09T19:37:54.196+0000] {processor.py:157} INFO - Started process (PID=4578) to work on /home/airflow/.local/lib/python3.7/site-packages/airflow/example_dags/example_latest_only_with_trigger.py
[2023-07-09T19:37:54.198+0000] {processor.py:826} INFO - Processing file /home/airflow/.local/lib/python3.7/site-packages/airflow/example_dags/example_latest_only_with_trigger.py for tasks to queue
[2023-07-09T19:37:54.199+0000] {logging_mixin.py:149} INFO - [2023-07-09T19:37:54.199+0000] {dagbag.py:541} INFO - Filling up the DagBag from /home/airflow/.local/lib/python3.7/site-packages/airflow/example_dags/example_latest_only_with_trigger.py
[2023-07-09T19:37:54.206+0000] {processor.py:836} INFO - DAG(s) dict_keys(['latest_only_with_trigger']) retrieved from /home/airflow/.local/lib/python3.7/site-packages/airflow/example_dags/example_latest_only_with_trigger.py
[2023-07-09T19:37:54.231+0000] {logging_mixin.py:149} INFO - [2023-07-09T19:37:54.231+0000] {dag.py:2726} INFO - Sync 1 DAGs
[2023-07-09T19:37:54.256+0000] {logging_mixin.py:149} INFO - [2023-07-09T19:37:54.256+0000] {dag.py:3490} INFO - Setting next_dagrun for latest_only_with_trigger to 2023-07-09T15:37:54.256044+00:00, run_after=2023-07-09T19:37:54.256044+00:00
[2023-07-09T19:37:54.279+0000] {processor.py:179} INFO - Processing /home/airflow/.local/lib/python3.7/site-packages/airflow/example_dags/example_latest_only_with_trigger.py took 0.087 seconds
[2023-07-09T19:38:24.567+0000] {processor.py:157} INFO - Started process (PID=4640) to work on /home/airflow/.local/lib/python3.7/site-packages/airflow/example_dags/example_latest_only_with_trigger.py
[2023-07-09T19:38:24.569+0000] {processor.py:826} INFO - Processing file /home/airflow/.local/lib/python3.7/site-packages/airflow/example_dags/example_latest_only_with_trigger.py for tasks to queue
[2023-07-09T19:38:24.570+0000] {logging_mixin.py:149} INFO - [2023-07-09T19:38:24.570+0000] {dagbag.py:541} INFO - Filling up the DagBag from /home/airflow/.local/lib/python3.7/site-packages/airflow/example_dags/example_latest_only_with_trigger.py
[2023-07-09T19:38:24.578+0000] {processor.py:836} INFO - DAG(s) dict_keys(['latest_only_with_trigger']) retrieved from /home/airflow/.local/lib/python3.7/site-packages/airflow/example_dags/example_latest_only_with_trigger.py
[2023-07-09T19:38:24.605+0000] {logging_mixin.py:149} INFO - [2023-07-09T19:38:24.605+0000] {dag.py:2726} INFO - Sync 1 DAGs
[2023-07-09T19:38:24.636+0000] {logging_mixin.py:149} INFO - [2023-07-09T19:38:24.636+0000] {dag.py:3490} INFO - Setting next_dagrun for latest_only_with_trigger to 2023-07-09T15:38:24.636257+00:00, run_after=2023-07-09T19:38:24.636257+00:00
[2023-07-09T19:38:24.658+0000] {processor.py:179} INFO - Processing /home/airflow/.local/lib/python3.7/site-packages/airflow/example_dags/example_latest_only_with_trigger.py took 0.096 seconds
[2023-07-09T19:38:54.759+0000] {processor.py:157} INFO - Started process (PID=4702) to work on /home/airflow/.local/lib/python3.7/site-packages/airflow/example_dags/example_latest_only_with_trigger.py
[2023-07-09T19:38:54.760+0000] {processor.py:826} INFO - Processing file /home/airflow/.local/lib/python3.7/site-packages/airflow/example_dags/example_latest_only_with_trigger.py for tasks to queue
[2023-07-09T19:38:54.761+0000] {logging_mixin.py:149} INFO - [2023-07-09T19:38:54.761+0000] {dagbag.py:541} INFO - Filling up the DagBag from /home/airflow/.local/lib/python3.7/site-packages/airflow/example_dags/example_latest_only_with_trigger.py
[2023-07-09T19:38:54.768+0000] {processor.py:836} INFO - DAG(s) dict_keys(['latest_only_with_trigger']) retrieved from /home/airflow/.local/lib/python3.7/site-packages/airflow/example_dags/example_latest_only_with_trigger.py
[2023-07-09T19:38:54.791+0000] {logging_mixin.py:149} INFO - [2023-07-09T19:38:54.790+0000] {dag.py:2726} INFO - Sync 1 DAGs
[2023-07-09T19:38:54.817+0000] {logging_mixin.py:149} INFO - [2023-07-09T19:38:54.817+0000] {dag.py:3490} INFO - Setting next_dagrun for latest_only_with_trigger to 2023-07-09T15:38:54.816812+00:00, run_after=2023-07-09T19:38:54.816812+00:00
[2023-07-09T19:38:54.840+0000] {processor.py:179} INFO - Processing /home/airflow/.local/lib/python3.7/site-packages/airflow/example_dags/example_latest_only_with_trigger.py took 0.084 seconds
[2023-07-09T19:39:25.254+0000] {processor.py:157} INFO - Started process (PID=4764) to work on /home/airflow/.local/lib/python3.7/site-packages/airflow/example_dags/example_latest_only_with_trigger.py
[2023-07-09T19:39:25.255+0000] {processor.py:826} INFO - Processing file /home/airflow/.local/lib/python3.7/site-packages/airflow/example_dags/example_latest_only_with_trigger.py for tasks to queue
[2023-07-09T19:39:25.256+0000] {logging_mixin.py:149} INFO - [2023-07-09T19:39:25.255+0000] {dagbag.py:541} INFO - Filling up the DagBag from /home/airflow/.local/lib/python3.7/site-packages/airflow/example_dags/example_latest_only_with_trigger.py
[2023-07-09T19:39:25.261+0000] {processor.py:836} INFO - DAG(s) dict_keys(['latest_only_with_trigger']) retrieved from /home/airflow/.local/lib/python3.7/site-packages/airflow/example_dags/example_latest_only_with_trigger.py
[2023-07-09T19:39:25.286+0000] {logging_mixin.py:149} INFO - [2023-07-09T19:39:25.286+0000] {dag.py:2726} INFO - Sync 1 DAGs
[2023-07-09T19:39:25.310+0000] {logging_mixin.py:149} INFO - [2023-07-09T19:39:25.310+0000] {dag.py:3490} INFO - Setting next_dagrun for latest_only_with_trigger to 2023-07-09T15:39:25.309994+00:00, run_after=2023-07-09T19:39:25.309994+00:00
[2023-07-09T19:39:25.335+0000] {processor.py:179} INFO - Processing /home/airflow/.local/lib/python3.7/site-packages/airflow/example_dags/example_latest_only_with_trigger.py took 0.084 seconds
[2023-07-09T19:39:55.762+0000] {processor.py:157} INFO - Started process (PID=4826) to work on /home/airflow/.local/lib/python3.7/site-packages/airflow/example_dags/example_latest_only_with_trigger.py
[2023-07-09T19:39:55.763+0000] {processor.py:826} INFO - Processing file /home/airflow/.local/lib/python3.7/site-packages/airflow/example_dags/example_latest_only_with_trigger.py for tasks to queue
[2023-07-09T19:39:55.764+0000] {logging_mixin.py:149} INFO - [2023-07-09T19:39:55.764+0000] {dagbag.py:541} INFO - Filling up the DagBag from /home/airflow/.local/lib/python3.7/site-packages/airflow/example_dags/example_latest_only_with_trigger.py
[2023-07-09T19:39:55.772+0000] {processor.py:836} INFO - DAG(s) dict_keys(['latest_only_with_trigger']) retrieved from /home/airflow/.local/lib/python3.7/site-packages/airflow/example_dags/example_latest_only_with_trigger.py
[2023-07-09T19:39:55.797+0000] {logging_mixin.py:149} INFO - [2023-07-09T19:39:55.797+0000] {dag.py:2726} INFO - Sync 1 DAGs
[2023-07-09T19:39:55.825+0000] {logging_mixin.py:149} INFO - [2023-07-09T19:39:55.825+0000] {dag.py:3490} INFO - Setting next_dagrun for latest_only_with_trigger to 2023-07-09T15:39:55.824563+00:00, run_after=2023-07-09T19:39:55.824563+00:00
[2023-07-09T19:39:55.847+0000] {processor.py:179} INFO - Processing /home/airflow/.local/lib/python3.7/site-packages/airflow/example_dags/example_latest_only_with_trigger.py took 0.088 seconds
[2023-07-09T19:40:26.011+0000] {processor.py:157} INFO - Started process (PID=4888) to work on /home/airflow/.local/lib/python3.7/site-packages/airflow/example_dags/example_latest_only_with_trigger.py
[2023-07-09T19:40:26.012+0000] {processor.py:826} INFO - Processing file /home/airflow/.local/lib/python3.7/site-packages/airflow/example_dags/example_latest_only_with_trigger.py for tasks to queue
[2023-07-09T19:40:26.014+0000] {logging_mixin.py:149} INFO - [2023-07-09T19:40:26.013+0000] {dagbag.py:541} INFO - Filling up the DagBag from /home/airflow/.local/lib/python3.7/site-packages/airflow/example_dags/example_latest_only_with_trigger.py
[2023-07-09T19:40:26.019+0000] {processor.py:836} INFO - DAG(s) dict_keys(['latest_only_with_trigger']) retrieved from /home/airflow/.local/lib/python3.7/site-packages/airflow/example_dags/example_latest_only_with_trigger.py
[2023-07-09T19:40:26.043+0000] {logging_mixin.py:149} INFO - [2023-07-09T19:40:26.043+0000] {dag.py:2726} INFO - Sync 1 DAGs
[2023-07-09T19:40:26.065+0000] {logging_mixin.py:149} INFO - [2023-07-09T19:40:26.065+0000] {dag.py:3490} INFO - Setting next_dagrun for latest_only_with_trigger to 2023-07-09T15:40:26.065189+00:00, run_after=2023-07-09T19:40:26.065189+00:00
[2023-07-09T19:40:26.087+0000] {processor.py:179} INFO - Processing /home/airflow/.local/lib/python3.7/site-packages/airflow/example_dags/example_latest_only_with_trigger.py took 0.079 seconds
[2023-07-09T19:40:56.395+0000] {processor.py:157} INFO - Started process (PID=4950) to work on /home/airflow/.local/lib/python3.7/site-packages/airflow/example_dags/example_latest_only_with_trigger.py
[2023-07-09T19:40:56.396+0000] {processor.py:826} INFO - Processing file /home/airflow/.local/lib/python3.7/site-packages/airflow/example_dags/example_latest_only_with_trigger.py for tasks to queue
[2023-07-09T19:40:56.396+0000] {logging_mixin.py:149} INFO - [2023-07-09T19:40:56.396+0000] {dagbag.py:541} INFO - Filling up the DagBag from /home/airflow/.local/lib/python3.7/site-packages/airflow/example_dags/example_latest_only_with_trigger.py
[2023-07-09T19:40:56.402+0000] {processor.py:836} INFO - DAG(s) dict_keys(['latest_only_with_trigger']) retrieved from /home/airflow/.local/lib/python3.7/site-packages/airflow/example_dags/example_latest_only_with_trigger.py
[2023-07-09T19:40:56.424+0000] {logging_mixin.py:149} INFO - [2023-07-09T19:40:56.424+0000] {dag.py:2726} INFO - Sync 1 DAGs
[2023-07-09T19:40:56.446+0000] {logging_mixin.py:149} INFO - [2023-07-09T19:40:56.446+0000] {dag.py:3490} INFO - Setting next_dagrun for latest_only_with_trigger to 2023-07-09T15:40:56.445936+00:00, run_after=2023-07-09T19:40:56.445936+00:00
[2023-07-09T19:40:56.469+0000] {processor.py:179} INFO - Processing /home/airflow/.local/lib/python3.7/site-packages/airflow/example_dags/example_latest_only_with_trigger.py took 0.077 seconds
[2023-07-09T23:59:31.083+0000] {processor.py:157} INFO - Started process (PID=5039) to work on /home/airflow/.local/lib/python3.7/site-packages/airflow/example_dags/example_latest_only_with_trigger.py
[2023-07-09T23:59:31.084+0000] {processor.py:826} INFO - Processing file /home/airflow/.local/lib/python3.7/site-packages/airflow/example_dags/example_latest_only_with_trigger.py for tasks to queue
[2023-07-09T23:59:31.087+0000] {logging_mixin.py:149} INFO - [2023-07-09T23:59:31.086+0000] {dagbag.py:541} INFO - Filling up the DagBag from /home/airflow/.local/lib/python3.7/site-packages/airflow/example_dags/example_latest_only_with_trigger.py
[2023-07-09T23:59:31.094+0000] {processor.py:836} INFO - DAG(s) dict_keys(['latest_only_with_trigger']) retrieved from /home/airflow/.local/lib/python3.7/site-packages/airflow/example_dags/example_latest_only_with_trigger.py
[2023-07-09T23:59:31.130+0000] {logging_mixin.py:149} INFO - [2023-07-09T23:59:31.129+0000] {dag.py:2726} INFO - Sync 1 DAGs
[2023-07-09T23:59:31.160+0000] {logging_mixin.py:149} INFO - [2023-07-09T23:59:31.160+0000] {dag.py:3490} INFO - Setting next_dagrun for latest_only_with_trigger to 2023-07-09T19:59:31.160054+00:00, run_after=2023-07-09T23:59:31.160054+00:00
[2023-07-09T23:59:31.196+0000] {processor.py:179} INFO - Processing /home/airflow/.local/lib/python3.7/site-packages/airflow/example_dags/example_latest_only_with_trigger.py took 0.116 seconds
