[2023-07-09T19:06:51.676+0000] {processor.py:157} INFO - Started process (PID=796) to work on /home/airflow/.local/lib/python3.7/site-packages/airflow/example_dags/example_short_circuit_decorator.py
[2023-07-09T19:06:51.678+0000] {processor.py:826} INFO - Processing file /home/airflow/.local/lib/python3.7/site-packages/airflow/example_dags/example_short_circuit_decorator.py for tasks to queue
[2023-07-09T19:06:51.678+0000] {logging_mixin.py:149} INFO - [2023-07-09T19:06:51.678+0000] {dagbag.py:541} INFO - Filling up the DagBag from /home/airflow/.local/lib/python3.7/site-packages/airflow/example_dags/example_short_circuit_decorator.py
[2023-07-09T19:06:51.687+0000] {processor.py:836} INFO - DAG(s) dict_keys(['example_short_circuit_decorator']) retrieved from /home/airflow/.local/lib/python3.7/site-packages/airflow/example_dags/example_short_circuit_decorator.py
[2023-07-09T19:06:51.712+0000] {logging_mixin.py:149} INFO - [2023-07-09T19:06:51.712+0000] {dag.py:2726} INFO - Sync 1 DAGs
[2023-07-09T19:06:51.736+0000] {logging_mixin.py:149} INFO - [2023-07-09T19:06:51.736+0000] {dag.py:3490} INFO - Setting next_dagrun for example_short_circuit_decorator to 2023-07-08T19:06:51.735877+00:00, run_after=2023-07-09T19:06:51.735877+00:00
[2023-07-09T19:06:51.758+0000] {processor.py:179} INFO - Processing /home/airflow/.local/lib/python3.7/site-packages/airflow/example_dags/example_short_circuit_decorator.py took 0.084 seconds
[2023-07-09T19:07:21.970+0000] {processor.py:157} INFO - Started process (PID=857) to work on /home/airflow/.local/lib/python3.7/site-packages/airflow/example_dags/example_short_circuit_decorator.py
[2023-07-09T19:07:21.971+0000] {processor.py:826} INFO - Processing file /home/airflow/.local/lib/python3.7/site-packages/airflow/example_dags/example_short_circuit_decorator.py for tasks to queue
[2023-07-09T19:07:21.972+0000] {logging_mixin.py:149} INFO - [2023-07-09T19:07:21.972+0000] {dagbag.py:541} INFO - Filling up the DagBag from /home/airflow/.local/lib/python3.7/site-packages/airflow/example_dags/example_short_circuit_decorator.py
[2023-07-09T19:07:21.983+0000] {processor.py:836} INFO - DAG(s) dict_keys(['example_short_circuit_decorator']) retrieved from /home/airflow/.local/lib/python3.7/site-packages/airflow/example_dags/example_short_circuit_decorator.py
[2023-07-09T19:07:22.012+0000] {logging_mixin.py:149} INFO - [2023-07-09T19:07:22.012+0000] {dag.py:2726} INFO - Sync 1 DAGs
[2023-07-09T19:07:22.036+0000] {logging_mixin.py:149} INFO - [2023-07-09T19:07:22.036+0000] {dag.py:3490} INFO - Setting next_dagrun for example_short_circuit_decorator to 2023-07-08T19:07:22.035744+00:00, run_after=2023-07-09T19:07:22.035744+00:00
[2023-07-09T19:07:22.058+0000] {processor.py:179} INFO - Processing /home/airflow/.local/lib/python3.7/site-packages/airflow/example_dags/example_short_circuit_decorator.py took 0.091 seconds
[2023-07-09T19:07:52.387+0000] {processor.py:157} INFO - Started process (PID=918) to work on /home/airflow/.local/lib/python3.7/site-packages/airflow/example_dags/example_short_circuit_decorator.py
[2023-07-09T19:07:52.388+0000] {processor.py:826} INFO - Processing file /home/airflow/.local/lib/python3.7/site-packages/airflow/example_dags/example_short_circuit_decorator.py for tasks to queue
[2023-07-09T19:07:52.389+0000] {logging_mixin.py:149} INFO - [2023-07-09T19:07:52.389+0000] {dagbag.py:541} INFO - Filling up the DagBag from /home/airflow/.local/lib/python3.7/site-packages/airflow/example_dags/example_short_circuit_decorator.py
[2023-07-09T19:07:52.399+0000] {processor.py:836} INFO - DAG(s) dict_keys(['example_short_circuit_decorator']) retrieved from /home/airflow/.local/lib/python3.7/site-packages/airflow/example_dags/example_short_circuit_decorator.py
[2023-07-09T19:07:52.427+0000] {logging_mixin.py:149} INFO - [2023-07-09T19:07:52.427+0000] {dag.py:2726} INFO - Sync 1 DAGs
[2023-07-09T19:07:52.450+0000] {logging_mixin.py:149} INFO - [2023-07-09T19:07:52.450+0000] {dag.py:3490} INFO - Setting next_dagrun for example_short_circuit_decorator to 2023-07-08T19:07:52.450536+00:00, run_after=2023-07-09T19:07:52.450536+00:00
[2023-07-09T19:07:52.472+0000] {processor.py:179} INFO - Processing /home/airflow/.local/lib/python3.7/site-packages/airflow/example_dags/example_short_circuit_decorator.py took 0.088 seconds
[2023-07-09T19:08:22.575+0000] {processor.py:157} INFO - Started process (PID=979) to work on /home/airflow/.local/lib/python3.7/site-packages/airflow/example_dags/example_short_circuit_decorator.py
[2023-07-09T19:08:22.577+0000] {processor.py:826} INFO - Processing file /home/airflow/.local/lib/python3.7/site-packages/airflow/example_dags/example_short_circuit_decorator.py for tasks to queue
[2023-07-09T19:08:22.578+0000] {logging_mixin.py:149} INFO - [2023-07-09T19:08:22.578+0000] {dagbag.py:541} INFO - Filling up the DagBag from /home/airflow/.local/lib/python3.7/site-packages/airflow/example_dags/example_short_circuit_decorator.py
[2023-07-09T19:08:22.586+0000] {processor.py:836} INFO - DAG(s) dict_keys(['example_short_circuit_decorator']) retrieved from /home/airflow/.local/lib/python3.7/site-packages/airflow/example_dags/example_short_circuit_decorator.py
[2023-07-09T19:08:22.598+0000] {logging_mixin.py:149} INFO - [2023-07-09T19:08:22.598+0000] {dag.py:2726} INFO - Sync 1 DAGs
[2023-07-09T19:08:22.621+0000] {logging_mixin.py:149} INFO - [2023-07-09T19:08:22.620+0000] {dag.py:3490} INFO - Setting next_dagrun for example_short_circuit_decorator to 2023-07-08T19:08:22.620791+00:00, run_after=2023-07-09T19:08:22.620791+00:00
[2023-07-09T19:08:22.642+0000] {processor.py:179} INFO - Processing /home/airflow/.local/lib/python3.7/site-packages/airflow/example_dags/example_short_circuit_decorator.py took 0.069 seconds
[2023-07-09T19:08:53.084+0000] {processor.py:157} INFO - Started process (PID=1040) to work on /home/airflow/.local/lib/python3.7/site-packages/airflow/example_dags/example_short_circuit_decorator.py
[2023-07-09T19:08:53.085+0000] {processor.py:826} INFO - Processing file /home/airflow/.local/lib/python3.7/site-packages/airflow/example_dags/example_short_circuit_decorator.py for tasks to queue
[2023-07-09T19:08:53.086+0000] {logging_mixin.py:149} INFO - [2023-07-09T19:08:53.086+0000] {dagbag.py:541} INFO - Filling up the DagBag from /home/airflow/.local/lib/python3.7/site-packages/airflow/example_dags/example_short_circuit_decorator.py
[2023-07-09T19:08:53.096+0000] {processor.py:836} INFO - DAG(s) dict_keys(['example_short_circuit_decorator']) retrieved from /home/airflow/.local/lib/python3.7/site-packages/airflow/example_dags/example_short_circuit_decorator.py
[2023-07-09T19:08:53.123+0000] {logging_mixin.py:149} INFO - [2023-07-09T19:08:53.123+0000] {dag.py:2726} INFO - Sync 1 DAGs
[2023-07-09T19:08:53.147+0000] {logging_mixin.py:149} INFO - [2023-07-09T19:08:53.147+0000] {dag.py:3490} INFO - Setting next_dagrun for example_short_circuit_decorator to 2023-07-08T19:08:53.146805+00:00, run_after=2023-07-09T19:08:53.146805+00:00
[2023-07-09T19:08:53.168+0000] {processor.py:179} INFO - Processing /home/airflow/.local/lib/python3.7/site-packages/airflow/example_dags/example_short_circuit_decorator.py took 0.087 seconds
[2023-07-09T19:09:23.984+0000] {processor.py:157} INFO - Started process (PID=1101) to work on /home/airflow/.local/lib/python3.7/site-packages/airflow/example_dags/example_short_circuit_decorator.py
[2023-07-09T19:09:23.986+0000] {processor.py:826} INFO - Processing file /home/airflow/.local/lib/python3.7/site-packages/airflow/example_dags/example_short_circuit_decorator.py for tasks to queue
[2023-07-09T19:09:23.986+0000] {logging_mixin.py:149} INFO - [2023-07-09T19:09:23.986+0000] {dagbag.py:541} INFO - Filling up the DagBag from /home/airflow/.local/lib/python3.7/site-packages/airflow/example_dags/example_short_circuit_decorator.py
[2023-07-09T19:09:23.996+0000] {processor.py:836} INFO - DAG(s) dict_keys(['example_short_circuit_decorator']) retrieved from /home/airflow/.local/lib/python3.7/site-packages/airflow/example_dags/example_short_circuit_decorator.py
[2023-07-09T19:09:24.009+0000] {logging_mixin.py:149} INFO - [2023-07-09T19:09:24.009+0000] {dag.py:2726} INFO - Sync 1 DAGs
[2023-07-09T19:09:24.036+0000] {logging_mixin.py:149} INFO - [2023-07-09T19:09:24.036+0000] {dag.py:3490} INFO - Setting next_dagrun for example_short_circuit_decorator to 2023-07-08T19:09:24.036232+00:00, run_after=2023-07-09T19:09:24.036232+00:00
[2023-07-09T19:09:24.058+0000] {processor.py:179} INFO - Processing /home/airflow/.local/lib/python3.7/site-packages/airflow/example_dags/example_short_circuit_decorator.py took 0.078 seconds
[2023-07-09T19:09:54.291+0000] {processor.py:157} INFO - Started process (PID=1162) to work on /home/airflow/.local/lib/python3.7/site-packages/airflow/example_dags/example_short_circuit_decorator.py
[2023-07-09T19:09:54.292+0000] {processor.py:826} INFO - Processing file /home/airflow/.local/lib/python3.7/site-packages/airflow/example_dags/example_short_circuit_decorator.py for tasks to queue
[2023-07-09T19:09:54.293+0000] {logging_mixin.py:149} INFO - [2023-07-09T19:09:54.293+0000] {dagbag.py:541} INFO - Filling up the DagBag from /home/airflow/.local/lib/python3.7/site-packages/airflow/example_dags/example_short_circuit_decorator.py
[2023-07-09T19:09:54.302+0000] {processor.py:836} INFO - DAG(s) dict_keys(['example_short_circuit_decorator']) retrieved from /home/airflow/.local/lib/python3.7/site-packages/airflow/example_dags/example_short_circuit_decorator.py
[2023-07-09T19:09:54.327+0000] {logging_mixin.py:149} INFO - [2023-07-09T19:09:54.327+0000] {dag.py:2726} INFO - Sync 1 DAGs
[2023-07-09T19:09:54.350+0000] {logging_mixin.py:149} INFO - [2023-07-09T19:09:54.350+0000] {dag.py:3490} INFO - Setting next_dagrun for example_short_circuit_decorator to 2023-07-08T19:09:54.350517+00:00, run_after=2023-07-09T19:09:54.350517+00:00
[2023-07-09T19:09:54.372+0000] {processor.py:179} INFO - Processing /home/airflow/.local/lib/python3.7/site-packages/airflow/example_dags/example_short_circuit_decorator.py took 0.084 seconds
[2023-07-09T19:10:24.528+0000] {processor.py:157} INFO - Started process (PID=1223) to work on /home/airflow/.local/lib/python3.7/site-packages/airflow/example_dags/example_short_circuit_decorator.py
[2023-07-09T19:10:24.529+0000] {processor.py:826} INFO - Processing file /home/airflow/.local/lib/python3.7/site-packages/airflow/example_dags/example_short_circuit_decorator.py for tasks to queue
[2023-07-09T19:10:24.530+0000] {logging_mixin.py:149} INFO - [2023-07-09T19:10:24.530+0000] {dagbag.py:541} INFO - Filling up the DagBag from /home/airflow/.local/lib/python3.7/site-packages/airflow/example_dags/example_short_circuit_decorator.py
[2023-07-09T19:10:24.539+0000] {processor.py:836} INFO - DAG(s) dict_keys(['example_short_circuit_decorator']) retrieved from /home/airflow/.local/lib/python3.7/site-packages/airflow/example_dags/example_short_circuit_decorator.py
[2023-07-09T19:10:24.565+0000] {logging_mixin.py:149} INFO - [2023-07-09T19:10:24.565+0000] {dag.py:2726} INFO - Sync 1 DAGs
[2023-07-09T19:10:24.588+0000] {logging_mixin.py:149} INFO - [2023-07-09T19:10:24.588+0000] {dag.py:3490} INFO - Setting next_dagrun for example_short_circuit_decorator to 2023-07-08T19:10:24.587931+00:00, run_after=2023-07-09T19:10:24.587931+00:00
[2023-07-09T19:10:24.609+0000] {processor.py:179} INFO - Processing /home/airflow/.local/lib/python3.7/site-packages/airflow/example_dags/example_short_circuit_decorator.py took 0.084 seconds
[2023-07-09T19:10:55.964+0000] {processor.py:157} INFO - Started process (PID=1284) to work on /home/airflow/.local/lib/python3.7/site-packages/airflow/example_dags/example_short_circuit_decorator.py
[2023-07-09T19:10:55.965+0000] {processor.py:826} INFO - Processing file /home/airflow/.local/lib/python3.7/site-packages/airflow/example_dags/example_short_circuit_decorator.py for tasks to queue
[2023-07-09T19:10:55.966+0000] {logging_mixin.py:149} INFO - [2023-07-09T19:10:55.966+0000] {dagbag.py:541} INFO - Filling up the DagBag from /home/airflow/.local/lib/python3.7/site-packages/airflow/example_dags/example_short_circuit_decorator.py
[2023-07-09T19:10:55.977+0000] {processor.py:836} INFO - DAG(s) dict_keys(['example_short_circuit_decorator']) retrieved from /home/airflow/.local/lib/python3.7/site-packages/airflow/example_dags/example_short_circuit_decorator.py
[2023-07-09T19:10:56.006+0000] {logging_mixin.py:149} INFO - [2023-07-09T19:10:56.006+0000] {dag.py:2726} INFO - Sync 1 DAGs
[2023-07-09T19:10:56.029+0000] {logging_mixin.py:149} INFO - [2023-07-09T19:10:56.029+0000] {dag.py:3490} INFO - Setting next_dagrun for example_short_circuit_decorator to 2023-07-08T19:10:56.029026+00:00, run_after=2023-07-09T19:10:56.029026+00:00
[2023-07-09T19:10:56.052+0000] {processor.py:179} INFO - Processing /home/airflow/.local/lib/python3.7/site-packages/airflow/example_dags/example_short_circuit_decorator.py took 0.091 seconds
[2023-07-09T19:11:26.259+0000] {processor.py:157} INFO - Started process (PID=1345) to work on /home/airflow/.local/lib/python3.7/site-packages/airflow/example_dags/example_short_circuit_decorator.py
[2023-07-09T19:11:26.260+0000] {processor.py:826} INFO - Processing file /home/airflow/.local/lib/python3.7/site-packages/airflow/example_dags/example_short_circuit_decorator.py for tasks to queue
[2023-07-09T19:11:26.261+0000] {logging_mixin.py:149} INFO - [2023-07-09T19:11:26.261+0000] {dagbag.py:541} INFO - Filling up the DagBag from /home/airflow/.local/lib/python3.7/site-packages/airflow/example_dags/example_short_circuit_decorator.py
[2023-07-09T19:11:26.272+0000] {processor.py:836} INFO - DAG(s) dict_keys(['example_short_circuit_decorator']) retrieved from /home/airflow/.local/lib/python3.7/site-packages/airflow/example_dags/example_short_circuit_decorator.py
[2023-07-09T19:11:26.300+0000] {logging_mixin.py:149} INFO - [2023-07-09T19:11:26.300+0000] {dag.py:2726} INFO - Sync 1 DAGs
[2023-07-09T19:11:26.327+0000] {logging_mixin.py:149} INFO - [2023-07-09T19:11:26.327+0000] {dag.py:3490} INFO - Setting next_dagrun for example_short_circuit_decorator to 2023-07-08T19:11:26.327095+00:00, run_after=2023-07-09T19:11:26.327095+00:00
[2023-07-09T19:11:26.350+0000] {processor.py:179} INFO - Processing /home/airflow/.local/lib/python3.7/site-packages/airflow/example_dags/example_short_circuit_decorator.py took 0.093 seconds
[2023-07-09T19:11:56.573+0000] {processor.py:157} INFO - Started process (PID=1406) to work on /home/airflow/.local/lib/python3.7/site-packages/airflow/example_dags/example_short_circuit_decorator.py
[2023-07-09T19:11:56.574+0000] {processor.py:826} INFO - Processing file /home/airflow/.local/lib/python3.7/site-packages/airflow/example_dags/example_short_circuit_decorator.py for tasks to queue
[2023-07-09T19:11:56.575+0000] {logging_mixin.py:149} INFO - [2023-07-09T19:11:56.575+0000] {dagbag.py:541} INFO - Filling up the DagBag from /home/airflow/.local/lib/python3.7/site-packages/airflow/example_dags/example_short_circuit_decorator.py
[2023-07-09T19:11:56.586+0000] {processor.py:836} INFO - DAG(s) dict_keys(['example_short_circuit_decorator']) retrieved from /home/airflow/.local/lib/python3.7/site-packages/airflow/example_dags/example_short_circuit_decorator.py
[2023-07-09T19:11:56.599+0000] {logging_mixin.py:149} INFO - [2023-07-09T19:11:56.599+0000] {dag.py:2726} INFO - Sync 1 DAGs
[2023-07-09T19:11:56.628+0000] {logging_mixin.py:149} INFO - [2023-07-09T19:11:56.628+0000] {dag.py:3490} INFO - Setting next_dagrun for example_short_circuit_decorator to 2023-07-08T19:11:56.628259+00:00, run_after=2023-07-09T19:11:56.628259+00:00
[2023-07-09T19:11:56.650+0000] {processor.py:179} INFO - Processing /home/airflow/.local/lib/python3.7/site-packages/airflow/example_dags/example_short_circuit_decorator.py took 0.080 seconds
[2023-07-09T19:12:27.463+0000] {processor.py:157} INFO - Started process (PID=1468) to work on /home/airflow/.local/lib/python3.7/site-packages/airflow/example_dags/example_short_circuit_decorator.py
[2023-07-09T19:12:27.464+0000] {processor.py:826} INFO - Processing file /home/airflow/.local/lib/python3.7/site-packages/airflow/example_dags/example_short_circuit_decorator.py for tasks to queue
[2023-07-09T19:12:27.465+0000] {logging_mixin.py:149} INFO - [2023-07-09T19:12:27.464+0000] {dagbag.py:541} INFO - Filling up the DagBag from /home/airflow/.local/lib/python3.7/site-packages/airflow/example_dags/example_short_circuit_decorator.py
[2023-07-09T19:12:27.474+0000] {processor.py:836} INFO - DAG(s) dict_keys(['example_short_circuit_decorator']) retrieved from /home/airflow/.local/lib/python3.7/site-packages/airflow/example_dags/example_short_circuit_decorator.py
[2023-07-09T19:12:27.487+0000] {logging_mixin.py:149} INFO - [2023-07-09T19:12:27.487+0000] {dag.py:2726} INFO - Sync 1 DAGs
[2023-07-09T19:12:27.513+0000] {logging_mixin.py:149} INFO - [2023-07-09T19:12:27.512+0000] {dag.py:3490} INFO - Setting next_dagrun for example_short_circuit_decorator to 2023-07-08T19:12:27.512671+00:00, run_after=2023-07-09T19:12:27.512671+00:00
[2023-07-09T19:12:27.536+0000] {processor.py:179} INFO - Processing /home/airflow/.local/lib/python3.7/site-packages/airflow/example_dags/example_short_circuit_decorator.py took 0.076 seconds
[2023-07-09T19:12:58.348+0000] {processor.py:157} INFO - Started process (PID=1529) to work on /home/airflow/.local/lib/python3.7/site-packages/airflow/example_dags/example_short_circuit_decorator.py
[2023-07-09T19:12:58.349+0000] {processor.py:826} INFO - Processing file /home/airflow/.local/lib/python3.7/site-packages/airflow/example_dags/example_short_circuit_decorator.py for tasks to queue
[2023-07-09T19:12:58.350+0000] {logging_mixin.py:149} INFO - [2023-07-09T19:12:58.350+0000] {dagbag.py:541} INFO - Filling up the DagBag from /home/airflow/.local/lib/python3.7/site-packages/airflow/example_dags/example_short_circuit_decorator.py
[2023-07-09T19:12:58.359+0000] {processor.py:836} INFO - DAG(s) dict_keys(['example_short_circuit_decorator']) retrieved from /home/airflow/.local/lib/python3.7/site-packages/airflow/example_dags/example_short_circuit_decorator.py
[2023-07-09T19:12:58.387+0000] {logging_mixin.py:149} INFO - [2023-07-09T19:12:58.387+0000] {dag.py:2726} INFO - Sync 1 DAGs
[2023-07-09T19:12:58.415+0000] {logging_mixin.py:149} INFO - [2023-07-09T19:12:58.415+0000] {dag.py:3490} INFO - Setting next_dagrun for example_short_circuit_decorator to 2023-07-08T19:12:58.414837+00:00, run_after=2023-07-09T19:12:58.414837+00:00
[2023-07-09T19:12:58.443+0000] {processor.py:179} INFO - Processing /home/airflow/.local/lib/python3.7/site-packages/airflow/example_dags/example_short_circuit_decorator.py took 0.098 seconds
[2023-07-09T19:13:28.634+0000] {processor.py:157} INFO - Started process (PID=1591) to work on /home/airflow/.local/lib/python3.7/site-packages/airflow/example_dags/example_short_circuit_decorator.py
[2023-07-09T19:13:28.635+0000] {processor.py:826} INFO - Processing file /home/airflow/.local/lib/python3.7/site-packages/airflow/example_dags/example_short_circuit_decorator.py for tasks to queue
[2023-07-09T19:13:28.635+0000] {logging_mixin.py:149} INFO - [2023-07-09T19:13:28.635+0000] {dagbag.py:541} INFO - Filling up the DagBag from /home/airflow/.local/lib/python3.7/site-packages/airflow/example_dags/example_short_circuit_decorator.py
[2023-07-09T19:13:28.644+0000] {processor.py:836} INFO - DAG(s) dict_keys(['example_short_circuit_decorator']) retrieved from /home/airflow/.local/lib/python3.7/site-packages/airflow/example_dags/example_short_circuit_decorator.py
[2023-07-09T19:13:28.669+0000] {logging_mixin.py:149} INFO - [2023-07-09T19:13:28.669+0000] {dag.py:2726} INFO - Sync 1 DAGs
[2023-07-09T19:13:28.692+0000] {logging_mixin.py:149} INFO - [2023-07-09T19:13:28.692+0000] {dag.py:3490} INFO - Setting next_dagrun for example_short_circuit_decorator to 2023-07-08T19:13:28.691947+00:00, run_after=2023-07-09T19:13:28.691947+00:00
[2023-07-09T19:13:28.713+0000] {processor.py:179} INFO - Processing /home/airflow/.local/lib/python3.7/site-packages/airflow/example_dags/example_short_circuit_decorator.py took 0.082 seconds
[2023-07-09T19:13:58.994+0000] {processor.py:157} INFO - Started process (PID=1652) to work on /home/airflow/.local/lib/python3.7/site-packages/airflow/example_dags/example_short_circuit_decorator.py
[2023-07-09T19:13:58.996+0000] {processor.py:826} INFO - Processing file /home/airflow/.local/lib/python3.7/site-packages/airflow/example_dags/example_short_circuit_decorator.py for tasks to queue
[2023-07-09T19:13:58.997+0000] {logging_mixin.py:149} INFO - [2023-07-09T19:13:58.997+0000] {dagbag.py:541} INFO - Filling up the DagBag from /home/airflow/.local/lib/python3.7/site-packages/airflow/example_dags/example_short_circuit_decorator.py
[2023-07-09T19:13:59.006+0000] {processor.py:836} INFO - DAG(s) dict_keys(['example_short_circuit_decorator']) retrieved from /home/airflow/.local/lib/python3.7/site-packages/airflow/example_dags/example_short_circuit_decorator.py
[2023-07-09T19:13:59.034+0000] {logging_mixin.py:149} INFO - [2023-07-09T19:13:59.034+0000] {dag.py:2726} INFO - Sync 1 DAGs
[2023-07-09T19:13:59.061+0000] {logging_mixin.py:149} INFO - [2023-07-09T19:13:59.061+0000] {dag.py:3490} INFO - Setting next_dagrun for example_short_circuit_decorator to 2023-07-08T19:13:59.061577+00:00, run_after=2023-07-09T19:13:59.061577+00:00
[2023-07-09T19:13:59.087+0000] {processor.py:179} INFO - Processing /home/airflow/.local/lib/python3.7/site-packages/airflow/example_dags/example_short_circuit_decorator.py took 0.095 seconds
[2023-07-09T19:14:29.114+0000] {processor.py:157} INFO - Started process (PID=1713) to work on /home/airflow/.local/lib/python3.7/site-packages/airflow/example_dags/example_short_circuit_decorator.py
[2023-07-09T19:14:29.115+0000] {processor.py:826} INFO - Processing file /home/airflow/.local/lib/python3.7/site-packages/airflow/example_dags/example_short_circuit_decorator.py for tasks to queue
[2023-07-09T19:14:29.116+0000] {logging_mixin.py:149} INFO - [2023-07-09T19:14:29.116+0000] {dagbag.py:541} INFO - Filling up the DagBag from /home/airflow/.local/lib/python3.7/site-packages/airflow/example_dags/example_short_circuit_decorator.py
[2023-07-09T19:14:29.124+0000] {processor.py:836} INFO - DAG(s) dict_keys(['example_short_circuit_decorator']) retrieved from /home/airflow/.local/lib/python3.7/site-packages/airflow/example_dags/example_short_circuit_decorator.py
[2023-07-09T19:14:29.149+0000] {logging_mixin.py:149} INFO - [2023-07-09T19:14:29.149+0000] {dag.py:2726} INFO - Sync 1 DAGs
[2023-07-09T19:14:29.172+0000] {logging_mixin.py:149} INFO - [2023-07-09T19:14:29.172+0000] {dag.py:3490} INFO - Setting next_dagrun for example_short_circuit_decorator to 2023-07-08T19:14:29.172041+00:00, run_after=2023-07-09T19:14:29.172041+00:00
[2023-07-09T19:14:29.193+0000] {processor.py:179} INFO - Processing /home/airflow/.local/lib/python3.7/site-packages/airflow/example_dags/example_short_circuit_decorator.py took 0.082 seconds
[2023-07-09T19:15:00.257+0000] {processor.py:157} INFO - Started process (PID=1774) to work on /home/airflow/.local/lib/python3.7/site-packages/airflow/example_dags/example_short_circuit_decorator.py
[2023-07-09T19:15:00.259+0000] {processor.py:826} INFO - Processing file /home/airflow/.local/lib/python3.7/site-packages/airflow/example_dags/example_short_circuit_decorator.py for tasks to queue
[2023-07-09T19:15:00.260+0000] {logging_mixin.py:149} INFO - [2023-07-09T19:15:00.260+0000] {dagbag.py:541} INFO - Filling up the DagBag from /home/airflow/.local/lib/python3.7/site-packages/airflow/example_dags/example_short_circuit_decorator.py
[2023-07-09T19:15:00.269+0000] {processor.py:836} INFO - DAG(s) dict_keys(['example_short_circuit_decorator']) retrieved from /home/airflow/.local/lib/python3.7/site-packages/airflow/example_dags/example_short_circuit_decorator.py
[2023-07-09T19:15:00.296+0000] {logging_mixin.py:149} INFO - [2023-07-09T19:15:00.296+0000] {dag.py:2726} INFO - Sync 1 DAGs
[2023-07-09T19:15:00.320+0000] {logging_mixin.py:149} INFO - [2023-07-09T19:15:00.320+0000] {dag.py:3490} INFO - Setting next_dagrun for example_short_circuit_decorator to 2023-07-08T19:15:00.320465+00:00, run_after=2023-07-09T19:15:00.320465+00:00
[2023-07-09T19:15:00.341+0000] {processor.py:179} INFO - Processing /home/airflow/.local/lib/python3.7/site-packages/airflow/example_dags/example_short_circuit_decorator.py took 0.087 seconds
[2023-07-09T19:15:31.094+0000] {processor.py:157} INFO - Started process (PID=1835) to work on /home/airflow/.local/lib/python3.7/site-packages/airflow/example_dags/example_short_circuit_decorator.py
[2023-07-09T19:15:31.095+0000] {processor.py:826} INFO - Processing file /home/airflow/.local/lib/python3.7/site-packages/airflow/example_dags/example_short_circuit_decorator.py for tasks to queue
[2023-07-09T19:15:31.096+0000] {logging_mixin.py:149} INFO - [2023-07-09T19:15:31.096+0000] {dagbag.py:541} INFO - Filling up the DagBag from /home/airflow/.local/lib/python3.7/site-packages/airflow/example_dags/example_short_circuit_decorator.py
[2023-07-09T19:15:31.105+0000] {processor.py:836} INFO - DAG(s) dict_keys(['example_short_circuit_decorator']) retrieved from /home/airflow/.local/lib/python3.7/site-packages/airflow/example_dags/example_short_circuit_decorator.py
[2023-07-09T19:15:31.132+0000] {logging_mixin.py:149} INFO - [2023-07-09T19:15:31.132+0000] {dag.py:2726} INFO - Sync 1 DAGs
[2023-07-09T19:15:31.156+0000] {logging_mixin.py:149} INFO - [2023-07-09T19:15:31.156+0000] {dag.py:3490} INFO - Setting next_dagrun for example_short_circuit_decorator to 2023-07-08T19:15:31.156595+00:00, run_after=2023-07-09T19:15:31.156595+00:00
[2023-07-09T19:15:31.178+0000] {processor.py:179} INFO - Processing /home/airflow/.local/lib/python3.7/site-packages/airflow/example_dags/example_short_circuit_decorator.py took 0.086 seconds
[2023-07-09T19:16:01.417+0000] {processor.py:157} INFO - Started process (PID=1897) to work on /home/airflow/.local/lib/python3.7/site-packages/airflow/example_dags/example_short_circuit_decorator.py
[2023-07-09T19:16:01.418+0000] {processor.py:826} INFO - Processing file /home/airflow/.local/lib/python3.7/site-packages/airflow/example_dags/example_short_circuit_decorator.py for tasks to queue
[2023-07-09T19:16:01.419+0000] {logging_mixin.py:149} INFO - [2023-07-09T19:16:01.419+0000] {dagbag.py:541} INFO - Filling up the DagBag from /home/airflow/.local/lib/python3.7/site-packages/airflow/example_dags/example_short_circuit_decorator.py
[2023-07-09T19:16:01.429+0000] {processor.py:836} INFO - DAG(s) dict_keys(['example_short_circuit_decorator']) retrieved from /home/airflow/.local/lib/python3.7/site-packages/airflow/example_dags/example_short_circuit_decorator.py
[2023-07-09T19:16:01.457+0000] {logging_mixin.py:149} INFO - [2023-07-09T19:16:01.457+0000] {dag.py:2726} INFO - Sync 1 DAGs
[2023-07-09T19:16:01.482+0000] {logging_mixin.py:149} INFO - [2023-07-09T19:16:01.482+0000] {dag.py:3490} INFO - Setting next_dagrun for example_short_circuit_decorator to 2023-07-08T19:16:01.481814+00:00, run_after=2023-07-09T19:16:01.481814+00:00
[2023-07-09T19:16:01.504+0000] {processor.py:179} INFO - Processing /home/airflow/.local/lib/python3.7/site-packages/airflow/example_dags/example_short_circuit_decorator.py took 0.091 seconds
[2023-07-09T19:16:31.697+0000] {processor.py:157} INFO - Started process (PID=1960) to work on /home/airflow/.local/lib/python3.7/site-packages/airflow/example_dags/example_short_circuit_decorator.py
[2023-07-09T19:16:31.698+0000] {processor.py:826} INFO - Processing file /home/airflow/.local/lib/python3.7/site-packages/airflow/example_dags/example_short_circuit_decorator.py for tasks to queue
[2023-07-09T19:16:31.699+0000] {logging_mixin.py:149} INFO - [2023-07-09T19:16:31.699+0000] {dagbag.py:541} INFO - Filling up the DagBag from /home/airflow/.local/lib/python3.7/site-packages/airflow/example_dags/example_short_circuit_decorator.py
[2023-07-09T19:16:31.710+0000] {processor.py:836} INFO - DAG(s) dict_keys(['example_short_circuit_decorator']) retrieved from /home/airflow/.local/lib/python3.7/site-packages/airflow/example_dags/example_short_circuit_decorator.py
[2023-07-09T19:16:31.738+0000] {logging_mixin.py:149} INFO - [2023-07-09T19:16:31.738+0000] {dag.py:2726} INFO - Sync 1 DAGs
[2023-07-09T19:16:31.762+0000] {logging_mixin.py:149} INFO - [2023-07-09T19:16:31.762+0000] {dag.py:3490} INFO - Setting next_dagrun for example_short_circuit_decorator to 2023-07-08T19:16:31.761925+00:00, run_after=2023-07-09T19:16:31.761925+00:00
[2023-07-09T19:16:31.784+0000] {processor.py:179} INFO - Processing /home/airflow/.local/lib/python3.7/site-packages/airflow/example_dags/example_short_circuit_decorator.py took 0.091 seconds
[2023-07-09T19:17:01.888+0000] {processor.py:157} INFO - Started process (PID=2022) to work on /home/airflow/.local/lib/python3.7/site-packages/airflow/example_dags/example_short_circuit_decorator.py
[2023-07-09T19:17:01.895+0000] {processor.py:826} INFO - Processing file /home/airflow/.local/lib/python3.7/site-packages/airflow/example_dags/example_short_circuit_decorator.py for tasks to queue
[2023-07-09T19:17:01.897+0000] {logging_mixin.py:149} INFO - [2023-07-09T19:17:01.896+0000] {dagbag.py:541} INFO - Filling up the DagBag from /home/airflow/.local/lib/python3.7/site-packages/airflow/example_dags/example_short_circuit_decorator.py
[2023-07-09T19:17:01.935+0000] {processor.py:836} INFO - DAG(s) dict_keys(['example_short_circuit_decorator']) retrieved from /home/airflow/.local/lib/python3.7/site-packages/airflow/example_dags/example_short_circuit_decorator.py
[2023-07-09T19:17:01.996+0000] {logging_mixin.py:149} INFO - [2023-07-09T19:17:01.996+0000] {dag.py:2726} INFO - Sync 1 DAGs
[2023-07-09T19:17:02.074+0000] {logging_mixin.py:149} INFO - [2023-07-09T19:17:02.074+0000] {dag.py:3490} INFO - Setting next_dagrun for example_short_circuit_decorator to 2023-07-08T19:17:02.074400+00:00, run_after=2023-07-09T19:17:02.074400+00:00
[2023-07-09T19:17:02.104+0000] {processor.py:179} INFO - Processing /home/airflow/.local/lib/python3.7/site-packages/airflow/example_dags/example_short_circuit_decorator.py took 0.220 seconds
[2023-07-09T19:17:32.998+0000] {processor.py:157} INFO - Started process (PID=2084) to work on /home/airflow/.local/lib/python3.7/site-packages/airflow/example_dags/example_short_circuit_decorator.py
[2023-07-09T19:17:32.999+0000] {processor.py:826} INFO - Processing file /home/airflow/.local/lib/python3.7/site-packages/airflow/example_dags/example_short_circuit_decorator.py for tasks to queue
[2023-07-09T19:17:33.000+0000] {logging_mixin.py:149} INFO - [2023-07-09T19:17:33.000+0000] {dagbag.py:541} INFO - Filling up the DagBag from /home/airflow/.local/lib/python3.7/site-packages/airflow/example_dags/example_short_circuit_decorator.py
[2023-07-09T19:17:33.008+0000] {processor.py:836} INFO - DAG(s) dict_keys(['example_short_circuit_decorator']) retrieved from /home/airflow/.local/lib/python3.7/site-packages/airflow/example_dags/example_short_circuit_decorator.py
[2023-07-09T19:17:33.034+0000] {logging_mixin.py:149} INFO - [2023-07-09T19:17:33.034+0000] {dag.py:2726} INFO - Sync 1 DAGs
[2023-07-09T19:17:33.058+0000] {logging_mixin.py:149} INFO - [2023-07-09T19:17:33.058+0000] {dag.py:3490} INFO - Setting next_dagrun for example_short_circuit_decorator to 2023-07-08T19:17:33.057918+00:00, run_after=2023-07-09T19:17:33.057918+00:00
[2023-07-09T19:17:33.079+0000] {processor.py:179} INFO - Processing /home/airflow/.local/lib/python3.7/site-packages/airflow/example_dags/example_short_circuit_decorator.py took 0.084 seconds
[2023-07-09T19:18:03.948+0000] {processor.py:157} INFO - Started process (PID=2146) to work on /home/airflow/.local/lib/python3.7/site-packages/airflow/example_dags/example_short_circuit_decorator.py
[2023-07-09T19:18:03.949+0000] {processor.py:826} INFO - Processing file /home/airflow/.local/lib/python3.7/site-packages/airflow/example_dags/example_short_circuit_decorator.py for tasks to queue
[2023-07-09T19:18:03.949+0000] {logging_mixin.py:149} INFO - [2023-07-09T19:18:03.949+0000] {dagbag.py:541} INFO - Filling up the DagBag from /home/airflow/.local/lib/python3.7/site-packages/airflow/example_dags/example_short_circuit_decorator.py
[2023-07-09T19:18:03.958+0000] {processor.py:836} INFO - DAG(s) dict_keys(['example_short_circuit_decorator']) retrieved from /home/airflow/.local/lib/python3.7/site-packages/airflow/example_dags/example_short_circuit_decorator.py
[2023-07-09T19:18:03.991+0000] {logging_mixin.py:149} INFO - [2023-07-09T19:18:03.990+0000] {dag.py:2726} INFO - Sync 1 DAGs
[2023-07-09T19:18:04.018+0000] {logging_mixin.py:149} INFO - [2023-07-09T19:18:04.018+0000] {dag.py:3490} INFO - Setting next_dagrun for example_short_circuit_decorator to 2023-07-08T19:18:04.018503+00:00, run_after=2023-07-09T19:18:04.018503+00:00
[2023-07-09T19:18:04.042+0000] {processor.py:179} INFO - Processing /home/airflow/.local/lib/python3.7/site-packages/airflow/example_dags/example_short_circuit_decorator.py took 0.098 seconds
[2023-07-09T19:18:34.336+0000] {processor.py:157} INFO - Started process (PID=2208) to work on /home/airflow/.local/lib/python3.7/site-packages/airflow/example_dags/example_short_circuit_decorator.py
[2023-07-09T19:18:34.337+0000] {processor.py:826} INFO - Processing file /home/airflow/.local/lib/python3.7/site-packages/airflow/example_dags/example_short_circuit_decorator.py for tasks to queue
[2023-07-09T19:18:34.338+0000] {logging_mixin.py:149} INFO - [2023-07-09T19:18:34.338+0000] {dagbag.py:541} INFO - Filling up the DagBag from /home/airflow/.local/lib/python3.7/site-packages/airflow/example_dags/example_short_circuit_decorator.py
[2023-07-09T19:18:34.348+0000] {processor.py:836} INFO - DAG(s) dict_keys(['example_short_circuit_decorator']) retrieved from /home/airflow/.local/lib/python3.7/site-packages/airflow/example_dags/example_short_circuit_decorator.py
[2023-07-09T19:18:34.375+0000] {logging_mixin.py:149} INFO - [2023-07-09T19:18:34.375+0000] {dag.py:2726} INFO - Sync 1 DAGs
[2023-07-09T19:18:34.401+0000] {logging_mixin.py:149} INFO - [2023-07-09T19:18:34.401+0000] {dag.py:3490} INFO - Setting next_dagrun for example_short_circuit_decorator to 2023-07-08T19:18:34.400916+00:00, run_after=2023-07-09T19:18:34.400916+00:00
[2023-07-09T19:18:34.423+0000] {processor.py:179} INFO - Processing /home/airflow/.local/lib/python3.7/site-packages/airflow/example_dags/example_short_circuit_decorator.py took 0.090 seconds
[2023-07-09T19:19:04.543+0000] {processor.py:157} INFO - Started process (PID=2269) to work on /home/airflow/.local/lib/python3.7/site-packages/airflow/example_dags/example_short_circuit_decorator.py
[2023-07-09T19:19:04.544+0000] {processor.py:826} INFO - Processing file /home/airflow/.local/lib/python3.7/site-packages/airflow/example_dags/example_short_circuit_decorator.py for tasks to queue
[2023-07-09T19:19:04.545+0000] {logging_mixin.py:149} INFO - [2023-07-09T19:19:04.545+0000] {dagbag.py:541} INFO - Filling up the DagBag from /home/airflow/.local/lib/python3.7/site-packages/airflow/example_dags/example_short_circuit_decorator.py
[2023-07-09T19:19:04.553+0000] {processor.py:836} INFO - DAG(s) dict_keys(['example_short_circuit_decorator']) retrieved from /home/airflow/.local/lib/python3.7/site-packages/airflow/example_dags/example_short_circuit_decorator.py
[2023-07-09T19:19:04.578+0000] {logging_mixin.py:149} INFO - [2023-07-09T19:19:04.577+0000] {dag.py:2726} INFO - Sync 1 DAGs
[2023-07-09T19:19:04.601+0000] {logging_mixin.py:149} INFO - [2023-07-09T19:19:04.601+0000] {dag.py:3490} INFO - Setting next_dagrun for example_short_circuit_decorator to 2023-07-08T19:19:04.600979+00:00, run_after=2023-07-09T19:19:04.600979+00:00
[2023-07-09T19:19:04.628+0000] {processor.py:179} INFO - Processing /home/airflow/.local/lib/python3.7/site-packages/airflow/example_dags/example_short_circuit_decorator.py took 0.088 seconds
[2023-07-09T19:19:34.779+0000] {processor.py:157} INFO - Started process (PID=2331) to work on /home/airflow/.local/lib/python3.7/site-packages/airflow/example_dags/example_short_circuit_decorator.py
[2023-07-09T19:19:34.780+0000] {processor.py:826} INFO - Processing file /home/airflow/.local/lib/python3.7/site-packages/airflow/example_dags/example_short_circuit_decorator.py for tasks to queue
[2023-07-09T19:19:34.780+0000] {logging_mixin.py:149} INFO - [2023-07-09T19:19:34.780+0000] {dagbag.py:541} INFO - Filling up the DagBag from /home/airflow/.local/lib/python3.7/site-packages/airflow/example_dags/example_short_circuit_decorator.py
[2023-07-09T19:19:34.789+0000] {processor.py:836} INFO - DAG(s) dict_keys(['example_short_circuit_decorator']) retrieved from /home/airflow/.local/lib/python3.7/site-packages/airflow/example_dags/example_short_circuit_decorator.py
[2023-07-09T19:19:34.812+0000] {logging_mixin.py:149} INFO - [2023-07-09T19:19:34.812+0000] {dag.py:2726} INFO - Sync 1 DAGs
[2023-07-09T19:19:34.835+0000] {logging_mixin.py:149} INFO - [2023-07-09T19:19:34.835+0000] {dag.py:3490} INFO - Setting next_dagrun for example_short_circuit_decorator to 2023-07-08T19:19:34.834930+00:00, run_after=2023-07-09T19:19:34.834930+00:00
[2023-07-09T19:19:34.857+0000] {processor.py:179} INFO - Processing /home/airflow/.local/lib/python3.7/site-packages/airflow/example_dags/example_short_circuit_decorator.py took 0.081 seconds
[2023-07-09T19:20:05.015+0000] {processor.py:157} INFO - Started process (PID=2393) to work on /home/airflow/.local/lib/python3.7/site-packages/airflow/example_dags/example_short_circuit_decorator.py
[2023-07-09T19:20:05.016+0000] {processor.py:826} INFO - Processing file /home/airflow/.local/lib/python3.7/site-packages/airflow/example_dags/example_short_circuit_decorator.py for tasks to queue
[2023-07-09T19:20:05.017+0000] {logging_mixin.py:149} INFO - [2023-07-09T19:20:05.017+0000] {dagbag.py:541} INFO - Filling up the DagBag from /home/airflow/.local/lib/python3.7/site-packages/airflow/example_dags/example_short_circuit_decorator.py
[2023-07-09T19:20:05.025+0000] {processor.py:836} INFO - DAG(s) dict_keys(['example_short_circuit_decorator']) retrieved from /home/airflow/.local/lib/python3.7/site-packages/airflow/example_dags/example_short_circuit_decorator.py
[2023-07-09T19:20:05.049+0000] {logging_mixin.py:149} INFO - [2023-07-09T19:20:05.049+0000] {dag.py:2726} INFO - Sync 1 DAGs
[2023-07-09T19:20:05.070+0000] {logging_mixin.py:149} INFO - [2023-07-09T19:20:05.070+0000] {dag.py:3490} INFO - Setting next_dagrun for example_short_circuit_decorator to 2023-07-08T19:20:05.070370+00:00, run_after=2023-07-09T19:20:05.070370+00:00
[2023-07-09T19:20:05.093+0000] {processor.py:179} INFO - Processing /home/airflow/.local/lib/python3.7/site-packages/airflow/example_dags/example_short_circuit_decorator.py took 0.081 seconds
[2023-07-09T19:20:35.374+0000] {processor.py:157} INFO - Started process (PID=2455) to work on /home/airflow/.local/lib/python3.7/site-packages/airflow/example_dags/example_short_circuit_decorator.py
[2023-07-09T19:20:35.375+0000] {processor.py:826} INFO - Processing file /home/airflow/.local/lib/python3.7/site-packages/airflow/example_dags/example_short_circuit_decorator.py for tasks to queue
[2023-07-09T19:20:35.376+0000] {logging_mixin.py:149} INFO - [2023-07-09T19:20:35.376+0000] {dagbag.py:541} INFO - Filling up the DagBag from /home/airflow/.local/lib/python3.7/site-packages/airflow/example_dags/example_short_circuit_decorator.py
[2023-07-09T19:20:35.384+0000] {processor.py:836} INFO - DAG(s) dict_keys(['example_short_circuit_decorator']) retrieved from /home/airflow/.local/lib/python3.7/site-packages/airflow/example_dags/example_short_circuit_decorator.py
[2023-07-09T19:20:35.411+0000] {logging_mixin.py:149} INFO - [2023-07-09T19:20:35.411+0000] {dag.py:2726} INFO - Sync 1 DAGs
[2023-07-09T19:20:35.439+0000] {logging_mixin.py:149} INFO - [2023-07-09T19:20:35.439+0000] {dag.py:3490} INFO - Setting next_dagrun for example_short_circuit_decorator to 2023-07-08T19:20:35.438860+00:00, run_after=2023-07-09T19:20:35.438860+00:00
[2023-07-09T19:20:35.468+0000] {processor.py:179} INFO - Processing /home/airflow/.local/lib/python3.7/site-packages/airflow/example_dags/example_short_circuit_decorator.py took 0.097 seconds
[2023-07-09T19:21:05.699+0000] {processor.py:157} INFO - Started process (PID=2517) to work on /home/airflow/.local/lib/python3.7/site-packages/airflow/example_dags/example_short_circuit_decorator.py
[2023-07-09T19:21:05.700+0000] {processor.py:826} INFO - Processing file /home/airflow/.local/lib/python3.7/site-packages/airflow/example_dags/example_short_circuit_decorator.py for tasks to queue
[2023-07-09T19:21:05.701+0000] {logging_mixin.py:149} INFO - [2023-07-09T19:21:05.701+0000] {dagbag.py:541} INFO - Filling up the DagBag from /home/airflow/.local/lib/python3.7/site-packages/airflow/example_dags/example_short_circuit_decorator.py
[2023-07-09T19:21:05.709+0000] {processor.py:836} INFO - DAG(s) dict_keys(['example_short_circuit_decorator']) retrieved from /home/airflow/.local/lib/python3.7/site-packages/airflow/example_dags/example_short_circuit_decorator.py
[2023-07-09T19:21:05.734+0000] {logging_mixin.py:149} INFO - [2023-07-09T19:21:05.734+0000] {dag.py:2726} INFO - Sync 1 DAGs
[2023-07-09T19:21:05.757+0000] {logging_mixin.py:149} INFO - [2023-07-09T19:21:05.757+0000] {dag.py:3490} INFO - Setting next_dagrun for example_short_circuit_decorator to 2023-07-08T19:21:05.756864+00:00, run_after=2023-07-09T19:21:05.756864+00:00
[2023-07-09T19:21:05.784+0000] {processor.py:179} INFO - Processing /home/airflow/.local/lib/python3.7/site-packages/airflow/example_dags/example_short_circuit_decorator.py took 0.087 seconds
[2023-07-09T19:21:36.159+0000] {processor.py:157} INFO - Started process (PID=2579) to work on /home/airflow/.local/lib/python3.7/site-packages/airflow/example_dags/example_short_circuit_decorator.py
[2023-07-09T19:21:36.160+0000] {processor.py:826} INFO - Processing file /home/airflow/.local/lib/python3.7/site-packages/airflow/example_dags/example_short_circuit_decorator.py for tasks to queue
[2023-07-09T19:21:36.161+0000] {logging_mixin.py:149} INFO - [2023-07-09T19:21:36.161+0000] {dagbag.py:541} INFO - Filling up the DagBag from /home/airflow/.local/lib/python3.7/site-packages/airflow/example_dags/example_short_circuit_decorator.py
[2023-07-09T19:21:36.171+0000] {processor.py:836} INFO - DAG(s) dict_keys(['example_short_circuit_decorator']) retrieved from /home/airflow/.local/lib/python3.7/site-packages/airflow/example_dags/example_short_circuit_decorator.py
[2023-07-09T19:21:36.200+0000] {logging_mixin.py:149} INFO - [2023-07-09T19:21:36.200+0000] {dag.py:2726} INFO - Sync 1 DAGs
[2023-07-09T19:21:36.234+0000] {logging_mixin.py:149} INFO - [2023-07-09T19:21:36.234+0000] {dag.py:3490} INFO - Setting next_dagrun for example_short_circuit_decorator to 2023-07-08T19:21:36.234125+00:00, run_after=2023-07-09T19:21:36.234125+00:00
[2023-07-09T19:21:36.261+0000] {processor.py:179} INFO - Processing /home/airflow/.local/lib/python3.7/site-packages/airflow/example_dags/example_short_circuit_decorator.py took 0.106 seconds
[2023-07-09T19:22:06.436+0000] {processor.py:157} INFO - Started process (PID=2641) to work on /home/airflow/.local/lib/python3.7/site-packages/airflow/example_dags/example_short_circuit_decorator.py
[2023-07-09T19:22:06.437+0000] {processor.py:826} INFO - Processing file /home/airflow/.local/lib/python3.7/site-packages/airflow/example_dags/example_short_circuit_decorator.py for tasks to queue
[2023-07-09T19:22:06.438+0000] {logging_mixin.py:149} INFO - [2023-07-09T19:22:06.438+0000] {dagbag.py:541} INFO - Filling up the DagBag from /home/airflow/.local/lib/python3.7/site-packages/airflow/example_dags/example_short_circuit_decorator.py
[2023-07-09T19:22:06.447+0000] {processor.py:836} INFO - DAG(s) dict_keys(['example_short_circuit_decorator']) retrieved from /home/airflow/.local/lib/python3.7/site-packages/airflow/example_dags/example_short_circuit_decorator.py
[2023-07-09T19:22:06.471+0000] {logging_mixin.py:149} INFO - [2023-07-09T19:22:06.471+0000] {dag.py:2726} INFO - Sync 1 DAGs
[2023-07-09T19:22:06.494+0000] {logging_mixin.py:149} INFO - [2023-07-09T19:22:06.493+0000] {dag.py:3490} INFO - Setting next_dagrun for example_short_circuit_decorator to 2023-07-08T19:22:06.493637+00:00, run_after=2023-07-09T19:22:06.493637+00:00
[2023-07-09T19:22:06.517+0000] {processor.py:179} INFO - Processing /home/airflow/.local/lib/python3.7/site-packages/airflow/example_dags/example_short_circuit_decorator.py took 0.083 seconds
[2023-07-09T19:22:36.698+0000] {processor.py:157} INFO - Started process (PID=2703) to work on /home/airflow/.local/lib/python3.7/site-packages/airflow/example_dags/example_short_circuit_decorator.py
[2023-07-09T19:22:36.699+0000] {processor.py:826} INFO - Processing file /home/airflow/.local/lib/python3.7/site-packages/airflow/example_dags/example_short_circuit_decorator.py for tasks to queue
[2023-07-09T19:22:36.700+0000] {logging_mixin.py:149} INFO - [2023-07-09T19:22:36.700+0000] {dagbag.py:541} INFO - Filling up the DagBag from /home/airflow/.local/lib/python3.7/site-packages/airflow/example_dags/example_short_circuit_decorator.py
[2023-07-09T19:22:36.708+0000] {processor.py:836} INFO - DAG(s) dict_keys(['example_short_circuit_decorator']) retrieved from /home/airflow/.local/lib/python3.7/site-packages/airflow/example_dags/example_short_circuit_decorator.py
[2023-07-09T19:22:36.732+0000] {logging_mixin.py:149} INFO - [2023-07-09T19:22:36.732+0000] {dag.py:2726} INFO - Sync 1 DAGs
[2023-07-09T19:22:36.753+0000] {logging_mixin.py:149} INFO - [2023-07-09T19:22:36.753+0000] {dag.py:3490} INFO - Setting next_dagrun for example_short_circuit_decorator to 2023-07-08T19:22:36.753448+00:00, run_after=2023-07-09T19:22:36.753448+00:00
[2023-07-09T19:22:36.783+0000] {processor.py:179} INFO - Processing /home/airflow/.local/lib/python3.7/site-packages/airflow/example_dags/example_short_circuit_decorator.py took 0.088 seconds
[2023-07-09T19:23:06.894+0000] {processor.py:157} INFO - Started process (PID=2765) to work on /home/airflow/.local/lib/python3.7/site-packages/airflow/example_dags/example_short_circuit_decorator.py
[2023-07-09T19:23:06.895+0000] {processor.py:826} INFO - Processing file /home/airflow/.local/lib/python3.7/site-packages/airflow/example_dags/example_short_circuit_decorator.py for tasks to queue
[2023-07-09T19:23:06.896+0000] {logging_mixin.py:149} INFO - [2023-07-09T19:23:06.896+0000] {dagbag.py:541} INFO - Filling up the DagBag from /home/airflow/.local/lib/python3.7/site-packages/airflow/example_dags/example_short_circuit_decorator.py
[2023-07-09T19:23:06.910+0000] {processor.py:836} INFO - DAG(s) dict_keys(['example_short_circuit_decorator']) retrieved from /home/airflow/.local/lib/python3.7/site-packages/airflow/example_dags/example_short_circuit_decorator.py
[2023-07-09T19:23:06.938+0000] {logging_mixin.py:149} INFO - [2023-07-09T19:23:06.937+0000] {dag.py:2726} INFO - Sync 1 DAGs
[2023-07-09T19:23:06.968+0000] {logging_mixin.py:149} INFO - [2023-07-09T19:23:06.967+0000] {dag.py:3490} INFO - Setting next_dagrun for example_short_circuit_decorator to 2023-07-08T19:23:06.967713+00:00, run_after=2023-07-09T19:23:06.967713+00:00
[2023-07-09T19:23:06.991+0000] {processor.py:179} INFO - Processing /home/airflow/.local/lib/python3.7/site-packages/airflow/example_dags/example_short_circuit_decorator.py took 0.101 seconds
[2023-07-09T19:23:37.187+0000] {processor.py:157} INFO - Started process (PID=2828) to work on /home/airflow/.local/lib/python3.7/site-packages/airflow/example_dags/example_short_circuit_decorator.py
[2023-07-09T19:23:37.188+0000] {processor.py:826} INFO - Processing file /home/airflow/.local/lib/python3.7/site-packages/airflow/example_dags/example_short_circuit_decorator.py for tasks to queue
[2023-07-09T19:23:37.189+0000] {logging_mixin.py:149} INFO - [2023-07-09T19:23:37.189+0000] {dagbag.py:541} INFO - Filling up the DagBag from /home/airflow/.local/lib/python3.7/site-packages/airflow/example_dags/example_short_circuit_decorator.py
[2023-07-09T19:23:37.198+0000] {processor.py:836} INFO - DAG(s) dict_keys(['example_short_circuit_decorator']) retrieved from /home/airflow/.local/lib/python3.7/site-packages/airflow/example_dags/example_short_circuit_decorator.py
[2023-07-09T19:23:37.221+0000] {logging_mixin.py:149} INFO - [2023-07-09T19:23:37.221+0000] {dag.py:2726} INFO - Sync 1 DAGs
[2023-07-09T19:23:37.244+0000] {logging_mixin.py:149} INFO - [2023-07-09T19:23:37.244+0000] {dag.py:3490} INFO - Setting next_dagrun for example_short_circuit_decorator to 2023-07-08T19:23:37.244337+00:00, run_after=2023-07-09T19:23:37.244337+00:00
[2023-07-09T19:23:37.274+0000] {processor.py:179} INFO - Processing /home/airflow/.local/lib/python3.7/site-packages/airflow/example_dags/example_short_circuit_decorator.py took 0.089 seconds
[2023-07-09T19:24:07.531+0000] {processor.py:157} INFO - Started process (PID=2890) to work on /home/airflow/.local/lib/python3.7/site-packages/airflow/example_dags/example_short_circuit_decorator.py
[2023-07-09T19:24:07.532+0000] {processor.py:826} INFO - Processing file /home/airflow/.local/lib/python3.7/site-packages/airflow/example_dags/example_short_circuit_decorator.py for tasks to queue
[2023-07-09T19:24:07.533+0000] {logging_mixin.py:149} INFO - [2023-07-09T19:24:07.533+0000] {dagbag.py:541} INFO - Filling up the DagBag from /home/airflow/.local/lib/python3.7/site-packages/airflow/example_dags/example_short_circuit_decorator.py
[2023-07-09T19:24:07.541+0000] {processor.py:836} INFO - DAG(s) dict_keys(['example_short_circuit_decorator']) retrieved from /home/airflow/.local/lib/python3.7/site-packages/airflow/example_dags/example_short_circuit_decorator.py
[2023-07-09T19:24:07.565+0000] {logging_mixin.py:149} INFO - [2023-07-09T19:24:07.565+0000] {dag.py:2726} INFO - Sync 1 DAGs
[2023-07-09T19:24:07.586+0000] {logging_mixin.py:149} INFO - [2023-07-09T19:24:07.586+0000] {dag.py:3490} INFO - Setting next_dagrun for example_short_circuit_decorator to 2023-07-08T19:24:07.585862+00:00, run_after=2023-07-09T19:24:07.585862+00:00
[2023-07-09T19:24:07.614+0000] {processor.py:179} INFO - Processing /home/airflow/.local/lib/python3.7/site-packages/airflow/example_dags/example_short_circuit_decorator.py took 0.086 seconds
[2023-07-09T19:24:37.834+0000] {processor.py:157} INFO - Started process (PID=2952) to work on /home/airflow/.local/lib/python3.7/site-packages/airflow/example_dags/example_short_circuit_decorator.py
[2023-07-09T19:24:37.835+0000] {processor.py:826} INFO - Processing file /home/airflow/.local/lib/python3.7/site-packages/airflow/example_dags/example_short_circuit_decorator.py for tasks to queue
[2023-07-09T19:24:37.836+0000] {logging_mixin.py:149} INFO - [2023-07-09T19:24:37.836+0000] {dagbag.py:541} INFO - Filling up the DagBag from /home/airflow/.local/lib/python3.7/site-packages/airflow/example_dags/example_short_circuit_decorator.py
[2023-07-09T19:24:37.844+0000] {processor.py:836} INFO - DAG(s) dict_keys(['example_short_circuit_decorator']) retrieved from /home/airflow/.local/lib/python3.7/site-packages/airflow/example_dags/example_short_circuit_decorator.py
[2023-07-09T19:24:37.868+0000] {logging_mixin.py:149} INFO - [2023-07-09T19:24:37.868+0000] {dag.py:2726} INFO - Sync 1 DAGs
[2023-07-09T19:24:37.890+0000] {logging_mixin.py:149} INFO - [2023-07-09T19:24:37.890+0000] {dag.py:3490} INFO - Setting next_dagrun for example_short_circuit_decorator to 2023-07-08T19:24:37.890496+00:00, run_after=2023-07-09T19:24:37.890496+00:00
[2023-07-09T19:24:37.919+0000] {processor.py:179} INFO - Processing /home/airflow/.local/lib/python3.7/site-packages/airflow/example_dags/example_short_circuit_decorator.py took 0.088 seconds
[2023-07-09T19:25:08.038+0000] {processor.py:157} INFO - Started process (PID=3014) to work on /home/airflow/.local/lib/python3.7/site-packages/airflow/example_dags/example_short_circuit_decorator.py
[2023-07-09T19:25:08.040+0000] {processor.py:826} INFO - Processing file /home/airflow/.local/lib/python3.7/site-packages/airflow/example_dags/example_short_circuit_decorator.py for tasks to queue
[2023-07-09T19:25:08.040+0000] {logging_mixin.py:149} INFO - [2023-07-09T19:25:08.040+0000] {dagbag.py:541} INFO - Filling up the DagBag from /home/airflow/.local/lib/python3.7/site-packages/airflow/example_dags/example_short_circuit_decorator.py
[2023-07-09T19:25:08.049+0000] {processor.py:836} INFO - DAG(s) dict_keys(['example_short_circuit_decorator']) retrieved from /home/airflow/.local/lib/python3.7/site-packages/airflow/example_dags/example_short_circuit_decorator.py
[2023-07-09T19:25:08.073+0000] {logging_mixin.py:149} INFO - [2023-07-09T19:25:08.073+0000] {dag.py:2726} INFO - Sync 1 DAGs
[2023-07-09T19:25:08.096+0000] {logging_mixin.py:149} INFO - [2023-07-09T19:25:08.095+0000] {dag.py:3490} INFO - Setting next_dagrun for example_short_circuit_decorator to 2023-07-08T19:25:08.095702+00:00, run_after=2023-07-09T19:25:08.095702+00:00
[2023-07-09T19:25:08.122+0000] {processor.py:179} INFO - Processing /home/airflow/.local/lib/python3.7/site-packages/airflow/example_dags/example_short_circuit_decorator.py took 0.087 seconds
[2023-07-09T19:25:38.677+0000] {processor.py:157} INFO - Started process (PID=3076) to work on /home/airflow/.local/lib/python3.7/site-packages/airflow/example_dags/example_short_circuit_decorator.py
[2023-07-09T19:25:38.678+0000] {processor.py:826} INFO - Processing file /home/airflow/.local/lib/python3.7/site-packages/airflow/example_dags/example_short_circuit_decorator.py for tasks to queue
[2023-07-09T19:25:38.679+0000] {logging_mixin.py:149} INFO - [2023-07-09T19:25:38.679+0000] {dagbag.py:541} INFO - Filling up the DagBag from /home/airflow/.local/lib/python3.7/site-packages/airflow/example_dags/example_short_circuit_decorator.py
[2023-07-09T19:25:38.688+0000] {processor.py:836} INFO - DAG(s) dict_keys(['example_short_circuit_decorator']) retrieved from /home/airflow/.local/lib/python3.7/site-packages/airflow/example_dags/example_short_circuit_decorator.py
[2023-07-09T19:25:38.713+0000] {logging_mixin.py:149} INFO - [2023-07-09T19:25:38.713+0000] {dag.py:2726} INFO - Sync 1 DAGs
[2023-07-09T19:25:38.735+0000] {logging_mixin.py:149} INFO - [2023-07-09T19:25:38.735+0000] {dag.py:3490} INFO - Setting next_dagrun for example_short_circuit_decorator to 2023-07-08T19:25:38.735087+00:00, run_after=2023-07-09T19:25:38.735087+00:00
[2023-07-09T19:25:38.758+0000] {processor.py:179} INFO - Processing /home/airflow/.local/lib/python3.7/site-packages/airflow/example_dags/example_short_circuit_decorator.py took 0.084 seconds
[2023-07-09T19:26:09.183+0000] {processor.py:157} INFO - Started process (PID=3138) to work on /home/airflow/.local/lib/python3.7/site-packages/airflow/example_dags/example_short_circuit_decorator.py
[2023-07-09T19:26:09.184+0000] {processor.py:826} INFO - Processing file /home/airflow/.local/lib/python3.7/site-packages/airflow/example_dags/example_short_circuit_decorator.py for tasks to queue
[2023-07-09T19:26:09.185+0000] {logging_mixin.py:149} INFO - [2023-07-09T19:26:09.185+0000] {dagbag.py:541} INFO - Filling up the DagBag from /home/airflow/.local/lib/python3.7/site-packages/airflow/example_dags/example_short_circuit_decorator.py
[2023-07-09T19:26:09.194+0000] {processor.py:836} INFO - DAG(s) dict_keys(['example_short_circuit_decorator']) retrieved from /home/airflow/.local/lib/python3.7/site-packages/airflow/example_dags/example_short_circuit_decorator.py
[2023-07-09T19:26:09.220+0000] {logging_mixin.py:149} INFO - [2023-07-09T19:26:09.219+0000] {dag.py:2726} INFO - Sync 1 DAGs
[2023-07-09T19:26:09.242+0000] {logging_mixin.py:149} INFO - [2023-07-09T19:26:09.241+0000] {dag.py:3490} INFO - Setting next_dagrun for example_short_circuit_decorator to 2023-07-08T19:26:09.241718+00:00, run_after=2023-07-09T19:26:09.241718+00:00
[2023-07-09T19:26:09.270+0000] {processor.py:179} INFO - Processing /home/airflow/.local/lib/python3.7/site-packages/airflow/example_dags/example_short_circuit_decorator.py took 0.090 seconds
[2023-07-09T19:26:39.844+0000] {processor.py:157} INFO - Started process (PID=3200) to work on /home/airflow/.local/lib/python3.7/site-packages/airflow/example_dags/example_short_circuit_decorator.py
[2023-07-09T19:26:39.845+0000] {processor.py:826} INFO - Processing file /home/airflow/.local/lib/python3.7/site-packages/airflow/example_dags/example_short_circuit_decorator.py for tasks to queue
[2023-07-09T19:26:39.846+0000] {logging_mixin.py:149} INFO - [2023-07-09T19:26:39.846+0000] {dagbag.py:541} INFO - Filling up the DagBag from /home/airflow/.local/lib/python3.7/site-packages/airflow/example_dags/example_short_circuit_decorator.py
[2023-07-09T19:26:39.855+0000] {processor.py:836} INFO - DAG(s) dict_keys(['example_short_circuit_decorator']) retrieved from /home/airflow/.local/lib/python3.7/site-packages/airflow/example_dags/example_short_circuit_decorator.py
[2023-07-09T19:26:39.883+0000] {logging_mixin.py:149} INFO - [2023-07-09T19:26:39.883+0000] {dag.py:2726} INFO - Sync 1 DAGs
[2023-07-09T19:26:39.912+0000] {logging_mixin.py:149} INFO - [2023-07-09T19:26:39.912+0000] {dag.py:3490} INFO - Setting next_dagrun for example_short_circuit_decorator to 2023-07-08T19:26:39.911888+00:00, run_after=2023-07-09T19:26:39.911888+00:00
[2023-07-09T19:26:39.939+0000] {processor.py:179} INFO - Processing /home/airflow/.local/lib/python3.7/site-packages/airflow/example_dags/example_short_circuit_decorator.py took 0.098 seconds
[2023-07-09T19:27:10.304+0000] {processor.py:157} INFO - Started process (PID=3262) to work on /home/airflow/.local/lib/python3.7/site-packages/airflow/example_dags/example_short_circuit_decorator.py
[2023-07-09T19:27:10.305+0000] {processor.py:826} INFO - Processing file /home/airflow/.local/lib/python3.7/site-packages/airflow/example_dags/example_short_circuit_decorator.py for tasks to queue
[2023-07-09T19:27:10.306+0000] {logging_mixin.py:149} INFO - [2023-07-09T19:27:10.306+0000] {dagbag.py:541} INFO - Filling up the DagBag from /home/airflow/.local/lib/python3.7/site-packages/airflow/example_dags/example_short_circuit_decorator.py
[2023-07-09T19:27:10.315+0000] {processor.py:836} INFO - DAG(s) dict_keys(['example_short_circuit_decorator']) retrieved from /home/airflow/.local/lib/python3.7/site-packages/airflow/example_dags/example_short_circuit_decorator.py
[2023-07-09T19:27:10.341+0000] {logging_mixin.py:149} INFO - [2023-07-09T19:27:10.341+0000] {dag.py:2726} INFO - Sync 1 DAGs
[2023-07-09T19:27:10.366+0000] {logging_mixin.py:149} INFO - [2023-07-09T19:27:10.366+0000] {dag.py:3490} INFO - Setting next_dagrun for example_short_circuit_decorator to 2023-07-08T19:27:10.366321+00:00, run_after=2023-07-09T19:27:10.366321+00:00
[2023-07-09T19:27:10.388+0000] {processor.py:179} INFO - Processing /home/airflow/.local/lib/python3.7/site-packages/airflow/example_dags/example_short_circuit_decorator.py took 0.087 seconds
[2023-07-09T19:27:40.974+0000] {processor.py:157} INFO - Started process (PID=3325) to work on /home/airflow/.local/lib/python3.7/site-packages/airflow/example_dags/example_short_circuit_decorator.py
[2023-07-09T19:27:40.976+0000] {processor.py:826} INFO - Processing file /home/airflow/.local/lib/python3.7/site-packages/airflow/example_dags/example_short_circuit_decorator.py for tasks to queue
[2023-07-09T19:27:40.977+0000] {logging_mixin.py:149} INFO - [2023-07-09T19:27:40.977+0000] {dagbag.py:541} INFO - Filling up the DagBag from /home/airflow/.local/lib/python3.7/site-packages/airflow/example_dags/example_short_circuit_decorator.py
[2023-07-09T19:27:40.987+0000] {processor.py:836} INFO - DAG(s) dict_keys(['example_short_circuit_decorator']) retrieved from /home/airflow/.local/lib/python3.7/site-packages/airflow/example_dags/example_short_circuit_decorator.py
[2023-07-09T19:27:41.016+0000] {logging_mixin.py:149} INFO - [2023-07-09T19:27:41.016+0000] {dag.py:2726} INFO - Sync 1 DAGs
[2023-07-09T19:27:41.041+0000] {logging_mixin.py:149} INFO - [2023-07-09T19:27:41.041+0000] {dag.py:3490} INFO - Setting next_dagrun for example_short_circuit_decorator to 2023-07-08T19:27:41.041043+00:00, run_after=2023-07-09T19:27:41.041043+00:00
[2023-07-09T19:27:41.067+0000] {processor.py:179} INFO - Processing /home/airflow/.local/lib/python3.7/site-packages/airflow/example_dags/example_short_circuit_decorator.py took 0.095 seconds
[2023-07-09T19:28:11.605+0000] {processor.py:157} INFO - Started process (PID=3387) to work on /home/airflow/.local/lib/python3.7/site-packages/airflow/example_dags/example_short_circuit_decorator.py
[2023-07-09T19:28:11.606+0000] {processor.py:826} INFO - Processing file /home/airflow/.local/lib/python3.7/site-packages/airflow/example_dags/example_short_circuit_decorator.py for tasks to queue
[2023-07-09T19:28:11.607+0000] {logging_mixin.py:149} INFO - [2023-07-09T19:28:11.607+0000] {dagbag.py:541} INFO - Filling up the DagBag from /home/airflow/.local/lib/python3.7/site-packages/airflow/example_dags/example_short_circuit_decorator.py
[2023-07-09T19:28:11.619+0000] {processor.py:836} INFO - DAG(s) dict_keys(['example_short_circuit_decorator']) retrieved from /home/airflow/.local/lib/python3.7/site-packages/airflow/example_dags/example_short_circuit_decorator.py
[2023-07-09T19:28:11.646+0000] {logging_mixin.py:149} INFO - [2023-07-09T19:28:11.645+0000] {dag.py:2726} INFO - Sync 1 DAGs
[2023-07-09T19:28:11.668+0000] {logging_mixin.py:149} INFO - [2023-07-09T19:28:11.668+0000] {dag.py:3490} INFO - Setting next_dagrun for example_short_circuit_decorator to 2023-07-08T19:28:11.668601+00:00, run_after=2023-07-09T19:28:11.668601+00:00
[2023-07-09T19:28:11.691+0000] {processor.py:179} INFO - Processing /home/airflow/.local/lib/python3.7/site-packages/airflow/example_dags/example_short_circuit_decorator.py took 0.090 seconds
[2023-07-09T19:28:42.078+0000] {processor.py:157} INFO - Started process (PID=3449) to work on /home/airflow/.local/lib/python3.7/site-packages/airflow/example_dags/example_short_circuit_decorator.py
[2023-07-09T19:28:42.079+0000] {processor.py:826} INFO - Processing file /home/airflow/.local/lib/python3.7/site-packages/airflow/example_dags/example_short_circuit_decorator.py for tasks to queue
[2023-07-09T19:28:42.079+0000] {logging_mixin.py:149} INFO - [2023-07-09T19:28:42.079+0000] {dagbag.py:541} INFO - Filling up the DagBag from /home/airflow/.local/lib/python3.7/site-packages/airflow/example_dags/example_short_circuit_decorator.py
[2023-07-09T19:28:42.090+0000] {processor.py:836} INFO - DAG(s) dict_keys(['example_short_circuit_decorator']) retrieved from /home/airflow/.local/lib/python3.7/site-packages/airflow/example_dags/example_short_circuit_decorator.py
[2023-07-09T19:28:42.112+0000] {logging_mixin.py:149} INFO - [2023-07-09T19:28:42.112+0000] {dag.py:2726} INFO - Sync 1 DAGs
[2023-07-09T19:28:42.137+0000] {logging_mixin.py:149} INFO - [2023-07-09T19:28:42.137+0000] {dag.py:3490} INFO - Setting next_dagrun for example_short_circuit_decorator to 2023-07-08T19:28:42.136853+00:00, run_after=2023-07-09T19:28:42.136853+00:00
[2023-07-09T19:28:42.159+0000] {processor.py:179} INFO - Processing /home/airflow/.local/lib/python3.7/site-packages/airflow/example_dags/example_short_circuit_decorator.py took 0.084 seconds
[2023-07-09T19:29:12.683+0000] {processor.py:157} INFO - Started process (PID=3511) to work on /home/airflow/.local/lib/python3.7/site-packages/airflow/example_dags/example_short_circuit_decorator.py
[2023-07-09T19:29:12.684+0000] {processor.py:826} INFO - Processing file /home/airflow/.local/lib/python3.7/site-packages/airflow/example_dags/example_short_circuit_decorator.py for tasks to queue
[2023-07-09T19:29:12.685+0000] {logging_mixin.py:149} INFO - [2023-07-09T19:29:12.685+0000] {dagbag.py:541} INFO - Filling up the DagBag from /home/airflow/.local/lib/python3.7/site-packages/airflow/example_dags/example_short_circuit_decorator.py
[2023-07-09T19:29:12.695+0000] {processor.py:836} INFO - DAG(s) dict_keys(['example_short_circuit_decorator']) retrieved from /home/airflow/.local/lib/python3.7/site-packages/airflow/example_dags/example_short_circuit_decorator.py
[2023-07-09T19:29:12.719+0000] {logging_mixin.py:149} INFO - [2023-07-09T19:29:12.719+0000] {dag.py:2726} INFO - Sync 1 DAGs
[2023-07-09T19:29:12.741+0000] {logging_mixin.py:149} INFO - [2023-07-09T19:29:12.741+0000] {dag.py:3490} INFO - Setting next_dagrun for example_short_circuit_decorator to 2023-07-08T19:29:12.740893+00:00, run_after=2023-07-09T19:29:12.740893+00:00
[2023-07-09T19:29:12.763+0000] {processor.py:179} INFO - Processing /home/airflow/.local/lib/python3.7/site-packages/airflow/example_dags/example_short_circuit_decorator.py took 0.083 seconds
[2023-07-09T19:29:43.305+0000] {processor.py:157} INFO - Started process (PID=3573) to work on /home/airflow/.local/lib/python3.7/site-packages/airflow/example_dags/example_short_circuit_decorator.py
[2023-07-09T19:29:43.307+0000] {processor.py:826} INFO - Processing file /home/airflow/.local/lib/python3.7/site-packages/airflow/example_dags/example_short_circuit_decorator.py for tasks to queue
[2023-07-09T19:29:43.308+0000] {logging_mixin.py:149} INFO - [2023-07-09T19:29:43.308+0000] {dagbag.py:541} INFO - Filling up the DagBag from /home/airflow/.local/lib/python3.7/site-packages/airflow/example_dags/example_short_circuit_decorator.py
[2023-07-09T19:29:43.319+0000] {processor.py:836} INFO - DAG(s) dict_keys(['example_short_circuit_decorator']) retrieved from /home/airflow/.local/lib/python3.7/site-packages/airflow/example_dags/example_short_circuit_decorator.py
[2023-07-09T19:29:43.351+0000] {logging_mixin.py:149} INFO - [2023-07-09T19:29:43.351+0000] {dag.py:2726} INFO - Sync 1 DAGs
[2023-07-09T19:29:43.378+0000] {logging_mixin.py:149} INFO - [2023-07-09T19:29:43.378+0000] {dag.py:3490} INFO - Setting next_dagrun for example_short_circuit_decorator to 2023-07-08T19:29:43.378099+00:00, run_after=2023-07-09T19:29:43.378099+00:00
[2023-07-09T19:29:43.405+0000] {processor.py:179} INFO - Processing /home/airflow/.local/lib/python3.7/site-packages/airflow/example_dags/example_short_circuit_decorator.py took 0.103 seconds
[2023-07-09T19:30:13.917+0000] {processor.py:157} INFO - Started process (PID=3642) to work on /home/airflow/.local/lib/python3.7/site-packages/airflow/example_dags/example_short_circuit_decorator.py
[2023-07-09T19:30:13.918+0000] {processor.py:826} INFO - Processing file /home/airflow/.local/lib/python3.7/site-packages/airflow/example_dags/example_short_circuit_decorator.py for tasks to queue
[2023-07-09T19:30:13.919+0000] {logging_mixin.py:149} INFO - [2023-07-09T19:30:13.919+0000] {dagbag.py:541} INFO - Filling up the DagBag from /home/airflow/.local/lib/python3.7/site-packages/airflow/example_dags/example_short_circuit_decorator.py
[2023-07-09T19:30:13.928+0000] {processor.py:836} INFO - DAG(s) dict_keys(['example_short_circuit_decorator']) retrieved from /home/airflow/.local/lib/python3.7/site-packages/airflow/example_dags/example_short_circuit_decorator.py
[2023-07-09T19:30:13.954+0000] {logging_mixin.py:149} INFO - [2023-07-09T19:30:13.954+0000] {dag.py:2726} INFO - Sync 1 DAGs
[2023-07-09T19:30:13.979+0000] {logging_mixin.py:149} INFO - [2023-07-09T19:30:13.979+0000] {dag.py:3490} INFO - Setting next_dagrun for example_short_circuit_decorator to 2023-07-08T19:30:13.978908+00:00, run_after=2023-07-09T19:30:13.978908+00:00
[2023-07-09T19:30:14.001+0000] {processor.py:179} INFO - Processing /home/airflow/.local/lib/python3.7/site-packages/airflow/example_dags/example_short_circuit_decorator.py took 0.086 seconds
[2023-07-09T19:30:44.210+0000] {processor.py:157} INFO - Started process (PID=3704) to work on /home/airflow/.local/lib/python3.7/site-packages/airflow/example_dags/example_short_circuit_decorator.py
[2023-07-09T19:30:44.211+0000] {processor.py:826} INFO - Processing file /home/airflow/.local/lib/python3.7/site-packages/airflow/example_dags/example_short_circuit_decorator.py for tasks to queue
[2023-07-09T19:30:44.212+0000] {logging_mixin.py:149} INFO - [2023-07-09T19:30:44.212+0000] {dagbag.py:541} INFO - Filling up the DagBag from /home/airflow/.local/lib/python3.7/site-packages/airflow/example_dags/example_short_circuit_decorator.py
[2023-07-09T19:30:44.221+0000] {processor.py:836} INFO - DAG(s) dict_keys(['example_short_circuit_decorator']) retrieved from /home/airflow/.local/lib/python3.7/site-packages/airflow/example_dags/example_short_circuit_decorator.py
[2023-07-09T19:30:44.249+0000] {logging_mixin.py:149} INFO - [2023-07-09T19:30:44.248+0000] {dag.py:2726} INFO - Sync 1 DAGs
[2023-07-09T19:30:44.282+0000] {logging_mixin.py:149} INFO - [2023-07-09T19:30:44.281+0000] {dag.py:3490} INFO - Setting next_dagrun for example_short_circuit_decorator to 2023-07-08T19:30:44.281377+00:00, run_after=2023-07-09T19:30:44.281377+00:00
[2023-07-09T19:30:44.315+0000] {processor.py:179} INFO - Processing /home/airflow/.local/lib/python3.7/site-packages/airflow/example_dags/example_short_circuit_decorator.py took 0.108 seconds
[2023-07-09T19:31:15.037+0000] {processor.py:157} INFO - Started process (PID=3757) to work on /home/airflow/.local/lib/python3.7/site-packages/airflow/example_dags/example_short_circuit_decorator.py
[2023-07-09T19:31:15.039+0000] {processor.py:826} INFO - Processing file /home/airflow/.local/lib/python3.7/site-packages/airflow/example_dags/example_short_circuit_decorator.py for tasks to queue
[2023-07-09T19:31:15.040+0000] {logging_mixin.py:149} INFO - [2023-07-09T19:31:15.040+0000] {dagbag.py:541} INFO - Filling up the DagBag from /home/airflow/.local/lib/python3.7/site-packages/airflow/example_dags/example_short_circuit_decorator.py
[2023-07-09T19:31:15.049+0000] {processor.py:836} INFO - DAG(s) dict_keys(['example_short_circuit_decorator']) retrieved from /home/airflow/.local/lib/python3.7/site-packages/airflow/example_dags/example_short_circuit_decorator.py
[2023-07-09T19:31:15.075+0000] {logging_mixin.py:149} INFO - [2023-07-09T19:31:15.075+0000] {dag.py:2726} INFO - Sync 1 DAGs
[2023-07-09T19:31:15.098+0000] {logging_mixin.py:149} INFO - [2023-07-09T19:31:15.098+0000] {dag.py:3490} INFO - Setting next_dagrun for example_short_circuit_decorator to 2023-07-08T19:31:15.097981+00:00, run_after=2023-07-09T19:31:15.097981+00:00
[2023-07-09T19:31:15.120+0000] {processor.py:179} INFO - Processing /home/airflow/.local/lib/python3.7/site-packages/airflow/example_dags/example_short_circuit_decorator.py took 0.086 seconds
[2023-07-09T19:31:45.522+0000] {processor.py:157} INFO - Started process (PID=3819) to work on /home/airflow/.local/lib/python3.7/site-packages/airflow/example_dags/example_short_circuit_decorator.py
[2023-07-09T19:31:45.523+0000] {processor.py:826} INFO - Processing file /home/airflow/.local/lib/python3.7/site-packages/airflow/example_dags/example_short_circuit_decorator.py for tasks to queue
[2023-07-09T19:31:45.524+0000] {logging_mixin.py:149} INFO - [2023-07-09T19:31:45.524+0000] {dagbag.py:541} INFO - Filling up the DagBag from /home/airflow/.local/lib/python3.7/site-packages/airflow/example_dags/example_short_circuit_decorator.py
[2023-07-09T19:31:45.534+0000] {processor.py:836} INFO - DAG(s) dict_keys(['example_short_circuit_decorator']) retrieved from /home/airflow/.local/lib/python3.7/site-packages/airflow/example_dags/example_short_circuit_decorator.py
[2023-07-09T19:31:45.614+0000] {logging_mixin.py:149} INFO - [2023-07-09T19:31:45.614+0000] {dag.py:2726} INFO - Sync 1 DAGs
[2023-07-09T19:31:45.641+0000] {logging_mixin.py:149} INFO - [2023-07-09T19:31:45.641+0000] {dag.py:3490} INFO - Setting next_dagrun for example_short_circuit_decorator to 2023-07-08T19:31:45.641001+00:00, run_after=2023-07-09T19:31:45.641001+00:00
[2023-07-09T19:31:45.664+0000] {processor.py:179} INFO - Processing /home/airflow/.local/lib/python3.7/site-packages/airflow/example_dags/example_short_circuit_decorator.py took 0.145 seconds
[2023-07-09T19:32:15.794+0000] {processor.py:157} INFO - Started process (PID=3881) to work on /home/airflow/.local/lib/python3.7/site-packages/airflow/example_dags/example_short_circuit_decorator.py
[2023-07-09T19:32:15.800+0000] {processor.py:826} INFO - Processing file /home/airflow/.local/lib/python3.7/site-packages/airflow/example_dags/example_short_circuit_decorator.py for tasks to queue
[2023-07-09T19:32:15.801+0000] {logging_mixin.py:149} INFO - [2023-07-09T19:32:15.801+0000] {dagbag.py:541} INFO - Filling up the DagBag from /home/airflow/.local/lib/python3.7/site-packages/airflow/example_dags/example_short_circuit_decorator.py
[2023-07-09T19:32:15.810+0000] {processor.py:836} INFO - DAG(s) dict_keys(['example_short_circuit_decorator']) retrieved from /home/airflow/.local/lib/python3.7/site-packages/airflow/example_dags/example_short_circuit_decorator.py
[2023-07-09T19:32:15.879+0000] {logging_mixin.py:149} INFO - [2023-07-09T19:32:15.879+0000] {dag.py:2726} INFO - Sync 1 DAGs
[2023-07-09T19:32:15.905+0000] {logging_mixin.py:149} INFO - [2023-07-09T19:32:15.905+0000] {dag.py:3490} INFO - Setting next_dagrun for example_short_circuit_decorator to 2023-07-08T19:32:15.905274+00:00, run_after=2023-07-09T19:32:15.905274+00:00
[2023-07-09T19:32:15.927+0000] {processor.py:179} INFO - Processing /home/airflow/.local/lib/python3.7/site-packages/airflow/example_dags/example_short_circuit_decorator.py took 0.137 seconds
[2023-07-09T19:32:46.001+0000] {processor.py:157} INFO - Started process (PID=3943) to work on /home/airflow/.local/lib/python3.7/site-packages/airflow/example_dags/example_short_circuit_decorator.py
[2023-07-09T19:32:46.002+0000] {processor.py:826} INFO - Processing file /home/airflow/.local/lib/python3.7/site-packages/airflow/example_dags/example_short_circuit_decorator.py for tasks to queue
[2023-07-09T19:32:46.003+0000] {logging_mixin.py:149} INFO - [2023-07-09T19:32:46.003+0000] {dagbag.py:541} INFO - Filling up the DagBag from /home/airflow/.local/lib/python3.7/site-packages/airflow/example_dags/example_short_circuit_decorator.py
[2023-07-09T19:32:46.011+0000] {processor.py:836} INFO - DAG(s) dict_keys(['example_short_circuit_decorator']) retrieved from /home/airflow/.local/lib/python3.7/site-packages/airflow/example_dags/example_short_circuit_decorator.py
[2023-07-09T19:32:46.036+0000] {logging_mixin.py:149} INFO - [2023-07-09T19:32:46.036+0000] {dag.py:2726} INFO - Sync 1 DAGs
[2023-07-09T19:32:46.059+0000] {logging_mixin.py:149} INFO - [2023-07-09T19:32:46.059+0000] {dag.py:3490} INFO - Setting next_dagrun for example_short_circuit_decorator to 2023-07-08T19:32:46.059271+00:00, run_after=2023-07-09T19:32:46.059271+00:00
[2023-07-09T19:32:46.081+0000] {processor.py:179} INFO - Processing /home/airflow/.local/lib/python3.7/site-packages/airflow/example_dags/example_short_circuit_decorator.py took 0.083 seconds
[2023-07-09T19:33:16.614+0000] {processor.py:157} INFO - Started process (PID=4005) to work on /home/airflow/.local/lib/python3.7/site-packages/airflow/example_dags/example_short_circuit_decorator.py
[2023-07-09T19:33:16.615+0000] {processor.py:826} INFO - Processing file /home/airflow/.local/lib/python3.7/site-packages/airflow/example_dags/example_short_circuit_decorator.py for tasks to queue
[2023-07-09T19:33:16.616+0000] {logging_mixin.py:149} INFO - [2023-07-09T19:33:16.616+0000] {dagbag.py:541} INFO - Filling up the DagBag from /home/airflow/.local/lib/python3.7/site-packages/airflow/example_dags/example_short_circuit_decorator.py
[2023-07-09T19:33:16.626+0000] {processor.py:836} INFO - DAG(s) dict_keys(['example_short_circuit_decorator']) retrieved from /home/airflow/.local/lib/python3.7/site-packages/airflow/example_dags/example_short_circuit_decorator.py
[2023-07-09T19:33:16.652+0000] {logging_mixin.py:149} INFO - [2023-07-09T19:33:16.652+0000] {dag.py:2726} INFO - Sync 1 DAGs
[2023-07-09T19:33:16.679+0000] {logging_mixin.py:149} INFO - [2023-07-09T19:33:16.679+0000] {dag.py:3490} INFO - Setting next_dagrun for example_short_circuit_decorator to 2023-07-08T19:33:16.679309+00:00, run_after=2023-07-09T19:33:16.679309+00:00
[2023-07-09T19:33:16.703+0000] {processor.py:179} INFO - Processing /home/airflow/.local/lib/python3.7/site-packages/airflow/example_dags/example_short_circuit_decorator.py took 0.093 seconds
[2023-07-09T19:33:46.840+0000] {processor.py:157} INFO - Started process (PID=4067) to work on /home/airflow/.local/lib/python3.7/site-packages/airflow/example_dags/example_short_circuit_decorator.py
[2023-07-09T19:33:46.841+0000] {processor.py:826} INFO - Processing file /home/airflow/.local/lib/python3.7/site-packages/airflow/example_dags/example_short_circuit_decorator.py for tasks to queue
[2023-07-09T19:33:46.841+0000] {logging_mixin.py:149} INFO - [2023-07-09T19:33:46.841+0000] {dagbag.py:541} INFO - Filling up the DagBag from /home/airflow/.local/lib/python3.7/site-packages/airflow/example_dags/example_short_circuit_decorator.py
[2023-07-09T19:33:46.850+0000] {processor.py:836} INFO - DAG(s) dict_keys(['example_short_circuit_decorator']) retrieved from /home/airflow/.local/lib/python3.7/site-packages/airflow/example_dags/example_short_circuit_decorator.py
[2023-07-09T19:33:46.878+0000] {logging_mixin.py:149} INFO - [2023-07-09T19:33:46.877+0000] {dag.py:2726} INFO - Sync 1 DAGs
[2023-07-09T19:33:46.902+0000] {logging_mixin.py:149} INFO - [2023-07-09T19:33:46.902+0000] {dag.py:3490} INFO - Setting next_dagrun for example_short_circuit_decorator to 2023-07-08T19:33:46.902106+00:00, run_after=2023-07-09T19:33:46.902106+00:00
[2023-07-09T19:33:46.924+0000] {processor.py:179} INFO - Processing /home/airflow/.local/lib/python3.7/site-packages/airflow/example_dags/example_short_circuit_decorator.py took 0.088 seconds
[2023-07-09T19:34:17.086+0000] {processor.py:157} INFO - Started process (PID=4129) to work on /home/airflow/.local/lib/python3.7/site-packages/airflow/example_dags/example_short_circuit_decorator.py
[2023-07-09T19:34:17.087+0000] {processor.py:826} INFO - Processing file /home/airflow/.local/lib/python3.7/site-packages/airflow/example_dags/example_short_circuit_decorator.py for tasks to queue
[2023-07-09T19:34:17.089+0000] {logging_mixin.py:149} INFO - [2023-07-09T19:34:17.089+0000] {dagbag.py:541} INFO - Filling up the DagBag from /home/airflow/.local/lib/python3.7/site-packages/airflow/example_dags/example_short_circuit_decorator.py
[2023-07-09T19:34:17.098+0000] {processor.py:836} INFO - DAG(s) dict_keys(['example_short_circuit_decorator']) retrieved from /home/airflow/.local/lib/python3.7/site-packages/airflow/example_dags/example_short_circuit_decorator.py
[2023-07-09T19:34:17.125+0000] {logging_mixin.py:149} INFO - [2023-07-09T19:34:17.125+0000] {dag.py:2726} INFO - Sync 1 DAGs
[2023-07-09T19:34:17.149+0000] {logging_mixin.py:149} INFO - [2023-07-09T19:34:17.149+0000] {dag.py:3490} INFO - Setting next_dagrun for example_short_circuit_decorator to 2023-07-08T19:34:17.149007+00:00, run_after=2023-07-09T19:34:17.149007+00:00
[2023-07-09T19:34:17.172+0000] {processor.py:179} INFO - Processing /home/airflow/.local/lib/python3.7/site-packages/airflow/example_dags/example_short_circuit_decorator.py took 0.090 seconds
[2023-07-09T19:34:47.766+0000] {processor.py:157} INFO - Started process (PID=4191) to work on /home/airflow/.local/lib/python3.7/site-packages/airflow/example_dags/example_short_circuit_decorator.py
[2023-07-09T19:34:47.767+0000] {processor.py:826} INFO - Processing file /home/airflow/.local/lib/python3.7/site-packages/airflow/example_dags/example_short_circuit_decorator.py for tasks to queue
[2023-07-09T19:34:47.767+0000] {logging_mixin.py:149} INFO - [2023-07-09T19:34:47.767+0000] {dagbag.py:541} INFO - Filling up the DagBag from /home/airflow/.local/lib/python3.7/site-packages/airflow/example_dags/example_short_circuit_decorator.py
[2023-07-09T19:34:47.776+0000] {processor.py:836} INFO - DAG(s) dict_keys(['example_short_circuit_decorator']) retrieved from /home/airflow/.local/lib/python3.7/site-packages/airflow/example_dags/example_short_circuit_decorator.py
[2023-07-09T19:34:47.800+0000] {logging_mixin.py:149} INFO - [2023-07-09T19:34:47.800+0000] {dag.py:2726} INFO - Sync 1 DAGs
[2023-07-09T19:34:47.822+0000] {logging_mixin.py:149} INFO - [2023-07-09T19:34:47.821+0000] {dag.py:3490} INFO - Setting next_dagrun for example_short_circuit_decorator to 2023-07-08T19:34:47.821658+00:00, run_after=2023-07-09T19:34:47.821658+00:00
[2023-07-09T19:34:47.844+0000] {processor.py:179} INFO - Processing /home/airflow/.local/lib/python3.7/site-packages/airflow/example_dags/example_short_circuit_decorator.py took 0.082 seconds
[2023-07-09T19:35:17.965+0000] {processor.py:157} INFO - Started process (PID=4253) to work on /home/airflow/.local/lib/python3.7/site-packages/airflow/example_dags/example_short_circuit_decorator.py
[2023-07-09T19:35:17.966+0000] {processor.py:826} INFO - Processing file /home/airflow/.local/lib/python3.7/site-packages/airflow/example_dags/example_short_circuit_decorator.py for tasks to queue
[2023-07-09T19:35:17.967+0000] {logging_mixin.py:149} INFO - [2023-07-09T19:35:17.967+0000] {dagbag.py:541} INFO - Filling up the DagBag from /home/airflow/.local/lib/python3.7/site-packages/airflow/example_dags/example_short_circuit_decorator.py
[2023-07-09T19:35:17.976+0000] {processor.py:836} INFO - DAG(s) dict_keys(['example_short_circuit_decorator']) retrieved from /home/airflow/.local/lib/python3.7/site-packages/airflow/example_dags/example_short_circuit_decorator.py
[2023-07-09T19:35:18.000+0000] {logging_mixin.py:149} INFO - [2023-07-09T19:35:18.000+0000] {dag.py:2726} INFO - Sync 1 DAGs
[2023-07-09T19:35:18.021+0000] {logging_mixin.py:149} INFO - [2023-07-09T19:35:18.021+0000] {dag.py:3490} INFO - Setting next_dagrun for example_short_circuit_decorator to 2023-07-08T19:35:18.021466+00:00, run_after=2023-07-09T19:35:18.021466+00:00
[2023-07-09T19:35:18.043+0000] {processor.py:179} INFO - Processing /home/airflow/.local/lib/python3.7/site-packages/airflow/example_dags/example_short_circuit_decorator.py took 0.081 seconds
[2023-07-09T19:35:48.288+0000] {processor.py:157} INFO - Started process (PID=4315) to work on /home/airflow/.local/lib/python3.7/site-packages/airflow/example_dags/example_short_circuit_decorator.py
[2023-07-09T19:35:48.289+0000] {processor.py:826} INFO - Processing file /home/airflow/.local/lib/python3.7/site-packages/airflow/example_dags/example_short_circuit_decorator.py for tasks to queue
[2023-07-09T19:35:48.290+0000] {logging_mixin.py:149} INFO - [2023-07-09T19:35:48.289+0000] {dagbag.py:541} INFO - Filling up the DagBag from /home/airflow/.local/lib/python3.7/site-packages/airflow/example_dags/example_short_circuit_decorator.py
[2023-07-09T19:35:48.298+0000] {processor.py:836} INFO - DAG(s) dict_keys(['example_short_circuit_decorator']) retrieved from /home/airflow/.local/lib/python3.7/site-packages/airflow/example_dags/example_short_circuit_decorator.py
[2023-07-09T19:35:48.323+0000] {logging_mixin.py:149} INFO - [2023-07-09T19:35:48.323+0000] {dag.py:2726} INFO - Sync 1 DAGs
[2023-07-09T19:35:48.347+0000] {logging_mixin.py:149} INFO - [2023-07-09T19:35:48.347+0000] {dag.py:3490} INFO - Setting next_dagrun for example_short_circuit_decorator to 2023-07-08T19:35:48.346865+00:00, run_after=2023-07-09T19:35:48.346865+00:00
[2023-07-09T19:35:48.368+0000] {processor.py:179} INFO - Processing /home/airflow/.local/lib/python3.7/site-packages/airflow/example_dags/example_short_circuit_decorator.py took 0.083 seconds
[2023-07-09T19:36:18.478+0000] {processor.py:157} INFO - Started process (PID=4377) to work on /home/airflow/.local/lib/python3.7/site-packages/airflow/example_dags/example_short_circuit_decorator.py
[2023-07-09T19:36:18.479+0000] {processor.py:826} INFO - Processing file /home/airflow/.local/lib/python3.7/site-packages/airflow/example_dags/example_short_circuit_decorator.py for tasks to queue
[2023-07-09T19:36:18.480+0000] {logging_mixin.py:149} INFO - [2023-07-09T19:36:18.480+0000] {dagbag.py:541} INFO - Filling up the DagBag from /home/airflow/.local/lib/python3.7/site-packages/airflow/example_dags/example_short_circuit_decorator.py
[2023-07-09T19:36:18.489+0000] {processor.py:836} INFO - DAG(s) dict_keys(['example_short_circuit_decorator']) retrieved from /home/airflow/.local/lib/python3.7/site-packages/airflow/example_dags/example_short_circuit_decorator.py
[2023-07-09T19:36:18.514+0000] {logging_mixin.py:149} INFO - [2023-07-09T19:36:18.514+0000] {dag.py:2726} INFO - Sync 1 DAGs
[2023-07-09T19:36:18.537+0000] {logging_mixin.py:149} INFO - [2023-07-09T19:36:18.536+0000] {dag.py:3490} INFO - Setting next_dagrun for example_short_circuit_decorator to 2023-07-08T19:36:18.536793+00:00, run_after=2023-07-09T19:36:18.536793+00:00
[2023-07-09T19:36:18.559+0000] {processor.py:179} INFO - Processing /home/airflow/.local/lib/python3.7/site-packages/airflow/example_dags/example_short_circuit_decorator.py took 0.084 seconds
[2023-07-09T19:36:48.894+0000] {processor.py:157} INFO - Started process (PID=4439) to work on /home/airflow/.local/lib/python3.7/site-packages/airflow/example_dags/example_short_circuit_decorator.py
[2023-07-09T19:36:48.895+0000] {processor.py:826} INFO - Processing file /home/airflow/.local/lib/python3.7/site-packages/airflow/example_dags/example_short_circuit_decorator.py for tasks to queue
[2023-07-09T19:36:48.897+0000] {logging_mixin.py:149} INFO - [2023-07-09T19:36:48.896+0000] {dagbag.py:541} INFO - Filling up the DagBag from /home/airflow/.local/lib/python3.7/site-packages/airflow/example_dags/example_short_circuit_decorator.py
[2023-07-09T19:36:48.906+0000] {processor.py:836} INFO - DAG(s) dict_keys(['example_short_circuit_decorator']) retrieved from /home/airflow/.local/lib/python3.7/site-packages/airflow/example_dags/example_short_circuit_decorator.py
[2023-07-09T19:36:48.938+0000] {logging_mixin.py:149} INFO - [2023-07-09T19:36:48.937+0000] {dag.py:2726} INFO - Sync 1 DAGs
[2023-07-09T19:36:48.963+0000] {logging_mixin.py:149} INFO - [2023-07-09T19:36:48.962+0000] {dag.py:3490} INFO - Setting next_dagrun for example_short_circuit_decorator to 2023-07-08T19:36:48.962786+00:00, run_after=2023-07-09T19:36:48.962786+00:00
[2023-07-09T19:36:48.990+0000] {processor.py:179} INFO - Processing /home/airflow/.local/lib/python3.7/site-packages/airflow/example_dags/example_short_circuit_decorator.py took 0.099 seconds
[2023-07-09T19:37:19.104+0000] {processor.py:157} INFO - Started process (PID=4501) to work on /home/airflow/.local/lib/python3.7/site-packages/airflow/example_dags/example_short_circuit_decorator.py
[2023-07-09T19:37:19.105+0000] {processor.py:826} INFO - Processing file /home/airflow/.local/lib/python3.7/site-packages/airflow/example_dags/example_short_circuit_decorator.py for tasks to queue
[2023-07-09T19:37:19.106+0000] {logging_mixin.py:149} INFO - [2023-07-09T19:37:19.106+0000] {dagbag.py:541} INFO - Filling up the DagBag from /home/airflow/.local/lib/python3.7/site-packages/airflow/example_dags/example_short_circuit_decorator.py
[2023-07-09T19:37:19.117+0000] {processor.py:836} INFO - DAG(s) dict_keys(['example_short_circuit_decorator']) retrieved from /home/airflow/.local/lib/python3.7/site-packages/airflow/example_dags/example_short_circuit_decorator.py
[2023-07-09T19:37:19.147+0000] {logging_mixin.py:149} INFO - [2023-07-09T19:37:19.146+0000] {dag.py:2726} INFO - Sync 1 DAGs
[2023-07-09T19:37:19.173+0000] {logging_mixin.py:149} INFO - [2023-07-09T19:37:19.173+0000] {dag.py:3490} INFO - Setting next_dagrun for example_short_circuit_decorator to 2023-07-08T19:37:19.173197+00:00, run_after=2023-07-09T19:37:19.173197+00:00
[2023-07-09T19:37:19.199+0000] {processor.py:179} INFO - Processing /home/airflow/.local/lib/python3.7/site-packages/airflow/example_dags/example_short_circuit_decorator.py took 0.098 seconds
[2023-07-09T19:37:49.367+0000] {processor.py:157} INFO - Started process (PID=4563) to work on /home/airflow/.local/lib/python3.7/site-packages/airflow/example_dags/example_short_circuit_decorator.py
[2023-07-09T19:37:49.368+0000] {processor.py:826} INFO - Processing file /home/airflow/.local/lib/python3.7/site-packages/airflow/example_dags/example_short_circuit_decorator.py for tasks to queue
[2023-07-09T19:37:49.369+0000] {logging_mixin.py:149} INFO - [2023-07-09T19:37:49.369+0000] {dagbag.py:541} INFO - Filling up the DagBag from /home/airflow/.local/lib/python3.7/site-packages/airflow/example_dags/example_short_circuit_decorator.py
[2023-07-09T19:37:49.379+0000] {processor.py:836} INFO - DAG(s) dict_keys(['example_short_circuit_decorator']) retrieved from /home/airflow/.local/lib/python3.7/site-packages/airflow/example_dags/example_short_circuit_decorator.py
[2023-07-09T19:37:49.405+0000] {logging_mixin.py:149} INFO - [2023-07-09T19:37:49.405+0000] {dag.py:2726} INFO - Sync 1 DAGs
[2023-07-09T19:37:49.433+0000] {logging_mixin.py:149} INFO - [2023-07-09T19:37:49.433+0000] {dag.py:3490} INFO - Setting next_dagrun for example_short_circuit_decorator to 2023-07-08T19:37:49.432841+00:00, run_after=2023-07-09T19:37:49.432841+00:00
[2023-07-09T19:37:49.457+0000] {processor.py:179} INFO - Processing /home/airflow/.local/lib/python3.7/site-packages/airflow/example_dags/example_short_circuit_decorator.py took 0.093 seconds
[2023-07-09T19:38:19.811+0000] {processor.py:157} INFO - Started process (PID=4625) to work on /home/airflow/.local/lib/python3.7/site-packages/airflow/example_dags/example_short_circuit_decorator.py
[2023-07-09T19:38:19.813+0000] {processor.py:826} INFO - Processing file /home/airflow/.local/lib/python3.7/site-packages/airflow/example_dags/example_short_circuit_decorator.py for tasks to queue
[2023-07-09T19:38:19.815+0000] {logging_mixin.py:149} INFO - [2023-07-09T19:38:19.815+0000] {dagbag.py:541} INFO - Filling up the DagBag from /home/airflow/.local/lib/python3.7/site-packages/airflow/example_dags/example_short_circuit_decorator.py
[2023-07-09T19:38:19.826+0000] {processor.py:836} INFO - DAG(s) dict_keys(['example_short_circuit_decorator']) retrieved from /home/airflow/.local/lib/python3.7/site-packages/airflow/example_dags/example_short_circuit_decorator.py
[2023-07-09T19:38:19.853+0000] {logging_mixin.py:149} INFO - [2023-07-09T19:38:19.853+0000] {dag.py:2726} INFO - Sync 1 DAGs
[2023-07-09T19:38:19.877+0000] {logging_mixin.py:149} INFO - [2023-07-09T19:38:19.877+0000] {dag.py:3490} INFO - Setting next_dagrun for example_short_circuit_decorator to 2023-07-08T19:38:19.877556+00:00, run_after=2023-07-09T19:38:19.877556+00:00
[2023-07-09T19:38:19.899+0000] {processor.py:179} INFO - Processing /home/airflow/.local/lib/python3.7/site-packages/airflow/example_dags/example_short_circuit_decorator.py took 0.092 seconds
[2023-07-09T19:38:49.982+0000] {processor.py:157} INFO - Started process (PID=4687) to work on /home/airflow/.local/lib/python3.7/site-packages/airflow/example_dags/example_short_circuit_decorator.py
[2023-07-09T19:38:49.983+0000] {processor.py:826} INFO - Processing file /home/airflow/.local/lib/python3.7/site-packages/airflow/example_dags/example_short_circuit_decorator.py for tasks to queue
[2023-07-09T19:38:49.984+0000] {logging_mixin.py:149} INFO - [2023-07-09T19:38:49.984+0000] {dagbag.py:541} INFO - Filling up the DagBag from /home/airflow/.local/lib/python3.7/site-packages/airflow/example_dags/example_short_circuit_decorator.py
[2023-07-09T19:38:49.993+0000] {processor.py:836} INFO - DAG(s) dict_keys(['example_short_circuit_decorator']) retrieved from /home/airflow/.local/lib/python3.7/site-packages/airflow/example_dags/example_short_circuit_decorator.py
[2023-07-09T19:38:50.021+0000] {logging_mixin.py:149} INFO - [2023-07-09T19:38:50.021+0000] {dag.py:2726} INFO - Sync 1 DAGs
[2023-07-09T19:38:50.047+0000] {logging_mixin.py:149} INFO - [2023-07-09T19:38:50.047+0000] {dag.py:3490} INFO - Setting next_dagrun for example_short_circuit_decorator to 2023-07-08T19:38:50.046901+00:00, run_after=2023-07-09T19:38:50.046901+00:00
[2023-07-09T19:38:50.074+0000] {processor.py:179} INFO - Processing /home/airflow/.local/lib/python3.7/site-packages/airflow/example_dags/example_short_circuit_decorator.py took 0.096 seconds
[2023-07-09T19:39:20.408+0000] {processor.py:157} INFO - Started process (PID=4749) to work on /home/airflow/.local/lib/python3.7/site-packages/airflow/example_dags/example_short_circuit_decorator.py
[2023-07-09T19:39:20.409+0000] {processor.py:826} INFO - Processing file /home/airflow/.local/lib/python3.7/site-packages/airflow/example_dags/example_short_circuit_decorator.py for tasks to queue
[2023-07-09T19:39:20.410+0000] {logging_mixin.py:149} INFO - [2023-07-09T19:39:20.410+0000] {dagbag.py:541} INFO - Filling up the DagBag from /home/airflow/.local/lib/python3.7/site-packages/airflow/example_dags/example_short_circuit_decorator.py
[2023-07-09T19:39:20.419+0000] {processor.py:836} INFO - DAG(s) dict_keys(['example_short_circuit_decorator']) retrieved from /home/airflow/.local/lib/python3.7/site-packages/airflow/example_dags/example_short_circuit_decorator.py
[2023-07-09T19:39:20.450+0000] {logging_mixin.py:149} INFO - [2023-07-09T19:39:20.449+0000] {dag.py:2726} INFO - Sync 1 DAGs
[2023-07-09T19:39:20.475+0000] {logging_mixin.py:149} INFO - [2023-07-09T19:39:20.475+0000] {dag.py:3490} INFO - Setting next_dagrun for example_short_circuit_decorator to 2023-07-08T19:39:20.474800+00:00, run_after=2023-07-09T19:39:20.474800+00:00
[2023-07-09T19:39:20.498+0000] {processor.py:179} INFO - Processing /home/airflow/.local/lib/python3.7/site-packages/airflow/example_dags/example_short_circuit_decorator.py took 0.093 seconds
[2023-07-09T19:39:50.784+0000] {processor.py:157} INFO - Started process (PID=4811) to work on /home/airflow/.local/lib/python3.7/site-packages/airflow/example_dags/example_short_circuit_decorator.py
[2023-07-09T19:39:50.785+0000] {processor.py:826} INFO - Processing file /home/airflow/.local/lib/python3.7/site-packages/airflow/example_dags/example_short_circuit_decorator.py for tasks to queue
[2023-07-09T19:39:50.786+0000] {logging_mixin.py:149} INFO - [2023-07-09T19:39:50.786+0000] {dagbag.py:541} INFO - Filling up the DagBag from /home/airflow/.local/lib/python3.7/site-packages/airflow/example_dags/example_short_circuit_decorator.py
[2023-07-09T19:39:50.797+0000] {processor.py:836} INFO - DAG(s) dict_keys(['example_short_circuit_decorator']) retrieved from /home/airflow/.local/lib/python3.7/site-packages/airflow/example_dags/example_short_circuit_decorator.py
[2023-07-09T19:39:50.828+0000] {logging_mixin.py:149} INFO - [2023-07-09T19:39:50.827+0000] {dag.py:2726} INFO - Sync 1 DAGs
[2023-07-09T19:39:50.857+0000] {logging_mixin.py:149} INFO - [2023-07-09T19:39:50.856+0000] {dag.py:3490} INFO - Setting next_dagrun for example_short_circuit_decorator to 2023-07-08T19:39:50.856773+00:00, run_after=2023-07-09T19:39:50.856773+00:00
[2023-07-09T19:39:50.879+0000] {processor.py:179} INFO - Processing /home/airflow/.local/lib/python3.7/site-packages/airflow/example_dags/example_short_circuit_decorator.py took 0.098 seconds
[2023-07-09T19:40:21.206+0000] {processor.py:157} INFO - Started process (PID=4873) to work on /home/airflow/.local/lib/python3.7/site-packages/airflow/example_dags/example_short_circuit_decorator.py
[2023-07-09T19:40:21.207+0000] {processor.py:826} INFO - Processing file /home/airflow/.local/lib/python3.7/site-packages/airflow/example_dags/example_short_circuit_decorator.py for tasks to queue
[2023-07-09T19:40:21.209+0000] {logging_mixin.py:149} INFO - [2023-07-09T19:40:21.208+0000] {dagbag.py:541} INFO - Filling up the DagBag from /home/airflow/.local/lib/python3.7/site-packages/airflow/example_dags/example_short_circuit_decorator.py
[2023-07-09T19:40:21.219+0000] {processor.py:836} INFO - DAG(s) dict_keys(['example_short_circuit_decorator']) retrieved from /home/airflow/.local/lib/python3.7/site-packages/airflow/example_dags/example_short_circuit_decorator.py
[2023-07-09T19:40:21.247+0000] {logging_mixin.py:149} INFO - [2023-07-09T19:40:21.247+0000] {dag.py:2726} INFO - Sync 1 DAGs
[2023-07-09T19:40:21.275+0000] {logging_mixin.py:149} INFO - [2023-07-09T19:40:21.275+0000] {dag.py:3490} INFO - Setting next_dagrun for example_short_circuit_decorator to 2023-07-08T19:40:21.275136+00:00, run_after=2023-07-09T19:40:21.275136+00:00
[2023-07-09T19:40:21.296+0000] {processor.py:179} INFO - Processing /home/airflow/.local/lib/python3.7/site-packages/airflow/example_dags/example_short_circuit_decorator.py took 0.093 seconds
[2023-07-09T19:40:51.560+0000] {processor.py:157} INFO - Started process (PID=4935) to work on /home/airflow/.local/lib/python3.7/site-packages/airflow/example_dags/example_short_circuit_decorator.py
[2023-07-09T19:40:51.561+0000] {processor.py:826} INFO - Processing file /home/airflow/.local/lib/python3.7/site-packages/airflow/example_dags/example_short_circuit_decorator.py for tasks to queue
[2023-07-09T19:40:51.562+0000] {logging_mixin.py:149} INFO - [2023-07-09T19:40:51.562+0000] {dagbag.py:541} INFO - Filling up the DagBag from /home/airflow/.local/lib/python3.7/site-packages/airflow/example_dags/example_short_circuit_decorator.py
[2023-07-09T19:40:51.572+0000] {processor.py:836} INFO - DAG(s) dict_keys(['example_short_circuit_decorator']) retrieved from /home/airflow/.local/lib/python3.7/site-packages/airflow/example_dags/example_short_circuit_decorator.py
[2023-07-09T19:40:51.600+0000] {logging_mixin.py:149} INFO - [2023-07-09T19:40:51.600+0000] {dag.py:2726} INFO - Sync 1 DAGs
[2023-07-09T19:40:51.623+0000] {logging_mixin.py:149} INFO - [2023-07-09T19:40:51.623+0000] {dag.py:3490} INFO - Setting next_dagrun for example_short_circuit_decorator to 2023-07-08T19:40:51.623443+00:00, run_after=2023-07-09T19:40:51.623443+00:00
[2023-07-09T19:40:51.644+0000] {processor.py:179} INFO - Processing /home/airflow/.local/lib/python3.7/site-packages/airflow/example_dags/example_short_circuit_decorator.py took 0.087 seconds
[2023-07-09T23:59:29.822+0000] {processor.py:157} INFO - Started process (PID=5023) to work on /home/airflow/.local/lib/python3.7/site-packages/airflow/example_dags/example_short_circuit_decorator.py
[2023-07-09T23:59:29.823+0000] {processor.py:826} INFO - Processing file /home/airflow/.local/lib/python3.7/site-packages/airflow/example_dags/example_short_circuit_decorator.py for tasks to queue
[2023-07-09T23:59:29.824+0000] {logging_mixin.py:149} INFO - [2023-07-09T23:59:29.824+0000] {dagbag.py:541} INFO - Filling up the DagBag from /home/airflow/.local/lib/python3.7/site-packages/airflow/example_dags/example_short_circuit_decorator.py
[2023-07-09T23:59:29.837+0000] {processor.py:836} INFO - DAG(s) dict_keys(['example_short_circuit_decorator']) retrieved from /home/airflow/.local/lib/python3.7/site-packages/airflow/example_dags/example_short_circuit_decorator.py
[2023-07-09T23:59:29.877+0000] {logging_mixin.py:149} INFO - [2023-07-09T23:59:29.877+0000] {dag.py:2726} INFO - Sync 1 DAGs
[2023-07-09T23:59:29.908+0000] {logging_mixin.py:149} INFO - [2023-07-09T23:59:29.908+0000] {dag.py:3490} INFO - Setting next_dagrun for example_short_circuit_decorator to 2023-07-08T23:59:29.907623+00:00, run_after=2023-07-09T23:59:29.907623+00:00
[2023-07-09T23:59:29.938+0000] {processor.py:179} INFO - Processing /home/airflow/.local/lib/python3.7/site-packages/airflow/example_dags/example_short_circuit_decorator.py took 0.120 seconds
