[2023-07-09T19:06:50.796+0000] {processor.py:157} INFO - Started process (PID=783) to work on /home/airflow/.local/lib/python3.7/site-packages/airflow/example_dags/example_dag_decorator.py
[2023-07-09T19:06:50.797+0000] {processor.py:826} INFO - Processing file /home/airflow/.local/lib/python3.7/site-packages/airflow/example_dags/example_dag_decorator.py for tasks to queue
[2023-07-09T19:06:50.797+0000] {logging_mixin.py:149} INFO - [2023-07-09T19:06:50.797+0000] {dagbag.py:541} INFO - Filling up the DagBag from /home/airflow/.local/lib/python3.7/site-packages/airflow/example_dags/example_dag_decorator.py
[2023-07-09T19:06:50.811+0000] {processor.py:836} INFO - DAG(s) dict_keys(['example_dag_decorator']) retrieved from /home/airflow/.local/lib/python3.7/site-packages/airflow/example_dags/example_dag_decorator.py
[2023-07-09T19:06:50.934+0000] {logging_mixin.py:149} INFO - [2023-07-09T19:06:50.934+0000] {dag.py:2726} INFO - Sync 1 DAGs
[2023-07-09T19:06:50.958+0000] {logging_mixin.py:149} INFO - [2023-07-09T19:06:50.957+0000] {dag.py:3490} INFO - Setting next_dagrun for example_dag_decorator to None, run_after=None
[2023-07-09T19:06:50.982+0000] {processor.py:179} INFO - Processing /home/airflow/.local/lib/python3.7/site-packages/airflow/example_dags/example_dag_decorator.py took 0.189 seconds
[2023-07-09T19:07:21.069+0000] {processor.py:157} INFO - Started process (PID=844) to work on /home/airflow/.local/lib/python3.7/site-packages/airflow/example_dags/example_dag_decorator.py
[2023-07-09T19:07:21.071+0000] {processor.py:826} INFO - Processing file /home/airflow/.local/lib/python3.7/site-packages/airflow/example_dags/example_dag_decorator.py for tasks to queue
[2023-07-09T19:07:21.072+0000] {logging_mixin.py:149} INFO - [2023-07-09T19:07:21.072+0000] {dagbag.py:541} INFO - Filling up the DagBag from /home/airflow/.local/lib/python3.7/site-packages/airflow/example_dags/example_dag_decorator.py
[2023-07-09T19:07:21.086+0000] {processor.py:836} INFO - DAG(s) dict_keys(['example_dag_decorator']) retrieved from /home/airflow/.local/lib/python3.7/site-packages/airflow/example_dags/example_dag_decorator.py
[2023-07-09T19:07:21.208+0000] {logging_mixin.py:149} INFO - [2023-07-09T19:07:21.208+0000] {dag.py:2726} INFO - Sync 1 DAGs
[2023-07-09T19:07:21.230+0000] {logging_mixin.py:149} INFO - [2023-07-09T19:07:21.230+0000] {dag.py:3490} INFO - Setting next_dagrun for example_dag_decorator to None, run_after=None
[2023-07-09T19:07:21.255+0000] {processor.py:179} INFO - Processing /home/airflow/.local/lib/python3.7/site-packages/airflow/example_dags/example_dag_decorator.py took 0.189 seconds
[2023-07-09T19:07:51.400+0000] {processor.py:157} INFO - Started process (PID=905) to work on /home/airflow/.local/lib/python3.7/site-packages/airflow/example_dags/example_dag_decorator.py
[2023-07-09T19:07:51.401+0000] {processor.py:826} INFO - Processing file /home/airflow/.local/lib/python3.7/site-packages/airflow/example_dags/example_dag_decorator.py for tasks to queue
[2023-07-09T19:07:51.402+0000] {logging_mixin.py:149} INFO - [2023-07-09T19:07:51.402+0000] {dagbag.py:541} INFO - Filling up the DagBag from /home/airflow/.local/lib/python3.7/site-packages/airflow/example_dags/example_dag_decorator.py
[2023-07-09T19:07:51.428+0000] {processor.py:836} INFO - DAG(s) dict_keys(['example_dag_decorator']) retrieved from /home/airflow/.local/lib/python3.7/site-packages/airflow/example_dags/example_dag_decorator.py
[2023-07-09T19:07:51.624+0000] {logging_mixin.py:149} INFO - [2023-07-09T19:07:51.624+0000] {dag.py:2726} INFO - Sync 1 DAGs
[2023-07-09T19:07:51.656+0000] {logging_mixin.py:149} INFO - [2023-07-09T19:07:51.656+0000] {dag.py:3490} INFO - Setting next_dagrun for example_dag_decorator to None, run_after=None
[2023-07-09T19:07:51.683+0000] {processor.py:179} INFO - Processing /home/airflow/.local/lib/python3.7/site-packages/airflow/example_dags/example_dag_decorator.py took 0.287 seconds
[2023-07-09T19:08:21.739+0000] {processor.py:157} INFO - Started process (PID=967) to work on /home/airflow/.local/lib/python3.7/site-packages/airflow/example_dags/example_dag_decorator.py
[2023-07-09T19:08:21.740+0000] {processor.py:826} INFO - Processing file /home/airflow/.local/lib/python3.7/site-packages/airflow/example_dags/example_dag_decorator.py for tasks to queue
[2023-07-09T19:08:21.741+0000] {logging_mixin.py:149} INFO - [2023-07-09T19:08:21.741+0000] {dagbag.py:541} INFO - Filling up the DagBag from /home/airflow/.local/lib/python3.7/site-packages/airflow/example_dags/example_dag_decorator.py
[2023-07-09T19:08:21.753+0000] {processor.py:836} INFO - DAG(s) dict_keys(['example_dag_decorator']) retrieved from /home/airflow/.local/lib/python3.7/site-packages/airflow/example_dags/example_dag_decorator.py
[2023-07-09T19:08:21.767+0000] {logging_mixin.py:149} INFO - [2023-07-09T19:08:21.767+0000] {dag.py:2726} INFO - Sync 1 DAGs
[2023-07-09T19:08:21.790+0000] {logging_mixin.py:149} INFO - [2023-07-09T19:08:21.790+0000] {dag.py:3490} INFO - Setting next_dagrun for example_dag_decorator to None, run_after=None
[2023-07-09T19:08:21.812+0000] {processor.py:179} INFO - Processing /home/airflow/.local/lib/python3.7/site-packages/airflow/example_dags/example_dag_decorator.py took 0.076 seconds
[2023-07-09T19:08:52.050+0000] {processor.py:157} INFO - Started process (PID=1027) to work on /home/airflow/.local/lib/python3.7/site-packages/airflow/example_dags/example_dag_decorator.py
[2023-07-09T19:08:52.051+0000] {processor.py:826} INFO - Processing file /home/airflow/.local/lib/python3.7/site-packages/airflow/example_dags/example_dag_decorator.py for tasks to queue
[2023-07-09T19:08:52.052+0000] {logging_mixin.py:149} INFO - [2023-07-09T19:08:52.052+0000] {dagbag.py:541} INFO - Filling up the DagBag from /home/airflow/.local/lib/python3.7/site-packages/airflow/example_dags/example_dag_decorator.py
[2023-07-09T19:08:52.067+0000] {processor.py:836} INFO - DAG(s) dict_keys(['example_dag_decorator']) retrieved from /home/airflow/.local/lib/python3.7/site-packages/airflow/example_dags/example_dag_decorator.py
[2023-07-09T19:08:52.181+0000] {logging_mixin.py:149} INFO - [2023-07-09T19:08:52.180+0000] {dag.py:2726} INFO - Sync 1 DAGs
[2023-07-09T19:08:52.205+0000] {logging_mixin.py:149} INFO - [2023-07-09T19:08:52.205+0000] {dag.py:3490} INFO - Setting next_dagrun for example_dag_decorator to None, run_after=None
[2023-07-09T19:08:52.228+0000] {processor.py:179} INFO - Processing /home/airflow/.local/lib/python3.7/site-packages/airflow/example_dags/example_dag_decorator.py took 0.181 seconds
[2023-07-09T19:09:22.890+0000] {processor.py:157} INFO - Started process (PID=1088) to work on /home/airflow/.local/lib/python3.7/site-packages/airflow/example_dags/example_dag_decorator.py
[2023-07-09T19:09:22.892+0000] {processor.py:826} INFO - Processing file /home/airflow/.local/lib/python3.7/site-packages/airflow/example_dags/example_dag_decorator.py for tasks to queue
[2023-07-09T19:09:22.892+0000] {logging_mixin.py:149} INFO - [2023-07-09T19:09:22.892+0000] {dagbag.py:541} INFO - Filling up the DagBag from /home/airflow/.local/lib/python3.7/site-packages/airflow/example_dags/example_dag_decorator.py
[2023-07-09T19:09:22.905+0000] {processor.py:836} INFO - DAG(s) dict_keys(['example_dag_decorator']) retrieved from /home/airflow/.local/lib/python3.7/site-packages/airflow/example_dags/example_dag_decorator.py
[2023-07-09T19:09:22.920+0000] {logging_mixin.py:149} INFO - [2023-07-09T19:09:22.920+0000] {dag.py:2726} INFO - Sync 1 DAGs
[2023-07-09T19:09:22.969+0000] {logging_mixin.py:149} INFO - [2023-07-09T19:09:22.968+0000] {dag.py:3490} INFO - Setting next_dagrun for example_dag_decorator to None, run_after=None
[2023-07-09T19:09:22.993+0000] {processor.py:179} INFO - Processing /home/airflow/.local/lib/python3.7/site-packages/airflow/example_dags/example_dag_decorator.py took 0.106 seconds
[2023-07-09T19:09:53.304+0000] {processor.py:157} INFO - Started process (PID=1149) to work on /home/airflow/.local/lib/python3.7/site-packages/airflow/example_dags/example_dag_decorator.py
[2023-07-09T19:09:53.305+0000] {processor.py:826} INFO - Processing file /home/airflow/.local/lib/python3.7/site-packages/airflow/example_dags/example_dag_decorator.py for tasks to queue
[2023-07-09T19:09:53.306+0000] {logging_mixin.py:149} INFO - [2023-07-09T19:09:53.306+0000] {dagbag.py:541} INFO - Filling up the DagBag from /home/airflow/.local/lib/python3.7/site-packages/airflow/example_dags/example_dag_decorator.py
[2023-07-09T19:09:53.319+0000] {processor.py:836} INFO - DAG(s) dict_keys(['example_dag_decorator']) retrieved from /home/airflow/.local/lib/python3.7/site-packages/airflow/example_dags/example_dag_decorator.py
[2023-07-09T19:09:53.437+0000] {logging_mixin.py:149} INFO - [2023-07-09T19:09:53.437+0000] {dag.py:2726} INFO - Sync 1 DAGs
[2023-07-09T19:09:53.461+0000] {logging_mixin.py:149} INFO - [2023-07-09T19:09:53.461+0000] {dag.py:3490} INFO - Setting next_dagrun for example_dag_decorator to None, run_after=None
[2023-07-09T19:09:53.486+0000] {processor.py:179} INFO - Processing /home/airflow/.local/lib/python3.7/site-packages/airflow/example_dags/example_dag_decorator.py took 0.185 seconds
[2023-07-09T19:10:23.594+0000] {processor.py:157} INFO - Started process (PID=1210) to work on /home/airflow/.local/lib/python3.7/site-packages/airflow/example_dags/example_dag_decorator.py
[2023-07-09T19:10:23.595+0000] {processor.py:826} INFO - Processing file /home/airflow/.local/lib/python3.7/site-packages/airflow/example_dags/example_dag_decorator.py for tasks to queue
[2023-07-09T19:10:23.597+0000] {logging_mixin.py:149} INFO - [2023-07-09T19:10:23.596+0000] {dagbag.py:541} INFO - Filling up the DagBag from /home/airflow/.local/lib/python3.7/site-packages/airflow/example_dags/example_dag_decorator.py
[2023-07-09T19:10:23.610+0000] {processor.py:836} INFO - DAG(s) dict_keys(['example_dag_decorator']) retrieved from /home/airflow/.local/lib/python3.7/site-packages/airflow/example_dags/example_dag_decorator.py
[2023-07-09T19:10:23.726+0000] {logging_mixin.py:149} INFO - [2023-07-09T19:10:23.725+0000] {dag.py:2726} INFO - Sync 1 DAGs
[2023-07-09T19:10:23.747+0000] {logging_mixin.py:149} INFO - [2023-07-09T19:10:23.747+0000] {dag.py:3490} INFO - Setting next_dagrun for example_dag_decorator to None, run_after=None
[2023-07-09T19:10:23.768+0000] {processor.py:179} INFO - Processing /home/airflow/.local/lib/python3.7/site-packages/airflow/example_dags/example_dag_decorator.py took 0.177 seconds
[2023-07-09T19:10:53.797+0000] {processor.py:157} INFO - Started process (PID=1271) to work on /home/airflow/.local/lib/python3.7/site-packages/airflow/example_dags/example_dag_decorator.py
[2023-07-09T19:10:53.798+0000] {processor.py:826} INFO - Processing file /home/airflow/.local/lib/python3.7/site-packages/airflow/example_dags/example_dag_decorator.py for tasks to queue
[2023-07-09T19:10:53.799+0000] {logging_mixin.py:149} INFO - [2023-07-09T19:10:53.799+0000] {dagbag.py:541} INFO - Filling up the DagBag from /home/airflow/.local/lib/python3.7/site-packages/airflow/example_dags/example_dag_decorator.py
[2023-07-09T19:10:53.812+0000] {processor.py:836} INFO - DAG(s) dict_keys(['example_dag_decorator']) retrieved from /home/airflow/.local/lib/python3.7/site-packages/airflow/example_dags/example_dag_decorator.py
[2023-07-09T19:10:53.929+0000] {logging_mixin.py:149} INFO - [2023-07-09T19:10:53.929+0000] {dag.py:2726} INFO - Sync 1 DAGs
[2023-07-09T19:10:53.950+0000] {logging_mixin.py:149} INFO - [2023-07-09T19:10:53.949+0000] {dag.py:3490} INFO - Setting next_dagrun for example_dag_decorator to None, run_after=None
[2023-07-09T19:10:53.969+0000] {processor.py:179} INFO - Processing /home/airflow/.local/lib/python3.7/site-packages/airflow/example_dags/example_dag_decorator.py took 0.175 seconds
[2023-07-09T19:11:24.109+0000] {processor.py:157} INFO - Started process (PID=1332) to work on /home/airflow/.local/lib/python3.7/site-packages/airflow/example_dags/example_dag_decorator.py
[2023-07-09T19:11:24.110+0000] {processor.py:826} INFO - Processing file /home/airflow/.local/lib/python3.7/site-packages/airflow/example_dags/example_dag_decorator.py for tasks to queue
[2023-07-09T19:11:24.111+0000] {logging_mixin.py:149} INFO - [2023-07-09T19:11:24.111+0000] {dagbag.py:541} INFO - Filling up the DagBag from /home/airflow/.local/lib/python3.7/site-packages/airflow/example_dags/example_dag_decorator.py
[2023-07-09T19:11:24.125+0000] {processor.py:836} INFO - DAG(s) dict_keys(['example_dag_decorator']) retrieved from /home/airflow/.local/lib/python3.7/site-packages/airflow/example_dags/example_dag_decorator.py
[2023-07-09T19:11:24.248+0000] {logging_mixin.py:149} INFO - [2023-07-09T19:11:24.247+0000] {dag.py:2726} INFO - Sync 1 DAGs
[2023-07-09T19:11:24.273+0000] {logging_mixin.py:149} INFO - [2023-07-09T19:11:24.273+0000] {dag.py:3490} INFO - Setting next_dagrun for example_dag_decorator to None, run_after=None
[2023-07-09T19:11:24.295+0000] {processor.py:179} INFO - Processing /home/airflow/.local/lib/python3.7/site-packages/airflow/example_dags/example_dag_decorator.py took 0.189 seconds
[2023-07-09T19:11:54.409+0000] {processor.py:157} INFO - Started process (PID=1393) to work on /home/airflow/.local/lib/python3.7/site-packages/airflow/example_dags/example_dag_decorator.py
[2023-07-09T19:11:54.410+0000] {processor.py:826} INFO - Processing file /home/airflow/.local/lib/python3.7/site-packages/airflow/example_dags/example_dag_decorator.py for tasks to queue
[2023-07-09T19:11:54.411+0000] {logging_mixin.py:149} INFO - [2023-07-09T19:11:54.411+0000] {dagbag.py:541} INFO - Filling up the DagBag from /home/airflow/.local/lib/python3.7/site-packages/airflow/example_dags/example_dag_decorator.py
[2023-07-09T19:11:54.425+0000] {processor.py:836} INFO - DAG(s) dict_keys(['example_dag_decorator']) retrieved from /home/airflow/.local/lib/python3.7/site-packages/airflow/example_dags/example_dag_decorator.py
[2023-07-09T19:11:54.563+0000] {logging_mixin.py:149} INFO - [2023-07-09T19:11:54.563+0000] {dag.py:2726} INFO - Sync 1 DAGs
[2023-07-09T19:11:54.590+0000] {logging_mixin.py:149} INFO - [2023-07-09T19:11:54.590+0000] {dag.py:3490} INFO - Setting next_dagrun for example_dag_decorator to None, run_after=None
[2023-07-09T19:11:55.842+0000] {logging_mixin.py:149} INFO - [2023-07-09T19:11:55.841+0000] {dag.py:2726} INFO - Sync 1 DAGs
[2023-07-09T19:11:55.850+0000] {logging_mixin.py:149} INFO - [2023-07-09T19:11:55.849+0000] {dag.py:3490} INFO - Setting next_dagrun for example_dag_decorator to None, run_after=None
[2023-07-09T19:11:55.870+0000] {processor.py:179} INFO - Processing /home/airflow/.local/lib/python3.7/site-packages/airflow/example_dags/example_dag_decorator.py took 1.465 seconds
[2023-07-09T19:12:25.929+0000] {processor.py:157} INFO - Started process (PID=1458) to work on /home/airflow/.local/lib/python3.7/site-packages/airflow/example_dags/example_dag_decorator.py
[2023-07-09T19:12:25.930+0000] {processor.py:826} INFO - Processing file /home/airflow/.local/lib/python3.7/site-packages/airflow/example_dags/example_dag_decorator.py for tasks to queue
[2023-07-09T19:12:25.931+0000] {logging_mixin.py:149} INFO - [2023-07-09T19:12:25.931+0000] {dagbag.py:541} INFO - Filling up the DagBag from /home/airflow/.local/lib/python3.7/site-packages/airflow/example_dags/example_dag_decorator.py
[2023-07-09T19:12:25.944+0000] {processor.py:836} INFO - DAG(s) dict_keys(['example_dag_decorator']) retrieved from /home/airflow/.local/lib/python3.7/site-packages/airflow/example_dags/example_dag_decorator.py
[2023-07-09T19:12:25.957+0000] {logging_mixin.py:149} INFO - [2023-07-09T19:12:25.957+0000] {dag.py:2726} INFO - Sync 1 DAGs
[2023-07-09T19:12:25.979+0000] {logging_mixin.py:149} INFO - [2023-07-09T19:12:25.979+0000] {dag.py:3490} INFO - Setting next_dagrun for example_dag_decorator to None, run_after=None
[2023-07-09T19:12:26.007+0000] {processor.py:179} INFO - Processing /home/airflow/.local/lib/python3.7/site-packages/airflow/example_dags/example_dag_decorator.py took 0.081 seconds
[2023-07-09T19:12:56.536+0000] {processor.py:157} INFO - Started process (PID=1519) to work on /home/airflow/.local/lib/python3.7/site-packages/airflow/example_dags/example_dag_decorator.py
[2023-07-09T19:12:56.537+0000] {processor.py:826} INFO - Processing file /home/airflow/.local/lib/python3.7/site-packages/airflow/example_dags/example_dag_decorator.py for tasks to queue
[2023-07-09T19:12:56.538+0000] {logging_mixin.py:149} INFO - [2023-07-09T19:12:56.538+0000] {dagbag.py:541} INFO - Filling up the DagBag from /home/airflow/.local/lib/python3.7/site-packages/airflow/example_dags/example_dag_decorator.py
[2023-07-09T19:12:56.555+0000] {processor.py:836} INFO - DAG(s) dict_keys(['example_dag_decorator']) retrieved from /home/airflow/.local/lib/python3.7/site-packages/airflow/example_dags/example_dag_decorator.py
[2023-07-09T19:12:56.683+0000] {logging_mixin.py:149} INFO - [2023-07-09T19:12:56.683+0000] {dag.py:2726} INFO - Sync 1 DAGs
[2023-07-09T19:12:56.707+0000] {logging_mixin.py:149} INFO - [2023-07-09T19:12:56.707+0000] {dag.py:3490} INFO - Setting next_dagrun for example_dag_decorator to None, run_after=None
[2023-07-09T19:12:56.728+0000] {processor.py:179} INFO - Processing /home/airflow/.local/lib/python3.7/site-packages/airflow/example_dags/example_dag_decorator.py took 0.196 seconds
[2023-07-09T19:13:26.790+0000] {processor.py:157} INFO - Started process (PID=1581) to work on /home/airflow/.local/lib/python3.7/site-packages/airflow/example_dags/example_dag_decorator.py
[2023-07-09T19:13:26.791+0000] {processor.py:826} INFO - Processing file /home/airflow/.local/lib/python3.7/site-packages/airflow/example_dags/example_dag_decorator.py for tasks to queue
[2023-07-09T19:13:26.791+0000] {logging_mixin.py:149} INFO - [2023-07-09T19:13:26.791+0000] {dagbag.py:541} INFO - Filling up the DagBag from /home/airflow/.local/lib/python3.7/site-packages/airflow/example_dags/example_dag_decorator.py
[2023-07-09T19:13:26.803+0000] {processor.py:836} INFO - DAG(s) dict_keys(['example_dag_decorator']) retrieved from /home/airflow/.local/lib/python3.7/site-packages/airflow/example_dags/example_dag_decorator.py
[2023-07-09T19:13:26.917+0000] {logging_mixin.py:149} INFO - [2023-07-09T19:13:26.917+0000] {dag.py:2726} INFO - Sync 1 DAGs
[2023-07-09T19:13:26.938+0000] {logging_mixin.py:149} INFO - [2023-07-09T19:13:26.938+0000] {dag.py:3490} INFO - Setting next_dagrun for example_dag_decorator to None, run_after=None
[2023-07-09T19:13:26.965+0000] {processor.py:179} INFO - Processing /home/airflow/.local/lib/python3.7/site-packages/airflow/example_dags/example_dag_decorator.py took 0.178 seconds
[2023-07-09T19:13:57.142+0000] {processor.py:157} INFO - Started process (PID=1642) to work on /home/airflow/.local/lib/python3.7/site-packages/airflow/example_dags/example_dag_decorator.py
[2023-07-09T19:13:57.144+0000] {processor.py:826} INFO - Processing file /home/airflow/.local/lib/python3.7/site-packages/airflow/example_dags/example_dag_decorator.py for tasks to queue
[2023-07-09T19:13:57.144+0000] {logging_mixin.py:149} INFO - [2023-07-09T19:13:57.144+0000] {dagbag.py:541} INFO - Filling up the DagBag from /home/airflow/.local/lib/python3.7/site-packages/airflow/example_dags/example_dag_decorator.py
[2023-07-09T19:13:57.157+0000] {processor.py:836} INFO - DAG(s) dict_keys(['example_dag_decorator']) retrieved from /home/airflow/.local/lib/python3.7/site-packages/airflow/example_dags/example_dag_decorator.py
[2023-07-09T19:13:57.277+0000] {logging_mixin.py:149} INFO - [2023-07-09T19:13:57.277+0000] {dag.py:2726} INFO - Sync 1 DAGs
[2023-07-09T19:13:57.299+0000] {logging_mixin.py:149} INFO - [2023-07-09T19:13:57.299+0000] {dag.py:3490} INFO - Setting next_dagrun for example_dag_decorator to None, run_after=None
[2023-07-09T19:13:57.323+0000] {processor.py:179} INFO - Processing /home/airflow/.local/lib/python3.7/site-packages/airflow/example_dags/example_dag_decorator.py took 0.183 seconds
[2023-07-09T19:14:27.386+0000] {processor.py:157} INFO - Started process (PID=1703) to work on /home/airflow/.local/lib/python3.7/site-packages/airflow/example_dags/example_dag_decorator.py
[2023-07-09T19:14:27.387+0000] {processor.py:826} INFO - Processing file /home/airflow/.local/lib/python3.7/site-packages/airflow/example_dags/example_dag_decorator.py for tasks to queue
[2023-07-09T19:14:27.388+0000] {logging_mixin.py:149} INFO - [2023-07-09T19:14:27.387+0000] {dagbag.py:541} INFO - Filling up the DagBag from /home/airflow/.local/lib/python3.7/site-packages/airflow/example_dags/example_dag_decorator.py
[2023-07-09T19:14:27.400+0000] {processor.py:836} INFO - DAG(s) dict_keys(['example_dag_decorator']) retrieved from /home/airflow/.local/lib/python3.7/site-packages/airflow/example_dags/example_dag_decorator.py
[2023-07-09T19:14:27.516+0000] {logging_mixin.py:149} INFO - [2023-07-09T19:14:27.515+0000] {dag.py:2726} INFO - Sync 1 DAGs
[2023-07-09T19:14:27.540+0000] {logging_mixin.py:149} INFO - [2023-07-09T19:14:27.540+0000] {dag.py:3490} INFO - Setting next_dagrun for example_dag_decorator to None, run_after=None
[2023-07-09T19:14:27.562+0000] {processor.py:179} INFO - Processing /home/airflow/.local/lib/python3.7/site-packages/airflow/example_dags/example_dag_decorator.py took 0.179 seconds
[2023-07-09T19:14:57.617+0000] {processor.py:157} INFO - Started process (PID=1764) to work on /home/airflow/.local/lib/python3.7/site-packages/airflow/example_dags/example_dag_decorator.py
[2023-07-09T19:14:57.618+0000] {processor.py:826} INFO - Processing file /home/airflow/.local/lib/python3.7/site-packages/airflow/example_dags/example_dag_decorator.py for tasks to queue
[2023-07-09T19:14:57.619+0000] {logging_mixin.py:149} INFO - [2023-07-09T19:14:57.619+0000] {dagbag.py:541} INFO - Filling up the DagBag from /home/airflow/.local/lib/python3.7/site-packages/airflow/example_dags/example_dag_decorator.py
[2023-07-09T19:14:57.631+0000] {processor.py:836} INFO - DAG(s) dict_keys(['example_dag_decorator']) retrieved from /home/airflow/.local/lib/python3.7/site-packages/airflow/example_dags/example_dag_decorator.py
[2023-07-09T19:14:57.742+0000] {logging_mixin.py:149} INFO - [2023-07-09T19:14:57.741+0000] {dag.py:2726} INFO - Sync 1 DAGs
[2023-07-09T19:14:57.764+0000] {logging_mixin.py:149} INFO - [2023-07-09T19:14:57.764+0000] {dag.py:3490} INFO - Setting next_dagrun for example_dag_decorator to None, run_after=None
[2023-07-09T19:14:57.787+0000] {processor.py:179} INFO - Processing /home/airflow/.local/lib/python3.7/site-packages/airflow/example_dags/example_dag_decorator.py took 0.173 seconds
[2023-07-09T19:15:28.432+0000] {processor.py:157} INFO - Started process (PID=1825) to work on /home/airflow/.local/lib/python3.7/site-packages/airflow/example_dags/example_dag_decorator.py
[2023-07-09T19:15:28.433+0000] {processor.py:826} INFO - Processing file /home/airflow/.local/lib/python3.7/site-packages/airflow/example_dags/example_dag_decorator.py for tasks to queue
[2023-07-09T19:15:28.434+0000] {logging_mixin.py:149} INFO - [2023-07-09T19:15:28.434+0000] {dagbag.py:541} INFO - Filling up the DagBag from /home/airflow/.local/lib/python3.7/site-packages/airflow/example_dags/example_dag_decorator.py
[2023-07-09T19:15:28.446+0000] {processor.py:836} INFO - DAG(s) dict_keys(['example_dag_decorator']) retrieved from /home/airflow/.local/lib/python3.7/site-packages/airflow/example_dags/example_dag_decorator.py
[2023-07-09T19:15:28.563+0000] {logging_mixin.py:149} INFO - [2023-07-09T19:15:28.563+0000] {dag.py:2726} INFO - Sync 1 DAGs
[2023-07-09T19:15:28.589+0000] {logging_mixin.py:149} INFO - [2023-07-09T19:15:28.589+0000] {dag.py:3490} INFO - Setting next_dagrun for example_dag_decorator to None, run_after=None
[2023-07-09T19:15:28.622+0000] {processor.py:179} INFO - Processing /home/airflow/.local/lib/python3.7/site-packages/airflow/example_dags/example_dag_decorator.py took 0.192 seconds
[2023-07-09T19:15:58.722+0000] {processor.py:157} INFO - Started process (PID=1887) to work on /home/airflow/.local/lib/python3.7/site-packages/airflow/example_dags/example_dag_decorator.py
[2023-07-09T19:15:58.723+0000] {processor.py:826} INFO - Processing file /home/airflow/.local/lib/python3.7/site-packages/airflow/example_dags/example_dag_decorator.py for tasks to queue
[2023-07-09T19:15:58.723+0000] {logging_mixin.py:149} INFO - [2023-07-09T19:15:58.723+0000] {dagbag.py:541} INFO - Filling up the DagBag from /home/airflow/.local/lib/python3.7/site-packages/airflow/example_dags/example_dag_decorator.py
[2023-07-09T19:15:58.736+0000] {processor.py:836} INFO - DAG(s) dict_keys(['example_dag_decorator']) retrieved from /home/airflow/.local/lib/python3.7/site-packages/airflow/example_dags/example_dag_decorator.py
[2023-07-09T19:15:58.852+0000] {logging_mixin.py:149} INFO - [2023-07-09T19:15:58.852+0000] {dag.py:2726} INFO - Sync 1 DAGs
[2023-07-09T19:15:58.878+0000] {logging_mixin.py:149} INFO - [2023-07-09T19:15:58.877+0000] {dag.py:3490} INFO - Setting next_dagrun for example_dag_decorator to None, run_after=None
[2023-07-09T19:15:58.903+0000] {processor.py:179} INFO - Processing /home/airflow/.local/lib/python3.7/site-packages/airflow/example_dags/example_dag_decorator.py took 0.185 seconds
[2023-07-09T19:16:28.972+0000] {processor.py:157} INFO - Started process (PID=1951) to work on /home/airflow/.local/lib/python3.7/site-packages/airflow/example_dags/example_dag_decorator.py
[2023-07-09T19:16:28.973+0000] {processor.py:826} INFO - Processing file /home/airflow/.local/lib/python3.7/site-packages/airflow/example_dags/example_dag_decorator.py for tasks to queue
[2023-07-09T19:16:28.974+0000] {logging_mixin.py:149} INFO - [2023-07-09T19:16:28.974+0000] {dagbag.py:541} INFO - Filling up the DagBag from /home/airflow/.local/lib/python3.7/site-packages/airflow/example_dags/example_dag_decorator.py
[2023-07-09T19:16:28.987+0000] {processor.py:836} INFO - DAG(s) dict_keys(['example_dag_decorator']) retrieved from /home/airflow/.local/lib/python3.7/site-packages/airflow/example_dags/example_dag_decorator.py
[2023-07-09T19:16:29.105+0000] {logging_mixin.py:149} INFO - [2023-07-09T19:16:29.105+0000] {dag.py:2726} INFO - Sync 1 DAGs
[2023-07-09T19:16:29.127+0000] {logging_mixin.py:149} INFO - [2023-07-09T19:16:29.127+0000] {dag.py:3490} INFO - Setting next_dagrun for example_dag_decorator to None, run_after=None
[2023-07-09T19:16:29.150+0000] {processor.py:179} INFO - Processing /home/airflow/.local/lib/python3.7/site-packages/airflow/example_dags/example_dag_decorator.py took 0.180 seconds
[2023-07-09T19:16:59.192+0000] {processor.py:157} INFO - Started process (PID=2014) to work on /home/airflow/.local/lib/python3.7/site-packages/airflow/example_dags/example_dag_decorator.py
[2023-07-09T19:16:59.193+0000] {processor.py:826} INFO - Processing file /home/airflow/.local/lib/python3.7/site-packages/airflow/example_dags/example_dag_decorator.py for tasks to queue
[2023-07-09T19:16:59.194+0000] {logging_mixin.py:149} INFO - [2023-07-09T19:16:59.194+0000] {dagbag.py:541} INFO - Filling up the DagBag from /home/airflow/.local/lib/python3.7/site-packages/airflow/example_dags/example_dag_decorator.py
[2023-07-09T19:16:59.206+0000] {processor.py:836} INFO - DAG(s) dict_keys(['example_dag_decorator']) retrieved from /home/airflow/.local/lib/python3.7/site-packages/airflow/example_dags/example_dag_decorator.py
[2023-07-09T19:16:59.322+0000] {logging_mixin.py:149} INFO - [2023-07-09T19:16:59.322+0000] {dag.py:2726} INFO - Sync 1 DAGs
[2023-07-09T19:16:59.342+0000] {logging_mixin.py:149} INFO - [2023-07-09T19:16:59.342+0000] {dag.py:3490} INFO - Setting next_dagrun for example_dag_decorator to None, run_after=None
[2023-07-09T19:16:59.363+0000] {processor.py:179} INFO - Processing /home/airflow/.local/lib/python3.7/site-packages/airflow/example_dags/example_dag_decorator.py took 0.174 seconds
[2023-07-09T19:17:29.473+0000] {processor.py:157} INFO - Started process (PID=2074) to work on /home/airflow/.local/lib/python3.7/site-packages/airflow/example_dags/example_dag_decorator.py
[2023-07-09T19:17:29.474+0000] {processor.py:826} INFO - Processing file /home/airflow/.local/lib/python3.7/site-packages/airflow/example_dags/example_dag_decorator.py for tasks to queue
[2023-07-09T19:17:29.476+0000] {logging_mixin.py:149} INFO - [2023-07-09T19:17:29.475+0000] {dagbag.py:541} INFO - Filling up the DagBag from /home/airflow/.local/lib/python3.7/site-packages/airflow/example_dags/example_dag_decorator.py
[2023-07-09T19:17:29.493+0000] {processor.py:836} INFO - DAG(s) dict_keys(['example_dag_decorator']) retrieved from /home/airflow/.local/lib/python3.7/site-packages/airflow/example_dags/example_dag_decorator.py
[2023-07-09T19:17:29.664+0000] {logging_mixin.py:149} INFO - [2023-07-09T19:17:29.664+0000] {dag.py:2726} INFO - Sync 1 DAGs
[2023-07-09T19:17:29.690+0000] {logging_mixin.py:149} INFO - [2023-07-09T19:17:29.689+0000] {dag.py:3490} INFO - Setting next_dagrun for example_dag_decorator to None, run_after=None
[2023-07-09T19:17:29.715+0000] {processor.py:179} INFO - Processing /home/airflow/.local/lib/python3.7/site-packages/airflow/example_dags/example_dag_decorator.py took 0.246 seconds
[2023-07-09T19:18:00.399+0000] {processor.py:157} INFO - Started process (PID=2136) to work on /home/airflow/.local/lib/python3.7/site-packages/airflow/example_dags/example_dag_decorator.py
[2023-07-09T19:18:00.400+0000] {processor.py:826} INFO - Processing file /home/airflow/.local/lib/python3.7/site-packages/airflow/example_dags/example_dag_decorator.py for tasks to queue
[2023-07-09T19:18:00.401+0000] {logging_mixin.py:149} INFO - [2023-07-09T19:18:00.401+0000] {dagbag.py:541} INFO - Filling up the DagBag from /home/airflow/.local/lib/python3.7/site-packages/airflow/example_dags/example_dag_decorator.py
[2023-07-09T19:18:00.413+0000] {processor.py:836} INFO - DAG(s) dict_keys(['example_dag_decorator']) retrieved from /home/airflow/.local/lib/python3.7/site-packages/airflow/example_dags/example_dag_decorator.py
[2023-07-09T19:18:00.534+0000] {logging_mixin.py:149} INFO - [2023-07-09T19:18:00.534+0000] {dag.py:2726} INFO - Sync 1 DAGs
[2023-07-09T19:18:00.576+0000] {logging_mixin.py:149} INFO - [2023-07-09T19:18:00.576+0000] {dag.py:3490} INFO - Setting next_dagrun for example_dag_decorator to None, run_after=None
[2023-07-09T19:18:00.604+0000] {processor.py:179} INFO - Processing /home/airflow/.local/lib/python3.7/site-packages/airflow/example_dags/example_dag_decorator.py took 0.208 seconds
[2023-07-09T19:18:30.804+0000] {processor.py:157} INFO - Started process (PID=2198) to work on /home/airflow/.local/lib/python3.7/site-packages/airflow/example_dags/example_dag_decorator.py
[2023-07-09T19:18:30.805+0000] {processor.py:826} INFO - Processing file /home/airflow/.local/lib/python3.7/site-packages/airflow/example_dags/example_dag_decorator.py for tasks to queue
[2023-07-09T19:18:30.805+0000] {logging_mixin.py:149} INFO - [2023-07-09T19:18:30.805+0000] {dagbag.py:541} INFO - Filling up the DagBag from /home/airflow/.local/lib/python3.7/site-packages/airflow/example_dags/example_dag_decorator.py
[2023-07-09T19:18:30.819+0000] {processor.py:836} INFO - DAG(s) dict_keys(['example_dag_decorator']) retrieved from /home/airflow/.local/lib/python3.7/site-packages/airflow/example_dags/example_dag_decorator.py
[2023-07-09T19:18:30.941+0000] {logging_mixin.py:149} INFO - [2023-07-09T19:18:30.941+0000] {dag.py:2726} INFO - Sync 1 DAGs
[2023-07-09T19:18:30.965+0000] {logging_mixin.py:149} INFO - [2023-07-09T19:18:30.965+0000] {dag.py:3490} INFO - Setting next_dagrun for example_dag_decorator to None, run_after=None
[2023-07-09T19:18:30.988+0000] {processor.py:179} INFO - Processing /home/airflow/.local/lib/python3.7/site-packages/airflow/example_dags/example_dag_decorator.py took 0.187 seconds
[2023-07-09T19:19:01.022+0000] {processor.py:157} INFO - Started process (PID=2260) to work on /home/airflow/.local/lib/python3.7/site-packages/airflow/example_dags/example_dag_decorator.py
[2023-07-09T19:19:01.023+0000] {processor.py:826} INFO - Processing file /home/airflow/.local/lib/python3.7/site-packages/airflow/example_dags/example_dag_decorator.py for tasks to queue
[2023-07-09T19:19:01.024+0000] {logging_mixin.py:149} INFO - [2023-07-09T19:19:01.024+0000] {dagbag.py:541} INFO - Filling up the DagBag from /home/airflow/.local/lib/python3.7/site-packages/airflow/example_dags/example_dag_decorator.py
[2023-07-09T19:19:01.036+0000] {processor.py:836} INFO - DAG(s) dict_keys(['example_dag_decorator']) retrieved from /home/airflow/.local/lib/python3.7/site-packages/airflow/example_dags/example_dag_decorator.py
[2023-07-09T19:19:01.154+0000] {logging_mixin.py:149} INFO - [2023-07-09T19:19:01.154+0000] {dag.py:2726} INFO - Sync 1 DAGs
[2023-07-09T19:19:01.178+0000] {logging_mixin.py:149} INFO - [2023-07-09T19:19:01.178+0000] {dag.py:3490} INFO - Setting next_dagrun for example_dag_decorator to None, run_after=None
[2023-07-09T19:19:01.201+0000] {processor.py:179} INFO - Processing /home/airflow/.local/lib/python3.7/site-packages/airflow/example_dags/example_dag_decorator.py took 0.181 seconds
[2023-07-09T19:19:31.268+0000] {processor.py:157} INFO - Started process (PID=2323) to work on /home/airflow/.local/lib/python3.7/site-packages/airflow/example_dags/example_dag_decorator.py
[2023-07-09T19:19:31.269+0000] {processor.py:826} INFO - Processing file /home/airflow/.local/lib/python3.7/site-packages/airflow/example_dags/example_dag_decorator.py for tasks to queue
[2023-07-09T19:19:31.270+0000] {logging_mixin.py:149} INFO - [2023-07-09T19:19:31.270+0000] {dagbag.py:541} INFO - Filling up the DagBag from /home/airflow/.local/lib/python3.7/site-packages/airflow/example_dags/example_dag_decorator.py
[2023-07-09T19:19:31.282+0000] {processor.py:836} INFO - DAG(s) dict_keys(['example_dag_decorator']) retrieved from /home/airflow/.local/lib/python3.7/site-packages/airflow/example_dags/example_dag_decorator.py
[2023-07-09T19:19:31.396+0000] {logging_mixin.py:149} INFO - [2023-07-09T19:19:31.396+0000] {dag.py:2726} INFO - Sync 1 DAGs
[2023-07-09T19:19:31.418+0000] {logging_mixin.py:149} INFO - [2023-07-09T19:19:31.418+0000] {dag.py:3490} INFO - Setting next_dagrun for example_dag_decorator to None, run_after=None
[2023-07-09T19:19:31.441+0000] {processor.py:179} INFO - Processing /home/airflow/.local/lib/python3.7/site-packages/airflow/example_dags/example_dag_decorator.py took 0.176 seconds
[2023-07-09T19:20:01.468+0000] {processor.py:157} INFO - Started process (PID=2385) to work on /home/airflow/.local/lib/python3.7/site-packages/airflow/example_dags/example_dag_decorator.py
[2023-07-09T19:20:01.469+0000] {processor.py:826} INFO - Processing file /home/airflow/.local/lib/python3.7/site-packages/airflow/example_dags/example_dag_decorator.py for tasks to queue
[2023-07-09T19:20:01.470+0000] {logging_mixin.py:149} INFO - [2023-07-09T19:20:01.470+0000] {dagbag.py:541} INFO - Filling up the DagBag from /home/airflow/.local/lib/python3.7/site-packages/airflow/example_dags/example_dag_decorator.py
[2023-07-09T19:20:01.487+0000] {processor.py:836} INFO - DAG(s) dict_keys(['example_dag_decorator']) retrieved from /home/airflow/.local/lib/python3.7/site-packages/airflow/example_dags/example_dag_decorator.py
[2023-07-09T19:20:01.624+0000] {logging_mixin.py:149} INFO - [2023-07-09T19:20:01.623+0000] {dag.py:2726} INFO - Sync 1 DAGs
[2023-07-09T19:20:01.647+0000] {logging_mixin.py:149} INFO - [2023-07-09T19:20:01.647+0000] {dag.py:3490} INFO - Setting next_dagrun for example_dag_decorator to None, run_after=None
[2023-07-09T19:20:01.686+0000] {processor.py:179} INFO - Processing /home/airflow/.local/lib/python3.7/site-packages/airflow/example_dags/example_dag_decorator.py took 0.221 seconds
[2023-07-09T19:20:31.848+0000] {processor.py:157} INFO - Started process (PID=2446) to work on /home/airflow/.local/lib/python3.7/site-packages/airflow/example_dags/example_dag_decorator.py
[2023-07-09T19:20:31.849+0000] {processor.py:826} INFO - Processing file /home/airflow/.local/lib/python3.7/site-packages/airflow/example_dags/example_dag_decorator.py for tasks to queue
[2023-07-09T19:20:31.850+0000] {logging_mixin.py:149} INFO - [2023-07-09T19:20:31.850+0000] {dagbag.py:541} INFO - Filling up the DagBag from /home/airflow/.local/lib/python3.7/site-packages/airflow/example_dags/example_dag_decorator.py
[2023-07-09T19:20:31.862+0000] {processor.py:836} INFO - DAG(s) dict_keys(['example_dag_decorator']) retrieved from /home/airflow/.local/lib/python3.7/site-packages/airflow/example_dags/example_dag_decorator.py
[2023-07-09T19:20:31.980+0000] {logging_mixin.py:149} INFO - [2023-07-09T19:20:31.980+0000] {dag.py:2726} INFO - Sync 1 DAGs
[2023-07-09T19:20:32.004+0000] {logging_mixin.py:149} INFO - [2023-07-09T19:20:32.004+0000] {dag.py:3490} INFO - Setting next_dagrun for example_dag_decorator to None, run_after=None
[2023-07-09T19:20:32.027+0000] {processor.py:179} INFO - Processing /home/airflow/.local/lib/python3.7/site-packages/airflow/example_dags/example_dag_decorator.py took 0.182 seconds
[2023-07-09T19:21:02.154+0000] {processor.py:157} INFO - Started process (PID=2508) to work on /home/airflow/.local/lib/python3.7/site-packages/airflow/example_dags/example_dag_decorator.py
[2023-07-09T19:21:02.155+0000] {processor.py:826} INFO - Processing file /home/airflow/.local/lib/python3.7/site-packages/airflow/example_dags/example_dag_decorator.py for tasks to queue
[2023-07-09T19:21:02.156+0000] {logging_mixin.py:149} INFO - [2023-07-09T19:21:02.156+0000] {dagbag.py:541} INFO - Filling up the DagBag from /home/airflow/.local/lib/python3.7/site-packages/airflow/example_dags/example_dag_decorator.py
[2023-07-09T19:21:02.171+0000] {processor.py:836} INFO - DAG(s) dict_keys(['example_dag_decorator']) retrieved from /home/airflow/.local/lib/python3.7/site-packages/airflow/example_dags/example_dag_decorator.py
[2023-07-09T19:21:02.297+0000] {logging_mixin.py:149} INFO - [2023-07-09T19:21:02.297+0000] {dag.py:2726} INFO - Sync 1 DAGs
[2023-07-09T19:21:02.322+0000] {logging_mixin.py:149} INFO - [2023-07-09T19:21:02.322+0000] {dag.py:3490} INFO - Setting next_dagrun for example_dag_decorator to None, run_after=None
[2023-07-09T19:21:02.345+0000] {processor.py:179} INFO - Processing /home/airflow/.local/lib/python3.7/site-packages/airflow/example_dags/example_dag_decorator.py took 0.194 seconds
[2023-07-09T19:21:32.526+0000] {processor.py:157} INFO - Started process (PID=2570) to work on /home/airflow/.local/lib/python3.7/site-packages/airflow/example_dags/example_dag_decorator.py
[2023-07-09T19:21:32.527+0000] {processor.py:826} INFO - Processing file /home/airflow/.local/lib/python3.7/site-packages/airflow/example_dags/example_dag_decorator.py for tasks to queue
[2023-07-09T19:21:32.528+0000] {logging_mixin.py:149} INFO - [2023-07-09T19:21:32.528+0000] {dagbag.py:541} INFO - Filling up the DagBag from /home/airflow/.local/lib/python3.7/site-packages/airflow/example_dags/example_dag_decorator.py
[2023-07-09T19:21:32.566+0000] {processor.py:836} INFO - DAG(s) dict_keys(['example_dag_decorator']) retrieved from /home/airflow/.local/lib/python3.7/site-packages/airflow/example_dags/example_dag_decorator.py
[2023-07-09T19:21:32.768+0000] {logging_mixin.py:149} INFO - [2023-07-09T19:21:32.768+0000] {dag.py:2726} INFO - Sync 1 DAGs
[2023-07-09T19:21:32.800+0000] {logging_mixin.py:149} INFO - [2023-07-09T19:21:32.800+0000] {dag.py:3490} INFO - Setting next_dagrun for example_dag_decorator to None, run_after=None
[2023-07-09T19:21:32.829+0000] {processor.py:179} INFO - Processing /home/airflow/.local/lib/python3.7/site-packages/airflow/example_dags/example_dag_decorator.py took 0.308 seconds
[2023-07-09T19:22:02.958+0000] {processor.py:157} INFO - Started process (PID=2633) to work on /home/airflow/.local/lib/python3.7/site-packages/airflow/example_dags/example_dag_decorator.py
[2023-07-09T19:22:02.959+0000] {processor.py:826} INFO - Processing file /home/airflow/.local/lib/python3.7/site-packages/airflow/example_dags/example_dag_decorator.py for tasks to queue
[2023-07-09T19:22:02.960+0000] {logging_mixin.py:149} INFO - [2023-07-09T19:22:02.960+0000] {dagbag.py:541} INFO - Filling up the DagBag from /home/airflow/.local/lib/python3.7/site-packages/airflow/example_dags/example_dag_decorator.py
[2023-07-09T19:22:02.975+0000] {processor.py:836} INFO - DAG(s) dict_keys(['example_dag_decorator']) retrieved from /home/airflow/.local/lib/python3.7/site-packages/airflow/example_dags/example_dag_decorator.py
[2023-07-09T19:22:03.103+0000] {logging_mixin.py:149} INFO - [2023-07-09T19:22:03.103+0000] {dag.py:2726} INFO - Sync 1 DAGs
[2023-07-09T19:22:03.126+0000] {logging_mixin.py:149} INFO - [2023-07-09T19:22:03.125+0000] {dag.py:3490} INFO - Setting next_dagrun for example_dag_decorator to None, run_after=None
[2023-07-09T19:22:03.148+0000] {processor.py:179} INFO - Processing /home/airflow/.local/lib/python3.7/site-packages/airflow/example_dags/example_dag_decorator.py took 0.193 seconds
[2023-07-09T19:22:33.216+0000] {processor.py:157} INFO - Started process (PID=2695) to work on /home/airflow/.local/lib/python3.7/site-packages/airflow/example_dags/example_dag_decorator.py
[2023-07-09T19:22:33.217+0000] {processor.py:826} INFO - Processing file /home/airflow/.local/lib/python3.7/site-packages/airflow/example_dags/example_dag_decorator.py for tasks to queue
[2023-07-09T19:22:33.218+0000] {logging_mixin.py:149} INFO - [2023-07-09T19:22:33.218+0000] {dagbag.py:541} INFO - Filling up the DagBag from /home/airflow/.local/lib/python3.7/site-packages/airflow/example_dags/example_dag_decorator.py
[2023-07-09T19:22:33.230+0000] {processor.py:836} INFO - DAG(s) dict_keys(['example_dag_decorator']) retrieved from /home/airflow/.local/lib/python3.7/site-packages/airflow/example_dags/example_dag_decorator.py
[2023-07-09T19:22:33.357+0000] {logging_mixin.py:149} INFO - [2023-07-09T19:22:33.357+0000] {dag.py:2726} INFO - Sync 1 DAGs
[2023-07-09T19:22:33.378+0000] {logging_mixin.py:149} INFO - [2023-07-09T19:22:33.378+0000] {dag.py:3490} INFO - Setting next_dagrun for example_dag_decorator to None, run_after=None
[2023-07-09T19:22:33.400+0000] {processor.py:179} INFO - Processing /home/airflow/.local/lib/python3.7/site-packages/airflow/example_dags/example_dag_decorator.py took 0.187 seconds
[2023-07-09T19:23:03.446+0000] {processor.py:157} INFO - Started process (PID=2758) to work on /home/airflow/.local/lib/python3.7/site-packages/airflow/example_dags/example_dag_decorator.py
[2023-07-09T19:23:03.447+0000] {processor.py:826} INFO - Processing file /home/airflow/.local/lib/python3.7/site-packages/airflow/example_dags/example_dag_decorator.py for tasks to queue
[2023-07-09T19:23:03.448+0000] {logging_mixin.py:149} INFO - [2023-07-09T19:23:03.448+0000] {dagbag.py:541} INFO - Filling up the DagBag from /home/airflow/.local/lib/python3.7/site-packages/airflow/example_dags/example_dag_decorator.py
[2023-07-09T19:23:03.461+0000] {processor.py:836} INFO - DAG(s) dict_keys(['example_dag_decorator']) retrieved from /home/airflow/.local/lib/python3.7/site-packages/airflow/example_dags/example_dag_decorator.py
[2023-07-09T19:23:03.582+0000] {logging_mixin.py:149} INFO - [2023-07-09T19:23:03.581+0000] {dag.py:2726} INFO - Sync 1 DAGs
[2023-07-09T19:23:03.604+0000] {logging_mixin.py:149} INFO - [2023-07-09T19:23:03.604+0000] {dag.py:3490} INFO - Setting next_dagrun for example_dag_decorator to None, run_after=None
[2023-07-09T19:23:03.628+0000] {processor.py:179} INFO - Processing /home/airflow/.local/lib/python3.7/site-packages/airflow/example_dags/example_dag_decorator.py took 0.185 seconds
[2023-07-09T19:23:33.768+0000] {processor.py:157} INFO - Started process (PID=2822) to work on /home/airflow/.local/lib/python3.7/site-packages/airflow/example_dags/example_dag_decorator.py
[2023-07-09T19:23:33.769+0000] {processor.py:826} INFO - Processing file /home/airflow/.local/lib/python3.7/site-packages/airflow/example_dags/example_dag_decorator.py for tasks to queue
[2023-07-09T19:23:33.770+0000] {logging_mixin.py:149} INFO - [2023-07-09T19:23:33.769+0000] {dagbag.py:541} INFO - Filling up the DagBag from /home/airflow/.local/lib/python3.7/site-packages/airflow/example_dags/example_dag_decorator.py
[2023-07-09T19:23:33.782+0000] {processor.py:836} INFO - DAG(s) dict_keys(['example_dag_decorator']) retrieved from /home/airflow/.local/lib/python3.7/site-packages/airflow/example_dags/example_dag_decorator.py
[2023-07-09T19:23:33.886+0000] {logging_mixin.py:149} INFO - [2023-07-09T19:23:33.886+0000] {dag.py:2726} INFO - Sync 1 DAGs
[2023-07-09T19:23:33.904+0000] {logging_mixin.py:149} INFO - [2023-07-09T19:23:33.904+0000] {dag.py:3490} INFO - Setting next_dagrun for example_dag_decorator to None, run_after=None
[2023-07-09T19:23:33.924+0000] {processor.py:179} INFO - Processing /home/airflow/.local/lib/python3.7/site-packages/airflow/example_dags/example_dag_decorator.py took 0.159 seconds
[2023-07-09T19:24:04.023+0000] {processor.py:157} INFO - Started process (PID=2881) to work on /home/airflow/.local/lib/python3.7/site-packages/airflow/example_dags/example_dag_decorator.py
[2023-07-09T19:24:04.024+0000] {processor.py:826} INFO - Processing file /home/airflow/.local/lib/python3.7/site-packages/airflow/example_dags/example_dag_decorator.py for tasks to queue
[2023-07-09T19:24:04.024+0000] {logging_mixin.py:149} INFO - [2023-07-09T19:24:04.024+0000] {dagbag.py:541} INFO - Filling up the DagBag from /home/airflow/.local/lib/python3.7/site-packages/airflow/example_dags/example_dag_decorator.py
[2023-07-09T19:24:04.038+0000] {processor.py:836} INFO - DAG(s) dict_keys(['example_dag_decorator']) retrieved from /home/airflow/.local/lib/python3.7/site-packages/airflow/example_dags/example_dag_decorator.py
[2023-07-09T19:24:04.151+0000] {logging_mixin.py:149} INFO - [2023-07-09T19:24:04.151+0000] {dag.py:2726} INFO - Sync 1 DAGs
[2023-07-09T19:24:04.174+0000] {logging_mixin.py:149} INFO - [2023-07-09T19:24:04.173+0000] {dag.py:3490} INFO - Setting next_dagrun for example_dag_decorator to None, run_after=None
[2023-07-09T19:24:04.196+0000] {processor.py:179} INFO - Processing /home/airflow/.local/lib/python3.7/site-packages/airflow/example_dags/example_dag_decorator.py took 0.176 seconds
[2023-07-09T19:24:34.983+0000] {processor.py:157} INFO - Started process (PID=2934) to work on /home/airflow/.local/lib/python3.7/site-packages/airflow/example_dags/example_dag_decorator.py
[2023-07-09T19:24:34.984+0000] {processor.py:826} INFO - Processing file /home/airflow/.local/lib/python3.7/site-packages/airflow/example_dags/example_dag_decorator.py for tasks to queue
[2023-07-09T19:24:34.984+0000] {logging_mixin.py:149} INFO - [2023-07-09T19:24:34.984+0000] {dagbag.py:541} INFO - Filling up the DagBag from /home/airflow/.local/lib/python3.7/site-packages/airflow/example_dags/example_dag_decorator.py
[2023-07-09T19:24:34.997+0000] {processor.py:836} INFO - DAG(s) dict_keys(['example_dag_decorator']) retrieved from /home/airflow/.local/lib/python3.7/site-packages/airflow/example_dags/example_dag_decorator.py
[2023-07-09T19:24:35.111+0000] {logging_mixin.py:149} INFO - [2023-07-09T19:24:35.110+0000] {dag.py:2726} INFO - Sync 1 DAGs
[2023-07-09T19:24:35.135+0000] {logging_mixin.py:149} INFO - [2023-07-09T19:24:35.135+0000] {dag.py:3490} INFO - Setting next_dagrun for example_dag_decorator to None, run_after=None
[2023-07-09T19:24:35.157+0000] {processor.py:179} INFO - Processing /home/airflow/.local/lib/python3.7/site-packages/airflow/example_dags/example_dag_decorator.py took 0.178 seconds
[2023-07-09T19:25:05.184+0000] {processor.py:157} INFO - Started process (PID=2997) to work on /home/airflow/.local/lib/python3.7/site-packages/airflow/example_dags/example_dag_decorator.py
[2023-07-09T19:25:05.185+0000] {processor.py:826} INFO - Processing file /home/airflow/.local/lib/python3.7/site-packages/airflow/example_dags/example_dag_decorator.py for tasks to queue
[2023-07-09T19:25:05.186+0000] {logging_mixin.py:149} INFO - [2023-07-09T19:25:05.186+0000] {dagbag.py:541} INFO - Filling up the DagBag from /home/airflow/.local/lib/python3.7/site-packages/airflow/example_dags/example_dag_decorator.py
[2023-07-09T19:25:05.198+0000] {processor.py:836} INFO - DAG(s) dict_keys(['example_dag_decorator']) retrieved from /home/airflow/.local/lib/python3.7/site-packages/airflow/example_dags/example_dag_decorator.py
[2023-07-09T19:25:05.314+0000] {logging_mixin.py:149} INFO - [2023-07-09T19:25:05.314+0000] {dag.py:2726} INFO - Sync 1 DAGs
[2023-07-09T19:25:05.335+0000] {logging_mixin.py:149} INFO - [2023-07-09T19:25:05.335+0000] {dag.py:3490} INFO - Setting next_dagrun for example_dag_decorator to None, run_after=None
[2023-07-09T19:25:05.358+0000] {processor.py:179} INFO - Processing /home/airflow/.local/lib/python3.7/site-packages/airflow/example_dags/example_dag_decorator.py took 0.176 seconds
[2023-07-09T19:25:36.094+0000] {processor.py:157} INFO - Started process (PID=3058) to work on /home/airflow/.local/lib/python3.7/site-packages/airflow/example_dags/example_dag_decorator.py
[2023-07-09T19:25:36.095+0000] {processor.py:826} INFO - Processing file /home/airflow/.local/lib/python3.7/site-packages/airflow/example_dags/example_dag_decorator.py for tasks to queue
[2023-07-09T19:25:36.096+0000] {logging_mixin.py:149} INFO - [2023-07-09T19:25:36.096+0000] {dagbag.py:541} INFO - Filling up the DagBag from /home/airflow/.local/lib/python3.7/site-packages/airflow/example_dags/example_dag_decorator.py
[2023-07-09T19:25:36.109+0000] {processor.py:836} INFO - DAG(s) dict_keys(['example_dag_decorator']) retrieved from /home/airflow/.local/lib/python3.7/site-packages/airflow/example_dags/example_dag_decorator.py
[2023-07-09T19:25:36.232+0000] {logging_mixin.py:149} INFO - [2023-07-09T19:25:36.232+0000] {dag.py:2726} INFO - Sync 1 DAGs
[2023-07-09T19:25:36.257+0000] {logging_mixin.py:149} INFO - [2023-07-09T19:25:36.257+0000] {dag.py:3490} INFO - Setting next_dagrun for example_dag_decorator to None, run_after=None
[2023-07-09T19:25:36.281+0000] {processor.py:179} INFO - Processing /home/airflow/.local/lib/python3.7/site-packages/airflow/example_dags/example_dag_decorator.py took 0.190 seconds
[2023-07-09T19:26:06.594+0000] {processor.py:157} INFO - Started process (PID=3120) to work on /home/airflow/.local/lib/python3.7/site-packages/airflow/example_dags/example_dag_decorator.py
[2023-07-09T19:26:06.595+0000] {processor.py:826} INFO - Processing file /home/airflow/.local/lib/python3.7/site-packages/airflow/example_dags/example_dag_decorator.py for tasks to queue
[2023-07-09T19:26:06.596+0000] {logging_mixin.py:149} INFO - [2023-07-09T19:26:06.595+0000] {dagbag.py:541} INFO - Filling up the DagBag from /home/airflow/.local/lib/python3.7/site-packages/airflow/example_dags/example_dag_decorator.py
[2023-07-09T19:26:06.608+0000] {processor.py:836} INFO - DAG(s) dict_keys(['example_dag_decorator']) retrieved from /home/airflow/.local/lib/python3.7/site-packages/airflow/example_dags/example_dag_decorator.py
[2023-07-09T19:26:06.717+0000] {logging_mixin.py:149} INFO - [2023-07-09T19:26:06.717+0000] {dag.py:2726} INFO - Sync 1 DAGs
[2023-07-09T19:26:06.740+0000] {logging_mixin.py:149} INFO - [2023-07-09T19:26:06.740+0000] {dag.py:3490} INFO - Setting next_dagrun for example_dag_decorator to None, run_after=None
[2023-07-09T19:26:06.763+0000] {processor.py:179} INFO - Processing /home/airflow/.local/lib/python3.7/site-packages/airflow/example_dags/example_dag_decorator.py took 0.172 seconds
[2023-07-09T19:26:37.226+0000] {processor.py:157} INFO - Started process (PID=3182) to work on /home/airflow/.local/lib/python3.7/site-packages/airflow/example_dags/example_dag_decorator.py
[2023-07-09T19:26:37.227+0000] {processor.py:826} INFO - Processing file /home/airflow/.local/lib/python3.7/site-packages/airflow/example_dags/example_dag_decorator.py for tasks to queue
[2023-07-09T19:26:37.228+0000] {logging_mixin.py:149} INFO - [2023-07-09T19:26:37.228+0000] {dagbag.py:541} INFO - Filling up the DagBag from /home/airflow/.local/lib/python3.7/site-packages/airflow/example_dags/example_dag_decorator.py
[2023-07-09T19:26:37.243+0000] {processor.py:836} INFO - DAG(s) dict_keys(['example_dag_decorator']) retrieved from /home/airflow/.local/lib/python3.7/site-packages/airflow/example_dags/example_dag_decorator.py
[2023-07-09T19:26:37.369+0000] {logging_mixin.py:149} INFO - [2023-07-09T19:26:37.369+0000] {dag.py:2726} INFO - Sync 1 DAGs
[2023-07-09T19:26:37.395+0000] {logging_mixin.py:149} INFO - [2023-07-09T19:26:37.395+0000] {dag.py:3490} INFO - Setting next_dagrun for example_dag_decorator to None, run_after=None
[2023-07-09T19:26:37.419+0000] {processor.py:179} INFO - Processing /home/airflow/.local/lib/python3.7/site-packages/airflow/example_dags/example_dag_decorator.py took 0.197 seconds
[2023-07-09T19:27:07.648+0000] {processor.py:157} INFO - Started process (PID=3244) to work on /home/airflow/.local/lib/python3.7/site-packages/airflow/example_dags/example_dag_decorator.py
[2023-07-09T19:27:07.649+0000] {processor.py:826} INFO - Processing file /home/airflow/.local/lib/python3.7/site-packages/airflow/example_dags/example_dag_decorator.py for tasks to queue
[2023-07-09T19:27:07.650+0000] {logging_mixin.py:149} INFO - [2023-07-09T19:27:07.650+0000] {dagbag.py:541} INFO - Filling up the DagBag from /home/airflow/.local/lib/python3.7/site-packages/airflow/example_dags/example_dag_decorator.py
[2023-07-09T19:27:07.665+0000] {processor.py:836} INFO - DAG(s) dict_keys(['example_dag_decorator']) retrieved from /home/airflow/.local/lib/python3.7/site-packages/airflow/example_dags/example_dag_decorator.py
[2023-07-09T19:27:07.803+0000] {logging_mixin.py:149} INFO - [2023-07-09T19:27:07.803+0000] {dag.py:2726} INFO - Sync 1 DAGs
[2023-07-09T19:27:07.830+0000] {logging_mixin.py:149} INFO - [2023-07-09T19:27:07.830+0000] {dag.py:3490} INFO - Setting next_dagrun for example_dag_decorator to None, run_after=None
[2023-07-09T19:27:07.855+0000] {processor.py:179} INFO - Processing /home/airflow/.local/lib/python3.7/site-packages/airflow/example_dags/example_dag_decorator.py took 0.210 seconds
[2023-07-09T19:27:38.361+0000] {processor.py:157} INFO - Started process (PID=3307) to work on /home/airflow/.local/lib/python3.7/site-packages/airflow/example_dags/example_dag_decorator.py
[2023-07-09T19:27:38.362+0000] {processor.py:826} INFO - Processing file /home/airflow/.local/lib/python3.7/site-packages/airflow/example_dags/example_dag_decorator.py for tasks to queue
[2023-07-09T19:27:38.363+0000] {logging_mixin.py:149} INFO - [2023-07-09T19:27:38.363+0000] {dagbag.py:541} INFO - Filling up the DagBag from /home/airflow/.local/lib/python3.7/site-packages/airflow/example_dags/example_dag_decorator.py
[2023-07-09T19:27:38.377+0000] {processor.py:836} INFO - DAG(s) dict_keys(['example_dag_decorator']) retrieved from /home/airflow/.local/lib/python3.7/site-packages/airflow/example_dags/example_dag_decorator.py
[2023-07-09T19:27:38.501+0000] {logging_mixin.py:149} INFO - [2023-07-09T19:27:38.501+0000] {dag.py:2726} INFO - Sync 1 DAGs
[2023-07-09T19:27:38.539+0000] {logging_mixin.py:149} INFO - [2023-07-09T19:27:38.539+0000] {dag.py:3490} INFO - Setting next_dagrun for example_dag_decorator to None, run_after=None
[2023-07-09T19:27:38.567+0000] {processor.py:179} INFO - Processing /home/airflow/.local/lib/python3.7/site-packages/airflow/example_dags/example_dag_decorator.py took 0.208 seconds
[2023-07-09T19:28:09.038+0000] {processor.py:157} INFO - Started process (PID=3369) to work on /home/airflow/.local/lib/python3.7/site-packages/airflow/example_dags/example_dag_decorator.py
[2023-07-09T19:28:09.039+0000] {processor.py:826} INFO - Processing file /home/airflow/.local/lib/python3.7/site-packages/airflow/example_dags/example_dag_decorator.py for tasks to queue
[2023-07-09T19:28:09.039+0000] {logging_mixin.py:149} INFO - [2023-07-09T19:28:09.039+0000] {dagbag.py:541} INFO - Filling up the DagBag from /home/airflow/.local/lib/python3.7/site-packages/airflow/example_dags/example_dag_decorator.py
[2023-07-09T19:28:09.052+0000] {processor.py:836} INFO - DAG(s) dict_keys(['example_dag_decorator']) retrieved from /home/airflow/.local/lib/python3.7/site-packages/airflow/example_dags/example_dag_decorator.py
[2023-07-09T19:28:09.175+0000] {logging_mixin.py:149} INFO - [2023-07-09T19:28:09.175+0000] {dag.py:2726} INFO - Sync 1 DAGs
[2023-07-09T19:28:09.200+0000] {logging_mixin.py:149} INFO - [2023-07-09T19:28:09.200+0000] {dag.py:3490} INFO - Setting next_dagrun for example_dag_decorator to None, run_after=None
[2023-07-09T19:28:09.232+0000] {processor.py:179} INFO - Processing /home/airflow/.local/lib/python3.7/site-packages/airflow/example_dags/example_dag_decorator.py took 0.197 seconds
[2023-07-09T19:28:39.519+0000] {processor.py:157} INFO - Started process (PID=3431) to work on /home/airflow/.local/lib/python3.7/site-packages/airflow/example_dags/example_dag_decorator.py
[2023-07-09T19:28:39.520+0000] {processor.py:826} INFO - Processing file /home/airflow/.local/lib/python3.7/site-packages/airflow/example_dags/example_dag_decorator.py for tasks to queue
[2023-07-09T19:28:39.521+0000] {logging_mixin.py:149} INFO - [2023-07-09T19:28:39.521+0000] {dagbag.py:541} INFO - Filling up the DagBag from /home/airflow/.local/lib/python3.7/site-packages/airflow/example_dags/example_dag_decorator.py
[2023-07-09T19:28:39.534+0000] {processor.py:836} INFO - DAG(s) dict_keys(['example_dag_decorator']) retrieved from /home/airflow/.local/lib/python3.7/site-packages/airflow/example_dags/example_dag_decorator.py
[2023-07-09T19:28:39.650+0000] {logging_mixin.py:149} INFO - [2023-07-09T19:28:39.650+0000] {dag.py:2726} INFO - Sync 1 DAGs
[2023-07-09T19:28:39.674+0000] {logging_mixin.py:149} INFO - [2023-07-09T19:28:39.673+0000] {dag.py:3490} INFO - Setting next_dagrun for example_dag_decorator to None, run_after=None
[2023-07-09T19:28:39.696+0000] {processor.py:179} INFO - Processing /home/airflow/.local/lib/python3.7/site-packages/airflow/example_dags/example_dag_decorator.py took 0.180 seconds
[2023-07-09T19:29:10.130+0000] {processor.py:157} INFO - Started process (PID=3493) to work on /home/airflow/.local/lib/python3.7/site-packages/airflow/example_dags/example_dag_decorator.py
[2023-07-09T19:29:10.131+0000] {processor.py:826} INFO - Processing file /home/airflow/.local/lib/python3.7/site-packages/airflow/example_dags/example_dag_decorator.py for tasks to queue
[2023-07-09T19:29:10.132+0000] {logging_mixin.py:149} INFO - [2023-07-09T19:29:10.132+0000] {dagbag.py:541} INFO - Filling up the DagBag from /home/airflow/.local/lib/python3.7/site-packages/airflow/example_dags/example_dag_decorator.py
[2023-07-09T19:29:10.144+0000] {processor.py:836} INFO - DAG(s) dict_keys(['example_dag_decorator']) retrieved from /home/airflow/.local/lib/python3.7/site-packages/airflow/example_dags/example_dag_decorator.py
[2023-07-09T19:29:10.256+0000] {logging_mixin.py:149} INFO - [2023-07-09T19:29:10.256+0000] {dag.py:2726} INFO - Sync 1 DAGs
[2023-07-09T19:29:10.280+0000] {logging_mixin.py:149} INFO - [2023-07-09T19:29:10.280+0000] {dag.py:3490} INFO - Setting next_dagrun for example_dag_decorator to None, run_after=None
[2023-07-09T19:29:10.303+0000] {processor.py:179} INFO - Processing /home/airflow/.local/lib/python3.7/site-packages/airflow/example_dags/example_dag_decorator.py took 0.175 seconds
[2023-07-09T19:29:40.717+0000] {processor.py:157} INFO - Started process (PID=3555) to work on /home/airflow/.local/lib/python3.7/site-packages/airflow/example_dags/example_dag_decorator.py
[2023-07-09T19:29:40.718+0000] {processor.py:826} INFO - Processing file /home/airflow/.local/lib/python3.7/site-packages/airflow/example_dags/example_dag_decorator.py for tasks to queue
[2023-07-09T19:29:40.719+0000] {logging_mixin.py:149} INFO - [2023-07-09T19:29:40.719+0000] {dagbag.py:541} INFO - Filling up the DagBag from /home/airflow/.local/lib/python3.7/site-packages/airflow/example_dags/example_dag_decorator.py
[2023-07-09T19:29:40.734+0000] {processor.py:836} INFO - DAG(s) dict_keys(['example_dag_decorator']) retrieved from /home/airflow/.local/lib/python3.7/site-packages/airflow/example_dags/example_dag_decorator.py
[2023-07-09T19:29:40.857+0000] {logging_mixin.py:149} INFO - [2023-07-09T19:29:40.857+0000] {dag.py:2726} INFO - Sync 1 DAGs
[2023-07-09T19:29:40.883+0000] {logging_mixin.py:149} INFO - [2023-07-09T19:29:40.883+0000] {dag.py:3490} INFO - Setting next_dagrun for example_dag_decorator to None, run_after=None
[2023-07-09T19:29:40.907+0000] {processor.py:179} INFO - Processing /home/airflow/.local/lib/python3.7/site-packages/airflow/example_dags/example_dag_decorator.py took 0.194 seconds
[2023-07-09T19:30:11.290+0000] {processor.py:157} INFO - Started process (PID=3617) to work on /home/airflow/.local/lib/python3.7/site-packages/airflow/example_dags/example_dag_decorator.py
[2023-07-09T19:30:11.291+0000] {processor.py:826} INFO - Processing file /home/airflow/.local/lib/python3.7/site-packages/airflow/example_dags/example_dag_decorator.py for tasks to queue
[2023-07-09T19:30:11.292+0000] {logging_mixin.py:149} INFO - [2023-07-09T19:30:11.292+0000] {dagbag.py:541} INFO - Filling up the DagBag from /home/airflow/.local/lib/python3.7/site-packages/airflow/example_dags/example_dag_decorator.py
[2023-07-09T19:30:11.306+0000] {processor.py:836} INFO - DAG(s) dict_keys(['example_dag_decorator']) retrieved from /home/airflow/.local/lib/python3.7/site-packages/airflow/example_dags/example_dag_decorator.py
[2023-07-09T19:30:11.471+0000] {logging_mixin.py:149} INFO - [2023-07-09T19:30:11.471+0000] {dag.py:2726} INFO - Sync 1 DAGs
[2023-07-09T19:30:11.497+0000] {logging_mixin.py:149} INFO - [2023-07-09T19:30:11.497+0000] {dag.py:3490} INFO - Setting next_dagrun for example_dag_decorator to None, run_after=None
[2023-07-09T19:30:11.519+0000] {processor.py:179} INFO - Processing /home/airflow/.local/lib/python3.7/site-packages/airflow/example_dags/example_dag_decorator.py took 0.232 seconds
[2023-07-09T19:30:42.195+0000] {processor.py:157} INFO - Started process (PID=3679) to work on /home/airflow/.local/lib/python3.7/site-packages/airflow/example_dags/example_dag_decorator.py
[2023-07-09T19:30:42.196+0000] {processor.py:826} INFO - Processing file /home/airflow/.local/lib/python3.7/site-packages/airflow/example_dags/example_dag_decorator.py for tasks to queue
[2023-07-09T19:30:42.197+0000] {logging_mixin.py:149} INFO - [2023-07-09T19:30:42.196+0000] {dagbag.py:541} INFO - Filling up the DagBag from /home/airflow/.local/lib/python3.7/site-packages/airflow/example_dags/example_dag_decorator.py
[2023-07-09T19:30:42.210+0000] {processor.py:836} INFO - DAG(s) dict_keys(['example_dag_decorator']) retrieved from /home/airflow/.local/lib/python3.7/site-packages/airflow/example_dags/example_dag_decorator.py
[2023-07-09T19:30:42.332+0000] {logging_mixin.py:149} INFO - [2023-07-09T19:30:42.332+0000] {dag.py:2726} INFO - Sync 1 DAGs
[2023-07-09T19:30:42.357+0000] {logging_mixin.py:149} INFO - [2023-07-09T19:30:42.357+0000] {dag.py:3490} INFO - Setting next_dagrun for example_dag_decorator to None, run_after=None
[2023-07-09T19:30:42.393+0000] {processor.py:179} INFO - Processing /home/airflow/.local/lib/python3.7/site-packages/airflow/example_dags/example_dag_decorator.py took 0.201 seconds
[2023-07-09T19:31:12.458+0000] {processor.py:157} INFO - Started process (PID=3741) to work on /home/airflow/.local/lib/python3.7/site-packages/airflow/example_dags/example_dag_decorator.py
[2023-07-09T19:31:12.459+0000] {processor.py:826} INFO - Processing file /home/airflow/.local/lib/python3.7/site-packages/airflow/example_dags/example_dag_decorator.py for tasks to queue
[2023-07-09T19:31:12.460+0000] {logging_mixin.py:149} INFO - [2023-07-09T19:31:12.460+0000] {dagbag.py:541} INFO - Filling up the DagBag from /home/airflow/.local/lib/python3.7/site-packages/airflow/example_dags/example_dag_decorator.py
[2023-07-09T19:31:12.474+0000] {processor.py:836} INFO - DAG(s) dict_keys(['example_dag_decorator']) retrieved from /home/airflow/.local/lib/python3.7/site-packages/airflow/example_dags/example_dag_decorator.py
[2023-07-09T19:31:12.595+0000] {logging_mixin.py:149} INFO - [2023-07-09T19:31:12.595+0000] {dag.py:2726} INFO - Sync 1 DAGs
[2023-07-09T19:31:12.620+0000] {logging_mixin.py:149} INFO - [2023-07-09T19:31:12.620+0000] {dag.py:3490} INFO - Setting next_dagrun for example_dag_decorator to None, run_after=None
[2023-07-09T19:31:12.649+0000] {processor.py:179} INFO - Processing /home/airflow/.local/lib/python3.7/site-packages/airflow/example_dags/example_dag_decorator.py took 0.195 seconds
[2023-07-09T19:31:42.968+0000] {processor.py:157} INFO - Started process (PID=3803) to work on /home/airflow/.local/lib/python3.7/site-packages/airflow/example_dags/example_dag_decorator.py
[2023-07-09T19:31:42.969+0000] {processor.py:826} INFO - Processing file /home/airflow/.local/lib/python3.7/site-packages/airflow/example_dags/example_dag_decorator.py for tasks to queue
[2023-07-09T19:31:42.969+0000] {logging_mixin.py:149} INFO - [2023-07-09T19:31:42.969+0000] {dagbag.py:541} INFO - Filling up the DagBag from /home/airflow/.local/lib/python3.7/site-packages/airflow/example_dags/example_dag_decorator.py
[2023-07-09T19:31:42.983+0000] {processor.py:836} INFO - DAG(s) dict_keys(['example_dag_decorator']) retrieved from /home/airflow/.local/lib/python3.7/site-packages/airflow/example_dags/example_dag_decorator.py
[2023-07-09T19:31:43.110+0000] {logging_mixin.py:149} INFO - [2023-07-09T19:31:43.110+0000] {dag.py:2726} INFO - Sync 1 DAGs
[2023-07-09T19:31:43.135+0000] {logging_mixin.py:149} INFO - [2023-07-09T19:31:43.135+0000] {dag.py:3490} INFO - Setting next_dagrun for example_dag_decorator to None, run_after=None
[2023-07-09T19:31:43.162+0000] {processor.py:179} INFO - Processing /home/airflow/.local/lib/python3.7/site-packages/airflow/example_dags/example_dag_decorator.py took 0.197 seconds
[2023-07-09T19:32:13.288+0000] {processor.py:157} INFO - Started process (PID=3865) to work on /home/airflow/.local/lib/python3.7/site-packages/airflow/example_dags/example_dag_decorator.py
[2023-07-09T19:32:13.289+0000] {processor.py:826} INFO - Processing file /home/airflow/.local/lib/python3.7/site-packages/airflow/example_dags/example_dag_decorator.py for tasks to queue
[2023-07-09T19:32:13.290+0000] {logging_mixin.py:149} INFO - [2023-07-09T19:32:13.290+0000] {dagbag.py:541} INFO - Filling up the DagBag from /home/airflow/.local/lib/python3.7/site-packages/airflow/example_dags/example_dag_decorator.py
[2023-07-09T19:32:13.302+0000] {processor.py:836} INFO - DAG(s) dict_keys(['example_dag_decorator']) retrieved from /home/airflow/.local/lib/python3.7/site-packages/airflow/example_dags/example_dag_decorator.py
[2023-07-09T19:32:13.422+0000] {logging_mixin.py:149} INFO - [2023-07-09T19:32:13.422+0000] {dag.py:2726} INFO - Sync 1 DAGs
[2023-07-09T19:32:13.445+0000] {logging_mixin.py:149} INFO - [2023-07-09T19:32:13.444+0000] {dag.py:3490} INFO - Setting next_dagrun for example_dag_decorator to None, run_after=None
[2023-07-09T19:32:13.468+0000] {processor.py:179} INFO - Processing /home/airflow/.local/lib/python3.7/site-packages/airflow/example_dags/example_dag_decorator.py took 0.183 seconds
[2023-07-09T19:32:43.598+0000] {processor.py:157} INFO - Started process (PID=3928) to work on /home/airflow/.local/lib/python3.7/site-packages/airflow/example_dags/example_dag_decorator.py
[2023-07-09T19:32:43.599+0000] {processor.py:826} INFO - Processing file /home/airflow/.local/lib/python3.7/site-packages/airflow/example_dags/example_dag_decorator.py for tasks to queue
[2023-07-09T19:32:43.599+0000] {logging_mixin.py:149} INFO - [2023-07-09T19:32:43.599+0000] {dagbag.py:541} INFO - Filling up the DagBag from /home/airflow/.local/lib/python3.7/site-packages/airflow/example_dags/example_dag_decorator.py
[2023-07-09T19:32:43.613+0000] {processor.py:836} INFO - DAG(s) dict_keys(['example_dag_decorator']) retrieved from /home/airflow/.local/lib/python3.7/site-packages/airflow/example_dags/example_dag_decorator.py
[2023-07-09T19:32:43.726+0000] {logging_mixin.py:149} INFO - [2023-07-09T19:32:43.726+0000] {dag.py:2726} INFO - Sync 1 DAGs
[2023-07-09T19:32:43.747+0000] {logging_mixin.py:149} INFO - [2023-07-09T19:32:43.747+0000] {dag.py:3490} INFO - Setting next_dagrun for example_dag_decorator to None, run_after=None
[2023-07-09T19:32:43.768+0000] {processor.py:179} INFO - Processing /home/airflow/.local/lib/python3.7/site-packages/airflow/example_dags/example_dag_decorator.py took 0.173 seconds
[2023-07-09T19:33:14.096+0000] {processor.py:157} INFO - Started process (PID=3989) to work on /home/airflow/.local/lib/python3.7/site-packages/airflow/example_dags/example_dag_decorator.py
[2023-07-09T19:33:14.097+0000] {processor.py:826} INFO - Processing file /home/airflow/.local/lib/python3.7/site-packages/airflow/example_dags/example_dag_decorator.py for tasks to queue
[2023-07-09T19:33:14.098+0000] {logging_mixin.py:149} INFO - [2023-07-09T19:33:14.098+0000] {dagbag.py:541} INFO - Filling up the DagBag from /home/airflow/.local/lib/python3.7/site-packages/airflow/example_dags/example_dag_decorator.py
[2023-07-09T19:33:14.110+0000] {processor.py:836} INFO - DAG(s) dict_keys(['example_dag_decorator']) retrieved from /home/airflow/.local/lib/python3.7/site-packages/airflow/example_dags/example_dag_decorator.py
[2023-07-09T19:33:14.221+0000] {logging_mixin.py:149} INFO - [2023-07-09T19:33:14.221+0000] {dag.py:2726} INFO - Sync 1 DAGs
[2023-07-09T19:33:14.244+0000] {logging_mixin.py:149} INFO - [2023-07-09T19:33:14.244+0000] {dag.py:3490} INFO - Setting next_dagrun for example_dag_decorator to None, run_after=None
[2023-07-09T19:33:14.266+0000] {processor.py:179} INFO - Processing /home/airflow/.local/lib/python3.7/site-packages/airflow/example_dags/example_dag_decorator.py took 0.173 seconds
[2023-07-09T19:33:44.407+0000] {processor.py:157} INFO - Started process (PID=4052) to work on /home/airflow/.local/lib/python3.7/site-packages/airflow/example_dags/example_dag_decorator.py
[2023-07-09T19:33:44.408+0000] {processor.py:826} INFO - Processing file /home/airflow/.local/lib/python3.7/site-packages/airflow/example_dags/example_dag_decorator.py for tasks to queue
[2023-07-09T19:33:44.408+0000] {logging_mixin.py:149} INFO - [2023-07-09T19:33:44.408+0000] {dagbag.py:541} INFO - Filling up the DagBag from /home/airflow/.local/lib/python3.7/site-packages/airflow/example_dags/example_dag_decorator.py
[2023-07-09T19:33:44.421+0000] {processor.py:836} INFO - DAG(s) dict_keys(['example_dag_decorator']) retrieved from /home/airflow/.local/lib/python3.7/site-packages/airflow/example_dags/example_dag_decorator.py
[2023-07-09T19:33:44.532+0000] {logging_mixin.py:149} INFO - [2023-07-09T19:33:44.532+0000] {dag.py:2726} INFO - Sync 1 DAGs
[2023-07-09T19:33:44.559+0000] {logging_mixin.py:149} INFO - [2023-07-09T19:33:44.559+0000] {dag.py:3490} INFO - Setting next_dagrun for example_dag_decorator to None, run_after=None
[2023-07-09T19:33:44.581+0000] {processor.py:179} INFO - Processing /home/airflow/.local/lib/python3.7/site-packages/airflow/example_dags/example_dag_decorator.py took 0.177 seconds
[2023-07-09T19:34:14.675+0000] {processor.py:157} INFO - Started process (PID=4121) to work on /home/airflow/.local/lib/python3.7/site-packages/airflow/example_dags/example_dag_decorator.py
[2023-07-09T19:34:14.676+0000] {processor.py:826} INFO - Processing file /home/airflow/.local/lib/python3.7/site-packages/airflow/example_dags/example_dag_decorator.py for tasks to queue
[2023-07-09T19:34:14.677+0000] {logging_mixin.py:149} INFO - [2023-07-09T19:34:14.677+0000] {dagbag.py:541} INFO - Filling up the DagBag from /home/airflow/.local/lib/python3.7/site-packages/airflow/example_dags/example_dag_decorator.py
[2023-07-09T19:34:14.689+0000] {processor.py:836} INFO - DAG(s) dict_keys(['example_dag_decorator']) retrieved from /home/airflow/.local/lib/python3.7/site-packages/airflow/example_dags/example_dag_decorator.py
[2023-07-09T19:34:14.809+0000] {logging_mixin.py:149} INFO - [2023-07-09T19:34:14.809+0000] {dag.py:2726} INFO - Sync 1 DAGs
[2023-07-09T19:34:14.829+0000] {logging_mixin.py:149} INFO - [2023-07-09T19:34:14.829+0000] {dag.py:3490} INFO - Setting next_dagrun for example_dag_decorator to None, run_after=None
[2023-07-09T19:34:14.851+0000] {processor.py:179} INFO - Processing /home/airflow/.local/lib/python3.7/site-packages/airflow/example_dags/example_dag_decorator.py took 0.178 seconds
[2023-07-09T19:34:45.246+0000] {processor.py:157} INFO - Started process (PID=4182) to work on /home/airflow/.local/lib/python3.7/site-packages/airflow/example_dags/example_dag_decorator.py
[2023-07-09T19:34:45.247+0000] {processor.py:826} INFO - Processing file /home/airflow/.local/lib/python3.7/site-packages/airflow/example_dags/example_dag_decorator.py for tasks to queue
[2023-07-09T19:34:45.247+0000] {logging_mixin.py:149} INFO - [2023-07-09T19:34:45.247+0000] {dagbag.py:541} INFO - Filling up the DagBag from /home/airflow/.local/lib/python3.7/site-packages/airflow/example_dags/example_dag_decorator.py
[2023-07-09T19:34:45.260+0000] {processor.py:836} INFO - DAG(s) dict_keys(['example_dag_decorator']) retrieved from /home/airflow/.local/lib/python3.7/site-packages/airflow/example_dags/example_dag_decorator.py
[2023-07-09T19:34:45.369+0000] {logging_mixin.py:149} INFO - [2023-07-09T19:34:45.369+0000] {dag.py:2726} INFO - Sync 1 DAGs
[2023-07-09T19:34:45.392+0000] {logging_mixin.py:149} INFO - [2023-07-09T19:34:45.392+0000] {dag.py:3490} INFO - Setting next_dagrun for example_dag_decorator to None, run_after=None
[2023-07-09T19:34:45.414+0000] {processor.py:179} INFO - Processing /home/airflow/.local/lib/python3.7/site-packages/airflow/example_dags/example_dag_decorator.py took 0.172 seconds
[2023-07-09T19:35:15.442+0000] {processor.py:157} INFO - Started process (PID=4244) to work on /home/airflow/.local/lib/python3.7/site-packages/airflow/example_dags/example_dag_decorator.py
[2023-07-09T19:35:15.443+0000] {processor.py:826} INFO - Processing file /home/airflow/.local/lib/python3.7/site-packages/airflow/example_dags/example_dag_decorator.py for tasks to queue
[2023-07-09T19:35:15.444+0000] {logging_mixin.py:149} INFO - [2023-07-09T19:35:15.444+0000] {dagbag.py:541} INFO - Filling up the DagBag from /home/airflow/.local/lib/python3.7/site-packages/airflow/example_dags/example_dag_decorator.py
[2023-07-09T19:35:15.456+0000] {processor.py:836} INFO - DAG(s) dict_keys(['example_dag_decorator']) retrieved from /home/airflow/.local/lib/python3.7/site-packages/airflow/example_dags/example_dag_decorator.py
[2023-07-09T19:35:15.567+0000] {logging_mixin.py:149} INFO - [2023-07-09T19:35:15.567+0000] {dag.py:2726} INFO - Sync 1 DAGs
[2023-07-09T19:35:15.589+0000] {logging_mixin.py:149} INFO - [2023-07-09T19:35:15.589+0000] {dag.py:3490} INFO - Setting next_dagrun for example_dag_decorator to None, run_after=None
[2023-07-09T19:35:15.612+0000] {processor.py:179} INFO - Processing /home/airflow/.local/lib/python3.7/site-packages/airflow/example_dags/example_dag_decorator.py took 0.172 seconds
[2023-07-09T19:35:45.739+0000] {processor.py:157} INFO - Started process (PID=4306) to work on /home/airflow/.local/lib/python3.7/site-packages/airflow/example_dags/example_dag_decorator.py
[2023-07-09T19:35:45.741+0000] {processor.py:826} INFO - Processing file /home/airflow/.local/lib/python3.7/site-packages/airflow/example_dags/example_dag_decorator.py for tasks to queue
[2023-07-09T19:35:45.741+0000] {logging_mixin.py:149} INFO - [2023-07-09T19:35:45.741+0000] {dagbag.py:541} INFO - Filling up the DagBag from /home/airflow/.local/lib/python3.7/site-packages/airflow/example_dags/example_dag_decorator.py
[2023-07-09T19:35:45.753+0000] {processor.py:836} INFO - DAG(s) dict_keys(['example_dag_decorator']) retrieved from /home/airflow/.local/lib/python3.7/site-packages/airflow/example_dags/example_dag_decorator.py
[2023-07-09T19:35:45.864+0000] {logging_mixin.py:149} INFO - [2023-07-09T19:35:45.864+0000] {dag.py:2726} INFO - Sync 1 DAGs
[2023-07-09T19:35:45.889+0000] {logging_mixin.py:149} INFO - [2023-07-09T19:35:45.889+0000] {dag.py:3490} INFO - Setting next_dagrun for example_dag_decorator to None, run_after=None
[2023-07-09T19:35:45.912+0000] {processor.py:179} INFO - Processing /home/airflow/.local/lib/python3.7/site-packages/airflow/example_dags/example_dag_decorator.py took 0.175 seconds
[2023-07-09T19:36:16.800+0000] {processor.py:157} INFO - Started process (PID=4368) to work on /home/airflow/.local/lib/python3.7/site-packages/airflow/example_dags/example_dag_decorator.py
[2023-07-09T19:36:16.801+0000] {processor.py:826} INFO - Processing file /home/airflow/.local/lib/python3.7/site-packages/airflow/example_dags/example_dag_decorator.py for tasks to queue
[2023-07-09T19:36:16.802+0000] {logging_mixin.py:149} INFO - [2023-07-09T19:36:16.802+0000] {dagbag.py:541} INFO - Filling up the DagBag from /home/airflow/.local/lib/python3.7/site-packages/airflow/example_dags/example_dag_decorator.py
[2023-07-09T19:36:16.816+0000] {processor.py:836} INFO - DAG(s) dict_keys(['example_dag_decorator']) retrieved from /home/airflow/.local/lib/python3.7/site-packages/airflow/example_dags/example_dag_decorator.py
[2023-07-09T19:36:16.944+0000] {logging_mixin.py:149} INFO - [2023-07-09T19:36:16.944+0000] {dag.py:2726} INFO - Sync 1 DAGs
[2023-07-09T19:36:16.966+0000] {logging_mixin.py:149} INFO - [2023-07-09T19:36:16.966+0000] {dag.py:3490} INFO - Setting next_dagrun for example_dag_decorator to None, run_after=None
[2023-07-09T19:36:16.987+0000] {processor.py:179} INFO - Processing /home/airflow/.local/lib/python3.7/site-packages/airflow/example_dags/example_dag_decorator.py took 0.190 seconds
[2023-07-09T19:36:47.310+0000] {processor.py:157} INFO - Started process (PID=4430) to work on /home/airflow/.local/lib/python3.7/site-packages/airflow/example_dags/example_dag_decorator.py
[2023-07-09T19:36:47.311+0000] {processor.py:826} INFO - Processing file /home/airflow/.local/lib/python3.7/site-packages/airflow/example_dags/example_dag_decorator.py for tasks to queue
[2023-07-09T19:36:47.312+0000] {logging_mixin.py:149} INFO - [2023-07-09T19:36:47.311+0000] {dagbag.py:541} INFO - Filling up the DagBag from /home/airflow/.local/lib/python3.7/site-packages/airflow/example_dags/example_dag_decorator.py
[2023-07-09T19:36:47.324+0000] {processor.py:836} INFO - DAG(s) dict_keys(['example_dag_decorator']) retrieved from /home/airflow/.local/lib/python3.7/site-packages/airflow/example_dags/example_dag_decorator.py
[2023-07-09T19:36:47.439+0000] {logging_mixin.py:149} INFO - [2023-07-09T19:36:47.439+0000] {dag.py:2726} INFO - Sync 1 DAGs
[2023-07-09T19:36:47.462+0000] {logging_mixin.py:149} INFO - [2023-07-09T19:36:47.461+0000] {dag.py:3490} INFO - Setting next_dagrun for example_dag_decorator to None, run_after=None
[2023-07-09T19:36:47.483+0000] {processor.py:179} INFO - Processing /home/airflow/.local/lib/python3.7/site-packages/airflow/example_dags/example_dag_decorator.py took 0.177 seconds
[2023-07-09T19:37:17.543+0000] {processor.py:157} INFO - Started process (PID=4493) to work on /home/airflow/.local/lib/python3.7/site-packages/airflow/example_dags/example_dag_decorator.py
[2023-07-09T19:37:17.544+0000] {processor.py:826} INFO - Processing file /home/airflow/.local/lib/python3.7/site-packages/airflow/example_dags/example_dag_decorator.py for tasks to queue
[2023-07-09T19:37:17.545+0000] {logging_mixin.py:149} INFO - [2023-07-09T19:37:17.545+0000] {dagbag.py:541} INFO - Filling up the DagBag from /home/airflow/.local/lib/python3.7/site-packages/airflow/example_dags/example_dag_decorator.py
[2023-07-09T19:37:17.560+0000] {processor.py:836} INFO - DAG(s) dict_keys(['example_dag_decorator']) retrieved from /home/airflow/.local/lib/python3.7/site-packages/airflow/example_dags/example_dag_decorator.py
[2023-07-09T19:37:17.683+0000] {logging_mixin.py:149} INFO - [2023-07-09T19:37:17.682+0000] {dag.py:2726} INFO - Sync 1 DAGs
[2023-07-09T19:37:17.705+0000] {logging_mixin.py:149} INFO - [2023-07-09T19:37:17.705+0000] {dag.py:3490} INFO - Setting next_dagrun for example_dag_decorator to None, run_after=None
[2023-07-09T19:37:17.729+0000] {processor.py:179} INFO - Processing /home/airflow/.local/lib/python3.7/site-packages/airflow/example_dags/example_dag_decorator.py took 0.190 seconds
[2023-07-09T19:37:47.847+0000] {processor.py:157} INFO - Started process (PID=4554) to work on /home/airflow/.local/lib/python3.7/site-packages/airflow/example_dags/example_dag_decorator.py
[2023-07-09T19:37:47.848+0000] {processor.py:826} INFO - Processing file /home/airflow/.local/lib/python3.7/site-packages/airflow/example_dags/example_dag_decorator.py for tasks to queue
[2023-07-09T19:37:47.849+0000] {logging_mixin.py:149} INFO - [2023-07-09T19:37:47.849+0000] {dagbag.py:541} INFO - Filling up the DagBag from /home/airflow/.local/lib/python3.7/site-packages/airflow/example_dags/example_dag_decorator.py
[2023-07-09T19:37:47.862+0000] {processor.py:836} INFO - DAG(s) dict_keys(['example_dag_decorator']) retrieved from /home/airflow/.local/lib/python3.7/site-packages/airflow/example_dags/example_dag_decorator.py
[2023-07-09T19:37:47.982+0000] {logging_mixin.py:149} INFO - [2023-07-09T19:37:47.981+0000] {dag.py:2726} INFO - Sync 1 DAGs
[2023-07-09T19:37:48.010+0000] {logging_mixin.py:149} INFO - [2023-07-09T19:37:48.009+0000] {dag.py:3490} INFO - Setting next_dagrun for example_dag_decorator to None, run_after=None
[2023-07-09T19:37:48.030+0000] {processor.py:179} INFO - Processing /home/airflow/.local/lib/python3.7/site-packages/airflow/example_dags/example_dag_decorator.py took 0.186 seconds
[2023-07-09T19:38:18.149+0000] {processor.py:157} INFO - Started process (PID=4616) to work on /home/airflow/.local/lib/python3.7/site-packages/airflow/example_dags/example_dag_decorator.py
[2023-07-09T19:38:18.150+0000] {processor.py:826} INFO - Processing file /home/airflow/.local/lib/python3.7/site-packages/airflow/example_dags/example_dag_decorator.py for tasks to queue
[2023-07-09T19:38:18.151+0000] {logging_mixin.py:149} INFO - [2023-07-09T19:38:18.151+0000] {dagbag.py:541} INFO - Filling up the DagBag from /home/airflow/.local/lib/python3.7/site-packages/airflow/example_dags/example_dag_decorator.py
[2023-07-09T19:38:18.165+0000] {processor.py:836} INFO - DAG(s) dict_keys(['example_dag_decorator']) retrieved from /home/airflow/.local/lib/python3.7/site-packages/airflow/example_dags/example_dag_decorator.py
[2023-07-09T19:38:18.291+0000] {logging_mixin.py:149} INFO - [2023-07-09T19:38:18.290+0000] {dag.py:2726} INFO - Sync 1 DAGs
[2023-07-09T19:38:18.315+0000] {logging_mixin.py:149} INFO - [2023-07-09T19:38:18.314+0000] {dag.py:3490} INFO - Setting next_dagrun for example_dag_decorator to None, run_after=None
[2023-07-09T19:38:18.339+0000] {processor.py:179} INFO - Processing /home/airflow/.local/lib/python3.7/site-packages/airflow/example_dags/example_dag_decorator.py took 0.193 seconds
[2023-07-09T19:38:48.413+0000] {processor.py:157} INFO - Started process (PID=4678) to work on /home/airflow/.local/lib/python3.7/site-packages/airflow/example_dags/example_dag_decorator.py
[2023-07-09T19:38:48.414+0000] {processor.py:826} INFO - Processing file /home/airflow/.local/lib/python3.7/site-packages/airflow/example_dags/example_dag_decorator.py for tasks to queue
[2023-07-09T19:38:48.415+0000] {logging_mixin.py:149} INFO - [2023-07-09T19:38:48.415+0000] {dagbag.py:541} INFO - Filling up the DagBag from /home/airflow/.local/lib/python3.7/site-packages/airflow/example_dags/example_dag_decorator.py
[2023-07-09T19:38:48.428+0000] {processor.py:836} INFO - DAG(s) dict_keys(['example_dag_decorator']) retrieved from /home/airflow/.local/lib/python3.7/site-packages/airflow/example_dags/example_dag_decorator.py
[2023-07-09T19:38:48.562+0000] {logging_mixin.py:149} INFO - [2023-07-09T19:38:48.561+0000] {dag.py:2726} INFO - Sync 1 DAGs
[2023-07-09T19:38:48.585+0000] {logging_mixin.py:149} INFO - [2023-07-09T19:38:48.585+0000] {dag.py:3490} INFO - Setting next_dagrun for example_dag_decorator to None, run_after=None
[2023-07-09T19:38:48.608+0000] {processor.py:179} INFO - Processing /home/airflow/.local/lib/python3.7/site-packages/airflow/example_dags/example_dag_decorator.py took 0.199 seconds
[2023-07-09T19:39:18.771+0000] {processor.py:157} INFO - Started process (PID=4740) to work on /home/airflow/.local/lib/python3.7/site-packages/airflow/example_dags/example_dag_decorator.py
[2023-07-09T19:39:18.772+0000] {processor.py:826} INFO - Processing file /home/airflow/.local/lib/python3.7/site-packages/airflow/example_dags/example_dag_decorator.py for tasks to queue
[2023-07-09T19:39:18.773+0000] {logging_mixin.py:149} INFO - [2023-07-09T19:39:18.773+0000] {dagbag.py:541} INFO - Filling up the DagBag from /home/airflow/.local/lib/python3.7/site-packages/airflow/example_dags/example_dag_decorator.py
[2023-07-09T19:39:18.787+0000] {processor.py:836} INFO - DAG(s) dict_keys(['example_dag_decorator']) retrieved from /home/airflow/.local/lib/python3.7/site-packages/airflow/example_dags/example_dag_decorator.py
[2023-07-09T19:39:19.033+0000] {logging_mixin.py:149} INFO - [2023-07-09T19:39:19.032+0000] {dag.py:2726} INFO - Sync 1 DAGs
[2023-07-09T19:39:19.083+0000] {logging_mixin.py:149} INFO - [2023-07-09T19:39:19.083+0000] {dag.py:3490} INFO - Setting next_dagrun for example_dag_decorator to None, run_after=None
[2023-07-09T19:39:19.111+0000] {processor.py:179} INFO - Processing /home/airflow/.local/lib/python3.7/site-packages/airflow/example_dags/example_dag_decorator.py took 0.344 seconds
[2023-07-09T19:39:49.227+0000] {processor.py:157} INFO - Started process (PID=4802) to work on /home/airflow/.local/lib/python3.7/site-packages/airflow/example_dags/example_dag_decorator.py
[2023-07-09T19:39:49.228+0000] {processor.py:826} INFO - Processing file /home/airflow/.local/lib/python3.7/site-packages/airflow/example_dags/example_dag_decorator.py for tasks to queue
[2023-07-09T19:39:49.228+0000] {logging_mixin.py:149} INFO - [2023-07-09T19:39:49.228+0000] {dagbag.py:541} INFO - Filling up the DagBag from /home/airflow/.local/lib/python3.7/site-packages/airflow/example_dags/example_dag_decorator.py
[2023-07-09T19:39:49.242+0000] {processor.py:836} INFO - DAG(s) dict_keys(['example_dag_decorator']) retrieved from /home/airflow/.local/lib/python3.7/site-packages/airflow/example_dags/example_dag_decorator.py
[2023-07-09T19:39:49.365+0000] {logging_mixin.py:149} INFO - [2023-07-09T19:39:49.365+0000] {dag.py:2726} INFO - Sync 1 DAGs
[2023-07-09T19:39:49.393+0000] {logging_mixin.py:149} INFO - [2023-07-09T19:39:49.393+0000] {dag.py:3490} INFO - Setting next_dagrun for example_dag_decorator to None, run_after=None
[2023-07-09T19:39:49.421+0000] {processor.py:179} INFO - Processing /home/airflow/.local/lib/python3.7/site-packages/airflow/example_dags/example_dag_decorator.py took 0.197 seconds
[2023-07-09T19:40:19.631+0000] {processor.py:157} INFO - Started process (PID=4864) to work on /home/airflow/.local/lib/python3.7/site-packages/airflow/example_dags/example_dag_decorator.py
[2023-07-09T19:40:19.632+0000] {processor.py:826} INFO - Processing file /home/airflow/.local/lib/python3.7/site-packages/airflow/example_dags/example_dag_decorator.py for tasks to queue
[2023-07-09T19:40:19.633+0000] {logging_mixin.py:149} INFO - [2023-07-09T19:40:19.633+0000] {dagbag.py:541} INFO - Filling up the DagBag from /home/airflow/.local/lib/python3.7/site-packages/airflow/example_dags/example_dag_decorator.py
[2023-07-09T19:40:19.646+0000] {processor.py:836} INFO - DAG(s) dict_keys(['example_dag_decorator']) retrieved from /home/airflow/.local/lib/python3.7/site-packages/airflow/example_dags/example_dag_decorator.py
[2023-07-09T19:40:19.768+0000] {logging_mixin.py:149} INFO - [2023-07-09T19:40:19.768+0000] {dag.py:2726} INFO - Sync 1 DAGs
[2023-07-09T19:40:19.797+0000] {logging_mixin.py:149} INFO - [2023-07-09T19:40:19.797+0000] {dag.py:3490} INFO - Setting next_dagrun for example_dag_decorator to None, run_after=None
[2023-07-09T19:40:19.823+0000] {processor.py:179} INFO - Processing /home/airflow/.local/lib/python3.7/site-packages/airflow/example_dags/example_dag_decorator.py took 0.194 seconds
[2023-07-09T19:40:49.989+0000] {processor.py:157} INFO - Started process (PID=4926) to work on /home/airflow/.local/lib/python3.7/site-packages/airflow/example_dags/example_dag_decorator.py
[2023-07-09T19:40:49.990+0000] {processor.py:826} INFO - Processing file /home/airflow/.local/lib/python3.7/site-packages/airflow/example_dags/example_dag_decorator.py for tasks to queue
[2023-07-09T19:40:49.991+0000] {logging_mixin.py:149} INFO - [2023-07-09T19:40:49.990+0000] {dagbag.py:541} INFO - Filling up the DagBag from /home/airflow/.local/lib/python3.7/site-packages/airflow/example_dags/example_dag_decorator.py
[2023-07-09T19:40:50.003+0000] {processor.py:836} INFO - DAG(s) dict_keys(['example_dag_decorator']) retrieved from /home/airflow/.local/lib/python3.7/site-packages/airflow/example_dags/example_dag_decorator.py
[2023-07-09T19:40:50.114+0000] {logging_mixin.py:149} INFO - [2023-07-09T19:40:50.114+0000] {dag.py:2726} INFO - Sync 1 DAGs
[2023-07-09T19:40:50.136+0000] {logging_mixin.py:149} INFO - [2023-07-09T19:40:50.136+0000] {dag.py:3490} INFO - Setting next_dagrun for example_dag_decorator to None, run_after=None
[2023-07-09T19:40:50.159+0000] {processor.py:179} INFO - Processing /home/airflow/.local/lib/python3.7/site-packages/airflow/example_dags/example_dag_decorator.py took 0.173 seconds
[2023-07-09T19:41:20.279+0000] {processor.py:157} INFO - Started process (PID=4988) to work on /home/airflow/.local/lib/python3.7/site-packages/airflow/example_dags/example_dag_decorator.py
[2023-07-09T19:41:20.281+0000] {processor.py:826} INFO - Processing file /home/airflow/.local/lib/python3.7/site-packages/airflow/example_dags/example_dag_decorator.py for tasks to queue
[2023-07-09T19:41:20.282+0000] {logging_mixin.py:149} INFO - [2023-07-09T19:41:20.282+0000] {dagbag.py:541} INFO - Filling up the DagBag from /home/airflow/.local/lib/python3.7/site-packages/airflow/example_dags/example_dag_decorator.py
[2023-07-09T19:41:20.297+0000] {processor.py:836} INFO - DAG(s) dict_keys(['example_dag_decorator']) retrieved from /home/airflow/.local/lib/python3.7/site-packages/airflow/example_dags/example_dag_decorator.py
[2023-07-09T19:41:20.434+0000] {logging_mixin.py:149} INFO - [2023-07-09T19:41:20.434+0000] {dag.py:2726} INFO - Sync 1 DAGs
[2023-07-09T19:41:20.463+0000] {logging_mixin.py:149} INFO - [2023-07-09T19:41:20.462+0000] {dag.py:3490} INFO - Setting next_dagrun for example_dag_decorator to None, run_after=None
[2023-07-09T19:41:20.490+0000] {processor.py:179} INFO - Processing /home/airflow/.local/lib/python3.7/site-packages/airflow/example_dags/example_dag_decorator.py took 0.215 seconds
[2023-07-09T23:59:28.694+0000] {processor.py:157} INFO - Started process (PID=5011) to work on /home/airflow/.local/lib/python3.7/site-packages/airflow/example_dags/example_dag_decorator.py
[2023-07-09T23:59:28.695+0000] {processor.py:826} INFO - Processing file /home/airflow/.local/lib/python3.7/site-packages/airflow/example_dags/example_dag_decorator.py for tasks to queue
[2023-07-09T23:59:28.696+0000] {logging_mixin.py:149} INFO - [2023-07-09T23:59:28.696+0000] {dagbag.py:541} INFO - Filling up the DagBag from /home/airflow/.local/lib/python3.7/site-packages/airflow/example_dags/example_dag_decorator.py
[2023-07-09T23:59:28.713+0000] {processor.py:836} INFO - DAG(s) dict_keys(['example_dag_decorator']) retrieved from /home/airflow/.local/lib/python3.7/site-packages/airflow/example_dags/example_dag_decorator.py
[2023-07-09T23:59:28.970+0000] {logging_mixin.py:149} INFO - [2023-07-09T23:59:28.970+0000] {dag.py:2726} INFO - Sync 1 DAGs
[2023-07-09T23:59:29.006+0000] {logging_mixin.py:149} INFO - [2023-07-09T23:59:29.006+0000] {dag.py:3490} INFO - Setting next_dagrun for example_dag_decorator to None, run_after=None
[2023-07-09T23:59:29.043+0000] {processor.py:179} INFO - Processing /home/airflow/.local/lib/python3.7/site-packages/airflow/example_dags/example_dag_decorator.py took 0.353 seconds
