[2023-07-09T19:06:53.022+0000] {processor.py:157} INFO - Started process (PID=803) to work on /home/airflow/.local/lib/python3.7/site-packages/airflow/example_dags/example_nested_branch_dag.py
[2023-07-09T19:06:53.023+0000] {processor.py:826} INFO - Processing file /home/airflow/.local/lib/python3.7/site-packages/airflow/example_dags/example_nested_branch_dag.py for tasks to queue
[2023-07-09T19:06:53.025+0000] {logging_mixin.py:149} INFO - [2023-07-09T19:06:53.024+0000] {dagbag.py:541} INFO - Filling up the DagBag from /home/airflow/.local/lib/python3.7/site-packages/airflow/example_dags/example_nested_branch_dag.py
[2023-07-09T19:06:53.039+0000] {processor.py:836} INFO - DAG(s) dict_keys(['example_nested_branch_dag']) retrieved from /home/airflow/.local/lib/python3.7/site-packages/airflow/example_dags/example_nested_branch_dag.py
[2023-07-09T19:06:53.065+0000] {logging_mixin.py:149} INFO - [2023-07-09T19:06:53.065+0000] {dag.py:2726} INFO - Sync 1 DAGs
[2023-07-09T19:06:53.090+0000] {logging_mixin.py:149} INFO - [2023-07-09T19:06:53.090+0000] {dag.py:3490} INFO - Setting next_dagrun for example_nested_branch_dag to 2023-07-08T00:00:00+00:00, run_after=2023-07-09T00:00:00+00:00
[2023-07-09T19:06:53.114+0000] {processor.py:179} INFO - Processing /home/airflow/.local/lib/python3.7/site-packages/airflow/example_dags/example_nested_branch_dag.py took 0.095 seconds
[2023-07-09T19:07:23.361+0000] {processor.py:157} INFO - Started process (PID=864) to work on /home/airflow/.local/lib/python3.7/site-packages/airflow/example_dags/example_nested_branch_dag.py
[2023-07-09T19:07:23.363+0000] {processor.py:826} INFO - Processing file /home/airflow/.local/lib/python3.7/site-packages/airflow/example_dags/example_nested_branch_dag.py for tasks to queue
[2023-07-09T19:07:23.364+0000] {logging_mixin.py:149} INFO - [2023-07-09T19:07:23.363+0000] {dagbag.py:541} INFO - Filling up the DagBag from /home/airflow/.local/lib/python3.7/site-packages/airflow/example_dags/example_nested_branch_dag.py
[2023-07-09T19:07:23.373+0000] {processor.py:836} INFO - DAG(s) dict_keys(['example_nested_branch_dag']) retrieved from /home/airflow/.local/lib/python3.7/site-packages/airflow/example_dags/example_nested_branch_dag.py
[2023-07-09T19:07:23.399+0000] {logging_mixin.py:149} INFO - [2023-07-09T19:07:23.399+0000] {dag.py:2726} INFO - Sync 1 DAGs
[2023-07-09T19:07:23.443+0000] {logging_mixin.py:149} INFO - [2023-07-09T19:07:23.443+0000] {dag.py:3490} INFO - Setting next_dagrun for example_nested_branch_dag to 2023-07-08T00:00:00+00:00, run_after=2023-07-09T00:00:00+00:00
[2023-07-09T19:07:23.466+0000] {processor.py:179} INFO - Processing /home/airflow/.local/lib/python3.7/site-packages/airflow/example_dags/example_nested_branch_dag.py took 0.108 seconds
[2023-07-09T19:07:53.739+0000] {processor.py:157} INFO - Started process (PID=925) to work on /home/airflow/.local/lib/python3.7/site-packages/airflow/example_dags/example_nested_branch_dag.py
[2023-07-09T19:07:53.740+0000] {processor.py:826} INFO - Processing file /home/airflow/.local/lib/python3.7/site-packages/airflow/example_dags/example_nested_branch_dag.py for tasks to queue
[2023-07-09T19:07:53.740+0000] {logging_mixin.py:149} INFO - [2023-07-09T19:07:53.740+0000] {dagbag.py:541} INFO - Filling up the DagBag from /home/airflow/.local/lib/python3.7/site-packages/airflow/example_dags/example_nested_branch_dag.py
[2023-07-09T19:07:53.749+0000] {processor.py:836} INFO - DAG(s) dict_keys(['example_nested_branch_dag']) retrieved from /home/airflow/.local/lib/python3.7/site-packages/airflow/example_dags/example_nested_branch_dag.py
[2023-07-09T19:07:53.776+0000] {logging_mixin.py:149} INFO - [2023-07-09T19:07:53.776+0000] {dag.py:2726} INFO - Sync 1 DAGs
[2023-07-09T19:07:53.804+0000] {logging_mixin.py:149} INFO - [2023-07-09T19:07:53.804+0000] {dag.py:3490} INFO - Setting next_dagrun for example_nested_branch_dag to 2023-07-08T00:00:00+00:00, run_after=2023-07-09T00:00:00+00:00
[2023-07-09T19:07:53.826+0000] {processor.py:179} INFO - Processing /home/airflow/.local/lib/python3.7/site-packages/airflow/example_dags/example_nested_branch_dag.py took 0.090 seconds
[2023-07-09T19:08:23.894+0000] {processor.py:157} INFO - Started process (PID=986) to work on /home/airflow/.local/lib/python3.7/site-packages/airflow/example_dags/example_nested_branch_dag.py
[2023-07-09T19:08:23.895+0000] {processor.py:826} INFO - Processing file /home/airflow/.local/lib/python3.7/site-packages/airflow/example_dags/example_nested_branch_dag.py for tasks to queue
[2023-07-09T19:08:23.896+0000] {logging_mixin.py:149} INFO - [2023-07-09T19:08:23.895+0000] {dagbag.py:541} INFO - Filling up the DagBag from /home/airflow/.local/lib/python3.7/site-packages/airflow/example_dags/example_nested_branch_dag.py
[2023-07-09T19:08:23.904+0000] {processor.py:836} INFO - DAG(s) dict_keys(['example_nested_branch_dag']) retrieved from /home/airflow/.local/lib/python3.7/site-packages/airflow/example_dags/example_nested_branch_dag.py
[2023-07-09T19:08:23.918+0000] {logging_mixin.py:149} INFO - [2023-07-09T19:08:23.918+0000] {dag.py:2726} INFO - Sync 1 DAGs
[2023-07-09T19:08:23.944+0000] {logging_mixin.py:149} INFO - [2023-07-09T19:08:23.944+0000] {dag.py:3490} INFO - Setting next_dagrun for example_nested_branch_dag to 2023-07-08T00:00:00+00:00, run_after=2023-07-09T00:00:00+00:00
[2023-07-09T19:08:23.968+0000] {processor.py:179} INFO - Processing /home/airflow/.local/lib/python3.7/site-packages/airflow/example_dags/example_nested_branch_dag.py took 0.078 seconds
[2023-07-09T19:08:54.451+0000] {processor.py:157} INFO - Started process (PID=1047) to work on /home/airflow/.local/lib/python3.7/site-packages/airflow/example_dags/example_nested_branch_dag.py
[2023-07-09T19:08:54.452+0000] {processor.py:826} INFO - Processing file /home/airflow/.local/lib/python3.7/site-packages/airflow/example_dags/example_nested_branch_dag.py for tasks to queue
[2023-07-09T19:08:54.453+0000] {logging_mixin.py:149} INFO - [2023-07-09T19:08:54.453+0000] {dagbag.py:541} INFO - Filling up the DagBag from /home/airflow/.local/lib/python3.7/site-packages/airflow/example_dags/example_nested_branch_dag.py
[2023-07-09T19:08:54.463+0000] {processor.py:836} INFO - DAG(s) dict_keys(['example_nested_branch_dag']) retrieved from /home/airflow/.local/lib/python3.7/site-packages/airflow/example_dags/example_nested_branch_dag.py
[2023-07-09T19:08:54.493+0000] {logging_mixin.py:149} INFO - [2023-07-09T19:08:54.492+0000] {dag.py:2726} INFO - Sync 1 DAGs
[2023-07-09T19:08:54.530+0000] {logging_mixin.py:149} INFO - [2023-07-09T19:08:54.529+0000] {dag.py:3490} INFO - Setting next_dagrun for example_nested_branch_dag to 2023-07-08T00:00:00+00:00, run_after=2023-07-09T00:00:00+00:00
[2023-07-09T19:08:54.557+0000] {processor.py:179} INFO - Processing /home/airflow/.local/lib/python3.7/site-packages/airflow/example_dags/example_nested_branch_dag.py took 0.109 seconds
[2023-07-09T19:09:25.316+0000] {processor.py:157} INFO - Started process (PID=1108) to work on /home/airflow/.local/lib/python3.7/site-packages/airflow/example_dags/example_nested_branch_dag.py
[2023-07-09T19:09:25.318+0000] {processor.py:826} INFO - Processing file /home/airflow/.local/lib/python3.7/site-packages/airflow/example_dags/example_nested_branch_dag.py for tasks to queue
[2023-07-09T19:09:25.319+0000] {logging_mixin.py:149} INFO - [2023-07-09T19:09:25.319+0000] {dagbag.py:541} INFO - Filling up the DagBag from /home/airflow/.local/lib/python3.7/site-packages/airflow/example_dags/example_nested_branch_dag.py
[2023-07-09T19:09:25.328+0000] {processor.py:836} INFO - DAG(s) dict_keys(['example_nested_branch_dag']) retrieved from /home/airflow/.local/lib/python3.7/site-packages/airflow/example_dags/example_nested_branch_dag.py
[2023-07-09T19:09:25.343+0000] {logging_mixin.py:149} INFO - [2023-07-09T19:09:25.343+0000] {dag.py:2726} INFO - Sync 1 DAGs
[2023-07-09T19:09:25.378+0000] {logging_mixin.py:149} INFO - [2023-07-09T19:09:25.378+0000] {dag.py:3490} INFO - Setting next_dagrun for example_nested_branch_dag to 2023-07-08T00:00:00+00:00, run_after=2023-07-09T00:00:00+00:00
[2023-07-09T19:09:25.406+0000] {processor.py:179} INFO - Processing /home/airflow/.local/lib/python3.7/site-packages/airflow/example_dags/example_nested_branch_dag.py took 0.094 seconds
[2023-07-09T19:09:55.642+0000] {processor.py:157} INFO - Started process (PID=1169) to work on /home/airflow/.local/lib/python3.7/site-packages/airflow/example_dags/example_nested_branch_dag.py
[2023-07-09T19:09:55.643+0000] {processor.py:826} INFO - Processing file /home/airflow/.local/lib/python3.7/site-packages/airflow/example_dags/example_nested_branch_dag.py for tasks to queue
[2023-07-09T19:09:55.643+0000] {logging_mixin.py:149} INFO - [2023-07-09T19:09:55.643+0000] {dagbag.py:541} INFO - Filling up the DagBag from /home/airflow/.local/lib/python3.7/site-packages/airflow/example_dags/example_nested_branch_dag.py
[2023-07-09T19:09:55.652+0000] {processor.py:836} INFO - DAG(s) dict_keys(['example_nested_branch_dag']) retrieved from /home/airflow/.local/lib/python3.7/site-packages/airflow/example_dags/example_nested_branch_dag.py
[2023-07-09T19:09:55.678+0000] {logging_mixin.py:149} INFO - [2023-07-09T19:09:55.678+0000] {dag.py:2726} INFO - Sync 1 DAGs
[2023-07-09T19:09:55.703+0000] {logging_mixin.py:149} INFO - [2023-07-09T19:09:55.703+0000] {dag.py:3490} INFO - Setting next_dagrun for example_nested_branch_dag to 2023-07-08T00:00:00+00:00, run_after=2023-07-09T00:00:00+00:00
[2023-07-09T19:09:55.725+0000] {processor.py:179} INFO - Processing /home/airflow/.local/lib/python3.7/site-packages/airflow/example_dags/example_nested_branch_dag.py took 0.086 seconds
[2023-07-09T19:10:25.848+0000] {processor.py:157} INFO - Started process (PID=1230) to work on /home/airflow/.local/lib/python3.7/site-packages/airflow/example_dags/example_nested_branch_dag.py
[2023-07-09T19:10:25.849+0000] {processor.py:826} INFO - Processing file /home/airflow/.local/lib/python3.7/site-packages/airflow/example_dags/example_nested_branch_dag.py for tasks to queue
[2023-07-09T19:10:25.850+0000] {logging_mixin.py:149} INFO - [2023-07-09T19:10:25.849+0000] {dagbag.py:541} INFO - Filling up the DagBag from /home/airflow/.local/lib/python3.7/site-packages/airflow/example_dags/example_nested_branch_dag.py
[2023-07-09T19:10:25.858+0000] {processor.py:836} INFO - DAG(s) dict_keys(['example_nested_branch_dag']) retrieved from /home/airflow/.local/lib/python3.7/site-packages/airflow/example_dags/example_nested_branch_dag.py
[2023-07-09T19:10:25.882+0000] {logging_mixin.py:149} INFO - [2023-07-09T19:10:25.882+0000] {dag.py:2726} INFO - Sync 1 DAGs
[2023-07-09T19:10:25.907+0000] {logging_mixin.py:149} INFO - [2023-07-09T19:10:25.907+0000] {dag.py:3490} INFO - Setting next_dagrun for example_nested_branch_dag to 2023-07-08T00:00:00+00:00, run_after=2023-07-09T00:00:00+00:00
[2023-07-09T19:10:25.930+0000] {processor.py:179} INFO - Processing /home/airflow/.local/lib/python3.7/site-packages/airflow/example_dags/example_nested_branch_dag.py took 0.085 seconds
[2023-07-09T19:10:56.392+0000] {processor.py:157} INFO - Started process (PID=1291) to work on /home/airflow/.local/lib/python3.7/site-packages/airflow/example_dags/example_nested_branch_dag.py
[2023-07-09T19:10:56.393+0000] {processor.py:826} INFO - Processing file /home/airflow/.local/lib/python3.7/site-packages/airflow/example_dags/example_nested_branch_dag.py for tasks to queue
[2023-07-09T19:10:56.393+0000] {logging_mixin.py:149} INFO - [2023-07-09T19:10:56.393+0000] {dagbag.py:541} INFO - Filling up the DagBag from /home/airflow/.local/lib/python3.7/site-packages/airflow/example_dags/example_nested_branch_dag.py
[2023-07-09T19:10:56.402+0000] {processor.py:836} INFO - DAG(s) dict_keys(['example_nested_branch_dag']) retrieved from /home/airflow/.local/lib/python3.7/site-packages/airflow/example_dags/example_nested_branch_dag.py
[2023-07-09T19:10:56.427+0000] {logging_mixin.py:149} INFO - [2023-07-09T19:10:56.427+0000] {dag.py:2726} INFO - Sync 1 DAGs
[2023-07-09T19:10:56.450+0000] {logging_mixin.py:149} INFO - [2023-07-09T19:10:56.450+0000] {dag.py:3490} INFO - Setting next_dagrun for example_nested_branch_dag to 2023-07-08T00:00:00+00:00, run_after=2023-07-09T00:00:00+00:00
[2023-07-09T19:10:56.474+0000] {processor.py:179} INFO - Processing /home/airflow/.local/lib/python3.7/site-packages/airflow/example_dags/example_nested_branch_dag.py took 0.085 seconds
[2023-07-09T19:11:26.666+0000] {processor.py:157} INFO - Started process (PID=1352) to work on /home/airflow/.local/lib/python3.7/site-packages/airflow/example_dags/example_nested_branch_dag.py
[2023-07-09T19:11:26.667+0000] {processor.py:826} INFO - Processing file /home/airflow/.local/lib/python3.7/site-packages/airflow/example_dags/example_nested_branch_dag.py for tasks to queue
[2023-07-09T19:11:26.668+0000] {logging_mixin.py:149} INFO - [2023-07-09T19:11:26.668+0000] {dagbag.py:541} INFO - Filling up the DagBag from /home/airflow/.local/lib/python3.7/site-packages/airflow/example_dags/example_nested_branch_dag.py
[2023-07-09T19:11:26.680+0000] {processor.py:836} INFO - DAG(s) dict_keys(['example_nested_branch_dag']) retrieved from /home/airflow/.local/lib/python3.7/site-packages/airflow/example_dags/example_nested_branch_dag.py
[2023-07-09T19:11:26.710+0000] {logging_mixin.py:149} INFO - [2023-07-09T19:11:26.710+0000] {dag.py:2726} INFO - Sync 1 DAGs
[2023-07-09T19:11:26.742+0000] {logging_mixin.py:149} INFO - [2023-07-09T19:11:26.741+0000] {dag.py:3490} INFO - Setting next_dagrun for example_nested_branch_dag to 2023-07-08T00:00:00+00:00, run_after=2023-07-09T00:00:00+00:00
[2023-07-09T19:11:26.771+0000] {processor.py:179} INFO - Processing /home/airflow/.local/lib/python3.7/site-packages/airflow/example_dags/example_nested_branch_dag.py took 0.108 seconds
[2023-07-09T19:11:56.937+0000] {processor.py:157} INFO - Started process (PID=1413) to work on /home/airflow/.local/lib/python3.7/site-packages/airflow/example_dags/example_nested_branch_dag.py
[2023-07-09T19:11:56.938+0000] {processor.py:826} INFO - Processing file /home/airflow/.local/lib/python3.7/site-packages/airflow/example_dags/example_nested_branch_dag.py for tasks to queue
[2023-07-09T19:11:56.940+0000] {logging_mixin.py:149} INFO - [2023-07-09T19:11:56.939+0000] {dagbag.py:541} INFO - Filling up the DagBag from /home/airflow/.local/lib/python3.7/site-packages/airflow/example_dags/example_nested_branch_dag.py
[2023-07-09T19:11:56.950+0000] {processor.py:836} INFO - DAG(s) dict_keys(['example_nested_branch_dag']) retrieved from /home/airflow/.local/lib/python3.7/site-packages/airflow/example_dags/example_nested_branch_dag.py
[2023-07-09T19:11:56.964+0000] {logging_mixin.py:149} INFO - [2023-07-09T19:11:56.963+0000] {dag.py:2726} INFO - Sync 1 DAGs
[2023-07-09T19:11:56.992+0000] {logging_mixin.py:149} INFO - [2023-07-09T19:11:56.992+0000] {dag.py:3490} INFO - Setting next_dagrun for example_nested_branch_dag to 2023-07-08T00:00:00+00:00, run_after=2023-07-09T00:00:00+00:00
[2023-07-09T19:11:57.012+0000] {processor.py:179} INFO - Processing /home/airflow/.local/lib/python3.7/site-packages/airflow/example_dags/example_nested_branch_dag.py took 0.078 seconds
[2023-07-09T19:12:27.790+0000] {processor.py:157} INFO - Started process (PID=1475) to work on /home/airflow/.local/lib/python3.7/site-packages/airflow/example_dags/example_nested_branch_dag.py
[2023-07-09T19:12:27.791+0000] {processor.py:826} INFO - Processing file /home/airflow/.local/lib/python3.7/site-packages/airflow/example_dags/example_nested_branch_dag.py for tasks to queue
[2023-07-09T19:12:27.792+0000] {logging_mixin.py:149} INFO - [2023-07-09T19:12:27.792+0000] {dagbag.py:541} INFO - Filling up the DagBag from /home/airflow/.local/lib/python3.7/site-packages/airflow/example_dags/example_nested_branch_dag.py
[2023-07-09T19:12:27.801+0000] {processor.py:836} INFO - DAG(s) dict_keys(['example_nested_branch_dag']) retrieved from /home/airflow/.local/lib/python3.7/site-packages/airflow/example_dags/example_nested_branch_dag.py
[2023-07-09T19:12:27.814+0000] {logging_mixin.py:149} INFO - [2023-07-09T19:12:27.814+0000] {dag.py:2726} INFO - Sync 1 DAGs
[2023-07-09T19:12:27.846+0000] {logging_mixin.py:149} INFO - [2023-07-09T19:12:27.846+0000] {dag.py:3490} INFO - Setting next_dagrun for example_nested_branch_dag to 2023-07-08T00:00:00+00:00, run_after=2023-07-09T00:00:00+00:00
[2023-07-09T19:12:27.869+0000] {processor.py:179} INFO - Processing /home/airflow/.local/lib/python3.7/site-packages/airflow/example_dags/example_nested_branch_dag.py took 0.083 seconds
[2023-07-09T19:12:58.809+0000] {processor.py:157} INFO - Started process (PID=1536) to work on /home/airflow/.local/lib/python3.7/site-packages/airflow/example_dags/example_nested_branch_dag.py
[2023-07-09T19:12:58.810+0000] {processor.py:826} INFO - Processing file /home/airflow/.local/lib/python3.7/site-packages/airflow/example_dags/example_nested_branch_dag.py for tasks to queue
[2023-07-09T19:12:58.811+0000] {logging_mixin.py:149} INFO - [2023-07-09T19:12:58.811+0000] {dagbag.py:541} INFO - Filling up the DagBag from /home/airflow/.local/lib/python3.7/site-packages/airflow/example_dags/example_nested_branch_dag.py
[2023-07-09T19:12:58.821+0000] {processor.py:836} INFO - DAG(s) dict_keys(['example_nested_branch_dag']) retrieved from /home/airflow/.local/lib/python3.7/site-packages/airflow/example_dags/example_nested_branch_dag.py
[2023-07-09T19:12:58.847+0000] {logging_mixin.py:149} INFO - [2023-07-09T19:12:58.847+0000] {dag.py:2726} INFO - Sync 1 DAGs
[2023-07-09T19:12:58.875+0000] {logging_mixin.py:149} INFO - [2023-07-09T19:12:58.875+0000] {dag.py:3490} INFO - Setting next_dagrun for example_nested_branch_dag to 2023-07-08T00:00:00+00:00, run_after=2023-07-09T00:00:00+00:00
[2023-07-09T19:12:58.899+0000] {processor.py:179} INFO - Processing /home/airflow/.local/lib/python3.7/site-packages/airflow/example_dags/example_nested_branch_dag.py took 0.093 seconds
[2023-07-09T19:13:29.182+0000] {processor.py:157} INFO - Started process (PID=1598) to work on /home/airflow/.local/lib/python3.7/site-packages/airflow/example_dags/example_nested_branch_dag.py
[2023-07-09T19:13:29.183+0000] {processor.py:826} INFO - Processing file /home/airflow/.local/lib/python3.7/site-packages/airflow/example_dags/example_nested_branch_dag.py for tasks to queue
[2023-07-09T19:13:29.184+0000] {logging_mixin.py:149} INFO - [2023-07-09T19:13:29.184+0000] {dagbag.py:541} INFO - Filling up the DagBag from /home/airflow/.local/lib/python3.7/site-packages/airflow/example_dags/example_nested_branch_dag.py
[2023-07-09T19:13:29.193+0000] {processor.py:836} INFO - DAG(s) dict_keys(['example_nested_branch_dag']) retrieved from /home/airflow/.local/lib/python3.7/site-packages/airflow/example_dags/example_nested_branch_dag.py
[2023-07-09T19:13:29.216+0000] {logging_mixin.py:149} INFO - [2023-07-09T19:13:29.216+0000] {dag.py:2726} INFO - Sync 1 DAGs
[2023-07-09T19:13:29.239+0000] {logging_mixin.py:149} INFO - [2023-07-09T19:13:29.239+0000] {dag.py:3490} INFO - Setting next_dagrun for example_nested_branch_dag to 2023-07-08T00:00:00+00:00, run_after=2023-07-09T00:00:00+00:00
[2023-07-09T19:13:29.259+0000] {processor.py:179} INFO - Processing /home/airflow/.local/lib/python3.7/site-packages/airflow/example_dags/example_nested_branch_dag.py took 0.080 seconds
[2023-07-09T19:13:59.565+0000] {processor.py:157} INFO - Started process (PID=1659) to work on /home/airflow/.local/lib/python3.7/site-packages/airflow/example_dags/example_nested_branch_dag.py
[2023-07-09T19:13:59.566+0000] {processor.py:826} INFO - Processing file /home/airflow/.local/lib/python3.7/site-packages/airflow/example_dags/example_nested_branch_dag.py for tasks to queue
[2023-07-09T19:13:59.567+0000] {logging_mixin.py:149} INFO - [2023-07-09T19:13:59.567+0000] {dagbag.py:541} INFO - Filling up the DagBag from /home/airflow/.local/lib/python3.7/site-packages/airflow/example_dags/example_nested_branch_dag.py
[2023-07-09T19:13:59.576+0000] {processor.py:836} INFO - DAG(s) dict_keys(['example_nested_branch_dag']) retrieved from /home/airflow/.local/lib/python3.7/site-packages/airflow/example_dags/example_nested_branch_dag.py
[2023-07-09T19:13:59.604+0000] {logging_mixin.py:149} INFO - [2023-07-09T19:13:59.604+0000] {dag.py:2726} INFO - Sync 1 DAGs
[2023-07-09T19:13:59.633+0000] {logging_mixin.py:149} INFO - [2023-07-09T19:13:59.633+0000] {dag.py:3490} INFO - Setting next_dagrun for example_nested_branch_dag to 2023-07-08T00:00:00+00:00, run_after=2023-07-09T00:00:00+00:00
[2023-07-09T19:13:59.656+0000] {processor.py:179} INFO - Processing /home/airflow/.local/lib/python3.7/site-packages/airflow/example_dags/example_nested_branch_dag.py took 0.095 seconds
[2023-07-09T19:14:29.689+0000] {processor.py:157} INFO - Started process (PID=1720) to work on /home/airflow/.local/lib/python3.7/site-packages/airflow/example_dags/example_nested_branch_dag.py
[2023-07-09T19:14:29.690+0000] {processor.py:826} INFO - Processing file /home/airflow/.local/lib/python3.7/site-packages/airflow/example_dags/example_nested_branch_dag.py for tasks to queue
[2023-07-09T19:14:29.691+0000] {logging_mixin.py:149} INFO - [2023-07-09T19:14:29.691+0000] {dagbag.py:541} INFO - Filling up the DagBag from /home/airflow/.local/lib/python3.7/site-packages/airflow/example_dags/example_nested_branch_dag.py
[2023-07-09T19:14:29.700+0000] {processor.py:836} INFO - DAG(s) dict_keys(['example_nested_branch_dag']) retrieved from /home/airflow/.local/lib/python3.7/site-packages/airflow/example_dags/example_nested_branch_dag.py
[2023-07-09T19:14:29.724+0000] {logging_mixin.py:149} INFO - [2023-07-09T19:14:29.724+0000] {dag.py:2726} INFO - Sync 1 DAGs
[2023-07-09T19:14:29.749+0000] {logging_mixin.py:149} INFO - [2023-07-09T19:14:29.748+0000] {dag.py:3490} INFO - Setting next_dagrun for example_nested_branch_dag to 2023-07-08T00:00:00+00:00, run_after=2023-07-09T00:00:00+00:00
[2023-07-09T19:14:29.771+0000] {processor.py:179} INFO - Processing /home/airflow/.local/lib/python3.7/site-packages/airflow/example_dags/example_nested_branch_dag.py took 0.085 seconds
[2023-07-09T19:15:00.613+0000] {processor.py:157} INFO - Started process (PID=1781) to work on /home/airflow/.local/lib/python3.7/site-packages/airflow/example_dags/example_nested_branch_dag.py
[2023-07-09T19:15:00.614+0000] {processor.py:826} INFO - Processing file /home/airflow/.local/lib/python3.7/site-packages/airflow/example_dags/example_nested_branch_dag.py for tasks to queue
[2023-07-09T19:15:00.615+0000] {logging_mixin.py:149} INFO - [2023-07-09T19:15:00.615+0000] {dagbag.py:541} INFO - Filling up the DagBag from /home/airflow/.local/lib/python3.7/site-packages/airflow/example_dags/example_nested_branch_dag.py
[2023-07-09T19:15:00.624+0000] {processor.py:836} INFO - DAG(s) dict_keys(['example_nested_branch_dag']) retrieved from /home/airflow/.local/lib/python3.7/site-packages/airflow/example_dags/example_nested_branch_dag.py
[2023-07-09T19:15:00.648+0000] {logging_mixin.py:149} INFO - [2023-07-09T19:15:00.648+0000] {dag.py:2726} INFO - Sync 1 DAGs
[2023-07-09T19:15:00.673+0000] {logging_mixin.py:149} INFO - [2023-07-09T19:15:00.673+0000] {dag.py:3490} INFO - Setting next_dagrun for example_nested_branch_dag to 2023-07-08T00:00:00+00:00, run_after=2023-07-09T00:00:00+00:00
[2023-07-09T19:15:00.696+0000] {processor.py:179} INFO - Processing /home/airflow/.local/lib/python3.7/site-packages/airflow/example_dags/example_nested_branch_dag.py took 0.086 seconds
[2023-07-09T19:15:31.439+0000] {processor.py:157} INFO - Started process (PID=1842) to work on /home/airflow/.local/lib/python3.7/site-packages/airflow/example_dags/example_nested_branch_dag.py
[2023-07-09T19:15:31.440+0000] {processor.py:826} INFO - Processing file /home/airflow/.local/lib/python3.7/site-packages/airflow/example_dags/example_nested_branch_dag.py for tasks to queue
[2023-07-09T19:15:31.441+0000] {logging_mixin.py:149} INFO - [2023-07-09T19:15:31.441+0000] {dagbag.py:541} INFO - Filling up the DagBag from /home/airflow/.local/lib/python3.7/site-packages/airflow/example_dags/example_nested_branch_dag.py
[2023-07-09T19:15:31.450+0000] {processor.py:836} INFO - DAG(s) dict_keys(['example_nested_branch_dag']) retrieved from /home/airflow/.local/lib/python3.7/site-packages/airflow/example_dags/example_nested_branch_dag.py
[2023-07-09T19:15:31.475+0000] {logging_mixin.py:149} INFO - [2023-07-09T19:15:31.475+0000] {dag.py:2726} INFO - Sync 1 DAGs
[2023-07-09T19:15:31.500+0000] {logging_mixin.py:149} INFO - [2023-07-09T19:15:31.499+0000] {dag.py:3490} INFO - Setting next_dagrun for example_nested_branch_dag to 2023-07-08T00:00:00+00:00, run_after=2023-07-09T00:00:00+00:00
[2023-07-09T19:15:31.523+0000] {processor.py:179} INFO - Processing /home/airflow/.local/lib/python3.7/site-packages/airflow/example_dags/example_nested_branch_dag.py took 0.086 seconds
[2023-07-09T19:16:01.804+0000] {processor.py:157} INFO - Started process (PID=1904) to work on /home/airflow/.local/lib/python3.7/site-packages/airflow/example_dags/example_nested_branch_dag.py
[2023-07-09T19:16:01.805+0000] {processor.py:826} INFO - Processing file /home/airflow/.local/lib/python3.7/site-packages/airflow/example_dags/example_nested_branch_dag.py for tasks to queue
[2023-07-09T19:16:01.806+0000] {logging_mixin.py:149} INFO - [2023-07-09T19:16:01.806+0000] {dagbag.py:541} INFO - Filling up the DagBag from /home/airflow/.local/lib/python3.7/site-packages/airflow/example_dags/example_nested_branch_dag.py
[2023-07-09T19:16:01.815+0000] {processor.py:836} INFO - DAG(s) dict_keys(['example_nested_branch_dag']) retrieved from /home/airflow/.local/lib/python3.7/site-packages/airflow/example_dags/example_nested_branch_dag.py
[2023-07-09T19:16:01.842+0000] {logging_mixin.py:149} INFO - [2023-07-09T19:16:01.842+0000] {dag.py:2726} INFO - Sync 1 DAGs
[2023-07-09T19:16:01.868+0000] {logging_mixin.py:149} INFO - [2023-07-09T19:16:01.868+0000] {dag.py:3490} INFO - Setting next_dagrun for example_nested_branch_dag to 2023-07-08T00:00:00+00:00, run_after=2023-07-09T00:00:00+00:00
[2023-07-09T19:16:01.890+0000] {processor.py:179} INFO - Processing /home/airflow/.local/lib/python3.7/site-packages/airflow/example_dags/example_nested_branch_dag.py took 0.090 seconds
[2023-07-09T19:16:32.094+0000] {processor.py:157} INFO - Started process (PID=1967) to work on /home/airflow/.local/lib/python3.7/site-packages/airflow/example_dags/example_nested_branch_dag.py
[2023-07-09T19:16:32.095+0000] {processor.py:826} INFO - Processing file /home/airflow/.local/lib/python3.7/site-packages/airflow/example_dags/example_nested_branch_dag.py for tasks to queue
[2023-07-09T19:16:32.096+0000] {logging_mixin.py:149} INFO - [2023-07-09T19:16:32.096+0000] {dagbag.py:541} INFO - Filling up the DagBag from /home/airflow/.local/lib/python3.7/site-packages/airflow/example_dags/example_nested_branch_dag.py
[2023-07-09T19:16:32.105+0000] {processor.py:836} INFO - DAG(s) dict_keys(['example_nested_branch_dag']) retrieved from /home/airflow/.local/lib/python3.7/site-packages/airflow/example_dags/example_nested_branch_dag.py
[2023-07-09T19:16:32.130+0000] {logging_mixin.py:149} INFO - [2023-07-09T19:16:32.129+0000] {dag.py:2726} INFO - Sync 1 DAGs
[2023-07-09T19:16:32.156+0000] {logging_mixin.py:149} INFO - [2023-07-09T19:16:32.156+0000] {dag.py:3490} INFO - Setting next_dagrun for example_nested_branch_dag to 2023-07-08T00:00:00+00:00, run_after=2023-07-09T00:00:00+00:00
[2023-07-09T19:16:32.177+0000] {processor.py:179} INFO - Processing /home/airflow/.local/lib/python3.7/site-packages/airflow/example_dags/example_nested_branch_dag.py took 0.086 seconds
[2023-07-09T19:17:02.525+0000] {processor.py:157} INFO - Started process (PID=2029) to work on /home/airflow/.local/lib/python3.7/site-packages/airflow/example_dags/example_nested_branch_dag.py
[2023-07-09T19:17:02.526+0000] {processor.py:826} INFO - Processing file /home/airflow/.local/lib/python3.7/site-packages/airflow/example_dags/example_nested_branch_dag.py for tasks to queue
[2023-07-09T19:17:02.527+0000] {logging_mixin.py:149} INFO - [2023-07-09T19:17:02.527+0000] {dagbag.py:541} INFO - Filling up the DagBag from /home/airflow/.local/lib/python3.7/site-packages/airflow/example_dags/example_nested_branch_dag.py
[2023-07-09T19:17:02.536+0000] {processor.py:836} INFO - DAG(s) dict_keys(['example_nested_branch_dag']) retrieved from /home/airflow/.local/lib/python3.7/site-packages/airflow/example_dags/example_nested_branch_dag.py
[2023-07-09T19:17:02.561+0000] {logging_mixin.py:149} INFO - [2023-07-09T19:17:02.561+0000] {dag.py:2726} INFO - Sync 1 DAGs
[2023-07-09T19:17:02.588+0000] {logging_mixin.py:149} INFO - [2023-07-09T19:17:02.588+0000] {dag.py:3490} INFO - Setting next_dagrun for example_nested_branch_dag to 2023-07-08T00:00:00+00:00, run_after=2023-07-09T00:00:00+00:00
[2023-07-09T19:17:02.610+0000] {processor.py:179} INFO - Processing /home/airflow/.local/lib/python3.7/site-packages/airflow/example_dags/example_nested_branch_dag.py took 0.089 seconds
[2023-07-09T19:17:33.513+0000] {processor.py:157} INFO - Started process (PID=2091) to work on /home/airflow/.local/lib/python3.7/site-packages/airflow/example_dags/example_nested_branch_dag.py
[2023-07-09T19:17:33.514+0000] {processor.py:826} INFO - Processing file /home/airflow/.local/lib/python3.7/site-packages/airflow/example_dags/example_nested_branch_dag.py for tasks to queue
[2023-07-09T19:17:33.515+0000] {logging_mixin.py:149} INFO - [2023-07-09T19:17:33.515+0000] {dagbag.py:541} INFO - Filling up the DagBag from /home/airflow/.local/lib/python3.7/site-packages/airflow/example_dags/example_nested_branch_dag.py
[2023-07-09T19:17:33.525+0000] {processor.py:836} INFO - DAG(s) dict_keys(['example_nested_branch_dag']) retrieved from /home/airflow/.local/lib/python3.7/site-packages/airflow/example_dags/example_nested_branch_dag.py
[2023-07-09T19:17:33.550+0000] {logging_mixin.py:149} INFO - [2023-07-09T19:17:33.550+0000] {dag.py:2726} INFO - Sync 1 DAGs
[2023-07-09T19:17:33.574+0000] {logging_mixin.py:149} INFO - [2023-07-09T19:17:33.574+0000] {dag.py:3490} INFO - Setting next_dagrun for example_nested_branch_dag to 2023-07-08T00:00:00+00:00, run_after=2023-07-09T00:00:00+00:00
[2023-07-09T19:17:33.595+0000] {processor.py:179} INFO - Processing /home/airflow/.local/lib/python3.7/site-packages/airflow/example_dags/example_nested_branch_dag.py took 0.085 seconds
[2023-07-09T19:18:04.516+0000] {processor.py:157} INFO - Started process (PID=2153) to work on /home/airflow/.local/lib/python3.7/site-packages/airflow/example_dags/example_nested_branch_dag.py
[2023-07-09T19:18:04.518+0000] {processor.py:826} INFO - Processing file /home/airflow/.local/lib/python3.7/site-packages/airflow/example_dags/example_nested_branch_dag.py for tasks to queue
[2023-07-09T19:18:04.519+0000] {logging_mixin.py:149} INFO - [2023-07-09T19:18:04.519+0000] {dagbag.py:541} INFO - Filling up the DagBag from /home/airflow/.local/lib/python3.7/site-packages/airflow/example_dags/example_nested_branch_dag.py
[2023-07-09T19:18:04.530+0000] {processor.py:836} INFO - DAG(s) dict_keys(['example_nested_branch_dag']) retrieved from /home/airflow/.local/lib/python3.7/site-packages/airflow/example_dags/example_nested_branch_dag.py
[2023-07-09T19:18:04.558+0000] {logging_mixin.py:149} INFO - [2023-07-09T19:18:04.557+0000] {dag.py:2726} INFO - Sync 1 DAGs
[2023-07-09T19:18:04.585+0000] {logging_mixin.py:149} INFO - [2023-07-09T19:18:04.585+0000] {dag.py:3490} INFO - Setting next_dagrun for example_nested_branch_dag to 2023-07-08T00:00:00+00:00, run_after=2023-07-09T00:00:00+00:00
[2023-07-09T19:18:04.609+0000] {processor.py:179} INFO - Processing /home/airflow/.local/lib/python3.7/site-packages/airflow/example_dags/example_nested_branch_dag.py took 0.096 seconds
[2023-07-09T19:18:34.873+0000] {processor.py:157} INFO - Started process (PID=2215) to work on /home/airflow/.local/lib/python3.7/site-packages/airflow/example_dags/example_nested_branch_dag.py
[2023-07-09T19:18:34.874+0000] {processor.py:826} INFO - Processing file /home/airflow/.local/lib/python3.7/site-packages/airflow/example_dags/example_nested_branch_dag.py for tasks to queue
[2023-07-09T19:18:34.875+0000] {logging_mixin.py:149} INFO - [2023-07-09T19:18:34.875+0000] {dagbag.py:541} INFO - Filling up the DagBag from /home/airflow/.local/lib/python3.7/site-packages/airflow/example_dags/example_nested_branch_dag.py
[2023-07-09T19:18:34.887+0000] {processor.py:836} INFO - DAG(s) dict_keys(['example_nested_branch_dag']) retrieved from /home/airflow/.local/lib/python3.7/site-packages/airflow/example_dags/example_nested_branch_dag.py
[2023-07-09T19:18:34.916+0000] {logging_mixin.py:149} INFO - [2023-07-09T19:18:34.916+0000] {dag.py:2726} INFO - Sync 1 DAGs
[2023-07-09T19:18:34.942+0000] {logging_mixin.py:149} INFO - [2023-07-09T19:18:34.942+0000] {dag.py:3490} INFO - Setting next_dagrun for example_nested_branch_dag to 2023-07-08T00:00:00+00:00, run_after=2023-07-09T00:00:00+00:00
[2023-07-09T19:18:34.964+0000] {processor.py:179} INFO - Processing /home/airflow/.local/lib/python3.7/site-packages/airflow/example_dags/example_nested_branch_dag.py took 0.095 seconds
[2023-07-09T19:19:05.103+0000] {processor.py:157} INFO - Started process (PID=2277) to work on /home/airflow/.local/lib/python3.7/site-packages/airflow/example_dags/example_nested_branch_dag.py
[2023-07-09T19:19:05.105+0000] {processor.py:826} INFO - Processing file /home/airflow/.local/lib/python3.7/site-packages/airflow/example_dags/example_nested_branch_dag.py for tasks to queue
[2023-07-09T19:19:05.106+0000] {logging_mixin.py:149} INFO - [2023-07-09T19:19:05.105+0000] {dagbag.py:541} INFO - Filling up the DagBag from /home/airflow/.local/lib/python3.7/site-packages/airflow/example_dags/example_nested_branch_dag.py
[2023-07-09T19:19:05.114+0000] {processor.py:836} INFO - DAG(s) dict_keys(['example_nested_branch_dag']) retrieved from /home/airflow/.local/lib/python3.7/site-packages/airflow/example_dags/example_nested_branch_dag.py
[2023-07-09T19:19:05.140+0000] {logging_mixin.py:149} INFO - [2023-07-09T19:19:05.140+0000] {dag.py:2726} INFO - Sync 1 DAGs
[2023-07-09T19:19:05.167+0000] {logging_mixin.py:149} INFO - [2023-07-09T19:19:05.167+0000] {dag.py:3490} INFO - Setting next_dagrun for example_nested_branch_dag to 2023-07-08T00:00:00+00:00, run_after=2023-07-09T00:00:00+00:00
[2023-07-09T19:19:05.190+0000] {processor.py:179} INFO - Processing /home/airflow/.local/lib/python3.7/site-packages/airflow/example_dags/example_nested_branch_dag.py took 0.090 seconds
[2023-07-09T19:19:35.317+0000] {processor.py:157} INFO - Started process (PID=2339) to work on /home/airflow/.local/lib/python3.7/site-packages/airflow/example_dags/example_nested_branch_dag.py
[2023-07-09T19:19:35.318+0000] {processor.py:826} INFO - Processing file /home/airflow/.local/lib/python3.7/site-packages/airflow/example_dags/example_nested_branch_dag.py for tasks to queue
[2023-07-09T19:19:35.319+0000] {logging_mixin.py:149} INFO - [2023-07-09T19:19:35.319+0000] {dagbag.py:541} INFO - Filling up the DagBag from /home/airflow/.local/lib/python3.7/site-packages/airflow/example_dags/example_nested_branch_dag.py
[2023-07-09T19:19:35.328+0000] {processor.py:836} INFO - DAG(s) dict_keys(['example_nested_branch_dag']) retrieved from /home/airflow/.local/lib/python3.7/site-packages/airflow/example_dags/example_nested_branch_dag.py
[2023-07-09T19:19:35.353+0000] {logging_mixin.py:149} INFO - [2023-07-09T19:19:35.352+0000] {dag.py:2726} INFO - Sync 1 DAGs
[2023-07-09T19:19:35.378+0000] {logging_mixin.py:149} INFO - [2023-07-09T19:19:35.377+0000] {dag.py:3490} INFO - Setting next_dagrun for example_nested_branch_dag to 2023-07-08T00:00:00+00:00, run_after=2023-07-09T00:00:00+00:00
[2023-07-09T19:19:35.401+0000] {processor.py:179} INFO - Processing /home/airflow/.local/lib/python3.7/site-packages/airflow/example_dags/example_nested_branch_dag.py took 0.087 seconds
[2023-07-09T19:20:05.741+0000] {processor.py:157} INFO - Started process (PID=2401) to work on /home/airflow/.local/lib/python3.7/site-packages/airflow/example_dags/example_nested_branch_dag.py
[2023-07-09T19:20:05.742+0000] {processor.py:826} INFO - Processing file /home/airflow/.local/lib/python3.7/site-packages/airflow/example_dags/example_nested_branch_dag.py for tasks to queue
[2023-07-09T19:20:05.743+0000] {logging_mixin.py:149} INFO - [2023-07-09T19:20:05.743+0000] {dagbag.py:541} INFO - Filling up the DagBag from /home/airflow/.local/lib/python3.7/site-packages/airflow/example_dags/example_nested_branch_dag.py
[2023-07-09T19:20:05.751+0000] {processor.py:836} INFO - DAG(s) dict_keys(['example_nested_branch_dag']) retrieved from /home/airflow/.local/lib/python3.7/site-packages/airflow/example_dags/example_nested_branch_dag.py
[2023-07-09T19:20:05.775+0000] {logging_mixin.py:149} INFO - [2023-07-09T19:20:05.775+0000] {dag.py:2726} INFO - Sync 1 DAGs
[2023-07-09T19:20:05.799+0000] {logging_mixin.py:149} INFO - [2023-07-09T19:20:05.798+0000] {dag.py:3490} INFO - Setting next_dagrun for example_nested_branch_dag to 2023-07-08T00:00:00+00:00, run_after=2023-07-09T00:00:00+00:00
[2023-07-09T19:20:05.820+0000] {processor.py:179} INFO - Processing /home/airflow/.local/lib/python3.7/site-packages/airflow/example_dags/example_nested_branch_dag.py took 0.082 seconds
[2023-07-09T19:20:36.246+0000] {processor.py:157} INFO - Started process (PID=2462) to work on /home/airflow/.local/lib/python3.7/site-packages/airflow/example_dags/example_nested_branch_dag.py
[2023-07-09T19:20:36.247+0000] {processor.py:826} INFO - Processing file /home/airflow/.local/lib/python3.7/site-packages/airflow/example_dags/example_nested_branch_dag.py for tasks to queue
[2023-07-09T19:20:36.248+0000] {logging_mixin.py:149} INFO - [2023-07-09T19:20:36.248+0000] {dagbag.py:541} INFO - Filling up the DagBag from /home/airflow/.local/lib/python3.7/site-packages/airflow/example_dags/example_nested_branch_dag.py
[2023-07-09T19:20:36.258+0000] {processor.py:836} INFO - DAG(s) dict_keys(['example_nested_branch_dag']) retrieved from /home/airflow/.local/lib/python3.7/site-packages/airflow/example_dags/example_nested_branch_dag.py
[2023-07-09T19:20:36.285+0000] {logging_mixin.py:149} INFO - [2023-07-09T19:20:36.285+0000] {dag.py:2726} INFO - Sync 1 DAGs
[2023-07-09T19:20:36.312+0000] {logging_mixin.py:149} INFO - [2023-07-09T19:20:36.311+0000] {dag.py:3490} INFO - Setting next_dagrun for example_nested_branch_dag to 2023-07-08T00:00:00+00:00, run_after=2023-07-09T00:00:00+00:00
[2023-07-09T19:20:36.334+0000] {processor.py:179} INFO - Processing /home/airflow/.local/lib/python3.7/site-packages/airflow/example_dags/example_nested_branch_dag.py took 0.092 seconds
[2023-07-09T19:21:07.298+0000] {processor.py:157} INFO - Started process (PID=2525) to work on /home/airflow/.local/lib/python3.7/site-packages/airflow/example_dags/example_nested_branch_dag.py
[2023-07-09T19:21:07.300+0000] {processor.py:826} INFO - Processing file /home/airflow/.local/lib/python3.7/site-packages/airflow/example_dags/example_nested_branch_dag.py for tasks to queue
[2023-07-09T19:21:07.301+0000] {logging_mixin.py:149} INFO - [2023-07-09T19:21:07.301+0000] {dagbag.py:541} INFO - Filling up the DagBag from /home/airflow/.local/lib/python3.7/site-packages/airflow/example_dags/example_nested_branch_dag.py
[2023-07-09T19:21:07.317+0000] {processor.py:836} INFO - DAG(s) dict_keys(['example_nested_branch_dag']) retrieved from /home/airflow/.local/lib/python3.7/site-packages/airflow/example_dags/example_nested_branch_dag.py
[2023-07-09T19:21:07.377+0000] {logging_mixin.py:149} INFO - [2023-07-09T19:21:07.376+0000] {dag.py:2726} INFO - Sync 1 DAGs
[2023-07-09T19:21:07.434+0000] {logging_mixin.py:149} INFO - [2023-07-09T19:21:07.434+0000] {dag.py:3490} INFO - Setting next_dagrun for example_nested_branch_dag to 2023-07-08T00:00:00+00:00, run_after=2023-07-09T00:00:00+00:00
[2023-07-09T19:21:07.500+0000] {processor.py:179} INFO - Processing /home/airflow/.local/lib/python3.7/site-packages/airflow/example_dags/example_nested_branch_dag.py took 0.205 seconds
[2023-07-09T19:21:37.874+0000] {processor.py:157} INFO - Started process (PID=2587) to work on /home/airflow/.local/lib/python3.7/site-packages/airflow/example_dags/example_nested_branch_dag.py
[2023-07-09T19:21:37.875+0000] {processor.py:826} INFO - Processing file /home/airflow/.local/lib/python3.7/site-packages/airflow/example_dags/example_nested_branch_dag.py for tasks to queue
[2023-07-09T19:21:37.876+0000] {logging_mixin.py:149} INFO - [2023-07-09T19:21:37.876+0000] {dagbag.py:541} INFO - Filling up the DagBag from /home/airflow/.local/lib/python3.7/site-packages/airflow/example_dags/example_nested_branch_dag.py
[2023-07-09T19:21:37.889+0000] {processor.py:836} INFO - DAG(s) dict_keys(['example_nested_branch_dag']) retrieved from /home/airflow/.local/lib/python3.7/site-packages/airflow/example_dags/example_nested_branch_dag.py
[2023-07-09T19:21:37.926+0000] {logging_mixin.py:149} INFO - [2023-07-09T19:21:37.925+0000] {dag.py:2726} INFO - Sync 1 DAGs
[2023-07-09T19:21:37.954+0000] {logging_mixin.py:149} INFO - [2023-07-09T19:21:37.954+0000] {dag.py:3490} INFO - Setting next_dagrun for example_nested_branch_dag to 2023-07-08T00:00:00+00:00, run_after=2023-07-09T00:00:00+00:00
[2023-07-09T19:21:37.983+0000] {processor.py:179} INFO - Processing /home/airflow/.local/lib/python3.7/site-packages/airflow/example_dags/example_nested_branch_dag.py took 0.114 seconds
[2023-07-09T19:22:08.051+0000] {processor.py:157} INFO - Started process (PID=2649) to work on /home/airflow/.local/lib/python3.7/site-packages/airflow/example_dags/example_nested_branch_dag.py
[2023-07-09T19:22:08.052+0000] {processor.py:826} INFO - Processing file /home/airflow/.local/lib/python3.7/site-packages/airflow/example_dags/example_nested_branch_dag.py for tasks to queue
[2023-07-09T19:22:08.053+0000] {logging_mixin.py:149} INFO - [2023-07-09T19:22:08.053+0000] {dagbag.py:541} INFO - Filling up the DagBag from /home/airflow/.local/lib/python3.7/site-packages/airflow/example_dags/example_nested_branch_dag.py
[2023-07-09T19:22:08.065+0000] {processor.py:836} INFO - DAG(s) dict_keys(['example_nested_branch_dag']) retrieved from /home/airflow/.local/lib/python3.7/site-packages/airflow/example_dags/example_nested_branch_dag.py
[2023-07-09T19:22:08.104+0000] {logging_mixin.py:149} INFO - [2023-07-09T19:22:08.104+0000] {dag.py:2726} INFO - Sync 1 DAGs
[2023-07-09T19:22:08.139+0000] {logging_mixin.py:149} INFO - [2023-07-09T19:22:08.139+0000] {dag.py:3490} INFO - Setting next_dagrun for example_nested_branch_dag to 2023-07-08T00:00:00+00:00, run_after=2023-07-09T00:00:00+00:00
[2023-07-09T19:22:08.173+0000] {processor.py:179} INFO - Processing /home/airflow/.local/lib/python3.7/site-packages/airflow/example_dags/example_nested_branch_dag.py took 0.125 seconds
[2023-07-09T19:22:39.152+0000] {processor.py:157} INFO - Started process (PID=2711) to work on /home/airflow/.local/lib/python3.7/site-packages/airflow/example_dags/example_nested_branch_dag.py
[2023-07-09T19:22:39.153+0000] {processor.py:826} INFO - Processing file /home/airflow/.local/lib/python3.7/site-packages/airflow/example_dags/example_nested_branch_dag.py for tasks to queue
[2023-07-09T19:22:39.154+0000] {logging_mixin.py:149} INFO - [2023-07-09T19:22:39.154+0000] {dagbag.py:541} INFO - Filling up the DagBag from /home/airflow/.local/lib/python3.7/site-packages/airflow/example_dags/example_nested_branch_dag.py
[2023-07-09T19:22:39.163+0000] {processor.py:836} INFO - DAG(s) dict_keys(['example_nested_branch_dag']) retrieved from /home/airflow/.local/lib/python3.7/site-packages/airflow/example_dags/example_nested_branch_dag.py
[2023-07-09T19:22:39.188+0000] {logging_mixin.py:149} INFO - [2023-07-09T19:22:39.188+0000] {dag.py:2726} INFO - Sync 1 DAGs
[2023-07-09T19:22:39.214+0000] {logging_mixin.py:149} INFO - [2023-07-09T19:22:39.214+0000] {dag.py:3490} INFO - Setting next_dagrun for example_nested_branch_dag to 2023-07-08T00:00:00+00:00, run_after=2023-07-09T00:00:00+00:00
[2023-07-09T19:22:39.236+0000] {processor.py:179} INFO - Processing /home/airflow/.local/lib/python3.7/site-packages/airflow/example_dags/example_nested_branch_dag.py took 0.086 seconds
[2023-07-09T19:23:09.422+0000] {processor.py:157} INFO - Started process (PID=2772) to work on /home/airflow/.local/lib/python3.7/site-packages/airflow/example_dags/example_nested_branch_dag.py
[2023-07-09T19:23:09.423+0000] {processor.py:826} INFO - Processing file /home/airflow/.local/lib/python3.7/site-packages/airflow/example_dags/example_nested_branch_dag.py for tasks to queue
[2023-07-09T19:23:09.424+0000] {logging_mixin.py:149} INFO - [2023-07-09T19:23:09.424+0000] {dagbag.py:541} INFO - Filling up the DagBag from /home/airflow/.local/lib/python3.7/site-packages/airflow/example_dags/example_nested_branch_dag.py
[2023-07-09T19:23:09.436+0000] {processor.py:836} INFO - DAG(s) dict_keys(['example_nested_branch_dag']) retrieved from /home/airflow/.local/lib/python3.7/site-packages/airflow/example_dags/example_nested_branch_dag.py
[2023-07-09T19:23:09.468+0000] {logging_mixin.py:149} INFO - [2023-07-09T19:23:09.468+0000] {dag.py:2726} INFO - Sync 1 DAGs
[2023-07-09T19:23:09.503+0000] {logging_mixin.py:149} INFO - [2023-07-09T19:23:09.503+0000] {dag.py:3490} INFO - Setting next_dagrun for example_nested_branch_dag to 2023-07-08T00:00:00+00:00, run_after=2023-07-09T00:00:00+00:00
[2023-07-09T19:23:09.526+0000] {processor.py:179} INFO - Processing /home/airflow/.local/lib/python3.7/site-packages/airflow/example_dags/example_nested_branch_dag.py took 0.107 seconds
[2023-07-09T19:23:39.646+0000] {processor.py:157} INFO - Started process (PID=2836) to work on /home/airflow/.local/lib/python3.7/site-packages/airflow/example_dags/example_nested_branch_dag.py
[2023-07-09T19:23:39.647+0000] {processor.py:826} INFO - Processing file /home/airflow/.local/lib/python3.7/site-packages/airflow/example_dags/example_nested_branch_dag.py for tasks to queue
[2023-07-09T19:23:39.648+0000] {logging_mixin.py:149} INFO - [2023-07-09T19:23:39.648+0000] {dagbag.py:541} INFO - Filling up the DagBag from /home/airflow/.local/lib/python3.7/site-packages/airflow/example_dags/example_nested_branch_dag.py
[2023-07-09T19:23:39.656+0000] {processor.py:836} INFO - DAG(s) dict_keys(['example_nested_branch_dag']) retrieved from /home/airflow/.local/lib/python3.7/site-packages/airflow/example_dags/example_nested_branch_dag.py
[2023-07-09T19:23:39.681+0000] {logging_mixin.py:149} INFO - [2023-07-09T19:23:39.680+0000] {dag.py:2726} INFO - Sync 1 DAGs
[2023-07-09T19:23:39.705+0000] {logging_mixin.py:149} INFO - [2023-07-09T19:23:39.705+0000] {dag.py:3490} INFO - Setting next_dagrun for example_nested_branch_dag to 2023-07-08T00:00:00+00:00, run_after=2023-07-09T00:00:00+00:00
[2023-07-09T19:23:39.725+0000] {processor.py:179} INFO - Processing /home/airflow/.local/lib/python3.7/site-packages/airflow/example_dags/example_nested_branch_dag.py took 0.082 seconds
[2023-07-09T19:24:09.878+0000] {processor.py:157} INFO - Started process (PID=2897) to work on /home/airflow/.local/lib/python3.7/site-packages/airflow/example_dags/example_nested_branch_dag.py
[2023-07-09T19:24:09.879+0000] {processor.py:826} INFO - Processing file /home/airflow/.local/lib/python3.7/site-packages/airflow/example_dags/example_nested_branch_dag.py for tasks to queue
[2023-07-09T19:24:09.880+0000] {logging_mixin.py:149} INFO - [2023-07-09T19:24:09.880+0000] {dagbag.py:541} INFO - Filling up the DagBag from /home/airflow/.local/lib/python3.7/site-packages/airflow/example_dags/example_nested_branch_dag.py
[2023-07-09T19:24:09.889+0000] {processor.py:836} INFO - DAG(s) dict_keys(['example_nested_branch_dag']) retrieved from /home/airflow/.local/lib/python3.7/site-packages/airflow/example_dags/example_nested_branch_dag.py
[2023-07-09T19:24:09.915+0000] {logging_mixin.py:149} INFO - [2023-07-09T19:24:09.914+0000] {dag.py:2726} INFO - Sync 1 DAGs
[2023-07-09T19:24:09.939+0000] {logging_mixin.py:149} INFO - [2023-07-09T19:24:09.938+0000] {dag.py:3490} INFO - Setting next_dagrun for example_nested_branch_dag to 2023-07-08T00:00:00+00:00, run_after=2023-07-09T00:00:00+00:00
[2023-07-09T19:24:09.962+0000] {processor.py:179} INFO - Processing /home/airflow/.local/lib/python3.7/site-packages/airflow/example_dags/example_nested_branch_dag.py took 0.087 seconds
[2023-07-09T19:24:40.200+0000] {processor.py:157} INFO - Started process (PID=2959) to work on /home/airflow/.local/lib/python3.7/site-packages/airflow/example_dags/example_nested_branch_dag.py
[2023-07-09T19:24:40.201+0000] {processor.py:826} INFO - Processing file /home/airflow/.local/lib/python3.7/site-packages/airflow/example_dags/example_nested_branch_dag.py for tasks to queue
[2023-07-09T19:24:40.201+0000] {logging_mixin.py:149} INFO - [2023-07-09T19:24:40.201+0000] {dagbag.py:541} INFO - Filling up the DagBag from /home/airflow/.local/lib/python3.7/site-packages/airflow/example_dags/example_nested_branch_dag.py
[2023-07-09T19:24:40.210+0000] {processor.py:836} INFO - DAG(s) dict_keys(['example_nested_branch_dag']) retrieved from /home/airflow/.local/lib/python3.7/site-packages/airflow/example_dags/example_nested_branch_dag.py
[2023-07-09T19:24:40.234+0000] {logging_mixin.py:149} INFO - [2023-07-09T19:24:40.234+0000] {dag.py:2726} INFO - Sync 1 DAGs
[2023-07-09T19:24:40.258+0000] {logging_mixin.py:149} INFO - [2023-07-09T19:24:40.258+0000] {dag.py:3490} INFO - Setting next_dagrun for example_nested_branch_dag to 2023-07-08T00:00:00+00:00, run_after=2023-07-09T00:00:00+00:00
[2023-07-09T19:24:40.280+0000] {processor.py:179} INFO - Processing /home/airflow/.local/lib/python3.7/site-packages/airflow/example_dags/example_nested_branch_dag.py took 0.083 seconds
[2023-07-09T19:25:10.392+0000] {processor.py:157} INFO - Started process (PID=3021) to work on /home/airflow/.local/lib/python3.7/site-packages/airflow/example_dags/example_nested_branch_dag.py
[2023-07-09T19:25:10.393+0000] {processor.py:826} INFO - Processing file /home/airflow/.local/lib/python3.7/site-packages/airflow/example_dags/example_nested_branch_dag.py for tasks to queue
[2023-07-09T19:25:10.394+0000] {logging_mixin.py:149} INFO - [2023-07-09T19:25:10.394+0000] {dagbag.py:541} INFO - Filling up the DagBag from /home/airflow/.local/lib/python3.7/site-packages/airflow/example_dags/example_nested_branch_dag.py
[2023-07-09T19:25:10.403+0000] {processor.py:836} INFO - DAG(s) dict_keys(['example_nested_branch_dag']) retrieved from /home/airflow/.local/lib/python3.7/site-packages/airflow/example_dags/example_nested_branch_dag.py
[2023-07-09T19:25:10.428+0000] {logging_mixin.py:149} INFO - [2023-07-09T19:25:10.428+0000] {dag.py:2726} INFO - Sync 1 DAGs
[2023-07-09T19:25:10.451+0000] {logging_mixin.py:149} INFO - [2023-07-09T19:25:10.451+0000] {dag.py:3490} INFO - Setting next_dagrun for example_nested_branch_dag to 2023-07-08T00:00:00+00:00, run_after=2023-07-09T00:00:00+00:00
[2023-07-09T19:25:10.474+0000] {processor.py:179} INFO - Processing /home/airflow/.local/lib/python3.7/site-packages/airflow/example_dags/example_nested_branch_dag.py took 0.084 seconds
[2023-07-09T19:25:41.001+0000] {processor.py:157} INFO - Started process (PID=3083) to work on /home/airflow/.local/lib/python3.7/site-packages/airflow/example_dags/example_nested_branch_dag.py
[2023-07-09T19:25:41.002+0000] {processor.py:826} INFO - Processing file /home/airflow/.local/lib/python3.7/site-packages/airflow/example_dags/example_nested_branch_dag.py for tasks to queue
[2023-07-09T19:25:41.003+0000] {logging_mixin.py:149} INFO - [2023-07-09T19:25:41.003+0000] {dagbag.py:541} INFO - Filling up the DagBag from /home/airflow/.local/lib/python3.7/site-packages/airflow/example_dags/example_nested_branch_dag.py
[2023-07-09T19:25:41.012+0000] {processor.py:836} INFO - DAG(s) dict_keys(['example_nested_branch_dag']) retrieved from /home/airflow/.local/lib/python3.7/site-packages/airflow/example_dags/example_nested_branch_dag.py
[2023-07-09T19:25:41.036+0000] {logging_mixin.py:149} INFO - [2023-07-09T19:25:41.036+0000] {dag.py:2726} INFO - Sync 1 DAGs
[2023-07-09T19:25:41.061+0000] {logging_mixin.py:149} INFO - [2023-07-09T19:25:41.061+0000] {dag.py:3490} INFO - Setting next_dagrun for example_nested_branch_dag to 2023-07-08T00:00:00+00:00, run_after=2023-07-09T00:00:00+00:00
[2023-07-09T19:25:41.084+0000] {processor.py:179} INFO - Processing /home/airflow/.local/lib/python3.7/site-packages/airflow/example_dags/example_nested_branch_dag.py took 0.086 seconds
[2023-07-09T19:26:11.525+0000] {processor.py:157} INFO - Started process (PID=3145) to work on /home/airflow/.local/lib/python3.7/site-packages/airflow/example_dags/example_nested_branch_dag.py
[2023-07-09T19:26:11.526+0000] {processor.py:826} INFO - Processing file /home/airflow/.local/lib/python3.7/site-packages/airflow/example_dags/example_nested_branch_dag.py for tasks to queue
[2023-07-09T19:26:11.527+0000] {logging_mixin.py:149} INFO - [2023-07-09T19:26:11.527+0000] {dagbag.py:541} INFO - Filling up the DagBag from /home/airflow/.local/lib/python3.7/site-packages/airflow/example_dags/example_nested_branch_dag.py
[2023-07-09T19:26:11.537+0000] {processor.py:836} INFO - DAG(s) dict_keys(['example_nested_branch_dag']) retrieved from /home/airflow/.local/lib/python3.7/site-packages/airflow/example_dags/example_nested_branch_dag.py
[2023-07-09T19:26:11.560+0000] {logging_mixin.py:149} INFO - [2023-07-09T19:26:11.560+0000] {dag.py:2726} INFO - Sync 1 DAGs
[2023-07-09T19:26:11.586+0000] {logging_mixin.py:149} INFO - [2023-07-09T19:26:11.585+0000] {dag.py:3490} INFO - Setting next_dagrun for example_nested_branch_dag to 2023-07-08T00:00:00+00:00, run_after=2023-07-09T00:00:00+00:00
[2023-07-09T19:26:11.606+0000] {processor.py:179} INFO - Processing /home/airflow/.local/lib/python3.7/site-packages/airflow/example_dags/example_nested_branch_dag.py took 0.084 seconds
[2023-07-09T19:26:42.095+0000] {processor.py:157} INFO - Started process (PID=3207) to work on /home/airflow/.local/lib/python3.7/site-packages/airflow/example_dags/example_nested_branch_dag.py
[2023-07-09T19:26:42.097+0000] {processor.py:826} INFO - Processing file /home/airflow/.local/lib/python3.7/site-packages/airflow/example_dags/example_nested_branch_dag.py for tasks to queue
[2023-07-09T19:26:42.097+0000] {logging_mixin.py:149} INFO - [2023-07-09T19:26:42.097+0000] {dagbag.py:541} INFO - Filling up the DagBag from /home/airflow/.local/lib/python3.7/site-packages/airflow/example_dags/example_nested_branch_dag.py
[2023-07-09T19:26:42.108+0000] {processor.py:836} INFO - DAG(s) dict_keys(['example_nested_branch_dag']) retrieved from /home/airflow/.local/lib/python3.7/site-packages/airflow/example_dags/example_nested_branch_dag.py
[2023-07-09T19:26:42.132+0000] {logging_mixin.py:149} INFO - [2023-07-09T19:26:42.132+0000] {dag.py:2726} INFO - Sync 1 DAGs
[2023-07-09T19:26:42.157+0000] {logging_mixin.py:149} INFO - [2023-07-09T19:26:42.157+0000] {dag.py:3490} INFO - Setting next_dagrun for example_nested_branch_dag to 2023-07-08T00:00:00+00:00, run_after=2023-07-09T00:00:00+00:00
[2023-07-09T19:26:42.179+0000] {processor.py:179} INFO - Processing /home/airflow/.local/lib/python3.7/site-packages/airflow/example_dags/example_nested_branch_dag.py took 0.087 seconds
[2023-07-09T19:27:12.659+0000] {processor.py:157} INFO - Started process (PID=3269) to work on /home/airflow/.local/lib/python3.7/site-packages/airflow/example_dags/example_nested_branch_dag.py
[2023-07-09T19:27:12.660+0000] {processor.py:826} INFO - Processing file /home/airflow/.local/lib/python3.7/site-packages/airflow/example_dags/example_nested_branch_dag.py for tasks to queue
[2023-07-09T19:27:12.661+0000] {logging_mixin.py:149} INFO - [2023-07-09T19:27:12.661+0000] {dagbag.py:541} INFO - Filling up the DagBag from /home/airflow/.local/lib/python3.7/site-packages/airflow/example_dags/example_nested_branch_dag.py
[2023-07-09T19:27:12.671+0000] {processor.py:836} INFO - DAG(s) dict_keys(['example_nested_branch_dag']) retrieved from /home/airflow/.local/lib/python3.7/site-packages/airflow/example_dags/example_nested_branch_dag.py
[2023-07-09T19:27:12.699+0000] {logging_mixin.py:149} INFO - [2023-07-09T19:27:12.699+0000] {dag.py:2726} INFO - Sync 1 DAGs
[2023-07-09T19:27:12.725+0000] {logging_mixin.py:149} INFO - [2023-07-09T19:27:12.725+0000] {dag.py:3490} INFO - Setting next_dagrun for example_nested_branch_dag to 2023-07-08T00:00:00+00:00, run_after=2023-07-09T00:00:00+00:00
[2023-07-09T19:27:12.747+0000] {processor.py:179} INFO - Processing /home/airflow/.local/lib/python3.7/site-packages/airflow/example_dags/example_nested_branch_dag.py took 0.092 seconds
[2023-07-09T19:27:43.357+0000] {processor.py:157} INFO - Started process (PID=3339) to work on /home/airflow/.local/lib/python3.7/site-packages/airflow/example_dags/example_nested_branch_dag.py
[2023-07-09T19:27:43.358+0000] {processor.py:826} INFO - Processing file /home/airflow/.local/lib/python3.7/site-packages/airflow/example_dags/example_nested_branch_dag.py for tasks to queue
[2023-07-09T19:27:43.359+0000] {logging_mixin.py:149} INFO - [2023-07-09T19:27:43.359+0000] {dagbag.py:541} INFO - Filling up the DagBag from /home/airflow/.local/lib/python3.7/site-packages/airflow/example_dags/example_nested_branch_dag.py
[2023-07-09T19:27:43.369+0000] {processor.py:836} INFO - DAG(s) dict_keys(['example_nested_branch_dag']) retrieved from /home/airflow/.local/lib/python3.7/site-packages/airflow/example_dags/example_nested_branch_dag.py
[2023-07-09T19:27:43.393+0000] {logging_mixin.py:149} INFO - [2023-07-09T19:27:43.393+0000] {dag.py:2726} INFO - Sync 1 DAGs
[2023-07-09T19:27:43.418+0000] {logging_mixin.py:149} INFO - [2023-07-09T19:27:43.418+0000] {dag.py:3490} INFO - Setting next_dagrun for example_nested_branch_dag to 2023-07-08T00:00:00+00:00, run_after=2023-07-09T00:00:00+00:00
[2023-07-09T19:27:43.441+0000] {processor.py:179} INFO - Processing /home/airflow/.local/lib/python3.7/site-packages/airflow/example_dags/example_nested_branch_dag.py took 0.087 seconds
[2023-07-09T19:28:13.850+0000] {processor.py:157} INFO - Started process (PID=3401) to work on /home/airflow/.local/lib/python3.7/site-packages/airflow/example_dags/example_nested_branch_dag.py
[2023-07-09T19:28:13.852+0000] {processor.py:826} INFO - Processing file /home/airflow/.local/lib/python3.7/site-packages/airflow/example_dags/example_nested_branch_dag.py for tasks to queue
[2023-07-09T19:28:13.852+0000] {logging_mixin.py:149} INFO - [2023-07-09T19:28:13.852+0000] {dagbag.py:541} INFO - Filling up the DagBag from /home/airflow/.local/lib/python3.7/site-packages/airflow/example_dags/example_nested_branch_dag.py
[2023-07-09T19:28:13.861+0000] {processor.py:836} INFO - DAG(s) dict_keys(['example_nested_branch_dag']) retrieved from /home/airflow/.local/lib/python3.7/site-packages/airflow/example_dags/example_nested_branch_dag.py
[2023-07-09T19:28:13.887+0000] {logging_mixin.py:149} INFO - [2023-07-09T19:28:13.886+0000] {dag.py:2726} INFO - Sync 1 DAGs
[2023-07-09T19:28:13.912+0000] {logging_mixin.py:149} INFO - [2023-07-09T19:28:13.912+0000] {dag.py:3490} INFO - Setting next_dagrun for example_nested_branch_dag to 2023-07-08T00:00:00+00:00, run_after=2023-07-09T00:00:00+00:00
[2023-07-09T19:28:13.935+0000] {processor.py:179} INFO - Processing /home/airflow/.local/lib/python3.7/site-packages/airflow/example_dags/example_nested_branch_dag.py took 0.088 seconds
[2023-07-09T19:28:44.421+0000] {processor.py:157} INFO - Started process (PID=3463) to work on /home/airflow/.local/lib/python3.7/site-packages/airflow/example_dags/example_nested_branch_dag.py
[2023-07-09T19:28:44.422+0000] {processor.py:826} INFO - Processing file /home/airflow/.local/lib/python3.7/site-packages/airflow/example_dags/example_nested_branch_dag.py for tasks to queue
[2023-07-09T19:28:44.423+0000] {logging_mixin.py:149} INFO - [2023-07-09T19:28:44.422+0000] {dagbag.py:541} INFO - Filling up the DagBag from /home/airflow/.local/lib/python3.7/site-packages/airflow/example_dags/example_nested_branch_dag.py
[2023-07-09T19:28:44.432+0000] {processor.py:836} INFO - DAG(s) dict_keys(['example_nested_branch_dag']) retrieved from /home/airflow/.local/lib/python3.7/site-packages/airflow/example_dags/example_nested_branch_dag.py
[2023-07-09T19:28:44.456+0000] {logging_mixin.py:149} INFO - [2023-07-09T19:28:44.456+0000] {dag.py:2726} INFO - Sync 1 DAGs
[2023-07-09T19:28:44.480+0000] {logging_mixin.py:149} INFO - [2023-07-09T19:28:44.480+0000] {dag.py:3490} INFO - Setting next_dagrun for example_nested_branch_dag to 2023-07-08T00:00:00+00:00, run_after=2023-07-09T00:00:00+00:00
[2023-07-09T19:28:44.503+0000] {processor.py:179} INFO - Processing /home/airflow/.local/lib/python3.7/site-packages/airflow/example_dags/example_nested_branch_dag.py took 0.086 seconds
[2023-07-09T19:29:15.021+0000] {processor.py:157} INFO - Started process (PID=3525) to work on /home/airflow/.local/lib/python3.7/site-packages/airflow/example_dags/example_nested_branch_dag.py
[2023-07-09T19:29:15.022+0000] {processor.py:826} INFO - Processing file /home/airflow/.local/lib/python3.7/site-packages/airflow/example_dags/example_nested_branch_dag.py for tasks to queue
[2023-07-09T19:29:15.023+0000] {logging_mixin.py:149} INFO - [2023-07-09T19:29:15.023+0000] {dagbag.py:541} INFO - Filling up the DagBag from /home/airflow/.local/lib/python3.7/site-packages/airflow/example_dags/example_nested_branch_dag.py
[2023-07-09T19:29:15.036+0000] {processor.py:836} INFO - DAG(s) dict_keys(['example_nested_branch_dag']) retrieved from /home/airflow/.local/lib/python3.7/site-packages/airflow/example_dags/example_nested_branch_dag.py
[2023-07-09T19:29:15.063+0000] {logging_mixin.py:149} INFO - [2023-07-09T19:29:15.063+0000] {dag.py:2726} INFO - Sync 1 DAGs
[2023-07-09T19:29:15.097+0000] {logging_mixin.py:149} INFO - [2023-07-09T19:29:15.097+0000] {dag.py:3490} INFO - Setting next_dagrun for example_nested_branch_dag to 2023-07-08T00:00:00+00:00, run_after=2023-07-09T00:00:00+00:00
[2023-07-09T19:29:15.123+0000] {processor.py:179} INFO - Processing /home/airflow/.local/lib/python3.7/site-packages/airflow/example_dags/example_nested_branch_dag.py took 0.106 seconds
[2023-07-09T19:29:45.619+0000] {processor.py:157} INFO - Started process (PID=3587) to work on /home/airflow/.local/lib/python3.7/site-packages/airflow/example_dags/example_nested_branch_dag.py
[2023-07-09T19:29:45.620+0000] {processor.py:826} INFO - Processing file /home/airflow/.local/lib/python3.7/site-packages/airflow/example_dags/example_nested_branch_dag.py for tasks to queue
[2023-07-09T19:29:45.621+0000] {logging_mixin.py:149} INFO - [2023-07-09T19:29:45.621+0000] {dagbag.py:541} INFO - Filling up the DagBag from /home/airflow/.local/lib/python3.7/site-packages/airflow/example_dags/example_nested_branch_dag.py
[2023-07-09T19:29:45.630+0000] {processor.py:836} INFO - DAG(s) dict_keys(['example_nested_branch_dag']) retrieved from /home/airflow/.local/lib/python3.7/site-packages/airflow/example_dags/example_nested_branch_dag.py
[2023-07-09T19:29:45.655+0000] {logging_mixin.py:149} INFO - [2023-07-09T19:29:45.655+0000] {dag.py:2726} INFO - Sync 1 DAGs
[2023-07-09T19:29:45.680+0000] {logging_mixin.py:149} INFO - [2023-07-09T19:29:45.679+0000] {dag.py:3490} INFO - Setting next_dagrun for example_nested_branch_dag to 2023-07-08T00:00:00+00:00, run_after=2023-07-09T00:00:00+00:00
[2023-07-09T19:29:45.702+0000] {processor.py:179} INFO - Processing /home/airflow/.local/lib/python3.7/site-packages/airflow/example_dags/example_nested_branch_dag.py took 0.086 seconds
[2023-07-09T19:30:16.262+0000] {processor.py:157} INFO - Started process (PID=3649) to work on /home/airflow/.local/lib/python3.7/site-packages/airflow/example_dags/example_nested_branch_dag.py
[2023-07-09T19:30:16.263+0000] {processor.py:826} INFO - Processing file /home/airflow/.local/lib/python3.7/site-packages/airflow/example_dags/example_nested_branch_dag.py for tasks to queue
[2023-07-09T19:30:16.263+0000] {logging_mixin.py:149} INFO - [2023-07-09T19:30:16.263+0000] {dagbag.py:541} INFO - Filling up the DagBag from /home/airflow/.local/lib/python3.7/site-packages/airflow/example_dags/example_nested_branch_dag.py
[2023-07-09T19:30:16.274+0000] {processor.py:836} INFO - DAG(s) dict_keys(['example_nested_branch_dag']) retrieved from /home/airflow/.local/lib/python3.7/site-packages/airflow/example_dags/example_nested_branch_dag.py
[2023-07-09T19:30:16.300+0000] {logging_mixin.py:149} INFO - [2023-07-09T19:30:16.300+0000] {dag.py:2726} INFO - Sync 1 DAGs
[2023-07-09T19:30:16.328+0000] {logging_mixin.py:149} INFO - [2023-07-09T19:30:16.327+0000] {dag.py:3490} INFO - Setting next_dagrun for example_nested_branch_dag to 2023-07-08T00:00:00+00:00, run_after=2023-07-09T00:00:00+00:00
[2023-07-09T19:30:16.352+0000] {processor.py:179} INFO - Processing /home/airflow/.local/lib/python3.7/site-packages/airflow/example_dags/example_nested_branch_dag.py took 0.093 seconds
[2023-07-09T19:30:46.664+0000] {processor.py:157} INFO - Started process (PID=3711) to work on /home/airflow/.local/lib/python3.7/site-packages/airflow/example_dags/example_nested_branch_dag.py
[2023-07-09T19:30:46.665+0000] {processor.py:826} INFO - Processing file /home/airflow/.local/lib/python3.7/site-packages/airflow/example_dags/example_nested_branch_dag.py for tasks to queue
[2023-07-09T19:30:46.666+0000] {logging_mixin.py:149} INFO - [2023-07-09T19:30:46.666+0000] {dagbag.py:541} INFO - Filling up the DagBag from /home/airflow/.local/lib/python3.7/site-packages/airflow/example_dags/example_nested_branch_dag.py
[2023-07-09T19:30:46.679+0000] {processor.py:836} INFO - DAG(s) dict_keys(['example_nested_branch_dag']) retrieved from /home/airflow/.local/lib/python3.7/site-packages/airflow/example_dags/example_nested_branch_dag.py
[2023-07-09T19:30:46.722+0000] {logging_mixin.py:149} INFO - [2023-07-09T19:30:46.722+0000] {dag.py:2726} INFO - Sync 1 DAGs
[2023-07-09T19:30:46.750+0000] {logging_mixin.py:149} INFO - [2023-07-09T19:30:46.750+0000] {dag.py:3490} INFO - Setting next_dagrun for example_nested_branch_dag to 2023-07-08T00:00:00+00:00, run_after=2023-07-09T00:00:00+00:00
[2023-07-09T19:30:46.778+0000] {processor.py:179} INFO - Processing /home/airflow/.local/lib/python3.7/site-packages/airflow/example_dags/example_nested_branch_dag.py took 0.118 seconds
[2023-07-09T19:31:16.894+0000] {processor.py:157} INFO - Started process (PID=3773) to work on /home/airflow/.local/lib/python3.7/site-packages/airflow/example_dags/example_nested_branch_dag.py
[2023-07-09T19:31:16.895+0000] {processor.py:826} INFO - Processing file /home/airflow/.local/lib/python3.7/site-packages/airflow/example_dags/example_nested_branch_dag.py for tasks to queue
[2023-07-09T19:31:16.896+0000] {logging_mixin.py:149} INFO - [2023-07-09T19:31:16.896+0000] {dagbag.py:541} INFO - Filling up the DagBag from /home/airflow/.local/lib/python3.7/site-packages/airflow/example_dags/example_nested_branch_dag.py
[2023-07-09T19:31:16.906+0000] {processor.py:836} INFO - DAG(s) dict_keys(['example_nested_branch_dag']) retrieved from /home/airflow/.local/lib/python3.7/site-packages/airflow/example_dags/example_nested_branch_dag.py
[2023-07-09T19:31:16.932+0000] {logging_mixin.py:149} INFO - [2023-07-09T19:31:16.932+0000] {dag.py:2726} INFO - Sync 1 DAGs
[2023-07-09T19:31:16.959+0000] {logging_mixin.py:149} INFO - [2023-07-09T19:31:16.959+0000] {dag.py:3490} INFO - Setting next_dagrun for example_nested_branch_dag to 2023-07-08T00:00:00+00:00, run_after=2023-07-09T00:00:00+00:00
[2023-07-09T19:31:16.983+0000] {processor.py:179} INFO - Processing /home/airflow/.local/lib/python3.7/site-packages/airflow/example_dags/example_nested_branch_dag.py took 0.092 seconds
[2023-07-09T19:31:47.417+0000] {processor.py:157} INFO - Started process (PID=3835) to work on /home/airflow/.local/lib/python3.7/site-packages/airflow/example_dags/example_nested_branch_dag.py
[2023-07-09T19:31:47.419+0000] {processor.py:826} INFO - Processing file /home/airflow/.local/lib/python3.7/site-packages/airflow/example_dags/example_nested_branch_dag.py for tasks to queue
[2023-07-09T19:31:47.419+0000] {logging_mixin.py:149} INFO - [2023-07-09T19:31:47.419+0000] {dagbag.py:541} INFO - Filling up the DagBag from /home/airflow/.local/lib/python3.7/site-packages/airflow/example_dags/example_nested_branch_dag.py
[2023-07-09T19:31:47.428+0000] {processor.py:836} INFO - DAG(s) dict_keys(['example_nested_branch_dag']) retrieved from /home/airflow/.local/lib/python3.7/site-packages/airflow/example_dags/example_nested_branch_dag.py
[2023-07-09T19:31:47.454+0000] {logging_mixin.py:149} INFO - [2023-07-09T19:31:47.454+0000] {dag.py:2726} INFO - Sync 1 DAGs
[2023-07-09T19:31:47.478+0000] {logging_mixin.py:149} INFO - [2023-07-09T19:31:47.478+0000] {dag.py:3490} INFO - Setting next_dagrun for example_nested_branch_dag to 2023-07-08T00:00:00+00:00, run_after=2023-07-09T00:00:00+00:00
[2023-07-09T19:31:47.499+0000] {processor.py:179} INFO - Processing /home/airflow/.local/lib/python3.7/site-packages/airflow/example_dags/example_nested_branch_dag.py took 0.085 seconds
[2023-07-09T19:32:17.641+0000] {processor.py:157} INFO - Started process (PID=3897) to work on /home/airflow/.local/lib/python3.7/site-packages/airflow/example_dags/example_nested_branch_dag.py
[2023-07-09T19:32:17.643+0000] {processor.py:826} INFO - Processing file /home/airflow/.local/lib/python3.7/site-packages/airflow/example_dags/example_nested_branch_dag.py for tasks to queue
[2023-07-09T19:32:17.644+0000] {logging_mixin.py:149} INFO - [2023-07-09T19:32:17.643+0000] {dagbag.py:541} INFO - Filling up the DagBag from /home/airflow/.local/lib/python3.7/site-packages/airflow/example_dags/example_nested_branch_dag.py
[2023-07-09T19:32:17.654+0000] {processor.py:836} INFO - DAG(s) dict_keys(['example_nested_branch_dag']) retrieved from /home/airflow/.local/lib/python3.7/site-packages/airflow/example_dags/example_nested_branch_dag.py
[2023-07-09T19:32:17.678+0000] {logging_mixin.py:149} INFO - [2023-07-09T19:32:17.678+0000] {dag.py:2726} INFO - Sync 1 DAGs
[2023-07-09T19:32:17.702+0000] {logging_mixin.py:149} INFO - [2023-07-09T19:32:17.702+0000] {dag.py:3490} INFO - Setting next_dagrun for example_nested_branch_dag to 2023-07-08T00:00:00+00:00, run_after=2023-07-09T00:00:00+00:00
[2023-07-09T19:32:17.723+0000] {processor.py:179} INFO - Processing /home/airflow/.local/lib/python3.7/site-packages/airflow/example_dags/example_nested_branch_dag.py took 0.084 seconds
[2023-07-09T19:32:48.255+0000] {processor.py:157} INFO - Started process (PID=3950) to work on /home/airflow/.local/lib/python3.7/site-packages/airflow/example_dags/example_nested_branch_dag.py
[2023-07-09T19:32:48.256+0000] {processor.py:826} INFO - Processing file /home/airflow/.local/lib/python3.7/site-packages/airflow/example_dags/example_nested_branch_dag.py for tasks to queue
[2023-07-09T19:32:48.257+0000] {logging_mixin.py:149} INFO - [2023-07-09T19:32:48.257+0000] {dagbag.py:541} INFO - Filling up the DagBag from /home/airflow/.local/lib/python3.7/site-packages/airflow/example_dags/example_nested_branch_dag.py
[2023-07-09T19:32:48.265+0000] {processor.py:836} INFO - DAG(s) dict_keys(['example_nested_branch_dag']) retrieved from /home/airflow/.local/lib/python3.7/site-packages/airflow/example_dags/example_nested_branch_dag.py
[2023-07-09T19:32:48.290+0000] {logging_mixin.py:149} INFO - [2023-07-09T19:32:48.290+0000] {dag.py:2726} INFO - Sync 1 DAGs
[2023-07-09T19:32:48.314+0000] {logging_mixin.py:149} INFO - [2023-07-09T19:32:48.314+0000] {dag.py:3490} INFO - Setting next_dagrun for example_nested_branch_dag to 2023-07-08T00:00:00+00:00, run_after=2023-07-09T00:00:00+00:00
[2023-07-09T19:32:48.337+0000] {processor.py:179} INFO - Processing /home/airflow/.local/lib/python3.7/site-packages/airflow/example_dags/example_nested_branch_dag.py took 0.085 seconds
[2023-07-09T19:33:18.972+0000] {processor.py:157} INFO - Started process (PID=4012) to work on /home/airflow/.local/lib/python3.7/site-packages/airflow/example_dags/example_nested_branch_dag.py
[2023-07-09T19:33:18.973+0000] {processor.py:826} INFO - Processing file /home/airflow/.local/lib/python3.7/site-packages/airflow/example_dags/example_nested_branch_dag.py for tasks to queue
[2023-07-09T19:33:18.974+0000] {logging_mixin.py:149} INFO - [2023-07-09T19:33:18.974+0000] {dagbag.py:541} INFO - Filling up the DagBag from /home/airflow/.local/lib/python3.7/site-packages/airflow/example_dags/example_nested_branch_dag.py
[2023-07-09T19:33:18.983+0000] {processor.py:836} INFO - DAG(s) dict_keys(['example_nested_branch_dag']) retrieved from /home/airflow/.local/lib/python3.7/site-packages/airflow/example_dags/example_nested_branch_dag.py
[2023-07-09T19:33:19.006+0000] {logging_mixin.py:149} INFO - [2023-07-09T19:33:19.006+0000] {dag.py:2726} INFO - Sync 1 DAGs
[2023-07-09T19:33:19.029+0000] {logging_mixin.py:149} INFO - [2023-07-09T19:33:19.029+0000] {dag.py:3490} INFO - Setting next_dagrun for example_nested_branch_dag to 2023-07-08T00:00:00+00:00, run_after=2023-07-09T00:00:00+00:00
[2023-07-09T19:33:19.051+0000] {processor.py:179} INFO - Processing /home/airflow/.local/lib/python3.7/site-packages/airflow/example_dags/example_nested_branch_dag.py took 0.082 seconds
[2023-07-09T19:33:49.190+0000] {processor.py:157} INFO - Started process (PID=4074) to work on /home/airflow/.local/lib/python3.7/site-packages/airflow/example_dags/example_nested_branch_dag.py
[2023-07-09T19:33:49.191+0000] {processor.py:826} INFO - Processing file /home/airflow/.local/lib/python3.7/site-packages/airflow/example_dags/example_nested_branch_dag.py for tasks to queue
[2023-07-09T19:33:49.192+0000] {logging_mixin.py:149} INFO - [2023-07-09T19:33:49.192+0000] {dagbag.py:541} INFO - Filling up the DagBag from /home/airflow/.local/lib/python3.7/site-packages/airflow/example_dags/example_nested_branch_dag.py
[2023-07-09T19:33:49.201+0000] {processor.py:836} INFO - DAG(s) dict_keys(['example_nested_branch_dag']) retrieved from /home/airflow/.local/lib/python3.7/site-packages/airflow/example_dags/example_nested_branch_dag.py
[2023-07-09T19:33:49.227+0000] {logging_mixin.py:149} INFO - [2023-07-09T19:33:49.227+0000] {dag.py:2726} INFO - Sync 1 DAGs
[2023-07-09T19:33:49.255+0000] {logging_mixin.py:149} INFO - [2023-07-09T19:33:49.255+0000] {dag.py:3490} INFO - Setting next_dagrun for example_nested_branch_dag to 2023-07-08T00:00:00+00:00, run_after=2023-07-09T00:00:00+00:00
[2023-07-09T19:33:49.276+0000] {processor.py:179} INFO - Processing /home/airflow/.local/lib/python3.7/site-packages/airflow/example_dags/example_nested_branch_dag.py took 0.089 seconds
[2023-07-09T19:34:19.415+0000] {processor.py:157} INFO - Started process (PID=4136) to work on /home/airflow/.local/lib/python3.7/site-packages/airflow/example_dags/example_nested_branch_dag.py
[2023-07-09T19:34:19.416+0000] {processor.py:826} INFO - Processing file /home/airflow/.local/lib/python3.7/site-packages/airflow/example_dags/example_nested_branch_dag.py for tasks to queue
[2023-07-09T19:34:19.417+0000] {logging_mixin.py:149} INFO - [2023-07-09T19:34:19.417+0000] {dagbag.py:541} INFO - Filling up the DagBag from /home/airflow/.local/lib/python3.7/site-packages/airflow/example_dags/example_nested_branch_dag.py
[2023-07-09T19:34:19.426+0000] {processor.py:836} INFO - DAG(s) dict_keys(['example_nested_branch_dag']) retrieved from /home/airflow/.local/lib/python3.7/site-packages/airflow/example_dags/example_nested_branch_dag.py
[2023-07-09T19:34:19.452+0000] {logging_mixin.py:149} INFO - [2023-07-09T19:34:19.451+0000] {dag.py:2726} INFO - Sync 1 DAGs
[2023-07-09T19:34:19.478+0000] {logging_mixin.py:149} INFO - [2023-07-09T19:34:19.478+0000] {dag.py:3490} INFO - Setting next_dagrun for example_nested_branch_dag to 2023-07-08T00:00:00+00:00, run_after=2023-07-09T00:00:00+00:00
[2023-07-09T19:34:19.512+0000] {processor.py:179} INFO - Processing /home/airflow/.local/lib/python3.7/site-packages/airflow/example_dags/example_nested_branch_dag.py took 0.101 seconds
[2023-07-09T19:34:50.089+0000] {processor.py:157} INFO - Started process (PID=4198) to work on /home/airflow/.local/lib/python3.7/site-packages/airflow/example_dags/example_nested_branch_dag.py
[2023-07-09T19:34:50.090+0000] {processor.py:826} INFO - Processing file /home/airflow/.local/lib/python3.7/site-packages/airflow/example_dags/example_nested_branch_dag.py for tasks to queue
[2023-07-09T19:34:50.091+0000] {logging_mixin.py:149} INFO - [2023-07-09T19:34:50.091+0000] {dagbag.py:541} INFO - Filling up the DagBag from /home/airflow/.local/lib/python3.7/site-packages/airflow/example_dags/example_nested_branch_dag.py
[2023-07-09T19:34:50.101+0000] {processor.py:836} INFO - DAG(s) dict_keys(['example_nested_branch_dag']) retrieved from /home/airflow/.local/lib/python3.7/site-packages/airflow/example_dags/example_nested_branch_dag.py
[2023-07-09T19:34:50.125+0000] {logging_mixin.py:149} INFO - [2023-07-09T19:34:50.125+0000] {dag.py:2726} INFO - Sync 1 DAGs
[2023-07-09T19:34:50.149+0000] {logging_mixin.py:149} INFO - [2023-07-09T19:34:50.149+0000] {dag.py:3490} INFO - Setting next_dagrun for example_nested_branch_dag to 2023-07-08T00:00:00+00:00, run_after=2023-07-09T00:00:00+00:00
[2023-07-09T19:34:50.171+0000] {processor.py:179} INFO - Processing /home/airflow/.local/lib/python3.7/site-packages/airflow/example_dags/example_nested_branch_dag.py took 0.086 seconds
[2023-07-09T19:35:20.330+0000] {processor.py:157} INFO - Started process (PID=4260) to work on /home/airflow/.local/lib/python3.7/site-packages/airflow/example_dags/example_nested_branch_dag.py
[2023-07-09T19:35:20.331+0000] {processor.py:826} INFO - Processing file /home/airflow/.local/lib/python3.7/site-packages/airflow/example_dags/example_nested_branch_dag.py for tasks to queue
[2023-07-09T19:35:20.332+0000] {logging_mixin.py:149} INFO - [2023-07-09T19:35:20.332+0000] {dagbag.py:541} INFO - Filling up the DagBag from /home/airflow/.local/lib/python3.7/site-packages/airflow/example_dags/example_nested_branch_dag.py
[2023-07-09T19:35:20.341+0000] {processor.py:836} INFO - DAG(s) dict_keys(['example_nested_branch_dag']) retrieved from /home/airflow/.local/lib/python3.7/site-packages/airflow/example_dags/example_nested_branch_dag.py
[2023-07-09T19:35:20.366+0000] {logging_mixin.py:149} INFO - [2023-07-09T19:35:20.366+0000] {dag.py:2726} INFO - Sync 1 DAGs
[2023-07-09T19:35:20.389+0000] {logging_mixin.py:149} INFO - [2023-07-09T19:35:20.389+0000] {dag.py:3490} INFO - Setting next_dagrun for example_nested_branch_dag to 2023-07-08T00:00:00+00:00, run_after=2023-07-09T00:00:00+00:00
[2023-07-09T19:35:20.410+0000] {processor.py:179} INFO - Processing /home/airflow/.local/lib/python3.7/site-packages/airflow/example_dags/example_nested_branch_dag.py took 0.083 seconds
[2023-07-09T19:35:50.740+0000] {processor.py:157} INFO - Started process (PID=4322) to work on /home/airflow/.local/lib/python3.7/site-packages/airflow/example_dags/example_nested_branch_dag.py
[2023-07-09T19:35:50.741+0000] {processor.py:826} INFO - Processing file /home/airflow/.local/lib/python3.7/site-packages/airflow/example_dags/example_nested_branch_dag.py for tasks to queue
[2023-07-09T19:35:50.741+0000] {logging_mixin.py:149} INFO - [2023-07-09T19:35:50.741+0000] {dagbag.py:541} INFO - Filling up the DagBag from /home/airflow/.local/lib/python3.7/site-packages/airflow/example_dags/example_nested_branch_dag.py
[2023-07-09T19:35:50.750+0000] {processor.py:836} INFO - DAG(s) dict_keys(['example_nested_branch_dag']) retrieved from /home/airflow/.local/lib/python3.7/site-packages/airflow/example_dags/example_nested_branch_dag.py
[2023-07-09T19:35:50.774+0000] {logging_mixin.py:149} INFO - [2023-07-09T19:35:50.774+0000] {dag.py:2726} INFO - Sync 1 DAGs
[2023-07-09T19:35:50.797+0000] {logging_mixin.py:149} INFO - [2023-07-09T19:35:50.797+0000] {dag.py:3490} INFO - Setting next_dagrun for example_nested_branch_dag to 2023-07-08T00:00:00+00:00, run_after=2023-07-09T00:00:00+00:00
[2023-07-09T19:35:50.818+0000] {processor.py:179} INFO - Processing /home/airflow/.local/lib/python3.7/site-packages/airflow/example_dags/example_nested_branch_dag.py took 0.081 seconds
[2023-07-09T19:36:20.921+0000] {processor.py:157} INFO - Started process (PID=4384) to work on /home/airflow/.local/lib/python3.7/site-packages/airflow/example_dags/example_nested_branch_dag.py
[2023-07-09T19:36:20.922+0000] {processor.py:826} INFO - Processing file /home/airflow/.local/lib/python3.7/site-packages/airflow/example_dags/example_nested_branch_dag.py for tasks to queue
[2023-07-09T19:36:20.923+0000] {logging_mixin.py:149} INFO - [2023-07-09T19:36:20.923+0000] {dagbag.py:541} INFO - Filling up the DagBag from /home/airflow/.local/lib/python3.7/site-packages/airflow/example_dags/example_nested_branch_dag.py
[2023-07-09T19:36:20.932+0000] {processor.py:836} INFO - DAG(s) dict_keys(['example_nested_branch_dag']) retrieved from /home/airflow/.local/lib/python3.7/site-packages/airflow/example_dags/example_nested_branch_dag.py
[2023-07-09T19:36:20.957+0000] {logging_mixin.py:149} INFO - [2023-07-09T19:36:20.957+0000] {dag.py:2726} INFO - Sync 1 DAGs
[2023-07-09T19:36:20.980+0000] {logging_mixin.py:149} INFO - [2023-07-09T19:36:20.980+0000] {dag.py:3490} INFO - Setting next_dagrun for example_nested_branch_dag to 2023-07-08T00:00:00+00:00, run_after=2023-07-09T00:00:00+00:00
[2023-07-09T19:36:21.004+0000] {processor.py:179} INFO - Processing /home/airflow/.local/lib/python3.7/site-packages/airflow/example_dags/example_nested_branch_dag.py took 0.086 seconds
[2023-07-09T19:36:51.257+0000] {processor.py:157} INFO - Started process (PID=4446) to work on /home/airflow/.local/lib/python3.7/site-packages/airflow/example_dags/example_nested_branch_dag.py
[2023-07-09T19:36:51.258+0000] {processor.py:826} INFO - Processing file /home/airflow/.local/lib/python3.7/site-packages/airflow/example_dags/example_nested_branch_dag.py for tasks to queue
[2023-07-09T19:36:51.259+0000] {logging_mixin.py:149} INFO - [2023-07-09T19:36:51.259+0000] {dagbag.py:541} INFO - Filling up the DagBag from /home/airflow/.local/lib/python3.7/site-packages/airflow/example_dags/example_nested_branch_dag.py
[2023-07-09T19:36:51.268+0000] {processor.py:836} INFO - DAG(s) dict_keys(['example_nested_branch_dag']) retrieved from /home/airflow/.local/lib/python3.7/site-packages/airflow/example_dags/example_nested_branch_dag.py
[2023-07-09T19:36:51.293+0000] {logging_mixin.py:149} INFO - [2023-07-09T19:36:51.293+0000] {dag.py:2726} INFO - Sync 1 DAGs
[2023-07-09T19:36:51.318+0000] {logging_mixin.py:149} INFO - [2023-07-09T19:36:51.318+0000] {dag.py:3490} INFO - Setting next_dagrun for example_nested_branch_dag to 2023-07-08T00:00:00+00:00, run_after=2023-07-09T00:00:00+00:00
[2023-07-09T19:36:51.340+0000] {processor.py:179} INFO - Processing /home/airflow/.local/lib/python3.7/site-packages/airflow/example_dags/example_nested_branch_dag.py took 0.086 seconds
[2023-07-09T19:37:21.515+0000] {processor.py:157} INFO - Started process (PID=4508) to work on /home/airflow/.local/lib/python3.7/site-packages/airflow/example_dags/example_nested_branch_dag.py
[2023-07-09T19:37:21.516+0000] {processor.py:826} INFO - Processing file /home/airflow/.local/lib/python3.7/site-packages/airflow/example_dags/example_nested_branch_dag.py for tasks to queue
[2023-07-09T19:37:21.517+0000] {logging_mixin.py:149} INFO - [2023-07-09T19:37:21.517+0000] {dagbag.py:541} INFO - Filling up the DagBag from /home/airflow/.local/lib/python3.7/site-packages/airflow/example_dags/example_nested_branch_dag.py
[2023-07-09T19:37:21.527+0000] {processor.py:836} INFO - DAG(s) dict_keys(['example_nested_branch_dag']) retrieved from /home/airflow/.local/lib/python3.7/site-packages/airflow/example_dags/example_nested_branch_dag.py
[2023-07-09T19:37:21.554+0000] {logging_mixin.py:149} INFO - [2023-07-09T19:37:21.554+0000] {dag.py:2726} INFO - Sync 1 DAGs
[2023-07-09T19:37:21.579+0000] {logging_mixin.py:149} INFO - [2023-07-09T19:37:21.579+0000] {dag.py:3490} INFO - Setting next_dagrun for example_nested_branch_dag to 2023-07-08T00:00:00+00:00, run_after=2023-07-09T00:00:00+00:00
[2023-07-09T19:37:21.600+0000] {processor.py:179} INFO - Processing /home/airflow/.local/lib/python3.7/site-packages/airflow/example_dags/example_nested_branch_dag.py took 0.088 seconds
[2023-07-09T19:37:51.823+0000] {processor.py:157} INFO - Started process (PID=4570) to work on /home/airflow/.local/lib/python3.7/site-packages/airflow/example_dags/example_nested_branch_dag.py
[2023-07-09T19:37:51.825+0000] {processor.py:826} INFO - Processing file /home/airflow/.local/lib/python3.7/site-packages/airflow/example_dags/example_nested_branch_dag.py for tasks to queue
[2023-07-09T19:37:51.825+0000] {logging_mixin.py:149} INFO - [2023-07-09T19:37:51.825+0000] {dagbag.py:541} INFO - Filling up the DagBag from /home/airflow/.local/lib/python3.7/site-packages/airflow/example_dags/example_nested_branch_dag.py
[2023-07-09T19:37:51.836+0000] {processor.py:836} INFO - DAG(s) dict_keys(['example_nested_branch_dag']) retrieved from /home/airflow/.local/lib/python3.7/site-packages/airflow/example_dags/example_nested_branch_dag.py
[2023-07-09T19:37:51.865+0000] {logging_mixin.py:149} INFO - [2023-07-09T19:37:51.865+0000] {dag.py:2726} INFO - Sync 1 DAGs
[2023-07-09T19:37:51.898+0000] {logging_mixin.py:149} INFO - [2023-07-09T19:37:51.898+0000] {dag.py:3490} INFO - Setting next_dagrun for example_nested_branch_dag to 2023-07-08T00:00:00+00:00, run_after=2023-07-09T00:00:00+00:00
[2023-07-09T19:37:51.922+0000] {processor.py:179} INFO - Processing /home/airflow/.local/lib/python3.7/site-packages/airflow/example_dags/example_nested_branch_dag.py took 0.102 seconds
[2023-07-09T19:38:22.190+0000] {processor.py:157} INFO - Started process (PID=4632) to work on /home/airflow/.local/lib/python3.7/site-packages/airflow/example_dags/example_nested_branch_dag.py
[2023-07-09T19:38:22.191+0000] {processor.py:826} INFO - Processing file /home/airflow/.local/lib/python3.7/site-packages/airflow/example_dags/example_nested_branch_dag.py for tasks to queue
[2023-07-09T19:38:22.192+0000] {logging_mixin.py:149} INFO - [2023-07-09T19:38:22.192+0000] {dagbag.py:541} INFO - Filling up the DagBag from /home/airflow/.local/lib/python3.7/site-packages/airflow/example_dags/example_nested_branch_dag.py
[2023-07-09T19:38:22.205+0000] {processor.py:836} INFO - DAG(s) dict_keys(['example_nested_branch_dag']) retrieved from /home/airflow/.local/lib/python3.7/site-packages/airflow/example_dags/example_nested_branch_dag.py
[2023-07-09T19:38:22.234+0000] {logging_mixin.py:149} INFO - [2023-07-09T19:38:22.234+0000] {dag.py:2726} INFO - Sync 1 DAGs
[2023-07-09T19:38:22.263+0000] {logging_mixin.py:149} INFO - [2023-07-09T19:38:22.263+0000] {dag.py:3490} INFO - Setting next_dagrun for example_nested_branch_dag to 2023-07-08T00:00:00+00:00, run_after=2023-07-09T00:00:00+00:00
[2023-07-09T19:38:22.290+0000] {processor.py:179} INFO - Processing /home/airflow/.local/lib/python3.7/site-packages/airflow/example_dags/example_nested_branch_dag.py took 0.104 seconds
[2023-07-09T19:38:52.394+0000] {processor.py:157} INFO - Started process (PID=4694) to work on /home/airflow/.local/lib/python3.7/site-packages/airflow/example_dags/example_nested_branch_dag.py
[2023-07-09T19:38:52.395+0000] {processor.py:826} INFO - Processing file /home/airflow/.local/lib/python3.7/site-packages/airflow/example_dags/example_nested_branch_dag.py for tasks to queue
[2023-07-09T19:38:52.396+0000] {logging_mixin.py:149} INFO - [2023-07-09T19:38:52.395+0000] {dagbag.py:541} INFO - Filling up the DagBag from /home/airflow/.local/lib/python3.7/site-packages/airflow/example_dags/example_nested_branch_dag.py
[2023-07-09T19:38:52.406+0000] {processor.py:836} INFO - DAG(s) dict_keys(['example_nested_branch_dag']) retrieved from /home/airflow/.local/lib/python3.7/site-packages/airflow/example_dags/example_nested_branch_dag.py
[2023-07-09T19:38:52.434+0000] {logging_mixin.py:149} INFO - [2023-07-09T19:38:52.434+0000] {dag.py:2726} INFO - Sync 1 DAGs
[2023-07-09T19:38:52.459+0000] {logging_mixin.py:149} INFO - [2023-07-09T19:38:52.458+0000] {dag.py:3490} INFO - Setting next_dagrun for example_nested_branch_dag to 2023-07-08T00:00:00+00:00, run_after=2023-07-09T00:00:00+00:00
[2023-07-09T19:38:52.485+0000] {processor.py:179} INFO - Processing /home/airflow/.local/lib/python3.7/site-packages/airflow/example_dags/example_nested_branch_dag.py took 0.094 seconds
[2023-07-09T19:39:22.860+0000] {processor.py:157} INFO - Started process (PID=4756) to work on /home/airflow/.local/lib/python3.7/site-packages/airflow/example_dags/example_nested_branch_dag.py
[2023-07-09T19:39:22.861+0000] {processor.py:826} INFO - Processing file /home/airflow/.local/lib/python3.7/site-packages/airflow/example_dags/example_nested_branch_dag.py for tasks to queue
[2023-07-09T19:39:22.862+0000] {logging_mixin.py:149} INFO - [2023-07-09T19:39:22.862+0000] {dagbag.py:541} INFO - Filling up the DagBag from /home/airflow/.local/lib/python3.7/site-packages/airflow/example_dags/example_nested_branch_dag.py
[2023-07-09T19:39:22.872+0000] {processor.py:836} INFO - DAG(s) dict_keys(['example_nested_branch_dag']) retrieved from /home/airflow/.local/lib/python3.7/site-packages/airflow/example_dags/example_nested_branch_dag.py
[2023-07-09T19:39:22.897+0000] {logging_mixin.py:149} INFO - [2023-07-09T19:39:22.896+0000] {dag.py:2726} INFO - Sync 1 DAGs
[2023-07-09T19:39:22.923+0000] {logging_mixin.py:149} INFO - [2023-07-09T19:39:22.922+0000] {dag.py:3490} INFO - Setting next_dagrun for example_nested_branch_dag to 2023-07-08T00:00:00+00:00, run_after=2023-07-09T00:00:00+00:00
[2023-07-09T19:39:22.946+0000] {processor.py:179} INFO - Processing /home/airflow/.local/lib/python3.7/site-packages/airflow/example_dags/example_nested_branch_dag.py took 0.089 seconds
[2023-07-09T19:39:53.292+0000] {processor.py:157} INFO - Started process (PID=4818) to work on /home/airflow/.local/lib/python3.7/site-packages/airflow/example_dags/example_nested_branch_dag.py
[2023-07-09T19:39:53.293+0000] {processor.py:826} INFO - Processing file /home/airflow/.local/lib/python3.7/site-packages/airflow/example_dags/example_nested_branch_dag.py for tasks to queue
[2023-07-09T19:39:53.294+0000] {logging_mixin.py:149} INFO - [2023-07-09T19:39:53.294+0000] {dagbag.py:541} INFO - Filling up the DagBag from /home/airflow/.local/lib/python3.7/site-packages/airflow/example_dags/example_nested_branch_dag.py
[2023-07-09T19:39:53.303+0000] {processor.py:836} INFO - DAG(s) dict_keys(['example_nested_branch_dag']) retrieved from /home/airflow/.local/lib/python3.7/site-packages/airflow/example_dags/example_nested_branch_dag.py
[2023-07-09T19:39:53.328+0000] {logging_mixin.py:149} INFO - [2023-07-09T19:39:53.328+0000] {dag.py:2726} INFO - Sync 1 DAGs
[2023-07-09T19:39:53.352+0000] {logging_mixin.py:149} INFO - [2023-07-09T19:39:53.351+0000] {dag.py:3490} INFO - Setting next_dagrun for example_nested_branch_dag to 2023-07-08T00:00:00+00:00, run_after=2023-07-09T00:00:00+00:00
[2023-07-09T19:39:53.375+0000] {processor.py:179} INFO - Processing /home/airflow/.local/lib/python3.7/site-packages/airflow/example_dags/example_nested_branch_dag.py took 0.085 seconds
[2023-07-09T19:40:23.559+0000] {processor.py:157} INFO - Started process (PID=4880) to work on /home/airflow/.local/lib/python3.7/site-packages/airflow/example_dags/example_nested_branch_dag.py
[2023-07-09T19:40:23.561+0000] {processor.py:826} INFO - Processing file /home/airflow/.local/lib/python3.7/site-packages/airflow/example_dags/example_nested_branch_dag.py for tasks to queue
[2023-07-09T19:40:23.561+0000] {logging_mixin.py:149} INFO - [2023-07-09T19:40:23.561+0000] {dagbag.py:541} INFO - Filling up the DagBag from /home/airflow/.local/lib/python3.7/site-packages/airflow/example_dags/example_nested_branch_dag.py
[2023-07-09T19:40:23.570+0000] {processor.py:836} INFO - DAG(s) dict_keys(['example_nested_branch_dag']) retrieved from /home/airflow/.local/lib/python3.7/site-packages/airflow/example_dags/example_nested_branch_dag.py
[2023-07-09T19:40:23.594+0000] {logging_mixin.py:149} INFO - [2023-07-09T19:40:23.594+0000] {dag.py:2726} INFO - Sync 1 DAGs
[2023-07-09T19:40:23.618+0000] {logging_mixin.py:149} INFO - [2023-07-09T19:40:23.617+0000] {dag.py:3490} INFO - Setting next_dagrun for example_nested_branch_dag to 2023-07-08T00:00:00+00:00, run_after=2023-07-09T00:00:00+00:00
[2023-07-09T19:40:23.640+0000] {processor.py:179} INFO - Processing /home/airflow/.local/lib/python3.7/site-packages/airflow/example_dags/example_nested_branch_dag.py took 0.084 seconds
[2023-07-09T19:40:53.944+0000] {processor.py:157} INFO - Started process (PID=4942) to work on /home/airflow/.local/lib/python3.7/site-packages/airflow/example_dags/example_nested_branch_dag.py
[2023-07-09T19:40:53.946+0000] {processor.py:826} INFO - Processing file /home/airflow/.local/lib/python3.7/site-packages/airflow/example_dags/example_nested_branch_dag.py for tasks to queue
[2023-07-09T19:40:53.946+0000] {logging_mixin.py:149} INFO - [2023-07-09T19:40:53.946+0000] {dagbag.py:541} INFO - Filling up the DagBag from /home/airflow/.local/lib/python3.7/site-packages/airflow/example_dags/example_nested_branch_dag.py
[2023-07-09T19:40:53.956+0000] {processor.py:836} INFO - DAG(s) dict_keys(['example_nested_branch_dag']) retrieved from /home/airflow/.local/lib/python3.7/site-packages/airflow/example_dags/example_nested_branch_dag.py
[2023-07-09T19:40:53.982+0000] {logging_mixin.py:149} INFO - [2023-07-09T19:40:53.981+0000] {dag.py:2726} INFO - Sync 1 DAGs
[2023-07-09T19:40:54.006+0000] {logging_mixin.py:149} INFO - [2023-07-09T19:40:54.005+0000] {dag.py:3490} INFO - Setting next_dagrun for example_nested_branch_dag to 2023-07-08T00:00:00+00:00, run_after=2023-07-09T00:00:00+00:00
[2023-07-09T19:40:54.028+0000] {processor.py:179} INFO - Processing /home/airflow/.local/lib/python3.7/site-packages/airflow/example_dags/example_nested_branch_dag.py took 0.087 seconds
[2023-07-09T23:59:30.324+0000] {processor.py:157} INFO - Started process (PID=5030) to work on /home/airflow/.local/lib/python3.7/site-packages/airflow/example_dags/example_nested_branch_dag.py
[2023-07-09T23:59:30.325+0000] {processor.py:826} INFO - Processing file /home/airflow/.local/lib/python3.7/site-packages/airflow/example_dags/example_nested_branch_dag.py for tasks to queue
[2023-07-09T23:59:30.327+0000] {logging_mixin.py:149} INFO - [2023-07-09T23:59:30.326+0000] {dagbag.py:541} INFO - Filling up the DagBag from /home/airflow/.local/lib/python3.7/site-packages/airflow/example_dags/example_nested_branch_dag.py
[2023-07-09T23:59:30.341+0000] {processor.py:836} INFO - DAG(s) dict_keys(['example_nested_branch_dag']) retrieved from /home/airflow/.local/lib/python3.7/site-packages/airflow/example_dags/example_nested_branch_dag.py
[2023-07-09T23:59:30.379+0000] {logging_mixin.py:149} INFO - [2023-07-09T23:59:30.378+0000] {dag.py:2726} INFO - Sync 1 DAGs
[2023-07-09T23:59:30.412+0000] {logging_mixin.py:149} INFO - [2023-07-09T23:59:30.411+0000] {dag.py:3490} INFO - Setting next_dagrun for example_nested_branch_dag to 2023-07-08T00:00:00+00:00, run_after=2023-07-09T00:00:00+00:00
[2023-07-09T23:59:30.444+0000] {processor.py:179} INFO - Processing /home/airflow/.local/lib/python3.7/site-packages/airflow/example_dags/example_nested_branch_dag.py took 0.126 seconds
