[2023-07-09T19:06:51.013+0000] {processor.py:157} INFO - Started process (PID=786) to work on /home/airflow/.local/lib/python3.7/site-packages/airflow/example_dags/example_kubernetes_executor.py
[2023-07-09T19:06:51.015+0000] {processor.py:826} INFO - Processing file /home/airflow/.local/lib/python3.7/site-packages/airflow/example_dags/example_kubernetes_executor.py for tasks to queue
[2023-07-09T19:06:51.016+0000] {logging_mixin.py:149} INFO - [2023-07-09T19:06:51.016+0000] {dagbag.py:541} INFO - Filling up the DagBag from /home/airflow/.local/lib/python3.7/site-packages/airflow/example_dags/example_kubernetes_executor.py
[2023-07-09T19:06:51.198+0000] {processor.py:836} INFO - DAG(s) dict_keys(['example_kubernetes_executor']) retrieved from /home/airflow/.local/lib/python3.7/site-packages/airflow/example_dags/example_kubernetes_executor.py
[2023-07-09T19:06:51.235+0000] {logging_mixin.py:149} INFO - [2023-07-09T19:06:51.235+0000] {dag.py:2726} INFO - Sync 1 DAGs
[2023-07-09T19:06:51.263+0000] {logging_mixin.py:149} INFO - [2023-07-09T19:06:51.263+0000] {dag.py:3490} INFO - Setting next_dagrun for example_kubernetes_executor to None, run_after=None
[2023-07-09T19:06:51.284+0000] {processor.py:179} INFO - Processing /home/airflow/.local/lib/python3.7/site-packages/airflow/example_dags/example_kubernetes_executor.py took 0.274 seconds
[2023-07-09T19:07:21.380+0000] {processor.py:157} INFO - Started process (PID=848) to work on /home/airflow/.local/lib/python3.7/site-packages/airflow/example_dags/example_kubernetes_executor.py
[2023-07-09T19:07:21.381+0000] {processor.py:826} INFO - Processing file /home/airflow/.local/lib/python3.7/site-packages/airflow/example_dags/example_kubernetes_executor.py for tasks to queue
[2023-07-09T19:07:21.382+0000] {logging_mixin.py:149} INFO - [2023-07-09T19:07:21.382+0000] {dagbag.py:541} INFO - Filling up the DagBag from /home/airflow/.local/lib/python3.7/site-packages/airflow/example_dags/example_kubernetes_executor.py
[2023-07-09T19:07:21.582+0000] {processor.py:836} INFO - DAG(s) dict_keys(['example_kubernetes_executor']) retrieved from /home/airflow/.local/lib/python3.7/site-packages/airflow/example_dags/example_kubernetes_executor.py
[2023-07-09T19:07:21.622+0000] {logging_mixin.py:149} INFO - [2023-07-09T19:07:21.622+0000] {dag.py:2726} INFO - Sync 1 DAGs
[2023-07-09T19:07:21.649+0000] {logging_mixin.py:149} INFO - [2023-07-09T19:07:21.649+0000] {dag.py:3490} INFO - Setting next_dagrun for example_kubernetes_executor to None, run_after=None
[2023-07-09T19:07:21.676+0000] {processor.py:179} INFO - Processing /home/airflow/.local/lib/python3.7/site-packages/airflow/example_dags/example_kubernetes_executor.py took 0.300 seconds
[2023-07-09T19:07:51.710+0000] {processor.py:157} INFO - Started process (PID=908) to work on /home/airflow/.local/lib/python3.7/site-packages/airflow/example_dags/example_kubernetes_executor.py
[2023-07-09T19:07:51.712+0000] {processor.py:826} INFO - Processing file /home/airflow/.local/lib/python3.7/site-packages/airflow/example_dags/example_kubernetes_executor.py for tasks to queue
[2023-07-09T19:07:51.713+0000] {logging_mixin.py:149} INFO - [2023-07-09T19:07:51.712+0000] {dagbag.py:541} INFO - Filling up the DagBag from /home/airflow/.local/lib/python3.7/site-packages/airflow/example_dags/example_kubernetes_executor.py
[2023-07-09T19:07:51.939+0000] {processor.py:836} INFO - DAG(s) dict_keys(['example_kubernetes_executor']) retrieved from /home/airflow/.local/lib/python3.7/site-packages/airflow/example_dags/example_kubernetes_executor.py
[2023-07-09T19:07:51.977+0000] {logging_mixin.py:149} INFO - [2023-07-09T19:07:51.976+0000] {dag.py:2726} INFO - Sync 1 DAGs
[2023-07-09T19:07:52.000+0000] {logging_mixin.py:149} INFO - [2023-07-09T19:07:52.000+0000] {dag.py:3490} INFO - Setting next_dagrun for example_kubernetes_executor to None, run_after=None
[2023-07-09T19:07:52.021+0000] {processor.py:179} INFO - Processing /home/airflow/.local/lib/python3.7/site-packages/airflow/example_dags/example_kubernetes_executor.py took 0.315 seconds
[2023-07-09T19:08:22.083+0000] {processor.py:157} INFO - Started process (PID=970) to work on /home/airflow/.local/lib/python3.7/site-packages/airflow/example_dags/example_kubernetes_executor.py
[2023-07-09T19:08:22.084+0000] {processor.py:826} INFO - Processing file /home/airflow/.local/lib/python3.7/site-packages/airflow/example_dags/example_kubernetes_executor.py for tasks to queue
[2023-07-09T19:08:22.085+0000] {logging_mixin.py:149} INFO - [2023-07-09T19:08:22.085+0000] {dagbag.py:541} INFO - Filling up the DagBag from /home/airflow/.local/lib/python3.7/site-packages/airflow/example_dags/example_kubernetes_executor.py
[2023-07-09T19:08:22.281+0000] {processor.py:836} INFO - DAG(s) dict_keys(['example_kubernetes_executor']) retrieved from /home/airflow/.local/lib/python3.7/site-packages/airflow/example_dags/example_kubernetes_executor.py
[2023-07-09T19:08:22.295+0000] {logging_mixin.py:149} INFO - [2023-07-09T19:08:22.294+0000] {dag.py:2726} INFO - Sync 1 DAGs
[2023-07-09T19:08:22.320+0000] {logging_mixin.py:149} INFO - [2023-07-09T19:08:22.320+0000] {dag.py:3490} INFO - Setting next_dagrun for example_kubernetes_executor to None, run_after=None
[2023-07-09T19:08:22.345+0000] {processor.py:179} INFO - Processing /home/airflow/.local/lib/python3.7/site-packages/airflow/example_dags/example_kubernetes_executor.py took 0.265 seconds
[2023-07-09T19:08:52.486+0000] {processor.py:157} INFO - Started process (PID=1032) to work on /home/airflow/.local/lib/python3.7/site-packages/airflow/example_dags/example_kubernetes_executor.py
[2023-07-09T19:08:52.487+0000] {processor.py:826} INFO - Processing file /home/airflow/.local/lib/python3.7/site-packages/airflow/example_dags/example_kubernetes_executor.py for tasks to queue
[2023-07-09T19:08:52.488+0000] {logging_mixin.py:149} INFO - [2023-07-09T19:08:52.488+0000] {dagbag.py:541} INFO - Filling up the DagBag from /home/airflow/.local/lib/python3.7/site-packages/airflow/example_dags/example_kubernetes_executor.py
[2023-07-09T19:08:52.654+0000] {processor.py:836} INFO - DAG(s) dict_keys(['example_kubernetes_executor']) retrieved from /home/airflow/.local/lib/python3.7/site-packages/airflow/example_dags/example_kubernetes_executor.py
[2023-07-09T19:08:52.688+0000] {logging_mixin.py:149} INFO - [2023-07-09T19:08:52.688+0000] {dag.py:2726} INFO - Sync 1 DAGs
[2023-07-09T19:08:52.709+0000] {logging_mixin.py:149} INFO - [2023-07-09T19:08:52.709+0000] {dag.py:3490} INFO - Setting next_dagrun for example_kubernetes_executor to None, run_after=None
[2023-07-09T19:08:52.729+0000] {processor.py:179} INFO - Processing /home/airflow/.local/lib/python3.7/site-packages/airflow/example_dags/example_kubernetes_executor.py took 0.245 seconds
[2023-07-09T19:09:23.146+0000] {processor.py:157} INFO - Started process (PID=1091) to work on /home/airflow/.local/lib/python3.7/site-packages/airflow/example_dags/example_kubernetes_executor.py
[2023-07-09T19:09:23.148+0000] {processor.py:826} INFO - Processing file /home/airflow/.local/lib/python3.7/site-packages/airflow/example_dags/example_kubernetes_executor.py for tasks to queue
[2023-07-09T19:09:23.149+0000] {logging_mixin.py:149} INFO - [2023-07-09T19:09:23.149+0000] {dagbag.py:541} INFO - Filling up the DagBag from /home/airflow/.local/lib/python3.7/site-packages/airflow/example_dags/example_kubernetes_executor.py
[2023-07-09T19:09:23.351+0000] {processor.py:836} INFO - DAG(s) dict_keys(['example_kubernetes_executor']) retrieved from /home/airflow/.local/lib/python3.7/site-packages/airflow/example_dags/example_kubernetes_executor.py
[2023-07-09T19:09:23.368+0000] {logging_mixin.py:149} INFO - [2023-07-09T19:09:23.367+0000] {dag.py:2726} INFO - Sync 1 DAGs
[2023-07-09T19:09:23.401+0000] {logging_mixin.py:149} INFO - [2023-07-09T19:09:23.401+0000] {dag.py:3490} INFO - Setting next_dagrun for example_kubernetes_executor to None, run_after=None
[2023-07-09T19:09:23.426+0000] {processor.py:179} INFO - Processing /home/airflow/.local/lib/python3.7/site-packages/airflow/example_dags/example_kubernetes_executor.py took 0.283 seconds
[2023-07-09T19:09:53.513+0000] {processor.py:157} INFO - Started process (PID=1152) to work on /home/airflow/.local/lib/python3.7/site-packages/airflow/example_dags/example_kubernetes_executor.py
[2023-07-09T19:09:53.514+0000] {processor.py:826} INFO - Processing file /home/airflow/.local/lib/python3.7/site-packages/airflow/example_dags/example_kubernetes_executor.py for tasks to queue
[2023-07-09T19:09:53.515+0000] {logging_mixin.py:149} INFO - [2023-07-09T19:09:53.515+0000] {dagbag.py:541} INFO - Filling up the DagBag from /home/airflow/.local/lib/python3.7/site-packages/airflow/example_dags/example_kubernetes_executor.py
[2023-07-09T19:09:53.713+0000] {processor.py:836} INFO - DAG(s) dict_keys(['example_kubernetes_executor']) retrieved from /home/airflow/.local/lib/python3.7/site-packages/airflow/example_dags/example_kubernetes_executor.py
[2023-07-09T19:09:53.751+0000] {logging_mixin.py:149} INFO - [2023-07-09T19:09:53.751+0000] {dag.py:2726} INFO - Sync 1 DAGs
[2023-07-09T19:09:53.776+0000] {logging_mixin.py:149} INFO - [2023-07-09T19:09:53.776+0000] {dag.py:3490} INFO - Setting next_dagrun for example_kubernetes_executor to None, run_after=None
[2023-07-09T19:09:53.798+0000] {processor.py:179} INFO - Processing /home/airflow/.local/lib/python3.7/site-packages/airflow/example_dags/example_kubernetes_executor.py took 0.289 seconds
[2023-07-09T19:10:23.848+0000] {processor.py:157} INFO - Started process (PID=1214) to work on /home/airflow/.local/lib/python3.7/site-packages/airflow/example_dags/example_kubernetes_executor.py
[2023-07-09T19:10:23.849+0000] {processor.py:826} INFO - Processing file /home/airflow/.local/lib/python3.7/site-packages/airflow/example_dags/example_kubernetes_executor.py for tasks to queue
[2023-07-09T19:10:23.850+0000] {logging_mixin.py:149} INFO - [2023-07-09T19:10:23.850+0000] {dagbag.py:541} INFO - Filling up the DagBag from /home/airflow/.local/lib/python3.7/site-packages/airflow/example_dags/example_kubernetes_executor.py
[2023-07-09T19:10:24.024+0000] {processor.py:836} INFO - DAG(s) dict_keys(['example_kubernetes_executor']) retrieved from /home/airflow/.local/lib/python3.7/site-packages/airflow/example_dags/example_kubernetes_executor.py
[2023-07-09T19:10:24.058+0000] {logging_mixin.py:149} INFO - [2023-07-09T19:10:24.058+0000] {dag.py:2726} INFO - Sync 1 DAGs
[2023-07-09T19:10:24.078+0000] {logging_mixin.py:149} INFO - [2023-07-09T19:10:24.077+0000] {dag.py:3490} INFO - Setting next_dagrun for example_kubernetes_executor to None, run_after=None
[2023-07-09T19:10:24.096+0000] {processor.py:179} INFO - Processing /home/airflow/.local/lib/python3.7/site-packages/airflow/example_dags/example_kubernetes_executor.py took 0.251 seconds
[2023-07-09T19:10:55.049+0000] {processor.py:157} INFO - Started process (PID=1275) to work on /home/airflow/.local/lib/python3.7/site-packages/airflow/example_dags/example_kubernetes_executor.py
[2023-07-09T19:10:55.050+0000] {processor.py:826} INFO - Processing file /home/airflow/.local/lib/python3.7/site-packages/airflow/example_dags/example_kubernetes_executor.py for tasks to queue
[2023-07-09T19:10:55.051+0000] {logging_mixin.py:149} INFO - [2023-07-09T19:10:55.051+0000] {dagbag.py:541} INFO - Filling up the DagBag from /home/airflow/.local/lib/python3.7/site-packages/airflow/example_dags/example_kubernetes_executor.py
[2023-07-09T19:10:55.389+0000] {processor.py:836} INFO - DAG(s) dict_keys(['example_kubernetes_executor']) retrieved from /home/airflow/.local/lib/python3.7/site-packages/airflow/example_dags/example_kubernetes_executor.py
[2023-07-09T19:10:55.459+0000] {logging_mixin.py:149} INFO - [2023-07-09T19:10:55.459+0000] {dag.py:2726} INFO - Sync 1 DAGs
[2023-07-09T19:10:55.495+0000] {logging_mixin.py:149} INFO - [2023-07-09T19:10:55.495+0000] {dag.py:3490} INFO - Setting next_dagrun for example_kubernetes_executor to None, run_after=None
[2023-07-09T19:10:55.527+0000] {processor.py:179} INFO - Processing /home/airflow/.local/lib/python3.7/site-packages/airflow/example_dags/example_kubernetes_executor.py took 0.482 seconds
[2023-07-09T19:11:25.649+0000] {processor.py:157} INFO - Started process (PID=1338) to work on /home/airflow/.local/lib/python3.7/site-packages/airflow/example_dags/example_kubernetes_executor.py
[2023-07-09T19:11:25.650+0000] {processor.py:826} INFO - Processing file /home/airflow/.local/lib/python3.7/site-packages/airflow/example_dags/example_kubernetes_executor.py for tasks to queue
[2023-07-09T19:11:25.651+0000] {logging_mixin.py:149} INFO - [2023-07-09T19:11:25.650+0000] {dagbag.py:541} INFO - Filling up the DagBag from /home/airflow/.local/lib/python3.7/site-packages/airflow/example_dags/example_kubernetes_executor.py
[2023-07-09T19:11:25.851+0000] {processor.py:836} INFO - DAG(s) dict_keys(['example_kubernetes_executor']) retrieved from /home/airflow/.local/lib/python3.7/site-packages/airflow/example_dags/example_kubernetes_executor.py
[2023-07-09T19:11:25.884+0000] {logging_mixin.py:149} INFO - [2023-07-09T19:11:25.884+0000] {dag.py:2726} INFO - Sync 1 DAGs
[2023-07-09T19:11:25.906+0000] {logging_mixin.py:149} INFO - [2023-07-09T19:11:25.906+0000] {dag.py:3490} INFO - Setting next_dagrun for example_kubernetes_executor to None, run_after=None
[2023-07-09T19:11:25.928+0000] {processor.py:179} INFO - Processing /home/airflow/.local/lib/python3.7/site-packages/airflow/example_dags/example_kubernetes_executor.py took 0.282 seconds
[2023-07-09T19:11:55.969+0000] {processor.py:157} INFO - Started process (PID=1400) to work on /home/airflow/.local/lib/python3.7/site-packages/airflow/example_dags/example_kubernetes_executor.py
[2023-07-09T19:11:55.970+0000] {processor.py:826} INFO - Processing file /home/airflow/.local/lib/python3.7/site-packages/airflow/example_dags/example_kubernetes_executor.py for tasks to queue
[2023-07-09T19:11:55.971+0000] {logging_mixin.py:149} INFO - [2023-07-09T19:11:55.971+0000] {dagbag.py:541} INFO - Filling up the DagBag from /home/airflow/.local/lib/python3.7/site-packages/airflow/example_dags/example_kubernetes_executor.py
[2023-07-09T19:11:56.185+0000] {processor.py:836} INFO - DAG(s) dict_keys(['example_kubernetes_executor']) retrieved from /home/airflow/.local/lib/python3.7/site-packages/airflow/example_dags/example_kubernetes_executor.py
[2023-07-09T19:11:56.204+0000] {logging_mixin.py:149} INFO - [2023-07-09T19:11:56.204+0000] {dag.py:2726} INFO - Sync 1 DAGs
[2023-07-09T19:11:56.257+0000] {logging_mixin.py:149} INFO - [2023-07-09T19:11:56.257+0000] {dag.py:3490} INFO - Setting next_dagrun for example_kubernetes_executor to None, run_after=None
[2023-07-09T19:11:56.294+0000] {processor.py:179} INFO - Processing /home/airflow/.local/lib/python3.7/site-packages/airflow/example_dags/example_kubernetes_executor.py took 0.329 seconds
[2023-07-09T19:12:27.122+0000] {processor.py:157} INFO - Started process (PID=1462) to work on /home/airflow/.local/lib/python3.7/site-packages/airflow/example_dags/example_kubernetes_executor.py
[2023-07-09T19:12:27.123+0000] {processor.py:826} INFO - Processing file /home/airflow/.local/lib/python3.7/site-packages/airflow/example_dags/example_kubernetes_executor.py for tasks to queue
[2023-07-09T19:12:27.124+0000] {logging_mixin.py:149} INFO - [2023-07-09T19:12:27.124+0000] {dagbag.py:541} INFO - Filling up the DagBag from /home/airflow/.local/lib/python3.7/site-packages/airflow/example_dags/example_kubernetes_executor.py
[2023-07-09T19:12:27.311+0000] {processor.py:836} INFO - DAG(s) dict_keys(['example_kubernetes_executor']) retrieved from /home/airflow/.local/lib/python3.7/site-packages/airflow/example_dags/example_kubernetes_executor.py
[2023-07-09T19:12:27.324+0000] {logging_mixin.py:149} INFO - [2023-07-09T19:12:27.324+0000] {dag.py:2726} INFO - Sync 1 DAGs
[2023-07-09T19:12:27.348+0000] {logging_mixin.py:149} INFO - [2023-07-09T19:12:27.348+0000] {dag.py:3490} INFO - Setting next_dagrun for example_kubernetes_executor to None, run_after=None
[2023-07-09T19:12:27.369+0000] {processor.py:179} INFO - Processing /home/airflow/.local/lib/python3.7/site-packages/airflow/example_dags/example_kubernetes_executor.py took 0.250 seconds
[2023-07-09T19:12:57.876+0000] {processor.py:157} INFO - Started process (PID=1523) to work on /home/airflow/.local/lib/python3.7/site-packages/airflow/example_dags/example_kubernetes_executor.py
[2023-07-09T19:12:57.878+0000] {processor.py:826} INFO - Processing file /home/airflow/.local/lib/python3.7/site-packages/airflow/example_dags/example_kubernetes_executor.py for tasks to queue
[2023-07-09T19:12:57.879+0000] {logging_mixin.py:149} INFO - [2023-07-09T19:12:57.878+0000] {dagbag.py:541} INFO - Filling up the DagBag from /home/airflow/.local/lib/python3.7/site-packages/airflow/example_dags/example_kubernetes_executor.py
[2023-07-09T19:12:58.064+0000] {processor.py:836} INFO - DAG(s) dict_keys(['example_kubernetes_executor']) retrieved from /home/airflow/.local/lib/python3.7/site-packages/airflow/example_dags/example_kubernetes_executor.py
[2023-07-09T19:12:58.102+0000] {logging_mixin.py:149} INFO - [2023-07-09T19:12:58.102+0000] {dag.py:2726} INFO - Sync 1 DAGs
[2023-07-09T19:12:58.124+0000] {logging_mixin.py:149} INFO - [2023-07-09T19:12:58.124+0000] {dag.py:3490} INFO - Setting next_dagrun for example_kubernetes_executor to None, run_after=None
[2023-07-09T19:12:58.161+0000] {processor.py:179} INFO - Processing /home/airflow/.local/lib/python3.7/site-packages/airflow/example_dags/example_kubernetes_executor.py took 0.288 seconds
[2023-07-09T19:13:28.205+0000] {processor.py:157} INFO - Started process (PID=1585) to work on /home/airflow/.local/lib/python3.7/site-packages/airflow/example_dags/example_kubernetes_executor.py
[2023-07-09T19:13:28.206+0000] {processor.py:826} INFO - Processing file /home/airflow/.local/lib/python3.7/site-packages/airflow/example_dags/example_kubernetes_executor.py for tasks to queue
[2023-07-09T19:13:28.206+0000] {logging_mixin.py:149} INFO - [2023-07-09T19:13:28.206+0000] {dagbag.py:541} INFO - Filling up the DagBag from /home/airflow/.local/lib/python3.7/site-packages/airflow/example_dags/example_kubernetes_executor.py
[2023-07-09T19:13:28.401+0000] {processor.py:836} INFO - DAG(s) dict_keys(['example_kubernetes_executor']) retrieved from /home/airflow/.local/lib/python3.7/site-packages/airflow/example_dags/example_kubernetes_executor.py
[2023-07-09T19:13:28.439+0000] {logging_mixin.py:149} INFO - [2023-07-09T19:13:28.439+0000] {dag.py:2726} INFO - Sync 1 DAGs
[2023-07-09T19:13:28.471+0000] {logging_mixin.py:149} INFO - [2023-07-09T19:13:28.470+0000] {dag.py:3490} INFO - Setting next_dagrun for example_kubernetes_executor to None, run_after=None
[2023-07-09T19:13:28.496+0000] {processor.py:179} INFO - Processing /home/airflow/.local/lib/python3.7/site-packages/airflow/example_dags/example_kubernetes_executor.py took 0.294 seconds
[2023-07-09T19:13:58.632+0000] {processor.py:157} INFO - Started process (PID=1648) to work on /home/airflow/.local/lib/python3.7/site-packages/airflow/example_dags/example_kubernetes_executor.py
[2023-07-09T19:13:58.633+0000] {processor.py:826} INFO - Processing file /home/airflow/.local/lib/python3.7/site-packages/airflow/example_dags/example_kubernetes_executor.py for tasks to queue
[2023-07-09T19:13:58.634+0000] {logging_mixin.py:149} INFO - [2023-07-09T19:13:58.634+0000] {dagbag.py:541} INFO - Filling up the DagBag from /home/airflow/.local/lib/python3.7/site-packages/airflow/example_dags/example_kubernetes_executor.py
[2023-07-09T19:13:58.819+0000] {processor.py:836} INFO - DAG(s) dict_keys(['example_kubernetes_executor']) retrieved from /home/airflow/.local/lib/python3.7/site-packages/airflow/example_dags/example_kubernetes_executor.py
[2023-07-09T19:13:58.859+0000] {logging_mixin.py:149} INFO - [2023-07-09T19:13:58.859+0000] {dag.py:2726} INFO - Sync 1 DAGs
[2023-07-09T19:13:58.888+0000] {logging_mixin.py:149} INFO - [2023-07-09T19:13:58.887+0000] {dag.py:3490} INFO - Setting next_dagrun for example_kubernetes_executor to None, run_after=None
[2023-07-09T19:13:58.909+0000] {processor.py:179} INFO - Processing /home/airflow/.local/lib/python3.7/site-packages/airflow/example_dags/example_kubernetes_executor.py took 0.280 seconds
[2023-07-09T19:14:29.075+0000] {processor.py:157} INFO - Started process (PID=1711) to work on /home/airflow/.local/lib/python3.7/site-packages/airflow/example_dags/example_kubernetes_executor.py
[2023-07-09T19:14:29.076+0000] {processor.py:826} INFO - Processing file /home/airflow/.local/lib/python3.7/site-packages/airflow/example_dags/example_kubernetes_executor.py for tasks to queue
[2023-07-09T19:14:29.076+0000] {logging_mixin.py:149} INFO - [2023-07-09T19:14:29.076+0000] {dagbag.py:541} INFO - Filling up the DagBag from /home/airflow/.local/lib/python3.7/site-packages/airflow/example_dags/example_kubernetes_executor.py
[2023-07-09T19:14:29.256+0000] {processor.py:836} INFO - DAG(s) dict_keys(['example_kubernetes_executor']) retrieved from /home/airflow/.local/lib/python3.7/site-packages/airflow/example_dags/example_kubernetes_executor.py
[2023-07-09T19:14:29.292+0000] {logging_mixin.py:149} INFO - [2023-07-09T19:14:29.292+0000] {dag.py:2726} INFO - Sync 1 DAGs
[2023-07-09T19:14:29.319+0000] {logging_mixin.py:149} INFO - [2023-07-09T19:14:29.318+0000] {dag.py:3490} INFO - Setting next_dagrun for example_kubernetes_executor to None, run_after=None
[2023-07-09T19:14:29.340+0000] {processor.py:179} INFO - Processing /home/airflow/.local/lib/python3.7/site-packages/airflow/example_dags/example_kubernetes_executor.py took 0.268 seconds
[2023-07-09T19:14:59.925+0000] {processor.py:157} INFO - Started process (PID=1769) to work on /home/airflow/.local/lib/python3.7/site-packages/airflow/example_dags/example_kubernetes_executor.py
[2023-07-09T19:14:59.926+0000] {processor.py:826} INFO - Processing file /home/airflow/.local/lib/python3.7/site-packages/airflow/example_dags/example_kubernetes_executor.py for tasks to queue
[2023-07-09T19:14:59.927+0000] {logging_mixin.py:149} INFO - [2023-07-09T19:14:59.927+0000] {dagbag.py:541} INFO - Filling up the DagBag from /home/airflow/.local/lib/python3.7/site-packages/airflow/example_dags/example_kubernetes_executor.py
[2023-07-09T19:15:00.104+0000] {processor.py:836} INFO - DAG(s) dict_keys(['example_kubernetes_executor']) retrieved from /home/airflow/.local/lib/python3.7/site-packages/airflow/example_dags/example_kubernetes_executor.py
[2023-07-09T19:15:00.141+0000] {logging_mixin.py:149} INFO - [2023-07-09T19:15:00.141+0000] {dag.py:2726} INFO - Sync 1 DAGs
[2023-07-09T19:15:00.165+0000] {logging_mixin.py:149} INFO - [2023-07-09T19:15:00.165+0000] {dag.py:3490} INFO - Setting next_dagrun for example_kubernetes_executor to None, run_after=None
[2023-07-09T19:15:00.188+0000] {processor.py:179} INFO - Processing /home/airflow/.local/lib/python3.7/site-packages/airflow/example_dags/example_kubernetes_executor.py took 0.266 seconds
[2023-07-09T19:15:30.727+0000] {processor.py:157} INFO - Started process (PID=1830) to work on /home/airflow/.local/lib/python3.7/site-packages/airflow/example_dags/example_kubernetes_executor.py
[2023-07-09T19:15:30.728+0000] {processor.py:826} INFO - Processing file /home/airflow/.local/lib/python3.7/site-packages/airflow/example_dags/example_kubernetes_executor.py for tasks to queue
[2023-07-09T19:15:30.729+0000] {logging_mixin.py:149} INFO - [2023-07-09T19:15:30.729+0000] {dagbag.py:541} INFO - Filling up the DagBag from /home/airflow/.local/lib/python3.7/site-packages/airflow/example_dags/example_kubernetes_executor.py
[2023-07-09T19:15:30.902+0000] {processor.py:836} INFO - DAG(s) dict_keys(['example_kubernetes_executor']) retrieved from /home/airflow/.local/lib/python3.7/site-packages/airflow/example_dags/example_kubernetes_executor.py
[2023-07-09T19:15:30.987+0000] {logging_mixin.py:149} INFO - [2023-07-09T19:15:30.987+0000] {dag.py:2726} INFO - Sync 1 DAGs
[2023-07-09T19:15:31.012+0000] {logging_mixin.py:149} INFO - [2023-07-09T19:15:31.012+0000] {dag.py:3490} INFO - Setting next_dagrun for example_kubernetes_executor to None, run_after=None
[2023-07-09T19:15:31.031+0000] {processor.py:179} INFO - Processing /home/airflow/.local/lib/python3.7/site-packages/airflow/example_dags/example_kubernetes_executor.py took 0.307 seconds
[2023-07-09T19:16:01.104+0000] {processor.py:157} INFO - Started process (PID=1893) to work on /home/airflow/.local/lib/python3.7/site-packages/airflow/example_dags/example_kubernetes_executor.py
[2023-07-09T19:16:01.106+0000] {processor.py:826} INFO - Processing file /home/airflow/.local/lib/python3.7/site-packages/airflow/example_dags/example_kubernetes_executor.py for tasks to queue
[2023-07-09T19:16:01.107+0000] {logging_mixin.py:149} INFO - [2023-07-09T19:16:01.107+0000] {dagbag.py:541} INFO - Filling up the DagBag from /home/airflow/.local/lib/python3.7/site-packages/airflow/example_dags/example_kubernetes_executor.py
[2023-07-09T19:16:01.304+0000] {processor.py:836} INFO - DAG(s) dict_keys(['example_kubernetes_executor']) retrieved from /home/airflow/.local/lib/python3.7/site-packages/airflow/example_dags/example_kubernetes_executor.py
[2023-07-09T19:16:01.340+0000] {logging_mixin.py:149} INFO - [2023-07-09T19:16:01.340+0000] {dag.py:2726} INFO - Sync 1 DAGs
[2023-07-09T19:16:01.364+0000] {logging_mixin.py:149} INFO - [2023-07-09T19:16:01.364+0000] {dag.py:3490} INFO - Setting next_dagrun for example_kubernetes_executor to None, run_after=None
[2023-07-09T19:16:01.388+0000] {processor.py:179} INFO - Processing /home/airflow/.local/lib/python3.7/site-packages/airflow/example_dags/example_kubernetes_executor.py took 0.287 seconds
[2023-07-09T19:16:31.458+0000] {processor.py:157} INFO - Started process (PID=1956) to work on /home/airflow/.local/lib/python3.7/site-packages/airflow/example_dags/example_kubernetes_executor.py
[2023-07-09T19:16:31.459+0000] {processor.py:826} INFO - Processing file /home/airflow/.local/lib/python3.7/site-packages/airflow/example_dags/example_kubernetes_executor.py for tasks to queue
[2023-07-09T19:16:31.460+0000] {logging_mixin.py:149} INFO - [2023-07-09T19:16:31.460+0000] {dagbag.py:541} INFO - Filling up the DagBag from /home/airflow/.local/lib/python3.7/site-packages/airflow/example_dags/example_kubernetes_executor.py
[2023-07-09T19:16:31.644+0000] {processor.py:836} INFO - DAG(s) dict_keys(['example_kubernetes_executor']) retrieved from /home/airflow/.local/lib/python3.7/site-packages/airflow/example_dags/example_kubernetes_executor.py
[2023-07-09T19:16:31.683+0000] {logging_mixin.py:149} INFO - [2023-07-09T19:16:31.683+0000] {dag.py:2726} INFO - Sync 1 DAGs
[2023-07-09T19:16:31.707+0000] {logging_mixin.py:149} INFO - [2023-07-09T19:16:31.707+0000] {dag.py:3490} INFO - Setting next_dagrun for example_kubernetes_executor to None, run_after=None
[2023-07-09T19:16:31.728+0000] {processor.py:179} INFO - Processing /home/airflow/.local/lib/python3.7/site-packages/airflow/example_dags/example_kubernetes_executor.py took 0.273 seconds
[2023-07-09T19:17:01.836+0000] {processor.py:157} INFO - Started process (PID=2021) to work on /home/airflow/.local/lib/python3.7/site-packages/airflow/example_dags/example_kubernetes_executor.py
[2023-07-09T19:17:01.837+0000] {processor.py:826} INFO - Processing file /home/airflow/.local/lib/python3.7/site-packages/airflow/example_dags/example_kubernetes_executor.py for tasks to queue
[2023-07-09T19:17:01.838+0000] {logging_mixin.py:149} INFO - [2023-07-09T19:17:01.838+0000] {dagbag.py:541} INFO - Filling up the DagBag from /home/airflow/.local/lib/python3.7/site-packages/airflow/example_dags/example_kubernetes_executor.py
[2023-07-09T19:17:02.163+0000] {processor.py:836} INFO - DAG(s) dict_keys(['example_kubernetes_executor']) retrieved from /home/airflow/.local/lib/python3.7/site-packages/airflow/example_dags/example_kubernetes_executor.py
[2023-07-09T19:17:02.207+0000] {logging_mixin.py:149} INFO - [2023-07-09T19:17:02.207+0000] {dag.py:2726} INFO - Sync 1 DAGs
[2023-07-09T19:17:02.237+0000] {logging_mixin.py:149} INFO - [2023-07-09T19:17:02.237+0000] {dag.py:3490} INFO - Setting next_dagrun for example_kubernetes_executor to None, run_after=None
[2023-07-09T19:17:02.268+0000] {processor.py:179} INFO - Processing /home/airflow/.local/lib/python3.7/site-packages/airflow/example_dags/example_kubernetes_executor.py took 0.437 seconds
[2023-07-09T19:17:32.998+0000] {processor.py:157} INFO - Started process (PID=2083) to work on /home/airflow/.local/lib/python3.7/site-packages/airflow/example_dags/example_kubernetes_executor.py
[2023-07-09T19:17:32.999+0000] {processor.py:826} INFO - Processing file /home/airflow/.local/lib/python3.7/site-packages/airflow/example_dags/example_kubernetes_executor.py for tasks to queue
[2023-07-09T19:17:33.000+0000] {logging_mixin.py:149} INFO - [2023-07-09T19:17:33.000+0000] {dagbag.py:541} INFO - Filling up the DagBag from /home/airflow/.local/lib/python3.7/site-packages/airflow/example_dags/example_kubernetes_executor.py
[2023-07-09T19:17:33.189+0000] {processor.py:836} INFO - DAG(s) dict_keys(['example_kubernetes_executor']) retrieved from /home/airflow/.local/lib/python3.7/site-packages/airflow/example_dags/example_kubernetes_executor.py
[2023-07-09T19:17:33.227+0000] {logging_mixin.py:149} INFO - [2023-07-09T19:17:33.226+0000] {dag.py:2726} INFO - Sync 1 DAGs
[2023-07-09T19:17:33.251+0000] {logging_mixin.py:149} INFO - [2023-07-09T19:17:33.251+0000] {dag.py:3490} INFO - Setting next_dagrun for example_kubernetes_executor to None, run_after=None
[2023-07-09T19:17:33.273+0000] {processor.py:179} INFO - Processing /home/airflow/.local/lib/python3.7/site-packages/airflow/example_dags/example_kubernetes_executor.py took 0.278 seconds
[2023-07-09T19:18:03.948+0000] {processor.py:157} INFO - Started process (PID=2145) to work on /home/airflow/.local/lib/python3.7/site-packages/airflow/example_dags/example_kubernetes_executor.py
[2023-07-09T19:18:03.949+0000] {processor.py:826} INFO - Processing file /home/airflow/.local/lib/python3.7/site-packages/airflow/example_dags/example_kubernetes_executor.py for tasks to queue
[2023-07-09T19:18:03.950+0000] {logging_mixin.py:149} INFO - [2023-07-09T19:18:03.949+0000] {dagbag.py:541} INFO - Filling up the DagBag from /home/airflow/.local/lib/python3.7/site-packages/airflow/example_dags/example_kubernetes_executor.py
[2023-07-09T19:18:04.156+0000] {processor.py:836} INFO - DAG(s) dict_keys(['example_kubernetes_executor']) retrieved from /home/airflow/.local/lib/python3.7/site-packages/airflow/example_dags/example_kubernetes_executor.py
[2023-07-09T19:18:04.201+0000] {logging_mixin.py:149} INFO - [2023-07-09T19:18:04.201+0000] {dag.py:2726} INFO - Sync 1 DAGs
[2023-07-09T19:18:04.227+0000] {logging_mixin.py:149} INFO - [2023-07-09T19:18:04.226+0000] {dag.py:3490} INFO - Setting next_dagrun for example_kubernetes_executor to None, run_after=None
[2023-07-09T19:18:04.251+0000] {processor.py:179} INFO - Processing /home/airflow/.local/lib/python3.7/site-packages/airflow/example_dags/example_kubernetes_executor.py took 0.308 seconds
[2023-07-09T19:18:34.336+0000] {processor.py:157} INFO - Started process (PID=2207) to work on /home/airflow/.local/lib/python3.7/site-packages/airflow/example_dags/example_kubernetes_executor.py
[2023-07-09T19:18:34.337+0000] {processor.py:826} INFO - Processing file /home/airflow/.local/lib/python3.7/site-packages/airflow/example_dags/example_kubernetes_executor.py for tasks to queue
[2023-07-09T19:18:34.338+0000] {logging_mixin.py:149} INFO - [2023-07-09T19:18:34.338+0000] {dagbag.py:541} INFO - Filling up the DagBag from /home/airflow/.local/lib/python3.7/site-packages/airflow/example_dags/example_kubernetes_executor.py
[2023-07-09T19:18:34.536+0000] {processor.py:836} INFO - DAG(s) dict_keys(['example_kubernetes_executor']) retrieved from /home/airflow/.local/lib/python3.7/site-packages/airflow/example_dags/example_kubernetes_executor.py
[2023-07-09T19:18:34.578+0000] {logging_mixin.py:149} INFO - [2023-07-09T19:18:34.577+0000] {dag.py:2726} INFO - Sync 1 DAGs
[2023-07-09T19:18:34.601+0000] {logging_mixin.py:149} INFO - [2023-07-09T19:18:34.600+0000] {dag.py:3490} INFO - Setting next_dagrun for example_kubernetes_executor to None, run_after=None
[2023-07-09T19:18:34.623+0000] {processor.py:179} INFO - Processing /home/airflow/.local/lib/python3.7/site-packages/airflow/example_dags/example_kubernetes_executor.py took 0.290 seconds
[2023-07-09T19:19:04.666+0000] {processor.py:157} INFO - Started process (PID=2270) to work on /home/airflow/.local/lib/python3.7/site-packages/airflow/example_dags/example_kubernetes_executor.py
[2023-07-09T19:19:04.667+0000] {processor.py:826} INFO - Processing file /home/airflow/.local/lib/python3.7/site-packages/airflow/example_dags/example_kubernetes_executor.py for tasks to queue
[2023-07-09T19:19:04.668+0000] {logging_mixin.py:149} INFO - [2023-07-09T19:19:04.668+0000] {dagbag.py:541} INFO - Filling up the DagBag from /home/airflow/.local/lib/python3.7/site-packages/airflow/example_dags/example_kubernetes_executor.py
[2023-07-09T19:19:04.854+0000] {processor.py:836} INFO - DAG(s) dict_keys(['example_kubernetes_executor']) retrieved from /home/airflow/.local/lib/python3.7/site-packages/airflow/example_dags/example_kubernetes_executor.py
[2023-07-09T19:19:04.895+0000] {logging_mixin.py:149} INFO - [2023-07-09T19:19:04.895+0000] {dag.py:2726} INFO - Sync 1 DAGs
[2023-07-09T19:19:04.922+0000] {logging_mixin.py:149} INFO - [2023-07-09T19:19:04.922+0000] {dag.py:3490} INFO - Setting next_dagrun for example_kubernetes_executor to None, run_after=None
[2023-07-09T19:19:04.946+0000] {processor.py:179} INFO - Processing /home/airflow/.local/lib/python3.7/site-packages/airflow/example_dags/example_kubernetes_executor.py took 0.282 seconds
[2023-07-09T19:19:34.992+0000] {processor.py:157} INFO - Started process (PID=2334) to work on /home/airflow/.local/lib/python3.7/site-packages/airflow/example_dags/example_kubernetes_executor.py
[2023-07-09T19:19:34.993+0000] {processor.py:826} INFO - Processing file /home/airflow/.local/lib/python3.7/site-packages/airflow/example_dags/example_kubernetes_executor.py for tasks to queue
[2023-07-09T19:19:34.994+0000] {logging_mixin.py:149} INFO - [2023-07-09T19:19:34.994+0000] {dagbag.py:541} INFO - Filling up the DagBag from /home/airflow/.local/lib/python3.7/site-packages/airflow/example_dags/example_kubernetes_executor.py
[2023-07-09T19:19:35.177+0000] {processor.py:836} INFO - DAG(s) dict_keys(['example_kubernetes_executor']) retrieved from /home/airflow/.local/lib/python3.7/site-packages/airflow/example_dags/example_kubernetes_executor.py
[2023-07-09T19:19:35.214+0000] {logging_mixin.py:149} INFO - [2023-07-09T19:19:35.214+0000] {dag.py:2726} INFO - Sync 1 DAGs
[2023-07-09T19:19:35.239+0000] {logging_mixin.py:149} INFO - [2023-07-09T19:19:35.239+0000] {dag.py:3490} INFO - Setting next_dagrun for example_kubernetes_executor to None, run_after=None
[2023-07-09T19:19:35.259+0000] {processor.py:179} INFO - Processing /home/airflow/.local/lib/python3.7/site-packages/airflow/example_dags/example_kubernetes_executor.py took 0.270 seconds
[2023-07-09T19:20:05.334+0000] {processor.py:157} INFO - Started process (PID=2398) to work on /home/airflow/.local/lib/python3.7/site-packages/airflow/example_dags/example_kubernetes_executor.py
[2023-07-09T19:20:05.335+0000] {processor.py:826} INFO - Processing file /home/airflow/.local/lib/python3.7/site-packages/airflow/example_dags/example_kubernetes_executor.py for tasks to queue
[2023-07-09T19:20:05.336+0000] {logging_mixin.py:149} INFO - [2023-07-09T19:20:05.336+0000] {dagbag.py:541} INFO - Filling up the DagBag from /home/airflow/.local/lib/python3.7/site-packages/airflow/example_dags/example_kubernetes_executor.py
[2023-07-09T19:20:05.517+0000] {processor.py:836} INFO - DAG(s) dict_keys(['example_kubernetes_executor']) retrieved from /home/airflow/.local/lib/python3.7/site-packages/airflow/example_dags/example_kubernetes_executor.py
[2023-07-09T19:20:05.561+0000] {logging_mixin.py:149} INFO - [2023-07-09T19:20:05.561+0000] {dag.py:2726} INFO - Sync 1 DAGs
[2023-07-09T19:20:05.583+0000] {logging_mixin.py:149} INFO - [2023-07-09T19:20:05.583+0000] {dag.py:3490} INFO - Setting next_dagrun for example_kubernetes_executor to None, run_after=None
[2023-07-09T19:20:05.605+0000] {processor.py:179} INFO - Processing /home/airflow/.local/lib/python3.7/site-packages/airflow/example_dags/example_kubernetes_executor.py took 0.274 seconds
[2023-07-09T19:20:35.858+0000] {processor.py:157} INFO - Started process (PID=2460) to work on /home/airflow/.local/lib/python3.7/site-packages/airflow/example_dags/example_kubernetes_executor.py
[2023-07-09T19:20:35.859+0000] {processor.py:826} INFO - Processing file /home/airflow/.local/lib/python3.7/site-packages/airflow/example_dags/example_kubernetes_executor.py for tasks to queue
[2023-07-09T19:20:35.861+0000] {logging_mixin.py:149} INFO - [2023-07-09T19:20:35.861+0000] {dagbag.py:541} INFO - Filling up the DagBag from /home/airflow/.local/lib/python3.7/site-packages/airflow/example_dags/example_kubernetes_executor.py
[2023-07-09T19:20:36.111+0000] {processor.py:836} INFO - DAG(s) dict_keys(['example_kubernetes_executor']) retrieved from /home/airflow/.local/lib/python3.7/site-packages/airflow/example_dags/example_kubernetes_executor.py
[2023-07-09T19:20:36.156+0000] {logging_mixin.py:149} INFO - [2023-07-09T19:20:36.156+0000] {dag.py:2726} INFO - Sync 1 DAGs
[2023-07-09T19:20:36.187+0000] {logging_mixin.py:149} INFO - [2023-07-09T19:20:36.187+0000] {dag.py:3490} INFO - Setting next_dagrun for example_kubernetes_executor to None, run_after=None
[2023-07-09T19:20:36.215+0000] {processor.py:179} INFO - Processing /home/airflow/.local/lib/python3.7/site-packages/airflow/example_dags/example_kubernetes_executor.py took 0.364 seconds
[2023-07-09T19:21:07.029+0000] {processor.py:157} INFO - Started process (PID=2522) to work on /home/airflow/.local/lib/python3.7/site-packages/airflow/example_dags/example_kubernetes_executor.py
[2023-07-09T19:21:07.030+0000] {processor.py:826} INFO - Processing file /home/airflow/.local/lib/python3.7/site-packages/airflow/example_dags/example_kubernetes_executor.py for tasks to queue
[2023-07-09T19:21:07.031+0000] {logging_mixin.py:149} INFO - [2023-07-09T19:21:07.031+0000] {dagbag.py:541} INFO - Filling up the DagBag from /home/airflow/.local/lib/python3.7/site-packages/airflow/example_dags/example_kubernetes_executor.py
[2023-07-09T19:21:07.260+0000] {processor.py:836} INFO - DAG(s) dict_keys(['example_kubernetes_executor']) retrieved from /home/airflow/.local/lib/python3.7/site-packages/airflow/example_dags/example_kubernetes_executor.py
[2023-07-09T19:21:07.311+0000] {logging_mixin.py:149} INFO - [2023-07-09T19:21:07.311+0000] {dag.py:2726} INFO - Sync 1 DAGs
[2023-07-09T19:21:07.368+0000] {logging_mixin.py:149} INFO - [2023-07-09T19:21:07.368+0000] {dag.py:3490} INFO - Setting next_dagrun for example_kubernetes_executor to None, run_after=None
[2023-07-09T19:21:07.424+0000] {processor.py:179} INFO - Processing /home/airflow/.local/lib/python3.7/site-packages/airflow/example_dags/example_kubernetes_executor.py took 0.398 seconds
[2023-07-09T19:21:37.601+0000] {processor.py:157} INFO - Started process (PID=2584) to work on /home/airflow/.local/lib/python3.7/site-packages/airflow/example_dags/example_kubernetes_executor.py
[2023-07-09T19:21:37.602+0000] {processor.py:826} INFO - Processing file /home/airflow/.local/lib/python3.7/site-packages/airflow/example_dags/example_kubernetes_executor.py for tasks to queue
[2023-07-09T19:21:37.603+0000] {logging_mixin.py:149} INFO - [2023-07-09T19:21:37.602+0000] {dagbag.py:541} INFO - Filling up the DagBag from /home/airflow/.local/lib/python3.7/site-packages/airflow/example_dags/example_kubernetes_executor.py
[2023-07-09T19:21:37.805+0000] {processor.py:836} INFO - DAG(s) dict_keys(['example_kubernetes_executor']) retrieved from /home/airflow/.local/lib/python3.7/site-packages/airflow/example_dags/example_kubernetes_executor.py
[2023-07-09T19:21:37.896+0000] {logging_mixin.py:149} INFO - [2023-07-09T19:21:37.895+0000] {dag.py:2726} INFO - Sync 1 DAGs
[2023-07-09T19:21:37.930+0000] {logging_mixin.py:149} INFO - [2023-07-09T19:21:37.930+0000] {dag.py:3490} INFO - Setting next_dagrun for example_kubernetes_executor to None, run_after=None
[2023-07-09T19:21:37.951+0000] {processor.py:179} INFO - Processing /home/airflow/.local/lib/python3.7/site-packages/airflow/example_dags/example_kubernetes_executor.py took 0.354 seconds
[2023-07-09T19:22:08.049+0000] {processor.py:157} INFO - Started process (PID=2648) to work on /home/airflow/.local/lib/python3.7/site-packages/airflow/example_dags/example_kubernetes_executor.py
[2023-07-09T19:22:08.050+0000] {processor.py:826} INFO - Processing file /home/airflow/.local/lib/python3.7/site-packages/airflow/example_dags/example_kubernetes_executor.py for tasks to queue
[2023-07-09T19:22:08.051+0000] {logging_mixin.py:149} INFO - [2023-07-09T19:22:08.051+0000] {dagbag.py:541} INFO - Filling up the DagBag from /home/airflow/.local/lib/python3.7/site-packages/airflow/example_dags/example_kubernetes_executor.py
[2023-07-09T19:22:08.304+0000] {processor.py:836} INFO - DAG(s) dict_keys(['example_kubernetes_executor']) retrieved from /home/airflow/.local/lib/python3.7/site-packages/airflow/example_dags/example_kubernetes_executor.py
[2023-07-09T19:22:08.342+0000] {logging_mixin.py:149} INFO - [2023-07-09T19:22:08.342+0000] {dag.py:2726} INFO - Sync 1 DAGs
[2023-07-09T19:22:08.366+0000] {logging_mixin.py:149} INFO - [2023-07-09T19:22:08.366+0000] {dag.py:3490} INFO - Setting next_dagrun for example_kubernetes_executor to None, run_after=None
[2023-07-09T19:22:08.387+0000] {processor.py:179} INFO - Processing /home/airflow/.local/lib/python3.7/site-packages/airflow/example_dags/example_kubernetes_executor.py took 0.341 seconds
[2023-07-09T19:22:39.152+0000] {processor.py:157} INFO - Started process (PID=2710) to work on /home/airflow/.local/lib/python3.7/site-packages/airflow/example_dags/example_kubernetes_executor.py
[2023-07-09T19:22:39.153+0000] {processor.py:826} INFO - Processing file /home/airflow/.local/lib/python3.7/site-packages/airflow/example_dags/example_kubernetes_executor.py for tasks to queue
[2023-07-09T19:22:39.154+0000] {logging_mixin.py:149} INFO - [2023-07-09T19:22:39.154+0000] {dagbag.py:541} INFO - Filling up the DagBag from /home/airflow/.local/lib/python3.7/site-packages/airflow/example_dags/example_kubernetes_executor.py
[2023-07-09T19:22:39.342+0000] {processor.py:836} INFO - DAG(s) dict_keys(['example_kubernetes_executor']) retrieved from /home/airflow/.local/lib/python3.7/site-packages/airflow/example_dags/example_kubernetes_executor.py
[2023-07-09T19:22:39.378+0000] {logging_mixin.py:149} INFO - [2023-07-09T19:22:39.378+0000] {dag.py:2726} INFO - Sync 1 DAGs
[2023-07-09T19:22:39.400+0000] {logging_mixin.py:149} INFO - [2023-07-09T19:22:39.400+0000] {dag.py:3490} INFO - Setting next_dagrun for example_kubernetes_executor to None, run_after=None
[2023-07-09T19:22:39.421+0000] {processor.py:179} INFO - Processing /home/airflow/.local/lib/python3.7/site-packages/airflow/example_dags/example_kubernetes_executor.py took 0.272 seconds
[2023-07-09T19:23:09.541+0000] {processor.py:157} INFO - Started process (PID=2774) to work on /home/airflow/.local/lib/python3.7/site-packages/airflow/example_dags/example_kubernetes_executor.py
[2023-07-09T19:23:09.542+0000] {processor.py:826} INFO - Processing file /home/airflow/.local/lib/python3.7/site-packages/airflow/example_dags/example_kubernetes_executor.py for tasks to queue
[2023-07-09T19:23:09.543+0000] {logging_mixin.py:149} INFO - [2023-07-09T19:23:09.543+0000] {dagbag.py:541} INFO - Filling up the DagBag from /home/airflow/.local/lib/python3.7/site-packages/airflow/example_dags/example_kubernetes_executor.py
[2023-07-09T19:23:09.717+0000] {processor.py:836} INFO - DAG(s) dict_keys(['example_kubernetes_executor']) retrieved from /home/airflow/.local/lib/python3.7/site-packages/airflow/example_dags/example_kubernetes_executor.py
[2023-07-09T19:23:09.751+0000] {logging_mixin.py:149} INFO - [2023-07-09T19:23:09.751+0000] {dag.py:2726} INFO - Sync 1 DAGs
[2023-07-09T19:23:09.774+0000] {logging_mixin.py:149} INFO - [2023-07-09T19:23:09.774+0000] {dag.py:3490} INFO - Setting next_dagrun for example_kubernetes_executor to None, run_after=None
[2023-07-09T19:23:09.795+0000] {processor.py:179} INFO - Processing /home/airflow/.local/lib/python3.7/site-packages/airflow/example_dags/example_kubernetes_executor.py took 0.257 seconds
[2023-07-09T19:23:40.660+0000] {processor.py:157} INFO - Started process (PID=2837) to work on /home/airflow/.local/lib/python3.7/site-packages/airflow/example_dags/example_kubernetes_executor.py
[2023-07-09T19:23:40.660+0000] {processor.py:826} INFO - Processing file /home/airflow/.local/lib/python3.7/site-packages/airflow/example_dags/example_kubernetes_executor.py for tasks to queue
[2023-07-09T19:23:40.661+0000] {logging_mixin.py:149} INFO - [2023-07-09T19:23:40.661+0000] {dagbag.py:541} INFO - Filling up the DagBag from /home/airflow/.local/lib/python3.7/site-packages/airflow/example_dags/example_kubernetes_executor.py
[2023-07-09T19:23:40.842+0000] {processor.py:836} INFO - DAG(s) dict_keys(['example_kubernetes_executor']) retrieved from /home/airflow/.local/lib/python3.7/site-packages/airflow/example_dags/example_kubernetes_executor.py
[2023-07-09T19:23:40.880+0000] {logging_mixin.py:149} INFO - [2023-07-09T19:23:40.880+0000] {dag.py:2726} INFO - Sync 1 DAGs
[2023-07-09T19:23:40.904+0000] {logging_mixin.py:149} INFO - [2023-07-09T19:23:40.904+0000] {dag.py:3490} INFO - Setting next_dagrun for example_kubernetes_executor to None, run_after=None
[2023-07-09T19:23:40.924+0000] {processor.py:179} INFO - Processing /home/airflow/.local/lib/python3.7/site-packages/airflow/example_dags/example_kubernetes_executor.py took 0.268 seconds
[2023-07-09T19:24:10.994+0000] {processor.py:157} INFO - Started process (PID=2899) to work on /home/airflow/.local/lib/python3.7/site-packages/airflow/example_dags/example_kubernetes_executor.py
[2023-07-09T19:24:10.995+0000] {processor.py:826} INFO - Processing file /home/airflow/.local/lib/python3.7/site-packages/airflow/example_dags/example_kubernetes_executor.py for tasks to queue
[2023-07-09T19:24:10.997+0000] {logging_mixin.py:149} INFO - [2023-07-09T19:24:10.996+0000] {dagbag.py:541} INFO - Filling up the DagBag from /home/airflow/.local/lib/python3.7/site-packages/airflow/example_dags/example_kubernetes_executor.py
[2023-07-09T19:24:11.213+0000] {processor.py:836} INFO - DAG(s) dict_keys(['example_kubernetes_executor']) retrieved from /home/airflow/.local/lib/python3.7/site-packages/airflow/example_dags/example_kubernetes_executor.py
[2023-07-09T19:24:11.262+0000] {logging_mixin.py:149} INFO - [2023-07-09T19:24:11.261+0000] {dag.py:2726} INFO - Sync 1 DAGs
[2023-07-09T19:24:11.294+0000] {logging_mixin.py:149} INFO - [2023-07-09T19:24:11.294+0000] {dag.py:3490} INFO - Setting next_dagrun for example_kubernetes_executor to None, run_after=None
[2023-07-09T19:24:11.316+0000] {processor.py:179} INFO - Processing /home/airflow/.local/lib/python3.7/site-packages/airflow/example_dags/example_kubernetes_executor.py took 0.325 seconds
[2023-07-09T19:24:41.433+0000] {processor.py:157} INFO - Started process (PID=2963) to work on /home/airflow/.local/lib/python3.7/site-packages/airflow/example_dags/example_kubernetes_executor.py
[2023-07-09T19:24:41.434+0000] {processor.py:826} INFO - Processing file /home/airflow/.local/lib/python3.7/site-packages/airflow/example_dags/example_kubernetes_executor.py for tasks to queue
[2023-07-09T19:24:41.435+0000] {logging_mixin.py:149} INFO - [2023-07-09T19:24:41.435+0000] {dagbag.py:541} INFO - Filling up the DagBag from /home/airflow/.local/lib/python3.7/site-packages/airflow/example_dags/example_kubernetes_executor.py
[2023-07-09T19:24:41.601+0000] {processor.py:836} INFO - DAG(s) dict_keys(['example_kubernetes_executor']) retrieved from /home/airflow/.local/lib/python3.7/site-packages/airflow/example_dags/example_kubernetes_executor.py
[2023-07-09T19:24:41.677+0000] {logging_mixin.py:149} INFO - [2023-07-09T19:24:41.677+0000] {dag.py:2726} INFO - Sync 1 DAGs
[2023-07-09T19:24:41.700+0000] {logging_mixin.py:149} INFO - [2023-07-09T19:24:41.700+0000] {dag.py:3490} INFO - Setting next_dagrun for example_kubernetes_executor to None, run_after=None
[2023-07-09T19:24:41.726+0000] {processor.py:179} INFO - Processing /home/airflow/.local/lib/python3.7/site-packages/airflow/example_dags/example_kubernetes_executor.py took 0.296 seconds
[2023-07-09T19:25:12.529+0000] {processor.py:157} INFO - Started process (PID=3025) to work on /home/airflow/.local/lib/python3.7/site-packages/airflow/example_dags/example_kubernetes_executor.py
[2023-07-09T19:25:12.531+0000] {processor.py:826} INFO - Processing file /home/airflow/.local/lib/python3.7/site-packages/airflow/example_dags/example_kubernetes_executor.py for tasks to queue
[2023-07-09T19:25:12.531+0000] {logging_mixin.py:149} INFO - [2023-07-09T19:25:12.531+0000] {dagbag.py:541} INFO - Filling up the DagBag from /home/airflow/.local/lib/python3.7/site-packages/airflow/example_dags/example_kubernetes_executor.py
[2023-07-09T19:25:12.710+0000] {processor.py:836} INFO - DAG(s) dict_keys(['example_kubernetes_executor']) retrieved from /home/airflow/.local/lib/python3.7/site-packages/airflow/example_dags/example_kubernetes_executor.py
[2023-07-09T19:25:12.747+0000] {logging_mixin.py:149} INFO - [2023-07-09T19:25:12.746+0000] {dag.py:2726} INFO - Sync 1 DAGs
[2023-07-09T19:25:12.769+0000] {logging_mixin.py:149} INFO - [2023-07-09T19:25:12.768+0000] {dag.py:3490} INFO - Setting next_dagrun for example_kubernetes_executor to None, run_after=None
[2023-07-09T19:25:12.792+0000] {processor.py:179} INFO - Processing /home/airflow/.local/lib/python3.7/site-packages/airflow/example_dags/example_kubernetes_executor.py took 0.265 seconds
[2023-07-09T19:25:43.145+0000] {processor.py:157} INFO - Started process (PID=3094) to work on /home/airflow/.local/lib/python3.7/site-packages/airflow/example_dags/example_kubernetes_executor.py
[2023-07-09T19:25:43.146+0000] {processor.py:826} INFO - Processing file /home/airflow/.local/lib/python3.7/site-packages/airflow/example_dags/example_kubernetes_executor.py for tasks to queue
[2023-07-09T19:25:43.147+0000] {logging_mixin.py:149} INFO - [2023-07-09T19:25:43.147+0000] {dagbag.py:541} INFO - Filling up the DagBag from /home/airflow/.local/lib/python3.7/site-packages/airflow/example_dags/example_kubernetes_executor.py
[2023-07-09T19:25:43.328+0000] {processor.py:836} INFO - DAG(s) dict_keys(['example_kubernetes_executor']) retrieved from /home/airflow/.local/lib/python3.7/site-packages/airflow/example_dags/example_kubernetes_executor.py
[2023-07-09T19:25:43.368+0000] {logging_mixin.py:149} INFO - [2023-07-09T19:25:43.368+0000] {dag.py:2726} INFO - Sync 1 DAGs
[2023-07-09T19:25:43.391+0000] {logging_mixin.py:149} INFO - [2023-07-09T19:25:43.391+0000] {dag.py:3490} INFO - Setting next_dagrun for example_kubernetes_executor to None, run_after=None
[2023-07-09T19:25:43.413+0000] {processor.py:179} INFO - Processing /home/airflow/.local/lib/python3.7/site-packages/airflow/example_dags/example_kubernetes_executor.py took 0.271 seconds
[2023-07-09T19:26:13.654+0000] {processor.py:157} INFO - Started process (PID=3156) to work on /home/airflow/.local/lib/python3.7/site-packages/airflow/example_dags/example_kubernetes_executor.py
[2023-07-09T19:26:13.655+0000] {processor.py:826} INFO - Processing file /home/airflow/.local/lib/python3.7/site-packages/airflow/example_dags/example_kubernetes_executor.py for tasks to queue
[2023-07-09T19:26:13.656+0000] {logging_mixin.py:149} INFO - [2023-07-09T19:26:13.656+0000] {dagbag.py:541} INFO - Filling up the DagBag from /home/airflow/.local/lib/python3.7/site-packages/airflow/example_dags/example_kubernetes_executor.py
[2023-07-09T19:26:13.834+0000] {processor.py:836} INFO - DAG(s) dict_keys(['example_kubernetes_executor']) retrieved from /home/airflow/.local/lib/python3.7/site-packages/airflow/example_dags/example_kubernetes_executor.py
[2023-07-09T19:26:13.872+0000] {logging_mixin.py:149} INFO - [2023-07-09T19:26:13.872+0000] {dag.py:2726} INFO - Sync 1 DAGs
[2023-07-09T19:26:13.897+0000] {logging_mixin.py:149} INFO - [2023-07-09T19:26:13.897+0000] {dag.py:3490} INFO - Setting next_dagrun for example_kubernetes_executor to None, run_after=None
[2023-07-09T19:26:13.919+0000] {processor.py:179} INFO - Processing /home/airflow/.local/lib/python3.7/site-packages/airflow/example_dags/example_kubernetes_executor.py took 0.268 seconds
[2023-07-09T19:26:44.238+0000] {processor.py:157} INFO - Started process (PID=3218) to work on /home/airflow/.local/lib/python3.7/site-packages/airflow/example_dags/example_kubernetes_executor.py
[2023-07-09T19:26:44.239+0000] {processor.py:826} INFO - Processing file /home/airflow/.local/lib/python3.7/site-packages/airflow/example_dags/example_kubernetes_executor.py for tasks to queue
[2023-07-09T19:26:44.240+0000] {logging_mixin.py:149} INFO - [2023-07-09T19:26:44.240+0000] {dagbag.py:541} INFO - Filling up the DagBag from /home/airflow/.local/lib/python3.7/site-packages/airflow/example_dags/example_kubernetes_executor.py
[2023-07-09T19:26:44.423+0000] {processor.py:836} INFO - DAG(s) dict_keys(['example_kubernetes_executor']) retrieved from /home/airflow/.local/lib/python3.7/site-packages/airflow/example_dags/example_kubernetes_executor.py
[2023-07-09T19:26:44.462+0000] {logging_mixin.py:149} INFO - [2023-07-09T19:26:44.462+0000] {dag.py:2726} INFO - Sync 1 DAGs
[2023-07-09T19:26:44.485+0000] {logging_mixin.py:149} INFO - [2023-07-09T19:26:44.485+0000] {dag.py:3490} INFO - Setting next_dagrun for example_kubernetes_executor to None, run_after=None
[2023-07-09T19:26:44.510+0000] {processor.py:179} INFO - Processing /home/airflow/.local/lib/python3.7/site-packages/airflow/example_dags/example_kubernetes_executor.py took 0.276 seconds
[2023-07-09T19:27:14.788+0000] {processor.py:157} INFO - Started process (PID=3281) to work on /home/airflow/.local/lib/python3.7/site-packages/airflow/example_dags/example_kubernetes_executor.py
[2023-07-09T19:27:14.789+0000] {processor.py:826} INFO - Processing file /home/airflow/.local/lib/python3.7/site-packages/airflow/example_dags/example_kubernetes_executor.py for tasks to queue
[2023-07-09T19:27:14.789+0000] {logging_mixin.py:149} INFO - [2023-07-09T19:27:14.789+0000] {dagbag.py:541} INFO - Filling up the DagBag from /home/airflow/.local/lib/python3.7/site-packages/airflow/example_dags/example_kubernetes_executor.py
[2023-07-09T19:27:15.007+0000] {processor.py:836} INFO - DAG(s) dict_keys(['example_kubernetes_executor']) retrieved from /home/airflow/.local/lib/python3.7/site-packages/airflow/example_dags/example_kubernetes_executor.py
[2023-07-09T19:27:15.045+0000] {logging_mixin.py:149} INFO - [2023-07-09T19:27:15.045+0000] {dag.py:2726} INFO - Sync 1 DAGs
[2023-07-09T19:27:15.070+0000] {logging_mixin.py:149} INFO - [2023-07-09T19:27:15.069+0000] {dag.py:3490} INFO - Setting next_dagrun for example_kubernetes_executor to None, run_after=None
[2023-07-09T19:27:15.094+0000] {processor.py:179} INFO - Processing /home/airflow/.local/lib/python3.7/site-packages/airflow/example_dags/example_kubernetes_executor.py took 0.310 seconds
[2023-07-09T19:27:45.491+0000] {processor.py:157} INFO - Started process (PID=3343) to work on /home/airflow/.local/lib/python3.7/site-packages/airflow/example_dags/example_kubernetes_executor.py
[2023-07-09T19:27:45.492+0000] {processor.py:826} INFO - Processing file /home/airflow/.local/lib/python3.7/site-packages/airflow/example_dags/example_kubernetes_executor.py for tasks to queue
[2023-07-09T19:27:45.493+0000] {logging_mixin.py:149} INFO - [2023-07-09T19:27:45.493+0000] {dagbag.py:541} INFO - Filling up the DagBag from /home/airflow/.local/lib/python3.7/site-packages/airflow/example_dags/example_kubernetes_executor.py
[2023-07-09T19:27:45.701+0000] {processor.py:836} INFO - DAG(s) dict_keys(['example_kubernetes_executor']) retrieved from /home/airflow/.local/lib/python3.7/site-packages/airflow/example_dags/example_kubernetes_executor.py
[2023-07-09T19:27:45.738+0000] {logging_mixin.py:149} INFO - [2023-07-09T19:27:45.738+0000] {dag.py:2726} INFO - Sync 1 DAGs
[2023-07-09T19:27:45.763+0000] {logging_mixin.py:149} INFO - [2023-07-09T19:27:45.763+0000] {dag.py:3490} INFO - Setting next_dagrun for example_kubernetes_executor to None, run_after=None
[2023-07-09T19:27:45.783+0000] {processor.py:179} INFO - Processing /home/airflow/.local/lib/python3.7/site-packages/airflow/example_dags/example_kubernetes_executor.py took 0.295 seconds
[2023-07-09T19:28:16.002+0000] {processor.py:157} INFO - Started process (PID=3405) to work on /home/airflow/.local/lib/python3.7/site-packages/airflow/example_dags/example_kubernetes_executor.py
[2023-07-09T19:28:16.003+0000] {processor.py:826} INFO - Processing file /home/airflow/.local/lib/python3.7/site-packages/airflow/example_dags/example_kubernetes_executor.py for tasks to queue
[2023-07-09T19:28:16.004+0000] {logging_mixin.py:149} INFO - [2023-07-09T19:28:16.004+0000] {dagbag.py:541} INFO - Filling up the DagBag from /home/airflow/.local/lib/python3.7/site-packages/airflow/example_dags/example_kubernetes_executor.py
[2023-07-09T19:28:16.193+0000] {processor.py:836} INFO - DAG(s) dict_keys(['example_kubernetes_executor']) retrieved from /home/airflow/.local/lib/python3.7/site-packages/airflow/example_dags/example_kubernetes_executor.py
[2023-07-09T19:28:16.235+0000] {logging_mixin.py:149} INFO - [2023-07-09T19:28:16.234+0000] {dag.py:2726} INFO - Sync 1 DAGs
[2023-07-09T19:28:16.259+0000] {logging_mixin.py:149} INFO - [2023-07-09T19:28:16.259+0000] {dag.py:3490} INFO - Setting next_dagrun for example_kubernetes_executor to None, run_after=None
[2023-07-09T19:28:16.283+0000] {processor.py:179} INFO - Processing /home/airflow/.local/lib/python3.7/site-packages/airflow/example_dags/example_kubernetes_executor.py took 0.284 seconds
[2023-07-09T19:28:46.569+0000] {processor.py:157} INFO - Started process (PID=3467) to work on /home/airflow/.local/lib/python3.7/site-packages/airflow/example_dags/example_kubernetes_executor.py
[2023-07-09T19:28:46.571+0000] {processor.py:826} INFO - Processing file /home/airflow/.local/lib/python3.7/site-packages/airflow/example_dags/example_kubernetes_executor.py for tasks to queue
[2023-07-09T19:28:46.573+0000] {logging_mixin.py:149} INFO - [2023-07-09T19:28:46.572+0000] {dagbag.py:541} INFO - Filling up the DagBag from /home/airflow/.local/lib/python3.7/site-packages/airflow/example_dags/example_kubernetes_executor.py
[2023-07-09T19:28:46.783+0000] {processor.py:836} INFO - DAG(s) dict_keys(['example_kubernetes_executor']) retrieved from /home/airflow/.local/lib/python3.7/site-packages/airflow/example_dags/example_kubernetes_executor.py
[2023-07-09T19:28:46.842+0000] {logging_mixin.py:149} INFO - [2023-07-09T19:28:46.842+0000] {dag.py:2726} INFO - Sync 1 DAGs
[2023-07-09T19:28:46.897+0000] {logging_mixin.py:149} INFO - [2023-07-09T19:28:46.896+0000] {dag.py:3490} INFO - Setting next_dagrun for example_kubernetes_executor to None, run_after=None
[2023-07-09T19:28:46.923+0000] {processor.py:179} INFO - Processing /home/airflow/.local/lib/python3.7/site-packages/airflow/example_dags/example_kubernetes_executor.py took 0.359 seconds
[2023-07-09T19:29:17.177+0000] {processor.py:157} INFO - Started process (PID=3529) to work on /home/airflow/.local/lib/python3.7/site-packages/airflow/example_dags/example_kubernetes_executor.py
[2023-07-09T19:29:17.178+0000] {processor.py:826} INFO - Processing file /home/airflow/.local/lib/python3.7/site-packages/airflow/example_dags/example_kubernetes_executor.py for tasks to queue
[2023-07-09T19:29:17.179+0000] {logging_mixin.py:149} INFO - [2023-07-09T19:29:17.179+0000] {dagbag.py:541} INFO - Filling up the DagBag from /home/airflow/.local/lib/python3.7/site-packages/airflow/example_dags/example_kubernetes_executor.py
[2023-07-09T19:29:17.356+0000] {processor.py:836} INFO - DAG(s) dict_keys(['example_kubernetes_executor']) retrieved from /home/airflow/.local/lib/python3.7/site-packages/airflow/example_dags/example_kubernetes_executor.py
[2023-07-09T19:29:17.397+0000] {logging_mixin.py:149} INFO - [2023-07-09T19:29:17.396+0000] {dag.py:2726} INFO - Sync 1 DAGs
[2023-07-09T19:29:17.419+0000] {logging_mixin.py:149} INFO - [2023-07-09T19:29:17.419+0000] {dag.py:3490} INFO - Setting next_dagrun for example_kubernetes_executor to None, run_after=None
[2023-07-09T19:29:17.440+0000] {processor.py:179} INFO - Processing /home/airflow/.local/lib/python3.7/site-packages/airflow/example_dags/example_kubernetes_executor.py took 0.266 seconds
[2023-07-09T19:29:47.755+0000] {processor.py:157} INFO - Started process (PID=3591) to work on /home/airflow/.local/lib/python3.7/site-packages/airflow/example_dags/example_kubernetes_executor.py
[2023-07-09T19:29:47.756+0000] {processor.py:826} INFO - Processing file /home/airflow/.local/lib/python3.7/site-packages/airflow/example_dags/example_kubernetes_executor.py for tasks to queue
[2023-07-09T19:29:47.757+0000] {logging_mixin.py:149} INFO - [2023-07-09T19:29:47.757+0000] {dagbag.py:541} INFO - Filling up the DagBag from /home/airflow/.local/lib/python3.7/site-packages/airflow/example_dags/example_kubernetes_executor.py
[2023-07-09T19:29:47.947+0000] {processor.py:836} INFO - DAG(s) dict_keys(['example_kubernetes_executor']) retrieved from /home/airflow/.local/lib/python3.7/site-packages/airflow/example_dags/example_kubernetes_executor.py
[2023-07-09T19:29:47.985+0000] {logging_mixin.py:149} INFO - [2023-07-09T19:29:47.985+0000] {dag.py:2726} INFO - Sync 1 DAGs
[2023-07-09T19:29:48.010+0000] {logging_mixin.py:149} INFO - [2023-07-09T19:29:48.010+0000] {dag.py:3490} INFO - Setting next_dagrun for example_kubernetes_executor to None, run_after=None
[2023-07-09T19:29:48.030+0000] {processor.py:179} INFO - Processing /home/airflow/.local/lib/python3.7/site-packages/airflow/example_dags/example_kubernetes_executor.py took 0.278 seconds
[2023-07-09T19:30:18.409+0000] {processor.py:157} INFO - Started process (PID=3653) to work on /home/airflow/.local/lib/python3.7/site-packages/airflow/example_dags/example_kubernetes_executor.py
[2023-07-09T19:30:18.410+0000] {processor.py:826} INFO - Processing file /home/airflow/.local/lib/python3.7/site-packages/airflow/example_dags/example_kubernetes_executor.py for tasks to queue
[2023-07-09T19:30:18.411+0000] {logging_mixin.py:149} INFO - [2023-07-09T19:30:18.411+0000] {dagbag.py:541} INFO - Filling up the DagBag from /home/airflow/.local/lib/python3.7/site-packages/airflow/example_dags/example_kubernetes_executor.py
[2023-07-09T19:30:18.590+0000] {processor.py:836} INFO - DAG(s) dict_keys(['example_kubernetes_executor']) retrieved from /home/airflow/.local/lib/python3.7/site-packages/airflow/example_dags/example_kubernetes_executor.py
[2023-07-09T19:30:18.630+0000] {logging_mixin.py:149} INFO - [2023-07-09T19:30:18.630+0000] {dag.py:2726} INFO - Sync 1 DAGs
[2023-07-09T19:30:18.652+0000] {logging_mixin.py:149} INFO - [2023-07-09T19:30:18.652+0000] {dag.py:3490} INFO - Setting next_dagrun for example_kubernetes_executor to None, run_after=None
[2023-07-09T19:30:18.674+0000] {processor.py:179} INFO - Processing /home/airflow/.local/lib/python3.7/site-packages/airflow/example_dags/example_kubernetes_executor.py took 0.268 seconds
[2023-07-09T19:30:48.825+0000] {processor.py:157} INFO - Started process (PID=3715) to work on /home/airflow/.local/lib/python3.7/site-packages/airflow/example_dags/example_kubernetes_executor.py
[2023-07-09T19:30:48.826+0000] {processor.py:826} INFO - Processing file /home/airflow/.local/lib/python3.7/site-packages/airflow/example_dags/example_kubernetes_executor.py for tasks to queue
[2023-07-09T19:30:48.827+0000] {logging_mixin.py:149} INFO - [2023-07-09T19:30:48.827+0000] {dagbag.py:541} INFO - Filling up the DagBag from /home/airflow/.local/lib/python3.7/site-packages/airflow/example_dags/example_kubernetes_executor.py
[2023-07-09T19:30:49.045+0000] {processor.py:836} INFO - DAG(s) dict_keys(['example_kubernetes_executor']) retrieved from /home/airflow/.local/lib/python3.7/site-packages/airflow/example_dags/example_kubernetes_executor.py
[2023-07-09T19:30:49.086+0000] {logging_mixin.py:149} INFO - [2023-07-09T19:30:49.086+0000] {dag.py:2726} INFO - Sync 1 DAGs
[2023-07-09T19:30:49.112+0000] {logging_mixin.py:149} INFO - [2023-07-09T19:30:49.112+0000] {dag.py:3490} INFO - Setting next_dagrun for example_kubernetes_executor to None, run_after=None
[2023-07-09T19:30:49.142+0000] {processor.py:179} INFO - Processing /home/airflow/.local/lib/python3.7/site-packages/airflow/example_dags/example_kubernetes_executor.py took 0.320 seconds
[2023-07-09T19:31:19.171+0000] {processor.py:157} INFO - Started process (PID=3779) to work on /home/airflow/.local/lib/python3.7/site-packages/airflow/example_dags/example_kubernetes_executor.py
[2023-07-09T19:31:19.172+0000] {processor.py:826} INFO - Processing file /home/airflow/.local/lib/python3.7/site-packages/airflow/example_dags/example_kubernetes_executor.py for tasks to queue
[2023-07-09T19:31:19.173+0000] {logging_mixin.py:149} INFO - [2023-07-09T19:31:19.173+0000] {dagbag.py:541} INFO - Filling up the DagBag from /home/airflow/.local/lib/python3.7/site-packages/airflow/example_dags/example_kubernetes_executor.py
[2023-07-09T19:31:19.381+0000] {processor.py:836} INFO - DAG(s) dict_keys(['example_kubernetes_executor']) retrieved from /home/airflow/.local/lib/python3.7/site-packages/airflow/example_dags/example_kubernetes_executor.py
[2023-07-09T19:31:19.419+0000] {logging_mixin.py:149} INFO - [2023-07-09T19:31:19.419+0000] {dag.py:2726} INFO - Sync 1 DAGs
[2023-07-09T19:31:19.446+0000] {logging_mixin.py:149} INFO - [2023-07-09T19:31:19.446+0000] {dag.py:3490} INFO - Setting next_dagrun for example_kubernetes_executor to None, run_after=None
[2023-07-09T19:31:19.471+0000] {processor.py:179} INFO - Processing /home/airflow/.local/lib/python3.7/site-packages/airflow/example_dags/example_kubernetes_executor.py took 0.303 seconds
[2023-07-09T19:31:49.565+0000] {processor.py:157} INFO - Started process (PID=3839) to work on /home/airflow/.local/lib/python3.7/site-packages/airflow/example_dags/example_kubernetes_executor.py
[2023-07-09T19:31:49.566+0000] {processor.py:826} INFO - Processing file /home/airflow/.local/lib/python3.7/site-packages/airflow/example_dags/example_kubernetes_executor.py for tasks to queue
[2023-07-09T19:31:49.566+0000] {logging_mixin.py:149} INFO - [2023-07-09T19:31:49.566+0000] {dagbag.py:541} INFO - Filling up the DagBag from /home/airflow/.local/lib/python3.7/site-packages/airflow/example_dags/example_kubernetes_executor.py
[2023-07-09T19:31:49.763+0000] {processor.py:836} INFO - DAG(s) dict_keys(['example_kubernetes_executor']) retrieved from /home/airflow/.local/lib/python3.7/site-packages/airflow/example_dags/example_kubernetes_executor.py
[2023-07-09T19:31:49.803+0000] {logging_mixin.py:149} INFO - [2023-07-09T19:31:49.803+0000] {dag.py:2726} INFO - Sync 1 DAGs
[2023-07-09T19:31:49.829+0000] {logging_mixin.py:149} INFO - [2023-07-09T19:31:49.829+0000] {dag.py:3490} INFO - Setting next_dagrun for example_kubernetes_executor to None, run_after=None
[2023-07-09T19:31:49.852+0000] {processor.py:179} INFO - Processing /home/airflow/.local/lib/python3.7/site-packages/airflow/example_dags/example_kubernetes_executor.py took 0.290 seconds
[2023-07-09T19:32:19.903+0000] {processor.py:157} INFO - Started process (PID=3902) to work on /home/airflow/.local/lib/python3.7/site-packages/airflow/example_dags/example_kubernetes_executor.py
[2023-07-09T19:32:19.904+0000] {processor.py:826} INFO - Processing file /home/airflow/.local/lib/python3.7/site-packages/airflow/example_dags/example_kubernetes_executor.py for tasks to queue
[2023-07-09T19:32:19.905+0000] {logging_mixin.py:149} INFO - [2023-07-09T19:32:19.905+0000] {dagbag.py:541} INFO - Filling up the DagBag from /home/airflow/.local/lib/python3.7/site-packages/airflow/example_dags/example_kubernetes_executor.py
[2023-07-09T19:32:20.084+0000] {processor.py:836} INFO - DAG(s) dict_keys(['example_kubernetes_executor']) retrieved from /home/airflow/.local/lib/python3.7/site-packages/airflow/example_dags/example_kubernetes_executor.py
[2023-07-09T19:32:20.122+0000] {logging_mixin.py:149} INFO - [2023-07-09T19:32:20.122+0000] {dag.py:2726} INFO - Sync 1 DAGs
[2023-07-09T19:32:20.145+0000] {logging_mixin.py:149} INFO - [2023-07-09T19:32:20.145+0000] {dag.py:3490} INFO - Setting next_dagrun for example_kubernetes_executor to None, run_after=None
[2023-07-09T19:32:20.166+0000] {processor.py:179} INFO - Processing /home/airflow/.local/lib/python3.7/site-packages/airflow/example_dags/example_kubernetes_executor.py took 0.266 seconds
[2023-07-09T19:32:50.400+0000] {processor.py:157} INFO - Started process (PID=3963) to work on /home/airflow/.local/lib/python3.7/site-packages/airflow/example_dags/example_kubernetes_executor.py
[2023-07-09T19:32:50.401+0000] {processor.py:826} INFO - Processing file /home/airflow/.local/lib/python3.7/site-packages/airflow/example_dags/example_kubernetes_executor.py for tasks to queue
[2023-07-09T19:32:50.402+0000] {logging_mixin.py:149} INFO - [2023-07-09T19:32:50.402+0000] {dagbag.py:541} INFO - Filling up the DagBag from /home/airflow/.local/lib/python3.7/site-packages/airflow/example_dags/example_kubernetes_executor.py
[2023-07-09T19:32:50.578+0000] {processor.py:836} INFO - DAG(s) dict_keys(['example_kubernetes_executor']) retrieved from /home/airflow/.local/lib/python3.7/site-packages/airflow/example_dags/example_kubernetes_executor.py
[2023-07-09T19:32:50.616+0000] {logging_mixin.py:149} INFO - [2023-07-09T19:32:50.616+0000] {dag.py:2726} INFO - Sync 1 DAGs
[2023-07-09T19:32:50.638+0000] {logging_mixin.py:149} INFO - [2023-07-09T19:32:50.638+0000] {dag.py:3490} INFO - Setting next_dagrun for example_kubernetes_executor to None, run_after=None
[2023-07-09T19:32:50.659+0000] {processor.py:179} INFO - Processing /home/airflow/.local/lib/python3.7/site-packages/airflow/example_dags/example_kubernetes_executor.py took 0.262 seconds
[2023-07-09T19:33:20.763+0000] {processor.py:157} INFO - Started process (PID=4027) to work on /home/airflow/.local/lib/python3.7/site-packages/airflow/example_dags/example_kubernetes_executor.py
[2023-07-09T19:33:20.764+0000] {processor.py:826} INFO - Processing file /home/airflow/.local/lib/python3.7/site-packages/airflow/example_dags/example_kubernetes_executor.py for tasks to queue
[2023-07-09T19:33:20.765+0000] {logging_mixin.py:149} INFO - [2023-07-09T19:33:20.765+0000] {dagbag.py:541} INFO - Filling up the DagBag from /home/airflow/.local/lib/python3.7/site-packages/airflow/example_dags/example_kubernetes_executor.py
[2023-07-09T19:33:20.945+0000] {processor.py:836} INFO - DAG(s) dict_keys(['example_kubernetes_executor']) retrieved from /home/airflow/.local/lib/python3.7/site-packages/airflow/example_dags/example_kubernetes_executor.py
[2023-07-09T19:33:20.984+0000] {logging_mixin.py:149} INFO - [2023-07-09T19:33:20.983+0000] {dag.py:2726} INFO - Sync 1 DAGs
[2023-07-09T19:33:21.006+0000] {logging_mixin.py:149} INFO - [2023-07-09T19:33:21.006+0000] {dag.py:3490} INFO - Setting next_dagrun for example_kubernetes_executor to None, run_after=None
[2023-07-09T19:33:21.026+0000] {processor.py:179} INFO - Processing /home/airflow/.local/lib/python3.7/site-packages/airflow/example_dags/example_kubernetes_executor.py took 0.266 seconds
[2023-07-09T19:33:51.120+0000] {processor.py:157} INFO - Started process (PID=4090) to work on /home/airflow/.local/lib/python3.7/site-packages/airflow/example_dags/example_kubernetes_executor.py
[2023-07-09T19:33:51.121+0000] {processor.py:826} INFO - Processing file /home/airflow/.local/lib/python3.7/site-packages/airflow/example_dags/example_kubernetes_executor.py for tasks to queue
[2023-07-09T19:33:51.122+0000] {logging_mixin.py:149} INFO - [2023-07-09T19:33:51.122+0000] {dagbag.py:541} INFO - Filling up the DagBag from /home/airflow/.local/lib/python3.7/site-packages/airflow/example_dags/example_kubernetes_executor.py
[2023-07-09T19:33:51.308+0000] {processor.py:836} INFO - DAG(s) dict_keys(['example_kubernetes_executor']) retrieved from /home/airflow/.local/lib/python3.7/site-packages/airflow/example_dags/example_kubernetes_executor.py
[2023-07-09T19:33:51.344+0000] {logging_mixin.py:149} INFO - [2023-07-09T19:33:51.344+0000] {dag.py:2726} INFO - Sync 1 DAGs
[2023-07-09T19:33:51.367+0000] {logging_mixin.py:149} INFO - [2023-07-09T19:33:51.367+0000] {dag.py:3490} INFO - Setting next_dagrun for example_kubernetes_executor to None, run_after=None
[2023-07-09T19:33:51.388+0000] {processor.py:179} INFO - Processing /home/airflow/.local/lib/python3.7/site-packages/airflow/example_dags/example_kubernetes_executor.py took 0.271 seconds
[2023-07-09T19:34:21.557+0000] {processor.py:157} INFO - Started process (PID=4140) to work on /home/airflow/.local/lib/python3.7/site-packages/airflow/example_dags/example_kubernetes_executor.py
[2023-07-09T19:34:21.558+0000] {processor.py:826} INFO - Processing file /home/airflow/.local/lib/python3.7/site-packages/airflow/example_dags/example_kubernetes_executor.py for tasks to queue
[2023-07-09T19:34:21.559+0000] {logging_mixin.py:149} INFO - [2023-07-09T19:34:21.559+0000] {dagbag.py:541} INFO - Filling up the DagBag from /home/airflow/.local/lib/python3.7/site-packages/airflow/example_dags/example_kubernetes_executor.py
[2023-07-09T19:34:21.753+0000] {processor.py:836} INFO - DAG(s) dict_keys(['example_kubernetes_executor']) retrieved from /home/airflow/.local/lib/python3.7/site-packages/airflow/example_dags/example_kubernetes_executor.py
[2023-07-09T19:34:21.796+0000] {logging_mixin.py:149} INFO - [2023-07-09T19:34:21.796+0000] {dag.py:2726} INFO - Sync 1 DAGs
[2023-07-09T19:34:21.821+0000] {logging_mixin.py:149} INFO - [2023-07-09T19:34:21.820+0000] {dag.py:3490} INFO - Setting next_dagrun for example_kubernetes_executor to None, run_after=None
[2023-07-09T19:34:21.843+0000] {processor.py:179} INFO - Processing /home/airflow/.local/lib/python3.7/site-packages/airflow/example_dags/example_kubernetes_executor.py took 0.289 seconds
[2023-07-09T19:34:52.231+0000] {processor.py:157} INFO - Started process (PID=4202) to work on /home/airflow/.local/lib/python3.7/site-packages/airflow/example_dags/example_kubernetes_executor.py
[2023-07-09T19:34:52.232+0000] {processor.py:826} INFO - Processing file /home/airflow/.local/lib/python3.7/site-packages/airflow/example_dags/example_kubernetes_executor.py for tasks to queue
[2023-07-09T19:34:52.233+0000] {logging_mixin.py:149} INFO - [2023-07-09T19:34:52.233+0000] {dagbag.py:541} INFO - Filling up the DagBag from /home/airflow/.local/lib/python3.7/site-packages/airflow/example_dags/example_kubernetes_executor.py
[2023-07-09T19:34:52.414+0000] {processor.py:836} INFO - DAG(s) dict_keys(['example_kubernetes_executor']) retrieved from /home/airflow/.local/lib/python3.7/site-packages/airflow/example_dags/example_kubernetes_executor.py
[2023-07-09T19:34:52.453+0000] {logging_mixin.py:149} INFO - [2023-07-09T19:34:52.453+0000] {dag.py:2726} INFO - Sync 1 DAGs
[2023-07-09T19:34:52.475+0000] {logging_mixin.py:149} INFO - [2023-07-09T19:34:52.475+0000] {dag.py:3490} INFO - Setting next_dagrun for example_kubernetes_executor to None, run_after=None
[2023-07-09T19:34:52.496+0000] {processor.py:179} INFO - Processing /home/airflow/.local/lib/python3.7/site-packages/airflow/example_dags/example_kubernetes_executor.py took 0.268 seconds
[2023-07-09T19:35:22.592+0000] {processor.py:157} INFO - Started process (PID=4266) to work on /home/airflow/.local/lib/python3.7/site-packages/airflow/example_dags/example_kubernetes_executor.py
[2023-07-09T19:35:22.593+0000] {processor.py:826} INFO - Processing file /home/airflow/.local/lib/python3.7/site-packages/airflow/example_dags/example_kubernetes_executor.py for tasks to queue
[2023-07-09T19:35:22.594+0000] {logging_mixin.py:149} INFO - [2023-07-09T19:35:22.594+0000] {dagbag.py:541} INFO - Filling up the DagBag from /home/airflow/.local/lib/python3.7/site-packages/airflow/example_dags/example_kubernetes_executor.py
[2023-07-09T19:35:22.754+0000] {processor.py:836} INFO - DAG(s) dict_keys(['example_kubernetes_executor']) retrieved from /home/airflow/.local/lib/python3.7/site-packages/airflow/example_dags/example_kubernetes_executor.py
[2023-07-09T19:35:22.788+0000] {logging_mixin.py:149} INFO - [2023-07-09T19:35:22.788+0000] {dag.py:2726} INFO - Sync 1 DAGs
[2023-07-09T19:35:22.808+0000] {logging_mixin.py:149} INFO - [2023-07-09T19:35:22.808+0000] {dag.py:3490} INFO - Setting next_dagrun for example_kubernetes_executor to None, run_after=None
[2023-07-09T19:35:22.834+0000] {processor.py:179} INFO - Processing /home/airflow/.local/lib/python3.7/site-packages/airflow/example_dags/example_kubernetes_executor.py took 0.245 seconds
[2023-07-09T19:35:52.871+0000] {processor.py:157} INFO - Started process (PID=4326) to work on /home/airflow/.local/lib/python3.7/site-packages/airflow/example_dags/example_kubernetes_executor.py
[2023-07-09T19:35:52.872+0000] {processor.py:826} INFO - Processing file /home/airflow/.local/lib/python3.7/site-packages/airflow/example_dags/example_kubernetes_executor.py for tasks to queue
[2023-07-09T19:35:52.873+0000] {logging_mixin.py:149} INFO - [2023-07-09T19:35:52.873+0000] {dagbag.py:541} INFO - Filling up the DagBag from /home/airflow/.local/lib/python3.7/site-packages/airflow/example_dags/example_kubernetes_executor.py
[2023-07-09T19:35:53.051+0000] {processor.py:836} INFO - DAG(s) dict_keys(['example_kubernetes_executor']) retrieved from /home/airflow/.local/lib/python3.7/site-packages/airflow/example_dags/example_kubernetes_executor.py
[2023-07-09T19:35:53.089+0000] {logging_mixin.py:149} INFO - [2023-07-09T19:35:53.089+0000] {dag.py:2726} INFO - Sync 1 DAGs
[2023-07-09T19:35:53.113+0000] {logging_mixin.py:149} INFO - [2023-07-09T19:35:53.113+0000] {dag.py:3490} INFO - Setting next_dagrun for example_kubernetes_executor to None, run_after=None
[2023-07-09T19:35:53.134+0000] {processor.py:179} INFO - Processing /home/airflow/.local/lib/python3.7/site-packages/airflow/example_dags/example_kubernetes_executor.py took 0.265 seconds
[2023-07-09T19:36:23.174+0000] {processor.py:157} INFO - Started process (PID=4389) to work on /home/airflow/.local/lib/python3.7/site-packages/airflow/example_dags/example_kubernetes_executor.py
[2023-07-09T19:36:23.175+0000] {processor.py:826} INFO - Processing file /home/airflow/.local/lib/python3.7/site-packages/airflow/example_dags/example_kubernetes_executor.py for tasks to queue
[2023-07-09T19:36:23.176+0000] {logging_mixin.py:149} INFO - [2023-07-09T19:36:23.175+0000] {dagbag.py:541} INFO - Filling up the DagBag from /home/airflow/.local/lib/python3.7/site-packages/airflow/example_dags/example_kubernetes_executor.py
[2023-07-09T19:36:23.371+0000] {processor.py:836} INFO - DAG(s) dict_keys(['example_kubernetes_executor']) retrieved from /home/airflow/.local/lib/python3.7/site-packages/airflow/example_dags/example_kubernetes_executor.py
[2023-07-09T19:36:23.433+0000] {logging_mixin.py:149} INFO - [2023-07-09T19:36:23.433+0000] {dag.py:2726} INFO - Sync 1 DAGs
[2023-07-09T19:36:23.460+0000] {logging_mixin.py:149} INFO - [2023-07-09T19:36:23.460+0000] {dag.py:3490} INFO - Setting next_dagrun for example_kubernetes_executor to None, run_after=None
[2023-07-09T19:36:23.601+0000] {processor.py:179} INFO - Processing /home/airflow/.local/lib/python3.7/site-packages/airflow/example_dags/example_kubernetes_executor.py took 0.430 seconds
[2023-07-09T19:36:53.717+0000] {processor.py:157} INFO - Started process (PID=4454) to work on /home/airflow/.local/lib/python3.7/site-packages/airflow/example_dags/example_kubernetes_executor.py
[2023-07-09T19:36:53.718+0000] {processor.py:826} INFO - Processing file /home/airflow/.local/lib/python3.7/site-packages/airflow/example_dags/example_kubernetes_executor.py for tasks to queue
[2023-07-09T19:36:53.719+0000] {logging_mixin.py:149} INFO - [2023-07-09T19:36:53.718+0000] {dagbag.py:541} INFO - Filling up the DagBag from /home/airflow/.local/lib/python3.7/site-packages/airflow/example_dags/example_kubernetes_executor.py
[2023-07-09T19:36:53.922+0000] {processor.py:836} INFO - DAG(s) dict_keys(['example_kubernetes_executor']) retrieved from /home/airflow/.local/lib/python3.7/site-packages/airflow/example_dags/example_kubernetes_executor.py
[2023-07-09T19:36:53.959+0000] {logging_mixin.py:149} INFO - [2023-07-09T19:36:53.959+0000] {dag.py:2726} INFO - Sync 1 DAGs
[2023-07-09T19:36:53.984+0000] {logging_mixin.py:149} INFO - [2023-07-09T19:36:53.984+0000] {dag.py:3490} INFO - Setting next_dagrun for example_kubernetes_executor to None, run_after=None
[2023-07-09T19:36:54.007+0000] {processor.py:179} INFO - Processing /home/airflow/.local/lib/python3.7/site-packages/airflow/example_dags/example_kubernetes_executor.py took 0.293 seconds
[2023-07-09T19:37:24.089+0000] {processor.py:157} INFO - Started process (PID=4518) to work on /home/airflow/.local/lib/python3.7/site-packages/airflow/example_dags/example_kubernetes_executor.py
[2023-07-09T19:37:24.090+0000] {processor.py:826} INFO - Processing file /home/airflow/.local/lib/python3.7/site-packages/airflow/example_dags/example_kubernetes_executor.py for tasks to queue
[2023-07-09T19:37:24.090+0000] {logging_mixin.py:149} INFO - [2023-07-09T19:37:24.090+0000] {dagbag.py:541} INFO - Filling up the DagBag from /home/airflow/.local/lib/python3.7/site-packages/airflow/example_dags/example_kubernetes_executor.py
[2023-07-09T19:37:24.267+0000] {processor.py:836} INFO - DAG(s) dict_keys(['example_kubernetes_executor']) retrieved from /home/airflow/.local/lib/python3.7/site-packages/airflow/example_dags/example_kubernetes_executor.py
[2023-07-09T19:37:24.303+0000] {logging_mixin.py:149} INFO - [2023-07-09T19:37:24.303+0000] {dag.py:2726} INFO - Sync 1 DAGs
[2023-07-09T19:37:24.324+0000] {logging_mixin.py:149} INFO - [2023-07-09T19:37:24.324+0000] {dag.py:3490} INFO - Setting next_dagrun for example_kubernetes_executor to None, run_after=None
[2023-07-09T19:37:24.345+0000] {processor.py:179} INFO - Processing /home/airflow/.local/lib/python3.7/site-packages/airflow/example_dags/example_kubernetes_executor.py took 0.259 seconds
[2023-07-09T19:37:54.409+0000] {processor.py:157} INFO - Started process (PID=4580) to work on /home/airflow/.local/lib/python3.7/site-packages/airflow/example_dags/example_kubernetes_executor.py
[2023-07-09T19:37:54.410+0000] {processor.py:826} INFO - Processing file /home/airflow/.local/lib/python3.7/site-packages/airflow/example_dags/example_kubernetes_executor.py for tasks to queue
[2023-07-09T19:37:54.411+0000] {logging_mixin.py:149} INFO - [2023-07-09T19:37:54.411+0000] {dagbag.py:541} INFO - Filling up the DagBag from /home/airflow/.local/lib/python3.7/site-packages/airflow/example_dags/example_kubernetes_executor.py
[2023-07-09T19:37:54.595+0000] {processor.py:836} INFO - DAG(s) dict_keys(['example_kubernetes_executor']) retrieved from /home/airflow/.local/lib/python3.7/site-packages/airflow/example_dags/example_kubernetes_executor.py
[2023-07-09T19:37:54.633+0000] {logging_mixin.py:149} INFO - [2023-07-09T19:37:54.633+0000] {dag.py:2726} INFO - Sync 1 DAGs
[2023-07-09T19:37:54.771+0000] {logging_mixin.py:149} INFO - [2023-07-09T19:37:54.771+0000] {dag.py:3490} INFO - Setting next_dagrun for example_kubernetes_executor to None, run_after=None
[2023-07-09T19:37:54.791+0000] {processor.py:179} INFO - Processing /home/airflow/.local/lib/python3.7/site-packages/airflow/example_dags/example_kubernetes_executor.py took 0.385 seconds
[2023-07-09T19:38:25.703+0000] {processor.py:157} INFO - Started process (PID=4642) to work on /home/airflow/.local/lib/python3.7/site-packages/airflow/example_dags/example_kubernetes_executor.py
[2023-07-09T19:38:25.704+0000] {processor.py:826} INFO - Processing file /home/airflow/.local/lib/python3.7/site-packages/airflow/example_dags/example_kubernetes_executor.py for tasks to queue
[2023-07-09T19:38:25.705+0000] {logging_mixin.py:149} INFO - [2023-07-09T19:38:25.705+0000] {dagbag.py:541} INFO - Filling up the DagBag from /home/airflow/.local/lib/python3.7/site-packages/airflow/example_dags/example_kubernetes_executor.py
[2023-07-09T19:38:25.888+0000] {processor.py:836} INFO - DAG(s) dict_keys(['example_kubernetes_executor']) retrieved from /home/airflow/.local/lib/python3.7/site-packages/airflow/example_dags/example_kubernetes_executor.py
[2023-07-09T19:38:25.927+0000] {logging_mixin.py:149} INFO - [2023-07-09T19:38:25.927+0000] {dag.py:2726} INFO - Sync 1 DAGs
[2023-07-09T19:38:25.952+0000] {logging_mixin.py:149} INFO - [2023-07-09T19:38:25.951+0000] {dag.py:3490} INFO - Setting next_dagrun for example_kubernetes_executor to None, run_after=None
[2023-07-09T19:38:25.975+0000] {processor.py:179} INFO - Processing /home/airflow/.local/lib/python3.7/site-packages/airflow/example_dags/example_kubernetes_executor.py took 0.275 seconds
[2023-07-09T19:38:56.017+0000] {processor.py:157} INFO - Started process (PID=4705) to work on /home/airflow/.local/lib/python3.7/site-packages/airflow/example_dags/example_kubernetes_executor.py
[2023-07-09T19:38:56.018+0000] {processor.py:826} INFO - Processing file /home/airflow/.local/lib/python3.7/site-packages/airflow/example_dags/example_kubernetes_executor.py for tasks to queue
[2023-07-09T19:38:56.019+0000] {logging_mixin.py:149} INFO - [2023-07-09T19:38:56.019+0000] {dagbag.py:541} INFO - Filling up the DagBag from /home/airflow/.local/lib/python3.7/site-packages/airflow/example_dags/example_kubernetes_executor.py
[2023-07-09T19:38:56.248+0000] {processor.py:836} INFO - DAG(s) dict_keys(['example_kubernetes_executor']) retrieved from /home/airflow/.local/lib/python3.7/site-packages/airflow/example_dags/example_kubernetes_executor.py
[2023-07-09T19:38:56.288+0000] {logging_mixin.py:149} INFO - [2023-07-09T19:38:56.287+0000] {dag.py:2726} INFO - Sync 1 DAGs
[2023-07-09T19:38:56.313+0000] {logging_mixin.py:149} INFO - [2023-07-09T19:38:56.313+0000] {dag.py:3490} INFO - Setting next_dagrun for example_kubernetes_executor to None, run_after=None
[2023-07-09T19:38:56.337+0000] {processor.py:179} INFO - Processing /home/airflow/.local/lib/python3.7/site-packages/airflow/example_dags/example_kubernetes_executor.py took 0.323 seconds
[2023-07-09T19:39:26.384+0000] {processor.py:157} INFO - Started process (PID=4766) to work on /home/airflow/.local/lib/python3.7/site-packages/airflow/example_dags/example_kubernetes_executor.py
[2023-07-09T19:39:26.385+0000] {processor.py:826} INFO - Processing file /home/airflow/.local/lib/python3.7/site-packages/airflow/example_dags/example_kubernetes_executor.py for tasks to queue
[2023-07-09T19:39:26.386+0000] {logging_mixin.py:149} INFO - [2023-07-09T19:39:26.386+0000] {dagbag.py:541} INFO - Filling up the DagBag from /home/airflow/.local/lib/python3.7/site-packages/airflow/example_dags/example_kubernetes_executor.py
[2023-07-09T19:39:26.565+0000] {processor.py:836} INFO - DAG(s) dict_keys(['example_kubernetes_executor']) retrieved from /home/airflow/.local/lib/python3.7/site-packages/airflow/example_dags/example_kubernetes_executor.py
[2023-07-09T19:39:26.725+0000] {logging_mixin.py:149} INFO - [2023-07-09T19:39:26.725+0000] {dag.py:2726} INFO - Sync 1 DAGs
[2023-07-09T19:39:26.749+0000] {logging_mixin.py:149} INFO - [2023-07-09T19:39:26.749+0000] {dag.py:3490} INFO - Setting next_dagrun for example_kubernetes_executor to None, run_after=None
[2023-07-09T19:39:26.770+0000] {processor.py:179} INFO - Processing /home/airflow/.local/lib/python3.7/site-packages/airflow/example_dags/example_kubernetes_executor.py took 0.389 seconds
[2023-07-09T19:39:56.888+0000] {processor.py:157} INFO - Started process (PID=4828) to work on /home/airflow/.local/lib/python3.7/site-packages/airflow/example_dags/example_kubernetes_executor.py
[2023-07-09T19:39:56.889+0000] {processor.py:826} INFO - Processing file /home/airflow/.local/lib/python3.7/site-packages/airflow/example_dags/example_kubernetes_executor.py for tasks to queue
[2023-07-09T19:39:56.890+0000] {logging_mixin.py:149} INFO - [2023-07-09T19:39:56.890+0000] {dagbag.py:541} INFO - Filling up the DagBag from /home/airflow/.local/lib/python3.7/site-packages/airflow/example_dags/example_kubernetes_executor.py
[2023-07-09T19:39:57.088+0000] {processor.py:836} INFO - DAG(s) dict_keys(['example_kubernetes_executor']) retrieved from /home/airflow/.local/lib/python3.7/site-packages/airflow/example_dags/example_kubernetes_executor.py
[2023-07-09T19:39:57.128+0000] {logging_mixin.py:149} INFO - [2023-07-09T19:39:57.128+0000] {dag.py:2726} INFO - Sync 1 DAGs
[2023-07-09T19:39:57.256+0000] {logging_mixin.py:149} INFO - [2023-07-09T19:39:57.255+0000] {dag.py:3490} INFO - Setting next_dagrun for example_kubernetes_executor to None, run_after=None
[2023-07-09T19:39:57.278+0000] {processor.py:179} INFO - Processing /home/airflow/.local/lib/python3.7/site-packages/airflow/example_dags/example_kubernetes_executor.py took 0.392 seconds
[2023-07-09T19:40:27.395+0000] {processor.py:157} INFO - Started process (PID=4893) to work on /home/airflow/.local/lib/python3.7/site-packages/airflow/example_dags/example_kubernetes_executor.py
[2023-07-09T19:40:27.396+0000] {processor.py:826} INFO - Processing file /home/airflow/.local/lib/python3.7/site-packages/airflow/example_dags/example_kubernetes_executor.py for tasks to queue
[2023-07-09T19:40:27.396+0000] {logging_mixin.py:149} INFO - [2023-07-09T19:40:27.396+0000] {dagbag.py:541} INFO - Filling up the DagBag from /home/airflow/.local/lib/python3.7/site-packages/airflow/example_dags/example_kubernetes_executor.py
[2023-07-09T19:40:27.569+0000] {processor.py:836} INFO - DAG(s) dict_keys(['example_kubernetes_executor']) retrieved from /home/airflow/.local/lib/python3.7/site-packages/airflow/example_dags/example_kubernetes_executor.py
[2023-07-09T19:40:27.602+0000] {logging_mixin.py:149} INFO - [2023-07-09T19:40:27.601+0000] {dag.py:2726} INFO - Sync 1 DAGs
[2023-07-09T19:40:27.622+0000] {logging_mixin.py:149} INFO - [2023-07-09T19:40:27.622+0000] {dag.py:3490} INFO - Setting next_dagrun for example_kubernetes_executor to None, run_after=None
[2023-07-09T19:40:27.731+0000] {processor.py:179} INFO - Processing /home/airflow/.local/lib/python3.7/site-packages/airflow/example_dags/example_kubernetes_executor.py took 0.339 seconds
[2023-07-09T19:40:58.640+0000] {processor.py:157} INFO - Started process (PID=4957) to work on /home/airflow/.local/lib/python3.7/site-packages/airflow/example_dags/example_kubernetes_executor.py
[2023-07-09T19:40:58.641+0000] {processor.py:826} INFO - Processing file /home/airflow/.local/lib/python3.7/site-packages/airflow/example_dags/example_kubernetes_executor.py for tasks to queue
[2023-07-09T19:40:58.642+0000] {logging_mixin.py:149} INFO - [2023-07-09T19:40:58.642+0000] {dagbag.py:541} INFO - Filling up the DagBag from /home/airflow/.local/lib/python3.7/site-packages/airflow/example_dags/example_kubernetes_executor.py
[2023-07-09T19:40:58.811+0000] {processor.py:836} INFO - DAG(s) dict_keys(['example_kubernetes_executor']) retrieved from /home/airflow/.local/lib/python3.7/site-packages/airflow/example_dags/example_kubernetes_executor.py
[2023-07-09T19:40:58.844+0000] {logging_mixin.py:149} INFO - [2023-07-09T19:40:58.844+0000] {dag.py:2726} INFO - Sync 1 DAGs
[2023-07-09T19:40:58.864+0000] {logging_mixin.py:149} INFO - [2023-07-09T19:40:58.864+0000] {dag.py:3490} INFO - Setting next_dagrun for example_kubernetes_executor to None, run_after=None
[2023-07-09T19:40:58.885+0000] {processor.py:179} INFO - Processing /home/airflow/.local/lib/python3.7/site-packages/airflow/example_dags/example_kubernetes_executor.py took 0.248 seconds
[2023-07-09T23:59:27.953+0000] {processor.py:157} INFO - Started process (PID=5006) to work on /home/airflow/.local/lib/python3.7/site-packages/airflow/example_dags/example_kubernetes_executor.py
[2023-07-09T23:59:27.955+0000] {processor.py:826} INFO - Processing file /home/airflow/.local/lib/python3.7/site-packages/airflow/example_dags/example_kubernetes_executor.py for tasks to queue
[2023-07-09T23:59:27.956+0000] {logging_mixin.py:149} INFO - [2023-07-09T23:59:27.956+0000] {dagbag.py:541} INFO - Filling up the DagBag from /home/airflow/.local/lib/python3.7/site-packages/airflow/example_dags/example_kubernetes_executor.py
[2023-07-09T23:59:28.563+0000] {processor.py:836} INFO - DAG(s) dict_keys(['example_kubernetes_executor']) retrieved from /home/airflow/.local/lib/python3.7/site-packages/airflow/example_dags/example_kubernetes_executor.py
[2023-07-09T23:59:28.605+0000] {logging_mixin.py:149} INFO - [2023-07-09T23:59:28.605+0000] {dag.py:2726} INFO - Sync 1 DAGs
[2023-07-09T23:59:28.631+0000] {logging_mixin.py:149} INFO - [2023-07-09T23:59:28.631+0000] {dag.py:3490} INFO - Setting next_dagrun for example_kubernetes_executor to None, run_after=None
[2023-07-09T23:59:28.658+0000] {processor.py:179} INFO - Processing /home/airflow/.local/lib/python3.7/site-packages/airflow/example_dags/example_kubernetes_executor.py took 0.710 seconds
