[2023-07-09T19:06:53.272+0000] {processor.py:157} INFO - Started process (PID=805) to work on /home/airflow/.local/lib/python3.7/site-packages/airflow/example_dags/example_bash_operator.py
[2023-07-09T19:06:53.273+0000] {processor.py:826} INFO - Processing file /home/airflow/.local/lib/python3.7/site-packages/airflow/example_dags/example_bash_operator.py for tasks to queue
[2023-07-09T19:06:53.274+0000] {logging_mixin.py:149} INFO - [2023-07-09T19:06:53.274+0000] {dagbag.py:541} INFO - Filling up the DagBag from /home/airflow/.local/lib/python3.7/site-packages/airflow/example_dags/example_bash_operator.py
[2023-07-09T19:06:53.287+0000] {processor.py:836} INFO - DAG(s) dict_keys(['example_bash_operator']) retrieved from /home/airflow/.local/lib/python3.7/site-packages/airflow/example_dags/example_bash_operator.py
[2023-07-09T19:06:53.325+0000] {logging_mixin.py:149} INFO - [2023-07-09T19:06:53.325+0000] {dag.py:2726} INFO - Sync 1 DAGs
[2023-07-09T19:06:53.351+0000] {logging_mixin.py:149} INFO - [2023-07-09T19:06:53.351+0000] {dag.py:3490} INFO - Setting next_dagrun for example_bash_operator to 2023-07-08T00:00:00+00:00, run_after=2023-07-09T00:00:00+00:00
[2023-07-09T19:06:53.374+0000] {processor.py:179} INFO - Processing /home/airflow/.local/lib/python3.7/site-packages/airflow/example_dags/example_bash_operator.py took 0.107 seconds
[2023-07-09T19:07:23.603+0000] {processor.py:157} INFO - Started process (PID=866) to work on /home/airflow/.local/lib/python3.7/site-packages/airflow/example_dags/example_bash_operator.py
[2023-07-09T19:07:23.605+0000] {processor.py:826} INFO - Processing file /home/airflow/.local/lib/python3.7/site-packages/airflow/example_dags/example_bash_operator.py for tasks to queue
[2023-07-09T19:07:23.606+0000] {logging_mixin.py:149} INFO - [2023-07-09T19:07:23.606+0000] {dagbag.py:541} INFO - Filling up the DagBag from /home/airflow/.local/lib/python3.7/site-packages/airflow/example_dags/example_bash_operator.py
[2023-07-09T19:07:23.624+0000] {processor.py:836} INFO - DAG(s) dict_keys(['example_bash_operator']) retrieved from /home/airflow/.local/lib/python3.7/site-packages/airflow/example_dags/example_bash_operator.py
[2023-07-09T19:07:23.674+0000] {logging_mixin.py:149} INFO - [2023-07-09T19:07:23.673+0000] {dag.py:2726} INFO - Sync 1 DAGs
[2023-07-09T19:07:23.703+0000] {logging_mixin.py:149} INFO - [2023-07-09T19:07:23.703+0000] {dag.py:3490} INFO - Setting next_dagrun for example_bash_operator to 2023-07-08T00:00:00+00:00, run_after=2023-07-09T00:00:00+00:00
[2023-07-09T19:07:23.723+0000] {processor.py:179} INFO - Processing /home/airflow/.local/lib/python3.7/site-packages/airflow/example_dags/example_bash_operator.py took 0.124 seconds
[2023-07-09T19:07:54.081+0000] {processor.py:157} INFO - Started process (PID=928) to work on /home/airflow/.local/lib/python3.7/site-packages/airflow/example_dags/example_bash_operator.py
[2023-07-09T19:07:54.082+0000] {processor.py:826} INFO - Processing file /home/airflow/.local/lib/python3.7/site-packages/airflow/example_dags/example_bash_operator.py for tasks to queue
[2023-07-09T19:07:54.083+0000] {logging_mixin.py:149} INFO - [2023-07-09T19:07:54.083+0000] {dagbag.py:541} INFO - Filling up the DagBag from /home/airflow/.local/lib/python3.7/site-packages/airflow/example_dags/example_bash_operator.py
[2023-07-09T19:07:54.096+0000] {processor.py:836} INFO - DAG(s) dict_keys(['example_bash_operator']) retrieved from /home/airflow/.local/lib/python3.7/site-packages/airflow/example_dags/example_bash_operator.py
[2023-07-09T19:07:54.136+0000] {logging_mixin.py:149} INFO - [2023-07-09T19:07:54.135+0000] {dag.py:2726} INFO - Sync 1 DAGs
[2023-07-09T19:07:54.162+0000] {logging_mixin.py:149} INFO - [2023-07-09T19:07:54.162+0000] {dag.py:3490} INFO - Setting next_dagrun for example_bash_operator to 2023-07-08T00:00:00+00:00, run_after=2023-07-09T00:00:00+00:00
[2023-07-09T19:07:54.187+0000] {processor.py:179} INFO - Processing /home/airflow/.local/lib/python3.7/site-packages/airflow/example_dags/example_bash_operator.py took 0.109 seconds
[2023-07-09T19:08:24.300+0000] {processor.py:157} INFO - Started process (PID=990) to work on /home/airflow/.local/lib/python3.7/site-packages/airflow/example_dags/example_bash_operator.py
[2023-07-09T19:08:24.302+0000] {processor.py:826} INFO - Processing file /home/airflow/.local/lib/python3.7/site-packages/airflow/example_dags/example_bash_operator.py for tasks to queue
[2023-07-09T19:08:24.302+0000] {logging_mixin.py:149} INFO - [2023-07-09T19:08:24.302+0000] {dagbag.py:541} INFO - Filling up the DagBag from /home/airflow/.local/lib/python3.7/site-packages/airflow/example_dags/example_bash_operator.py
[2023-07-09T19:08:24.316+0000] {processor.py:836} INFO - DAG(s) dict_keys(['example_bash_operator']) retrieved from /home/airflow/.local/lib/python3.7/site-packages/airflow/example_dags/example_bash_operator.py
[2023-07-09T19:08:24.329+0000] {logging_mixin.py:149} INFO - [2023-07-09T19:08:24.329+0000] {dag.py:2726} INFO - Sync 1 DAGs
[2023-07-09T19:08:24.353+0000] {logging_mixin.py:149} INFO - [2023-07-09T19:08:24.353+0000] {dag.py:3490} INFO - Setting next_dagrun for example_bash_operator to 2023-07-08T00:00:00+00:00, run_after=2023-07-09T00:00:00+00:00
[2023-07-09T19:08:24.374+0000] {processor.py:179} INFO - Processing /home/airflow/.local/lib/python3.7/site-packages/airflow/example_dags/example_bash_operator.py took 0.076 seconds
[2023-07-09T19:08:54.588+0000] {processor.py:157} INFO - Started process (PID=1049) to work on /home/airflow/.local/lib/python3.7/site-packages/airflow/example_dags/example_bash_operator.py
[2023-07-09T19:08:54.589+0000] {processor.py:826} INFO - Processing file /home/airflow/.local/lib/python3.7/site-packages/airflow/example_dags/example_bash_operator.py for tasks to queue
[2023-07-09T19:08:54.590+0000] {logging_mixin.py:149} INFO - [2023-07-09T19:08:54.590+0000] {dagbag.py:541} INFO - Filling up the DagBag from /home/airflow/.local/lib/python3.7/site-packages/airflow/example_dags/example_bash_operator.py
[2023-07-09T19:08:54.606+0000] {processor.py:836} INFO - DAG(s) dict_keys(['example_bash_operator']) retrieved from /home/airflow/.local/lib/python3.7/site-packages/airflow/example_dags/example_bash_operator.py
[2023-07-09T19:08:54.652+0000] {logging_mixin.py:149} INFO - [2023-07-09T19:08:54.652+0000] {dag.py:2726} INFO - Sync 1 DAGs
[2023-07-09T19:08:54.682+0000] {logging_mixin.py:149} INFO - [2023-07-09T19:08:54.682+0000] {dag.py:3490} INFO - Setting next_dagrun for example_bash_operator to 2023-07-08T00:00:00+00:00, run_after=2023-07-09T00:00:00+00:00
[2023-07-09T19:08:54.703+0000] {processor.py:179} INFO - Processing /home/airflow/.local/lib/python3.7/site-packages/airflow/example_dags/example_bash_operator.py took 0.119 seconds
[2023-07-09T19:09:25.552+0000] {processor.py:157} INFO - Started process (PID=1110) to work on /home/airflow/.local/lib/python3.7/site-packages/airflow/example_dags/example_bash_operator.py
[2023-07-09T19:09:25.555+0000] {processor.py:826} INFO - Processing file /home/airflow/.local/lib/python3.7/site-packages/airflow/example_dags/example_bash_operator.py for tasks to queue
[2023-07-09T19:09:25.556+0000] {logging_mixin.py:149} INFO - [2023-07-09T19:09:25.555+0000] {dagbag.py:541} INFO - Filling up the DagBag from /home/airflow/.local/lib/python3.7/site-packages/airflow/example_dags/example_bash_operator.py
[2023-07-09T19:09:25.572+0000] {processor.py:836} INFO - DAG(s) dict_keys(['example_bash_operator']) retrieved from /home/airflow/.local/lib/python3.7/site-packages/airflow/example_dags/example_bash_operator.py
[2023-07-09T19:09:25.587+0000] {logging_mixin.py:149} INFO - [2023-07-09T19:09:25.587+0000] {dag.py:2726} INFO - Sync 1 DAGs
[2023-07-09T19:09:25.616+0000] {logging_mixin.py:149} INFO - [2023-07-09T19:09:25.616+0000] {dag.py:3490} INFO - Setting next_dagrun for example_bash_operator to 2023-07-08T00:00:00+00:00, run_after=2023-07-09T00:00:00+00:00
[2023-07-09T19:09:25.640+0000] {processor.py:179} INFO - Processing /home/airflow/.local/lib/python3.7/site-packages/airflow/example_dags/example_bash_operator.py took 0.092 seconds
[2023-07-09T19:09:55.854+0000] {processor.py:157} INFO - Started process (PID=1171) to work on /home/airflow/.local/lib/python3.7/site-packages/airflow/example_dags/example_bash_operator.py
[2023-07-09T19:09:55.855+0000] {processor.py:826} INFO - Processing file /home/airflow/.local/lib/python3.7/site-packages/airflow/example_dags/example_bash_operator.py for tasks to queue
[2023-07-09T19:09:55.856+0000] {logging_mixin.py:149} INFO - [2023-07-09T19:09:55.856+0000] {dagbag.py:541} INFO - Filling up the DagBag from /home/airflow/.local/lib/python3.7/site-packages/airflow/example_dags/example_bash_operator.py
[2023-07-09T19:09:55.870+0000] {processor.py:836} INFO - DAG(s) dict_keys(['example_bash_operator']) retrieved from /home/airflow/.local/lib/python3.7/site-packages/airflow/example_dags/example_bash_operator.py
[2023-07-09T19:09:55.906+0000] {logging_mixin.py:149} INFO - [2023-07-09T19:09:55.906+0000] {dag.py:2726} INFO - Sync 1 DAGs
[2023-07-09T19:09:55.932+0000] {logging_mixin.py:149} INFO - [2023-07-09T19:09:55.932+0000] {dag.py:3490} INFO - Setting next_dagrun for example_bash_operator to 2023-07-08T00:00:00+00:00, run_after=2023-07-09T00:00:00+00:00
[2023-07-09T19:09:55.954+0000] {processor.py:179} INFO - Processing /home/airflow/.local/lib/python3.7/site-packages/airflow/example_dags/example_bash_operator.py took 0.103 seconds
[2023-07-09T19:10:26.062+0000] {processor.py:157} INFO - Started process (PID=1232) to work on /home/airflow/.local/lib/python3.7/site-packages/airflow/example_dags/example_bash_operator.py
[2023-07-09T19:10:26.063+0000] {processor.py:826} INFO - Processing file /home/airflow/.local/lib/python3.7/site-packages/airflow/example_dags/example_bash_operator.py for tasks to queue
[2023-07-09T19:10:26.064+0000] {logging_mixin.py:149} INFO - [2023-07-09T19:10:26.063+0000] {dagbag.py:541} INFO - Filling up the DagBag from /home/airflow/.local/lib/python3.7/site-packages/airflow/example_dags/example_bash_operator.py
[2023-07-09T19:10:26.076+0000] {processor.py:836} INFO - DAG(s) dict_keys(['example_bash_operator']) retrieved from /home/airflow/.local/lib/python3.7/site-packages/airflow/example_dags/example_bash_operator.py
[2023-07-09T19:10:26.113+0000] {logging_mixin.py:149} INFO - [2023-07-09T19:10:26.113+0000] {dag.py:2726} INFO - Sync 1 DAGs
[2023-07-09T19:10:26.139+0000] {logging_mixin.py:149} INFO - [2023-07-09T19:10:26.139+0000] {dag.py:3490} INFO - Setting next_dagrun for example_bash_operator to 2023-07-08T00:00:00+00:00, run_after=2023-07-09T00:00:00+00:00
[2023-07-09T19:10:26.161+0000] {processor.py:179} INFO - Processing /home/airflow/.local/lib/python3.7/site-packages/airflow/example_dags/example_bash_operator.py took 0.103 seconds
[2023-07-09T19:10:56.615+0000] {processor.py:157} INFO - Started process (PID=1293) to work on /home/airflow/.local/lib/python3.7/site-packages/airflow/example_dags/example_bash_operator.py
[2023-07-09T19:10:56.616+0000] {processor.py:826} INFO - Processing file /home/airflow/.local/lib/python3.7/site-packages/airflow/example_dags/example_bash_operator.py for tasks to queue
[2023-07-09T19:10:56.617+0000] {logging_mixin.py:149} INFO - [2023-07-09T19:10:56.617+0000] {dagbag.py:541} INFO - Filling up the DagBag from /home/airflow/.local/lib/python3.7/site-packages/airflow/example_dags/example_bash_operator.py
[2023-07-09T19:10:56.633+0000] {processor.py:836} INFO - DAG(s) dict_keys(['example_bash_operator']) retrieved from /home/airflow/.local/lib/python3.7/site-packages/airflow/example_dags/example_bash_operator.py
[2023-07-09T19:10:56.681+0000] {logging_mixin.py:149} INFO - [2023-07-09T19:10:56.681+0000] {dag.py:2726} INFO - Sync 1 DAGs
[2023-07-09T19:10:56.713+0000] {logging_mixin.py:149} INFO - [2023-07-09T19:10:56.712+0000] {dag.py:3490} INFO - Setting next_dagrun for example_bash_operator to 2023-07-08T00:00:00+00:00, run_after=2023-07-09T00:00:00+00:00
[2023-07-09T19:10:56.740+0000] {processor.py:179} INFO - Processing /home/airflow/.local/lib/python3.7/site-packages/airflow/example_dags/example_bash_operator.py took 0.129 seconds
[2023-07-09T19:11:26.803+0000] {processor.py:157} INFO - Started process (PID=1354) to work on /home/airflow/.local/lib/python3.7/site-packages/airflow/example_dags/example_bash_operator.py
[2023-07-09T19:11:26.804+0000] {processor.py:826} INFO - Processing file /home/airflow/.local/lib/python3.7/site-packages/airflow/example_dags/example_bash_operator.py for tasks to queue
[2023-07-09T19:11:26.806+0000] {logging_mixin.py:149} INFO - [2023-07-09T19:11:26.806+0000] {dagbag.py:541} INFO - Filling up the DagBag from /home/airflow/.local/lib/python3.7/site-packages/airflow/example_dags/example_bash_operator.py
[2023-07-09T19:11:26.820+0000] {processor.py:836} INFO - DAG(s) dict_keys(['example_bash_operator']) retrieved from /home/airflow/.local/lib/python3.7/site-packages/airflow/example_dags/example_bash_operator.py
[2023-07-09T19:11:26.862+0000] {logging_mixin.py:149} INFO - [2023-07-09T19:11:26.861+0000] {dag.py:2726} INFO - Sync 1 DAGs
[2023-07-09T19:11:26.898+0000] {logging_mixin.py:149} INFO - [2023-07-09T19:11:26.898+0000] {dag.py:3490} INFO - Setting next_dagrun for example_bash_operator to 2023-07-08T00:00:00+00:00, run_after=2023-07-09T00:00:00+00:00
[2023-07-09T19:11:26.926+0000] {processor.py:179} INFO - Processing /home/airflow/.local/lib/python3.7/site-packages/airflow/example_dags/example_bash_operator.py took 0.126 seconds
[2023-07-09T19:11:57.035+0000] {processor.py:157} INFO - Started process (PID=1415) to work on /home/airflow/.local/lib/python3.7/site-packages/airflow/example_dags/example_bash_operator.py
[2023-07-09T19:11:57.036+0000] {processor.py:826} INFO - Processing file /home/airflow/.local/lib/python3.7/site-packages/airflow/example_dags/example_bash_operator.py for tasks to queue
[2023-07-09T19:11:57.037+0000] {logging_mixin.py:149} INFO - [2023-07-09T19:11:57.037+0000] {dagbag.py:541} INFO - Filling up the DagBag from /home/airflow/.local/lib/python3.7/site-packages/airflow/example_dags/example_bash_operator.py
[2023-07-09T19:11:57.054+0000] {processor.py:836} INFO - DAG(s) dict_keys(['example_bash_operator']) retrieved from /home/airflow/.local/lib/python3.7/site-packages/airflow/example_dags/example_bash_operator.py
[2023-07-09T19:11:57.067+0000] {logging_mixin.py:149} INFO - [2023-07-09T19:11:57.067+0000] {dag.py:2726} INFO - Sync 1 DAGs
[2023-07-09T19:11:57.097+0000] {logging_mixin.py:149} INFO - [2023-07-09T19:11:57.096+0000] {dag.py:3490} INFO - Setting next_dagrun for example_bash_operator to 2023-07-08T00:00:00+00:00, run_after=2023-07-09T00:00:00+00:00
[2023-07-09T19:11:57.117+0000] {processor.py:179} INFO - Processing /home/airflow/.local/lib/python3.7/site-packages/airflow/example_dags/example_bash_operator.py took 0.085 seconds
[2023-07-09T19:12:27.895+0000] {processor.py:157} INFO - Started process (PID=1477) to work on /home/airflow/.local/lib/python3.7/site-packages/airflow/example_dags/example_bash_operator.py
[2023-07-09T19:12:27.896+0000] {processor.py:826} INFO - Processing file /home/airflow/.local/lib/python3.7/site-packages/airflow/example_dags/example_bash_operator.py for tasks to queue
[2023-07-09T19:12:27.897+0000] {logging_mixin.py:149} INFO - [2023-07-09T19:12:27.897+0000] {dagbag.py:541} INFO - Filling up the DagBag from /home/airflow/.local/lib/python3.7/site-packages/airflow/example_dags/example_bash_operator.py
[2023-07-09T19:12:27.910+0000] {processor.py:836} INFO - DAG(s) dict_keys(['example_bash_operator']) retrieved from /home/airflow/.local/lib/python3.7/site-packages/airflow/example_dags/example_bash_operator.py
[2023-07-09T19:12:27.924+0000] {logging_mixin.py:149} INFO - [2023-07-09T19:12:27.924+0000] {dag.py:2726} INFO - Sync 1 DAGs
[2023-07-09T19:12:27.953+0000] {logging_mixin.py:149} INFO - [2023-07-09T19:12:27.953+0000] {dag.py:3490} INFO - Setting next_dagrun for example_bash_operator to 2023-07-08T00:00:00+00:00, run_after=2023-07-09T00:00:00+00:00
[2023-07-09T19:12:27.975+0000] {processor.py:179} INFO - Processing /home/airflow/.local/lib/python3.7/site-packages/airflow/example_dags/example_bash_operator.py took 0.083 seconds
[2023-07-09T19:12:58.926+0000] {processor.py:157} INFO - Started process (PID=1538) to work on /home/airflow/.local/lib/python3.7/site-packages/airflow/example_dags/example_bash_operator.py
[2023-07-09T19:12:58.928+0000] {processor.py:826} INFO - Processing file /home/airflow/.local/lib/python3.7/site-packages/airflow/example_dags/example_bash_operator.py for tasks to queue
[2023-07-09T19:12:58.929+0000] {logging_mixin.py:149} INFO - [2023-07-09T19:12:58.929+0000] {dagbag.py:541} INFO - Filling up the DagBag from /home/airflow/.local/lib/python3.7/site-packages/airflow/example_dags/example_bash_operator.py
[2023-07-09T19:12:58.942+0000] {processor.py:836} INFO - DAG(s) dict_keys(['example_bash_operator']) retrieved from /home/airflow/.local/lib/python3.7/site-packages/airflow/example_dags/example_bash_operator.py
[2023-07-09T19:12:58.981+0000] {logging_mixin.py:149} INFO - [2023-07-09T19:12:58.981+0000] {dag.py:2726} INFO - Sync 1 DAGs
[2023-07-09T19:12:59.006+0000] {logging_mixin.py:149} INFO - [2023-07-09T19:12:59.006+0000] {dag.py:3490} INFO - Setting next_dagrun for example_bash_operator to 2023-07-08T00:00:00+00:00, run_after=2023-07-09T00:00:00+00:00
[2023-07-09T19:12:59.041+0000] {processor.py:179} INFO - Processing /home/airflow/.local/lib/python3.7/site-packages/airflow/example_dags/example_bash_operator.py took 0.118 seconds
[2023-07-09T19:13:29.290+0000] {processor.py:157} INFO - Started process (PID=1600) to work on /home/airflow/.local/lib/python3.7/site-packages/airflow/example_dags/example_bash_operator.py
[2023-07-09T19:13:29.291+0000] {processor.py:826} INFO - Processing file /home/airflow/.local/lib/python3.7/site-packages/airflow/example_dags/example_bash_operator.py for tasks to queue
[2023-07-09T19:13:29.292+0000] {logging_mixin.py:149} INFO - [2023-07-09T19:13:29.292+0000] {dagbag.py:541} INFO - Filling up the DagBag from /home/airflow/.local/lib/python3.7/site-packages/airflow/example_dags/example_bash_operator.py
[2023-07-09T19:13:29.306+0000] {processor.py:836} INFO - DAG(s) dict_keys(['example_bash_operator']) retrieved from /home/airflow/.local/lib/python3.7/site-packages/airflow/example_dags/example_bash_operator.py
[2023-07-09T19:13:29.348+0000] {logging_mixin.py:149} INFO - [2023-07-09T19:13:29.348+0000] {dag.py:2726} INFO - Sync 1 DAGs
[2023-07-09T19:13:29.374+0000] {logging_mixin.py:149} INFO - [2023-07-09T19:13:29.374+0000] {dag.py:3490} INFO - Setting next_dagrun for example_bash_operator to 2023-07-08T00:00:00+00:00, run_after=2023-07-09T00:00:00+00:00
[2023-07-09T19:13:29.401+0000] {processor.py:179} INFO - Processing /home/airflow/.local/lib/python3.7/site-packages/airflow/example_dags/example_bash_operator.py took 0.113 seconds
[2023-07-09T19:13:59.672+0000] {processor.py:157} INFO - Started process (PID=1661) to work on /home/airflow/.local/lib/python3.7/site-packages/airflow/example_dags/example_bash_operator.py
[2023-07-09T19:13:59.673+0000] {processor.py:826} INFO - Processing file /home/airflow/.local/lib/python3.7/site-packages/airflow/example_dags/example_bash_operator.py for tasks to queue
[2023-07-09T19:13:59.674+0000] {logging_mixin.py:149} INFO - [2023-07-09T19:13:59.674+0000] {dagbag.py:541} INFO - Filling up the DagBag from /home/airflow/.local/lib/python3.7/site-packages/airflow/example_dags/example_bash_operator.py
[2023-07-09T19:13:59.688+0000] {processor.py:836} INFO - DAG(s) dict_keys(['example_bash_operator']) retrieved from /home/airflow/.local/lib/python3.7/site-packages/airflow/example_dags/example_bash_operator.py
[2023-07-09T19:13:59.727+0000] {logging_mixin.py:149} INFO - [2023-07-09T19:13:59.727+0000] {dag.py:2726} INFO - Sync 1 DAGs
[2023-07-09T19:13:59.754+0000] {logging_mixin.py:149} INFO - [2023-07-09T19:13:59.754+0000] {dag.py:3490} INFO - Setting next_dagrun for example_bash_operator to 2023-07-08T00:00:00+00:00, run_after=2023-07-09T00:00:00+00:00
[2023-07-09T19:13:59.778+0000] {processor.py:179} INFO - Processing /home/airflow/.local/lib/python3.7/site-packages/airflow/example_dags/example_bash_operator.py took 0.109 seconds
[2023-07-09T19:14:30.799+0000] {processor.py:157} INFO - Started process (PID=1722) to work on /home/airflow/.local/lib/python3.7/site-packages/airflow/example_dags/example_bash_operator.py
[2023-07-09T19:14:30.800+0000] {processor.py:826} INFO - Processing file /home/airflow/.local/lib/python3.7/site-packages/airflow/example_dags/example_bash_operator.py for tasks to queue
[2023-07-09T19:14:30.801+0000] {logging_mixin.py:149} INFO - [2023-07-09T19:14:30.800+0000] {dagbag.py:541} INFO - Filling up the DagBag from /home/airflow/.local/lib/python3.7/site-packages/airflow/example_dags/example_bash_operator.py
[2023-07-09T19:14:30.814+0000] {processor.py:836} INFO - DAG(s) dict_keys(['example_bash_operator']) retrieved from /home/airflow/.local/lib/python3.7/site-packages/airflow/example_dags/example_bash_operator.py
[2023-07-09T19:14:30.850+0000] {logging_mixin.py:149} INFO - [2023-07-09T19:14:30.850+0000] {dag.py:2726} INFO - Sync 1 DAGs
[2023-07-09T19:14:30.875+0000] {logging_mixin.py:149} INFO - [2023-07-09T19:14:30.875+0000] {dag.py:3490} INFO - Setting next_dagrun for example_bash_operator to 2023-07-08T00:00:00+00:00, run_after=2023-07-09T00:00:00+00:00
[2023-07-09T19:14:30.897+0000] {processor.py:179} INFO - Processing /home/airflow/.local/lib/python3.7/site-packages/airflow/example_dags/example_bash_operator.py took 0.101 seconds
[2023-07-09T19:15:01.737+0000] {processor.py:157} INFO - Started process (PID=1783) to work on /home/airflow/.local/lib/python3.7/site-packages/airflow/example_dags/example_bash_operator.py
[2023-07-09T19:15:01.738+0000] {processor.py:826} INFO - Processing file /home/airflow/.local/lib/python3.7/site-packages/airflow/example_dags/example_bash_operator.py for tasks to queue
[2023-07-09T19:15:01.739+0000] {logging_mixin.py:149} INFO - [2023-07-09T19:15:01.739+0000] {dagbag.py:541} INFO - Filling up the DagBag from /home/airflow/.local/lib/python3.7/site-packages/airflow/example_dags/example_bash_operator.py
[2023-07-09T19:15:01.752+0000] {processor.py:836} INFO - DAG(s) dict_keys(['example_bash_operator']) retrieved from /home/airflow/.local/lib/python3.7/site-packages/airflow/example_dags/example_bash_operator.py
[2023-07-09T19:15:01.788+0000] {logging_mixin.py:149} INFO - [2023-07-09T19:15:01.788+0000] {dag.py:2726} INFO - Sync 1 DAGs
[2023-07-09T19:15:01.812+0000] {logging_mixin.py:149} INFO - [2023-07-09T19:15:01.812+0000] {dag.py:3490} INFO - Setting next_dagrun for example_bash_operator to 2023-07-08T00:00:00+00:00, run_after=2023-07-09T00:00:00+00:00
[2023-07-09T19:15:01.837+0000] {processor.py:179} INFO - Processing /home/airflow/.local/lib/python3.7/site-packages/airflow/example_dags/example_bash_operator.py took 0.103 seconds
[2023-07-09T19:15:32.561+0000] {processor.py:157} INFO - Started process (PID=1844) to work on /home/airflow/.local/lib/python3.7/site-packages/airflow/example_dags/example_bash_operator.py
[2023-07-09T19:15:32.562+0000] {processor.py:826} INFO - Processing file /home/airflow/.local/lib/python3.7/site-packages/airflow/example_dags/example_bash_operator.py for tasks to queue
[2023-07-09T19:15:32.563+0000] {logging_mixin.py:149} INFO - [2023-07-09T19:15:32.563+0000] {dagbag.py:541} INFO - Filling up the DagBag from /home/airflow/.local/lib/python3.7/site-packages/airflow/example_dags/example_bash_operator.py
[2023-07-09T19:15:32.576+0000] {processor.py:836} INFO - DAG(s) dict_keys(['example_bash_operator']) retrieved from /home/airflow/.local/lib/python3.7/site-packages/airflow/example_dags/example_bash_operator.py
[2023-07-09T19:15:32.615+0000] {logging_mixin.py:149} INFO - [2023-07-09T19:15:32.615+0000] {dag.py:2726} INFO - Sync 1 DAGs
[2023-07-09T19:15:32.649+0000] {logging_mixin.py:149} INFO - [2023-07-09T19:15:32.649+0000] {dag.py:3490} INFO - Setting next_dagrun for example_bash_operator to 2023-07-08T00:00:00+00:00, run_after=2023-07-09T00:00:00+00:00
[2023-07-09T19:15:32.678+0000] {processor.py:179} INFO - Processing /home/airflow/.local/lib/python3.7/site-packages/airflow/example_dags/example_bash_operator.py took 0.120 seconds
[2023-07-09T19:16:02.933+0000] {processor.py:157} INFO - Started process (PID=1906) to work on /home/airflow/.local/lib/python3.7/site-packages/airflow/example_dags/example_bash_operator.py
[2023-07-09T19:16:02.934+0000] {processor.py:826} INFO - Processing file /home/airflow/.local/lib/python3.7/site-packages/airflow/example_dags/example_bash_operator.py for tasks to queue
[2023-07-09T19:16:02.935+0000] {logging_mixin.py:149} INFO - [2023-07-09T19:16:02.935+0000] {dagbag.py:541} INFO - Filling up the DagBag from /home/airflow/.local/lib/python3.7/site-packages/airflow/example_dags/example_bash_operator.py
[2023-07-09T19:16:02.950+0000] {processor.py:836} INFO - DAG(s) dict_keys(['example_bash_operator']) retrieved from /home/airflow/.local/lib/python3.7/site-packages/airflow/example_dags/example_bash_operator.py
[2023-07-09T19:16:02.997+0000] {logging_mixin.py:149} INFO - [2023-07-09T19:16:02.997+0000] {dag.py:2726} INFO - Sync 1 DAGs
[2023-07-09T19:16:03.027+0000] {logging_mixin.py:149} INFO - [2023-07-09T19:16:03.027+0000] {dag.py:3490} INFO - Setting next_dagrun for example_bash_operator to 2023-07-08T00:00:00+00:00, run_after=2023-07-09T00:00:00+00:00
[2023-07-09T19:16:03.050+0000] {processor.py:179} INFO - Processing /home/airflow/.local/lib/python3.7/site-packages/airflow/example_dags/example_bash_operator.py took 0.121 seconds
[2023-07-09T19:16:33.221+0000] {processor.py:157} INFO - Started process (PID=1969) to work on /home/airflow/.local/lib/python3.7/site-packages/airflow/example_dags/example_bash_operator.py
[2023-07-09T19:16:33.222+0000] {processor.py:826} INFO - Processing file /home/airflow/.local/lib/python3.7/site-packages/airflow/example_dags/example_bash_operator.py for tasks to queue
[2023-07-09T19:16:33.222+0000] {logging_mixin.py:149} INFO - [2023-07-09T19:16:33.222+0000] {dagbag.py:541} INFO - Filling up the DagBag from /home/airflow/.local/lib/python3.7/site-packages/airflow/example_dags/example_bash_operator.py
[2023-07-09T19:16:33.235+0000] {processor.py:836} INFO - DAG(s) dict_keys(['example_bash_operator']) retrieved from /home/airflow/.local/lib/python3.7/site-packages/airflow/example_dags/example_bash_operator.py
[2023-07-09T19:16:33.270+0000] {logging_mixin.py:149} INFO - [2023-07-09T19:16:33.269+0000] {dag.py:2726} INFO - Sync 1 DAGs
[2023-07-09T19:16:33.293+0000] {logging_mixin.py:149} INFO - [2023-07-09T19:16:33.293+0000] {dag.py:3490} INFO - Setting next_dagrun for example_bash_operator to 2023-07-08T00:00:00+00:00, run_after=2023-07-09T00:00:00+00:00
[2023-07-09T19:16:33.316+0000] {processor.py:179} INFO - Processing /home/airflow/.local/lib/python3.7/site-packages/airflow/example_dags/example_bash_operator.py took 0.098 seconds
[2023-07-09T19:17:03.657+0000] {processor.py:157} INFO - Started process (PID=2031) to work on /home/airflow/.local/lib/python3.7/site-packages/airflow/example_dags/example_bash_operator.py
[2023-07-09T19:17:03.658+0000] {processor.py:826} INFO - Processing file /home/airflow/.local/lib/python3.7/site-packages/airflow/example_dags/example_bash_operator.py for tasks to queue
[2023-07-09T19:17:03.659+0000] {logging_mixin.py:149} INFO - [2023-07-09T19:17:03.659+0000] {dagbag.py:541} INFO - Filling up the DagBag from /home/airflow/.local/lib/python3.7/site-packages/airflow/example_dags/example_bash_operator.py
[2023-07-09T19:17:03.671+0000] {processor.py:836} INFO - DAG(s) dict_keys(['example_bash_operator']) retrieved from /home/airflow/.local/lib/python3.7/site-packages/airflow/example_dags/example_bash_operator.py
[2023-07-09T19:17:03.734+0000] {logging_mixin.py:149} INFO - [2023-07-09T19:17:03.734+0000] {dag.py:2726} INFO - Sync 1 DAGs
[2023-07-09T19:17:03.768+0000] {logging_mixin.py:149} INFO - [2023-07-09T19:17:03.768+0000] {dag.py:3490} INFO - Setting next_dagrun for example_bash_operator to 2023-07-08T00:00:00+00:00, run_after=2023-07-09T00:00:00+00:00
[2023-07-09T19:17:03.788+0000] {processor.py:179} INFO - Processing /home/airflow/.local/lib/python3.7/site-packages/airflow/example_dags/example_bash_operator.py took 0.135 seconds
[2023-07-09T19:17:34.632+0000] {processor.py:157} INFO - Started process (PID=2093) to work on /home/airflow/.local/lib/python3.7/site-packages/airflow/example_dags/example_bash_operator.py
[2023-07-09T19:17:34.633+0000] {processor.py:826} INFO - Processing file /home/airflow/.local/lib/python3.7/site-packages/airflow/example_dags/example_bash_operator.py for tasks to queue
[2023-07-09T19:17:34.634+0000] {logging_mixin.py:149} INFO - [2023-07-09T19:17:34.634+0000] {dagbag.py:541} INFO - Filling up the DagBag from /home/airflow/.local/lib/python3.7/site-packages/airflow/example_dags/example_bash_operator.py
[2023-07-09T19:17:34.647+0000] {processor.py:836} INFO - DAG(s) dict_keys(['example_bash_operator']) retrieved from /home/airflow/.local/lib/python3.7/site-packages/airflow/example_dags/example_bash_operator.py
[2023-07-09T19:17:34.683+0000] {logging_mixin.py:149} INFO - [2023-07-09T19:17:34.683+0000] {dag.py:2726} INFO - Sync 1 DAGs
[2023-07-09T19:17:34.707+0000] {logging_mixin.py:149} INFO - [2023-07-09T19:17:34.707+0000] {dag.py:3490} INFO - Setting next_dagrun for example_bash_operator to 2023-07-08T00:00:00+00:00, run_after=2023-07-09T00:00:00+00:00
[2023-07-09T19:17:34.729+0000] {processor.py:179} INFO - Processing /home/airflow/.local/lib/python3.7/site-packages/airflow/example_dags/example_bash_operator.py took 0.100 seconds
[2023-07-09T19:18:05.650+0000] {processor.py:157} INFO - Started process (PID=2155) to work on /home/airflow/.local/lib/python3.7/site-packages/airflow/example_dags/example_bash_operator.py
[2023-07-09T19:18:05.651+0000] {processor.py:826} INFO - Processing file /home/airflow/.local/lib/python3.7/site-packages/airflow/example_dags/example_bash_operator.py for tasks to queue
[2023-07-09T19:18:05.652+0000] {logging_mixin.py:149} INFO - [2023-07-09T19:18:05.652+0000] {dagbag.py:541} INFO - Filling up the DagBag from /home/airflow/.local/lib/python3.7/site-packages/airflow/example_dags/example_bash_operator.py
[2023-07-09T19:18:05.667+0000] {processor.py:836} INFO - DAG(s) dict_keys(['example_bash_operator']) retrieved from /home/airflow/.local/lib/python3.7/site-packages/airflow/example_dags/example_bash_operator.py
[2023-07-09T19:18:05.704+0000] {logging_mixin.py:149} INFO - [2023-07-09T19:18:05.703+0000] {dag.py:2726} INFO - Sync 1 DAGs
[2023-07-09T19:18:05.728+0000] {logging_mixin.py:149} INFO - [2023-07-09T19:18:05.728+0000] {dag.py:3490} INFO - Setting next_dagrun for example_bash_operator to 2023-07-08T00:00:00+00:00, run_after=2023-07-09T00:00:00+00:00
[2023-07-09T19:18:05.750+0000] {processor.py:179} INFO - Processing /home/airflow/.local/lib/python3.7/site-packages/airflow/example_dags/example_bash_operator.py took 0.103 seconds
[2023-07-09T19:18:36.000+0000] {processor.py:157} INFO - Started process (PID=2217) to work on /home/airflow/.local/lib/python3.7/site-packages/airflow/example_dags/example_bash_operator.py
[2023-07-09T19:18:36.001+0000] {processor.py:826} INFO - Processing file /home/airflow/.local/lib/python3.7/site-packages/airflow/example_dags/example_bash_operator.py for tasks to queue
[2023-07-09T19:18:36.002+0000] {logging_mixin.py:149} INFO - [2023-07-09T19:18:36.002+0000] {dagbag.py:541} INFO - Filling up the DagBag from /home/airflow/.local/lib/python3.7/site-packages/airflow/example_dags/example_bash_operator.py
[2023-07-09T19:18:36.019+0000] {processor.py:836} INFO - DAG(s) dict_keys(['example_bash_operator']) retrieved from /home/airflow/.local/lib/python3.7/site-packages/airflow/example_dags/example_bash_operator.py
[2023-07-09T19:18:36.062+0000] {logging_mixin.py:149} INFO - [2023-07-09T19:18:36.062+0000] {dag.py:2726} INFO - Sync 1 DAGs
[2023-07-09T19:18:36.093+0000] {logging_mixin.py:149} INFO - [2023-07-09T19:18:36.093+0000] {dag.py:3490} INFO - Setting next_dagrun for example_bash_operator to 2023-07-08T00:00:00+00:00, run_after=2023-07-09T00:00:00+00:00
[2023-07-09T19:18:36.115+0000] {processor.py:179} INFO - Processing /home/airflow/.local/lib/python3.7/site-packages/airflow/example_dags/example_bash_operator.py took 0.119 seconds
[2023-07-09T19:19:06.232+0000] {processor.py:157} INFO - Started process (PID=2279) to work on /home/airflow/.local/lib/python3.7/site-packages/airflow/example_dags/example_bash_operator.py
[2023-07-09T19:19:06.233+0000] {processor.py:826} INFO - Processing file /home/airflow/.local/lib/python3.7/site-packages/airflow/example_dags/example_bash_operator.py for tasks to queue
[2023-07-09T19:19:06.234+0000] {logging_mixin.py:149} INFO - [2023-07-09T19:19:06.233+0000] {dagbag.py:541} INFO - Filling up the DagBag from /home/airflow/.local/lib/python3.7/site-packages/airflow/example_dags/example_bash_operator.py
[2023-07-09T19:19:06.248+0000] {processor.py:836} INFO - DAG(s) dict_keys(['example_bash_operator']) retrieved from /home/airflow/.local/lib/python3.7/site-packages/airflow/example_dags/example_bash_operator.py
[2023-07-09T19:19:06.286+0000] {logging_mixin.py:149} INFO - [2023-07-09T19:19:06.286+0000] {dag.py:2726} INFO - Sync 1 DAGs
[2023-07-09T19:19:06.310+0000] {logging_mixin.py:149} INFO - [2023-07-09T19:19:06.310+0000] {dag.py:3490} INFO - Setting next_dagrun for example_bash_operator to 2023-07-08T00:00:00+00:00, run_after=2023-07-09T00:00:00+00:00
[2023-07-09T19:19:06.332+0000] {processor.py:179} INFO - Processing /home/airflow/.local/lib/python3.7/site-packages/airflow/example_dags/example_bash_operator.py took 0.103 seconds
[2023-07-09T19:19:36.440+0000] {processor.py:157} INFO - Started process (PID=2341) to work on /home/airflow/.local/lib/python3.7/site-packages/airflow/example_dags/example_bash_operator.py
[2023-07-09T19:19:36.441+0000] {processor.py:826} INFO - Processing file /home/airflow/.local/lib/python3.7/site-packages/airflow/example_dags/example_bash_operator.py for tasks to queue
[2023-07-09T19:19:36.441+0000] {logging_mixin.py:149} INFO - [2023-07-09T19:19:36.441+0000] {dagbag.py:541} INFO - Filling up the DagBag from /home/airflow/.local/lib/python3.7/site-packages/airflow/example_dags/example_bash_operator.py
[2023-07-09T19:19:36.455+0000] {processor.py:836} INFO - DAG(s) dict_keys(['example_bash_operator']) retrieved from /home/airflow/.local/lib/python3.7/site-packages/airflow/example_dags/example_bash_operator.py
[2023-07-09T19:19:36.496+0000] {logging_mixin.py:149} INFO - [2023-07-09T19:19:36.495+0000] {dag.py:2726} INFO - Sync 1 DAGs
[2023-07-09T19:19:36.522+0000] {logging_mixin.py:149} INFO - [2023-07-09T19:19:36.521+0000] {dag.py:3490} INFO - Setting next_dagrun for example_bash_operator to 2023-07-08T00:00:00+00:00, run_after=2023-07-09T00:00:00+00:00
[2023-07-09T19:19:36.545+0000] {processor.py:179} INFO - Processing /home/airflow/.local/lib/python3.7/site-packages/airflow/example_dags/example_bash_operator.py took 0.108 seconds
[2023-07-09T19:20:06.866+0000] {processor.py:157} INFO - Started process (PID=2403) to work on /home/airflow/.local/lib/python3.7/site-packages/airflow/example_dags/example_bash_operator.py
[2023-07-09T19:20:06.867+0000] {processor.py:826} INFO - Processing file /home/airflow/.local/lib/python3.7/site-packages/airflow/example_dags/example_bash_operator.py for tasks to queue
[2023-07-09T19:20:06.868+0000] {logging_mixin.py:149} INFO - [2023-07-09T19:20:06.868+0000] {dagbag.py:541} INFO - Filling up the DagBag from /home/airflow/.local/lib/python3.7/site-packages/airflow/example_dags/example_bash_operator.py
[2023-07-09T19:20:06.880+0000] {processor.py:836} INFO - DAG(s) dict_keys(['example_bash_operator']) retrieved from /home/airflow/.local/lib/python3.7/site-packages/airflow/example_dags/example_bash_operator.py
[2023-07-09T19:20:06.916+0000] {logging_mixin.py:149} INFO - [2023-07-09T19:20:06.916+0000] {dag.py:2726} INFO - Sync 1 DAGs
[2023-07-09T19:20:06.939+0000] {logging_mixin.py:149} INFO - [2023-07-09T19:20:06.939+0000] {dag.py:3490} INFO - Setting next_dagrun for example_bash_operator to 2023-07-08T00:00:00+00:00, run_after=2023-07-09T00:00:00+00:00
[2023-07-09T19:20:06.962+0000] {processor.py:179} INFO - Processing /home/airflow/.local/lib/python3.7/site-packages/airflow/example_dags/example_bash_operator.py took 0.098 seconds
[2023-07-09T19:20:37.493+0000] {processor.py:157} INFO - Started process (PID=2465) to work on /home/airflow/.local/lib/python3.7/site-packages/airflow/example_dags/example_bash_operator.py
[2023-07-09T19:20:37.495+0000] {processor.py:826} INFO - Processing file /home/airflow/.local/lib/python3.7/site-packages/airflow/example_dags/example_bash_operator.py for tasks to queue
[2023-07-09T19:20:37.496+0000] {logging_mixin.py:149} INFO - [2023-07-09T19:20:37.496+0000] {dagbag.py:541} INFO - Filling up the DagBag from /home/airflow/.local/lib/python3.7/site-packages/airflow/example_dags/example_bash_operator.py
[2023-07-09T19:20:37.511+0000] {processor.py:836} INFO - DAG(s) dict_keys(['example_bash_operator']) retrieved from /home/airflow/.local/lib/python3.7/site-packages/airflow/example_dags/example_bash_operator.py
[2023-07-09T19:20:37.562+0000] {logging_mixin.py:149} INFO - [2023-07-09T19:20:37.562+0000] {dag.py:2726} INFO - Sync 1 DAGs
[2023-07-09T19:20:37.591+0000] {logging_mixin.py:149} INFO - [2023-07-09T19:20:37.591+0000] {dag.py:3490} INFO - Setting next_dagrun for example_bash_operator to 2023-07-08T00:00:00+00:00, run_after=2023-07-09T00:00:00+00:00
[2023-07-09T19:20:37.613+0000] {processor.py:179} INFO - Processing /home/airflow/.local/lib/python3.7/site-packages/airflow/example_dags/example_bash_operator.py took 0.123 seconds
[2023-07-09T19:21:08.547+0000] {processor.py:157} INFO - Started process (PID=2527) to work on /home/airflow/.local/lib/python3.7/site-packages/airflow/example_dags/example_bash_operator.py
[2023-07-09T19:21:08.549+0000] {processor.py:826} INFO - Processing file /home/airflow/.local/lib/python3.7/site-packages/airflow/example_dags/example_bash_operator.py for tasks to queue
[2023-07-09T19:21:08.550+0000] {logging_mixin.py:149} INFO - [2023-07-09T19:21:08.550+0000] {dagbag.py:541} INFO - Filling up the DagBag from /home/airflow/.local/lib/python3.7/site-packages/airflow/example_dags/example_bash_operator.py
[2023-07-09T19:21:08.570+0000] {processor.py:836} INFO - DAG(s) dict_keys(['example_bash_operator']) retrieved from /home/airflow/.local/lib/python3.7/site-packages/airflow/example_dags/example_bash_operator.py
[2023-07-09T19:21:08.642+0000] {logging_mixin.py:149} INFO - [2023-07-09T19:21:08.641+0000] {dag.py:2726} INFO - Sync 1 DAGs
[2023-07-09T19:21:08.699+0000] {logging_mixin.py:149} INFO - [2023-07-09T19:21:08.699+0000] {dag.py:3490} INFO - Setting next_dagrun for example_bash_operator to 2023-07-08T00:00:00+00:00, run_after=2023-07-09T00:00:00+00:00
[2023-07-09T19:21:08.728+0000] {processor.py:179} INFO - Processing /home/airflow/.local/lib/python3.7/site-packages/airflow/example_dags/example_bash_operator.py took 0.186 seconds
[2023-07-09T19:21:39.021+0000] {processor.py:157} INFO - Started process (PID=2589) to work on /home/airflow/.local/lib/python3.7/site-packages/airflow/example_dags/example_bash_operator.py
[2023-07-09T19:21:39.022+0000] {processor.py:826} INFO - Processing file /home/airflow/.local/lib/python3.7/site-packages/airflow/example_dags/example_bash_operator.py for tasks to queue
[2023-07-09T19:21:39.023+0000] {logging_mixin.py:149} INFO - [2023-07-09T19:21:39.023+0000] {dagbag.py:541} INFO - Filling up the DagBag from /home/airflow/.local/lib/python3.7/site-packages/airflow/example_dags/example_bash_operator.py
[2023-07-09T19:21:39.039+0000] {processor.py:836} INFO - DAG(s) dict_keys(['example_bash_operator']) retrieved from /home/airflow/.local/lib/python3.7/site-packages/airflow/example_dags/example_bash_operator.py
[2023-07-09T19:21:39.082+0000] {logging_mixin.py:149} INFO - [2023-07-09T19:21:39.082+0000] {dag.py:2726} INFO - Sync 1 DAGs
[2023-07-09T19:21:39.109+0000] {logging_mixin.py:149} INFO - [2023-07-09T19:21:39.109+0000] {dag.py:3490} INFO - Setting next_dagrun for example_bash_operator to 2023-07-08T00:00:00+00:00, run_after=2023-07-09T00:00:00+00:00
[2023-07-09T19:21:39.135+0000] {processor.py:179} INFO - Processing /home/airflow/.local/lib/python3.7/site-packages/airflow/example_dags/example_bash_operator.py took 0.116 seconds
[2023-07-09T19:22:09.342+0000] {processor.py:157} INFO - Started process (PID=2651) to work on /home/airflow/.local/lib/python3.7/site-packages/airflow/example_dags/example_bash_operator.py
[2023-07-09T19:22:09.343+0000] {processor.py:826} INFO - Processing file /home/airflow/.local/lib/python3.7/site-packages/airflow/example_dags/example_bash_operator.py for tasks to queue
[2023-07-09T19:22:09.344+0000] {logging_mixin.py:149} INFO - [2023-07-09T19:22:09.343+0000] {dagbag.py:541} INFO - Filling up the DagBag from /home/airflow/.local/lib/python3.7/site-packages/airflow/example_dags/example_bash_operator.py
[2023-07-09T19:22:09.356+0000] {processor.py:836} INFO - DAG(s) dict_keys(['example_bash_operator']) retrieved from /home/airflow/.local/lib/python3.7/site-packages/airflow/example_dags/example_bash_operator.py
[2023-07-09T19:22:09.392+0000] {logging_mixin.py:149} INFO - [2023-07-09T19:22:09.392+0000] {dag.py:2726} INFO - Sync 1 DAGs
[2023-07-09T19:22:09.418+0000] {logging_mixin.py:149} INFO - [2023-07-09T19:22:09.417+0000] {dag.py:3490} INFO - Setting next_dagrun for example_bash_operator to 2023-07-08T00:00:00+00:00, run_after=2023-07-09T00:00:00+00:00
[2023-07-09T19:22:09.439+0000] {processor.py:179} INFO - Processing /home/airflow/.local/lib/python3.7/site-packages/airflow/example_dags/example_bash_operator.py took 0.099 seconds
[2023-07-09T19:22:40.371+0000] {processor.py:157} INFO - Started process (PID=2713) to work on /home/airflow/.local/lib/python3.7/site-packages/airflow/example_dags/example_bash_operator.py
[2023-07-09T19:22:40.372+0000] {processor.py:826} INFO - Processing file /home/airflow/.local/lib/python3.7/site-packages/airflow/example_dags/example_bash_operator.py for tasks to queue
[2023-07-09T19:22:40.373+0000] {logging_mixin.py:149} INFO - [2023-07-09T19:22:40.373+0000] {dagbag.py:541} INFO - Filling up the DagBag from /home/airflow/.local/lib/python3.7/site-packages/airflow/example_dags/example_bash_operator.py
[2023-07-09T19:22:40.386+0000] {processor.py:836} INFO - DAG(s) dict_keys(['example_bash_operator']) retrieved from /home/airflow/.local/lib/python3.7/site-packages/airflow/example_dags/example_bash_operator.py
[2023-07-09T19:22:40.421+0000] {logging_mixin.py:149} INFO - [2023-07-09T19:22:40.421+0000] {dag.py:2726} INFO - Sync 1 DAGs
[2023-07-09T19:22:40.445+0000] {logging_mixin.py:149} INFO - [2023-07-09T19:22:40.445+0000] {dag.py:3490} INFO - Setting next_dagrun for example_bash_operator to 2023-07-08T00:00:00+00:00, run_after=2023-07-09T00:00:00+00:00
[2023-07-09T19:22:40.468+0000] {processor.py:179} INFO - Processing /home/airflow/.local/lib/python3.7/site-packages/airflow/example_dags/example_bash_operator.py took 0.099 seconds
[2023-07-09T19:23:10.563+0000] {processor.py:157} INFO - Started process (PID=2775) to work on /home/airflow/.local/lib/python3.7/site-packages/airflow/example_dags/example_bash_operator.py
[2023-07-09T19:23:10.564+0000] {processor.py:826} INFO - Processing file /home/airflow/.local/lib/python3.7/site-packages/airflow/example_dags/example_bash_operator.py for tasks to queue
[2023-07-09T19:23:10.565+0000] {logging_mixin.py:149} INFO - [2023-07-09T19:23:10.565+0000] {dagbag.py:541} INFO - Filling up the DagBag from /home/airflow/.local/lib/python3.7/site-packages/airflow/example_dags/example_bash_operator.py
[2023-07-09T19:23:10.578+0000] {processor.py:836} INFO - DAG(s) dict_keys(['example_bash_operator']) retrieved from /home/airflow/.local/lib/python3.7/site-packages/airflow/example_dags/example_bash_operator.py
[2023-07-09T19:23:10.616+0000] {logging_mixin.py:149} INFO - [2023-07-09T19:23:10.616+0000] {dag.py:2726} INFO - Sync 1 DAGs
[2023-07-09T19:23:10.640+0000] {logging_mixin.py:149} INFO - [2023-07-09T19:23:10.640+0000] {dag.py:3490} INFO - Setting next_dagrun for example_bash_operator to 2023-07-08T00:00:00+00:00, run_after=2023-07-09T00:00:00+00:00
[2023-07-09T19:23:10.666+0000] {processor.py:179} INFO - Processing /home/airflow/.local/lib/python3.7/site-packages/airflow/example_dags/example_bash_operator.py took 0.105 seconds
[2023-07-09T19:23:40.759+0000] {processor.py:157} INFO - Started process (PID=2838) to work on /home/airflow/.local/lib/python3.7/site-packages/airflow/example_dags/example_bash_operator.py
[2023-07-09T19:23:40.760+0000] {processor.py:826} INFO - Processing file /home/airflow/.local/lib/python3.7/site-packages/airflow/example_dags/example_bash_operator.py for tasks to queue
[2023-07-09T19:23:40.761+0000] {logging_mixin.py:149} INFO - [2023-07-09T19:23:40.761+0000] {dagbag.py:541} INFO - Filling up the DagBag from /home/airflow/.local/lib/python3.7/site-packages/airflow/example_dags/example_bash_operator.py
[2023-07-09T19:23:40.777+0000] {processor.py:836} INFO - DAG(s) dict_keys(['example_bash_operator']) retrieved from /home/airflow/.local/lib/python3.7/site-packages/airflow/example_dags/example_bash_operator.py
[2023-07-09T19:23:40.815+0000] {logging_mixin.py:149} INFO - [2023-07-09T19:23:40.815+0000] {dag.py:2726} INFO - Sync 1 DAGs
[2023-07-09T19:23:40.841+0000] {logging_mixin.py:149} INFO - [2023-07-09T19:23:40.841+0000] {dag.py:3490} INFO - Setting next_dagrun for example_bash_operator to 2023-07-08T00:00:00+00:00, run_after=2023-07-09T00:00:00+00:00
[2023-07-09T19:23:40.864+0000] {processor.py:179} INFO - Processing /home/airflow/.local/lib/python3.7/site-packages/airflow/example_dags/example_bash_operator.py took 0.108 seconds
[2023-07-09T19:24:10.994+0000] {processor.py:157} INFO - Started process (PID=2900) to work on /home/airflow/.local/lib/python3.7/site-packages/airflow/example_dags/example_bash_operator.py
[2023-07-09T19:24:10.995+0000] {processor.py:826} INFO - Processing file /home/airflow/.local/lib/python3.7/site-packages/airflow/example_dags/example_bash_operator.py for tasks to queue
[2023-07-09T19:24:10.997+0000] {logging_mixin.py:149} INFO - [2023-07-09T19:24:10.996+0000] {dagbag.py:541} INFO - Filling up the DagBag from /home/airflow/.local/lib/python3.7/site-packages/airflow/example_dags/example_bash_operator.py
[2023-07-09T19:24:11.015+0000] {processor.py:836} INFO - DAG(s) dict_keys(['example_bash_operator']) retrieved from /home/airflow/.local/lib/python3.7/site-packages/airflow/example_dags/example_bash_operator.py
[2023-07-09T19:24:11.069+0000] {logging_mixin.py:149} INFO - [2023-07-09T19:24:11.069+0000] {dag.py:2726} INFO - Sync 1 DAGs
[2023-07-09T19:24:11.102+0000] {logging_mixin.py:149} INFO - [2023-07-09T19:24:11.102+0000] {dag.py:3490} INFO - Setting next_dagrun for example_bash_operator to 2023-07-08T00:00:00+00:00, run_after=2023-07-09T00:00:00+00:00
[2023-07-09T19:24:11.120+0000] {processor.py:179} INFO - Processing /home/airflow/.local/lib/python3.7/site-packages/airflow/example_dags/example_bash_operator.py took 0.129 seconds
[2023-07-09T19:24:41.297+0000] {processor.py:157} INFO - Started process (PID=2961) to work on /home/airflow/.local/lib/python3.7/site-packages/airflow/example_dags/example_bash_operator.py
[2023-07-09T19:24:41.300+0000] {processor.py:826} INFO - Processing file /home/airflow/.local/lib/python3.7/site-packages/airflow/example_dags/example_bash_operator.py for tasks to queue
[2023-07-09T19:24:41.300+0000] {logging_mixin.py:149} INFO - [2023-07-09T19:24:41.300+0000] {dagbag.py:541} INFO - Filling up the DagBag from /home/airflow/.local/lib/python3.7/site-packages/airflow/example_dags/example_bash_operator.py
[2023-07-09T19:24:41.314+0000] {processor.py:836} INFO - DAG(s) dict_keys(['example_bash_operator']) retrieved from /home/airflow/.local/lib/python3.7/site-packages/airflow/example_dags/example_bash_operator.py
[2023-07-09T19:24:41.349+0000] {logging_mixin.py:149} INFO - [2023-07-09T19:24:41.349+0000] {dag.py:2726} INFO - Sync 1 DAGs
[2023-07-09T19:24:41.375+0000] {logging_mixin.py:149} INFO - [2023-07-09T19:24:41.375+0000] {dag.py:3490} INFO - Setting next_dagrun for example_bash_operator to 2023-07-08T00:00:00+00:00, run_after=2023-07-09T00:00:00+00:00
[2023-07-09T19:24:41.403+0000] {processor.py:179} INFO - Processing /home/airflow/.local/lib/python3.7/site-packages/airflow/example_dags/example_bash_operator.py took 0.110 seconds
[2023-07-09T19:25:11.497+0000] {processor.py:157} INFO - Started process (PID=3023) to work on /home/airflow/.local/lib/python3.7/site-packages/airflow/example_dags/example_bash_operator.py
[2023-07-09T19:25:11.498+0000] {processor.py:826} INFO - Processing file /home/airflow/.local/lib/python3.7/site-packages/airflow/example_dags/example_bash_operator.py for tasks to queue
[2023-07-09T19:25:11.499+0000] {logging_mixin.py:149} INFO - [2023-07-09T19:25:11.499+0000] {dagbag.py:541} INFO - Filling up the DagBag from /home/airflow/.local/lib/python3.7/site-packages/airflow/example_dags/example_bash_operator.py
[2023-07-09T19:25:11.512+0000] {processor.py:836} INFO - DAG(s) dict_keys(['example_bash_operator']) retrieved from /home/airflow/.local/lib/python3.7/site-packages/airflow/example_dags/example_bash_operator.py
[2023-07-09T19:25:11.546+0000] {logging_mixin.py:149} INFO - [2023-07-09T19:25:11.546+0000] {dag.py:2726} INFO - Sync 1 DAGs
[2023-07-09T19:25:11.569+0000] {logging_mixin.py:149} INFO - [2023-07-09T19:25:11.569+0000] {dag.py:3490} INFO - Setting next_dagrun for example_bash_operator to 2023-07-08T00:00:00+00:00, run_after=2023-07-09T00:00:00+00:00
[2023-07-09T19:25:11.596+0000] {processor.py:179} INFO - Processing /home/airflow/.local/lib/python3.7/site-packages/airflow/example_dags/example_bash_operator.py took 0.101 seconds
[2023-07-09T19:25:42.114+0000] {processor.py:157} INFO - Started process (PID=3085) to work on /home/airflow/.local/lib/python3.7/site-packages/airflow/example_dags/example_bash_operator.py
[2023-07-09T19:25:42.115+0000] {processor.py:826} INFO - Processing file /home/airflow/.local/lib/python3.7/site-packages/airflow/example_dags/example_bash_operator.py for tasks to queue
[2023-07-09T19:25:42.116+0000] {logging_mixin.py:149} INFO - [2023-07-09T19:25:42.116+0000] {dagbag.py:541} INFO - Filling up the DagBag from /home/airflow/.local/lib/python3.7/site-packages/airflow/example_dags/example_bash_operator.py
[2023-07-09T19:25:42.129+0000] {processor.py:836} INFO - DAG(s) dict_keys(['example_bash_operator']) retrieved from /home/airflow/.local/lib/python3.7/site-packages/airflow/example_dags/example_bash_operator.py
[2023-07-09T19:25:42.164+0000] {logging_mixin.py:149} INFO - [2023-07-09T19:25:42.164+0000] {dag.py:2726} INFO - Sync 1 DAGs
[2023-07-09T19:25:42.188+0000] {logging_mixin.py:149} INFO - [2023-07-09T19:25:42.188+0000] {dag.py:3490} INFO - Setting next_dagrun for example_bash_operator to 2023-07-08T00:00:00+00:00, run_after=2023-07-09T00:00:00+00:00
[2023-07-09T19:25:42.209+0000] {processor.py:179} INFO - Processing /home/airflow/.local/lib/python3.7/site-packages/airflow/example_dags/example_bash_operator.py took 0.098 seconds
[2023-07-09T19:26:12.562+0000] {processor.py:157} INFO - Started process (PID=3147) to work on /home/airflow/.local/lib/python3.7/site-packages/airflow/example_dags/example_bash_operator.py
[2023-07-09T19:26:12.563+0000] {processor.py:826} INFO - Processing file /home/airflow/.local/lib/python3.7/site-packages/airflow/example_dags/example_bash_operator.py for tasks to queue
[2023-07-09T19:26:12.564+0000] {logging_mixin.py:149} INFO - [2023-07-09T19:26:12.564+0000] {dagbag.py:541} INFO - Filling up the DagBag from /home/airflow/.local/lib/python3.7/site-packages/airflow/example_dags/example_bash_operator.py
[2023-07-09T19:26:12.577+0000] {processor.py:836} INFO - DAG(s) dict_keys(['example_bash_operator']) retrieved from /home/airflow/.local/lib/python3.7/site-packages/airflow/example_dags/example_bash_operator.py
[2023-07-09T19:26:12.613+0000] {logging_mixin.py:149} INFO - [2023-07-09T19:26:12.612+0000] {dag.py:2726} INFO - Sync 1 DAGs
[2023-07-09T19:26:12.636+0000] {logging_mixin.py:149} INFO - [2023-07-09T19:26:12.636+0000] {dag.py:3490} INFO - Setting next_dagrun for example_bash_operator to 2023-07-08T00:00:00+00:00, run_after=2023-07-09T00:00:00+00:00
[2023-07-09T19:26:12.663+0000] {processor.py:179} INFO - Processing /home/airflow/.local/lib/python3.7/site-packages/airflow/example_dags/example_bash_operator.py took 0.104 seconds
[2023-07-09T19:26:43.111+0000] {processor.py:157} INFO - Started process (PID=3216) to work on /home/airflow/.local/lib/python3.7/site-packages/airflow/example_dags/example_bash_operator.py
[2023-07-09T19:26:43.112+0000] {processor.py:826} INFO - Processing file /home/airflow/.local/lib/python3.7/site-packages/airflow/example_dags/example_bash_operator.py for tasks to queue
[2023-07-09T19:26:43.113+0000] {logging_mixin.py:149} INFO - [2023-07-09T19:26:43.112+0000] {dagbag.py:541} INFO - Filling up the DagBag from /home/airflow/.local/lib/python3.7/site-packages/airflow/example_dags/example_bash_operator.py
[2023-07-09T19:26:43.128+0000] {processor.py:836} INFO - DAG(s) dict_keys(['example_bash_operator']) retrieved from /home/airflow/.local/lib/python3.7/site-packages/airflow/example_dags/example_bash_operator.py
[2023-07-09T19:26:43.175+0000] {logging_mixin.py:149} INFO - [2023-07-09T19:26:43.174+0000] {dag.py:2726} INFO - Sync 1 DAGs
[2023-07-09T19:26:43.204+0000] {logging_mixin.py:149} INFO - [2023-07-09T19:26:43.204+0000] {dag.py:3490} INFO - Setting next_dagrun for example_bash_operator to 2023-07-08T00:00:00+00:00, run_after=2023-07-09T00:00:00+00:00
[2023-07-09T19:26:43.232+0000] {processor.py:179} INFO - Processing /home/airflow/.local/lib/python3.7/site-packages/airflow/example_dags/example_bash_operator.py took 0.125 seconds
[2023-07-09T19:27:13.674+0000] {processor.py:157} INFO - Started process (PID=3279) to work on /home/airflow/.local/lib/python3.7/site-packages/airflow/example_dags/example_bash_operator.py
[2023-07-09T19:27:13.675+0000] {processor.py:826} INFO - Processing file /home/airflow/.local/lib/python3.7/site-packages/airflow/example_dags/example_bash_operator.py for tasks to queue
[2023-07-09T19:27:13.676+0000] {logging_mixin.py:149} INFO - [2023-07-09T19:27:13.676+0000] {dagbag.py:541} INFO - Filling up the DagBag from /home/airflow/.local/lib/python3.7/site-packages/airflow/example_dags/example_bash_operator.py
[2023-07-09T19:27:13.691+0000] {processor.py:836} INFO - DAG(s) dict_keys(['example_bash_operator']) retrieved from /home/airflow/.local/lib/python3.7/site-packages/airflow/example_dags/example_bash_operator.py
[2023-07-09T19:27:13.737+0000] {logging_mixin.py:149} INFO - [2023-07-09T19:27:13.737+0000] {dag.py:2726} INFO - Sync 1 DAGs
[2023-07-09T19:27:13.769+0000] {logging_mixin.py:149} INFO - [2023-07-09T19:27:13.769+0000] {dag.py:3490} INFO - Setting next_dagrun for example_bash_operator to 2023-07-08T00:00:00+00:00, run_after=2023-07-09T00:00:00+00:00
[2023-07-09T19:27:13.795+0000] {processor.py:179} INFO - Processing /home/airflow/.local/lib/python3.7/site-packages/airflow/example_dags/example_bash_operator.py took 0.124 seconds
[2023-07-09T19:27:44.470+0000] {processor.py:157} INFO - Started process (PID=3341) to work on /home/airflow/.local/lib/python3.7/site-packages/airflow/example_dags/example_bash_operator.py
[2023-07-09T19:27:44.471+0000] {processor.py:826} INFO - Processing file /home/airflow/.local/lib/python3.7/site-packages/airflow/example_dags/example_bash_operator.py for tasks to queue
[2023-07-09T19:27:44.472+0000] {logging_mixin.py:149} INFO - [2023-07-09T19:27:44.472+0000] {dagbag.py:541} INFO - Filling up the DagBag from /home/airflow/.local/lib/python3.7/site-packages/airflow/example_dags/example_bash_operator.py
[2023-07-09T19:27:44.487+0000] {processor.py:836} INFO - DAG(s) dict_keys(['example_bash_operator']) retrieved from /home/airflow/.local/lib/python3.7/site-packages/airflow/example_dags/example_bash_operator.py
[2023-07-09T19:27:44.524+0000] {logging_mixin.py:149} INFO - [2023-07-09T19:27:44.524+0000] {dag.py:2726} INFO - Sync 1 DAGs
[2023-07-09T19:27:44.551+0000] {logging_mixin.py:149} INFO - [2023-07-09T19:27:44.550+0000] {dag.py:3490} INFO - Setting next_dagrun for example_bash_operator to 2023-07-08T00:00:00+00:00, run_after=2023-07-09T00:00:00+00:00
[2023-07-09T19:27:44.577+0000] {processor.py:179} INFO - Processing /home/airflow/.local/lib/python3.7/site-packages/airflow/example_dags/example_bash_operator.py took 0.110 seconds
[2023-07-09T19:28:14.975+0000] {processor.py:157} INFO - Started process (PID=3403) to work on /home/airflow/.local/lib/python3.7/site-packages/airflow/example_dags/example_bash_operator.py
[2023-07-09T19:28:14.976+0000] {processor.py:826} INFO - Processing file /home/airflow/.local/lib/python3.7/site-packages/airflow/example_dags/example_bash_operator.py for tasks to queue
[2023-07-09T19:28:14.977+0000] {logging_mixin.py:149} INFO - [2023-07-09T19:28:14.977+0000] {dagbag.py:541} INFO - Filling up the DagBag from /home/airflow/.local/lib/python3.7/site-packages/airflow/example_dags/example_bash_operator.py
[2023-07-09T19:28:14.991+0000] {processor.py:836} INFO - DAG(s) dict_keys(['example_bash_operator']) retrieved from /home/airflow/.local/lib/python3.7/site-packages/airflow/example_dags/example_bash_operator.py
[2023-07-09T19:28:15.028+0000] {logging_mixin.py:149} INFO - [2023-07-09T19:28:15.028+0000] {dag.py:2726} INFO - Sync 1 DAGs
[2023-07-09T19:28:15.053+0000] {logging_mixin.py:149} INFO - [2023-07-09T19:28:15.053+0000] {dag.py:3490} INFO - Setting next_dagrun for example_bash_operator to 2023-07-08T00:00:00+00:00, run_after=2023-07-09T00:00:00+00:00
[2023-07-09T19:28:15.075+0000] {processor.py:179} INFO - Processing /home/airflow/.local/lib/python3.7/site-packages/airflow/example_dags/example_bash_operator.py took 0.104 seconds
[2023-07-09T19:28:45.534+0000] {processor.py:157} INFO - Started process (PID=3465) to work on /home/airflow/.local/lib/python3.7/site-packages/airflow/example_dags/example_bash_operator.py
[2023-07-09T19:28:45.535+0000] {processor.py:826} INFO - Processing file /home/airflow/.local/lib/python3.7/site-packages/airflow/example_dags/example_bash_operator.py for tasks to queue
[2023-07-09T19:28:45.536+0000] {logging_mixin.py:149} INFO - [2023-07-09T19:28:45.536+0000] {dagbag.py:541} INFO - Filling up the DagBag from /home/airflow/.local/lib/python3.7/site-packages/airflow/example_dags/example_bash_operator.py
[2023-07-09T19:28:45.550+0000] {processor.py:836} INFO - DAG(s) dict_keys(['example_bash_operator']) retrieved from /home/airflow/.local/lib/python3.7/site-packages/airflow/example_dags/example_bash_operator.py
[2023-07-09T19:28:45.594+0000] {logging_mixin.py:149} INFO - [2023-07-09T19:28:45.594+0000] {dag.py:2726} INFO - Sync 1 DAGs
[2023-07-09T19:28:45.627+0000] {logging_mixin.py:149} INFO - [2023-07-09T19:28:45.627+0000] {dag.py:3490} INFO - Setting next_dagrun for example_bash_operator to 2023-07-08T00:00:00+00:00, run_after=2023-07-09T00:00:00+00:00
[2023-07-09T19:28:45.654+0000] {processor.py:179} INFO - Processing /home/airflow/.local/lib/python3.7/site-packages/airflow/example_dags/example_bash_operator.py took 0.124 seconds
[2023-07-09T19:29:16.049+0000] {processor.py:157} INFO - Started process (PID=3527) to work on /home/airflow/.local/lib/python3.7/site-packages/airflow/example_dags/example_bash_operator.py
[2023-07-09T19:29:16.050+0000] {processor.py:826} INFO - Processing file /home/airflow/.local/lib/python3.7/site-packages/airflow/example_dags/example_bash_operator.py for tasks to queue
[2023-07-09T19:29:16.051+0000] {logging_mixin.py:149} INFO - [2023-07-09T19:29:16.051+0000] {dagbag.py:541} INFO - Filling up the DagBag from /home/airflow/.local/lib/python3.7/site-packages/airflow/example_dags/example_bash_operator.py
[2023-07-09T19:29:16.064+0000] {processor.py:836} INFO - DAG(s) dict_keys(['example_bash_operator']) retrieved from /home/airflow/.local/lib/python3.7/site-packages/airflow/example_dags/example_bash_operator.py
[2023-07-09T19:29:16.101+0000] {logging_mixin.py:149} INFO - [2023-07-09T19:29:16.100+0000] {dag.py:2726} INFO - Sync 1 DAGs
[2023-07-09T19:29:16.125+0000] {logging_mixin.py:149} INFO - [2023-07-09T19:29:16.125+0000] {dag.py:3490} INFO - Setting next_dagrun for example_bash_operator to 2023-07-08T00:00:00+00:00, run_after=2023-07-09T00:00:00+00:00
[2023-07-09T19:29:16.152+0000] {processor.py:179} INFO - Processing /home/airflow/.local/lib/python3.7/site-packages/airflow/example_dags/example_bash_operator.py took 0.106 seconds
[2023-07-09T19:29:46.727+0000] {processor.py:157} INFO - Started process (PID=3589) to work on /home/airflow/.local/lib/python3.7/site-packages/airflow/example_dags/example_bash_operator.py
[2023-07-09T19:29:46.728+0000] {processor.py:826} INFO - Processing file /home/airflow/.local/lib/python3.7/site-packages/airflow/example_dags/example_bash_operator.py for tasks to queue
[2023-07-09T19:29:46.729+0000] {logging_mixin.py:149} INFO - [2023-07-09T19:29:46.729+0000] {dagbag.py:541} INFO - Filling up the DagBag from /home/airflow/.local/lib/python3.7/site-packages/airflow/example_dags/example_bash_operator.py
[2023-07-09T19:29:46.742+0000] {processor.py:836} INFO - DAG(s) dict_keys(['example_bash_operator']) retrieved from /home/airflow/.local/lib/python3.7/site-packages/airflow/example_dags/example_bash_operator.py
[2023-07-09T19:29:46.777+0000] {logging_mixin.py:149} INFO - [2023-07-09T19:29:46.777+0000] {dag.py:2726} INFO - Sync 1 DAGs
[2023-07-09T19:29:46.802+0000] {logging_mixin.py:149} INFO - [2023-07-09T19:29:46.802+0000] {dag.py:3490} INFO - Setting next_dagrun for example_bash_operator to 2023-07-08T00:00:00+00:00, run_after=2023-07-09T00:00:00+00:00
[2023-07-09T19:29:46.823+0000] {processor.py:179} INFO - Processing /home/airflow/.local/lib/python3.7/site-packages/airflow/example_dags/example_bash_operator.py took 0.099 seconds
[2023-07-09T19:30:17.387+0000] {processor.py:157} INFO - Started process (PID=3651) to work on /home/airflow/.local/lib/python3.7/site-packages/airflow/example_dags/example_bash_operator.py
[2023-07-09T19:30:17.388+0000] {processor.py:826} INFO - Processing file /home/airflow/.local/lib/python3.7/site-packages/airflow/example_dags/example_bash_operator.py for tasks to queue
[2023-07-09T19:30:17.389+0000] {logging_mixin.py:149} INFO - [2023-07-09T19:30:17.389+0000] {dagbag.py:541} INFO - Filling up the DagBag from /home/airflow/.local/lib/python3.7/site-packages/airflow/example_dags/example_bash_operator.py
[2023-07-09T19:30:17.402+0000] {processor.py:836} INFO - DAG(s) dict_keys(['example_bash_operator']) retrieved from /home/airflow/.local/lib/python3.7/site-packages/airflow/example_dags/example_bash_operator.py
[2023-07-09T19:30:17.438+0000] {logging_mixin.py:149} INFO - [2023-07-09T19:30:17.438+0000] {dag.py:2726} INFO - Sync 1 DAGs
[2023-07-09T19:30:17.463+0000] {logging_mixin.py:149} INFO - [2023-07-09T19:30:17.463+0000] {dag.py:3490} INFO - Setting next_dagrun for example_bash_operator to 2023-07-08T00:00:00+00:00, run_after=2023-07-09T00:00:00+00:00
[2023-07-09T19:30:17.488+0000] {processor.py:179} INFO - Processing /home/airflow/.local/lib/python3.7/site-packages/airflow/example_dags/example_bash_operator.py took 0.104 seconds
[2023-07-09T19:30:47.802+0000] {processor.py:157} INFO - Started process (PID=3713) to work on /home/airflow/.local/lib/python3.7/site-packages/airflow/example_dags/example_bash_operator.py
[2023-07-09T19:30:47.804+0000] {processor.py:826} INFO - Processing file /home/airflow/.local/lib/python3.7/site-packages/airflow/example_dags/example_bash_operator.py for tasks to queue
[2023-07-09T19:30:47.806+0000] {logging_mixin.py:149} INFO - [2023-07-09T19:30:47.805+0000] {dagbag.py:541} INFO - Filling up the DagBag from /home/airflow/.local/lib/python3.7/site-packages/airflow/example_dags/example_bash_operator.py
[2023-07-09T19:30:47.822+0000] {processor.py:836} INFO - DAG(s) dict_keys(['example_bash_operator']) retrieved from /home/airflow/.local/lib/python3.7/site-packages/airflow/example_dags/example_bash_operator.py
[2023-07-09T19:30:47.862+0000] {logging_mixin.py:149} INFO - [2023-07-09T19:30:47.862+0000] {dag.py:2726} INFO - Sync 1 DAGs
[2023-07-09T19:30:47.894+0000] {logging_mixin.py:149} INFO - [2023-07-09T19:30:47.894+0000] {dag.py:3490} INFO - Setting next_dagrun for example_bash_operator to 2023-07-08T00:00:00+00:00, run_after=2023-07-09T00:00:00+00:00
[2023-07-09T19:30:47.921+0000] {processor.py:179} INFO - Processing /home/airflow/.local/lib/python3.7/site-packages/airflow/example_dags/example_bash_operator.py took 0.122 seconds
[2023-07-09T19:31:18.018+0000] {processor.py:157} INFO - Started process (PID=3775) to work on /home/airflow/.local/lib/python3.7/site-packages/airflow/example_dags/example_bash_operator.py
[2023-07-09T19:31:18.019+0000] {processor.py:826} INFO - Processing file /home/airflow/.local/lib/python3.7/site-packages/airflow/example_dags/example_bash_operator.py for tasks to queue
[2023-07-09T19:31:18.020+0000] {logging_mixin.py:149} INFO - [2023-07-09T19:31:18.020+0000] {dagbag.py:541} INFO - Filling up the DagBag from /home/airflow/.local/lib/python3.7/site-packages/airflow/example_dags/example_bash_operator.py
[2023-07-09T19:31:18.033+0000] {processor.py:836} INFO - DAG(s) dict_keys(['example_bash_operator']) retrieved from /home/airflow/.local/lib/python3.7/site-packages/airflow/example_dags/example_bash_operator.py
[2023-07-09T19:31:18.069+0000] {logging_mixin.py:149} INFO - [2023-07-09T19:31:18.069+0000] {dag.py:2726} INFO - Sync 1 DAGs
[2023-07-09T19:31:18.098+0000] {logging_mixin.py:149} INFO - [2023-07-09T19:31:18.098+0000] {dag.py:3490} INFO - Setting next_dagrun for example_bash_operator to 2023-07-08T00:00:00+00:00, run_after=2023-07-09T00:00:00+00:00
[2023-07-09T19:31:18.120+0000] {processor.py:179} INFO - Processing /home/airflow/.local/lib/python3.7/site-packages/airflow/example_dags/example_bash_operator.py took 0.105 seconds
[2023-07-09T19:31:48.532+0000] {processor.py:157} INFO - Started process (PID=3837) to work on /home/airflow/.local/lib/python3.7/site-packages/airflow/example_dags/example_bash_operator.py
[2023-07-09T19:31:48.533+0000] {processor.py:826} INFO - Processing file /home/airflow/.local/lib/python3.7/site-packages/airflow/example_dags/example_bash_operator.py for tasks to queue
[2023-07-09T19:31:48.534+0000] {logging_mixin.py:149} INFO - [2023-07-09T19:31:48.534+0000] {dagbag.py:541} INFO - Filling up the DagBag from /home/airflow/.local/lib/python3.7/site-packages/airflow/example_dags/example_bash_operator.py
[2023-07-09T19:31:48.547+0000] {processor.py:836} INFO - DAG(s) dict_keys(['example_bash_operator']) retrieved from /home/airflow/.local/lib/python3.7/site-packages/airflow/example_dags/example_bash_operator.py
[2023-07-09T19:31:48.582+0000] {logging_mixin.py:149} INFO - [2023-07-09T19:31:48.582+0000] {dag.py:2726} INFO - Sync 1 DAGs
[2023-07-09T19:31:48.608+0000] {logging_mixin.py:149} INFO - [2023-07-09T19:31:48.607+0000] {dag.py:3490} INFO - Setting next_dagrun for example_bash_operator to 2023-07-08T00:00:00+00:00, run_after=2023-07-09T00:00:00+00:00
[2023-07-09T19:31:48.634+0000] {processor.py:179} INFO - Processing /home/airflow/.local/lib/python3.7/site-packages/airflow/example_dags/example_bash_operator.py took 0.104 seconds
[2023-07-09T19:32:18.764+0000] {processor.py:157} INFO - Started process (PID=3899) to work on /home/airflow/.local/lib/python3.7/site-packages/airflow/example_dags/example_bash_operator.py
[2023-07-09T19:32:18.770+0000] {processor.py:826} INFO - Processing file /home/airflow/.local/lib/python3.7/site-packages/airflow/example_dags/example_bash_operator.py for tasks to queue
[2023-07-09T19:32:18.771+0000] {logging_mixin.py:149} INFO - [2023-07-09T19:32:18.771+0000] {dagbag.py:541} INFO - Filling up the DagBag from /home/airflow/.local/lib/python3.7/site-packages/airflow/example_dags/example_bash_operator.py
[2023-07-09T19:32:18.783+0000] {processor.py:836} INFO - DAG(s) dict_keys(['example_bash_operator']) retrieved from /home/airflow/.local/lib/python3.7/site-packages/airflow/example_dags/example_bash_operator.py
[2023-07-09T19:32:18.821+0000] {logging_mixin.py:149} INFO - [2023-07-09T19:32:18.821+0000] {dag.py:2726} INFO - Sync 1 DAGs
[2023-07-09T19:32:18.844+0000] {logging_mixin.py:149} INFO - [2023-07-09T19:32:18.844+0000] {dag.py:3490} INFO - Setting next_dagrun for example_bash_operator to 2023-07-08T00:00:00+00:00, run_after=2023-07-09T00:00:00+00:00
[2023-07-09T19:32:18.865+0000] {processor.py:179} INFO - Processing /home/airflow/.local/lib/python3.7/site-packages/airflow/example_dags/example_bash_operator.py took 0.105 seconds
[2023-07-09T19:32:49.379+0000] {processor.py:157} INFO - Started process (PID=3961) to work on /home/airflow/.local/lib/python3.7/site-packages/airflow/example_dags/example_bash_operator.py
[2023-07-09T19:32:49.380+0000] {processor.py:826} INFO - Processing file /home/airflow/.local/lib/python3.7/site-packages/airflow/example_dags/example_bash_operator.py for tasks to queue
[2023-07-09T19:32:49.381+0000] {logging_mixin.py:149} INFO - [2023-07-09T19:32:49.381+0000] {dagbag.py:541} INFO - Filling up the DagBag from /home/airflow/.local/lib/python3.7/site-packages/airflow/example_dags/example_bash_operator.py
[2023-07-09T19:32:49.402+0000] {processor.py:836} INFO - DAG(s) dict_keys(['example_bash_operator']) retrieved from /home/airflow/.local/lib/python3.7/site-packages/airflow/example_dags/example_bash_operator.py
[2023-07-09T19:32:49.440+0000] {logging_mixin.py:149} INFO - [2023-07-09T19:32:49.440+0000] {dag.py:2726} INFO - Sync 1 DAGs
[2023-07-09T19:32:49.465+0000] {logging_mixin.py:149} INFO - [2023-07-09T19:32:49.465+0000] {dag.py:3490} INFO - Setting next_dagrun for example_bash_operator to 2023-07-08T00:00:00+00:00, run_after=2023-07-09T00:00:00+00:00
[2023-07-09T19:32:49.488+0000] {processor.py:179} INFO - Processing /home/airflow/.local/lib/python3.7/site-packages/airflow/example_dags/example_bash_operator.py took 0.113 seconds
[2023-07-09T19:33:19.521+0000] {processor.py:157} INFO - Started process (PID=4023) to work on /home/airflow/.local/lib/python3.7/site-packages/airflow/example_dags/example_bash_operator.py
[2023-07-09T19:33:19.522+0000] {processor.py:826} INFO - Processing file /home/airflow/.local/lib/python3.7/site-packages/airflow/example_dags/example_bash_operator.py for tasks to queue
[2023-07-09T19:33:19.523+0000] {logging_mixin.py:149} INFO - [2023-07-09T19:33:19.523+0000] {dagbag.py:541} INFO - Filling up the DagBag from /home/airflow/.local/lib/python3.7/site-packages/airflow/example_dags/example_bash_operator.py
[2023-07-09T19:33:19.535+0000] {processor.py:836} INFO - DAG(s) dict_keys(['example_bash_operator']) retrieved from /home/airflow/.local/lib/python3.7/site-packages/airflow/example_dags/example_bash_operator.py
[2023-07-09T19:33:19.571+0000] {logging_mixin.py:149} INFO - [2023-07-09T19:33:19.571+0000] {dag.py:2726} INFO - Sync 1 DAGs
[2023-07-09T19:33:19.594+0000] {logging_mixin.py:149} INFO - [2023-07-09T19:33:19.594+0000] {dag.py:3490} INFO - Setting next_dagrun for example_bash_operator to 2023-07-08T00:00:00+00:00, run_after=2023-07-09T00:00:00+00:00
[2023-07-09T19:33:19.615+0000] {processor.py:179} INFO - Processing /home/airflow/.local/lib/python3.7/site-packages/airflow/example_dags/example_bash_operator.py took 0.096 seconds
[2023-07-09T19:33:50.304+0000] {processor.py:157} INFO - Started process (PID=4076) to work on /home/airflow/.local/lib/python3.7/site-packages/airflow/example_dags/example_bash_operator.py
[2023-07-09T19:33:50.305+0000] {processor.py:826} INFO - Processing file /home/airflow/.local/lib/python3.7/site-packages/airflow/example_dags/example_bash_operator.py for tasks to queue
[2023-07-09T19:33:50.306+0000] {logging_mixin.py:149} INFO - [2023-07-09T19:33:50.306+0000] {dagbag.py:541} INFO - Filling up the DagBag from /home/airflow/.local/lib/python3.7/site-packages/airflow/example_dags/example_bash_operator.py
[2023-07-09T19:33:50.320+0000] {processor.py:836} INFO - DAG(s) dict_keys(['example_bash_operator']) retrieved from /home/airflow/.local/lib/python3.7/site-packages/airflow/example_dags/example_bash_operator.py
[2023-07-09T19:33:50.358+0000] {logging_mixin.py:149} INFO - [2023-07-09T19:33:50.358+0000] {dag.py:2726} INFO - Sync 1 DAGs
[2023-07-09T19:33:50.385+0000] {logging_mixin.py:149} INFO - [2023-07-09T19:33:50.385+0000] {dag.py:3490} INFO - Setting next_dagrun for example_bash_operator to 2023-07-08T00:00:00+00:00, run_after=2023-07-09T00:00:00+00:00
[2023-07-09T19:33:50.409+0000] {processor.py:179} INFO - Processing /home/airflow/.local/lib/python3.7/site-packages/airflow/example_dags/example_bash_operator.py took 0.108 seconds
[2023-07-09T19:34:20.534+0000] {processor.py:157} INFO - Started process (PID=4138) to work on /home/airflow/.local/lib/python3.7/site-packages/airflow/example_dags/example_bash_operator.py
[2023-07-09T19:34:20.535+0000] {processor.py:826} INFO - Processing file /home/airflow/.local/lib/python3.7/site-packages/airflow/example_dags/example_bash_operator.py for tasks to queue
[2023-07-09T19:34:20.536+0000] {logging_mixin.py:149} INFO - [2023-07-09T19:34:20.535+0000] {dagbag.py:541} INFO - Filling up the DagBag from /home/airflow/.local/lib/python3.7/site-packages/airflow/example_dags/example_bash_operator.py
[2023-07-09T19:34:20.549+0000] {processor.py:836} INFO - DAG(s) dict_keys(['example_bash_operator']) retrieved from /home/airflow/.local/lib/python3.7/site-packages/airflow/example_dags/example_bash_operator.py
[2023-07-09T19:34:20.612+0000] {logging_mixin.py:149} INFO - [2023-07-09T19:34:20.612+0000] {dag.py:2726} INFO - Sync 1 DAGs
[2023-07-09T19:34:20.637+0000] {logging_mixin.py:149} INFO - [2023-07-09T19:34:20.637+0000] {dag.py:3490} INFO - Setting next_dagrun for example_bash_operator to 2023-07-08T00:00:00+00:00, run_after=2023-07-09T00:00:00+00:00
[2023-07-09T19:34:20.658+0000] {processor.py:179} INFO - Processing /home/airflow/.local/lib/python3.7/site-packages/airflow/example_dags/example_bash_operator.py took 0.128 seconds
[2023-07-09T19:34:51.205+0000] {processor.py:157} INFO - Started process (PID=4200) to work on /home/airflow/.local/lib/python3.7/site-packages/airflow/example_dags/example_bash_operator.py
[2023-07-09T19:34:51.207+0000] {processor.py:826} INFO - Processing file /home/airflow/.local/lib/python3.7/site-packages/airflow/example_dags/example_bash_operator.py for tasks to queue
[2023-07-09T19:34:51.207+0000] {logging_mixin.py:149} INFO - [2023-07-09T19:34:51.207+0000] {dagbag.py:541} INFO - Filling up the DagBag from /home/airflow/.local/lib/python3.7/site-packages/airflow/example_dags/example_bash_operator.py
[2023-07-09T19:34:51.220+0000] {processor.py:836} INFO - DAG(s) dict_keys(['example_bash_operator']) retrieved from /home/airflow/.local/lib/python3.7/site-packages/airflow/example_dags/example_bash_operator.py
[2023-07-09T19:34:51.256+0000] {logging_mixin.py:149} INFO - [2023-07-09T19:34:51.256+0000] {dag.py:2726} INFO - Sync 1 DAGs
[2023-07-09T19:34:51.280+0000] {logging_mixin.py:149} INFO - [2023-07-09T19:34:51.279+0000] {dag.py:3490} INFO - Setting next_dagrun for example_bash_operator to 2023-07-08T00:00:00+00:00, run_after=2023-07-09T00:00:00+00:00
[2023-07-09T19:34:51.308+0000] {processor.py:179} INFO - Processing /home/airflow/.local/lib/python3.7/site-packages/airflow/example_dags/example_bash_operator.py took 0.106 seconds
[2023-07-09T19:35:21.447+0000] {processor.py:157} INFO - Started process (PID=4262) to work on /home/airflow/.local/lib/python3.7/site-packages/airflow/example_dags/example_bash_operator.py
[2023-07-09T19:35:21.448+0000] {processor.py:826} INFO - Processing file /home/airflow/.local/lib/python3.7/site-packages/airflow/example_dags/example_bash_operator.py for tasks to queue
[2023-07-09T19:35:21.449+0000] {logging_mixin.py:149} INFO - [2023-07-09T19:35:21.449+0000] {dagbag.py:541} INFO - Filling up the DagBag from /home/airflow/.local/lib/python3.7/site-packages/airflow/example_dags/example_bash_operator.py
[2023-07-09T19:35:21.461+0000] {processor.py:836} INFO - DAG(s) dict_keys(['example_bash_operator']) retrieved from /home/airflow/.local/lib/python3.7/site-packages/airflow/example_dags/example_bash_operator.py
[2023-07-09T19:35:21.496+0000] {logging_mixin.py:149} INFO - [2023-07-09T19:35:21.496+0000] {dag.py:2726} INFO - Sync 1 DAGs
[2023-07-09T19:35:21.519+0000] {logging_mixin.py:149} INFO - [2023-07-09T19:35:21.519+0000] {dag.py:3490} INFO - Setting next_dagrun for example_bash_operator to 2023-07-08T00:00:00+00:00, run_after=2023-07-09T00:00:00+00:00
[2023-07-09T19:35:21.546+0000] {processor.py:179} INFO - Processing /home/airflow/.local/lib/python3.7/site-packages/airflow/example_dags/example_bash_operator.py took 0.101 seconds
[2023-07-09T19:35:51.769+0000] {processor.py:157} INFO - Started process (PID=4324) to work on /home/airflow/.local/lib/python3.7/site-packages/airflow/example_dags/example_bash_operator.py
[2023-07-09T19:35:51.770+0000] {processor.py:826} INFO - Processing file /home/airflow/.local/lib/python3.7/site-packages/airflow/example_dags/example_bash_operator.py for tasks to queue
[2023-07-09T19:35:51.771+0000] {logging_mixin.py:149} INFO - [2023-07-09T19:35:51.771+0000] {dagbag.py:541} INFO - Filling up the DagBag from /home/airflow/.local/lib/python3.7/site-packages/airflow/example_dags/example_bash_operator.py
[2023-07-09T19:35:51.783+0000] {processor.py:836} INFO - DAG(s) dict_keys(['example_bash_operator']) retrieved from /home/airflow/.local/lib/python3.7/site-packages/airflow/example_dags/example_bash_operator.py
[2023-07-09T19:35:51.819+0000] {logging_mixin.py:149} INFO - [2023-07-09T19:35:51.819+0000] {dag.py:2726} INFO - Sync 1 DAGs
[2023-07-09T19:35:51.844+0000] {logging_mixin.py:149} INFO - [2023-07-09T19:35:51.844+0000] {dag.py:3490} INFO - Setting next_dagrun for example_bash_operator to 2023-07-08T00:00:00+00:00, run_after=2023-07-09T00:00:00+00:00
[2023-07-09T19:35:51.870+0000] {processor.py:179} INFO - Processing /home/airflow/.local/lib/python3.7/site-packages/airflow/example_dags/example_bash_operator.py took 0.104 seconds
[2023-07-09T19:36:22.031+0000] {processor.py:157} INFO - Started process (PID=4386) to work on /home/airflow/.local/lib/python3.7/site-packages/airflow/example_dags/example_bash_operator.py
[2023-07-09T19:36:22.032+0000] {processor.py:826} INFO - Processing file /home/airflow/.local/lib/python3.7/site-packages/airflow/example_dags/example_bash_operator.py for tasks to queue
[2023-07-09T19:36:22.032+0000] {logging_mixin.py:149} INFO - [2023-07-09T19:36:22.032+0000] {dagbag.py:541} INFO - Filling up the DagBag from /home/airflow/.local/lib/python3.7/site-packages/airflow/example_dags/example_bash_operator.py
[2023-07-09T19:36:22.049+0000] {processor.py:836} INFO - DAG(s) dict_keys(['example_bash_operator']) retrieved from /home/airflow/.local/lib/python3.7/site-packages/airflow/example_dags/example_bash_operator.py
[2023-07-09T19:36:22.094+0000] {logging_mixin.py:149} INFO - [2023-07-09T19:36:22.094+0000] {dag.py:2726} INFO - Sync 1 DAGs
[2023-07-09T19:36:22.120+0000] {logging_mixin.py:149} INFO - [2023-07-09T19:36:22.120+0000] {dag.py:3490} INFO - Setting next_dagrun for example_bash_operator to 2023-07-08T00:00:00+00:00, run_after=2023-07-09T00:00:00+00:00
[2023-07-09T19:36:22.142+0000] {processor.py:179} INFO - Processing /home/airflow/.local/lib/python3.7/site-packages/airflow/example_dags/example_bash_operator.py took 0.115 seconds
[2023-07-09T19:36:52.330+0000] {processor.py:157} INFO - Started process (PID=4448) to work on /home/airflow/.local/lib/python3.7/site-packages/airflow/example_dags/example_bash_operator.py
[2023-07-09T19:36:52.332+0000] {processor.py:826} INFO - Processing file /home/airflow/.local/lib/python3.7/site-packages/airflow/example_dags/example_bash_operator.py for tasks to queue
[2023-07-09T19:36:52.332+0000] {logging_mixin.py:149} INFO - [2023-07-09T19:36:52.332+0000] {dagbag.py:541} INFO - Filling up the DagBag from /home/airflow/.local/lib/python3.7/site-packages/airflow/example_dags/example_bash_operator.py
[2023-07-09T19:36:52.346+0000] {processor.py:836} INFO - DAG(s) dict_keys(['example_bash_operator']) retrieved from /home/airflow/.local/lib/python3.7/site-packages/airflow/example_dags/example_bash_operator.py
[2023-07-09T19:36:52.382+0000] {logging_mixin.py:149} INFO - [2023-07-09T19:36:52.381+0000] {dag.py:2726} INFO - Sync 1 DAGs
[2023-07-09T19:36:52.406+0000] {logging_mixin.py:149} INFO - [2023-07-09T19:36:52.405+0000] {dag.py:3490} INFO - Setting next_dagrun for example_bash_operator to 2023-07-08T00:00:00+00:00, run_after=2023-07-09T00:00:00+00:00
[2023-07-09T19:36:52.427+0000] {processor.py:179} INFO - Processing /home/airflow/.local/lib/python3.7/site-packages/airflow/example_dags/example_bash_operator.py took 0.099 seconds
[2023-07-09T19:37:22.619+0000] {processor.py:157} INFO - Started process (PID=4510) to work on /home/airflow/.local/lib/python3.7/site-packages/airflow/example_dags/example_bash_operator.py
[2023-07-09T19:37:22.620+0000] {processor.py:826} INFO - Processing file /home/airflow/.local/lib/python3.7/site-packages/airflow/example_dags/example_bash_operator.py for tasks to queue
[2023-07-09T19:37:22.621+0000] {logging_mixin.py:149} INFO - [2023-07-09T19:37:22.621+0000] {dagbag.py:541} INFO - Filling up the DagBag from /home/airflow/.local/lib/python3.7/site-packages/airflow/example_dags/example_bash_operator.py
[2023-07-09T19:37:22.635+0000] {processor.py:836} INFO - DAG(s) dict_keys(['example_bash_operator']) retrieved from /home/airflow/.local/lib/python3.7/site-packages/airflow/example_dags/example_bash_operator.py
[2023-07-09T19:37:22.674+0000] {logging_mixin.py:149} INFO - [2023-07-09T19:37:22.674+0000] {dag.py:2726} INFO - Sync 1 DAGs
[2023-07-09T19:37:22.700+0000] {logging_mixin.py:149} INFO - [2023-07-09T19:37:22.700+0000] {dag.py:3490} INFO - Setting next_dagrun for example_bash_operator to 2023-07-08T00:00:00+00:00, run_after=2023-07-09T00:00:00+00:00
[2023-07-09T19:37:22.722+0000] {processor.py:179} INFO - Processing /home/airflow/.local/lib/python3.7/site-packages/airflow/example_dags/example_bash_operator.py took 0.105 seconds
[2023-07-09T19:37:52.947+0000] {processor.py:157} INFO - Started process (PID=4572) to work on /home/airflow/.local/lib/python3.7/site-packages/airflow/example_dags/example_bash_operator.py
[2023-07-09T19:37:52.948+0000] {processor.py:826} INFO - Processing file /home/airflow/.local/lib/python3.7/site-packages/airflow/example_dags/example_bash_operator.py for tasks to queue
[2023-07-09T19:37:52.949+0000] {logging_mixin.py:149} INFO - [2023-07-09T19:37:52.949+0000] {dagbag.py:541} INFO - Filling up the DagBag from /home/airflow/.local/lib/python3.7/site-packages/airflow/example_dags/example_bash_operator.py
[2023-07-09T19:37:52.962+0000] {processor.py:836} INFO - DAG(s) dict_keys(['example_bash_operator']) retrieved from /home/airflow/.local/lib/python3.7/site-packages/airflow/example_dags/example_bash_operator.py
[2023-07-09T19:37:53.003+0000] {logging_mixin.py:149} INFO - [2023-07-09T19:37:53.003+0000] {dag.py:2726} INFO - Sync 1 DAGs
[2023-07-09T19:37:53.032+0000] {logging_mixin.py:149} INFO - [2023-07-09T19:37:53.031+0000] {dag.py:3490} INFO - Setting next_dagrun for example_bash_operator to 2023-07-08T00:00:00+00:00, run_after=2023-07-09T00:00:00+00:00
[2023-07-09T19:37:53.056+0000] {processor.py:179} INFO - Processing /home/airflow/.local/lib/python3.7/site-packages/airflow/example_dags/example_bash_operator.py took 0.113 seconds
[2023-07-09T19:38:23.309+0000] {processor.py:157} INFO - Started process (PID=4634) to work on /home/airflow/.local/lib/python3.7/site-packages/airflow/example_dags/example_bash_operator.py
[2023-07-09T19:38:23.310+0000] {processor.py:826} INFO - Processing file /home/airflow/.local/lib/python3.7/site-packages/airflow/example_dags/example_bash_operator.py for tasks to queue
[2023-07-09T19:38:23.312+0000] {logging_mixin.py:149} INFO - [2023-07-09T19:38:23.311+0000] {dagbag.py:541} INFO - Filling up the DagBag from /home/airflow/.local/lib/python3.7/site-packages/airflow/example_dags/example_bash_operator.py
[2023-07-09T19:38:23.327+0000] {processor.py:836} INFO - DAG(s) dict_keys(['example_bash_operator']) retrieved from /home/airflow/.local/lib/python3.7/site-packages/airflow/example_dags/example_bash_operator.py
[2023-07-09T19:38:23.365+0000] {logging_mixin.py:149} INFO - [2023-07-09T19:38:23.365+0000] {dag.py:2726} INFO - Sync 1 DAGs
[2023-07-09T19:38:23.392+0000] {logging_mixin.py:149} INFO - [2023-07-09T19:38:23.392+0000] {dag.py:3490} INFO - Setting next_dagrun for example_bash_operator to 2023-07-08T00:00:00+00:00, run_after=2023-07-09T00:00:00+00:00
[2023-07-09T19:38:23.420+0000] {processor.py:179} INFO - Processing /home/airflow/.local/lib/python3.7/site-packages/airflow/example_dags/example_bash_operator.py took 0.114 seconds
[2023-07-09T19:38:53.508+0000] {processor.py:157} INFO - Started process (PID=4696) to work on /home/airflow/.local/lib/python3.7/site-packages/airflow/example_dags/example_bash_operator.py
[2023-07-09T19:38:53.509+0000] {processor.py:826} INFO - Processing file /home/airflow/.local/lib/python3.7/site-packages/airflow/example_dags/example_bash_operator.py for tasks to queue
[2023-07-09T19:38:53.510+0000] {logging_mixin.py:149} INFO - [2023-07-09T19:38:53.510+0000] {dagbag.py:541} INFO - Filling up the DagBag from /home/airflow/.local/lib/python3.7/site-packages/airflow/example_dags/example_bash_operator.py
[2023-07-09T19:38:53.526+0000] {processor.py:836} INFO - DAG(s) dict_keys(['example_bash_operator']) retrieved from /home/airflow/.local/lib/python3.7/site-packages/airflow/example_dags/example_bash_operator.py
[2023-07-09T19:38:53.569+0000] {logging_mixin.py:149} INFO - [2023-07-09T19:38:53.569+0000] {dag.py:2726} INFO - Sync 1 DAGs
[2023-07-09T19:38:53.599+0000] {logging_mixin.py:149} INFO - [2023-07-09T19:38:53.598+0000] {dag.py:3490} INFO - Setting next_dagrun for example_bash_operator to 2023-07-08T00:00:00+00:00, run_after=2023-07-09T00:00:00+00:00
[2023-07-09T19:38:53.628+0000] {processor.py:179} INFO - Processing /home/airflow/.local/lib/python3.7/site-packages/airflow/example_dags/example_bash_operator.py took 0.123 seconds
[2023-07-09T19:39:23.969+0000] {processor.py:157} INFO - Started process (PID=4758) to work on /home/airflow/.local/lib/python3.7/site-packages/airflow/example_dags/example_bash_operator.py
[2023-07-09T19:39:23.970+0000] {processor.py:826} INFO - Processing file /home/airflow/.local/lib/python3.7/site-packages/airflow/example_dags/example_bash_operator.py for tasks to queue
[2023-07-09T19:39:23.971+0000] {logging_mixin.py:149} INFO - [2023-07-09T19:39:23.971+0000] {dagbag.py:541} INFO - Filling up the DagBag from /home/airflow/.local/lib/python3.7/site-packages/airflow/example_dags/example_bash_operator.py
[2023-07-09T19:39:23.984+0000] {processor.py:836} INFO - DAG(s) dict_keys(['example_bash_operator']) retrieved from /home/airflow/.local/lib/python3.7/site-packages/airflow/example_dags/example_bash_operator.py
[2023-07-09T19:39:24.019+0000] {logging_mixin.py:149} INFO - [2023-07-09T19:39:24.019+0000] {dag.py:2726} INFO - Sync 1 DAGs
[2023-07-09T19:39:24.043+0000] {logging_mixin.py:149} INFO - [2023-07-09T19:39:24.043+0000] {dag.py:3490} INFO - Setting next_dagrun for example_bash_operator to 2023-07-08T00:00:00+00:00, run_after=2023-07-09T00:00:00+00:00
[2023-07-09T19:39:24.065+0000] {processor.py:179} INFO - Processing /home/airflow/.local/lib/python3.7/site-packages/airflow/example_dags/example_bash_operator.py took 0.099 seconds
[2023-07-09T19:39:54.409+0000] {processor.py:157} INFO - Started process (PID=4820) to work on /home/airflow/.local/lib/python3.7/site-packages/airflow/example_dags/example_bash_operator.py
[2023-07-09T19:39:54.410+0000] {processor.py:826} INFO - Processing file /home/airflow/.local/lib/python3.7/site-packages/airflow/example_dags/example_bash_operator.py for tasks to queue
[2023-07-09T19:39:54.411+0000] {logging_mixin.py:149} INFO - [2023-07-09T19:39:54.410+0000] {dagbag.py:541} INFO - Filling up the DagBag from /home/airflow/.local/lib/python3.7/site-packages/airflow/example_dags/example_bash_operator.py
[2023-07-09T19:39:54.424+0000] {processor.py:836} INFO - DAG(s) dict_keys(['example_bash_operator']) retrieved from /home/airflow/.local/lib/python3.7/site-packages/airflow/example_dags/example_bash_operator.py
[2023-07-09T19:39:54.462+0000] {logging_mixin.py:149} INFO - [2023-07-09T19:39:54.462+0000] {dag.py:2726} INFO - Sync 1 DAGs
[2023-07-09T19:39:54.491+0000] {logging_mixin.py:149} INFO - [2023-07-09T19:39:54.491+0000] {dag.py:3490} INFO - Setting next_dagrun for example_bash_operator to 2023-07-08T00:00:00+00:00, run_after=2023-07-09T00:00:00+00:00
[2023-07-09T19:39:54.520+0000] {processor.py:179} INFO - Processing /home/airflow/.local/lib/python3.7/site-packages/airflow/example_dags/example_bash_operator.py took 0.114 seconds
[2023-07-09T19:40:24.610+0000] {processor.py:157} INFO - Started process (PID=4882) to work on /home/airflow/.local/lib/python3.7/site-packages/airflow/example_dags/example_bash_operator.py
[2023-07-09T19:40:24.611+0000] {processor.py:826} INFO - Processing file /home/airflow/.local/lib/python3.7/site-packages/airflow/example_dags/example_bash_operator.py for tasks to queue
[2023-07-09T19:40:24.612+0000] {logging_mixin.py:149} INFO - [2023-07-09T19:40:24.612+0000] {dagbag.py:541} INFO - Filling up the DagBag from /home/airflow/.local/lib/python3.7/site-packages/airflow/example_dags/example_bash_operator.py
[2023-07-09T19:40:24.625+0000] {processor.py:836} INFO - DAG(s) dict_keys(['example_bash_operator']) retrieved from /home/airflow/.local/lib/python3.7/site-packages/airflow/example_dags/example_bash_operator.py
[2023-07-09T19:40:24.661+0000] {logging_mixin.py:149} INFO - [2023-07-09T19:40:24.661+0000] {dag.py:2726} INFO - Sync 1 DAGs
[2023-07-09T19:40:24.685+0000] {logging_mixin.py:149} INFO - [2023-07-09T19:40:24.685+0000] {dag.py:3490} INFO - Setting next_dagrun for example_bash_operator to 2023-07-08T00:00:00+00:00, run_after=2023-07-09T00:00:00+00:00
[2023-07-09T19:40:24.706+0000] {processor.py:179} INFO - Processing /home/airflow/.local/lib/python3.7/site-packages/airflow/example_dags/example_bash_operator.py took 0.099 seconds
[2023-07-09T19:40:55.057+0000] {processor.py:157} INFO - Started process (PID=4944) to work on /home/airflow/.local/lib/python3.7/site-packages/airflow/example_dags/example_bash_operator.py
[2023-07-09T19:40:55.058+0000] {processor.py:826} INFO - Processing file /home/airflow/.local/lib/python3.7/site-packages/airflow/example_dags/example_bash_operator.py for tasks to queue
[2023-07-09T19:40:55.059+0000] {logging_mixin.py:149} INFO - [2023-07-09T19:40:55.059+0000] {dagbag.py:541} INFO - Filling up the DagBag from /home/airflow/.local/lib/python3.7/site-packages/airflow/example_dags/example_bash_operator.py
[2023-07-09T19:40:55.073+0000] {processor.py:836} INFO - DAG(s) dict_keys(['example_bash_operator']) retrieved from /home/airflow/.local/lib/python3.7/site-packages/airflow/example_dags/example_bash_operator.py
[2023-07-09T19:40:55.112+0000] {logging_mixin.py:149} INFO - [2023-07-09T19:40:55.112+0000] {dag.py:2726} INFO - Sync 1 DAGs
[2023-07-09T19:40:55.138+0000] {logging_mixin.py:149} INFO - [2023-07-09T19:40:55.138+0000] {dag.py:3490} INFO - Setting next_dagrun for example_bash_operator to 2023-07-08T00:00:00+00:00, run_after=2023-07-09T00:00:00+00:00
[2023-07-09T19:40:55.160+0000] {processor.py:179} INFO - Processing /home/airflow/.local/lib/python3.7/site-packages/airflow/example_dags/example_bash_operator.py took 0.106 seconds
[2023-07-09T23:59:30.476+0000] {processor.py:157} INFO - Started process (PID=5032) to work on /home/airflow/.local/lib/python3.7/site-packages/airflow/example_dags/example_bash_operator.py
[2023-07-09T23:59:30.478+0000] {processor.py:826} INFO - Processing file /home/airflow/.local/lib/python3.7/site-packages/airflow/example_dags/example_bash_operator.py for tasks to queue
[2023-07-09T23:59:30.479+0000] {logging_mixin.py:149} INFO - [2023-07-09T23:59:30.478+0000] {dagbag.py:541} INFO - Filling up the DagBag from /home/airflow/.local/lib/python3.7/site-packages/airflow/example_dags/example_bash_operator.py
[2023-07-09T23:59:30.497+0000] {processor.py:836} INFO - DAG(s) dict_keys(['example_bash_operator']) retrieved from /home/airflow/.local/lib/python3.7/site-packages/airflow/example_dags/example_bash_operator.py
[2023-07-09T23:59:30.560+0000] {logging_mixin.py:149} INFO - [2023-07-09T23:59:30.560+0000] {dag.py:2726} INFO - Sync 1 DAGs
[2023-07-09T23:59:30.591+0000] {logging_mixin.py:149} INFO - [2023-07-09T23:59:30.591+0000] {dag.py:3490} INFO - Setting next_dagrun for example_bash_operator to 2023-07-08T00:00:00+00:00, run_after=2023-07-09T00:00:00+00:00
[2023-07-09T23:59:30.615+0000] {processor.py:179} INFO - Processing /home/airflow/.local/lib/python3.7/site-packages/airflow/example_dags/example_bash_operator.py took 0.143 seconds
