[2023-07-09T19:06:50.604+0000] {processor.py:157} INFO - Started process (PID=780) to work on /home/airflow/.local/lib/python3.7/site-packages/airflow/example_dags/example_branch_labels.py
[2023-07-09T19:06:50.606+0000] {processor.py:826} INFO - Processing file /home/airflow/.local/lib/python3.7/site-packages/airflow/example_dags/example_branch_labels.py for tasks to queue
[2023-07-09T19:06:50.607+0000] {logging_mixin.py:149} INFO - [2023-07-09T19:06:50.607+0000] {dagbag.py:541} INFO - Filling up the DagBag from /home/airflow/.local/lib/python3.7/site-packages/airflow/example_dags/example_branch_labels.py
[2023-07-09T19:06:50.614+0000] {processor.py:836} INFO - DAG(s) dict_keys(['example_branch_labels']) retrieved from /home/airflow/.local/lib/python3.7/site-packages/airflow/example_dags/example_branch_labels.py
[2023-07-09T19:06:50.638+0000] {logging_mixin.py:149} INFO - [2023-07-09T19:06:50.638+0000] {dag.py:2726} INFO - Sync 1 DAGs
[2023-07-09T19:06:50.664+0000] {logging_mixin.py:149} INFO - [2023-07-09T19:06:50.664+0000] {dag.py:3490} INFO - Setting next_dagrun for example_branch_labels to 2023-07-08T00:00:00+00:00, run_after=2023-07-09T00:00:00+00:00
[2023-07-09T19:06:50.687+0000] {processor.py:179} INFO - Processing /home/airflow/.local/lib/python3.7/site-packages/airflow/example_dags/example_branch_labels.py took 0.085 seconds
[2023-07-09T19:07:20.883+0000] {processor.py:157} INFO - Started process (PID=841) to work on /home/airflow/.local/lib/python3.7/site-packages/airflow/example_dags/example_branch_labels.py
[2023-07-09T19:07:20.884+0000] {processor.py:826} INFO - Processing file /home/airflow/.local/lib/python3.7/site-packages/airflow/example_dags/example_branch_labels.py for tasks to queue
[2023-07-09T19:07:20.885+0000] {logging_mixin.py:149} INFO - [2023-07-09T19:07:20.885+0000] {dagbag.py:541} INFO - Filling up the DagBag from /home/airflow/.local/lib/python3.7/site-packages/airflow/example_dags/example_branch_labels.py
[2023-07-09T19:07:20.894+0000] {processor.py:836} INFO - DAG(s) dict_keys(['example_branch_labels']) retrieved from /home/airflow/.local/lib/python3.7/site-packages/airflow/example_dags/example_branch_labels.py
[2023-07-09T19:07:20.921+0000] {logging_mixin.py:149} INFO - [2023-07-09T19:07:20.921+0000] {dag.py:2726} INFO - Sync 1 DAGs
[2023-07-09T19:07:20.951+0000] {logging_mixin.py:149} INFO - [2023-07-09T19:07:20.950+0000] {dag.py:3490} INFO - Setting next_dagrun for example_branch_labels to 2023-07-08T00:00:00+00:00, run_after=2023-07-09T00:00:00+00:00
[2023-07-09T19:07:20.974+0000] {processor.py:179} INFO - Processing /home/airflow/.local/lib/python3.7/site-packages/airflow/example_dags/example_branch_labels.py took 0.094 seconds
[2023-07-09T19:07:51.200+0000] {processor.py:157} INFO - Started process (PID=902) to work on /home/airflow/.local/lib/python3.7/site-packages/airflow/example_dags/example_branch_labels.py
[2023-07-09T19:07:51.201+0000] {processor.py:826} INFO - Processing file /home/airflow/.local/lib/python3.7/site-packages/airflow/example_dags/example_branch_labels.py for tasks to queue
[2023-07-09T19:07:51.202+0000] {logging_mixin.py:149} INFO - [2023-07-09T19:07:51.202+0000] {dagbag.py:541} INFO - Filling up the DagBag from /home/airflow/.local/lib/python3.7/site-packages/airflow/example_dags/example_branch_labels.py
[2023-07-09T19:07:51.209+0000] {processor.py:836} INFO - DAG(s) dict_keys(['example_branch_labels']) retrieved from /home/airflow/.local/lib/python3.7/site-packages/airflow/example_dags/example_branch_labels.py
[2023-07-09T19:07:51.235+0000] {logging_mixin.py:149} INFO - [2023-07-09T19:07:51.235+0000] {dag.py:2726} INFO - Sync 1 DAGs
[2023-07-09T19:07:51.260+0000] {logging_mixin.py:149} INFO - [2023-07-09T19:07:51.260+0000] {dag.py:3490} INFO - Setting next_dagrun for example_branch_labels to 2023-07-08T00:00:00+00:00, run_after=2023-07-09T00:00:00+00:00
[2023-07-09T19:07:51.281+0000] {processor.py:179} INFO - Processing /home/airflow/.local/lib/python3.7/site-packages/airflow/example_dags/example_branch_labels.py took 0.084 seconds
[2023-07-09T19:08:21.441+0000] {processor.py:157} INFO - Started process (PID=963) to work on /home/airflow/.local/lib/python3.7/site-packages/airflow/example_dags/example_branch_labels.py
[2023-07-09T19:08:21.443+0000] {processor.py:826} INFO - Processing file /home/airflow/.local/lib/python3.7/site-packages/airflow/example_dags/example_branch_labels.py for tasks to queue
[2023-07-09T19:08:21.444+0000] {logging_mixin.py:149} INFO - [2023-07-09T19:08:21.444+0000] {dagbag.py:541} INFO - Filling up the DagBag from /home/airflow/.local/lib/python3.7/site-packages/airflow/example_dags/example_branch_labels.py
[2023-07-09T19:08:21.451+0000] {processor.py:836} INFO - DAG(s) dict_keys(['example_branch_labels']) retrieved from /home/airflow/.local/lib/python3.7/site-packages/airflow/example_dags/example_branch_labels.py
[2023-07-09T19:08:21.465+0000] {logging_mixin.py:149} INFO - [2023-07-09T19:08:21.464+0000] {dag.py:2726} INFO - Sync 1 DAGs
[2023-07-09T19:08:21.492+0000] {logging_mixin.py:149} INFO - [2023-07-09T19:08:21.492+0000] {dag.py:3490} INFO - Setting next_dagrun for example_branch_labels to 2023-07-08T00:00:00+00:00, run_after=2023-07-09T00:00:00+00:00
[2023-07-09T19:08:21.515+0000] {processor.py:179} INFO - Processing /home/airflow/.local/lib/python3.7/site-packages/airflow/example_dags/example_branch_labels.py took 0.076 seconds
[2023-07-09T19:08:51.867+0000] {processor.py:157} INFO - Started process (PID=1024) to work on /home/airflow/.local/lib/python3.7/site-packages/airflow/example_dags/example_branch_labels.py
[2023-07-09T19:08:51.869+0000] {processor.py:826} INFO - Processing file /home/airflow/.local/lib/python3.7/site-packages/airflow/example_dags/example_branch_labels.py for tasks to queue
[2023-07-09T19:08:51.870+0000] {logging_mixin.py:149} INFO - [2023-07-09T19:08:51.870+0000] {dagbag.py:541} INFO - Filling up the DagBag from /home/airflow/.local/lib/python3.7/site-packages/airflow/example_dags/example_branch_labels.py
[2023-07-09T19:08:51.877+0000] {processor.py:836} INFO - DAG(s) dict_keys(['example_branch_labels']) retrieved from /home/airflow/.local/lib/python3.7/site-packages/airflow/example_dags/example_branch_labels.py
[2023-07-09T19:08:51.902+0000] {logging_mixin.py:149} INFO - [2023-07-09T19:08:51.902+0000] {dag.py:2726} INFO - Sync 1 DAGs
[2023-07-09T19:08:51.928+0000] {logging_mixin.py:149} INFO - [2023-07-09T19:08:51.928+0000] {dag.py:3490} INFO - Setting next_dagrun for example_branch_labels to 2023-07-08T00:00:00+00:00, run_after=2023-07-09T00:00:00+00:00
[2023-07-09T19:08:51.949+0000] {processor.py:179} INFO - Processing /home/airflow/.local/lib/python3.7/site-packages/airflow/example_dags/example_branch_labels.py took 0.085 seconds
[2023-07-09T19:09:22.686+0000] {processor.py:157} INFO - Started process (PID=1085) to work on /home/airflow/.local/lib/python3.7/site-packages/airflow/example_dags/example_branch_labels.py
[2023-07-09T19:09:22.687+0000] {processor.py:826} INFO - Processing file /home/airflow/.local/lib/python3.7/site-packages/airflow/example_dags/example_branch_labels.py for tasks to queue
[2023-07-09T19:09:22.688+0000] {logging_mixin.py:149} INFO - [2023-07-09T19:09:22.688+0000] {dagbag.py:541} INFO - Filling up the DagBag from /home/airflow/.local/lib/python3.7/site-packages/airflow/example_dags/example_branch_labels.py
[2023-07-09T19:09:22.695+0000] {processor.py:836} INFO - DAG(s) dict_keys(['example_branch_labels']) retrieved from /home/airflow/.local/lib/python3.7/site-packages/airflow/example_dags/example_branch_labels.py
[2023-07-09T19:09:22.707+0000] {logging_mixin.py:149} INFO - [2023-07-09T19:09:22.707+0000] {dag.py:2726} INFO - Sync 1 DAGs
[2023-07-09T19:09:22.734+0000] {logging_mixin.py:149} INFO - [2023-07-09T19:09:22.734+0000] {dag.py:3490} INFO - Setting next_dagrun for example_branch_labels to 2023-07-08T00:00:00+00:00, run_after=2023-07-09T00:00:00+00:00
[2023-07-09T19:09:22.756+0000] {processor.py:179} INFO - Processing /home/airflow/.local/lib/python3.7/site-packages/airflow/example_dags/example_branch_labels.py took 0.074 seconds
[2023-07-09T19:09:53.120+0000] {processor.py:157} INFO - Started process (PID=1146) to work on /home/airflow/.local/lib/python3.7/site-packages/airflow/example_dags/example_branch_labels.py
[2023-07-09T19:09:53.121+0000] {processor.py:826} INFO - Processing file /home/airflow/.local/lib/python3.7/site-packages/airflow/example_dags/example_branch_labels.py for tasks to queue
[2023-07-09T19:09:53.122+0000] {logging_mixin.py:149} INFO - [2023-07-09T19:09:53.122+0000] {dagbag.py:541} INFO - Filling up the DagBag from /home/airflow/.local/lib/python3.7/site-packages/airflow/example_dags/example_branch_labels.py
[2023-07-09T19:09:53.129+0000] {processor.py:836} INFO - DAG(s) dict_keys(['example_branch_labels']) retrieved from /home/airflow/.local/lib/python3.7/site-packages/airflow/example_dags/example_branch_labels.py
[2023-07-09T19:09:53.156+0000] {logging_mixin.py:149} INFO - [2023-07-09T19:09:53.155+0000] {dag.py:2726} INFO - Sync 1 DAGs
[2023-07-09T19:09:53.181+0000] {logging_mixin.py:149} INFO - [2023-07-09T19:09:53.181+0000] {dag.py:3490} INFO - Setting next_dagrun for example_branch_labels to 2023-07-08T00:00:00+00:00, run_after=2023-07-09T00:00:00+00:00
[2023-07-09T19:09:53.201+0000] {processor.py:179} INFO - Processing /home/airflow/.local/lib/python3.7/site-packages/airflow/example_dags/example_branch_labels.py took 0.084 seconds
[2023-07-09T19:10:23.398+0000] {processor.py:157} INFO - Started process (PID=1207) to work on /home/airflow/.local/lib/python3.7/site-packages/airflow/example_dags/example_branch_labels.py
[2023-07-09T19:10:23.399+0000] {processor.py:826} INFO - Processing file /home/airflow/.local/lib/python3.7/site-packages/airflow/example_dags/example_branch_labels.py for tasks to queue
[2023-07-09T19:10:23.401+0000] {logging_mixin.py:149} INFO - [2023-07-09T19:10:23.401+0000] {dagbag.py:541} INFO - Filling up the DagBag from /home/airflow/.local/lib/python3.7/site-packages/airflow/example_dags/example_branch_labels.py
[2023-07-09T19:10:23.410+0000] {processor.py:836} INFO - DAG(s) dict_keys(['example_branch_labels']) retrieved from /home/airflow/.local/lib/python3.7/site-packages/airflow/example_dags/example_branch_labels.py
[2023-07-09T19:10:23.438+0000] {logging_mixin.py:149} INFO - [2023-07-09T19:10:23.437+0000] {dag.py:2726} INFO - Sync 1 DAGs
[2023-07-09T19:10:23.464+0000] {logging_mixin.py:149} INFO - [2023-07-09T19:10:23.464+0000] {dag.py:3490} INFO - Setting next_dagrun for example_branch_labels to 2023-07-08T00:00:00+00:00, run_after=2023-07-09T00:00:00+00:00
[2023-07-09T19:10:23.489+0000] {processor.py:179} INFO - Processing /home/airflow/.local/lib/python3.7/site-packages/airflow/example_dags/example_branch_labels.py took 0.094 seconds
[2023-07-09T19:10:53.617+0000] {processor.py:157} INFO - Started process (PID=1268) to work on /home/airflow/.local/lib/python3.7/site-packages/airflow/example_dags/example_branch_labels.py
[2023-07-09T19:10:53.618+0000] {processor.py:826} INFO - Processing file /home/airflow/.local/lib/python3.7/site-packages/airflow/example_dags/example_branch_labels.py for tasks to queue
[2023-07-09T19:10:53.619+0000] {logging_mixin.py:149} INFO - [2023-07-09T19:10:53.619+0000] {dagbag.py:541} INFO - Filling up the DagBag from /home/airflow/.local/lib/python3.7/site-packages/airflow/example_dags/example_branch_labels.py
[2023-07-09T19:10:53.629+0000] {processor.py:836} INFO - DAG(s) dict_keys(['example_branch_labels']) retrieved from /home/airflow/.local/lib/python3.7/site-packages/airflow/example_dags/example_branch_labels.py
[2023-07-09T19:10:53.657+0000] {logging_mixin.py:149} INFO - [2023-07-09T19:10:53.657+0000] {dag.py:2726} INFO - Sync 1 DAGs
[2023-07-09T19:10:53.685+0000] {logging_mixin.py:149} INFO - [2023-07-09T19:10:53.685+0000] {dag.py:3490} INFO - Setting next_dagrun for example_branch_labels to 2023-07-08T00:00:00+00:00, run_after=2023-07-09T00:00:00+00:00
[2023-07-09T19:10:53.704+0000] {processor.py:179} INFO - Processing /home/airflow/.local/lib/python3.7/site-packages/airflow/example_dags/example_branch_labels.py took 0.090 seconds
[2023-07-09T19:11:23.890+0000] {processor.py:157} INFO - Started process (PID=1329) to work on /home/airflow/.local/lib/python3.7/site-packages/airflow/example_dags/example_branch_labels.py
[2023-07-09T19:11:23.892+0000] {processor.py:826} INFO - Processing file /home/airflow/.local/lib/python3.7/site-packages/airflow/example_dags/example_branch_labels.py for tasks to queue
[2023-07-09T19:11:23.893+0000] {logging_mixin.py:149} INFO - [2023-07-09T19:11:23.893+0000] {dagbag.py:541} INFO - Filling up the DagBag from /home/airflow/.local/lib/python3.7/site-packages/airflow/example_dags/example_branch_labels.py
[2023-07-09T19:11:23.902+0000] {processor.py:836} INFO - DAG(s) dict_keys(['example_branch_labels']) retrieved from /home/airflow/.local/lib/python3.7/site-packages/airflow/example_dags/example_branch_labels.py
[2023-07-09T19:11:23.933+0000] {logging_mixin.py:149} INFO - [2023-07-09T19:11:23.933+0000] {dag.py:2726} INFO - Sync 1 DAGs
[2023-07-09T19:11:23.968+0000] {logging_mixin.py:149} INFO - [2023-07-09T19:11:23.968+0000] {dag.py:3490} INFO - Setting next_dagrun for example_branch_labels to 2023-07-08T00:00:00+00:00, run_after=2023-07-09T00:00:00+00:00
[2023-07-09T19:11:23.995+0000] {processor.py:179} INFO - Processing /home/airflow/.local/lib/python3.7/site-packages/airflow/example_dags/example_branch_labels.py took 0.110 seconds
[2023-07-09T19:11:54.212+0000] {processor.py:157} INFO - Started process (PID=1390) to work on /home/airflow/.local/lib/python3.7/site-packages/airflow/example_dags/example_branch_labels.py
[2023-07-09T19:11:54.213+0000] {processor.py:826} INFO - Processing file /home/airflow/.local/lib/python3.7/site-packages/airflow/example_dags/example_branch_labels.py for tasks to queue
[2023-07-09T19:11:54.214+0000] {logging_mixin.py:149} INFO - [2023-07-09T19:11:54.214+0000] {dagbag.py:541} INFO - Filling up the DagBag from /home/airflow/.local/lib/python3.7/site-packages/airflow/example_dags/example_branch_labels.py
[2023-07-09T19:11:54.225+0000] {processor.py:836} INFO - DAG(s) dict_keys(['example_branch_labels']) retrieved from /home/airflow/.local/lib/python3.7/site-packages/airflow/example_dags/example_branch_labels.py
[2023-07-09T19:11:54.257+0000] {logging_mixin.py:149} INFO - [2023-07-09T19:11:54.256+0000] {dag.py:2726} INFO - Sync 1 DAGs
[2023-07-09T19:11:54.293+0000] {logging_mixin.py:149} INFO - [2023-07-09T19:11:54.293+0000] {dag.py:3490} INFO - Setting next_dagrun for example_branch_labels to 2023-07-08T00:00:00+00:00, run_after=2023-07-09T00:00:00+00:00
[2023-07-09T19:11:54.321+0000] {processor.py:179} INFO - Processing /home/airflow/.local/lib/python3.7/site-packages/airflow/example_dags/example_branch_labels.py took 0.113 seconds
[2023-07-09T19:12:24.405+0000] {processor.py:157} INFO - Started process (PID=1452) to work on /home/airflow/.local/lib/python3.7/site-packages/airflow/example_dags/example_branch_labels.py
[2023-07-09T19:12:24.406+0000] {processor.py:826} INFO - Processing file /home/airflow/.local/lib/python3.7/site-packages/airflow/example_dags/example_branch_labels.py for tasks to queue
[2023-07-09T19:12:24.407+0000] {logging_mixin.py:149} INFO - [2023-07-09T19:12:24.407+0000] {dagbag.py:541} INFO - Filling up the DagBag from /home/airflow/.local/lib/python3.7/site-packages/airflow/example_dags/example_branch_labels.py
[2023-07-09T19:12:24.416+0000] {processor.py:836} INFO - DAG(s) dict_keys(['example_branch_labels']) retrieved from /home/airflow/.local/lib/python3.7/site-packages/airflow/example_dags/example_branch_labels.py
[2023-07-09T19:12:24.432+0000] {logging_mixin.py:149} INFO - [2023-07-09T19:12:24.432+0000] {dag.py:2726} INFO - Sync 1 DAGs
[2023-07-09T19:12:24.464+0000] {logging_mixin.py:149} INFO - [2023-07-09T19:12:24.464+0000] {dag.py:3490} INFO - Setting next_dagrun for example_branch_labels to 2023-07-08T00:00:00+00:00, run_after=2023-07-09T00:00:00+00:00
[2023-07-09T19:12:24.487+0000] {processor.py:179} INFO - Processing /home/airflow/.local/lib/python3.7/site-packages/airflow/example_dags/example_branch_labels.py took 0.086 seconds
[2023-07-09T19:12:55.154+0000] {processor.py:157} INFO - Started process (PID=1513) to work on /home/airflow/.local/lib/python3.7/site-packages/airflow/example_dags/example_branch_labels.py
[2023-07-09T19:12:55.155+0000] {processor.py:826} INFO - Processing file /home/airflow/.local/lib/python3.7/site-packages/airflow/example_dags/example_branch_labels.py for tasks to queue
[2023-07-09T19:12:55.156+0000] {logging_mixin.py:149} INFO - [2023-07-09T19:12:55.156+0000] {dagbag.py:541} INFO - Filling up the DagBag from /home/airflow/.local/lib/python3.7/site-packages/airflow/example_dags/example_branch_labels.py
[2023-07-09T19:12:55.165+0000] {processor.py:836} INFO - DAG(s) dict_keys(['example_branch_labels']) retrieved from /home/airflow/.local/lib/python3.7/site-packages/airflow/example_dags/example_branch_labels.py
[2023-07-09T19:12:55.190+0000] {logging_mixin.py:149} INFO - [2023-07-09T19:12:55.190+0000] {dag.py:2726} INFO - Sync 1 DAGs
[2023-07-09T19:12:55.217+0000] {logging_mixin.py:149} INFO - [2023-07-09T19:12:55.217+0000] {dag.py:3490} INFO - Setting next_dagrun for example_branch_labels to 2023-07-08T00:00:00+00:00, run_after=2023-07-09T00:00:00+00:00
[2023-07-09T19:12:55.251+0000] {processor.py:179} INFO - Processing /home/airflow/.local/lib/python3.7/site-packages/airflow/example_dags/example_branch_labels.py took 0.100 seconds
[2023-07-09T19:13:25.391+0000] {processor.py:157} INFO - Started process (PID=1575) to work on /home/airflow/.local/lib/python3.7/site-packages/airflow/example_dags/example_branch_labels.py
[2023-07-09T19:13:25.393+0000] {processor.py:826} INFO - Processing file /home/airflow/.local/lib/python3.7/site-packages/airflow/example_dags/example_branch_labels.py for tasks to queue
[2023-07-09T19:13:25.394+0000] {logging_mixin.py:149} INFO - [2023-07-09T19:13:25.393+0000] {dagbag.py:541} INFO - Filling up the DagBag from /home/airflow/.local/lib/python3.7/site-packages/airflow/example_dags/example_branch_labels.py
[2023-07-09T19:13:25.402+0000] {processor.py:836} INFO - DAG(s) dict_keys(['example_branch_labels']) retrieved from /home/airflow/.local/lib/python3.7/site-packages/airflow/example_dags/example_branch_labels.py
[2023-07-09T19:13:25.428+0000] {logging_mixin.py:149} INFO - [2023-07-09T19:13:25.428+0000] {dag.py:2726} INFO - Sync 1 DAGs
[2023-07-09T19:13:25.454+0000] {logging_mixin.py:149} INFO - [2023-07-09T19:13:25.454+0000] {dag.py:3490} INFO - Setting next_dagrun for example_branch_labels to 2023-07-08T00:00:00+00:00, run_after=2023-07-09T00:00:00+00:00
[2023-07-09T19:13:25.475+0000] {processor.py:179} INFO - Processing /home/airflow/.local/lib/python3.7/site-packages/airflow/example_dags/example_branch_labels.py took 0.087 seconds
[2023-07-09T19:13:55.771+0000] {processor.py:157} INFO - Started process (PID=1636) to work on /home/airflow/.local/lib/python3.7/site-packages/airflow/example_dags/example_branch_labels.py
[2023-07-09T19:13:55.773+0000] {processor.py:826} INFO - Processing file /home/airflow/.local/lib/python3.7/site-packages/airflow/example_dags/example_branch_labels.py for tasks to queue
[2023-07-09T19:13:55.774+0000] {logging_mixin.py:149} INFO - [2023-07-09T19:13:55.773+0000] {dagbag.py:541} INFO - Filling up the DagBag from /home/airflow/.local/lib/python3.7/site-packages/airflow/example_dags/example_branch_labels.py
[2023-07-09T19:13:55.781+0000] {processor.py:836} INFO - DAG(s) dict_keys(['example_branch_labels']) retrieved from /home/airflow/.local/lib/python3.7/site-packages/airflow/example_dags/example_branch_labels.py
[2023-07-09T19:13:55.809+0000] {logging_mixin.py:149} INFO - [2023-07-09T19:13:55.809+0000] {dag.py:2726} INFO - Sync 1 DAGs
[2023-07-09T19:13:55.839+0000] {logging_mixin.py:149} INFO - [2023-07-09T19:13:55.839+0000] {dag.py:3490} INFO - Setting next_dagrun for example_branch_labels to 2023-07-08T00:00:00+00:00, run_after=2023-07-09T00:00:00+00:00
[2023-07-09T19:13:55.863+0000] {processor.py:179} INFO - Processing /home/airflow/.local/lib/python3.7/site-packages/airflow/example_dags/example_branch_labels.py took 0.095 seconds
[2023-07-09T19:14:26.050+0000] {processor.py:157} INFO - Started process (PID=1697) to work on /home/airflow/.local/lib/python3.7/site-packages/airflow/example_dags/example_branch_labels.py
[2023-07-09T19:14:26.052+0000] {processor.py:826} INFO - Processing file /home/airflow/.local/lib/python3.7/site-packages/airflow/example_dags/example_branch_labels.py for tasks to queue
[2023-07-09T19:14:26.053+0000] {logging_mixin.py:149} INFO - [2023-07-09T19:14:26.053+0000] {dagbag.py:541} INFO - Filling up the DagBag from /home/airflow/.local/lib/python3.7/site-packages/airflow/example_dags/example_branch_labels.py
[2023-07-09T19:14:26.060+0000] {processor.py:836} INFO - DAG(s) dict_keys(['example_branch_labels']) retrieved from /home/airflow/.local/lib/python3.7/site-packages/airflow/example_dags/example_branch_labels.py
[2023-07-09T19:14:26.085+0000] {logging_mixin.py:149} INFO - [2023-07-09T19:14:26.084+0000] {dag.py:2726} INFO - Sync 1 DAGs
[2023-07-09T19:14:26.110+0000] {logging_mixin.py:149} INFO - [2023-07-09T19:14:26.110+0000] {dag.py:3490} INFO - Setting next_dagrun for example_branch_labels to 2023-07-08T00:00:00+00:00, run_after=2023-07-09T00:00:00+00:00
[2023-07-09T19:14:26.130+0000] {processor.py:179} INFO - Processing /home/airflow/.local/lib/python3.7/site-packages/airflow/example_dags/example_branch_labels.py took 0.082 seconds
[2023-07-09T19:14:56.273+0000] {processor.py:157} INFO - Started process (PID=1758) to work on /home/airflow/.local/lib/python3.7/site-packages/airflow/example_dags/example_branch_labels.py
[2023-07-09T19:14:56.274+0000] {processor.py:826} INFO - Processing file /home/airflow/.local/lib/python3.7/site-packages/airflow/example_dags/example_branch_labels.py for tasks to queue
[2023-07-09T19:14:56.275+0000] {logging_mixin.py:149} INFO - [2023-07-09T19:14:56.275+0000] {dagbag.py:541} INFO - Filling up the DagBag from /home/airflow/.local/lib/python3.7/site-packages/airflow/example_dags/example_branch_labels.py
[2023-07-09T19:14:56.282+0000] {processor.py:836} INFO - DAG(s) dict_keys(['example_branch_labels']) retrieved from /home/airflow/.local/lib/python3.7/site-packages/airflow/example_dags/example_branch_labels.py
[2023-07-09T19:14:56.309+0000] {logging_mixin.py:149} INFO - [2023-07-09T19:14:56.309+0000] {dag.py:2726} INFO - Sync 1 DAGs
[2023-07-09T19:14:56.333+0000] {logging_mixin.py:149} INFO - [2023-07-09T19:14:56.332+0000] {dag.py:3490} INFO - Setting next_dagrun for example_branch_labels to 2023-07-08T00:00:00+00:00, run_after=2023-07-09T00:00:00+00:00
[2023-07-09T19:14:56.353+0000] {processor.py:179} INFO - Processing /home/airflow/.local/lib/python3.7/site-packages/airflow/example_dags/example_branch_labels.py took 0.083 seconds
[2023-07-09T19:15:27.071+0000] {processor.py:157} INFO - Started process (PID=1819) to work on /home/airflow/.local/lib/python3.7/site-packages/airflow/example_dags/example_branch_labels.py
[2023-07-09T19:15:27.072+0000] {processor.py:826} INFO - Processing file /home/airflow/.local/lib/python3.7/site-packages/airflow/example_dags/example_branch_labels.py for tasks to queue
[2023-07-09T19:15:27.073+0000] {logging_mixin.py:149} INFO - [2023-07-09T19:15:27.073+0000] {dagbag.py:541} INFO - Filling up the DagBag from /home/airflow/.local/lib/python3.7/site-packages/airflow/example_dags/example_branch_labels.py
[2023-07-09T19:15:27.080+0000] {processor.py:836} INFO - DAG(s) dict_keys(['example_branch_labels']) retrieved from /home/airflow/.local/lib/python3.7/site-packages/airflow/example_dags/example_branch_labels.py
[2023-07-09T19:15:27.104+0000] {logging_mixin.py:149} INFO - [2023-07-09T19:15:27.104+0000] {dag.py:2726} INFO - Sync 1 DAGs
[2023-07-09T19:15:27.130+0000] {logging_mixin.py:149} INFO - [2023-07-09T19:15:27.130+0000] {dag.py:3490} INFO - Setting next_dagrun for example_branch_labels to 2023-07-08T00:00:00+00:00, run_after=2023-07-09T00:00:00+00:00
[2023-07-09T19:15:27.152+0000] {processor.py:179} INFO - Processing /home/airflow/.local/lib/python3.7/site-packages/airflow/example_dags/example_branch_labels.py took 0.083 seconds
[2023-07-09T19:15:57.381+0000] {processor.py:157} INFO - Started process (PID=1881) to work on /home/airflow/.local/lib/python3.7/site-packages/airflow/example_dags/example_branch_labels.py
[2023-07-09T19:15:57.382+0000] {processor.py:826} INFO - Processing file /home/airflow/.local/lib/python3.7/site-packages/airflow/example_dags/example_branch_labels.py for tasks to queue
[2023-07-09T19:15:57.383+0000] {logging_mixin.py:149} INFO - [2023-07-09T19:15:57.383+0000] {dagbag.py:541} INFO - Filling up the DagBag from /home/airflow/.local/lib/python3.7/site-packages/airflow/example_dags/example_branch_labels.py
[2023-07-09T19:15:57.390+0000] {processor.py:836} INFO - DAG(s) dict_keys(['example_branch_labels']) retrieved from /home/airflow/.local/lib/python3.7/site-packages/airflow/example_dags/example_branch_labels.py
[2023-07-09T19:15:57.414+0000] {logging_mixin.py:149} INFO - [2023-07-09T19:15:57.414+0000] {dag.py:2726} INFO - Sync 1 DAGs
[2023-07-09T19:15:57.442+0000] {logging_mixin.py:149} INFO - [2023-07-09T19:15:57.442+0000] {dag.py:3490} INFO - Setting next_dagrun for example_branch_labels to 2023-07-08T00:00:00+00:00, run_after=2023-07-09T00:00:00+00:00
[2023-07-09T19:15:57.463+0000] {processor.py:179} INFO - Processing /home/airflow/.local/lib/python3.7/site-packages/airflow/example_dags/example_branch_labels.py took 0.086 seconds
[2023-07-09T19:16:27.580+0000] {processor.py:157} INFO - Started process (PID=1944) to work on /home/airflow/.local/lib/python3.7/site-packages/airflow/example_dags/example_branch_labels.py
[2023-07-09T19:16:27.581+0000] {processor.py:826} INFO - Processing file /home/airflow/.local/lib/python3.7/site-packages/airflow/example_dags/example_branch_labels.py for tasks to queue
[2023-07-09T19:16:27.582+0000] {logging_mixin.py:149} INFO - [2023-07-09T19:16:27.582+0000] {dagbag.py:541} INFO - Filling up the DagBag from /home/airflow/.local/lib/python3.7/site-packages/airflow/example_dags/example_branch_labels.py
[2023-07-09T19:16:27.588+0000] {processor.py:836} INFO - DAG(s) dict_keys(['example_branch_labels']) retrieved from /home/airflow/.local/lib/python3.7/site-packages/airflow/example_dags/example_branch_labels.py
[2023-07-09T19:16:27.614+0000] {logging_mixin.py:149} INFO - [2023-07-09T19:16:27.614+0000] {dag.py:2726} INFO - Sync 1 DAGs
[2023-07-09T19:16:27.640+0000] {logging_mixin.py:149} INFO - [2023-07-09T19:16:27.639+0000] {dag.py:3490} INFO - Setting next_dagrun for example_branch_labels to 2023-07-08T00:00:00+00:00, run_after=2023-07-09T00:00:00+00:00
[2023-07-09T19:16:27.660+0000] {processor.py:179} INFO - Processing /home/airflow/.local/lib/python3.7/site-packages/airflow/example_dags/example_branch_labels.py took 0.083 seconds
[2023-07-09T19:16:57.783+0000] {processor.py:157} INFO - Started process (PID=2006) to work on /home/airflow/.local/lib/python3.7/site-packages/airflow/example_dags/example_branch_labels.py
[2023-07-09T19:16:57.791+0000] {processor.py:826} INFO - Processing file /home/airflow/.local/lib/python3.7/site-packages/airflow/example_dags/example_branch_labels.py for tasks to queue
[2023-07-09T19:16:57.793+0000] {logging_mixin.py:149} INFO - [2023-07-09T19:16:57.792+0000] {dagbag.py:541} INFO - Filling up the DagBag from /home/airflow/.local/lib/python3.7/site-packages/airflow/example_dags/example_branch_labels.py
[2023-07-09T19:16:57.801+0000] {processor.py:836} INFO - DAG(s) dict_keys(['example_branch_labels']) retrieved from /home/airflow/.local/lib/python3.7/site-packages/airflow/example_dags/example_branch_labels.py
[2023-07-09T19:16:57.843+0000] {logging_mixin.py:149} INFO - [2023-07-09T19:16:57.843+0000] {dag.py:2726} INFO - Sync 1 DAGs
[2023-07-09T19:16:57.867+0000] {logging_mixin.py:149} INFO - [2023-07-09T19:16:57.867+0000] {dag.py:3490} INFO - Setting next_dagrun for example_branch_labels to 2023-07-08T00:00:00+00:00, run_after=2023-07-09T00:00:00+00:00
[2023-07-09T19:16:57.885+0000] {processor.py:179} INFO - Processing /home/airflow/.local/lib/python3.7/site-packages/airflow/example_dags/example_branch_labels.py took 0.105 seconds
[2023-07-09T19:17:28.141+0000] {processor.py:157} INFO - Started process (PID=2068) to work on /home/airflow/.local/lib/python3.7/site-packages/airflow/example_dags/example_branch_labels.py
[2023-07-09T19:17:28.142+0000] {processor.py:826} INFO - Processing file /home/airflow/.local/lib/python3.7/site-packages/airflow/example_dags/example_branch_labels.py for tasks to queue
[2023-07-09T19:17:28.142+0000] {logging_mixin.py:149} INFO - [2023-07-09T19:17:28.142+0000] {dagbag.py:541} INFO - Filling up the DagBag from /home/airflow/.local/lib/python3.7/site-packages/airflow/example_dags/example_branch_labels.py
[2023-07-09T19:17:28.149+0000] {processor.py:836} INFO - DAG(s) dict_keys(['example_branch_labels']) retrieved from /home/airflow/.local/lib/python3.7/site-packages/airflow/example_dags/example_branch_labels.py
[2023-07-09T19:17:28.173+0000] {logging_mixin.py:149} INFO - [2023-07-09T19:17:28.173+0000] {dag.py:2726} INFO - Sync 1 DAGs
[2023-07-09T19:17:28.197+0000] {logging_mixin.py:149} INFO - [2023-07-09T19:17:28.196+0000] {dag.py:3490} INFO - Setting next_dagrun for example_branch_labels to 2023-07-08T00:00:00+00:00, run_after=2023-07-09T00:00:00+00:00
[2023-07-09T19:17:28.218+0000] {processor.py:179} INFO - Processing /home/airflow/.local/lib/python3.7/site-packages/airflow/example_dags/example_branch_labels.py took 0.080 seconds
[2023-07-09T19:17:59.036+0000] {processor.py:157} INFO - Started process (PID=2130) to work on /home/airflow/.local/lib/python3.7/site-packages/airflow/example_dags/example_branch_labels.py
[2023-07-09T19:17:59.037+0000] {processor.py:826} INFO - Processing file /home/airflow/.local/lib/python3.7/site-packages/airflow/example_dags/example_branch_labels.py for tasks to queue
[2023-07-09T19:17:59.038+0000] {logging_mixin.py:149} INFO - [2023-07-09T19:17:59.038+0000] {dagbag.py:541} INFO - Filling up the DagBag from /home/airflow/.local/lib/python3.7/site-packages/airflow/example_dags/example_branch_labels.py
[2023-07-09T19:17:59.047+0000] {processor.py:836} INFO - DAG(s) dict_keys(['example_branch_labels']) retrieved from /home/airflow/.local/lib/python3.7/site-packages/airflow/example_dags/example_branch_labels.py
[2023-07-09T19:17:59.073+0000] {logging_mixin.py:149} INFO - [2023-07-09T19:17:59.073+0000] {dag.py:2726} INFO - Sync 1 DAGs
[2023-07-09T19:17:59.099+0000] {logging_mixin.py:149} INFO - [2023-07-09T19:17:59.099+0000] {dag.py:3490} INFO - Setting next_dagrun for example_branch_labels to 2023-07-08T00:00:00+00:00, run_after=2023-07-09T00:00:00+00:00
[2023-07-09T19:17:59.119+0000] {processor.py:179} INFO - Processing /home/airflow/.local/lib/python3.7/site-packages/airflow/example_dags/example_branch_labels.py took 0.086 seconds
[2023-07-09T19:18:29.358+0000] {processor.py:157} INFO - Started process (PID=2192) to work on /home/airflow/.local/lib/python3.7/site-packages/airflow/example_dags/example_branch_labels.py
[2023-07-09T19:18:29.359+0000] {processor.py:826} INFO - Processing file /home/airflow/.local/lib/python3.7/site-packages/airflow/example_dags/example_branch_labels.py for tasks to queue
[2023-07-09T19:18:29.359+0000] {logging_mixin.py:149} INFO - [2023-07-09T19:18:29.359+0000] {dagbag.py:541} INFO - Filling up the DagBag from /home/airflow/.local/lib/python3.7/site-packages/airflow/example_dags/example_branch_labels.py
[2023-07-09T19:18:29.365+0000] {processor.py:836} INFO - DAG(s) dict_keys(['example_branch_labels']) retrieved from /home/airflow/.local/lib/python3.7/site-packages/airflow/example_dags/example_branch_labels.py
[2023-07-09T19:18:29.388+0000] {logging_mixin.py:149} INFO - [2023-07-09T19:18:29.388+0000] {dag.py:2726} INFO - Sync 1 DAGs
[2023-07-09T19:18:29.412+0000] {logging_mixin.py:149} INFO - [2023-07-09T19:18:29.412+0000] {dag.py:3490} INFO - Setting next_dagrun for example_branch_labels to 2023-07-08T00:00:00+00:00, run_after=2023-07-09T00:00:00+00:00
[2023-07-09T19:18:29.429+0000] {processor.py:179} INFO - Processing /home/airflow/.local/lib/python3.7/site-packages/airflow/example_dags/example_branch_labels.py took 0.075 seconds
[2023-07-09T19:18:59.671+0000] {processor.py:157} INFO - Started process (PID=2254) to work on /home/airflow/.local/lib/python3.7/site-packages/airflow/example_dags/example_branch_labels.py
[2023-07-09T19:18:59.672+0000] {processor.py:826} INFO - Processing file /home/airflow/.local/lib/python3.7/site-packages/airflow/example_dags/example_branch_labels.py for tasks to queue
[2023-07-09T19:18:59.674+0000] {logging_mixin.py:149} INFO - [2023-07-09T19:18:59.673+0000] {dagbag.py:541} INFO - Filling up the DagBag from /home/airflow/.local/lib/python3.7/site-packages/airflow/example_dags/example_branch_labels.py
[2023-07-09T19:18:59.681+0000] {processor.py:836} INFO - DAG(s) dict_keys(['example_branch_labels']) retrieved from /home/airflow/.local/lib/python3.7/site-packages/airflow/example_dags/example_branch_labels.py
[2023-07-09T19:18:59.706+0000] {logging_mixin.py:149} INFO - [2023-07-09T19:18:59.706+0000] {dag.py:2726} INFO - Sync 1 DAGs
[2023-07-09T19:18:59.733+0000] {logging_mixin.py:149} INFO - [2023-07-09T19:18:59.733+0000] {dag.py:3490} INFO - Setting next_dagrun for example_branch_labels to 2023-07-08T00:00:00+00:00, run_after=2023-07-09T00:00:00+00:00
[2023-07-09T19:18:59.754+0000] {processor.py:179} INFO - Processing /home/airflow/.local/lib/python3.7/site-packages/airflow/example_dags/example_branch_labels.py took 0.085 seconds
[2023-07-09T19:19:29.852+0000] {processor.py:157} INFO - Started process (PID=2316) to work on /home/airflow/.local/lib/python3.7/site-packages/airflow/example_dags/example_branch_labels.py
[2023-07-09T19:19:29.853+0000] {processor.py:826} INFO - Processing file /home/airflow/.local/lib/python3.7/site-packages/airflow/example_dags/example_branch_labels.py for tasks to queue
[2023-07-09T19:19:29.854+0000] {logging_mixin.py:149} INFO - [2023-07-09T19:19:29.854+0000] {dagbag.py:541} INFO - Filling up the DagBag from /home/airflow/.local/lib/python3.7/site-packages/airflow/example_dags/example_branch_labels.py
[2023-07-09T19:19:29.861+0000] {processor.py:836} INFO - DAG(s) dict_keys(['example_branch_labels']) retrieved from /home/airflow/.local/lib/python3.7/site-packages/airflow/example_dags/example_branch_labels.py
[2023-07-09T19:19:29.885+0000] {logging_mixin.py:149} INFO - [2023-07-09T19:19:29.885+0000] {dag.py:2726} INFO - Sync 1 DAGs
[2023-07-09T19:19:29.919+0000] {logging_mixin.py:149} INFO - [2023-07-09T19:19:29.919+0000] {dag.py:3490} INFO - Setting next_dagrun for example_branch_labels to 2023-07-08T00:00:00+00:00, run_after=2023-07-09T00:00:00+00:00
[2023-07-09T19:19:29.946+0000] {processor.py:179} INFO - Processing /home/airflow/.local/lib/python3.7/site-packages/airflow/example_dags/example_branch_labels.py took 0.097 seconds
[2023-07-09T19:20:00.030+0000] {processor.py:157} INFO - Started process (PID=2378) to work on /home/airflow/.local/lib/python3.7/site-packages/airflow/example_dags/example_branch_labels.py
[2023-07-09T19:20:00.031+0000] {processor.py:826} INFO - Processing file /home/airflow/.local/lib/python3.7/site-packages/airflow/example_dags/example_branch_labels.py for tasks to queue
[2023-07-09T19:20:00.032+0000] {logging_mixin.py:149} INFO - [2023-07-09T19:20:00.032+0000] {dagbag.py:541} INFO - Filling up the DagBag from /home/airflow/.local/lib/python3.7/site-packages/airflow/example_dags/example_branch_labels.py
[2023-07-09T19:20:00.039+0000] {processor.py:836} INFO - DAG(s) dict_keys(['example_branch_labels']) retrieved from /home/airflow/.local/lib/python3.7/site-packages/airflow/example_dags/example_branch_labels.py
[2023-07-09T19:20:00.064+0000] {logging_mixin.py:149} INFO - [2023-07-09T19:20:00.064+0000] {dag.py:2726} INFO - Sync 1 DAGs
[2023-07-09T19:20:00.086+0000] {logging_mixin.py:149} INFO - [2023-07-09T19:20:00.086+0000] {dag.py:3490} INFO - Setting next_dagrun for example_branch_labels to 2023-07-08T00:00:00+00:00, run_after=2023-07-09T00:00:00+00:00
[2023-07-09T19:20:00.105+0000] {processor.py:179} INFO - Processing /home/airflow/.local/lib/python3.7/site-packages/airflow/example_dags/example_branch_labels.py took 0.078 seconds
[2023-07-09T19:20:30.185+0000] {processor.py:157} INFO - Started process (PID=2439) to work on /home/airflow/.local/lib/python3.7/site-packages/airflow/example_dags/example_branch_labels.py
[2023-07-09T19:20:30.186+0000] {processor.py:826} INFO - Processing file /home/airflow/.local/lib/python3.7/site-packages/airflow/example_dags/example_branch_labels.py for tasks to queue
[2023-07-09T19:20:30.187+0000] {logging_mixin.py:149} INFO - [2023-07-09T19:20:30.187+0000] {dagbag.py:541} INFO - Filling up the DagBag from /home/airflow/.local/lib/python3.7/site-packages/airflow/example_dags/example_branch_labels.py
[2023-07-09T19:20:30.194+0000] {processor.py:836} INFO - DAG(s) dict_keys(['example_branch_labels']) retrieved from /home/airflow/.local/lib/python3.7/site-packages/airflow/example_dags/example_branch_labels.py
[2023-07-09T19:20:30.220+0000] {logging_mixin.py:149} INFO - [2023-07-09T19:20:30.220+0000] {dag.py:2726} INFO - Sync 1 DAGs
[2023-07-09T19:20:30.245+0000] {logging_mixin.py:149} INFO - [2023-07-09T19:20:30.245+0000] {dag.py:3490} INFO - Setting next_dagrun for example_branch_labels to 2023-07-08T00:00:00+00:00, run_after=2023-07-09T00:00:00+00:00
[2023-07-09T19:20:30.274+0000] {processor.py:179} INFO - Processing /home/airflow/.local/lib/python3.7/site-packages/airflow/example_dags/example_branch_labels.py took 0.093 seconds
[2023-07-09T19:21:00.800+0000] {processor.py:157} INFO - Started process (PID=2502) to work on /home/airflow/.local/lib/python3.7/site-packages/airflow/example_dags/example_branch_labels.py
[2023-07-09T19:21:00.801+0000] {processor.py:826} INFO - Processing file /home/airflow/.local/lib/python3.7/site-packages/airflow/example_dags/example_branch_labels.py for tasks to queue
[2023-07-09T19:21:00.802+0000] {logging_mixin.py:149} INFO - [2023-07-09T19:21:00.802+0000] {dagbag.py:541} INFO - Filling up the DagBag from /home/airflow/.local/lib/python3.7/site-packages/airflow/example_dags/example_branch_labels.py
[2023-07-09T19:21:00.809+0000] {processor.py:836} INFO - DAG(s) dict_keys(['example_branch_labels']) retrieved from /home/airflow/.local/lib/python3.7/site-packages/airflow/example_dags/example_branch_labels.py
[2023-07-09T19:21:00.839+0000] {logging_mixin.py:149} INFO - [2023-07-09T19:21:00.838+0000] {dag.py:2726} INFO - Sync 1 DAGs
[2023-07-09T19:21:00.866+0000] {logging_mixin.py:149} INFO - [2023-07-09T19:21:00.865+0000] {dag.py:3490} INFO - Setting next_dagrun for example_branch_labels to 2023-07-08T00:00:00+00:00, run_after=2023-07-09T00:00:00+00:00
[2023-07-09T19:21:00.887+0000] {processor.py:179} INFO - Processing /home/airflow/.local/lib/python3.7/site-packages/airflow/example_dags/example_branch_labels.py took 0.090 seconds
[2023-07-09T19:21:31.099+0000] {processor.py:157} INFO - Started process (PID=2564) to work on /home/airflow/.local/lib/python3.7/site-packages/airflow/example_dags/example_branch_labels.py
[2023-07-09T19:21:31.101+0000] {processor.py:826} INFO - Processing file /home/airflow/.local/lib/python3.7/site-packages/airflow/example_dags/example_branch_labels.py for tasks to queue
[2023-07-09T19:21:31.102+0000] {logging_mixin.py:149} INFO - [2023-07-09T19:21:31.102+0000] {dagbag.py:541} INFO - Filling up the DagBag from /home/airflow/.local/lib/python3.7/site-packages/airflow/example_dags/example_branch_labels.py
[2023-07-09T19:21:31.113+0000] {processor.py:836} INFO - DAG(s) dict_keys(['example_branch_labels']) retrieved from /home/airflow/.local/lib/python3.7/site-packages/airflow/example_dags/example_branch_labels.py
[2023-07-09T19:21:31.143+0000] {logging_mixin.py:149} INFO - [2023-07-09T19:21:31.143+0000] {dag.py:2726} INFO - Sync 1 DAGs
[2023-07-09T19:21:31.173+0000] {logging_mixin.py:149} INFO - [2023-07-09T19:21:31.173+0000] {dag.py:3490} INFO - Setting next_dagrun for example_branch_labels to 2023-07-08T00:00:00+00:00, run_after=2023-07-09T00:00:00+00:00
[2023-07-09T19:21:31.197+0000] {processor.py:179} INFO - Processing /home/airflow/.local/lib/python3.7/site-packages/airflow/example_dags/example_branch_labels.py took 0.103 seconds
[2023-07-09T19:22:01.432+0000] {processor.py:157} INFO - Started process (PID=2626) to work on /home/airflow/.local/lib/python3.7/site-packages/airflow/example_dags/example_branch_labels.py
[2023-07-09T19:22:01.433+0000] {processor.py:826} INFO - Processing file /home/airflow/.local/lib/python3.7/site-packages/airflow/example_dags/example_branch_labels.py for tasks to queue
[2023-07-09T19:22:01.434+0000] {logging_mixin.py:149} INFO - [2023-07-09T19:22:01.433+0000] {dagbag.py:541} INFO - Filling up the DagBag from /home/airflow/.local/lib/python3.7/site-packages/airflow/example_dags/example_branch_labels.py
[2023-07-09T19:22:01.440+0000] {processor.py:836} INFO - DAG(s) dict_keys(['example_branch_labels']) retrieved from /home/airflow/.local/lib/python3.7/site-packages/airflow/example_dags/example_branch_labels.py
[2023-07-09T19:22:01.465+0000] {logging_mixin.py:149} INFO - [2023-07-09T19:22:01.465+0000] {dag.py:2726} INFO - Sync 1 DAGs
[2023-07-09T19:22:01.493+0000] {logging_mixin.py:149} INFO - [2023-07-09T19:22:01.493+0000] {dag.py:3490} INFO - Setting next_dagrun for example_branch_labels to 2023-07-08T00:00:00+00:00, run_after=2023-07-09T00:00:00+00:00
[2023-07-09T19:22:01.514+0000] {processor.py:179} INFO - Processing /home/airflow/.local/lib/python3.7/site-packages/airflow/example_dags/example_branch_labels.py took 0.085 seconds
[2023-07-09T19:22:31.625+0000] {processor.py:157} INFO - Started process (PID=2688) to work on /home/airflow/.local/lib/python3.7/site-packages/airflow/example_dags/example_branch_labels.py
[2023-07-09T19:22:31.626+0000] {processor.py:826} INFO - Processing file /home/airflow/.local/lib/python3.7/site-packages/airflow/example_dags/example_branch_labels.py for tasks to queue
[2023-07-09T19:22:31.627+0000] {logging_mixin.py:149} INFO - [2023-07-09T19:22:31.627+0000] {dagbag.py:541} INFO - Filling up the DagBag from /home/airflow/.local/lib/python3.7/site-packages/airflow/example_dags/example_branch_labels.py
[2023-07-09T19:22:31.633+0000] {processor.py:836} INFO - DAG(s) dict_keys(['example_branch_labels']) retrieved from /home/airflow/.local/lib/python3.7/site-packages/airflow/example_dags/example_branch_labels.py
[2023-07-09T19:22:31.659+0000] {logging_mixin.py:149} INFO - [2023-07-09T19:22:31.658+0000] {dag.py:2726} INFO - Sync 1 DAGs
[2023-07-09T19:22:31.684+0000] {logging_mixin.py:149} INFO - [2023-07-09T19:22:31.684+0000] {dag.py:3490} INFO - Setting next_dagrun for example_branch_labels to 2023-07-08T00:00:00+00:00, run_after=2023-07-09T00:00:00+00:00
[2023-07-09T19:22:31.704+0000] {processor.py:179} INFO - Processing /home/airflow/.local/lib/python3.7/site-packages/airflow/example_dags/example_branch_labels.py took 0.083 seconds
[2023-07-09T19:23:01.971+0000] {processor.py:157} INFO - Started process (PID=2750) to work on /home/airflow/.local/lib/python3.7/site-packages/airflow/example_dags/example_branch_labels.py
[2023-07-09T19:23:01.971+0000] {processor.py:826} INFO - Processing file /home/airflow/.local/lib/python3.7/site-packages/airflow/example_dags/example_branch_labels.py for tasks to queue
[2023-07-09T19:23:01.972+0000] {logging_mixin.py:149} INFO - [2023-07-09T19:23:01.972+0000] {dagbag.py:541} INFO - Filling up the DagBag from /home/airflow/.local/lib/python3.7/site-packages/airflow/example_dags/example_branch_labels.py
[2023-07-09T19:23:01.982+0000] {processor.py:836} INFO - DAG(s) dict_keys(['example_branch_labels']) retrieved from /home/airflow/.local/lib/python3.7/site-packages/airflow/example_dags/example_branch_labels.py
[2023-07-09T19:23:02.007+0000] {logging_mixin.py:149} INFO - [2023-07-09T19:23:02.007+0000] {dag.py:2726} INFO - Sync 1 DAGs
[2023-07-09T19:23:02.033+0000] {logging_mixin.py:149} INFO - [2023-07-09T19:23:02.033+0000] {dag.py:3490} INFO - Setting next_dagrun for example_branch_labels to 2023-07-08T00:00:00+00:00, run_after=2023-07-09T00:00:00+00:00
[2023-07-09T19:23:02.055+0000] {processor.py:179} INFO - Processing /home/airflow/.local/lib/python3.7/site-packages/airflow/example_dags/example_branch_labels.py took 0.088 seconds
[2023-07-09T19:23:32.861+0000] {processor.py:157} INFO - Started process (PID=2804) to work on /home/airflow/.local/lib/python3.7/site-packages/airflow/example_dags/example_branch_labels.py
[2023-07-09T19:23:32.862+0000] {processor.py:826} INFO - Processing file /home/airflow/.local/lib/python3.7/site-packages/airflow/example_dags/example_branch_labels.py for tasks to queue
[2023-07-09T19:23:32.863+0000] {logging_mixin.py:149} INFO - [2023-07-09T19:23:32.862+0000] {dagbag.py:541} INFO - Filling up the DagBag from /home/airflow/.local/lib/python3.7/site-packages/airflow/example_dags/example_branch_labels.py
[2023-07-09T19:23:32.869+0000] {processor.py:836} INFO - DAG(s) dict_keys(['example_branch_labels']) retrieved from /home/airflow/.local/lib/python3.7/site-packages/airflow/example_dags/example_branch_labels.py
[2023-07-09T19:23:32.895+0000] {logging_mixin.py:149} INFO - [2023-07-09T19:23:32.894+0000] {dag.py:2726} INFO - Sync 1 DAGs
[2023-07-09T19:23:32.919+0000] {logging_mixin.py:149} INFO - [2023-07-09T19:23:32.919+0000] {dag.py:3490} INFO - Setting next_dagrun for example_branch_labels to 2023-07-08T00:00:00+00:00, run_after=2023-07-09T00:00:00+00:00
[2023-07-09T19:23:32.940+0000] {processor.py:179} INFO - Processing /home/airflow/.local/lib/python3.7/site-packages/airflow/example_dags/example_branch_labels.py took 0.082 seconds
[2023-07-09T19:24:03.265+0000] {processor.py:157} INFO - Started process (PID=2866) to work on /home/airflow/.local/lib/python3.7/site-packages/airflow/example_dags/example_branch_labels.py
[2023-07-09T19:24:03.266+0000] {processor.py:826} INFO - Processing file /home/airflow/.local/lib/python3.7/site-packages/airflow/example_dags/example_branch_labels.py for tasks to queue
[2023-07-09T19:24:03.267+0000] {logging_mixin.py:149} INFO - [2023-07-09T19:24:03.267+0000] {dagbag.py:541} INFO - Filling up the DagBag from /home/airflow/.local/lib/python3.7/site-packages/airflow/example_dags/example_branch_labels.py
[2023-07-09T19:24:03.274+0000] {processor.py:836} INFO - DAG(s) dict_keys(['example_branch_labels']) retrieved from /home/airflow/.local/lib/python3.7/site-packages/airflow/example_dags/example_branch_labels.py
[2023-07-09T19:24:03.297+0000] {logging_mixin.py:149} INFO - [2023-07-09T19:24:03.297+0000] {dag.py:2726} INFO - Sync 1 DAGs
[2023-07-09T19:24:03.321+0000] {logging_mixin.py:149} INFO - [2023-07-09T19:24:03.321+0000] {dag.py:3490} INFO - Setting next_dagrun for example_branch_labels to 2023-07-08T00:00:00+00:00, run_after=2023-07-09T00:00:00+00:00
[2023-07-09T19:24:03.346+0000] {processor.py:179} INFO - Processing /home/airflow/.local/lib/python3.7/site-packages/airflow/example_dags/example_branch_labels.py took 0.084 seconds
[2023-07-09T19:24:33.559+0000] {processor.py:157} INFO - Started process (PID=2928) to work on /home/airflow/.local/lib/python3.7/site-packages/airflow/example_dags/example_branch_labels.py
[2023-07-09T19:24:33.560+0000] {processor.py:826} INFO - Processing file /home/airflow/.local/lib/python3.7/site-packages/airflow/example_dags/example_branch_labels.py for tasks to queue
[2023-07-09T19:24:33.561+0000] {logging_mixin.py:149} INFO - [2023-07-09T19:24:33.561+0000] {dagbag.py:541} INFO - Filling up the DagBag from /home/airflow/.local/lib/python3.7/site-packages/airflow/example_dags/example_branch_labels.py
[2023-07-09T19:24:33.568+0000] {processor.py:836} INFO - DAG(s) dict_keys(['example_branch_labels']) retrieved from /home/airflow/.local/lib/python3.7/site-packages/airflow/example_dags/example_branch_labels.py
[2023-07-09T19:24:33.592+0000] {logging_mixin.py:149} INFO - [2023-07-09T19:24:33.592+0000] {dag.py:2726} INFO - Sync 1 DAGs
[2023-07-09T19:24:33.618+0000] {logging_mixin.py:149} INFO - [2023-07-09T19:24:33.617+0000] {dag.py:3490} INFO - Setting next_dagrun for example_branch_labels to 2023-07-08T00:00:00+00:00, run_after=2023-07-09T00:00:00+00:00
[2023-07-09T19:24:33.638+0000] {processor.py:179} INFO - Processing /home/airflow/.local/lib/python3.7/site-packages/airflow/example_dags/example_branch_labels.py took 0.082 seconds
[2023-07-09T19:25:03.683+0000] {processor.py:157} INFO - Started process (PID=2989) to work on /home/airflow/.local/lib/python3.7/site-packages/airflow/example_dags/example_branch_labels.py
[2023-07-09T19:25:03.684+0000] {processor.py:826} INFO - Processing file /home/airflow/.local/lib/python3.7/site-packages/airflow/example_dags/example_branch_labels.py for tasks to queue
[2023-07-09T19:25:03.685+0000] {logging_mixin.py:149} INFO - [2023-07-09T19:25:03.685+0000] {dagbag.py:541} INFO - Filling up the DagBag from /home/airflow/.local/lib/python3.7/site-packages/airflow/example_dags/example_branch_labels.py
[2023-07-09T19:25:03.692+0000] {processor.py:836} INFO - DAG(s) dict_keys(['example_branch_labels']) retrieved from /home/airflow/.local/lib/python3.7/site-packages/airflow/example_dags/example_branch_labels.py
[2023-07-09T19:25:03.714+0000] {logging_mixin.py:149} INFO - [2023-07-09T19:25:03.714+0000] {dag.py:2726} INFO - Sync 1 DAGs
[2023-07-09T19:25:03.736+0000] {logging_mixin.py:149} INFO - [2023-07-09T19:25:03.736+0000] {dag.py:3490} INFO - Setting next_dagrun for example_branch_labels to 2023-07-08T00:00:00+00:00, run_after=2023-07-09T00:00:00+00:00
[2023-07-09T19:25:03.761+0000] {processor.py:179} INFO - Processing /home/airflow/.local/lib/python3.7/site-packages/airflow/example_dags/example_branch_labels.py took 0.080 seconds
[2023-07-09T19:25:34.672+0000] {processor.py:157} INFO - Started process (PID=3052) to work on /home/airflow/.local/lib/python3.7/site-packages/airflow/example_dags/example_branch_labels.py
[2023-07-09T19:25:34.673+0000] {processor.py:826} INFO - Processing file /home/airflow/.local/lib/python3.7/site-packages/airflow/example_dags/example_branch_labels.py for tasks to queue
[2023-07-09T19:25:34.674+0000] {logging_mixin.py:149} INFO - [2023-07-09T19:25:34.674+0000] {dagbag.py:541} INFO - Filling up the DagBag from /home/airflow/.local/lib/python3.7/site-packages/airflow/example_dags/example_branch_labels.py
[2023-07-09T19:25:34.681+0000] {processor.py:836} INFO - DAG(s) dict_keys(['example_branch_labels']) retrieved from /home/airflow/.local/lib/python3.7/site-packages/airflow/example_dags/example_branch_labels.py
[2023-07-09T19:25:34.707+0000] {logging_mixin.py:149} INFO - [2023-07-09T19:25:34.707+0000] {dag.py:2726} INFO - Sync 1 DAGs
[2023-07-09T19:25:34.732+0000] {logging_mixin.py:149} INFO - [2023-07-09T19:25:34.732+0000] {dag.py:3490} INFO - Setting next_dagrun for example_branch_labels to 2023-07-08T00:00:00+00:00, run_after=2023-07-09T00:00:00+00:00
[2023-07-09T19:25:34.753+0000] {processor.py:179} INFO - Processing /home/airflow/.local/lib/python3.7/site-packages/airflow/example_dags/example_branch_labels.py took 0.084 seconds
[2023-07-09T19:26:05.177+0000] {processor.py:157} INFO - Started process (PID=3114) to work on /home/airflow/.local/lib/python3.7/site-packages/airflow/example_dags/example_branch_labels.py
[2023-07-09T19:26:05.178+0000] {processor.py:826} INFO - Processing file /home/airflow/.local/lib/python3.7/site-packages/airflow/example_dags/example_branch_labels.py for tasks to queue
[2023-07-09T19:26:05.179+0000] {logging_mixin.py:149} INFO - [2023-07-09T19:26:05.179+0000] {dagbag.py:541} INFO - Filling up the DagBag from /home/airflow/.local/lib/python3.7/site-packages/airflow/example_dags/example_branch_labels.py
[2023-07-09T19:26:05.186+0000] {processor.py:836} INFO - DAG(s) dict_keys(['example_branch_labels']) retrieved from /home/airflow/.local/lib/python3.7/site-packages/airflow/example_dags/example_branch_labels.py
[2023-07-09T19:26:05.209+0000] {logging_mixin.py:149} INFO - [2023-07-09T19:26:05.209+0000] {dag.py:2726} INFO - Sync 1 DAGs
[2023-07-09T19:26:05.233+0000] {logging_mixin.py:149} INFO - [2023-07-09T19:26:05.233+0000] {dag.py:3490} INFO - Setting next_dagrun for example_branch_labels to 2023-07-08T00:00:00+00:00, run_after=2023-07-09T00:00:00+00:00
[2023-07-09T19:26:05.252+0000] {processor.py:179} INFO - Processing /home/airflow/.local/lib/python3.7/site-packages/airflow/example_dags/example_branch_labels.py took 0.079 seconds
[2023-07-09T19:26:35.774+0000] {processor.py:157} INFO - Started process (PID=3176) to work on /home/airflow/.local/lib/python3.7/site-packages/airflow/example_dags/example_branch_labels.py
[2023-07-09T19:26:35.775+0000] {processor.py:826} INFO - Processing file /home/airflow/.local/lib/python3.7/site-packages/airflow/example_dags/example_branch_labels.py for tasks to queue
[2023-07-09T19:26:35.776+0000] {logging_mixin.py:149} INFO - [2023-07-09T19:26:35.776+0000] {dagbag.py:541} INFO - Filling up the DagBag from /home/airflow/.local/lib/python3.7/site-packages/airflow/example_dags/example_branch_labels.py
[2023-07-09T19:26:35.783+0000] {processor.py:836} INFO - DAG(s) dict_keys(['example_branch_labels']) retrieved from /home/airflow/.local/lib/python3.7/site-packages/airflow/example_dags/example_branch_labels.py
[2023-07-09T19:26:35.814+0000] {logging_mixin.py:149} INFO - [2023-07-09T19:26:35.813+0000] {dag.py:2726} INFO - Sync 1 DAGs
[2023-07-09T19:26:35.846+0000] {logging_mixin.py:149} INFO - [2023-07-09T19:26:35.846+0000] {dag.py:3490} INFO - Setting next_dagrun for example_branch_labels to 2023-07-08T00:00:00+00:00, run_after=2023-07-09T00:00:00+00:00
[2023-07-09T19:26:35.868+0000] {processor.py:179} INFO - Processing /home/airflow/.local/lib/python3.7/site-packages/airflow/example_dags/example_branch_labels.py took 0.097 seconds
[2023-07-09T19:27:06.223+0000] {processor.py:157} INFO - Started process (PID=3238) to work on /home/airflow/.local/lib/python3.7/site-packages/airflow/example_dags/example_branch_labels.py
[2023-07-09T19:27:06.224+0000] {processor.py:826} INFO - Processing file /home/airflow/.local/lib/python3.7/site-packages/airflow/example_dags/example_branch_labels.py for tasks to queue
[2023-07-09T19:27:06.225+0000] {logging_mixin.py:149} INFO - [2023-07-09T19:27:06.225+0000] {dagbag.py:541} INFO - Filling up the DagBag from /home/airflow/.local/lib/python3.7/site-packages/airflow/example_dags/example_branch_labels.py
[2023-07-09T19:27:06.232+0000] {processor.py:836} INFO - DAG(s) dict_keys(['example_branch_labels']) retrieved from /home/airflow/.local/lib/python3.7/site-packages/airflow/example_dags/example_branch_labels.py
[2023-07-09T19:27:06.256+0000] {logging_mixin.py:149} INFO - [2023-07-09T19:27:06.256+0000] {dag.py:2726} INFO - Sync 1 DAGs
[2023-07-09T19:27:06.281+0000] {logging_mixin.py:149} INFO - [2023-07-09T19:27:06.281+0000] {dag.py:3490} INFO - Setting next_dagrun for example_branch_labels to 2023-07-08T00:00:00+00:00, run_after=2023-07-09T00:00:00+00:00
[2023-07-09T19:27:06.302+0000] {processor.py:179} INFO - Processing /home/airflow/.local/lib/python3.7/site-packages/airflow/example_dags/example_branch_labels.py took 0.082 seconds
[2023-07-09T19:27:36.916+0000] {processor.py:157} INFO - Started process (PID=3301) to work on /home/airflow/.local/lib/python3.7/site-packages/airflow/example_dags/example_branch_labels.py
[2023-07-09T19:27:36.917+0000] {processor.py:826} INFO - Processing file /home/airflow/.local/lib/python3.7/site-packages/airflow/example_dags/example_branch_labels.py for tasks to queue
[2023-07-09T19:27:36.918+0000] {logging_mixin.py:149} INFO - [2023-07-09T19:27:36.917+0000] {dagbag.py:541} INFO - Filling up the DagBag from /home/airflow/.local/lib/python3.7/site-packages/airflow/example_dags/example_branch_labels.py
[2023-07-09T19:27:36.924+0000] {processor.py:836} INFO - DAG(s) dict_keys(['example_branch_labels']) retrieved from /home/airflow/.local/lib/python3.7/site-packages/airflow/example_dags/example_branch_labels.py
[2023-07-09T19:27:36.949+0000] {logging_mixin.py:149} INFO - [2023-07-09T19:27:36.949+0000] {dag.py:2726} INFO - Sync 1 DAGs
[2023-07-09T19:27:36.973+0000] {logging_mixin.py:149} INFO - [2023-07-09T19:27:36.973+0000] {dag.py:3490} INFO - Setting next_dagrun for example_branch_labels to 2023-07-08T00:00:00+00:00, run_after=2023-07-09T00:00:00+00:00
[2023-07-09T19:27:36.994+0000] {processor.py:179} INFO - Processing /home/airflow/.local/lib/python3.7/site-packages/airflow/example_dags/example_branch_labels.py took 0.080 seconds
[2023-07-09T19:28:07.610+0000] {processor.py:157} INFO - Started process (PID=3363) to work on /home/airflow/.local/lib/python3.7/site-packages/airflow/example_dags/example_branch_labels.py
[2023-07-09T19:28:07.611+0000] {processor.py:826} INFO - Processing file /home/airflow/.local/lib/python3.7/site-packages/airflow/example_dags/example_branch_labels.py for tasks to queue
[2023-07-09T19:28:07.612+0000] {logging_mixin.py:149} INFO - [2023-07-09T19:28:07.612+0000] {dagbag.py:541} INFO - Filling up the DagBag from /home/airflow/.local/lib/python3.7/site-packages/airflow/example_dags/example_branch_labels.py
[2023-07-09T19:28:07.619+0000] {processor.py:836} INFO - DAG(s) dict_keys(['example_branch_labels']) retrieved from /home/airflow/.local/lib/python3.7/site-packages/airflow/example_dags/example_branch_labels.py
[2023-07-09T19:28:07.645+0000] {logging_mixin.py:149} INFO - [2023-07-09T19:28:07.645+0000] {dag.py:2726} INFO - Sync 1 DAGs
[2023-07-09T19:28:07.670+0000] {logging_mixin.py:149} INFO - [2023-07-09T19:28:07.670+0000] {dag.py:3490} INFO - Setting next_dagrun for example_branch_labels to 2023-07-08T00:00:00+00:00, run_after=2023-07-09T00:00:00+00:00
[2023-07-09T19:28:07.691+0000] {processor.py:179} INFO - Processing /home/airflow/.local/lib/python3.7/site-packages/airflow/example_dags/example_branch_labels.py took 0.084 seconds
[2023-07-09T19:28:38.109+0000] {processor.py:157} INFO - Started process (PID=3425) to work on /home/airflow/.local/lib/python3.7/site-packages/airflow/example_dags/example_branch_labels.py
[2023-07-09T19:28:38.110+0000] {processor.py:826} INFO - Processing file /home/airflow/.local/lib/python3.7/site-packages/airflow/example_dags/example_branch_labels.py for tasks to queue
[2023-07-09T19:28:38.110+0000] {logging_mixin.py:149} INFO - [2023-07-09T19:28:38.110+0000] {dagbag.py:541} INFO - Filling up the DagBag from /home/airflow/.local/lib/python3.7/site-packages/airflow/example_dags/example_branch_labels.py
[2023-07-09T19:28:38.117+0000] {processor.py:836} INFO - DAG(s) dict_keys(['example_branch_labels']) retrieved from /home/airflow/.local/lib/python3.7/site-packages/airflow/example_dags/example_branch_labels.py
[2023-07-09T19:28:38.141+0000] {logging_mixin.py:149} INFO - [2023-07-09T19:28:38.141+0000] {dag.py:2726} INFO - Sync 1 DAGs
[2023-07-09T19:28:38.165+0000] {logging_mixin.py:149} INFO - [2023-07-09T19:28:38.165+0000] {dag.py:3490} INFO - Setting next_dagrun for example_branch_labels to 2023-07-08T00:00:00+00:00, run_after=2023-07-09T00:00:00+00:00
[2023-07-09T19:28:38.184+0000] {processor.py:179} INFO - Processing /home/airflow/.local/lib/python3.7/site-packages/airflow/example_dags/example_branch_labels.py took 0.078 seconds
[2023-07-09T19:29:08.650+0000] {processor.py:157} INFO - Started process (PID=3487) to work on /home/airflow/.local/lib/python3.7/site-packages/airflow/example_dags/example_branch_labels.py
[2023-07-09T19:29:08.651+0000] {processor.py:826} INFO - Processing file /home/airflow/.local/lib/python3.7/site-packages/airflow/example_dags/example_branch_labels.py for tasks to queue
[2023-07-09T19:29:08.653+0000] {logging_mixin.py:149} INFO - [2023-07-09T19:29:08.652+0000] {dagbag.py:541} INFO - Filling up the DagBag from /home/airflow/.local/lib/python3.7/site-packages/airflow/example_dags/example_branch_labels.py
[2023-07-09T19:29:08.667+0000] {processor.py:836} INFO - DAG(s) dict_keys(['example_branch_labels']) retrieved from /home/airflow/.local/lib/python3.7/site-packages/airflow/example_dags/example_branch_labels.py
[2023-07-09T19:29:08.704+0000] {logging_mixin.py:149} INFO - [2023-07-09T19:29:08.703+0000] {dag.py:2726} INFO - Sync 1 DAGs
[2023-07-09T19:29:08.760+0000] {logging_mixin.py:149} INFO - [2023-07-09T19:29:08.759+0000] {dag.py:3490} INFO - Setting next_dagrun for example_branch_labels to 2023-07-08T00:00:00+00:00, run_after=2023-07-09T00:00:00+00:00
[2023-07-09T19:29:08.781+0000] {processor.py:179} INFO - Processing /home/airflow/.local/lib/python3.7/site-packages/airflow/example_dags/example_branch_labels.py took 0.137 seconds
[2023-07-09T19:29:39.291+0000] {processor.py:157} INFO - Started process (PID=3549) to work on /home/airflow/.local/lib/python3.7/site-packages/airflow/example_dags/example_branch_labels.py
[2023-07-09T19:29:39.292+0000] {processor.py:826} INFO - Processing file /home/airflow/.local/lib/python3.7/site-packages/airflow/example_dags/example_branch_labels.py for tasks to queue
[2023-07-09T19:29:39.293+0000] {logging_mixin.py:149} INFO - [2023-07-09T19:29:39.293+0000] {dagbag.py:541} INFO - Filling up the DagBag from /home/airflow/.local/lib/python3.7/site-packages/airflow/example_dags/example_branch_labels.py
[2023-07-09T19:29:39.302+0000] {processor.py:836} INFO - DAG(s) dict_keys(['example_branch_labels']) retrieved from /home/airflow/.local/lib/python3.7/site-packages/airflow/example_dags/example_branch_labels.py
[2023-07-09T19:29:39.328+0000] {logging_mixin.py:149} INFO - [2023-07-09T19:29:39.328+0000] {dag.py:2726} INFO - Sync 1 DAGs
[2023-07-09T19:29:39.354+0000] {logging_mixin.py:149} INFO - [2023-07-09T19:29:39.354+0000] {dag.py:3490} INFO - Setting next_dagrun for example_branch_labels to 2023-07-08T00:00:00+00:00, run_after=2023-07-09T00:00:00+00:00
[2023-07-09T19:29:39.379+0000] {processor.py:179} INFO - Processing /home/airflow/.local/lib/python3.7/site-packages/airflow/example_dags/example_branch_labels.py took 0.091 seconds
[2023-07-09T19:30:09.841+0000] {processor.py:157} INFO - Started process (PID=3611) to work on /home/airflow/.local/lib/python3.7/site-packages/airflow/example_dags/example_branch_labels.py
[2023-07-09T19:30:09.842+0000] {processor.py:826} INFO - Processing file /home/airflow/.local/lib/python3.7/site-packages/airflow/example_dags/example_branch_labels.py for tasks to queue
[2023-07-09T19:30:09.842+0000] {logging_mixin.py:149} INFO - [2023-07-09T19:30:09.842+0000] {dagbag.py:541} INFO - Filling up the DagBag from /home/airflow/.local/lib/python3.7/site-packages/airflow/example_dags/example_branch_labels.py
[2023-07-09T19:30:09.849+0000] {processor.py:836} INFO - DAG(s) dict_keys(['example_branch_labels']) retrieved from /home/airflow/.local/lib/python3.7/site-packages/airflow/example_dags/example_branch_labels.py
[2023-07-09T19:30:09.877+0000] {logging_mixin.py:149} INFO - [2023-07-09T19:30:09.877+0000] {dag.py:2726} INFO - Sync 1 DAGs
[2023-07-09T19:30:09.904+0000] {logging_mixin.py:149} INFO - [2023-07-09T19:30:09.904+0000] {dag.py:3490} INFO - Setting next_dagrun for example_branch_labels to 2023-07-08T00:00:00+00:00, run_after=2023-07-09T00:00:00+00:00
[2023-07-09T19:30:09.926+0000] {processor.py:179} INFO - Processing /home/airflow/.local/lib/python3.7/site-packages/airflow/example_dags/example_branch_labels.py took 0.089 seconds
[2023-07-09T19:30:40.727+0000] {processor.py:157} INFO - Started process (PID=3673) to work on /home/airflow/.local/lib/python3.7/site-packages/airflow/example_dags/example_branch_labels.py
[2023-07-09T19:30:40.728+0000] {processor.py:826} INFO - Processing file /home/airflow/.local/lib/python3.7/site-packages/airflow/example_dags/example_branch_labels.py for tasks to queue
[2023-07-09T19:30:40.729+0000] {logging_mixin.py:149} INFO - [2023-07-09T19:30:40.729+0000] {dagbag.py:541} INFO - Filling up the DagBag from /home/airflow/.local/lib/python3.7/site-packages/airflow/example_dags/example_branch_labels.py
[2023-07-09T19:30:40.737+0000] {processor.py:836} INFO - DAG(s) dict_keys(['example_branch_labels']) retrieved from /home/airflow/.local/lib/python3.7/site-packages/airflow/example_dags/example_branch_labels.py
[2023-07-09T19:30:40.762+0000] {logging_mixin.py:149} INFO - [2023-07-09T19:30:40.762+0000] {dag.py:2726} INFO - Sync 1 DAGs
[2023-07-09T19:30:40.790+0000] {logging_mixin.py:149} INFO - [2023-07-09T19:30:40.790+0000] {dag.py:3490} INFO - Setting next_dagrun for example_branch_labels to 2023-07-08T00:00:00+00:00, run_after=2023-07-09T00:00:00+00:00
[2023-07-09T19:30:40.811+0000] {processor.py:179} INFO - Processing /home/airflow/.local/lib/python3.7/site-packages/airflow/example_dags/example_branch_labels.py took 0.087 seconds
[2023-07-09T19:31:10.999+0000] {processor.py:157} INFO - Started process (PID=3735) to work on /home/airflow/.local/lib/python3.7/site-packages/airflow/example_dags/example_branch_labels.py
[2023-07-09T19:31:11.000+0000] {processor.py:826} INFO - Processing file /home/airflow/.local/lib/python3.7/site-packages/airflow/example_dags/example_branch_labels.py for tasks to queue
[2023-07-09T19:31:11.000+0000] {logging_mixin.py:149} INFO - [2023-07-09T19:31:11.000+0000] {dagbag.py:541} INFO - Filling up the DagBag from /home/airflow/.local/lib/python3.7/site-packages/airflow/example_dags/example_branch_labels.py
[2023-07-09T19:31:11.008+0000] {processor.py:836} INFO - DAG(s) dict_keys(['example_branch_labels']) retrieved from /home/airflow/.local/lib/python3.7/site-packages/airflow/example_dags/example_branch_labels.py
[2023-07-09T19:31:11.034+0000] {logging_mixin.py:149} INFO - [2023-07-09T19:31:11.034+0000] {dag.py:2726} INFO - Sync 1 DAGs
[2023-07-09T19:31:11.060+0000] {logging_mixin.py:149} INFO - [2023-07-09T19:31:11.060+0000] {dag.py:3490} INFO - Setting next_dagrun for example_branch_labels to 2023-07-08T00:00:00+00:00, run_after=2023-07-09T00:00:00+00:00
[2023-07-09T19:31:11.085+0000] {processor.py:179} INFO - Processing /home/airflow/.local/lib/python3.7/site-packages/airflow/example_dags/example_branch_labels.py took 0.089 seconds
[2023-07-09T19:31:41.521+0000] {processor.py:157} INFO - Started process (PID=3797) to work on /home/airflow/.local/lib/python3.7/site-packages/airflow/example_dags/example_branch_labels.py
[2023-07-09T19:31:41.522+0000] {processor.py:826} INFO - Processing file /home/airflow/.local/lib/python3.7/site-packages/airflow/example_dags/example_branch_labels.py for tasks to queue
[2023-07-09T19:31:41.523+0000] {logging_mixin.py:149} INFO - [2023-07-09T19:31:41.523+0000] {dagbag.py:541} INFO - Filling up the DagBag from /home/airflow/.local/lib/python3.7/site-packages/airflow/example_dags/example_branch_labels.py
[2023-07-09T19:31:41.530+0000] {processor.py:836} INFO - DAG(s) dict_keys(['example_branch_labels']) retrieved from /home/airflow/.local/lib/python3.7/site-packages/airflow/example_dags/example_branch_labels.py
[2023-07-09T19:31:41.555+0000] {logging_mixin.py:149} INFO - [2023-07-09T19:31:41.554+0000] {dag.py:2726} INFO - Sync 1 DAGs
[2023-07-09T19:31:41.578+0000] {logging_mixin.py:149} INFO - [2023-07-09T19:31:41.577+0000] {dag.py:3490} INFO - Setting next_dagrun for example_branch_labels to 2023-07-08T00:00:00+00:00, run_after=2023-07-09T00:00:00+00:00
[2023-07-09T19:31:41.598+0000] {processor.py:179} INFO - Processing /home/airflow/.local/lib/python3.7/site-packages/airflow/example_dags/example_branch_labels.py took 0.081 seconds
[2023-07-09T19:32:11.692+0000] {processor.py:157} INFO - Started process (PID=3858) to work on /home/airflow/.local/lib/python3.7/site-packages/airflow/example_dags/example_branch_labels.py
[2023-07-09T19:32:11.694+0000] {processor.py:826} INFO - Processing file /home/airflow/.local/lib/python3.7/site-packages/airflow/example_dags/example_branch_labels.py for tasks to queue
[2023-07-09T19:32:11.694+0000] {logging_mixin.py:149} INFO - [2023-07-09T19:32:11.694+0000] {dagbag.py:541} INFO - Filling up the DagBag from /home/airflow/.local/lib/python3.7/site-packages/airflow/example_dags/example_branch_labels.py
[2023-07-09T19:32:11.702+0000] {processor.py:836} INFO - DAG(s) dict_keys(['example_branch_labels']) retrieved from /home/airflow/.local/lib/python3.7/site-packages/airflow/example_dags/example_branch_labels.py
[2023-07-09T19:32:11.723+0000] {logging_mixin.py:149} INFO - [2023-07-09T19:32:11.723+0000] {dag.py:2726} INFO - Sync 1 DAGs
[2023-07-09T19:32:11.745+0000] {logging_mixin.py:149} INFO - [2023-07-09T19:32:11.744+0000] {dag.py:3490} INFO - Setting next_dagrun for example_branch_labels to 2023-07-08T00:00:00+00:00, run_after=2023-07-09T00:00:00+00:00
[2023-07-09T19:32:11.764+0000] {processor.py:179} INFO - Processing /home/airflow/.local/lib/python3.7/site-packages/airflow/example_dags/example_branch_labels.py took 0.074 seconds
[2023-07-09T19:32:42.036+0000] {processor.py:157} INFO - Started process (PID=3921) to work on /home/airflow/.local/lib/python3.7/site-packages/airflow/example_dags/example_branch_labels.py
[2023-07-09T19:32:42.037+0000] {processor.py:826} INFO - Processing file /home/airflow/.local/lib/python3.7/site-packages/airflow/example_dags/example_branch_labels.py for tasks to queue
[2023-07-09T19:32:42.038+0000] {logging_mixin.py:149} INFO - [2023-07-09T19:32:42.038+0000] {dagbag.py:541} INFO - Filling up the DagBag from /home/airflow/.local/lib/python3.7/site-packages/airflow/example_dags/example_branch_labels.py
[2023-07-09T19:32:42.045+0000] {processor.py:836} INFO - DAG(s) dict_keys(['example_branch_labels']) retrieved from /home/airflow/.local/lib/python3.7/site-packages/airflow/example_dags/example_branch_labels.py
[2023-07-09T19:32:42.070+0000] {logging_mixin.py:149} INFO - [2023-07-09T19:32:42.069+0000] {dag.py:2726} INFO - Sync 1 DAGs
[2023-07-09T19:32:42.094+0000] {logging_mixin.py:149} INFO - [2023-07-09T19:32:42.094+0000] {dag.py:3490} INFO - Setting next_dagrun for example_branch_labels to 2023-07-08T00:00:00+00:00, run_after=2023-07-09T00:00:00+00:00
[2023-07-09T19:32:42.113+0000] {processor.py:179} INFO - Processing /home/airflow/.local/lib/python3.7/site-packages/airflow/example_dags/example_branch_labels.py took 0.080 seconds
[2023-07-09T19:33:12.683+0000] {processor.py:157} INFO - Started process (PID=3983) to work on /home/airflow/.local/lib/python3.7/site-packages/airflow/example_dags/example_branch_labels.py
[2023-07-09T19:33:12.683+0000] {processor.py:826} INFO - Processing file /home/airflow/.local/lib/python3.7/site-packages/airflow/example_dags/example_branch_labels.py for tasks to queue
[2023-07-09T19:33:12.684+0000] {logging_mixin.py:149} INFO - [2023-07-09T19:33:12.684+0000] {dagbag.py:541} INFO - Filling up the DagBag from /home/airflow/.local/lib/python3.7/site-packages/airflow/example_dags/example_branch_labels.py
[2023-07-09T19:33:12.691+0000] {processor.py:836} INFO - DAG(s) dict_keys(['example_branch_labels']) retrieved from /home/airflow/.local/lib/python3.7/site-packages/airflow/example_dags/example_branch_labels.py
[2023-07-09T19:33:12.715+0000] {logging_mixin.py:149} INFO - [2023-07-09T19:33:12.715+0000] {dag.py:2726} INFO - Sync 1 DAGs
[2023-07-09T19:33:12.740+0000] {logging_mixin.py:149} INFO - [2023-07-09T19:33:12.740+0000] {dag.py:3490} INFO - Setting next_dagrun for example_branch_labels to 2023-07-08T00:00:00+00:00, run_after=2023-07-09T00:00:00+00:00
[2023-07-09T19:33:12.765+0000] {processor.py:179} INFO - Processing /home/airflow/.local/lib/python3.7/site-packages/airflow/example_dags/example_branch_labels.py took 0.085 seconds
[2023-07-09T19:33:42.809+0000] {processor.py:157} INFO - Started process (PID=4044) to work on /home/airflow/.local/lib/python3.7/site-packages/airflow/example_dags/example_branch_labels.py
[2023-07-09T19:33:42.810+0000] {processor.py:826} INFO - Processing file /home/airflow/.local/lib/python3.7/site-packages/airflow/example_dags/example_branch_labels.py for tasks to queue
[2023-07-09T19:33:42.810+0000] {logging_mixin.py:149} INFO - [2023-07-09T19:33:42.810+0000] {dagbag.py:541} INFO - Filling up the DagBag from /home/airflow/.local/lib/python3.7/site-packages/airflow/example_dags/example_branch_labels.py
[2023-07-09T19:33:42.817+0000] {processor.py:836} INFO - DAG(s) dict_keys(['example_branch_labels']) retrieved from /home/airflow/.local/lib/python3.7/site-packages/airflow/example_dags/example_branch_labels.py
[2023-07-09T19:33:42.839+0000] {logging_mixin.py:149} INFO - [2023-07-09T19:33:42.839+0000] {dag.py:2726} INFO - Sync 1 DAGs
[2023-07-09T19:33:42.861+0000] {logging_mixin.py:149} INFO - [2023-07-09T19:33:42.861+0000] {dag.py:3490} INFO - Setting next_dagrun for example_branch_labels to 2023-07-08T00:00:00+00:00, run_after=2023-07-09T00:00:00+00:00
[2023-07-09T19:33:42.890+0000] {processor.py:179} INFO - Processing /home/airflow/.local/lib/python3.7/site-packages/airflow/example_dags/example_branch_labels.py took 0.084 seconds
[2023-07-09T19:34:13.104+0000] {processor.py:157} INFO - Started process (PID=4107) to work on /home/airflow/.local/lib/python3.7/site-packages/airflow/example_dags/example_branch_labels.py
[2023-07-09T19:34:13.105+0000] {processor.py:826} INFO - Processing file /home/airflow/.local/lib/python3.7/site-packages/airflow/example_dags/example_branch_labels.py for tasks to queue
[2023-07-09T19:34:13.106+0000] {logging_mixin.py:149} INFO - [2023-07-09T19:34:13.106+0000] {dagbag.py:541} INFO - Filling up the DagBag from /home/airflow/.local/lib/python3.7/site-packages/airflow/example_dags/example_branch_labels.py
[2023-07-09T19:34:13.114+0000] {processor.py:836} INFO - DAG(s) dict_keys(['example_branch_labels']) retrieved from /home/airflow/.local/lib/python3.7/site-packages/airflow/example_dags/example_branch_labels.py
[2023-07-09T19:34:13.138+0000] {logging_mixin.py:149} INFO - [2023-07-09T19:34:13.138+0000] {dag.py:2726} INFO - Sync 1 DAGs
[2023-07-09T19:34:13.162+0000] {logging_mixin.py:149} INFO - [2023-07-09T19:34:13.162+0000] {dag.py:3490} INFO - Setting next_dagrun for example_branch_labels to 2023-07-08T00:00:00+00:00, run_after=2023-07-09T00:00:00+00:00
[2023-07-09T19:34:13.187+0000] {processor.py:179} INFO - Processing /home/airflow/.local/lib/python3.7/site-packages/airflow/example_dags/example_branch_labels.py took 0.086 seconds
[2023-07-09T19:34:43.820+0000] {processor.py:157} INFO - Started process (PID=4169) to work on /home/airflow/.local/lib/python3.7/site-packages/airflow/example_dags/example_branch_labels.py
[2023-07-09T19:34:43.821+0000] {processor.py:826} INFO - Processing file /home/airflow/.local/lib/python3.7/site-packages/airflow/example_dags/example_branch_labels.py for tasks to queue
[2023-07-09T19:34:43.822+0000] {logging_mixin.py:149} INFO - [2023-07-09T19:34:43.822+0000] {dagbag.py:541} INFO - Filling up the DagBag from /home/airflow/.local/lib/python3.7/site-packages/airflow/example_dags/example_branch_labels.py
[2023-07-09T19:34:43.829+0000] {processor.py:836} INFO - DAG(s) dict_keys(['example_branch_labels']) retrieved from /home/airflow/.local/lib/python3.7/site-packages/airflow/example_dags/example_branch_labels.py
[2023-07-09T19:34:43.856+0000] {logging_mixin.py:149} INFO - [2023-07-09T19:34:43.855+0000] {dag.py:2726} INFO - Sync 1 DAGs
[2023-07-09T19:34:43.881+0000] {logging_mixin.py:149} INFO - [2023-07-09T19:34:43.881+0000] {dag.py:3490} INFO - Setting next_dagrun for example_branch_labels to 2023-07-08T00:00:00+00:00, run_after=2023-07-09T00:00:00+00:00
[2023-07-09T19:34:43.901+0000] {processor.py:179} INFO - Processing /home/airflow/.local/lib/python3.7/site-packages/airflow/example_dags/example_branch_labels.py took 0.084 seconds
[2023-07-09T19:35:13.985+0000] {processor.py:157} INFO - Started process (PID=4230) to work on /home/airflow/.local/lib/python3.7/site-packages/airflow/example_dags/example_branch_labels.py
[2023-07-09T19:35:13.986+0000] {processor.py:826} INFO - Processing file /home/airflow/.local/lib/python3.7/site-packages/airflow/example_dags/example_branch_labels.py for tasks to queue
[2023-07-09T19:35:13.987+0000] {logging_mixin.py:149} INFO - [2023-07-09T19:35:13.987+0000] {dagbag.py:541} INFO - Filling up the DagBag from /home/airflow/.local/lib/python3.7/site-packages/airflow/example_dags/example_branch_labels.py
[2023-07-09T19:35:13.994+0000] {processor.py:836} INFO - DAG(s) dict_keys(['example_branch_labels']) retrieved from /home/airflow/.local/lib/python3.7/site-packages/airflow/example_dags/example_branch_labels.py
[2023-07-09T19:35:14.016+0000] {logging_mixin.py:149} INFO - [2023-07-09T19:35:14.016+0000] {dag.py:2726} INFO - Sync 1 DAGs
[2023-07-09T19:35:14.039+0000] {logging_mixin.py:149} INFO - [2023-07-09T19:35:14.039+0000] {dag.py:3490} INFO - Setting next_dagrun for example_branch_labels to 2023-07-08T00:00:00+00:00, run_after=2023-07-09T00:00:00+00:00
[2023-07-09T19:35:14.067+0000] {processor.py:179} INFO - Processing /home/airflow/.local/lib/python3.7/site-packages/airflow/example_dags/example_branch_labels.py took 0.085 seconds
[2023-07-09T19:35:44.215+0000] {processor.py:157} INFO - Started process (PID=4292) to work on /home/airflow/.local/lib/python3.7/site-packages/airflow/example_dags/example_branch_labels.py
[2023-07-09T19:35:44.216+0000] {processor.py:826} INFO - Processing file /home/airflow/.local/lib/python3.7/site-packages/airflow/example_dags/example_branch_labels.py for tasks to queue
[2023-07-09T19:35:44.217+0000] {logging_mixin.py:149} INFO - [2023-07-09T19:35:44.217+0000] {dagbag.py:541} INFO - Filling up the DagBag from /home/airflow/.local/lib/python3.7/site-packages/airflow/example_dags/example_branch_labels.py
[2023-07-09T19:35:44.224+0000] {processor.py:836} INFO - DAG(s) dict_keys(['example_branch_labels']) retrieved from /home/airflow/.local/lib/python3.7/site-packages/airflow/example_dags/example_branch_labels.py
[2023-07-09T19:35:44.249+0000] {logging_mixin.py:149} INFO - [2023-07-09T19:35:44.249+0000] {dag.py:2726} INFO - Sync 1 DAGs
[2023-07-09T19:35:44.274+0000] {logging_mixin.py:149} INFO - [2023-07-09T19:35:44.273+0000] {dag.py:3490} INFO - Setting next_dagrun for example_branch_labels to 2023-07-08T00:00:00+00:00, run_after=2023-07-09T00:00:00+00:00
[2023-07-09T19:35:44.300+0000] {processor.py:179} INFO - Processing /home/airflow/.local/lib/python3.7/site-packages/airflow/example_dags/example_branch_labels.py took 0.088 seconds
[2023-07-09T19:36:14.382+0000] {processor.py:157} INFO - Started process (PID=4354) to work on /home/airflow/.local/lib/python3.7/site-packages/airflow/example_dags/example_branch_labels.py
[2023-07-09T19:36:14.383+0000] {processor.py:826} INFO - Processing file /home/airflow/.local/lib/python3.7/site-packages/airflow/example_dags/example_branch_labels.py for tasks to queue
[2023-07-09T19:36:14.384+0000] {logging_mixin.py:149} INFO - [2023-07-09T19:36:14.384+0000] {dagbag.py:541} INFO - Filling up the DagBag from /home/airflow/.local/lib/python3.7/site-packages/airflow/example_dags/example_branch_labels.py
[2023-07-09T19:36:14.391+0000] {processor.py:836} INFO - DAG(s) dict_keys(['example_branch_labels']) retrieved from /home/airflow/.local/lib/python3.7/site-packages/airflow/example_dags/example_branch_labels.py
[2023-07-09T19:36:14.417+0000] {logging_mixin.py:149} INFO - [2023-07-09T19:36:14.417+0000] {dag.py:2726} INFO - Sync 1 DAGs
[2023-07-09T19:36:14.444+0000] {logging_mixin.py:149} INFO - [2023-07-09T19:36:14.444+0000] {dag.py:3490} INFO - Setting next_dagrun for example_branch_labels to 2023-07-08T00:00:00+00:00, run_after=2023-07-09T00:00:00+00:00
[2023-07-09T19:36:14.464+0000] {processor.py:179} INFO - Processing /home/airflow/.local/lib/python3.7/site-packages/airflow/example_dags/example_branch_labels.py took 0.085 seconds
[2023-07-09T19:36:44.889+0000] {processor.py:157} INFO - Started process (PID=4416) to work on /home/airflow/.local/lib/python3.7/site-packages/airflow/example_dags/example_branch_labels.py
[2023-07-09T19:36:44.890+0000] {processor.py:826} INFO - Processing file /home/airflow/.local/lib/python3.7/site-packages/airflow/example_dags/example_branch_labels.py for tasks to queue
[2023-07-09T19:36:44.891+0000] {logging_mixin.py:149} INFO - [2023-07-09T19:36:44.891+0000] {dagbag.py:541} INFO - Filling up the DagBag from /home/airflow/.local/lib/python3.7/site-packages/airflow/example_dags/example_branch_labels.py
[2023-07-09T19:36:44.898+0000] {processor.py:836} INFO - DAG(s) dict_keys(['example_branch_labels']) retrieved from /home/airflow/.local/lib/python3.7/site-packages/airflow/example_dags/example_branch_labels.py
[2023-07-09T19:36:44.923+0000] {logging_mixin.py:149} INFO - [2023-07-09T19:36:44.923+0000] {dag.py:2726} INFO - Sync 1 DAGs
[2023-07-09T19:36:44.949+0000] {logging_mixin.py:149} INFO - [2023-07-09T19:36:44.949+0000] {dag.py:3490} INFO - Setting next_dagrun for example_branch_labels to 2023-07-08T00:00:00+00:00, run_after=2023-07-09T00:00:00+00:00
[2023-07-09T19:36:44.970+0000] {processor.py:179} INFO - Processing /home/airflow/.local/lib/python3.7/site-packages/airflow/example_dags/example_branch_labels.py took 0.083 seconds
[2023-07-09T19:37:15.088+0000] {processor.py:157} INFO - Started process (PID=4478) to work on /home/airflow/.local/lib/python3.7/site-packages/airflow/example_dags/example_branch_labels.py
[2023-07-09T19:37:15.089+0000] {processor.py:826} INFO - Processing file /home/airflow/.local/lib/python3.7/site-packages/airflow/example_dags/example_branch_labels.py for tasks to queue
[2023-07-09T19:37:15.089+0000] {logging_mixin.py:149} INFO - [2023-07-09T19:37:15.089+0000] {dagbag.py:541} INFO - Filling up the DagBag from /home/airflow/.local/lib/python3.7/site-packages/airflow/example_dags/example_branch_labels.py
[2023-07-09T19:37:15.098+0000] {processor.py:836} INFO - DAG(s) dict_keys(['example_branch_labels']) retrieved from /home/airflow/.local/lib/python3.7/site-packages/airflow/example_dags/example_branch_labels.py
[2023-07-09T19:37:15.124+0000] {logging_mixin.py:149} INFO - [2023-07-09T19:37:15.124+0000] {dag.py:2726} INFO - Sync 1 DAGs
[2023-07-09T19:37:15.156+0000] {logging_mixin.py:149} INFO - [2023-07-09T19:37:15.155+0000] {dag.py:3490} INFO - Setting next_dagrun for example_branch_labels to 2023-07-08T00:00:00+00:00, run_after=2023-07-09T00:00:00+00:00
[2023-07-09T19:37:15.181+0000] {processor.py:179} INFO - Processing /home/airflow/.local/lib/python3.7/site-packages/airflow/example_dags/example_branch_labels.py took 0.097 seconds
[2023-07-09T19:37:45.300+0000] {processor.py:157} INFO - Started process (PID=4542) to work on /home/airflow/.local/lib/python3.7/site-packages/airflow/example_dags/example_branch_labels.py
[2023-07-09T19:37:45.301+0000] {processor.py:826} INFO - Processing file /home/airflow/.local/lib/python3.7/site-packages/airflow/example_dags/example_branch_labels.py for tasks to queue
[2023-07-09T19:37:45.302+0000] {logging_mixin.py:149} INFO - [2023-07-09T19:37:45.302+0000] {dagbag.py:541} INFO - Filling up the DagBag from /home/airflow/.local/lib/python3.7/site-packages/airflow/example_dags/example_branch_labels.py
[2023-07-09T19:37:45.310+0000] {processor.py:836} INFO - DAG(s) dict_keys(['example_branch_labels']) retrieved from /home/airflow/.local/lib/python3.7/site-packages/airflow/example_dags/example_branch_labels.py
[2023-07-09T19:37:45.335+0000] {logging_mixin.py:149} INFO - [2023-07-09T19:37:45.335+0000] {dag.py:2726} INFO - Sync 1 DAGs
[2023-07-09T19:37:45.361+0000] {logging_mixin.py:149} INFO - [2023-07-09T19:37:45.360+0000] {dag.py:3490} INFO - Setting next_dagrun for example_branch_labels to 2023-07-08T00:00:00+00:00, run_after=2023-07-09T00:00:00+00:00
[2023-07-09T19:37:45.383+0000] {processor.py:179} INFO - Processing /home/airflow/.local/lib/python3.7/site-packages/airflow/example_dags/example_branch_labels.py took 0.085 seconds
[2023-07-09T19:38:15.534+0000] {processor.py:157} INFO - Started process (PID=4609) to work on /home/airflow/.local/lib/python3.7/site-packages/airflow/example_dags/example_branch_labels.py
[2023-07-09T19:38:15.535+0000] {processor.py:826} INFO - Processing file /home/airflow/.local/lib/python3.7/site-packages/airflow/example_dags/example_branch_labels.py for tasks to queue
[2023-07-09T19:38:15.536+0000] {logging_mixin.py:149} INFO - [2023-07-09T19:38:15.536+0000] {dagbag.py:541} INFO - Filling up the DagBag from /home/airflow/.local/lib/python3.7/site-packages/airflow/example_dags/example_branch_labels.py
[2023-07-09T19:38:15.546+0000] {processor.py:836} INFO - DAG(s) dict_keys(['example_branch_labels']) retrieved from /home/airflow/.local/lib/python3.7/site-packages/airflow/example_dags/example_branch_labels.py
[2023-07-09T19:38:15.577+0000] {logging_mixin.py:149} INFO - [2023-07-09T19:38:15.577+0000] {dag.py:2726} INFO - Sync 1 DAGs
[2023-07-09T19:38:15.607+0000] {logging_mixin.py:149} INFO - [2023-07-09T19:38:15.607+0000] {dag.py:3490} INFO - Setting next_dagrun for example_branch_labels to 2023-07-08T00:00:00+00:00, run_after=2023-07-09T00:00:00+00:00
[2023-07-09T19:38:15.630+0000] {processor.py:179} INFO - Processing /home/airflow/.local/lib/python3.7/site-packages/airflow/example_dags/example_branch_labels.py took 0.099 seconds
[2023-07-09T19:38:45.966+0000] {processor.py:157} INFO - Started process (PID=4671) to work on /home/airflow/.local/lib/python3.7/site-packages/airflow/example_dags/example_branch_labels.py
[2023-07-09T19:38:45.967+0000] {processor.py:826} INFO - Processing file /home/airflow/.local/lib/python3.7/site-packages/airflow/example_dags/example_branch_labels.py for tasks to queue
[2023-07-09T19:38:45.968+0000] {logging_mixin.py:149} INFO - [2023-07-09T19:38:45.968+0000] {dagbag.py:541} INFO - Filling up the DagBag from /home/airflow/.local/lib/python3.7/site-packages/airflow/example_dags/example_branch_labels.py
[2023-07-09T19:38:45.975+0000] {processor.py:836} INFO - DAG(s) dict_keys(['example_branch_labels']) retrieved from /home/airflow/.local/lib/python3.7/site-packages/airflow/example_dags/example_branch_labels.py
[2023-07-09T19:38:46.003+0000] {logging_mixin.py:149} INFO - [2023-07-09T19:38:46.003+0000] {dag.py:2726} INFO - Sync 1 DAGs
[2023-07-09T19:38:46.033+0000] {logging_mixin.py:149} INFO - [2023-07-09T19:38:46.033+0000] {dag.py:3490} INFO - Setting next_dagrun for example_branch_labels to 2023-07-08T00:00:00+00:00, run_after=2023-07-09T00:00:00+00:00
[2023-07-09T19:38:46.056+0000] {processor.py:179} INFO - Processing /home/airflow/.local/lib/python3.7/site-packages/airflow/example_dags/example_branch_labels.py took 0.093 seconds
[2023-07-09T19:39:16.145+0000] {processor.py:157} INFO - Started process (PID=4733) to work on /home/airflow/.local/lib/python3.7/site-packages/airflow/example_dags/example_branch_labels.py
[2023-07-09T19:39:16.146+0000] {processor.py:826} INFO - Processing file /home/airflow/.local/lib/python3.7/site-packages/airflow/example_dags/example_branch_labels.py for tasks to queue
[2023-07-09T19:39:16.147+0000] {logging_mixin.py:149} INFO - [2023-07-09T19:39:16.147+0000] {dagbag.py:541} INFO - Filling up the DagBag from /home/airflow/.local/lib/python3.7/site-packages/airflow/example_dags/example_branch_labels.py
[2023-07-09T19:39:16.155+0000] {processor.py:836} INFO - DAG(s) dict_keys(['example_branch_labels']) retrieved from /home/airflow/.local/lib/python3.7/site-packages/airflow/example_dags/example_branch_labels.py
[2023-07-09T19:39:16.184+0000] {logging_mixin.py:149} INFO - [2023-07-09T19:39:16.184+0000] {dag.py:2726} INFO - Sync 1 DAGs
[2023-07-09T19:39:16.215+0000] {logging_mixin.py:149} INFO - [2023-07-09T19:39:16.215+0000] {dag.py:3490} INFO - Setting next_dagrun for example_branch_labels to 2023-07-08T00:00:00+00:00, run_after=2023-07-09T00:00:00+00:00
[2023-07-09T19:39:16.239+0000] {processor.py:179} INFO - Processing /home/airflow/.local/lib/python3.7/site-packages/airflow/example_dags/example_branch_labels.py took 0.097 seconds
[2023-07-09T19:39:46.868+0000] {processor.py:157} INFO - Started process (PID=4795) to work on /home/airflow/.local/lib/python3.7/site-packages/airflow/example_dags/example_branch_labels.py
[2023-07-09T19:39:46.870+0000] {processor.py:826} INFO - Processing file /home/airflow/.local/lib/python3.7/site-packages/airflow/example_dags/example_branch_labels.py for tasks to queue
[2023-07-09T19:39:46.871+0000] {logging_mixin.py:149} INFO - [2023-07-09T19:39:46.871+0000] {dagbag.py:541} INFO - Filling up the DagBag from /home/airflow/.local/lib/python3.7/site-packages/airflow/example_dags/example_branch_labels.py
[2023-07-09T19:39:46.879+0000] {processor.py:836} INFO - DAG(s) dict_keys(['example_branch_labels']) retrieved from /home/airflow/.local/lib/python3.7/site-packages/airflow/example_dags/example_branch_labels.py
[2023-07-09T19:39:46.907+0000] {logging_mixin.py:149} INFO - [2023-07-09T19:39:46.906+0000] {dag.py:2726} INFO - Sync 1 DAGs
[2023-07-09T19:39:46.931+0000] {logging_mixin.py:149} INFO - [2023-07-09T19:39:46.931+0000] {dag.py:3490} INFO - Setting next_dagrun for example_branch_labels to 2023-07-08T00:00:00+00:00, run_after=2023-07-09T00:00:00+00:00
[2023-07-09T19:39:46.955+0000] {processor.py:179} INFO - Processing /home/airflow/.local/lib/python3.7/site-packages/airflow/example_dags/example_branch_labels.py took 0.090 seconds
[2023-07-09T19:40:17.289+0000] {processor.py:157} INFO - Started process (PID=4857) to work on /home/airflow/.local/lib/python3.7/site-packages/airflow/example_dags/example_branch_labels.py
[2023-07-09T19:40:17.290+0000] {processor.py:826} INFO - Processing file /home/airflow/.local/lib/python3.7/site-packages/airflow/example_dags/example_branch_labels.py for tasks to queue
[2023-07-09T19:40:17.292+0000] {logging_mixin.py:149} INFO - [2023-07-09T19:40:17.291+0000] {dagbag.py:541} INFO - Filling up the DagBag from /home/airflow/.local/lib/python3.7/site-packages/airflow/example_dags/example_branch_labels.py
[2023-07-09T19:40:17.301+0000] {processor.py:836} INFO - DAG(s) dict_keys(['example_branch_labels']) retrieved from /home/airflow/.local/lib/python3.7/site-packages/airflow/example_dags/example_branch_labels.py
[2023-07-09T19:40:17.328+0000] {logging_mixin.py:149} INFO - [2023-07-09T19:40:17.328+0000] {dag.py:2726} INFO - Sync 1 DAGs
[2023-07-09T19:40:17.353+0000] {logging_mixin.py:149} INFO - [2023-07-09T19:40:17.353+0000] {dag.py:3490} INFO - Setting next_dagrun for example_branch_labels to 2023-07-08T00:00:00+00:00, run_after=2023-07-09T00:00:00+00:00
[2023-07-09T19:40:17.376+0000] {processor.py:179} INFO - Processing /home/airflow/.local/lib/python3.7/site-packages/airflow/example_dags/example_branch_labels.py took 0.090 seconds
[2023-07-09T19:40:47.423+0000] {processor.py:157} INFO - Started process (PID=4919) to work on /home/airflow/.local/lib/python3.7/site-packages/airflow/example_dags/example_branch_labels.py
[2023-07-09T19:40:47.424+0000] {processor.py:826} INFO - Processing file /home/airflow/.local/lib/python3.7/site-packages/airflow/example_dags/example_branch_labels.py for tasks to queue
[2023-07-09T19:40:47.425+0000] {logging_mixin.py:149} INFO - [2023-07-09T19:40:47.424+0000] {dagbag.py:541} INFO - Filling up the DagBag from /home/airflow/.local/lib/python3.7/site-packages/airflow/example_dags/example_branch_labels.py
[2023-07-09T19:40:47.431+0000] {processor.py:836} INFO - DAG(s) dict_keys(['example_branch_labels']) retrieved from /home/airflow/.local/lib/python3.7/site-packages/airflow/example_dags/example_branch_labels.py
[2023-07-09T19:40:47.460+0000] {logging_mixin.py:149} INFO - [2023-07-09T19:40:47.459+0000] {dag.py:2726} INFO - Sync 1 DAGs
[2023-07-09T19:40:47.488+0000] {logging_mixin.py:149} INFO - [2023-07-09T19:40:47.488+0000] {dag.py:3490} INFO - Setting next_dagrun for example_branch_labels to 2023-07-08T00:00:00+00:00, run_after=2023-07-09T00:00:00+00:00
[2023-07-09T19:40:47.510+0000] {processor.py:179} INFO - Processing /home/airflow/.local/lib/python3.7/site-packages/airflow/example_dags/example_branch_labels.py took 0.090 seconds
[2023-07-09T19:41:17.705+0000] {processor.py:157} INFO - Started process (PID=4981) to work on /home/airflow/.local/lib/python3.7/site-packages/airflow/example_dags/example_branch_labels.py
[2023-07-09T19:41:17.706+0000] {processor.py:826} INFO - Processing file /home/airflow/.local/lib/python3.7/site-packages/airflow/example_dags/example_branch_labels.py for tasks to queue
[2023-07-09T19:41:17.707+0000] {logging_mixin.py:149} INFO - [2023-07-09T19:41:17.707+0000] {dagbag.py:541} INFO - Filling up the DagBag from /home/airflow/.local/lib/python3.7/site-packages/airflow/example_dags/example_branch_labels.py
[2023-07-09T19:41:17.717+0000] {processor.py:836} INFO - DAG(s) dict_keys(['example_branch_labels']) retrieved from /home/airflow/.local/lib/python3.7/site-packages/airflow/example_dags/example_branch_labels.py
[2023-07-09T19:41:17.747+0000] {logging_mixin.py:149} INFO - [2023-07-09T19:41:17.746+0000] {dag.py:2726} INFO - Sync 1 DAGs
[2023-07-09T19:41:17.778+0000] {logging_mixin.py:149} INFO - [2023-07-09T19:41:17.778+0000] {dag.py:3490} INFO - Setting next_dagrun for example_branch_labels to 2023-07-08T00:00:00+00:00, run_after=2023-07-09T00:00:00+00:00
[2023-07-09T19:41:17.804+0000] {processor.py:179} INFO - Processing /home/airflow/.local/lib/python3.7/site-packages/airflow/example_dags/example_branch_labels.py took 0.103 seconds
[2023-07-09T23:59:28.262+0000] {processor.py:157} INFO - Started process (PID=5008) to work on /home/airflow/.local/lib/python3.7/site-packages/airflow/example_dags/example_branch_labels.py
[2023-07-09T23:59:28.264+0000] {processor.py:826} INFO - Processing file /home/airflow/.local/lib/python3.7/site-packages/airflow/example_dags/example_branch_labels.py for tasks to queue
[2023-07-09T23:59:28.265+0000] {logging_mixin.py:149} INFO - [2023-07-09T23:59:28.265+0000] {dagbag.py:541} INFO - Filling up the DagBag from /home/airflow/.local/lib/python3.7/site-packages/airflow/example_dags/example_branch_labels.py
[2023-07-09T23:59:28.278+0000] {processor.py:836} INFO - DAG(s) dict_keys(['example_branch_labels']) retrieved from /home/airflow/.local/lib/python3.7/site-packages/airflow/example_dags/example_branch_labels.py
[2023-07-09T23:59:28.319+0000] {logging_mixin.py:149} INFO - [2023-07-09T23:59:28.318+0000] {dag.py:2726} INFO - Sync 1 DAGs
[2023-07-09T23:59:28.362+0000] {logging_mixin.py:149} INFO - [2023-07-09T23:59:28.362+0000] {dag.py:3490} INFO - Setting next_dagrun for example_branch_labels to 2023-07-08T00:00:00+00:00, run_after=2023-07-09T00:00:00+00:00
[2023-07-09T23:59:28.427+0000] {processor.py:179} INFO - Processing /home/airflow/.local/lib/python3.7/site-packages/airflow/example_dags/example_branch_labels.py took 0.171 seconds
