[2023-07-09T19:06:51.097+0000] {processor.py:157} INFO - Started process (PID=787) to work on /home/airflow/.local/lib/python3.7/site-packages/airflow/example_dags/example_complex.py
[2023-07-09T19:06:51.098+0000] {processor.py:826} INFO - Processing file /home/airflow/.local/lib/python3.7/site-packages/airflow/example_dags/example_complex.py for tasks to queue
[2023-07-09T19:06:51.099+0000] {logging_mixin.py:149} INFO - [2023-07-09T19:06:51.099+0000] {dagbag.py:541} INFO - Filling up the DagBag from /home/airflow/.local/lib/python3.7/site-packages/airflow/example_dags/example_complex.py
[2023-07-09T19:06:51.111+0000] {processor.py:836} INFO - DAG(s) dict_keys(['example_complex']) retrieved from /home/airflow/.local/lib/python3.7/site-packages/airflow/example_dags/example_complex.py
[2023-07-09T19:06:51.146+0000] {logging_mixin.py:149} INFO - [2023-07-09T19:06:51.146+0000] {dag.py:2726} INFO - Sync 1 DAGs
[2023-07-09T19:06:51.169+0000] {logging_mixin.py:149} INFO - [2023-07-09T19:06:51.168+0000] {dag.py:3490} INFO - Setting next_dagrun for example_complex to None, run_after=None
[2023-07-09T19:06:51.191+0000] {processor.py:179} INFO - Processing /home/airflow/.local/lib/python3.7/site-packages/airflow/example_dags/example_complex.py took 0.097 seconds
[2023-07-09T19:07:21.282+0000] {processor.py:157} INFO - Started process (PID=847) to work on /home/airflow/.local/lib/python3.7/site-packages/airflow/example_dags/example_complex.py
[2023-07-09T19:07:21.283+0000] {processor.py:826} INFO - Processing file /home/airflow/.local/lib/python3.7/site-packages/airflow/example_dags/example_complex.py for tasks to queue
[2023-07-09T19:07:21.284+0000] {logging_mixin.py:149} INFO - [2023-07-09T19:07:21.284+0000] {dagbag.py:541} INFO - Filling up the DagBag from /home/airflow/.local/lib/python3.7/site-packages/airflow/example_dags/example_complex.py
[2023-07-09T19:07:21.296+0000] {processor.py:836} INFO - DAG(s) dict_keys(['example_complex']) retrieved from /home/airflow/.local/lib/python3.7/site-packages/airflow/example_dags/example_complex.py
[2023-07-09T19:07:21.331+0000] {logging_mixin.py:149} INFO - [2023-07-09T19:07:21.331+0000] {dag.py:2726} INFO - Sync 1 DAGs
[2023-07-09T19:07:21.357+0000] {logging_mixin.py:149} INFO - [2023-07-09T19:07:21.356+0000] {dag.py:3490} INFO - Setting next_dagrun for example_complex to None, run_after=None
[2023-07-09T19:07:21.384+0000] {processor.py:179} INFO - Processing /home/airflow/.local/lib/python3.7/site-packages/airflow/example_dags/example_complex.py took 0.105 seconds
[2023-07-09T19:07:51.788+0000] {processor.py:157} INFO - Started process (PID=909) to work on /home/airflow/.local/lib/python3.7/site-packages/airflow/example_dags/example_complex.py
[2023-07-09T19:07:51.789+0000] {processor.py:826} INFO - Processing file /home/airflow/.local/lib/python3.7/site-packages/airflow/example_dags/example_complex.py for tasks to queue
[2023-07-09T19:07:51.791+0000] {logging_mixin.py:149} INFO - [2023-07-09T19:07:51.790+0000] {dagbag.py:541} INFO - Filling up the DagBag from /home/airflow/.local/lib/python3.7/site-packages/airflow/example_dags/example_complex.py
[2023-07-09T19:07:51.804+0000] {processor.py:836} INFO - DAG(s) dict_keys(['example_complex']) retrieved from /home/airflow/.local/lib/python3.7/site-packages/airflow/example_dags/example_complex.py
[2023-07-09T19:07:51.847+0000] {logging_mixin.py:149} INFO - [2023-07-09T19:07:51.847+0000] {dag.py:2726} INFO - Sync 1 DAGs
[2023-07-09T19:07:51.871+0000] {logging_mixin.py:149} INFO - [2023-07-09T19:07:51.871+0000] {dag.py:3490} INFO - Setting next_dagrun for example_complex to None, run_after=None
[2023-07-09T19:07:51.893+0000] {processor.py:179} INFO - Processing /home/airflow/.local/lib/python3.7/site-packages/airflow/example_dags/example_complex.py took 0.110 seconds
[2023-07-09T19:08:21.980+0000] {processor.py:157} INFO - Started process (PID=969) to work on /home/airflow/.local/lib/python3.7/site-packages/airflow/example_dags/example_complex.py
[2023-07-09T19:08:21.981+0000] {processor.py:826} INFO - Processing file /home/airflow/.local/lib/python3.7/site-packages/airflow/example_dags/example_complex.py for tasks to queue
[2023-07-09T19:08:21.982+0000] {logging_mixin.py:149} INFO - [2023-07-09T19:08:21.982+0000] {dagbag.py:541} INFO - Filling up the DagBag from /home/airflow/.local/lib/python3.7/site-packages/airflow/example_dags/example_complex.py
[2023-07-09T19:08:21.992+0000] {processor.py:836} INFO - DAG(s) dict_keys(['example_complex']) retrieved from /home/airflow/.local/lib/python3.7/site-packages/airflow/example_dags/example_complex.py
[2023-07-09T19:08:22.006+0000] {logging_mixin.py:149} INFO - [2023-07-09T19:08:22.005+0000] {dag.py:2726} INFO - Sync 1 DAGs
[2023-07-09T19:08:22.030+0000] {logging_mixin.py:149} INFO - [2023-07-09T19:08:22.029+0000] {dag.py:3490} INFO - Setting next_dagrun for example_complex to None, run_after=None
[2023-07-09T19:08:22.051+0000] {processor.py:179} INFO - Processing /home/airflow/.local/lib/python3.7/site-packages/airflow/example_dags/example_complex.py took 0.075 seconds
[2023-07-09T19:08:52.256+0000] {processor.py:157} INFO - Started process (PID=1030) to work on /home/airflow/.local/lib/python3.7/site-packages/airflow/example_dags/example_complex.py
[2023-07-09T19:08:52.257+0000] {processor.py:826} INFO - Processing file /home/airflow/.local/lib/python3.7/site-packages/airflow/example_dags/example_complex.py for tasks to queue
[2023-07-09T19:08:52.258+0000] {logging_mixin.py:149} INFO - [2023-07-09T19:08:52.258+0000] {dagbag.py:541} INFO - Filling up the DagBag from /home/airflow/.local/lib/python3.7/site-packages/airflow/example_dags/example_complex.py
[2023-07-09T19:08:52.269+0000] {processor.py:836} INFO - DAG(s) dict_keys(['example_complex']) retrieved from /home/airflow/.local/lib/python3.7/site-packages/airflow/example_dags/example_complex.py
[2023-07-09T19:08:52.302+0000] {logging_mixin.py:149} INFO - [2023-07-09T19:08:52.302+0000] {dag.py:2726} INFO - Sync 1 DAGs
[2023-07-09T19:08:52.325+0000] {logging_mixin.py:149} INFO - [2023-07-09T19:08:52.324+0000] {dag.py:3490} INFO - Setting next_dagrun for example_complex to None, run_after=None
[2023-07-09T19:08:52.347+0000] {processor.py:179} INFO - Processing /home/airflow/.local/lib/python3.7/site-packages/airflow/example_dags/example_complex.py took 0.094 seconds
[2023-07-09T19:09:23.027+0000] {processor.py:157} INFO - Started process (PID=1090) to work on /home/airflow/.local/lib/python3.7/site-packages/airflow/example_dags/example_complex.py
[2023-07-09T19:09:23.028+0000] {processor.py:826} INFO - Processing file /home/airflow/.local/lib/python3.7/site-packages/airflow/example_dags/example_complex.py for tasks to queue
[2023-07-09T19:09:23.029+0000] {logging_mixin.py:149} INFO - [2023-07-09T19:09:23.029+0000] {dagbag.py:541} INFO - Filling up the DagBag from /home/airflow/.local/lib/python3.7/site-packages/airflow/example_dags/example_complex.py
[2023-07-09T19:09:23.045+0000] {processor.py:836} INFO - DAG(s) dict_keys(['example_complex']) retrieved from /home/airflow/.local/lib/python3.7/site-packages/airflow/example_dags/example_complex.py
[2023-07-09T19:09:23.062+0000] {logging_mixin.py:149} INFO - [2023-07-09T19:09:23.061+0000] {dag.py:2726} INFO - Sync 1 DAGs
[2023-07-09T19:09:23.094+0000] {logging_mixin.py:149} INFO - [2023-07-09T19:09:23.094+0000] {dag.py:3490} INFO - Setting next_dagrun for example_complex to None, run_after=None
[2023-07-09T19:09:23.120+0000] {processor.py:179} INFO - Processing /home/airflow/.local/lib/python3.7/site-packages/airflow/example_dags/example_complex.py took 0.097 seconds
[2023-07-09T19:09:53.437+0000] {processor.py:157} INFO - Started process (PID=1151) to work on /home/airflow/.local/lib/python3.7/site-packages/airflow/example_dags/example_complex.py
[2023-07-09T19:09:53.438+0000] {processor.py:826} INFO - Processing file /home/airflow/.local/lib/python3.7/site-packages/airflow/example_dags/example_complex.py for tasks to queue
[2023-07-09T19:09:53.439+0000] {logging_mixin.py:149} INFO - [2023-07-09T19:09:53.439+0000] {dagbag.py:541} INFO - Filling up the DagBag from /home/airflow/.local/lib/python3.7/site-packages/airflow/example_dags/example_complex.py
[2023-07-09T19:09:53.451+0000] {processor.py:836} INFO - DAG(s) dict_keys(['example_complex']) retrieved from /home/airflow/.local/lib/python3.7/site-packages/airflow/example_dags/example_complex.py
[2023-07-09T19:09:53.487+0000] {logging_mixin.py:149} INFO - [2023-07-09T19:09:53.487+0000] {dag.py:2726} INFO - Sync 1 DAGs
[2023-07-09T19:09:53.514+0000] {logging_mixin.py:149} INFO - [2023-07-09T19:09:53.514+0000] {dag.py:3490} INFO - Setting next_dagrun for example_complex to None, run_after=None
[2023-07-09T19:09:53.539+0000] {processor.py:179} INFO - Processing /home/airflow/.local/lib/python3.7/site-packages/airflow/example_dags/example_complex.py took 0.105 seconds
[2023-07-09T19:10:23.726+0000] {processor.py:157} INFO - Started process (PID=1212) to work on /home/airflow/.local/lib/python3.7/site-packages/airflow/example_dags/example_complex.py
[2023-07-09T19:10:23.727+0000] {processor.py:826} INFO - Processing file /home/airflow/.local/lib/python3.7/site-packages/airflow/example_dags/example_complex.py for tasks to queue
[2023-07-09T19:10:23.728+0000] {logging_mixin.py:149} INFO - [2023-07-09T19:10:23.728+0000] {dagbag.py:541} INFO - Filling up the DagBag from /home/airflow/.local/lib/python3.7/site-packages/airflow/example_dags/example_complex.py
[2023-07-09T19:10:23.738+0000] {processor.py:836} INFO - DAG(s) dict_keys(['example_complex']) retrieved from /home/airflow/.local/lib/python3.7/site-packages/airflow/example_dags/example_complex.py
[2023-07-09T19:10:23.772+0000] {logging_mixin.py:149} INFO - [2023-07-09T19:10:23.772+0000] {dag.py:2726} INFO - Sync 1 DAGs
[2023-07-09T19:10:23.797+0000] {logging_mixin.py:149} INFO - [2023-07-09T19:10:23.797+0000] {dag.py:3490} INFO - Setting next_dagrun for example_complex to None, run_after=None
[2023-07-09T19:10:23.819+0000] {processor.py:179} INFO - Processing /home/airflow/.local/lib/python3.7/site-packages/airflow/example_dags/example_complex.py took 0.096 seconds
[2023-07-09T19:10:53.923+0000] {processor.py:157} INFO - Started process (PID=1273) to work on /home/airflow/.local/lib/python3.7/site-packages/airflow/example_dags/example_complex.py
[2023-07-09T19:10:53.923+0000] {processor.py:826} INFO - Processing file /home/airflow/.local/lib/python3.7/site-packages/airflow/example_dags/example_complex.py for tasks to queue
[2023-07-09T19:10:53.924+0000] {logging_mixin.py:149} INFO - [2023-07-09T19:10:53.924+0000] {dagbag.py:541} INFO - Filling up the DagBag from /home/airflow/.local/lib/python3.7/site-packages/airflow/example_dags/example_complex.py
[2023-07-09T19:10:53.935+0000] {processor.py:836} INFO - DAG(s) dict_keys(['example_complex']) retrieved from /home/airflow/.local/lib/python3.7/site-packages/airflow/example_dags/example_complex.py
[2023-07-09T19:10:53.968+0000] {logging_mixin.py:149} INFO - [2023-07-09T19:10:53.968+0000] {dag.py:2726} INFO - Sync 1 DAGs
[2023-07-09T19:10:53.994+0000] {logging_mixin.py:149} INFO - [2023-07-09T19:10:53.994+0000] {dag.py:3490} INFO - Setting next_dagrun for example_complex to None, run_after=None
[2023-07-09T19:10:54.013+0000] {processor.py:179} INFO - Processing /home/airflow/.local/lib/python3.7/site-packages/airflow/example_dags/example_complex.py took 0.094 seconds
[2023-07-09T19:11:24.244+0000] {processor.py:157} INFO - Started process (PID=1334) to work on /home/airflow/.local/lib/python3.7/site-packages/airflow/example_dags/example_complex.py
[2023-07-09T19:11:24.245+0000] {processor.py:826} INFO - Processing file /home/airflow/.local/lib/python3.7/site-packages/airflow/example_dags/example_complex.py for tasks to queue
[2023-07-09T19:11:24.246+0000] {logging_mixin.py:149} INFO - [2023-07-09T19:11:24.246+0000] {dagbag.py:541} INFO - Filling up the DagBag from /home/airflow/.local/lib/python3.7/site-packages/airflow/example_dags/example_complex.py
[2023-07-09T19:11:24.258+0000] {processor.py:836} INFO - DAG(s) dict_keys(['example_complex']) retrieved from /home/airflow/.local/lib/python3.7/site-packages/airflow/example_dags/example_complex.py
[2023-07-09T19:11:24.294+0000] {logging_mixin.py:149} INFO - [2023-07-09T19:11:24.294+0000] {dag.py:2726} INFO - Sync 1 DAGs
[2023-07-09T19:11:24.320+0000] {logging_mixin.py:149} INFO - [2023-07-09T19:11:24.320+0000] {dag.py:3490} INFO - Setting next_dagrun for example_complex to None, run_after=None
[2023-07-09T19:11:24.344+0000] {processor.py:179} INFO - Processing /home/airflow/.local/lib/python3.7/site-packages/airflow/example_dags/example_complex.py took 0.103 seconds
[2023-07-09T19:11:54.571+0000] {processor.py:157} INFO - Started process (PID=1395) to work on /home/airflow/.local/lib/python3.7/site-packages/airflow/example_dags/example_complex.py
[2023-07-09T19:11:54.572+0000] {processor.py:826} INFO - Processing file /home/airflow/.local/lib/python3.7/site-packages/airflow/example_dags/example_complex.py for tasks to queue
[2023-07-09T19:11:54.574+0000] {logging_mixin.py:149} INFO - [2023-07-09T19:11:54.574+0000] {dagbag.py:541} INFO - Filling up the DagBag from /home/airflow/.local/lib/python3.7/site-packages/airflow/example_dags/example_complex.py
[2023-07-09T19:11:54.589+0000] {processor.py:836} INFO - DAG(s) dict_keys(['example_complex']) retrieved from /home/airflow/.local/lib/python3.7/site-packages/airflow/example_dags/example_complex.py
[2023-07-09T19:11:54.627+0000] {logging_mixin.py:149} INFO - [2023-07-09T19:11:54.627+0000] {dag.py:2726} INFO - Sync 1 DAGs
[2023-07-09T19:11:54.652+0000] {logging_mixin.py:149} INFO - [2023-07-09T19:11:54.652+0000] {dag.py:3490} INFO - Setting next_dagrun for example_complex to None, run_after=None
[2023-07-09T19:11:54.675+0000] {processor.py:179} INFO - Processing /home/airflow/.local/lib/python3.7/site-packages/airflow/example_dags/example_complex.py took 0.108 seconds
[2023-07-09T19:12:24.721+0000] {processor.py:157} INFO - Started process (PID=1456) to work on /home/airflow/.local/lib/python3.7/site-packages/airflow/example_dags/example_complex.py
[2023-07-09T19:12:24.722+0000] {processor.py:826} INFO - Processing file /home/airflow/.local/lib/python3.7/site-packages/airflow/example_dags/example_complex.py for tasks to queue
[2023-07-09T19:12:24.722+0000] {logging_mixin.py:149} INFO - [2023-07-09T19:12:24.722+0000] {dagbag.py:541} INFO - Filling up the DagBag from /home/airflow/.local/lib/python3.7/site-packages/airflow/example_dags/example_complex.py
[2023-07-09T19:12:24.733+0000] {processor.py:836} INFO - DAG(s) dict_keys(['example_complex']) retrieved from /home/airflow/.local/lib/python3.7/site-packages/airflow/example_dags/example_complex.py
[2023-07-09T19:12:24.747+0000] {logging_mixin.py:149} INFO - [2023-07-09T19:12:24.747+0000] {dag.py:2726} INFO - Sync 1 DAGs
[2023-07-09T19:12:24.771+0000] {logging_mixin.py:149} INFO - [2023-07-09T19:12:24.771+0000] {dag.py:3490} INFO - Setting next_dagrun for example_complex to None, run_after=None
[2023-07-09T19:12:24.791+0000] {processor.py:179} INFO - Processing /home/airflow/.local/lib/python3.7/site-packages/airflow/example_dags/example_complex.py took 0.073 seconds
[2023-07-09T19:12:55.398+0000] {processor.py:157} INFO - Started process (PID=1517) to work on /home/airflow/.local/lib/python3.7/site-packages/airflow/example_dags/example_complex.py
[2023-07-09T19:12:55.399+0000] {processor.py:826} INFO - Processing file /home/airflow/.local/lib/python3.7/site-packages/airflow/example_dags/example_complex.py for tasks to queue
[2023-07-09T19:12:55.400+0000] {logging_mixin.py:149} INFO - [2023-07-09T19:12:55.400+0000] {dagbag.py:541} INFO - Filling up the DagBag from /home/airflow/.local/lib/python3.7/site-packages/airflow/example_dags/example_complex.py
[2023-07-09T19:12:55.415+0000] {processor.py:836} INFO - DAG(s) dict_keys(['example_complex']) retrieved from /home/airflow/.local/lib/python3.7/site-packages/airflow/example_dags/example_complex.py
[2023-07-09T19:12:55.454+0000] {logging_mixin.py:149} INFO - [2023-07-09T19:12:55.454+0000] {dag.py:2726} INFO - Sync 1 DAGs
[2023-07-09T19:12:55.479+0000] {logging_mixin.py:149} INFO - [2023-07-09T19:12:55.479+0000] {dag.py:3490} INFO - Setting next_dagrun for example_complex to None, run_after=None
[2023-07-09T19:12:55.500+0000] {processor.py:179} INFO - Processing /home/airflow/.local/lib/python3.7/site-packages/airflow/example_dags/example_complex.py took 0.105 seconds
[2023-07-09T19:13:25.606+0000] {processor.py:157} INFO - Started process (PID=1579) to work on /home/airflow/.local/lib/python3.7/site-packages/airflow/example_dags/example_complex.py
[2023-07-09T19:13:25.607+0000] {processor.py:826} INFO - Processing file /home/airflow/.local/lib/python3.7/site-packages/airflow/example_dags/example_complex.py for tasks to queue
[2023-07-09T19:13:25.608+0000] {logging_mixin.py:149} INFO - [2023-07-09T19:13:25.608+0000] {dagbag.py:541} INFO - Filling up the DagBag from /home/airflow/.local/lib/python3.7/site-packages/airflow/example_dags/example_complex.py
[2023-07-09T19:13:25.619+0000] {processor.py:836} INFO - DAG(s) dict_keys(['example_complex']) retrieved from /home/airflow/.local/lib/python3.7/site-packages/airflow/example_dags/example_complex.py
[2023-07-09T19:13:25.654+0000] {logging_mixin.py:149} INFO - [2023-07-09T19:13:25.654+0000] {dag.py:2726} INFO - Sync 1 DAGs
[2023-07-09T19:13:25.681+0000] {logging_mixin.py:149} INFO - [2023-07-09T19:13:25.680+0000] {dag.py:3490} INFO - Setting next_dagrun for example_complex to None, run_after=None
[2023-07-09T19:13:25.702+0000] {processor.py:179} INFO - Processing /home/airflow/.local/lib/python3.7/site-packages/airflow/example_dags/example_complex.py took 0.099 seconds
[2023-07-09T19:13:56.007+0000] {processor.py:157} INFO - Started process (PID=1640) to work on /home/airflow/.local/lib/python3.7/site-packages/airflow/example_dags/example_complex.py
[2023-07-09T19:13:56.008+0000] {processor.py:826} INFO - Processing file /home/airflow/.local/lib/python3.7/site-packages/airflow/example_dags/example_complex.py for tasks to queue
[2023-07-09T19:13:56.008+0000] {logging_mixin.py:149} INFO - [2023-07-09T19:13:56.008+0000] {dagbag.py:541} INFO - Filling up the DagBag from /home/airflow/.local/lib/python3.7/site-packages/airflow/example_dags/example_complex.py
[2023-07-09T19:13:56.019+0000] {processor.py:836} INFO - DAG(s) dict_keys(['example_complex']) retrieved from /home/airflow/.local/lib/python3.7/site-packages/airflow/example_dags/example_complex.py
[2023-07-09T19:13:56.052+0000] {logging_mixin.py:149} INFO - [2023-07-09T19:13:56.052+0000] {dag.py:2726} INFO - Sync 1 DAGs
[2023-07-09T19:13:56.077+0000] {logging_mixin.py:149} INFO - [2023-07-09T19:13:56.076+0000] {dag.py:3490} INFO - Setting next_dagrun for example_complex to None, run_after=None
[2023-07-09T19:13:56.103+0000] {processor.py:179} INFO - Processing /home/airflow/.local/lib/python3.7/site-packages/airflow/example_dags/example_complex.py took 0.099 seconds
[2023-07-09T19:14:26.258+0000] {processor.py:157} INFO - Started process (PID=1701) to work on /home/airflow/.local/lib/python3.7/site-packages/airflow/example_dags/example_complex.py
[2023-07-09T19:14:26.259+0000] {processor.py:826} INFO - Processing file /home/airflow/.local/lib/python3.7/site-packages/airflow/example_dags/example_complex.py for tasks to queue
[2023-07-09T19:14:26.260+0000] {logging_mixin.py:149} INFO - [2023-07-09T19:14:26.260+0000] {dagbag.py:541} INFO - Filling up the DagBag from /home/airflow/.local/lib/python3.7/site-packages/airflow/example_dags/example_complex.py
[2023-07-09T19:14:26.271+0000] {processor.py:836} INFO - DAG(s) dict_keys(['example_complex']) retrieved from /home/airflow/.local/lib/python3.7/site-packages/airflow/example_dags/example_complex.py
[2023-07-09T19:14:26.304+0000] {logging_mixin.py:149} INFO - [2023-07-09T19:14:26.304+0000] {dag.py:2726} INFO - Sync 1 DAGs
[2023-07-09T19:14:26.329+0000] {logging_mixin.py:149} INFO - [2023-07-09T19:14:26.329+0000] {dag.py:3490} INFO - Setting next_dagrun for example_complex to None, run_after=None
[2023-07-09T19:14:26.352+0000] {processor.py:179} INFO - Processing /home/airflow/.local/lib/python3.7/site-packages/airflow/example_dags/example_complex.py took 0.096 seconds
[2023-07-09T19:14:56.480+0000] {processor.py:157} INFO - Started process (PID=1762) to work on /home/airflow/.local/lib/python3.7/site-packages/airflow/example_dags/example_complex.py
[2023-07-09T19:14:56.481+0000] {processor.py:826} INFO - Processing file /home/airflow/.local/lib/python3.7/site-packages/airflow/example_dags/example_complex.py for tasks to queue
[2023-07-09T19:14:56.482+0000] {logging_mixin.py:149} INFO - [2023-07-09T19:14:56.482+0000] {dagbag.py:541} INFO - Filling up the DagBag from /home/airflow/.local/lib/python3.7/site-packages/airflow/example_dags/example_complex.py
[2023-07-09T19:14:56.493+0000] {processor.py:836} INFO - DAG(s) dict_keys(['example_complex']) retrieved from /home/airflow/.local/lib/python3.7/site-packages/airflow/example_dags/example_complex.py
[2023-07-09T19:14:56.527+0000] {logging_mixin.py:149} INFO - [2023-07-09T19:14:56.527+0000] {dag.py:2726} INFO - Sync 1 DAGs
[2023-07-09T19:14:56.550+0000] {logging_mixin.py:149} INFO - [2023-07-09T19:14:56.550+0000] {dag.py:3490} INFO - Setting next_dagrun for example_complex to None, run_after=None
[2023-07-09T19:14:56.571+0000] {processor.py:179} INFO - Processing /home/airflow/.local/lib/python3.7/site-packages/airflow/example_dags/example_complex.py took 0.094 seconds
[2023-07-09T19:15:27.297+0000] {processor.py:157} INFO - Started process (PID=1823) to work on /home/airflow/.local/lib/python3.7/site-packages/airflow/example_dags/example_complex.py
[2023-07-09T19:15:27.298+0000] {processor.py:826} INFO - Processing file /home/airflow/.local/lib/python3.7/site-packages/airflow/example_dags/example_complex.py for tasks to queue
[2023-07-09T19:15:27.299+0000] {logging_mixin.py:149} INFO - [2023-07-09T19:15:27.299+0000] {dagbag.py:541} INFO - Filling up the DagBag from /home/airflow/.local/lib/python3.7/site-packages/airflow/example_dags/example_complex.py
[2023-07-09T19:15:27.314+0000] {processor.py:836} INFO - DAG(s) dict_keys(['example_complex']) retrieved from /home/airflow/.local/lib/python3.7/site-packages/airflow/example_dags/example_complex.py
[2023-07-09T19:15:27.347+0000] {logging_mixin.py:149} INFO - [2023-07-09T19:15:27.347+0000] {dag.py:2726} INFO - Sync 1 DAGs
[2023-07-09T19:15:27.373+0000] {logging_mixin.py:149} INFO - [2023-07-09T19:15:27.373+0000] {dag.py:3490} INFO - Setting next_dagrun for example_complex to None, run_after=None
[2023-07-09T19:15:27.394+0000] {processor.py:179} INFO - Processing /home/airflow/.local/lib/python3.7/site-packages/airflow/example_dags/example_complex.py took 0.100 seconds
[2023-07-09T19:15:57.590+0000] {processor.py:157} INFO - Started process (PID=1885) to work on /home/airflow/.local/lib/python3.7/site-packages/airflow/example_dags/example_complex.py
[2023-07-09T19:15:57.591+0000] {processor.py:826} INFO - Processing file /home/airflow/.local/lib/python3.7/site-packages/airflow/example_dags/example_complex.py for tasks to queue
[2023-07-09T19:15:57.592+0000] {logging_mixin.py:149} INFO - [2023-07-09T19:15:57.592+0000] {dagbag.py:541} INFO - Filling up the DagBag from /home/airflow/.local/lib/python3.7/site-packages/airflow/example_dags/example_complex.py
[2023-07-09T19:15:57.604+0000] {processor.py:836} INFO - DAG(s) dict_keys(['example_complex']) retrieved from /home/airflow/.local/lib/python3.7/site-packages/airflow/example_dags/example_complex.py
[2023-07-09T19:15:57.637+0000] {logging_mixin.py:149} INFO - [2023-07-09T19:15:57.637+0000] {dag.py:2726} INFO - Sync 1 DAGs
[2023-07-09T19:15:57.661+0000] {logging_mixin.py:149} INFO - [2023-07-09T19:15:57.661+0000] {dag.py:3490} INFO - Setting next_dagrun for example_complex to None, run_after=None
[2023-07-09T19:15:57.684+0000] {processor.py:179} INFO - Processing /home/airflow/.local/lib/python3.7/site-packages/airflow/example_dags/example_complex.py took 0.097 seconds
[2023-07-09T19:16:27.797+0000] {processor.py:157} INFO - Started process (PID=1948) to work on /home/airflow/.local/lib/python3.7/site-packages/airflow/example_dags/example_complex.py
[2023-07-09T19:16:27.798+0000] {processor.py:826} INFO - Processing file /home/airflow/.local/lib/python3.7/site-packages/airflow/example_dags/example_complex.py for tasks to queue
[2023-07-09T19:16:27.799+0000] {logging_mixin.py:149} INFO - [2023-07-09T19:16:27.799+0000] {dagbag.py:541} INFO - Filling up the DagBag from /home/airflow/.local/lib/python3.7/site-packages/airflow/example_dags/example_complex.py
[2023-07-09T19:16:27.809+0000] {processor.py:836} INFO - DAG(s) dict_keys(['example_complex']) retrieved from /home/airflow/.local/lib/python3.7/site-packages/airflow/example_dags/example_complex.py
[2023-07-09T19:16:27.843+0000] {logging_mixin.py:149} INFO - [2023-07-09T19:16:27.843+0000] {dag.py:2726} INFO - Sync 1 DAGs
[2023-07-09T19:16:27.868+0000] {logging_mixin.py:149} INFO - [2023-07-09T19:16:27.868+0000] {dag.py:3490} INFO - Setting next_dagrun for example_complex to None, run_after=None
[2023-07-09T19:16:27.889+0000] {processor.py:179} INFO - Processing /home/airflow/.local/lib/python3.7/site-packages/airflow/example_dags/example_complex.py took 0.095 seconds
[2023-07-09T19:16:58.009+0000] {processor.py:157} INFO - Started process (PID=2010) to work on /home/airflow/.local/lib/python3.7/site-packages/airflow/example_dags/example_complex.py
[2023-07-09T19:16:58.010+0000] {processor.py:826} INFO - Processing file /home/airflow/.local/lib/python3.7/site-packages/airflow/example_dags/example_complex.py for tasks to queue
[2023-07-09T19:16:58.011+0000] {logging_mixin.py:149} INFO - [2023-07-09T19:16:58.011+0000] {dagbag.py:541} INFO - Filling up the DagBag from /home/airflow/.local/lib/python3.7/site-packages/airflow/example_dags/example_complex.py
[2023-07-09T19:16:58.022+0000] {processor.py:836} INFO - DAG(s) dict_keys(['example_complex']) retrieved from /home/airflow/.local/lib/python3.7/site-packages/airflow/example_dags/example_complex.py
[2023-07-09T19:16:58.058+0000] {logging_mixin.py:149} INFO - [2023-07-09T19:16:58.058+0000] {dag.py:2726} INFO - Sync 1 DAGs
[2023-07-09T19:16:58.081+0000] {logging_mixin.py:149} INFO - [2023-07-09T19:16:58.081+0000] {dag.py:3490} INFO - Setting next_dagrun for example_complex to None, run_after=None
[2023-07-09T19:16:58.102+0000] {processor.py:179} INFO - Processing /home/airflow/.local/lib/python3.7/site-packages/airflow/example_dags/example_complex.py took 0.096 seconds
[2023-07-09T19:17:28.342+0000] {processor.py:157} INFO - Started process (PID=2072) to work on /home/airflow/.local/lib/python3.7/site-packages/airflow/example_dags/example_complex.py
[2023-07-09T19:17:28.343+0000] {processor.py:826} INFO - Processing file /home/airflow/.local/lib/python3.7/site-packages/airflow/example_dags/example_complex.py for tasks to queue
[2023-07-09T19:17:28.343+0000] {logging_mixin.py:149} INFO - [2023-07-09T19:17:28.343+0000] {dagbag.py:541} INFO - Filling up the DagBag from /home/airflow/.local/lib/python3.7/site-packages/airflow/example_dags/example_complex.py
[2023-07-09T19:17:28.355+0000] {processor.py:836} INFO - DAG(s) dict_keys(['example_complex']) retrieved from /home/airflow/.local/lib/python3.7/site-packages/airflow/example_dags/example_complex.py
[2023-07-09T19:17:28.386+0000] {logging_mixin.py:149} INFO - [2023-07-09T19:17:28.386+0000] {dag.py:2726} INFO - Sync 1 DAGs
[2023-07-09T19:17:28.408+0000] {logging_mixin.py:149} INFO - [2023-07-09T19:17:28.408+0000] {dag.py:3490} INFO - Setting next_dagrun for example_complex to None, run_after=None
[2023-07-09T19:17:28.432+0000] {processor.py:179} INFO - Processing /home/airflow/.local/lib/python3.7/site-packages/airflow/example_dags/example_complex.py took 0.093 seconds
[2023-07-09T19:17:59.253+0000] {processor.py:157} INFO - Started process (PID=2134) to work on /home/airflow/.local/lib/python3.7/site-packages/airflow/example_dags/example_complex.py
[2023-07-09T19:17:59.254+0000] {processor.py:826} INFO - Processing file /home/airflow/.local/lib/python3.7/site-packages/airflow/example_dags/example_complex.py for tasks to queue
[2023-07-09T19:17:59.255+0000] {logging_mixin.py:149} INFO - [2023-07-09T19:17:59.255+0000] {dagbag.py:541} INFO - Filling up the DagBag from /home/airflow/.local/lib/python3.7/site-packages/airflow/example_dags/example_complex.py
[2023-07-09T19:17:59.268+0000] {processor.py:836} INFO - DAG(s) dict_keys(['example_complex']) retrieved from /home/airflow/.local/lib/python3.7/site-packages/airflow/example_dags/example_complex.py
[2023-07-09T19:17:59.305+0000] {logging_mixin.py:149} INFO - [2023-07-09T19:17:59.305+0000] {dag.py:2726} INFO - Sync 1 DAGs
[2023-07-09T19:17:59.331+0000] {logging_mixin.py:149} INFO - [2023-07-09T19:17:59.330+0000] {dag.py:3490} INFO - Setting next_dagrun for example_complex to None, run_after=None
[2023-07-09T19:17:59.352+0000] {processor.py:179} INFO - Processing /home/airflow/.local/lib/python3.7/site-packages/airflow/example_dags/example_complex.py took 0.102 seconds
[2023-07-09T19:18:29.687+0000] {processor.py:157} INFO - Started process (PID=2196) to work on /home/airflow/.local/lib/python3.7/site-packages/airflow/example_dags/example_complex.py
[2023-07-09T19:18:29.689+0000] {processor.py:826} INFO - Processing file /home/airflow/.local/lib/python3.7/site-packages/airflow/example_dags/example_complex.py for tasks to queue
[2023-07-09T19:18:29.689+0000] {logging_mixin.py:149} INFO - [2023-07-09T19:18:29.689+0000] {dagbag.py:541} INFO - Filling up the DagBag from /home/airflow/.local/lib/python3.7/site-packages/airflow/example_dags/example_complex.py
[2023-07-09T19:18:29.700+0000] {processor.py:836} INFO - DAG(s) dict_keys(['example_complex']) retrieved from /home/airflow/.local/lib/python3.7/site-packages/airflow/example_dags/example_complex.py
[2023-07-09T19:18:29.733+0000] {logging_mixin.py:149} INFO - [2023-07-09T19:18:29.733+0000] {dag.py:2726} INFO - Sync 1 DAGs
[2023-07-09T19:18:29.756+0000] {logging_mixin.py:149} INFO - [2023-07-09T19:18:29.756+0000] {dag.py:3490} INFO - Setting next_dagrun for example_complex to None, run_after=None
[2023-07-09T19:18:29.777+0000] {processor.py:179} INFO - Processing /home/airflow/.local/lib/python3.7/site-packages/airflow/example_dags/example_complex.py took 0.092 seconds
[2023-07-09T19:18:59.885+0000] {processor.py:157} INFO - Started process (PID=2258) to work on /home/airflow/.local/lib/python3.7/site-packages/airflow/example_dags/example_complex.py
[2023-07-09T19:18:59.886+0000] {processor.py:826} INFO - Processing file /home/airflow/.local/lib/python3.7/site-packages/airflow/example_dags/example_complex.py for tasks to queue
[2023-07-09T19:18:59.887+0000] {logging_mixin.py:149} INFO - [2023-07-09T19:18:59.886+0000] {dagbag.py:541} INFO - Filling up the DagBag from /home/airflow/.local/lib/python3.7/site-packages/airflow/example_dags/example_complex.py
[2023-07-09T19:18:59.897+0000] {processor.py:836} INFO - DAG(s) dict_keys(['example_complex']) retrieved from /home/airflow/.local/lib/python3.7/site-packages/airflow/example_dags/example_complex.py
[2023-07-09T19:18:59.931+0000] {logging_mixin.py:149} INFO - [2023-07-09T19:18:59.931+0000] {dag.py:2726} INFO - Sync 1 DAGs
[2023-07-09T19:18:59.956+0000] {logging_mixin.py:149} INFO - [2023-07-09T19:18:59.955+0000] {dag.py:3490} INFO - Setting next_dagrun for example_complex to None, run_after=None
[2023-07-09T19:18:59.977+0000] {processor.py:179} INFO - Processing /home/airflow/.local/lib/python3.7/site-packages/airflow/example_dags/example_complex.py took 0.096 seconds
[2023-07-09T19:19:30.077+0000] {processor.py:157} INFO - Started process (PID=2320) to work on /home/airflow/.local/lib/python3.7/site-packages/airflow/example_dags/example_complex.py
[2023-07-09T19:19:30.078+0000] {processor.py:826} INFO - Processing file /home/airflow/.local/lib/python3.7/site-packages/airflow/example_dags/example_complex.py for tasks to queue
[2023-07-09T19:19:30.078+0000] {logging_mixin.py:149} INFO - [2023-07-09T19:19:30.078+0000] {dagbag.py:541} INFO - Filling up the DagBag from /home/airflow/.local/lib/python3.7/site-packages/airflow/example_dags/example_complex.py
[2023-07-09T19:19:30.089+0000] {processor.py:836} INFO - DAG(s) dict_keys(['example_complex']) retrieved from /home/airflow/.local/lib/python3.7/site-packages/airflow/example_dags/example_complex.py
[2023-07-09T19:19:30.122+0000] {logging_mixin.py:149} INFO - [2023-07-09T19:19:30.122+0000] {dag.py:2726} INFO - Sync 1 DAGs
[2023-07-09T19:19:30.146+0000] {logging_mixin.py:149} INFO - [2023-07-09T19:19:30.146+0000] {dag.py:3490} INFO - Setting next_dagrun for example_complex to None, run_after=None
[2023-07-09T19:19:30.167+0000] {processor.py:179} INFO - Processing /home/airflow/.local/lib/python3.7/site-packages/airflow/example_dags/example_complex.py took 0.093 seconds
[2023-07-09T19:20:00.288+0000] {processor.py:157} INFO - Started process (PID=2382) to work on /home/airflow/.local/lib/python3.7/site-packages/airflow/example_dags/example_complex.py
[2023-07-09T19:20:00.290+0000] {processor.py:826} INFO - Processing file /home/airflow/.local/lib/python3.7/site-packages/airflow/example_dags/example_complex.py for tasks to queue
[2023-07-09T19:20:00.291+0000] {logging_mixin.py:149} INFO - [2023-07-09T19:20:00.291+0000] {dagbag.py:541} INFO - Filling up the DagBag from /home/airflow/.local/lib/python3.7/site-packages/airflow/example_dags/example_complex.py
[2023-07-09T19:20:00.301+0000] {processor.py:836} INFO - DAG(s) dict_keys(['example_complex']) retrieved from /home/airflow/.local/lib/python3.7/site-packages/airflow/example_dags/example_complex.py
[2023-07-09T19:20:00.335+0000] {logging_mixin.py:149} INFO - [2023-07-09T19:20:00.335+0000] {dag.py:2726} INFO - Sync 1 DAGs
[2023-07-09T19:20:00.360+0000] {logging_mixin.py:149} INFO - [2023-07-09T19:20:00.360+0000] {dag.py:3490} INFO - Setting next_dagrun for example_complex to None, run_after=None
[2023-07-09T19:20:00.381+0000] {processor.py:179} INFO - Processing /home/airflow/.local/lib/python3.7/site-packages/airflow/example_dags/example_complex.py took 0.095 seconds
[2023-07-09T19:20:30.728+0000] {processor.py:157} INFO - Started process (PID=2444) to work on /home/airflow/.local/lib/python3.7/site-packages/airflow/example_dags/example_complex.py
[2023-07-09T19:20:30.729+0000] {processor.py:826} INFO - Processing file /home/airflow/.local/lib/python3.7/site-packages/airflow/example_dags/example_complex.py for tasks to queue
[2023-07-09T19:20:30.730+0000] {logging_mixin.py:149} INFO - [2023-07-09T19:20:30.729+0000] {dagbag.py:541} INFO - Filling up the DagBag from /home/airflow/.local/lib/python3.7/site-packages/airflow/example_dags/example_complex.py
[2023-07-09T19:20:30.740+0000] {processor.py:836} INFO - DAG(s) dict_keys(['example_complex']) retrieved from /home/airflow/.local/lib/python3.7/site-packages/airflow/example_dags/example_complex.py
[2023-07-09T19:20:30.775+0000] {logging_mixin.py:149} INFO - [2023-07-09T19:20:30.775+0000] {dag.py:2726} INFO - Sync 1 DAGs
[2023-07-09T19:20:30.800+0000] {logging_mixin.py:149} INFO - [2023-07-09T19:20:30.800+0000] {dag.py:3490} INFO - Setting next_dagrun for example_complex to None, run_after=None
[2023-07-09T19:20:30.827+0000] {processor.py:179} INFO - Processing /home/airflow/.local/lib/python3.7/site-packages/airflow/example_dags/example_complex.py took 0.103 seconds
[2023-07-09T19:21:01.024+0000] {processor.py:157} INFO - Started process (PID=2506) to work on /home/airflow/.local/lib/python3.7/site-packages/airflow/example_dags/example_complex.py
[2023-07-09T19:21:01.026+0000] {processor.py:826} INFO - Processing file /home/airflow/.local/lib/python3.7/site-packages/airflow/example_dags/example_complex.py for tasks to queue
[2023-07-09T19:21:01.027+0000] {logging_mixin.py:149} INFO - [2023-07-09T19:21:01.026+0000] {dagbag.py:541} INFO - Filling up the DagBag from /home/airflow/.local/lib/python3.7/site-packages/airflow/example_dags/example_complex.py
[2023-07-09T19:21:01.037+0000] {processor.py:836} INFO - DAG(s) dict_keys(['example_complex']) retrieved from /home/airflow/.local/lib/python3.7/site-packages/airflow/example_dags/example_complex.py
[2023-07-09T19:21:01.073+0000] {logging_mixin.py:149} INFO - [2023-07-09T19:21:01.072+0000] {dag.py:2726} INFO - Sync 1 DAGs
[2023-07-09T19:21:01.098+0000] {logging_mixin.py:149} INFO - [2023-07-09T19:21:01.098+0000] {dag.py:3490} INFO - Setting next_dagrun for example_complex to None, run_after=None
[2023-07-09T19:21:01.120+0000] {processor.py:179} INFO - Processing /home/airflow/.local/lib/python3.7/site-packages/airflow/example_dags/example_complex.py took 0.099 seconds
[2023-07-09T19:21:31.362+0000] {processor.py:157} INFO - Started process (PID=2568) to work on /home/airflow/.local/lib/python3.7/site-packages/airflow/example_dags/example_complex.py
[2023-07-09T19:21:31.363+0000] {processor.py:826} INFO - Processing file /home/airflow/.local/lib/python3.7/site-packages/airflow/example_dags/example_complex.py for tasks to queue
[2023-07-09T19:21:31.364+0000] {logging_mixin.py:149} INFO - [2023-07-09T19:21:31.364+0000] {dagbag.py:541} INFO - Filling up the DagBag from /home/airflow/.local/lib/python3.7/site-packages/airflow/example_dags/example_complex.py
[2023-07-09T19:21:31.376+0000] {processor.py:836} INFO - DAG(s) dict_keys(['example_complex']) retrieved from /home/airflow/.local/lib/python3.7/site-packages/airflow/example_dags/example_complex.py
[2023-07-09T19:21:31.415+0000] {logging_mixin.py:149} INFO - [2023-07-09T19:21:31.415+0000] {dag.py:2726} INFO - Sync 1 DAGs
[2023-07-09T19:21:31.449+0000] {logging_mixin.py:149} INFO - [2023-07-09T19:21:31.449+0000] {dag.py:3490} INFO - Setting next_dagrun for example_complex to None, run_after=None
[2023-07-09T19:21:31.480+0000] {processor.py:179} INFO - Processing /home/airflow/.local/lib/python3.7/site-packages/airflow/example_dags/example_complex.py took 0.122 seconds
[2023-07-09T19:22:01.648+0000] {processor.py:157} INFO - Started process (PID=2630) to work on /home/airflow/.local/lib/python3.7/site-packages/airflow/example_dags/example_complex.py
[2023-07-09T19:22:01.649+0000] {processor.py:826} INFO - Processing file /home/airflow/.local/lib/python3.7/site-packages/airflow/example_dags/example_complex.py for tasks to queue
[2023-07-09T19:22:01.650+0000] {logging_mixin.py:149} INFO - [2023-07-09T19:22:01.650+0000] {dagbag.py:541} INFO - Filling up the DagBag from /home/airflow/.local/lib/python3.7/site-packages/airflow/example_dags/example_complex.py
[2023-07-09T19:22:01.661+0000] {processor.py:836} INFO - DAG(s) dict_keys(['example_complex']) retrieved from /home/airflow/.local/lib/python3.7/site-packages/airflow/example_dags/example_complex.py
[2023-07-09T19:22:01.696+0000] {logging_mixin.py:149} INFO - [2023-07-09T19:22:01.696+0000] {dag.py:2726} INFO - Sync 1 DAGs
[2023-07-09T19:22:01.721+0000] {logging_mixin.py:149} INFO - [2023-07-09T19:22:01.721+0000] {dag.py:3490} INFO - Setting next_dagrun for example_complex to None, run_after=None
[2023-07-09T19:22:01.745+0000] {processor.py:179} INFO - Processing /home/airflow/.local/lib/python3.7/site-packages/airflow/example_dags/example_complex.py took 0.100 seconds
[2023-07-09T19:22:31.836+0000] {processor.py:157} INFO - Started process (PID=2692) to work on /home/airflow/.local/lib/python3.7/site-packages/airflow/example_dags/example_complex.py
[2023-07-09T19:22:31.837+0000] {processor.py:826} INFO - Processing file /home/airflow/.local/lib/python3.7/site-packages/airflow/example_dags/example_complex.py for tasks to queue
[2023-07-09T19:22:31.838+0000] {logging_mixin.py:149} INFO - [2023-07-09T19:22:31.838+0000] {dagbag.py:541} INFO - Filling up the DagBag from /home/airflow/.local/lib/python3.7/site-packages/airflow/example_dags/example_complex.py
[2023-07-09T19:22:31.849+0000] {processor.py:836} INFO - DAG(s) dict_keys(['example_complex']) retrieved from /home/airflow/.local/lib/python3.7/site-packages/airflow/example_dags/example_complex.py
[2023-07-09T19:22:31.882+0000] {logging_mixin.py:149} INFO - [2023-07-09T19:22:31.882+0000] {dag.py:2726} INFO - Sync 1 DAGs
[2023-07-09T19:22:31.907+0000] {logging_mixin.py:149} INFO - [2023-07-09T19:22:31.907+0000] {dag.py:3490} INFO - Setting next_dagrun for example_complex to None, run_after=None
[2023-07-09T19:22:31.930+0000] {processor.py:179} INFO - Processing /home/airflow/.local/lib/python3.7/site-packages/airflow/example_dags/example_complex.py took 0.096 seconds
[2023-07-09T19:23:02.192+0000] {processor.py:157} INFO - Started process (PID=2754) to work on /home/airflow/.local/lib/python3.7/site-packages/airflow/example_dags/example_complex.py
[2023-07-09T19:23:02.193+0000] {processor.py:826} INFO - Processing file /home/airflow/.local/lib/python3.7/site-packages/airflow/example_dags/example_complex.py for tasks to queue
[2023-07-09T19:23:02.196+0000] {logging_mixin.py:149} INFO - [2023-07-09T19:23:02.195+0000] {dagbag.py:541} INFO - Filling up the DagBag from /home/airflow/.local/lib/python3.7/site-packages/airflow/example_dags/example_complex.py
[2023-07-09T19:23:02.207+0000] {processor.py:836} INFO - DAG(s) dict_keys(['example_complex']) retrieved from /home/airflow/.local/lib/python3.7/site-packages/airflow/example_dags/example_complex.py
[2023-07-09T19:23:02.243+0000] {logging_mixin.py:149} INFO - [2023-07-09T19:23:02.242+0000] {dag.py:2726} INFO - Sync 1 DAGs
[2023-07-09T19:23:02.267+0000] {logging_mixin.py:149} INFO - [2023-07-09T19:23:02.267+0000] {dag.py:3490} INFO - Setting next_dagrun for example_complex to None, run_after=None
[2023-07-09T19:23:02.289+0000] {processor.py:179} INFO - Processing /home/airflow/.local/lib/python3.7/site-packages/airflow/example_dags/example_complex.py took 0.100 seconds
[2023-07-09T19:23:33.136+0000] {processor.py:157} INFO - Started process (PID=2808) to work on /home/airflow/.local/lib/python3.7/site-packages/airflow/example_dags/example_complex.py
[2023-07-09T19:23:33.137+0000] {processor.py:826} INFO - Processing file /home/airflow/.local/lib/python3.7/site-packages/airflow/example_dags/example_complex.py for tasks to queue
[2023-07-09T19:23:33.138+0000] {logging_mixin.py:149} INFO - [2023-07-09T19:23:33.138+0000] {dagbag.py:541} INFO - Filling up the DagBag from /home/airflow/.local/lib/python3.7/site-packages/airflow/example_dags/example_complex.py
[2023-07-09T19:23:33.149+0000] {processor.py:836} INFO - DAG(s) dict_keys(['example_complex']) retrieved from /home/airflow/.local/lib/python3.7/site-packages/airflow/example_dags/example_complex.py
[2023-07-09T19:23:33.183+0000] {logging_mixin.py:149} INFO - [2023-07-09T19:23:33.183+0000] {dag.py:2726} INFO - Sync 1 DAGs
[2023-07-09T19:23:33.206+0000] {logging_mixin.py:149} INFO - [2023-07-09T19:23:33.206+0000] {dag.py:3490} INFO - Setting next_dagrun for example_complex to None, run_after=None
[2023-07-09T19:23:33.227+0000] {processor.py:179} INFO - Processing /home/airflow/.local/lib/python3.7/site-packages/airflow/example_dags/example_complex.py took 0.094 seconds
[2023-07-09T19:24:03.543+0000] {processor.py:157} INFO - Started process (PID=2870) to work on /home/airflow/.local/lib/python3.7/site-packages/airflow/example_dags/example_complex.py
[2023-07-09T19:24:03.544+0000] {processor.py:826} INFO - Processing file /home/airflow/.local/lib/python3.7/site-packages/airflow/example_dags/example_complex.py for tasks to queue
[2023-07-09T19:24:03.545+0000] {logging_mixin.py:149} INFO - [2023-07-09T19:24:03.545+0000] {dagbag.py:541} INFO - Filling up the DagBag from /home/airflow/.local/lib/python3.7/site-packages/airflow/example_dags/example_complex.py
[2023-07-09T19:24:03.556+0000] {processor.py:836} INFO - DAG(s) dict_keys(['example_complex']) retrieved from /home/airflow/.local/lib/python3.7/site-packages/airflow/example_dags/example_complex.py
[2023-07-09T19:24:03.591+0000] {logging_mixin.py:149} INFO - [2023-07-09T19:24:03.591+0000] {dag.py:2726} INFO - Sync 1 DAGs
[2023-07-09T19:24:03.615+0000] {logging_mixin.py:149} INFO - [2023-07-09T19:24:03.615+0000] {dag.py:3490} INFO - Setting next_dagrun for example_complex to None, run_after=None
[2023-07-09T19:24:03.635+0000] {processor.py:179} INFO - Processing /home/airflow/.local/lib/python3.7/site-packages/airflow/example_dags/example_complex.py took 0.095 seconds
[2023-07-09T19:24:33.843+0000] {processor.py:157} INFO - Started process (PID=2932) to work on /home/airflow/.local/lib/python3.7/site-packages/airflow/example_dags/example_complex.py
[2023-07-09T19:24:33.844+0000] {processor.py:826} INFO - Processing file /home/airflow/.local/lib/python3.7/site-packages/airflow/example_dags/example_complex.py for tasks to queue
[2023-07-09T19:24:33.845+0000] {logging_mixin.py:149} INFO - [2023-07-09T19:24:33.845+0000] {dagbag.py:541} INFO - Filling up the DagBag from /home/airflow/.local/lib/python3.7/site-packages/airflow/example_dags/example_complex.py
[2023-07-09T19:24:33.857+0000] {processor.py:836} INFO - DAG(s) dict_keys(['example_complex']) retrieved from /home/airflow/.local/lib/python3.7/site-packages/airflow/example_dags/example_complex.py
[2023-07-09T19:24:33.893+0000] {logging_mixin.py:149} INFO - [2023-07-09T19:24:33.893+0000] {dag.py:2726} INFO - Sync 1 DAGs
[2023-07-09T19:24:33.918+0000] {logging_mixin.py:149} INFO - [2023-07-09T19:24:33.918+0000] {dag.py:3490} INFO - Setting next_dagrun for example_complex to None, run_after=None
[2023-07-09T19:24:33.940+0000] {processor.py:179} INFO - Processing /home/airflow/.local/lib/python3.7/site-packages/airflow/example_dags/example_complex.py took 0.100 seconds
[2023-07-09T19:25:04.024+0000] {processor.py:157} INFO - Started process (PID=2994) to work on /home/airflow/.local/lib/python3.7/site-packages/airflow/example_dags/example_complex.py
[2023-07-09T19:25:04.025+0000] {processor.py:826} INFO - Processing file /home/airflow/.local/lib/python3.7/site-packages/airflow/example_dags/example_complex.py for tasks to queue
[2023-07-09T19:25:04.026+0000] {logging_mixin.py:149} INFO - [2023-07-09T19:25:04.026+0000] {dagbag.py:541} INFO - Filling up the DagBag from /home/airflow/.local/lib/python3.7/site-packages/airflow/example_dags/example_complex.py
[2023-07-09T19:25:04.037+0000] {processor.py:836} INFO - DAG(s) dict_keys(['example_complex']) retrieved from /home/airflow/.local/lib/python3.7/site-packages/airflow/example_dags/example_complex.py
[2023-07-09T19:25:04.070+0000] {logging_mixin.py:149} INFO - [2023-07-09T19:25:04.070+0000] {dag.py:2726} INFO - Sync 1 DAGs
[2023-07-09T19:25:04.094+0000] {logging_mixin.py:149} INFO - [2023-07-09T19:25:04.094+0000] {dag.py:3490} INFO - Setting next_dagrun for example_complex to None, run_after=None
[2023-07-09T19:25:04.115+0000] {processor.py:179} INFO - Processing /home/airflow/.local/lib/python3.7/site-packages/airflow/example_dags/example_complex.py took 0.093 seconds
[2023-07-09T19:25:34.954+0000] {processor.py:157} INFO - Started process (PID=3056) to work on /home/airflow/.local/lib/python3.7/site-packages/airflow/example_dags/example_complex.py
[2023-07-09T19:25:34.955+0000] {processor.py:826} INFO - Processing file /home/airflow/.local/lib/python3.7/site-packages/airflow/example_dags/example_complex.py for tasks to queue
[2023-07-09T19:25:34.957+0000] {logging_mixin.py:149} INFO - [2023-07-09T19:25:34.956+0000] {dagbag.py:541} INFO - Filling up the DagBag from /home/airflow/.local/lib/python3.7/site-packages/airflow/example_dags/example_complex.py
[2023-07-09T19:25:34.968+0000] {processor.py:836} INFO - DAG(s) dict_keys(['example_complex']) retrieved from /home/airflow/.local/lib/python3.7/site-packages/airflow/example_dags/example_complex.py
[2023-07-09T19:25:35.005+0000] {logging_mixin.py:149} INFO - [2023-07-09T19:25:35.005+0000] {dag.py:2726} INFO - Sync 1 DAGs
[2023-07-09T19:25:35.030+0000] {logging_mixin.py:149} INFO - [2023-07-09T19:25:35.030+0000] {dag.py:3490} INFO - Setting next_dagrun for example_complex to None, run_after=None
[2023-07-09T19:25:35.050+0000] {processor.py:179} INFO - Processing /home/airflow/.local/lib/python3.7/site-packages/airflow/example_dags/example_complex.py took 0.098 seconds
[2023-07-09T19:26:05.459+0000] {processor.py:157} INFO - Started process (PID=3118) to work on /home/airflow/.local/lib/python3.7/site-packages/airflow/example_dags/example_complex.py
[2023-07-09T19:26:05.460+0000] {processor.py:826} INFO - Processing file /home/airflow/.local/lib/python3.7/site-packages/airflow/example_dags/example_complex.py for tasks to queue
[2023-07-09T19:26:05.462+0000] {logging_mixin.py:149} INFO - [2023-07-09T19:26:05.461+0000] {dagbag.py:541} INFO - Filling up the DagBag from /home/airflow/.local/lib/python3.7/site-packages/airflow/example_dags/example_complex.py
[2023-07-09T19:26:05.472+0000] {processor.py:836} INFO - DAG(s) dict_keys(['example_complex']) retrieved from /home/airflow/.local/lib/python3.7/site-packages/airflow/example_dags/example_complex.py
[2023-07-09T19:26:05.507+0000] {logging_mixin.py:149} INFO - [2023-07-09T19:26:05.507+0000] {dag.py:2726} INFO - Sync 1 DAGs
[2023-07-09T19:26:05.530+0000] {logging_mixin.py:149} INFO - [2023-07-09T19:26:05.529+0000] {dag.py:3490} INFO - Setting next_dagrun for example_complex to None, run_after=None
[2023-07-09T19:26:05.551+0000] {processor.py:179} INFO - Processing /home/airflow/.local/lib/python3.7/site-packages/airflow/example_dags/example_complex.py took 0.095 seconds
[2023-07-09T19:26:36.085+0000] {processor.py:157} INFO - Started process (PID=3180) to work on /home/airflow/.local/lib/python3.7/site-packages/airflow/example_dags/example_complex.py
[2023-07-09T19:26:36.086+0000] {processor.py:826} INFO - Processing file /home/airflow/.local/lib/python3.7/site-packages/airflow/example_dags/example_complex.py for tasks to queue
[2023-07-09T19:26:36.087+0000] {logging_mixin.py:149} INFO - [2023-07-09T19:26:36.087+0000] {dagbag.py:541} INFO - Filling up the DagBag from /home/airflow/.local/lib/python3.7/site-packages/airflow/example_dags/example_complex.py
[2023-07-09T19:26:36.100+0000] {processor.py:836} INFO - DAG(s) dict_keys(['example_complex']) retrieved from /home/airflow/.local/lib/python3.7/site-packages/airflow/example_dags/example_complex.py
[2023-07-09T19:26:36.135+0000] {logging_mixin.py:149} INFO - [2023-07-09T19:26:36.135+0000] {dag.py:2726} INFO - Sync 1 DAGs
[2023-07-09T19:26:36.163+0000] {logging_mixin.py:149} INFO - [2023-07-09T19:26:36.163+0000] {dag.py:3490} INFO - Setting next_dagrun for example_complex to None, run_after=None
[2023-07-09T19:26:36.185+0000] {processor.py:179} INFO - Processing /home/airflow/.local/lib/python3.7/site-packages/airflow/example_dags/example_complex.py took 0.104 seconds
[2023-07-09T19:27:06.515+0000] {processor.py:157} INFO - Started process (PID=3242) to work on /home/airflow/.local/lib/python3.7/site-packages/airflow/example_dags/example_complex.py
[2023-07-09T19:27:06.517+0000] {processor.py:826} INFO - Processing file /home/airflow/.local/lib/python3.7/site-packages/airflow/example_dags/example_complex.py for tasks to queue
[2023-07-09T19:27:06.518+0000] {logging_mixin.py:149} INFO - [2023-07-09T19:27:06.518+0000] {dagbag.py:541} INFO - Filling up the DagBag from /home/airflow/.local/lib/python3.7/site-packages/airflow/example_dags/example_complex.py
[2023-07-09T19:27:06.529+0000] {processor.py:836} INFO - DAG(s) dict_keys(['example_complex']) retrieved from /home/airflow/.local/lib/python3.7/site-packages/airflow/example_dags/example_complex.py
[2023-07-09T19:27:06.565+0000] {logging_mixin.py:149} INFO - [2023-07-09T19:27:06.565+0000] {dag.py:2726} INFO - Sync 1 DAGs
[2023-07-09T19:27:06.589+0000] {logging_mixin.py:149} INFO - [2023-07-09T19:27:06.589+0000] {dag.py:3490} INFO - Setting next_dagrun for example_complex to None, run_after=None
[2023-07-09T19:27:06.611+0000] {processor.py:179} INFO - Processing /home/airflow/.local/lib/python3.7/site-packages/airflow/example_dags/example_complex.py took 0.099 seconds
[2023-07-09T19:27:37.223+0000] {processor.py:157} INFO - Started process (PID=3305) to work on /home/airflow/.local/lib/python3.7/site-packages/airflow/example_dags/example_complex.py
[2023-07-09T19:27:37.224+0000] {processor.py:826} INFO - Processing file /home/airflow/.local/lib/python3.7/site-packages/airflow/example_dags/example_complex.py for tasks to queue
[2023-07-09T19:27:37.225+0000] {logging_mixin.py:149} INFO - [2023-07-09T19:27:37.225+0000] {dagbag.py:541} INFO - Filling up the DagBag from /home/airflow/.local/lib/python3.7/site-packages/airflow/example_dags/example_complex.py
[2023-07-09T19:27:37.236+0000] {processor.py:836} INFO - DAG(s) dict_keys(['example_complex']) retrieved from /home/airflow/.local/lib/python3.7/site-packages/airflow/example_dags/example_complex.py
[2023-07-09T19:27:37.269+0000] {logging_mixin.py:149} INFO - [2023-07-09T19:27:37.269+0000] {dag.py:2726} INFO - Sync 1 DAGs
[2023-07-09T19:27:37.294+0000] {logging_mixin.py:149} INFO - [2023-07-09T19:27:37.294+0000] {dag.py:3490} INFO - Setting next_dagrun for example_complex to None, run_after=None
[2023-07-09T19:27:37.316+0000] {processor.py:179} INFO - Processing /home/airflow/.local/lib/python3.7/site-packages/airflow/example_dags/example_complex.py took 0.097 seconds
[2023-07-09T19:28:07.908+0000] {processor.py:157} INFO - Started process (PID=3367) to work on /home/airflow/.local/lib/python3.7/site-packages/airflow/example_dags/example_complex.py
[2023-07-09T19:28:07.910+0000] {processor.py:826} INFO - Processing file /home/airflow/.local/lib/python3.7/site-packages/airflow/example_dags/example_complex.py for tasks to queue
[2023-07-09T19:28:07.911+0000] {logging_mixin.py:149} INFO - [2023-07-09T19:28:07.911+0000] {dagbag.py:541} INFO - Filling up the DagBag from /home/airflow/.local/lib/python3.7/site-packages/airflow/example_dags/example_complex.py
[2023-07-09T19:28:07.922+0000] {processor.py:836} INFO - DAG(s) dict_keys(['example_complex']) retrieved from /home/airflow/.local/lib/python3.7/site-packages/airflow/example_dags/example_complex.py
[2023-07-09T19:28:07.957+0000] {logging_mixin.py:149} INFO - [2023-07-09T19:28:07.957+0000] {dag.py:2726} INFO - Sync 1 DAGs
[2023-07-09T19:28:07.980+0000] {logging_mixin.py:149} INFO - [2023-07-09T19:28:07.979+0000] {dag.py:3490} INFO - Setting next_dagrun for example_complex to None, run_after=None
[2023-07-09T19:28:08.001+0000] {processor.py:179} INFO - Processing /home/airflow/.local/lib/python3.7/site-packages/airflow/example_dags/example_complex.py took 0.096 seconds
[2023-07-09T19:28:38.385+0000] {processor.py:157} INFO - Started process (PID=3429) to work on /home/airflow/.local/lib/python3.7/site-packages/airflow/example_dags/example_complex.py
[2023-07-09T19:28:38.386+0000] {processor.py:826} INFO - Processing file /home/airflow/.local/lib/python3.7/site-packages/airflow/example_dags/example_complex.py for tasks to queue
[2023-07-09T19:28:38.387+0000] {logging_mixin.py:149} INFO - [2023-07-09T19:28:38.387+0000] {dagbag.py:541} INFO - Filling up the DagBag from /home/airflow/.local/lib/python3.7/site-packages/airflow/example_dags/example_complex.py
[2023-07-09T19:28:38.398+0000] {processor.py:836} INFO - DAG(s) dict_keys(['example_complex']) retrieved from /home/airflow/.local/lib/python3.7/site-packages/airflow/example_dags/example_complex.py
[2023-07-09T19:28:38.434+0000] {logging_mixin.py:149} INFO - [2023-07-09T19:28:38.433+0000] {dag.py:2726} INFO - Sync 1 DAGs
[2023-07-09T19:28:38.456+0000] {logging_mixin.py:149} INFO - [2023-07-09T19:28:38.456+0000] {dag.py:3490} INFO - Setting next_dagrun for example_complex to None, run_after=None
[2023-07-09T19:28:38.477+0000] {processor.py:179} INFO - Processing /home/airflow/.local/lib/python3.7/site-packages/airflow/example_dags/example_complex.py took 0.095 seconds
[2023-07-09T19:29:08.984+0000] {processor.py:157} INFO - Started process (PID=3491) to work on /home/airflow/.local/lib/python3.7/site-packages/airflow/example_dags/example_complex.py
[2023-07-09T19:29:08.985+0000] {processor.py:826} INFO - Processing file /home/airflow/.local/lib/python3.7/site-packages/airflow/example_dags/example_complex.py for tasks to queue
[2023-07-09T19:29:08.986+0000] {logging_mixin.py:149} INFO - [2023-07-09T19:29:08.986+0000] {dagbag.py:541} INFO - Filling up the DagBag from /home/airflow/.local/lib/python3.7/site-packages/airflow/example_dags/example_complex.py
[2023-07-09T19:29:08.997+0000] {processor.py:836} INFO - DAG(s) dict_keys(['example_complex']) retrieved from /home/airflow/.local/lib/python3.7/site-packages/airflow/example_dags/example_complex.py
[2023-07-09T19:29:09.034+0000] {logging_mixin.py:149} INFO - [2023-07-09T19:29:09.034+0000] {dag.py:2726} INFO - Sync 1 DAGs
[2023-07-09T19:29:09.058+0000] {logging_mixin.py:149} INFO - [2023-07-09T19:29:09.058+0000] {dag.py:3490} INFO - Setting next_dagrun for example_complex to None, run_after=None
[2023-07-09T19:29:09.081+0000] {processor.py:179} INFO - Processing /home/airflow/.local/lib/python3.7/site-packages/airflow/example_dags/example_complex.py took 0.100 seconds
[2023-07-09T19:29:39.580+0000] {processor.py:157} INFO - Started process (PID=3553) to work on /home/airflow/.local/lib/python3.7/site-packages/airflow/example_dags/example_complex.py
[2023-07-09T19:29:39.581+0000] {processor.py:826} INFO - Processing file /home/airflow/.local/lib/python3.7/site-packages/airflow/example_dags/example_complex.py for tasks to queue
[2023-07-09T19:29:39.582+0000] {logging_mixin.py:149} INFO - [2023-07-09T19:29:39.582+0000] {dagbag.py:541} INFO - Filling up the DagBag from /home/airflow/.local/lib/python3.7/site-packages/airflow/example_dags/example_complex.py
[2023-07-09T19:29:39.593+0000] {processor.py:836} INFO - DAG(s) dict_keys(['example_complex']) retrieved from /home/airflow/.local/lib/python3.7/site-packages/airflow/example_dags/example_complex.py
[2023-07-09T19:29:39.630+0000] {logging_mixin.py:149} INFO - [2023-07-09T19:29:39.630+0000] {dag.py:2726} INFO - Sync 1 DAGs
[2023-07-09T19:29:39.655+0000] {logging_mixin.py:149} INFO - [2023-07-09T19:29:39.654+0000] {dag.py:3490} INFO - Setting next_dagrun for example_complex to None, run_after=None
[2023-07-09T19:29:39.675+0000] {processor.py:179} INFO - Processing /home/airflow/.local/lib/python3.7/site-packages/airflow/example_dags/example_complex.py took 0.098 seconds
[2023-07-09T19:30:10.142+0000] {processor.py:157} INFO - Started process (PID=3615) to work on /home/airflow/.local/lib/python3.7/site-packages/airflow/example_dags/example_complex.py
[2023-07-09T19:30:10.143+0000] {processor.py:826} INFO - Processing file /home/airflow/.local/lib/python3.7/site-packages/airflow/example_dags/example_complex.py for tasks to queue
[2023-07-09T19:30:10.145+0000] {logging_mixin.py:149} INFO - [2023-07-09T19:30:10.145+0000] {dagbag.py:541} INFO - Filling up the DagBag from /home/airflow/.local/lib/python3.7/site-packages/airflow/example_dags/example_complex.py
[2023-07-09T19:30:10.158+0000] {processor.py:836} INFO - DAG(s) dict_keys(['example_complex']) retrieved from /home/airflow/.local/lib/python3.7/site-packages/airflow/example_dags/example_complex.py
[2023-07-09T19:30:10.198+0000] {logging_mixin.py:149} INFO - [2023-07-09T19:30:10.197+0000] {dag.py:2726} INFO - Sync 1 DAGs
[2023-07-09T19:30:10.224+0000] {logging_mixin.py:149} INFO - [2023-07-09T19:30:10.224+0000] {dag.py:3490} INFO - Setting next_dagrun for example_complex to None, run_after=None
[2023-07-09T19:30:10.248+0000] {processor.py:179} INFO - Processing /home/airflow/.local/lib/python3.7/site-packages/airflow/example_dags/example_complex.py took 0.109 seconds
[2023-07-09T19:30:41.039+0000] {processor.py:157} INFO - Started process (PID=3677) to work on /home/airflow/.local/lib/python3.7/site-packages/airflow/example_dags/example_complex.py
[2023-07-09T19:30:41.040+0000] {processor.py:826} INFO - Processing file /home/airflow/.local/lib/python3.7/site-packages/airflow/example_dags/example_complex.py for tasks to queue
[2023-07-09T19:30:41.041+0000] {logging_mixin.py:149} INFO - [2023-07-09T19:30:41.041+0000] {dagbag.py:541} INFO - Filling up the DagBag from /home/airflow/.local/lib/python3.7/site-packages/airflow/example_dags/example_complex.py
[2023-07-09T19:30:41.053+0000] {processor.py:836} INFO - DAG(s) dict_keys(['example_complex']) retrieved from /home/airflow/.local/lib/python3.7/site-packages/airflow/example_dags/example_complex.py
[2023-07-09T19:30:41.091+0000] {logging_mixin.py:149} INFO - [2023-07-09T19:30:41.091+0000] {dag.py:2726} INFO - Sync 1 DAGs
[2023-07-09T19:30:41.122+0000] {logging_mixin.py:149} INFO - [2023-07-09T19:30:41.121+0000] {dag.py:3490} INFO - Setting next_dagrun for example_complex to None, run_after=None
[2023-07-09T19:30:41.149+0000] {processor.py:179} INFO - Processing /home/airflow/.local/lib/python3.7/site-packages/airflow/example_dags/example_complex.py took 0.114 seconds
[2023-07-09T19:31:11.309+0000] {processor.py:157} INFO - Started process (PID=3739) to work on /home/airflow/.local/lib/python3.7/site-packages/airflow/example_dags/example_complex.py
[2023-07-09T19:31:11.310+0000] {processor.py:826} INFO - Processing file /home/airflow/.local/lib/python3.7/site-packages/airflow/example_dags/example_complex.py for tasks to queue
[2023-07-09T19:31:11.311+0000] {logging_mixin.py:149} INFO - [2023-07-09T19:31:11.311+0000] {dagbag.py:541} INFO - Filling up the DagBag from /home/airflow/.local/lib/python3.7/site-packages/airflow/example_dags/example_complex.py
[2023-07-09T19:31:11.323+0000] {processor.py:836} INFO - DAG(s) dict_keys(['example_complex']) retrieved from /home/airflow/.local/lib/python3.7/site-packages/airflow/example_dags/example_complex.py
[2023-07-09T19:31:11.358+0000] {logging_mixin.py:149} INFO - [2023-07-09T19:31:11.358+0000] {dag.py:2726} INFO - Sync 1 DAGs
[2023-07-09T19:31:11.381+0000] {logging_mixin.py:149} INFO - [2023-07-09T19:31:11.381+0000] {dag.py:3490} INFO - Setting next_dagrun for example_complex to None, run_after=None
[2023-07-09T19:31:11.414+0000] {processor.py:179} INFO - Processing /home/airflow/.local/lib/python3.7/site-packages/airflow/example_dags/example_complex.py took 0.109 seconds
[2023-07-09T19:31:41.818+0000] {processor.py:157} INFO - Started process (PID=3801) to work on /home/airflow/.local/lib/python3.7/site-packages/airflow/example_dags/example_complex.py
[2023-07-09T19:31:41.819+0000] {processor.py:826} INFO - Processing file /home/airflow/.local/lib/python3.7/site-packages/airflow/example_dags/example_complex.py for tasks to queue
[2023-07-09T19:31:41.820+0000] {logging_mixin.py:149} INFO - [2023-07-09T19:31:41.820+0000] {dagbag.py:541} INFO - Filling up the DagBag from /home/airflow/.local/lib/python3.7/site-packages/airflow/example_dags/example_complex.py
[2023-07-09T19:31:41.833+0000] {processor.py:836} INFO - DAG(s) dict_keys(['example_complex']) retrieved from /home/airflow/.local/lib/python3.7/site-packages/airflow/example_dags/example_complex.py
[2023-07-09T19:31:41.875+0000] {logging_mixin.py:149} INFO - [2023-07-09T19:31:41.875+0000] {dag.py:2726} INFO - Sync 1 DAGs
[2023-07-09T19:31:41.902+0000] {logging_mixin.py:149} INFO - [2023-07-09T19:31:41.902+0000] {dag.py:3490} INFO - Setting next_dagrun for example_complex to None, run_after=None
[2023-07-09T19:31:41.924+0000] {processor.py:179} INFO - Processing /home/airflow/.local/lib/python3.7/site-packages/airflow/example_dags/example_complex.py took 0.109 seconds
[2023-07-09T19:32:12.174+0000] {processor.py:157} INFO - Started process (PID=3863) to work on /home/airflow/.local/lib/python3.7/site-packages/airflow/example_dags/example_complex.py
[2023-07-09T19:32:12.176+0000] {processor.py:826} INFO - Processing file /home/airflow/.local/lib/python3.7/site-packages/airflow/example_dags/example_complex.py for tasks to queue
[2023-07-09T19:32:12.176+0000] {logging_mixin.py:149} INFO - [2023-07-09T19:32:12.176+0000] {dagbag.py:541} INFO - Filling up the DagBag from /home/airflow/.local/lib/python3.7/site-packages/airflow/example_dags/example_complex.py
[2023-07-09T19:32:12.187+0000] {processor.py:836} INFO - DAG(s) dict_keys(['example_complex']) retrieved from /home/airflow/.local/lib/python3.7/site-packages/airflow/example_dags/example_complex.py
[2023-07-09T19:32:12.219+0000] {logging_mixin.py:149} INFO - [2023-07-09T19:32:12.219+0000] {dag.py:2726} INFO - Sync 1 DAGs
[2023-07-09T19:32:12.242+0000] {logging_mixin.py:149} INFO - [2023-07-09T19:32:12.242+0000] {dag.py:3490} INFO - Setting next_dagrun for example_complex to None, run_after=None
[2023-07-09T19:32:12.265+0000] {processor.py:179} INFO - Processing /home/airflow/.local/lib/python3.7/site-packages/airflow/example_dags/example_complex.py took 0.093 seconds
[2023-07-09T19:32:42.318+0000] {processor.py:157} INFO - Started process (PID=3925) to work on /home/airflow/.local/lib/python3.7/site-packages/airflow/example_dags/example_complex.py
[2023-07-09T19:32:42.319+0000] {processor.py:826} INFO - Processing file /home/airflow/.local/lib/python3.7/site-packages/airflow/example_dags/example_complex.py for tasks to queue
[2023-07-09T19:32:42.321+0000] {logging_mixin.py:149} INFO - [2023-07-09T19:32:42.320+0000] {dagbag.py:541} INFO - Filling up the DagBag from /home/airflow/.local/lib/python3.7/site-packages/airflow/example_dags/example_complex.py
[2023-07-09T19:32:42.331+0000] {processor.py:836} INFO - DAG(s) dict_keys(['example_complex']) retrieved from /home/airflow/.local/lib/python3.7/site-packages/airflow/example_dags/example_complex.py
[2023-07-09T19:32:42.366+0000] {logging_mixin.py:149} INFO - [2023-07-09T19:32:42.366+0000] {dag.py:2726} INFO - Sync 1 DAGs
[2023-07-09T19:32:42.389+0000] {logging_mixin.py:149} INFO - [2023-07-09T19:32:42.388+0000] {dag.py:3490} INFO - Setting next_dagrun for example_complex to None, run_after=None
[2023-07-09T19:32:42.410+0000] {processor.py:179} INFO - Processing /home/airflow/.local/lib/python3.7/site-packages/airflow/example_dags/example_complex.py took 0.095 seconds
[2023-07-09T19:33:12.959+0000] {processor.py:157} INFO - Started process (PID=3987) to work on /home/airflow/.local/lib/python3.7/site-packages/airflow/example_dags/example_complex.py
[2023-07-09T19:33:12.960+0000] {processor.py:826} INFO - Processing file /home/airflow/.local/lib/python3.7/site-packages/airflow/example_dags/example_complex.py for tasks to queue
[2023-07-09T19:33:12.961+0000] {logging_mixin.py:149} INFO - [2023-07-09T19:33:12.961+0000] {dagbag.py:541} INFO - Filling up the DagBag from /home/airflow/.local/lib/python3.7/site-packages/airflow/example_dags/example_complex.py
[2023-07-09T19:33:12.973+0000] {processor.py:836} INFO - DAG(s) dict_keys(['example_complex']) retrieved from /home/airflow/.local/lib/python3.7/site-packages/airflow/example_dags/example_complex.py
[2023-07-09T19:33:13.008+0000] {logging_mixin.py:149} INFO - [2023-07-09T19:33:13.007+0000] {dag.py:2726} INFO - Sync 1 DAGs
[2023-07-09T19:33:13.031+0000] {logging_mixin.py:149} INFO - [2023-07-09T19:33:13.031+0000] {dag.py:3490} INFO - Setting next_dagrun for example_complex to None, run_after=None
[2023-07-09T19:33:13.052+0000] {processor.py:179} INFO - Processing /home/airflow/.local/lib/python3.7/site-packages/airflow/example_dags/example_complex.py took 0.095 seconds
[2023-07-09T19:33:43.129+0000] {processor.py:157} INFO - Started process (PID=4049) to work on /home/airflow/.local/lib/python3.7/site-packages/airflow/example_dags/example_complex.py
[2023-07-09T19:33:43.130+0000] {processor.py:826} INFO - Processing file /home/airflow/.local/lib/python3.7/site-packages/airflow/example_dags/example_complex.py for tasks to queue
[2023-07-09T19:33:43.131+0000] {logging_mixin.py:149} INFO - [2023-07-09T19:33:43.131+0000] {dagbag.py:541} INFO - Filling up the DagBag from /home/airflow/.local/lib/python3.7/site-packages/airflow/example_dags/example_complex.py
[2023-07-09T19:33:43.143+0000] {processor.py:836} INFO - DAG(s) dict_keys(['example_complex']) retrieved from /home/airflow/.local/lib/python3.7/site-packages/airflow/example_dags/example_complex.py
[2023-07-09T19:33:43.178+0000] {logging_mixin.py:149} INFO - [2023-07-09T19:33:43.178+0000] {dag.py:2726} INFO - Sync 1 DAGs
[2023-07-09T19:33:43.202+0000] {logging_mixin.py:149} INFO - [2023-07-09T19:33:43.202+0000] {dag.py:3490} INFO - Setting next_dagrun for example_complex to None, run_after=None
[2023-07-09T19:33:43.223+0000] {processor.py:179} INFO - Processing /home/airflow/.local/lib/python3.7/site-packages/airflow/example_dags/example_complex.py took 0.097 seconds
[2023-07-09T19:34:13.392+0000] {processor.py:157} INFO - Started process (PID=4111) to work on /home/airflow/.local/lib/python3.7/site-packages/airflow/example_dags/example_complex.py
[2023-07-09T19:34:13.393+0000] {processor.py:826} INFO - Processing file /home/airflow/.local/lib/python3.7/site-packages/airflow/example_dags/example_complex.py for tasks to queue
[2023-07-09T19:34:13.394+0000] {logging_mixin.py:149} INFO - [2023-07-09T19:34:13.394+0000] {dagbag.py:541} INFO - Filling up the DagBag from /home/airflow/.local/lib/python3.7/site-packages/airflow/example_dags/example_complex.py
[2023-07-09T19:34:13.406+0000] {processor.py:836} INFO - DAG(s) dict_keys(['example_complex']) retrieved from /home/airflow/.local/lib/python3.7/site-packages/airflow/example_dags/example_complex.py
[2023-07-09T19:34:13.448+0000] {logging_mixin.py:149} INFO - [2023-07-09T19:34:13.448+0000] {dag.py:2726} INFO - Sync 1 DAGs
[2023-07-09T19:34:13.472+0000] {logging_mixin.py:149} INFO - [2023-07-09T19:34:13.471+0000] {dag.py:3490} INFO - Setting next_dagrun for example_complex to None, run_after=None
[2023-07-09T19:34:13.492+0000] {processor.py:179} INFO - Processing /home/airflow/.local/lib/python3.7/site-packages/airflow/example_dags/example_complex.py took 0.103 seconds
[2023-07-09T19:34:44.106+0000] {processor.py:157} INFO - Started process (PID=4173) to work on /home/airflow/.local/lib/python3.7/site-packages/airflow/example_dags/example_complex.py
[2023-07-09T19:34:44.108+0000] {processor.py:826} INFO - Processing file /home/airflow/.local/lib/python3.7/site-packages/airflow/example_dags/example_complex.py for tasks to queue
[2023-07-09T19:34:44.109+0000] {logging_mixin.py:149} INFO - [2023-07-09T19:34:44.109+0000] {dagbag.py:541} INFO - Filling up the DagBag from /home/airflow/.local/lib/python3.7/site-packages/airflow/example_dags/example_complex.py
[2023-07-09T19:34:44.120+0000] {processor.py:836} INFO - DAG(s) dict_keys(['example_complex']) retrieved from /home/airflow/.local/lib/python3.7/site-packages/airflow/example_dags/example_complex.py
[2023-07-09T19:34:44.156+0000] {logging_mixin.py:149} INFO - [2023-07-09T19:34:44.156+0000] {dag.py:2726} INFO - Sync 1 DAGs
[2023-07-09T19:34:44.179+0000] {logging_mixin.py:149} INFO - [2023-07-09T19:34:44.179+0000] {dag.py:3490} INFO - Setting next_dagrun for example_complex to None, run_after=None
[2023-07-09T19:34:44.200+0000] {processor.py:179} INFO - Processing /home/airflow/.local/lib/python3.7/site-packages/airflow/example_dags/example_complex.py took 0.097 seconds
[2023-07-09T19:35:14.312+0000] {processor.py:157} INFO - Started process (PID=4235) to work on /home/airflow/.local/lib/python3.7/site-packages/airflow/example_dags/example_complex.py
[2023-07-09T19:35:14.313+0000] {processor.py:826} INFO - Processing file /home/airflow/.local/lib/python3.7/site-packages/airflow/example_dags/example_complex.py for tasks to queue
[2023-07-09T19:35:14.314+0000] {logging_mixin.py:149} INFO - [2023-07-09T19:35:14.314+0000] {dagbag.py:541} INFO - Filling up the DagBag from /home/airflow/.local/lib/python3.7/site-packages/airflow/example_dags/example_complex.py
[2023-07-09T19:35:14.325+0000] {processor.py:836} INFO - DAG(s) dict_keys(['example_complex']) retrieved from /home/airflow/.local/lib/python3.7/site-packages/airflow/example_dags/example_complex.py
[2023-07-09T19:35:14.360+0000] {logging_mixin.py:149} INFO - [2023-07-09T19:35:14.360+0000] {dag.py:2726} INFO - Sync 1 DAGs
[2023-07-09T19:35:14.383+0000] {logging_mixin.py:149} INFO - [2023-07-09T19:35:14.383+0000] {dag.py:3490} INFO - Setting next_dagrun for example_complex to None, run_after=None
[2023-07-09T19:35:14.405+0000] {processor.py:179} INFO - Processing /home/airflow/.local/lib/python3.7/site-packages/airflow/example_dags/example_complex.py took 0.096 seconds
[2023-07-09T19:35:44.600+0000] {processor.py:157} INFO - Started process (PID=4297) to work on /home/airflow/.local/lib/python3.7/site-packages/airflow/example_dags/example_complex.py
[2023-07-09T19:35:44.601+0000] {processor.py:826} INFO - Processing file /home/airflow/.local/lib/python3.7/site-packages/airflow/example_dags/example_complex.py for tasks to queue
[2023-07-09T19:35:44.602+0000] {logging_mixin.py:149} INFO - [2023-07-09T19:35:44.602+0000] {dagbag.py:541} INFO - Filling up the DagBag from /home/airflow/.local/lib/python3.7/site-packages/airflow/example_dags/example_complex.py
[2023-07-09T19:35:44.612+0000] {processor.py:836} INFO - DAG(s) dict_keys(['example_complex']) retrieved from /home/airflow/.local/lib/python3.7/site-packages/airflow/example_dags/example_complex.py
[2023-07-09T19:35:44.644+0000] {logging_mixin.py:149} INFO - [2023-07-09T19:35:44.644+0000] {dag.py:2726} INFO - Sync 1 DAGs
[2023-07-09T19:35:44.667+0000] {logging_mixin.py:149} INFO - [2023-07-09T19:35:44.667+0000] {dag.py:3490} INFO - Setting next_dagrun for example_complex to None, run_after=None
[2023-07-09T19:35:44.690+0000] {processor.py:179} INFO - Processing /home/airflow/.local/lib/python3.7/site-packages/airflow/example_dags/example_complex.py took 0.093 seconds
[2023-07-09T19:36:15.665+0000] {processor.py:157} INFO - Started process (PID=4366) to work on /home/airflow/.local/lib/python3.7/site-packages/airflow/example_dags/example_complex.py
[2023-07-09T19:36:15.666+0000] {processor.py:826} INFO - Processing file /home/airflow/.local/lib/python3.7/site-packages/airflow/example_dags/example_complex.py for tasks to queue
[2023-07-09T19:36:15.667+0000] {logging_mixin.py:149} INFO - [2023-07-09T19:36:15.667+0000] {dagbag.py:541} INFO - Filling up the DagBag from /home/airflow/.local/lib/python3.7/site-packages/airflow/example_dags/example_complex.py
[2023-07-09T19:36:15.679+0000] {processor.py:836} INFO - DAG(s) dict_keys(['example_complex']) retrieved from /home/airflow/.local/lib/python3.7/site-packages/airflow/example_dags/example_complex.py
[2023-07-09T19:36:15.713+0000] {logging_mixin.py:149} INFO - [2023-07-09T19:36:15.713+0000] {dag.py:2726} INFO - Sync 1 DAGs
[2023-07-09T19:36:15.736+0000] {logging_mixin.py:149} INFO - [2023-07-09T19:36:15.736+0000] {dag.py:3490} INFO - Setting next_dagrun for example_complex to None, run_after=None
[2023-07-09T19:36:15.757+0000] {processor.py:179} INFO - Processing /home/airflow/.local/lib/python3.7/site-packages/airflow/example_dags/example_complex.py took 0.095 seconds
[2023-07-09T19:36:46.171+0000] {processor.py:157} INFO - Started process (PID=4428) to work on /home/airflow/.local/lib/python3.7/site-packages/airflow/example_dags/example_complex.py
[2023-07-09T19:36:46.172+0000] {processor.py:826} INFO - Processing file /home/airflow/.local/lib/python3.7/site-packages/airflow/example_dags/example_complex.py for tasks to queue
[2023-07-09T19:36:46.173+0000] {logging_mixin.py:149} INFO - [2023-07-09T19:36:46.173+0000] {dagbag.py:541} INFO - Filling up the DagBag from /home/airflow/.local/lib/python3.7/site-packages/airflow/example_dags/example_complex.py
[2023-07-09T19:36:46.184+0000] {processor.py:836} INFO - DAG(s) dict_keys(['example_complex']) retrieved from /home/airflow/.local/lib/python3.7/site-packages/airflow/example_dags/example_complex.py
[2023-07-09T19:36:46.219+0000] {logging_mixin.py:149} INFO - [2023-07-09T19:36:46.219+0000] {dag.py:2726} INFO - Sync 1 DAGs
[2023-07-09T19:36:46.242+0000] {logging_mixin.py:149} INFO - [2023-07-09T19:36:46.241+0000] {dag.py:3490} INFO - Setting next_dagrun for example_complex to None, run_after=None
[2023-07-09T19:36:46.264+0000] {processor.py:179} INFO - Processing /home/airflow/.local/lib/python3.7/site-packages/airflow/example_dags/example_complex.py took 0.097 seconds
[2023-07-09T19:37:16.347+0000] {processor.py:157} INFO - Started process (PID=4490) to work on /home/airflow/.local/lib/python3.7/site-packages/airflow/example_dags/example_complex.py
[2023-07-09T19:37:16.348+0000] {processor.py:826} INFO - Processing file /home/airflow/.local/lib/python3.7/site-packages/airflow/example_dags/example_complex.py for tasks to queue
[2023-07-09T19:37:16.349+0000] {logging_mixin.py:149} INFO - [2023-07-09T19:37:16.349+0000] {dagbag.py:541} INFO - Filling up the DagBag from /home/airflow/.local/lib/python3.7/site-packages/airflow/example_dags/example_complex.py
[2023-07-09T19:37:16.360+0000] {processor.py:836} INFO - DAG(s) dict_keys(['example_complex']) retrieved from /home/airflow/.local/lib/python3.7/site-packages/airflow/example_dags/example_complex.py
[2023-07-09T19:37:16.405+0000] {logging_mixin.py:149} INFO - [2023-07-09T19:37:16.405+0000] {dag.py:2726} INFO - Sync 1 DAGs
[2023-07-09T19:37:16.433+0000] {logging_mixin.py:149} INFO - [2023-07-09T19:37:16.433+0000] {dag.py:3490} INFO - Setting next_dagrun for example_complex to None, run_after=None
[2023-07-09T19:37:16.458+0000] {processor.py:179} INFO - Processing /home/airflow/.local/lib/python3.7/site-packages/airflow/example_dags/example_complex.py took 0.115 seconds
[2023-07-09T19:37:46.712+0000] {processor.py:157} INFO - Started process (PID=4552) to work on /home/airflow/.local/lib/python3.7/site-packages/airflow/example_dags/example_complex.py
[2023-07-09T19:37:46.713+0000] {processor.py:826} INFO - Processing file /home/airflow/.local/lib/python3.7/site-packages/airflow/example_dags/example_complex.py for tasks to queue
[2023-07-09T19:37:46.714+0000] {logging_mixin.py:149} INFO - [2023-07-09T19:37:46.714+0000] {dagbag.py:541} INFO - Filling up the DagBag from /home/airflow/.local/lib/python3.7/site-packages/airflow/example_dags/example_complex.py
[2023-07-09T19:37:46.724+0000] {processor.py:836} INFO - DAG(s) dict_keys(['example_complex']) retrieved from /home/airflow/.local/lib/python3.7/site-packages/airflow/example_dags/example_complex.py
[2023-07-09T19:37:46.760+0000] {logging_mixin.py:149} INFO - [2023-07-09T19:37:46.760+0000] {dag.py:2726} INFO - Sync 1 DAGs
[2023-07-09T19:37:46.784+0000] {logging_mixin.py:149} INFO - [2023-07-09T19:37:46.784+0000] {dag.py:3490} INFO - Setting next_dagrun for example_complex to None, run_after=None
[2023-07-09T19:37:46.807+0000] {processor.py:179} INFO - Processing /home/airflow/.local/lib/python3.7/site-packages/airflow/example_dags/example_complex.py took 0.099 seconds
[2023-07-09T19:38:17.018+0000] {processor.py:157} INFO - Started process (PID=4614) to work on /home/airflow/.local/lib/python3.7/site-packages/airflow/example_dags/example_complex.py
[2023-07-09T19:38:17.020+0000] {processor.py:826} INFO - Processing file /home/airflow/.local/lib/python3.7/site-packages/airflow/example_dags/example_complex.py for tasks to queue
[2023-07-09T19:38:17.021+0000] {logging_mixin.py:149} INFO - [2023-07-09T19:38:17.021+0000] {dagbag.py:541} INFO - Filling up the DagBag from /home/airflow/.local/lib/python3.7/site-packages/airflow/example_dags/example_complex.py
[2023-07-09T19:38:17.036+0000] {processor.py:836} INFO - DAG(s) dict_keys(['example_complex']) retrieved from /home/airflow/.local/lib/python3.7/site-packages/airflow/example_dags/example_complex.py
[2023-07-09T19:38:17.076+0000] {logging_mixin.py:149} INFO - [2023-07-09T19:38:17.076+0000] {dag.py:2726} INFO - Sync 1 DAGs
[2023-07-09T19:38:17.105+0000] {logging_mixin.py:149} INFO - [2023-07-09T19:38:17.105+0000] {dag.py:3490} INFO - Setting next_dagrun for example_complex to None, run_after=None
[2023-07-09T19:38:17.126+0000] {processor.py:179} INFO - Processing /home/airflow/.local/lib/python3.7/site-packages/airflow/example_dags/example_complex.py took 0.115 seconds
[2023-07-09T19:38:47.275+0000] {processor.py:157} INFO - Started process (PID=4676) to work on /home/airflow/.local/lib/python3.7/site-packages/airflow/example_dags/example_complex.py
[2023-07-09T19:38:47.276+0000] {processor.py:826} INFO - Processing file /home/airflow/.local/lib/python3.7/site-packages/airflow/example_dags/example_complex.py for tasks to queue
[2023-07-09T19:38:47.277+0000] {logging_mixin.py:149} INFO - [2023-07-09T19:38:47.277+0000] {dagbag.py:541} INFO - Filling up the DagBag from /home/airflow/.local/lib/python3.7/site-packages/airflow/example_dags/example_complex.py
[2023-07-09T19:38:47.291+0000] {processor.py:836} INFO - DAG(s) dict_keys(['example_complex']) retrieved from /home/airflow/.local/lib/python3.7/site-packages/airflow/example_dags/example_complex.py
[2023-07-09T19:38:47.327+0000] {logging_mixin.py:149} INFO - [2023-07-09T19:38:47.327+0000] {dag.py:2726} INFO - Sync 1 DAGs
[2023-07-09T19:38:47.355+0000] {logging_mixin.py:149} INFO - [2023-07-09T19:38:47.354+0000] {dag.py:3490} INFO - Setting next_dagrun for example_complex to None, run_after=None
[2023-07-09T19:38:47.377+0000] {processor.py:179} INFO - Processing /home/airflow/.local/lib/python3.7/site-packages/airflow/example_dags/example_complex.py took 0.105 seconds
[2023-07-09T19:39:17.611+0000] {processor.py:157} INFO - Started process (PID=4738) to work on /home/airflow/.local/lib/python3.7/site-packages/airflow/example_dags/example_complex.py
[2023-07-09T19:39:17.612+0000] {processor.py:826} INFO - Processing file /home/airflow/.local/lib/python3.7/site-packages/airflow/example_dags/example_complex.py for tasks to queue
[2023-07-09T19:39:17.613+0000] {logging_mixin.py:149} INFO - [2023-07-09T19:39:17.612+0000] {dagbag.py:541} INFO - Filling up the DagBag from /home/airflow/.local/lib/python3.7/site-packages/airflow/example_dags/example_complex.py
[2023-07-09T19:39:17.625+0000] {processor.py:836} INFO - DAG(s) dict_keys(['example_complex']) retrieved from /home/airflow/.local/lib/python3.7/site-packages/airflow/example_dags/example_complex.py
[2023-07-09T19:39:17.666+0000] {logging_mixin.py:149} INFO - [2023-07-09T19:39:17.666+0000] {dag.py:2726} INFO - Sync 1 DAGs
[2023-07-09T19:39:17.698+0000] {logging_mixin.py:149} INFO - [2023-07-09T19:39:17.698+0000] {dag.py:3490} INFO - Setting next_dagrun for example_complex to None, run_after=None
[2023-07-09T19:39:17.725+0000] {processor.py:179} INFO - Processing /home/airflow/.local/lib/python3.7/site-packages/airflow/example_dags/example_complex.py took 0.118 seconds
[2023-07-09T19:39:48.087+0000] {processor.py:157} INFO - Started process (PID=4800) to work on /home/airflow/.local/lib/python3.7/site-packages/airflow/example_dags/example_complex.py
[2023-07-09T19:39:48.088+0000] {processor.py:826} INFO - Processing file /home/airflow/.local/lib/python3.7/site-packages/airflow/example_dags/example_complex.py for tasks to queue
[2023-07-09T19:39:48.089+0000] {logging_mixin.py:149} INFO - [2023-07-09T19:39:48.089+0000] {dagbag.py:541} INFO - Filling up the DagBag from /home/airflow/.local/lib/python3.7/site-packages/airflow/example_dags/example_complex.py
[2023-07-09T19:39:48.106+0000] {processor.py:836} INFO - DAG(s) dict_keys(['example_complex']) retrieved from /home/airflow/.local/lib/python3.7/site-packages/airflow/example_dags/example_complex.py
[2023-07-09T19:39:48.141+0000] {logging_mixin.py:149} INFO - [2023-07-09T19:39:48.141+0000] {dag.py:2726} INFO - Sync 1 DAGs
[2023-07-09T19:39:48.165+0000] {logging_mixin.py:149} INFO - [2023-07-09T19:39:48.165+0000] {dag.py:3490} INFO - Setting next_dagrun for example_complex to None, run_after=None
[2023-07-09T19:39:48.188+0000] {processor.py:179} INFO - Processing /home/airflow/.local/lib/python3.7/site-packages/airflow/example_dags/example_complex.py took 0.104 seconds
[2023-07-09T19:40:18.493+0000] {processor.py:157} INFO - Started process (PID=4862) to work on /home/airflow/.local/lib/python3.7/site-packages/airflow/example_dags/example_complex.py
[2023-07-09T19:40:18.495+0000] {processor.py:826} INFO - Processing file /home/airflow/.local/lib/python3.7/site-packages/airflow/example_dags/example_complex.py for tasks to queue
[2023-07-09T19:40:18.496+0000] {logging_mixin.py:149} INFO - [2023-07-09T19:40:18.496+0000] {dagbag.py:541} INFO - Filling up the DagBag from /home/airflow/.local/lib/python3.7/site-packages/airflow/example_dags/example_complex.py
[2023-07-09T19:40:18.507+0000] {processor.py:836} INFO - DAG(s) dict_keys(['example_complex']) retrieved from /home/airflow/.local/lib/python3.7/site-packages/airflow/example_dags/example_complex.py
[2023-07-09T19:40:18.542+0000] {logging_mixin.py:149} INFO - [2023-07-09T19:40:18.541+0000] {dag.py:2726} INFO - Sync 1 DAGs
[2023-07-09T19:40:18.564+0000] {logging_mixin.py:149} INFO - [2023-07-09T19:40:18.564+0000] {dag.py:3490} INFO - Setting next_dagrun for example_complex to None, run_after=None
[2023-07-09T19:40:18.585+0000] {processor.py:179} INFO - Processing /home/airflow/.local/lib/python3.7/site-packages/airflow/example_dags/example_complex.py took 0.095 seconds
[2023-07-09T19:40:48.869+0000] {processor.py:157} INFO - Started process (PID=4924) to work on /home/airflow/.local/lib/python3.7/site-packages/airflow/example_dags/example_complex.py
[2023-07-09T19:40:48.871+0000] {processor.py:826} INFO - Processing file /home/airflow/.local/lib/python3.7/site-packages/airflow/example_dags/example_complex.py for tasks to queue
[2023-07-09T19:40:48.871+0000] {logging_mixin.py:149} INFO - [2023-07-09T19:40:48.871+0000] {dagbag.py:541} INFO - Filling up the DagBag from /home/airflow/.local/lib/python3.7/site-packages/airflow/example_dags/example_complex.py
[2023-07-09T19:40:48.882+0000] {processor.py:836} INFO - DAG(s) dict_keys(['example_complex']) retrieved from /home/airflow/.local/lib/python3.7/site-packages/airflow/example_dags/example_complex.py
[2023-07-09T19:40:48.921+0000] {logging_mixin.py:149} INFO - [2023-07-09T19:40:48.921+0000] {dag.py:2726} INFO - Sync 1 DAGs
[2023-07-09T19:40:48.946+0000] {logging_mixin.py:149} INFO - [2023-07-09T19:40:48.946+0000] {dag.py:3490} INFO - Setting next_dagrun for example_complex to None, run_after=None
[2023-07-09T19:40:48.970+0000] {processor.py:179} INFO - Processing /home/airflow/.local/lib/python3.7/site-packages/airflow/example_dags/example_complex.py took 0.104 seconds
[2023-07-09T19:41:19.104+0000] {processor.py:157} INFO - Started process (PID=4986) to work on /home/airflow/.local/lib/python3.7/site-packages/airflow/example_dags/example_complex.py
[2023-07-09T19:41:19.105+0000] {processor.py:826} INFO - Processing file /home/airflow/.local/lib/python3.7/site-packages/airflow/example_dags/example_complex.py for tasks to queue
[2023-07-09T19:41:19.107+0000] {logging_mixin.py:149} INFO - [2023-07-09T19:41:19.107+0000] {dagbag.py:541} INFO - Filling up the DagBag from /home/airflow/.local/lib/python3.7/site-packages/airflow/example_dags/example_complex.py
[2023-07-09T19:41:19.121+0000] {processor.py:836} INFO - DAG(s) dict_keys(['example_complex']) retrieved from /home/airflow/.local/lib/python3.7/site-packages/airflow/example_dags/example_complex.py
[2023-07-09T19:41:19.165+0000] {logging_mixin.py:149} INFO - [2023-07-09T19:41:19.165+0000] {dag.py:2726} INFO - Sync 1 DAGs
[2023-07-09T19:41:19.201+0000] {logging_mixin.py:149} INFO - [2023-07-09T19:41:19.201+0000] {dag.py:3490} INFO - Setting next_dagrun for example_complex to None, run_after=None
[2023-07-09T19:41:19.227+0000] {processor.py:179} INFO - Processing /home/airflow/.local/lib/python3.7/site-packages/airflow/example_dags/example_complex.py took 0.127 seconds
[2023-07-09T23:59:29.075+0000] {processor.py:157} INFO - Started process (PID=5014) to work on /home/airflow/.local/lib/python3.7/site-packages/airflow/example_dags/example_complex.py
[2023-07-09T23:59:29.076+0000] {processor.py:826} INFO - Processing file /home/airflow/.local/lib/python3.7/site-packages/airflow/example_dags/example_complex.py for tasks to queue
[2023-07-09T23:59:29.077+0000] {logging_mixin.py:149} INFO - [2023-07-09T23:59:29.077+0000] {dagbag.py:541} INFO - Filling up the DagBag from /home/airflow/.local/lib/python3.7/site-packages/airflow/example_dags/example_complex.py
[2023-07-09T23:59:29.095+0000] {processor.py:836} INFO - DAG(s) dict_keys(['example_complex']) retrieved from /home/airflow/.local/lib/python3.7/site-packages/airflow/example_dags/example_complex.py
[2023-07-09T23:59:29.146+0000] {logging_mixin.py:149} INFO - [2023-07-09T23:59:29.145+0000] {dag.py:2726} INFO - Sync 1 DAGs
[2023-07-09T23:59:29.182+0000] {logging_mixin.py:149} INFO - [2023-07-09T23:59:29.182+0000] {dag.py:3490} INFO - Setting next_dagrun for example_complex to None, run_after=None
[2023-07-09T23:59:29.212+0000] {processor.py:179} INFO - Processing /home/airflow/.local/lib/python3.7/site-packages/airflow/example_dags/example_complex.py took 0.141 seconds
