[2023-07-09T19:06:51.315+0000] {processor.py:157} INFO - Started process (PID=789) to work on /home/airflow/.local/lib/python3.7/site-packages/airflow/example_dags/example_sensors.py
[2023-07-09T19:06:51.316+0000] {processor.py:826} INFO - Processing file /home/airflow/.local/lib/python3.7/site-packages/airflow/example_dags/example_sensors.py for tasks to queue
[2023-07-09T19:06:51.317+0000] {logging_mixin.py:149} INFO - [2023-07-09T19:06:51.317+0000] {dagbag.py:541} INFO - Filling up the DagBag from /home/airflow/.local/lib/python3.7/site-packages/airflow/example_dags/example_sensors.py
[2023-07-09T19:06:51.326+0000] {processor.py:836} INFO - DAG(s) dict_keys(['example_sensors']) retrieved from /home/airflow/.local/lib/python3.7/site-packages/airflow/example_dags/example_sensors.py
[2023-07-09T19:06:51.352+0000] {logging_mixin.py:149} INFO - [2023-07-09T19:06:51.351+0000] {dag.py:2726} INFO - Sync 1 DAGs
[2023-07-09T19:06:51.378+0000] {logging_mixin.py:149} INFO - [2023-07-09T19:06:51.378+0000] {dag.py:3490} INFO - Setting next_dagrun for example_sensors to None, run_after=None
[2023-07-09T19:06:51.399+0000] {processor.py:179} INFO - Processing /home/airflow/.local/lib/python3.7/site-packages/airflow/example_dags/example_sensors.py took 0.086 seconds
[2023-07-09T19:07:21.525+0000] {processor.py:157} INFO - Started process (PID=850) to work on /home/airflow/.local/lib/python3.7/site-packages/airflow/example_dags/example_sensors.py
[2023-07-09T19:07:21.526+0000] {processor.py:826} INFO - Processing file /home/airflow/.local/lib/python3.7/site-packages/airflow/example_dags/example_sensors.py for tasks to queue
[2023-07-09T19:07:21.527+0000] {logging_mixin.py:149} INFO - [2023-07-09T19:07:21.527+0000] {dagbag.py:541} INFO - Filling up the DagBag from /home/airflow/.local/lib/python3.7/site-packages/airflow/example_dags/example_sensors.py
[2023-07-09T19:07:21.536+0000] {processor.py:836} INFO - DAG(s) dict_keys(['example_sensors']) retrieved from /home/airflow/.local/lib/python3.7/site-packages/airflow/example_dags/example_sensors.py
[2023-07-09T19:07:21.566+0000] {logging_mixin.py:149} INFO - [2023-07-09T19:07:21.566+0000] {dag.py:2726} INFO - Sync 1 DAGs
[2023-07-09T19:07:21.590+0000] {logging_mixin.py:149} INFO - [2023-07-09T19:07:21.590+0000] {dag.py:3490} INFO - Setting next_dagrun for example_sensors to None, run_after=None
[2023-07-09T19:07:21.614+0000] {processor.py:179} INFO - Processing /home/airflow/.local/lib/python3.7/site-packages/airflow/example_dags/example_sensors.py took 0.092 seconds
[2023-07-09T19:07:52.023+0000] {processor.py:157} INFO - Started process (PID=911) to work on /home/airflow/.local/lib/python3.7/site-packages/airflow/example_dags/example_sensors.py
[2023-07-09T19:07:52.024+0000] {processor.py:826} INFO - Processing file /home/airflow/.local/lib/python3.7/site-packages/airflow/example_dags/example_sensors.py for tasks to queue
[2023-07-09T19:07:52.024+0000] {logging_mixin.py:149} INFO - [2023-07-09T19:07:52.024+0000] {dagbag.py:541} INFO - Filling up the DagBag from /home/airflow/.local/lib/python3.7/site-packages/airflow/example_dags/example_sensors.py
[2023-07-09T19:07:52.035+0000] {processor.py:836} INFO - DAG(s) dict_keys(['example_sensors']) retrieved from /home/airflow/.local/lib/python3.7/site-packages/airflow/example_dags/example_sensors.py
[2023-07-09T19:07:52.063+0000] {logging_mixin.py:149} INFO - [2023-07-09T19:07:52.063+0000] {dag.py:2726} INFO - Sync 1 DAGs
[2023-07-09T19:07:52.088+0000] {logging_mixin.py:149} INFO - [2023-07-09T19:07:52.088+0000] {dag.py:3490} INFO - Setting next_dagrun for example_sensors to None, run_after=None
[2023-07-09T19:07:52.109+0000] {processor.py:179} INFO - Processing /home/airflow/.local/lib/python3.7/site-packages/airflow/example_dags/example_sensors.py took 0.090 seconds
[2023-07-09T19:08:22.182+0000] {processor.py:157} INFO - Started process (PID=972) to work on /home/airflow/.local/lib/python3.7/site-packages/airflow/example_dags/example_sensors.py
[2023-07-09T19:08:22.184+0000] {processor.py:826} INFO - Processing file /home/airflow/.local/lib/python3.7/site-packages/airflow/example_dags/example_sensors.py for tasks to queue
[2023-07-09T19:08:22.185+0000] {logging_mixin.py:149} INFO - [2023-07-09T19:08:22.185+0000] {dagbag.py:541} INFO - Filling up the DagBag from /home/airflow/.local/lib/python3.7/site-packages/airflow/example_dags/example_sensors.py
[2023-07-09T19:08:22.194+0000] {processor.py:836} INFO - DAG(s) dict_keys(['example_sensors']) retrieved from /home/airflow/.local/lib/python3.7/site-packages/airflow/example_dags/example_sensors.py
[2023-07-09T19:08:22.208+0000] {logging_mixin.py:149} INFO - [2023-07-09T19:08:22.207+0000] {dag.py:2726} INFO - Sync 1 DAGs
[2023-07-09T19:08:22.234+0000] {logging_mixin.py:149} INFO - [2023-07-09T19:08:22.234+0000] {dag.py:3490} INFO - Setting next_dagrun for example_sensors to None, run_after=None
[2023-07-09T19:08:22.256+0000] {processor.py:179} INFO - Processing /home/airflow/.local/lib/python3.7/site-packages/airflow/example_dags/example_sensors.py took 0.077 seconds
[2023-07-09T19:08:52.758+0000] {processor.py:157} INFO - Started process (PID=1033) to work on /home/airflow/.local/lib/python3.7/site-packages/airflow/example_dags/example_sensors.py
[2023-07-09T19:08:52.759+0000] {processor.py:826} INFO - Processing file /home/airflow/.local/lib/python3.7/site-packages/airflow/example_dags/example_sensors.py for tasks to queue
[2023-07-09T19:08:52.760+0000] {logging_mixin.py:149} INFO - [2023-07-09T19:08:52.760+0000] {dagbag.py:541} INFO - Filling up the DagBag from /home/airflow/.local/lib/python3.7/site-packages/airflow/example_dags/example_sensors.py
[2023-07-09T19:08:52.769+0000] {processor.py:836} INFO - DAG(s) dict_keys(['example_sensors']) retrieved from /home/airflow/.local/lib/python3.7/site-packages/airflow/example_dags/example_sensors.py
[2023-07-09T19:08:52.796+0000] {logging_mixin.py:149} INFO - [2023-07-09T19:08:52.796+0000] {dag.py:2726} INFO - Sync 1 DAGs
[2023-07-09T19:08:52.818+0000] {logging_mixin.py:149} INFO - [2023-07-09T19:08:52.818+0000] {dag.py:3490} INFO - Setting next_dagrun for example_sensors to None, run_after=None
[2023-07-09T19:08:52.838+0000] {processor.py:179} INFO - Processing /home/airflow/.local/lib/python3.7/site-packages/airflow/example_dags/example_sensors.py took 0.083 seconds
[2023-07-09T19:09:23.561+0000] {processor.py:157} INFO - Started process (PID=1094) to work on /home/airflow/.local/lib/python3.7/site-packages/airflow/example_dags/example_sensors.py
[2023-07-09T19:09:23.562+0000] {processor.py:826} INFO - Processing file /home/airflow/.local/lib/python3.7/site-packages/airflow/example_dags/example_sensors.py for tasks to queue
[2023-07-09T19:09:23.564+0000] {logging_mixin.py:149} INFO - [2023-07-09T19:09:23.563+0000] {dagbag.py:541} INFO - Filling up the DagBag from /home/airflow/.local/lib/python3.7/site-packages/airflow/example_dags/example_sensors.py
[2023-07-09T19:09:23.577+0000] {processor.py:836} INFO - DAG(s) dict_keys(['example_sensors']) retrieved from /home/airflow/.local/lib/python3.7/site-packages/airflow/example_dags/example_sensors.py
[2023-07-09T19:09:23.590+0000] {logging_mixin.py:149} INFO - [2023-07-09T19:09:23.590+0000] {dag.py:2726} INFO - Sync 1 DAGs
[2023-07-09T19:09:23.619+0000] {logging_mixin.py:149} INFO - [2023-07-09T19:09:23.619+0000] {dag.py:3490} INFO - Setting next_dagrun for example_sensors to None, run_after=None
[2023-07-09T19:09:23.642+0000] {processor.py:179} INFO - Processing /home/airflow/.local/lib/python3.7/site-packages/airflow/example_dags/example_sensors.py took 0.084 seconds
[2023-07-09T19:09:53.826+0000] {processor.py:157} INFO - Started process (PID=1155) to work on /home/airflow/.local/lib/python3.7/site-packages/airflow/example_dags/example_sensors.py
[2023-07-09T19:09:53.828+0000] {processor.py:826} INFO - Processing file /home/airflow/.local/lib/python3.7/site-packages/airflow/example_dags/example_sensors.py for tasks to queue
[2023-07-09T19:09:53.829+0000] {logging_mixin.py:149} INFO - [2023-07-09T19:09:53.829+0000] {dagbag.py:541} INFO - Filling up the DagBag from /home/airflow/.local/lib/python3.7/site-packages/airflow/example_dags/example_sensors.py
[2023-07-09T19:09:53.838+0000] {processor.py:836} INFO - DAG(s) dict_keys(['example_sensors']) retrieved from /home/airflow/.local/lib/python3.7/site-packages/airflow/example_dags/example_sensors.py
[2023-07-09T19:09:53.866+0000] {logging_mixin.py:149} INFO - [2023-07-09T19:09:53.866+0000] {dag.py:2726} INFO - Sync 1 DAGs
[2023-07-09T19:09:53.891+0000] {logging_mixin.py:149} INFO - [2023-07-09T19:09:53.890+0000] {dag.py:3490} INFO - Setting next_dagrun for example_sensors to None, run_after=None
[2023-07-09T19:09:53.913+0000] {processor.py:179} INFO - Processing /home/airflow/.local/lib/python3.7/site-packages/airflow/example_dags/example_sensors.py took 0.090 seconds
[2023-07-09T19:10:24.128+0000] {processor.py:157} INFO - Started process (PID=1216) to work on /home/airflow/.local/lib/python3.7/site-packages/airflow/example_dags/example_sensors.py
[2023-07-09T19:10:24.129+0000] {processor.py:826} INFO - Processing file /home/airflow/.local/lib/python3.7/site-packages/airflow/example_dags/example_sensors.py for tasks to queue
[2023-07-09T19:10:24.130+0000] {logging_mixin.py:149} INFO - [2023-07-09T19:10:24.130+0000] {dagbag.py:541} INFO - Filling up the DagBag from /home/airflow/.local/lib/python3.7/site-packages/airflow/example_dags/example_sensors.py
[2023-07-09T19:10:24.138+0000] {processor.py:836} INFO - DAG(s) dict_keys(['example_sensors']) retrieved from /home/airflow/.local/lib/python3.7/site-packages/airflow/example_dags/example_sensors.py
[2023-07-09T19:10:24.164+0000] {logging_mixin.py:149} INFO - [2023-07-09T19:10:24.164+0000] {dag.py:2726} INFO - Sync 1 DAGs
[2023-07-09T19:10:24.187+0000] {logging_mixin.py:149} INFO - [2023-07-09T19:10:24.186+0000] {dag.py:3490} INFO - Setting next_dagrun for example_sensors to None, run_after=None
[2023-07-09T19:10:24.207+0000] {processor.py:179} INFO - Processing /home/airflow/.local/lib/python3.7/site-packages/airflow/example_dags/example_sensors.py took 0.082 seconds
[2023-07-09T19:10:55.291+0000] {processor.py:157} INFO - Started process (PID=1277) to work on /home/airflow/.local/lib/python3.7/site-packages/airflow/example_dags/example_sensors.py
[2023-07-09T19:10:55.297+0000] {processor.py:826} INFO - Processing file /home/airflow/.local/lib/python3.7/site-packages/airflow/example_dags/example_sensors.py for tasks to queue
[2023-07-09T19:10:55.301+0000] {logging_mixin.py:149} INFO - [2023-07-09T19:10:55.300+0000] {dagbag.py:541} INFO - Filling up the DagBag from /home/airflow/.local/lib/python3.7/site-packages/airflow/example_dags/example_sensors.py
[2023-07-09T19:10:55.333+0000] {processor.py:836} INFO - DAG(s) dict_keys(['example_sensors']) retrieved from /home/airflow/.local/lib/python3.7/site-packages/airflow/example_dags/example_sensors.py
[2023-07-09T19:10:55.387+0000] {logging_mixin.py:149} INFO - [2023-07-09T19:10:55.387+0000] {dag.py:2726} INFO - Sync 1 DAGs
[2023-07-09T19:10:55.436+0000] {logging_mixin.py:149} INFO - [2023-07-09T19:10:55.436+0000] {dag.py:3490} INFO - Setting next_dagrun for example_sensors to None, run_after=None
[2023-07-09T19:10:55.468+0000] {processor.py:179} INFO - Processing /home/airflow/.local/lib/python3.7/site-packages/airflow/example_dags/example_sensors.py took 0.186 seconds
[2023-07-09T19:11:25.533+0000] {processor.py:157} INFO - Started process (PID=1337) to work on /home/airflow/.local/lib/python3.7/site-packages/airflow/example_dags/example_sensors.py
[2023-07-09T19:11:25.534+0000] {processor.py:826} INFO - Processing file /home/airflow/.local/lib/python3.7/site-packages/airflow/example_dags/example_sensors.py for tasks to queue
[2023-07-09T19:11:25.535+0000] {logging_mixin.py:149} INFO - [2023-07-09T19:11:25.535+0000] {dagbag.py:541} INFO - Filling up the DagBag from /home/airflow/.local/lib/python3.7/site-packages/airflow/example_dags/example_sensors.py
[2023-07-09T19:11:25.545+0000] {processor.py:836} INFO - DAG(s) dict_keys(['example_sensors']) retrieved from /home/airflow/.local/lib/python3.7/site-packages/airflow/example_dags/example_sensors.py
[2023-07-09T19:11:25.571+0000] {logging_mixin.py:149} INFO - [2023-07-09T19:11:25.571+0000] {dag.py:2726} INFO - Sync 1 DAGs
[2023-07-09T19:11:25.594+0000] {logging_mixin.py:149} INFO - [2023-07-09T19:11:25.593+0000] {dag.py:3490} INFO - Setting next_dagrun for example_sensors to None, run_after=None
[2023-07-09T19:11:25.614+0000] {processor.py:179} INFO - Processing /home/airflow/.local/lib/python3.7/site-packages/airflow/example_dags/example_sensors.py took 0.084 seconds
[2023-07-09T19:11:55.899+0000] {processor.py:157} INFO - Started process (PID=1398) to work on /home/airflow/.local/lib/python3.7/site-packages/airflow/example_dags/example_sensors.py
[2023-07-09T19:11:55.900+0000] {processor.py:826} INFO - Processing file /home/airflow/.local/lib/python3.7/site-packages/airflow/example_dags/example_sensors.py for tasks to queue
[2023-07-09T19:11:55.901+0000] {logging_mixin.py:149} INFO - [2023-07-09T19:11:55.901+0000] {dagbag.py:541} INFO - Filling up the DagBag from /home/airflow/.local/lib/python3.7/site-packages/airflow/example_dags/example_sensors.py
[2023-07-09T19:11:55.916+0000] {processor.py:836} INFO - DAG(s) dict_keys(['example_sensors']) retrieved from /home/airflow/.local/lib/python3.7/site-packages/airflow/example_dags/example_sensors.py
[2023-07-09T19:11:55.930+0000] {logging_mixin.py:149} INFO - [2023-07-09T19:11:55.930+0000] {dag.py:2726} INFO - Sync 1 DAGs
[2023-07-09T19:11:55.957+0000] {logging_mixin.py:149} INFO - [2023-07-09T19:11:55.957+0000] {dag.py:3490} INFO - Setting next_dagrun for example_sensors to None, run_after=None
[2023-07-09T19:11:55.981+0000] {processor.py:179} INFO - Processing /home/airflow/.local/lib/python3.7/site-packages/airflow/example_dags/example_sensors.py took 0.085 seconds
[2023-07-09T19:12:26.034+0000] {processor.py:157} INFO - Started process (PID=1460) to work on /home/airflow/.local/lib/python3.7/site-packages/airflow/example_dags/example_sensors.py
[2023-07-09T19:12:26.036+0000] {processor.py:826} INFO - Processing file /home/airflow/.local/lib/python3.7/site-packages/airflow/example_dags/example_sensors.py for tasks to queue
[2023-07-09T19:12:26.037+0000] {logging_mixin.py:149} INFO - [2023-07-09T19:12:26.036+0000] {dagbag.py:541} INFO - Filling up the DagBag from /home/airflow/.local/lib/python3.7/site-packages/airflow/example_dags/example_sensors.py
[2023-07-09T19:12:26.047+0000] {processor.py:836} INFO - DAG(s) dict_keys(['example_sensors']) retrieved from /home/airflow/.local/lib/python3.7/site-packages/airflow/example_dags/example_sensors.py
[2023-07-09T19:12:26.061+0000] {logging_mixin.py:149} INFO - [2023-07-09T19:12:26.061+0000] {dag.py:2726} INFO - Sync 1 DAGs
[2023-07-09T19:12:26.087+0000] {logging_mixin.py:149} INFO - [2023-07-09T19:12:26.087+0000] {dag.py:3490} INFO - Setting next_dagrun for example_sensors to None, run_after=None
[2023-07-09T19:12:26.109+0000] {processor.py:179} INFO - Processing /home/airflow/.local/lib/python3.7/site-packages/airflow/example_dags/example_sensors.py took 0.077 seconds
[2023-07-09T19:12:56.753+0000] {processor.py:157} INFO - Started process (PID=1521) to work on /home/airflow/.local/lib/python3.7/site-packages/airflow/example_dags/example_sensors.py
[2023-07-09T19:12:56.755+0000] {processor.py:826} INFO - Processing file /home/airflow/.local/lib/python3.7/site-packages/airflow/example_dags/example_sensors.py for tasks to queue
[2023-07-09T19:12:56.756+0000] {logging_mixin.py:149} INFO - [2023-07-09T19:12:56.755+0000] {dagbag.py:541} INFO - Filling up the DagBag from /home/airflow/.local/lib/python3.7/site-packages/airflow/example_dags/example_sensors.py
[2023-07-09T19:12:56.766+0000] {processor.py:836} INFO - DAG(s) dict_keys(['example_sensors']) retrieved from /home/airflow/.local/lib/python3.7/site-packages/airflow/example_dags/example_sensors.py
[2023-07-09T19:12:56.793+0000] {logging_mixin.py:149} INFO - [2023-07-09T19:12:56.793+0000] {dag.py:2726} INFO - Sync 1 DAGs
[2023-07-09T19:12:56.818+0000] {logging_mixin.py:149} INFO - [2023-07-09T19:12:56.818+0000] {dag.py:3490} INFO - Setting next_dagrun for example_sensors to None, run_after=None
[2023-07-09T19:12:56.841+0000] {processor.py:179} INFO - Processing /home/airflow/.local/lib/python3.7/site-packages/airflow/example_dags/example_sensors.py took 0.091 seconds
[2023-07-09T19:13:26.994+0000] {processor.py:157} INFO - Started process (PID=1583) to work on /home/airflow/.local/lib/python3.7/site-packages/airflow/example_dags/example_sensors.py
[2023-07-09T19:13:26.995+0000] {processor.py:826} INFO - Processing file /home/airflow/.local/lib/python3.7/site-packages/airflow/example_dags/example_sensors.py for tasks to queue
[2023-07-09T19:13:26.996+0000] {logging_mixin.py:149} INFO - [2023-07-09T19:13:26.996+0000] {dagbag.py:541} INFO - Filling up the DagBag from /home/airflow/.local/lib/python3.7/site-packages/airflow/example_dags/example_sensors.py
[2023-07-09T19:13:27.005+0000] {processor.py:836} INFO - DAG(s) dict_keys(['example_sensors']) retrieved from /home/airflow/.local/lib/python3.7/site-packages/airflow/example_dags/example_sensors.py
[2023-07-09T19:13:27.050+0000] {logging_mixin.py:149} INFO - [2023-07-09T19:13:27.050+0000] {dag.py:2726} INFO - Sync 1 DAGs
[2023-07-09T19:13:27.093+0000] {logging_mixin.py:149} INFO - [2023-07-09T19:13:27.093+0000] {dag.py:3490} INFO - Setting next_dagrun for example_sensors to None, run_after=None
[2023-07-09T19:13:27.132+0000] {processor.py:179} INFO - Processing /home/airflow/.local/lib/python3.7/site-packages/airflow/example_dags/example_sensors.py took 0.140 seconds
[2023-07-09T19:13:57.199+0000] {processor.py:157} INFO - Started process (PID=1643) to work on /home/airflow/.local/lib/python3.7/site-packages/airflow/example_dags/example_sensors.py
[2023-07-09T19:13:57.200+0000] {processor.py:826} INFO - Processing file /home/airflow/.local/lib/python3.7/site-packages/airflow/example_dags/example_sensors.py for tasks to queue
[2023-07-09T19:13:57.201+0000] {logging_mixin.py:149} INFO - [2023-07-09T19:13:57.201+0000] {dagbag.py:541} INFO - Filling up the DagBag from /home/airflow/.local/lib/python3.7/site-packages/airflow/example_dags/example_sensors.py
[2023-07-09T19:13:57.211+0000] {processor.py:836} INFO - DAG(s) dict_keys(['example_sensors']) retrieved from /home/airflow/.local/lib/python3.7/site-packages/airflow/example_dags/example_sensors.py
[2023-07-09T19:13:57.241+0000] {logging_mixin.py:149} INFO - [2023-07-09T19:13:57.241+0000] {dag.py:2726} INFO - Sync 1 DAGs
[2023-07-09T19:13:57.264+0000] {logging_mixin.py:149} INFO - [2023-07-09T19:13:57.264+0000] {dag.py:3490} INFO - Setting next_dagrun for example_sensors to None, run_after=None
[2023-07-09T19:13:57.290+0000] {processor.py:179} INFO - Processing /home/airflow/.local/lib/python3.7/site-packages/airflow/example_dags/example_sensors.py took 0.095 seconds
[2023-07-09T19:14:27.386+0000] {processor.py:157} INFO - Started process (PID=1704) to work on /home/airflow/.local/lib/python3.7/site-packages/airflow/example_dags/example_sensors.py
[2023-07-09T19:14:27.387+0000] {processor.py:826} INFO - Processing file /home/airflow/.local/lib/python3.7/site-packages/airflow/example_dags/example_sensors.py for tasks to queue
[2023-07-09T19:14:27.388+0000] {logging_mixin.py:149} INFO - [2023-07-09T19:14:27.387+0000] {dagbag.py:541} INFO - Filling up the DagBag from /home/airflow/.local/lib/python3.7/site-packages/airflow/example_dags/example_sensors.py
[2023-07-09T19:14:27.396+0000] {processor.py:836} INFO - DAG(s) dict_keys(['example_sensors']) retrieved from /home/airflow/.local/lib/python3.7/site-packages/airflow/example_dags/example_sensors.py
[2023-07-09T19:14:27.425+0000] {logging_mixin.py:149} INFO - [2023-07-09T19:14:27.424+0000] {dag.py:2726} INFO - Sync 1 DAGs
[2023-07-09T19:14:27.447+0000] {logging_mixin.py:149} INFO - [2023-07-09T19:14:27.447+0000] {dag.py:3490} INFO - Setting next_dagrun for example_sensors to None, run_after=None
[2023-07-09T19:14:27.473+0000] {processor.py:179} INFO - Processing /home/airflow/.local/lib/python3.7/site-packages/airflow/example_dags/example_sensors.py took 0.090 seconds
[2023-07-09T19:14:57.617+0000] {processor.py:157} INFO - Started process (PID=1765) to work on /home/airflow/.local/lib/python3.7/site-packages/airflow/example_dags/example_sensors.py
[2023-07-09T19:14:57.618+0000] {processor.py:826} INFO - Processing file /home/airflow/.local/lib/python3.7/site-packages/airflow/example_dags/example_sensors.py for tasks to queue
[2023-07-09T19:14:57.619+0000] {logging_mixin.py:149} INFO - [2023-07-09T19:14:57.619+0000] {dagbag.py:541} INFO - Filling up the DagBag from /home/airflow/.local/lib/python3.7/site-packages/airflow/example_dags/example_sensors.py
[2023-07-09T19:14:57.627+0000] {processor.py:836} INFO - DAG(s) dict_keys(['example_sensors']) retrieved from /home/airflow/.local/lib/python3.7/site-packages/airflow/example_dags/example_sensors.py
[2023-07-09T19:14:57.654+0000] {logging_mixin.py:149} INFO - [2023-07-09T19:14:57.654+0000] {dag.py:2726} INFO - Sync 1 DAGs
[2023-07-09T19:14:57.675+0000] {logging_mixin.py:149} INFO - [2023-07-09T19:14:57.675+0000] {dag.py:3490} INFO - Setting next_dagrun for example_sensors to None, run_after=None
[2023-07-09T19:14:57.696+0000] {processor.py:179} INFO - Processing /home/airflow/.local/lib/python3.7/site-packages/airflow/example_dags/example_sensors.py took 0.082 seconds
[2023-07-09T19:15:28.592+0000] {processor.py:157} INFO - Started process (PID=1827) to work on /home/airflow/.local/lib/python3.7/site-packages/airflow/example_dags/example_sensors.py
[2023-07-09T19:15:28.593+0000] {processor.py:826} INFO - Processing file /home/airflow/.local/lib/python3.7/site-packages/airflow/example_dags/example_sensors.py for tasks to queue
[2023-07-09T19:15:28.598+0000] {logging_mixin.py:149} INFO - [2023-07-09T19:15:28.598+0000] {dagbag.py:541} INFO - Filling up the DagBag from /home/airflow/.local/lib/python3.7/site-packages/airflow/example_dags/example_sensors.py
[2023-07-09T19:15:28.608+0000] {processor.py:836} INFO - DAG(s) dict_keys(['example_sensors']) retrieved from /home/airflow/.local/lib/python3.7/site-packages/airflow/example_dags/example_sensors.py
[2023-07-09T19:15:28.638+0000] {logging_mixin.py:149} INFO - [2023-07-09T19:15:28.638+0000] {dag.py:2726} INFO - Sync 1 DAGs
[2023-07-09T19:15:28.666+0000] {logging_mixin.py:149} INFO - [2023-07-09T19:15:28.666+0000] {dag.py:3490} INFO - Setting next_dagrun for example_sensors to None, run_after=None
[2023-07-09T19:15:28.686+0000] {processor.py:179} INFO - Processing /home/airflow/.local/lib/python3.7/site-packages/airflow/example_dags/example_sensors.py took 0.098 seconds
[2023-07-09T19:15:58.880+0000] {processor.py:157} INFO - Started process (PID=1889) to work on /home/airflow/.local/lib/python3.7/site-packages/airflow/example_dags/example_sensors.py
[2023-07-09T19:15:58.881+0000] {processor.py:826} INFO - Processing file /home/airflow/.local/lib/python3.7/site-packages/airflow/example_dags/example_sensors.py for tasks to queue
[2023-07-09T19:15:58.883+0000] {logging_mixin.py:149} INFO - [2023-07-09T19:15:58.882+0000] {dagbag.py:541} INFO - Filling up the DagBag from /home/airflow/.local/lib/python3.7/site-packages/airflow/example_dags/example_sensors.py
[2023-07-09T19:15:58.893+0000] {processor.py:836} INFO - DAG(s) dict_keys(['example_sensors']) retrieved from /home/airflow/.local/lib/python3.7/site-packages/airflow/example_dags/example_sensors.py
[2023-07-09T19:15:58.923+0000] {logging_mixin.py:149} INFO - [2023-07-09T19:15:58.923+0000] {dag.py:2726} INFO - Sync 1 DAGs
[2023-07-09T19:15:58.947+0000] {logging_mixin.py:149} INFO - [2023-07-09T19:15:58.947+0000] {dag.py:3490} INFO - Setting next_dagrun for example_sensors to None, run_after=None
[2023-07-09T19:15:58.973+0000] {processor.py:179} INFO - Processing /home/airflow/.local/lib/python3.7/site-packages/airflow/example_dags/example_sensors.py took 0.096 seconds
[2023-07-09T19:16:29.136+0000] {processor.py:157} INFO - Started process (PID=1953) to work on /home/airflow/.local/lib/python3.7/site-packages/airflow/example_dags/example_sensors.py
[2023-07-09T19:16:29.138+0000] {processor.py:826} INFO - Processing file /home/airflow/.local/lib/python3.7/site-packages/airflow/example_dags/example_sensors.py for tasks to queue
[2023-07-09T19:16:29.139+0000] {logging_mixin.py:149} INFO - [2023-07-09T19:16:29.139+0000] {dagbag.py:541} INFO - Filling up the DagBag from /home/airflow/.local/lib/python3.7/site-packages/airflow/example_dags/example_sensors.py
[2023-07-09T19:16:29.148+0000] {processor.py:836} INFO - DAG(s) dict_keys(['example_sensors']) retrieved from /home/airflow/.local/lib/python3.7/site-packages/airflow/example_dags/example_sensors.py
[2023-07-09T19:16:29.175+0000] {logging_mixin.py:149} INFO - [2023-07-09T19:16:29.175+0000] {dag.py:2726} INFO - Sync 1 DAGs
[2023-07-09T19:16:29.196+0000] {logging_mixin.py:149} INFO - [2023-07-09T19:16:29.196+0000] {dag.py:3490} INFO - Setting next_dagrun for example_sensors to None, run_after=None
[2023-07-09T19:16:29.214+0000] {processor.py:179} INFO - Processing /home/airflow/.local/lib/python3.7/site-packages/airflow/example_dags/example_sensors.py took 0.081 seconds
[2023-07-09T19:16:59.305+0000] {processor.py:157} INFO - Started process (PID=2015) to work on /home/airflow/.local/lib/python3.7/site-packages/airflow/example_dags/example_sensors.py
[2023-07-09T19:16:59.306+0000] {processor.py:826} INFO - Processing file /home/airflow/.local/lib/python3.7/site-packages/airflow/example_dags/example_sensors.py for tasks to queue
[2023-07-09T19:16:59.307+0000] {logging_mixin.py:149} INFO - [2023-07-09T19:16:59.307+0000] {dagbag.py:541} INFO - Filling up the DagBag from /home/airflow/.local/lib/python3.7/site-packages/airflow/example_dags/example_sensors.py
[2023-07-09T19:16:59.316+0000] {processor.py:836} INFO - DAG(s) dict_keys(['example_sensors']) retrieved from /home/airflow/.local/lib/python3.7/site-packages/airflow/example_dags/example_sensors.py
[2023-07-09T19:16:59.342+0000] {logging_mixin.py:149} INFO - [2023-07-09T19:16:59.342+0000] {dag.py:2726} INFO - Sync 1 DAGs
[2023-07-09T19:16:59.365+0000] {logging_mixin.py:149} INFO - [2023-07-09T19:16:59.365+0000] {dag.py:3490} INFO - Setting next_dagrun for example_sensors to None, run_after=None
[2023-07-09T19:16:59.386+0000] {processor.py:179} INFO - Processing /home/airflow/.local/lib/python3.7/site-packages/airflow/example_dags/example_sensors.py took 0.084 seconds
[2023-07-09T19:17:29.659+0000] {processor.py:157} INFO - Started process (PID=2076) to work on /home/airflow/.local/lib/python3.7/site-packages/airflow/example_dags/example_sensors.py
[2023-07-09T19:17:29.660+0000] {processor.py:826} INFO - Processing file /home/airflow/.local/lib/python3.7/site-packages/airflow/example_dags/example_sensors.py for tasks to queue
[2023-07-09T19:17:29.661+0000] {logging_mixin.py:149} INFO - [2023-07-09T19:17:29.661+0000] {dagbag.py:541} INFO - Filling up the DagBag from /home/airflow/.local/lib/python3.7/site-packages/airflow/example_dags/example_sensors.py
[2023-07-09T19:17:29.672+0000] {processor.py:836} INFO - DAG(s) dict_keys(['example_sensors']) retrieved from /home/airflow/.local/lib/python3.7/site-packages/airflow/example_dags/example_sensors.py
[2023-07-09T19:17:29.703+0000] {logging_mixin.py:149} INFO - [2023-07-09T19:17:29.703+0000] {dag.py:2726} INFO - Sync 1 DAGs
[2023-07-09T19:17:29.736+0000] {logging_mixin.py:149} INFO - [2023-07-09T19:17:29.735+0000] {dag.py:3490} INFO - Setting next_dagrun for example_sensors to None, run_after=None
[2023-07-09T19:17:29.758+0000] {processor.py:179} INFO - Processing /home/airflow/.local/lib/python3.7/site-packages/airflow/example_dags/example_sensors.py took 0.103 seconds
[2023-07-09T19:18:00.563+0000] {processor.py:157} INFO - Started process (PID=2138) to work on /home/airflow/.local/lib/python3.7/site-packages/airflow/example_dags/example_sensors.py
[2023-07-09T19:18:00.565+0000] {processor.py:826} INFO - Processing file /home/airflow/.local/lib/python3.7/site-packages/airflow/example_dags/example_sensors.py for tasks to queue
[2023-07-09T19:18:00.566+0000] {logging_mixin.py:149} INFO - [2023-07-09T19:18:00.566+0000] {dagbag.py:541} INFO - Filling up the DagBag from /home/airflow/.local/lib/python3.7/site-packages/airflow/example_dags/example_sensors.py
[2023-07-09T19:18:00.577+0000] {processor.py:836} INFO - DAG(s) dict_keys(['example_sensors']) retrieved from /home/airflow/.local/lib/python3.7/site-packages/airflow/example_dags/example_sensors.py
[2023-07-09T19:18:00.612+0000] {logging_mixin.py:149} INFO - [2023-07-09T19:18:00.612+0000] {dag.py:2726} INFO - Sync 1 DAGs
[2023-07-09T19:18:00.642+0000] {logging_mixin.py:149} INFO - [2023-07-09T19:18:00.642+0000] {dag.py:3490} INFO - Setting next_dagrun for example_sensors to None, run_after=None
[2023-07-09T19:18:00.666+0000] {processor.py:179} INFO - Processing /home/airflow/.local/lib/python3.7/site-packages/airflow/example_dags/example_sensors.py took 0.108 seconds
[2023-07-09T19:18:30.964+0000] {processor.py:157} INFO - Started process (PID=2200) to work on /home/airflow/.local/lib/python3.7/site-packages/airflow/example_dags/example_sensors.py
[2023-07-09T19:18:30.965+0000] {processor.py:826} INFO - Processing file /home/airflow/.local/lib/python3.7/site-packages/airflow/example_dags/example_sensors.py for tasks to queue
[2023-07-09T19:18:30.966+0000] {logging_mixin.py:149} INFO - [2023-07-09T19:18:30.966+0000] {dagbag.py:541} INFO - Filling up the DagBag from /home/airflow/.local/lib/python3.7/site-packages/airflow/example_dags/example_sensors.py
[2023-07-09T19:18:30.975+0000] {processor.py:836} INFO - DAG(s) dict_keys(['example_sensors']) retrieved from /home/airflow/.local/lib/python3.7/site-packages/airflow/example_dags/example_sensors.py
[2023-07-09T19:18:31.004+0000] {logging_mixin.py:149} INFO - [2023-07-09T19:18:31.004+0000] {dag.py:2726} INFO - Sync 1 DAGs
[2023-07-09T19:18:31.031+0000] {logging_mixin.py:149} INFO - [2023-07-09T19:18:31.031+0000] {dag.py:3490} INFO - Setting next_dagrun for example_sensors to None, run_after=None
[2023-07-09T19:18:31.052+0000] {processor.py:179} INFO - Processing /home/airflow/.local/lib/python3.7/site-packages/airflow/example_dags/example_sensors.py took 0.092 seconds
[2023-07-09T19:19:01.171+0000] {processor.py:157} INFO - Started process (PID=2262) to work on /home/airflow/.local/lib/python3.7/site-packages/airflow/example_dags/example_sensors.py
[2023-07-09T19:19:01.172+0000] {processor.py:826} INFO - Processing file /home/airflow/.local/lib/python3.7/site-packages/airflow/example_dags/example_sensors.py for tasks to queue
[2023-07-09T19:19:01.173+0000] {logging_mixin.py:149} INFO - [2023-07-09T19:19:01.173+0000] {dagbag.py:541} INFO - Filling up the DagBag from /home/airflow/.local/lib/python3.7/site-packages/airflow/example_dags/example_sensors.py
[2023-07-09T19:19:01.183+0000] {processor.py:836} INFO - DAG(s) dict_keys(['example_sensors']) retrieved from /home/airflow/.local/lib/python3.7/site-packages/airflow/example_dags/example_sensors.py
[2023-07-09T19:19:01.211+0000] {logging_mixin.py:149} INFO - [2023-07-09T19:19:01.210+0000] {dag.py:2726} INFO - Sync 1 DAGs
[2023-07-09T19:19:01.236+0000] {logging_mixin.py:149} INFO - [2023-07-09T19:19:01.236+0000] {dag.py:3490} INFO - Setting next_dagrun for example_sensors to None, run_after=None
[2023-07-09T19:19:01.258+0000] {processor.py:179} INFO - Processing /home/airflow/.local/lib/python3.7/site-packages/airflow/example_dags/example_sensors.py took 0.090 seconds
[2023-07-09T19:19:31.360+0000] {processor.py:157} INFO - Started process (PID=2324) to work on /home/airflow/.local/lib/python3.7/site-packages/airflow/example_dags/example_sensors.py
[2023-07-09T19:19:31.361+0000] {processor.py:826} INFO - Processing file /home/airflow/.local/lib/python3.7/site-packages/airflow/example_dags/example_sensors.py for tasks to queue
[2023-07-09T19:19:31.362+0000] {logging_mixin.py:149} INFO - [2023-07-09T19:19:31.362+0000] {dagbag.py:541} INFO - Filling up the DagBag from /home/airflow/.local/lib/python3.7/site-packages/airflow/example_dags/example_sensors.py
[2023-07-09T19:19:31.371+0000] {processor.py:836} INFO - DAG(s) dict_keys(['example_sensors']) retrieved from /home/airflow/.local/lib/python3.7/site-packages/airflow/example_dags/example_sensors.py
[2023-07-09T19:19:31.398+0000] {logging_mixin.py:149} INFO - [2023-07-09T19:19:31.398+0000] {dag.py:2726} INFO - Sync 1 DAGs
[2023-07-09T19:19:31.422+0000] {logging_mixin.py:149} INFO - [2023-07-09T19:19:31.421+0000] {dag.py:3490} INFO - Setting next_dagrun for example_sensors to None, run_after=None
[2023-07-09T19:19:31.443+0000] {processor.py:179} INFO - Processing /home/airflow/.local/lib/python3.7/site-packages/airflow/example_dags/example_sensors.py took 0.086 seconds
[2023-07-09T19:20:01.606+0000] {processor.py:157} INFO - Started process (PID=2386) to work on /home/airflow/.local/lib/python3.7/site-packages/airflow/example_dags/example_sensors.py
[2023-07-09T19:20:01.608+0000] {processor.py:826} INFO - Processing file /home/airflow/.local/lib/python3.7/site-packages/airflow/example_dags/example_sensors.py for tasks to queue
[2023-07-09T19:20:01.608+0000] {logging_mixin.py:149} INFO - [2023-07-09T19:20:01.608+0000] {dagbag.py:541} INFO - Filling up the DagBag from /home/airflow/.local/lib/python3.7/site-packages/airflow/example_dags/example_sensors.py
[2023-07-09T19:20:01.618+0000] {processor.py:836} INFO - DAG(s) dict_keys(['example_sensors']) retrieved from /home/airflow/.local/lib/python3.7/site-packages/airflow/example_dags/example_sensors.py
[2023-07-09T19:20:01.643+0000] {logging_mixin.py:149} INFO - [2023-07-09T19:20:01.643+0000] {dag.py:2726} INFO - Sync 1 DAGs
[2023-07-09T19:20:01.682+0000] {logging_mixin.py:149} INFO - [2023-07-09T19:20:01.681+0000] {dag.py:3490} INFO - Setting next_dagrun for example_sensors to None, run_after=None
[2023-07-09T19:20:01.714+0000] {processor.py:179} INFO - Processing /home/airflow/.local/lib/python3.7/site-packages/airflow/example_dags/example_sensors.py took 0.111 seconds
[2023-07-09T19:20:32.000+0000] {processor.py:157} INFO - Started process (PID=2448) to work on /home/airflow/.local/lib/python3.7/site-packages/airflow/example_dags/example_sensors.py
[2023-07-09T19:20:32.001+0000] {processor.py:826} INFO - Processing file /home/airflow/.local/lib/python3.7/site-packages/airflow/example_dags/example_sensors.py for tasks to queue
[2023-07-09T19:20:32.002+0000] {logging_mixin.py:149} INFO - [2023-07-09T19:20:32.002+0000] {dagbag.py:541} INFO - Filling up the DagBag from /home/airflow/.local/lib/python3.7/site-packages/airflow/example_dags/example_sensors.py
[2023-07-09T19:20:32.012+0000] {processor.py:836} INFO - DAG(s) dict_keys(['example_sensors']) retrieved from /home/airflow/.local/lib/python3.7/site-packages/airflow/example_dags/example_sensors.py
[2023-07-09T19:20:32.044+0000] {logging_mixin.py:149} INFO - [2023-07-09T19:20:32.044+0000] {dag.py:2726} INFO - Sync 1 DAGs
[2023-07-09T19:20:32.070+0000] {logging_mixin.py:149} INFO - [2023-07-09T19:20:32.070+0000] {dag.py:3490} INFO - Setting next_dagrun for example_sensors to None, run_after=None
[2023-07-09T19:20:32.094+0000] {processor.py:179} INFO - Processing /home/airflow/.local/lib/python3.7/site-packages/airflow/example_dags/example_sensors.py took 0.098 seconds
[2023-07-09T19:21:02.319+0000] {processor.py:157} INFO - Started process (PID=2510) to work on /home/airflow/.local/lib/python3.7/site-packages/airflow/example_dags/example_sensors.py
[2023-07-09T19:21:02.320+0000] {processor.py:826} INFO - Processing file /home/airflow/.local/lib/python3.7/site-packages/airflow/example_dags/example_sensors.py for tasks to queue
[2023-07-09T19:21:02.321+0000] {logging_mixin.py:149} INFO - [2023-07-09T19:21:02.321+0000] {dagbag.py:541} INFO - Filling up the DagBag from /home/airflow/.local/lib/python3.7/site-packages/airflow/example_dags/example_sensors.py
[2023-07-09T19:21:02.330+0000] {processor.py:836} INFO - DAG(s) dict_keys(['example_sensors']) retrieved from /home/airflow/.local/lib/python3.7/site-packages/airflow/example_dags/example_sensors.py
[2023-07-09T19:21:02.359+0000] {logging_mixin.py:149} INFO - [2023-07-09T19:21:02.359+0000] {dag.py:2726} INFO - Sync 1 DAGs
[2023-07-09T19:21:02.383+0000] {logging_mixin.py:149} INFO - [2023-07-09T19:21:02.382+0000] {dag.py:3490} INFO - Setting next_dagrun for example_sensors to None, run_after=None
[2023-07-09T19:21:02.403+0000] {processor.py:179} INFO - Processing /home/airflow/.local/lib/python3.7/site-packages/airflow/example_dags/example_sensors.py took 0.087 seconds
[2023-07-09T19:21:32.762+0000] {processor.py:157} INFO - Started process (PID=2572) to work on /home/airflow/.local/lib/python3.7/site-packages/airflow/example_dags/example_sensors.py
[2023-07-09T19:21:32.763+0000] {processor.py:826} INFO - Processing file /home/airflow/.local/lib/python3.7/site-packages/airflow/example_dags/example_sensors.py for tasks to queue
[2023-07-09T19:21:32.764+0000] {logging_mixin.py:149} INFO - [2023-07-09T19:21:32.764+0000] {dagbag.py:541} INFO - Filling up the DagBag from /home/airflow/.local/lib/python3.7/site-packages/airflow/example_dags/example_sensors.py
[2023-07-09T19:21:32.777+0000] {processor.py:836} INFO - DAG(s) dict_keys(['example_sensors']) retrieved from /home/airflow/.local/lib/python3.7/site-packages/airflow/example_dags/example_sensors.py
[2023-07-09T19:21:32.814+0000] {logging_mixin.py:149} INFO - [2023-07-09T19:21:32.813+0000] {dag.py:2726} INFO - Sync 1 DAGs
[2023-07-09T19:21:32.847+0000] {logging_mixin.py:149} INFO - [2023-07-09T19:21:32.847+0000] {dag.py:3490} INFO - Setting next_dagrun for example_sensors to None, run_after=None
[2023-07-09T19:21:32.873+0000] {processor.py:179} INFO - Processing /home/airflow/.local/lib/python3.7/site-packages/airflow/example_dags/example_sensors.py took 0.114 seconds
[2023-07-09T19:22:02.959+0000] {processor.py:157} INFO - Started process (PID=2634) to work on /home/airflow/.local/lib/python3.7/site-packages/airflow/example_dags/example_sensors.py
[2023-07-09T19:22:02.960+0000] {processor.py:826} INFO - Processing file /home/airflow/.local/lib/python3.7/site-packages/airflow/example_dags/example_sensors.py for tasks to queue
[2023-07-09T19:22:02.961+0000] {logging_mixin.py:149} INFO - [2023-07-09T19:22:02.961+0000] {dagbag.py:541} INFO - Filling up the DagBag from /home/airflow/.local/lib/python3.7/site-packages/airflow/example_dags/example_sensors.py
[2023-07-09T19:22:02.971+0000] {processor.py:836} INFO - DAG(s) dict_keys(['example_sensors']) retrieved from /home/airflow/.local/lib/python3.7/site-packages/airflow/example_dags/example_sensors.py
[2023-07-09T19:22:03.004+0000] {logging_mixin.py:149} INFO - [2023-07-09T19:22:03.004+0000] {dag.py:2726} INFO - Sync 1 DAGs
[2023-07-09T19:22:03.033+0000] {logging_mixin.py:149} INFO - [2023-07-09T19:22:03.033+0000] {dag.py:3490} INFO - Setting next_dagrun for example_sensors to None, run_after=None
[2023-07-09T19:22:03.055+0000] {processor.py:179} INFO - Processing /home/airflow/.local/lib/python3.7/site-packages/airflow/example_dags/example_sensors.py took 0.099 seconds
[2023-07-09T19:22:33.217+0000] {processor.py:157} INFO - Started process (PID=2696) to work on /home/airflow/.local/lib/python3.7/site-packages/airflow/example_dags/example_sensors.py
[2023-07-09T19:22:33.217+0000] {processor.py:826} INFO - Processing file /home/airflow/.local/lib/python3.7/site-packages/airflow/example_dags/example_sensors.py for tasks to queue
[2023-07-09T19:22:33.218+0000] {logging_mixin.py:149} INFO - [2023-07-09T19:22:33.218+0000] {dagbag.py:541} INFO - Filling up the DagBag from /home/airflow/.local/lib/python3.7/site-packages/airflow/example_dags/example_sensors.py
[2023-07-09T19:22:33.227+0000] {processor.py:836} INFO - DAG(s) dict_keys(['example_sensors']) retrieved from /home/airflow/.local/lib/python3.7/site-packages/airflow/example_dags/example_sensors.py
[2023-07-09T19:22:33.256+0000] {logging_mixin.py:149} INFO - [2023-07-09T19:22:33.256+0000] {dag.py:2726} INFO - Sync 1 DAGs
[2023-07-09T19:22:33.280+0000] {logging_mixin.py:149} INFO - [2023-07-09T19:22:33.280+0000] {dag.py:3490} INFO - Setting next_dagrun for example_sensors to None, run_after=None
[2023-07-09T19:22:33.302+0000] {processor.py:179} INFO - Processing /home/airflow/.local/lib/python3.7/site-packages/airflow/example_dags/example_sensors.py took 0.088 seconds
[2023-07-09T19:23:03.336+0000] {processor.py:157} INFO - Started process (PID=2757) to work on /home/airflow/.local/lib/python3.7/site-packages/airflow/example_dags/example_sensors.py
[2023-07-09T19:23:03.337+0000] {processor.py:826} INFO - Processing file /home/airflow/.local/lib/python3.7/site-packages/airflow/example_dags/example_sensors.py for tasks to queue
[2023-07-09T19:23:03.337+0000] {logging_mixin.py:149} INFO - [2023-07-09T19:23:03.337+0000] {dagbag.py:541} INFO - Filling up the DagBag from /home/airflow/.local/lib/python3.7/site-packages/airflow/example_dags/example_sensors.py
[2023-07-09T19:23:03.346+0000] {processor.py:836} INFO - DAG(s) dict_keys(['example_sensors']) retrieved from /home/airflow/.local/lib/python3.7/site-packages/airflow/example_dags/example_sensors.py
[2023-07-09T19:23:03.372+0000] {logging_mixin.py:149} INFO - [2023-07-09T19:23:03.372+0000] {dag.py:2726} INFO - Sync 1 DAGs
[2023-07-09T19:23:03.397+0000] {logging_mixin.py:149} INFO - [2023-07-09T19:23:03.397+0000] {dag.py:3490} INFO - Setting next_dagrun for example_sensors to None, run_after=None
[2023-07-09T19:23:03.419+0000] {processor.py:179} INFO - Processing /home/airflow/.local/lib/python3.7/site-packages/airflow/example_dags/example_sensors.py took 0.086 seconds
[2023-07-09T19:23:33.615+0000] {processor.py:157} INFO - Started process (PID=2820) to work on /home/airflow/.local/lib/python3.7/site-packages/airflow/example_dags/example_sensors.py
[2023-07-09T19:23:33.616+0000] {processor.py:826} INFO - Processing file /home/airflow/.local/lib/python3.7/site-packages/airflow/example_dags/example_sensors.py for tasks to queue
[2023-07-09T19:23:33.617+0000] {logging_mixin.py:149} INFO - [2023-07-09T19:23:33.617+0000] {dagbag.py:541} INFO - Filling up the DagBag from /home/airflow/.local/lib/python3.7/site-packages/airflow/example_dags/example_sensors.py
[2023-07-09T19:23:33.626+0000] {processor.py:836} INFO - DAG(s) dict_keys(['example_sensors']) retrieved from /home/airflow/.local/lib/python3.7/site-packages/airflow/example_dags/example_sensors.py
[2023-07-09T19:23:33.651+0000] {logging_mixin.py:149} INFO - [2023-07-09T19:23:33.651+0000] {dag.py:2726} INFO - Sync 1 DAGs
[2023-07-09T19:23:33.674+0000] {logging_mixin.py:149} INFO - [2023-07-09T19:23:33.674+0000] {dag.py:3490} INFO - Setting next_dagrun for example_sensors to None, run_after=None
[2023-07-09T19:23:33.696+0000] {processor.py:179} INFO - Processing /home/airflow/.local/lib/python3.7/site-packages/airflow/example_dags/example_sensors.py took 0.084 seconds
[2023-07-09T19:24:04.172+0000] {processor.py:157} INFO - Started process (PID=2883) to work on /home/airflow/.local/lib/python3.7/site-packages/airflow/example_dags/example_sensors.py
[2023-07-09T19:24:04.174+0000] {processor.py:826} INFO - Processing file /home/airflow/.local/lib/python3.7/site-packages/airflow/example_dags/example_sensors.py for tasks to queue
[2023-07-09T19:24:04.175+0000] {logging_mixin.py:149} INFO - [2023-07-09T19:24:04.175+0000] {dagbag.py:541} INFO - Filling up the DagBag from /home/airflow/.local/lib/python3.7/site-packages/airflow/example_dags/example_sensors.py
[2023-07-09T19:24:04.184+0000] {processor.py:836} INFO - DAG(s) dict_keys(['example_sensors']) retrieved from /home/airflow/.local/lib/python3.7/site-packages/airflow/example_dags/example_sensors.py
[2023-07-09T19:24:04.213+0000] {logging_mixin.py:149} INFO - [2023-07-09T19:24:04.212+0000] {dag.py:2726} INFO - Sync 1 DAGs
[2023-07-09T19:24:04.237+0000] {logging_mixin.py:149} INFO - [2023-07-09T19:24:04.237+0000] {dag.py:3490} INFO - Setting next_dagrun for example_sensors to None, run_after=None
[2023-07-09T19:24:04.258+0000] {processor.py:179} INFO - Processing /home/airflow/.local/lib/python3.7/site-packages/airflow/example_dags/example_sensors.py took 0.089 seconds
[2023-07-09T19:24:35.135+0000] {processor.py:157} INFO - Started process (PID=2936) to work on /home/airflow/.local/lib/python3.7/site-packages/airflow/example_dags/example_sensors.py
[2023-07-09T19:24:35.136+0000] {processor.py:826} INFO - Processing file /home/airflow/.local/lib/python3.7/site-packages/airflow/example_dags/example_sensors.py for tasks to queue
[2023-07-09T19:24:35.137+0000] {logging_mixin.py:149} INFO - [2023-07-09T19:24:35.137+0000] {dagbag.py:541} INFO - Filling up the DagBag from /home/airflow/.local/lib/python3.7/site-packages/airflow/example_dags/example_sensors.py
[2023-07-09T19:24:35.146+0000] {processor.py:836} INFO - DAG(s) dict_keys(['example_sensors']) retrieved from /home/airflow/.local/lib/python3.7/site-packages/airflow/example_dags/example_sensors.py
[2023-07-09T19:24:35.175+0000] {logging_mixin.py:149} INFO - [2023-07-09T19:24:35.175+0000] {dag.py:2726} INFO - Sync 1 DAGs
[2023-07-09T19:24:35.200+0000] {logging_mixin.py:149} INFO - [2023-07-09T19:24:35.200+0000] {dag.py:3490} INFO - Setting next_dagrun for example_sensors to None, run_after=None
[2023-07-09T19:24:35.223+0000] {processor.py:179} INFO - Processing /home/airflow/.local/lib/python3.7/site-packages/airflow/example_dags/example_sensors.py took 0.092 seconds
[2023-07-09T19:25:05.320+0000] {processor.py:157} INFO - Started process (PID=2998) to work on /home/airflow/.local/lib/python3.7/site-packages/airflow/example_dags/example_sensors.py
[2023-07-09T19:25:05.321+0000] {processor.py:826} INFO - Processing file /home/airflow/.local/lib/python3.7/site-packages/airflow/example_dags/example_sensors.py for tasks to queue
[2023-07-09T19:25:05.321+0000] {logging_mixin.py:149} INFO - [2023-07-09T19:25:05.321+0000] {dagbag.py:541} INFO - Filling up the DagBag from /home/airflow/.local/lib/python3.7/site-packages/airflow/example_dags/example_sensors.py
[2023-07-09T19:25:05.330+0000] {processor.py:836} INFO - DAG(s) dict_keys(['example_sensors']) retrieved from /home/airflow/.local/lib/python3.7/site-packages/airflow/example_dags/example_sensors.py
[2023-07-09T19:25:05.358+0000] {logging_mixin.py:149} INFO - [2023-07-09T19:25:05.358+0000] {dag.py:2726} INFO - Sync 1 DAGs
[2023-07-09T19:25:05.383+0000] {logging_mixin.py:149} INFO - [2023-07-09T19:25:05.383+0000] {dag.py:3490} INFO - Setting next_dagrun for example_sensors to None, run_after=None
[2023-07-09T19:25:05.406+0000] {processor.py:179} INFO - Processing /home/airflow/.local/lib/python3.7/site-packages/airflow/example_dags/example_sensors.py took 0.089 seconds
[2023-07-09T19:25:36.255+0000] {processor.py:157} INFO - Started process (PID=3060) to work on /home/airflow/.local/lib/python3.7/site-packages/airflow/example_dags/example_sensors.py
[2023-07-09T19:25:36.256+0000] {processor.py:826} INFO - Processing file /home/airflow/.local/lib/python3.7/site-packages/airflow/example_dags/example_sensors.py for tasks to queue
[2023-07-09T19:25:36.257+0000] {logging_mixin.py:149} INFO - [2023-07-09T19:25:36.257+0000] {dagbag.py:541} INFO - Filling up the DagBag from /home/airflow/.local/lib/python3.7/site-packages/airflow/example_dags/example_sensors.py
[2023-07-09T19:25:36.266+0000] {processor.py:836} INFO - DAG(s) dict_keys(['example_sensors']) retrieved from /home/airflow/.local/lib/python3.7/site-packages/airflow/example_dags/example_sensors.py
[2023-07-09T19:25:36.296+0000] {logging_mixin.py:149} INFO - [2023-07-09T19:25:36.296+0000] {dag.py:2726} INFO - Sync 1 DAGs
[2023-07-09T19:25:36.327+0000] {logging_mixin.py:149} INFO - [2023-07-09T19:25:36.327+0000] {dag.py:3490} INFO - Setting next_dagrun for example_sensors to None, run_after=None
[2023-07-09T19:25:36.352+0000] {processor.py:179} INFO - Processing /home/airflow/.local/lib/python3.7/site-packages/airflow/example_dags/example_sensors.py took 0.101 seconds
[2023-07-09T19:26:06.750+0000] {processor.py:157} INFO - Started process (PID=3122) to work on /home/airflow/.local/lib/python3.7/site-packages/airflow/example_dags/example_sensors.py
[2023-07-09T19:26:06.751+0000] {processor.py:826} INFO - Processing file /home/airflow/.local/lib/python3.7/site-packages/airflow/example_dags/example_sensors.py for tasks to queue
[2023-07-09T19:26:06.752+0000] {logging_mixin.py:149} INFO - [2023-07-09T19:26:06.752+0000] {dagbag.py:541} INFO - Filling up the DagBag from /home/airflow/.local/lib/python3.7/site-packages/airflow/example_dags/example_sensors.py
[2023-07-09T19:26:06.761+0000] {processor.py:836} INFO - DAG(s) dict_keys(['example_sensors']) retrieved from /home/airflow/.local/lib/python3.7/site-packages/airflow/example_dags/example_sensors.py
[2023-07-09T19:26:06.790+0000] {logging_mixin.py:149} INFO - [2023-07-09T19:26:06.790+0000] {dag.py:2726} INFO - Sync 1 DAGs
[2023-07-09T19:26:06.814+0000] {logging_mixin.py:149} INFO - [2023-07-09T19:26:06.814+0000] {dag.py:3490} INFO - Setting next_dagrun for example_sensors to None, run_after=None
[2023-07-09T19:26:06.834+0000] {processor.py:179} INFO - Processing /home/airflow/.local/lib/python3.7/site-packages/airflow/example_dags/example_sensors.py took 0.087 seconds
[2023-07-09T19:26:37.394+0000] {processor.py:157} INFO - Started process (PID=3184) to work on /home/airflow/.local/lib/python3.7/site-packages/airflow/example_dags/example_sensors.py
[2023-07-09T19:26:37.395+0000] {processor.py:826} INFO - Processing file /home/airflow/.local/lib/python3.7/site-packages/airflow/example_dags/example_sensors.py for tasks to queue
[2023-07-09T19:26:37.396+0000] {logging_mixin.py:149} INFO - [2023-07-09T19:26:37.396+0000] {dagbag.py:541} INFO - Filling up the DagBag from /home/airflow/.local/lib/python3.7/site-packages/airflow/example_dags/example_sensors.py
[2023-07-09T19:26:37.405+0000] {processor.py:836} INFO - DAG(s) dict_keys(['example_sensors']) retrieved from /home/airflow/.local/lib/python3.7/site-packages/airflow/example_dags/example_sensors.py
[2023-07-09T19:26:37.437+0000] {logging_mixin.py:149} INFO - [2023-07-09T19:26:37.437+0000] {dag.py:2726} INFO - Sync 1 DAGs
[2023-07-09T19:26:37.466+0000] {logging_mixin.py:149} INFO - [2023-07-09T19:26:37.465+0000] {dag.py:3490} INFO - Setting next_dagrun for example_sensors to None, run_after=None
[2023-07-09T19:26:37.492+0000] {processor.py:179} INFO - Processing /home/airflow/.local/lib/python3.7/site-packages/airflow/example_dags/example_sensors.py took 0.101 seconds
[2023-07-09T19:27:07.829+0000] {processor.py:157} INFO - Started process (PID=3246) to work on /home/airflow/.local/lib/python3.7/site-packages/airflow/example_dags/example_sensors.py
[2023-07-09T19:27:07.830+0000] {processor.py:826} INFO - Processing file /home/airflow/.local/lib/python3.7/site-packages/airflow/example_dags/example_sensors.py for tasks to queue
[2023-07-09T19:27:07.831+0000] {logging_mixin.py:149} INFO - [2023-07-09T19:27:07.831+0000] {dagbag.py:541} INFO - Filling up the DagBag from /home/airflow/.local/lib/python3.7/site-packages/airflow/example_dags/example_sensors.py
[2023-07-09T19:27:07.842+0000] {processor.py:836} INFO - DAG(s) dict_keys(['example_sensors']) retrieved from /home/airflow/.local/lib/python3.7/site-packages/airflow/example_dags/example_sensors.py
[2023-07-09T19:27:07.872+0000] {logging_mixin.py:149} INFO - [2023-07-09T19:27:07.871+0000] {dag.py:2726} INFO - Sync 1 DAGs
[2023-07-09T19:27:07.899+0000] {logging_mixin.py:149} INFO - [2023-07-09T19:27:07.899+0000] {dag.py:3490} INFO - Setting next_dagrun for example_sensors to None, run_after=None
[2023-07-09T19:27:07.920+0000] {processor.py:179} INFO - Processing /home/airflow/.local/lib/python3.7/site-packages/airflow/example_dags/example_sensors.py took 0.095 seconds
[2023-07-09T19:27:38.525+0000] {processor.py:157} INFO - Started process (PID=3309) to work on /home/airflow/.local/lib/python3.7/site-packages/airflow/example_dags/example_sensors.py
[2023-07-09T19:27:38.527+0000] {processor.py:826} INFO - Processing file /home/airflow/.local/lib/python3.7/site-packages/airflow/example_dags/example_sensors.py for tasks to queue
[2023-07-09T19:27:38.528+0000] {logging_mixin.py:149} INFO - [2023-07-09T19:27:38.528+0000] {dagbag.py:541} INFO - Filling up the DagBag from /home/airflow/.local/lib/python3.7/site-packages/airflow/example_dags/example_sensors.py
[2023-07-09T19:27:38.539+0000] {processor.py:836} INFO - DAG(s) dict_keys(['example_sensors']) retrieved from /home/airflow/.local/lib/python3.7/site-packages/airflow/example_dags/example_sensors.py
[2023-07-09T19:27:38.573+0000] {logging_mixin.py:149} INFO - [2023-07-09T19:27:38.573+0000] {dag.py:2726} INFO - Sync 1 DAGs
[2023-07-09T19:27:38.607+0000] {logging_mixin.py:149} INFO - [2023-07-09T19:27:38.607+0000] {dag.py:3490} INFO - Setting next_dagrun for example_sensors to None, run_after=None
[2023-07-09T19:27:38.629+0000] {processor.py:179} INFO - Processing /home/airflow/.local/lib/python3.7/site-packages/airflow/example_dags/example_sensors.py took 0.109 seconds
[2023-07-09T19:28:09.194+0000] {processor.py:157} INFO - Started process (PID=3371) to work on /home/airflow/.local/lib/python3.7/site-packages/airflow/example_dags/example_sensors.py
[2023-07-09T19:28:09.195+0000] {processor.py:826} INFO - Processing file /home/airflow/.local/lib/python3.7/site-packages/airflow/example_dags/example_sensors.py for tasks to queue
[2023-07-09T19:28:09.196+0000] {logging_mixin.py:149} INFO - [2023-07-09T19:28:09.196+0000] {dagbag.py:541} INFO - Filling up the DagBag from /home/airflow/.local/lib/python3.7/site-packages/airflow/example_dags/example_sensors.py
[2023-07-09T19:28:09.208+0000] {processor.py:836} INFO - DAG(s) dict_keys(['example_sensors']) retrieved from /home/airflow/.local/lib/python3.7/site-packages/airflow/example_dags/example_sensors.py
[2023-07-09T19:28:09.241+0000] {logging_mixin.py:149} INFO - [2023-07-09T19:28:09.241+0000] {dag.py:2726} INFO - Sync 1 DAGs
[2023-07-09T19:28:09.266+0000] {logging_mixin.py:149} INFO - [2023-07-09T19:28:09.266+0000] {dag.py:3490} INFO - Setting next_dagrun for example_sensors to None, run_after=None
[2023-07-09T19:28:09.287+0000] {processor.py:179} INFO - Processing /home/airflow/.local/lib/python3.7/site-packages/airflow/example_dags/example_sensors.py took 0.096 seconds
[2023-07-09T19:28:39.674+0000] {processor.py:157} INFO - Started process (PID=3433) to work on /home/airflow/.local/lib/python3.7/site-packages/airflow/example_dags/example_sensors.py
[2023-07-09T19:28:39.675+0000] {processor.py:826} INFO - Processing file /home/airflow/.local/lib/python3.7/site-packages/airflow/example_dags/example_sensors.py for tasks to queue
[2023-07-09T19:28:39.676+0000] {logging_mixin.py:149} INFO - [2023-07-09T19:28:39.676+0000] {dagbag.py:541} INFO - Filling up the DagBag from /home/airflow/.local/lib/python3.7/site-packages/airflow/example_dags/example_sensors.py
[2023-07-09T19:28:39.685+0000] {processor.py:836} INFO - DAG(s) dict_keys(['example_sensors']) retrieved from /home/airflow/.local/lib/python3.7/site-packages/airflow/example_dags/example_sensors.py
[2023-07-09T19:28:39.713+0000] {logging_mixin.py:149} INFO - [2023-07-09T19:28:39.713+0000] {dag.py:2726} INFO - Sync 1 DAGs
[2023-07-09T19:28:39.737+0000] {logging_mixin.py:149} INFO - [2023-07-09T19:28:39.737+0000] {dag.py:3490} INFO - Setting next_dagrun for example_sensors to None, run_after=None
[2023-07-09T19:28:39.758+0000] {processor.py:179} INFO - Processing /home/airflow/.local/lib/python3.7/site-packages/airflow/example_dags/example_sensors.py took 0.087 seconds
[2023-07-09T19:29:10.285+0000] {processor.py:157} INFO - Started process (PID=3495) to work on /home/airflow/.local/lib/python3.7/site-packages/airflow/example_dags/example_sensors.py
[2023-07-09T19:29:10.286+0000] {processor.py:826} INFO - Processing file /home/airflow/.local/lib/python3.7/site-packages/airflow/example_dags/example_sensors.py for tasks to queue
[2023-07-09T19:29:10.287+0000] {logging_mixin.py:149} INFO - [2023-07-09T19:29:10.287+0000] {dagbag.py:541} INFO - Filling up the DagBag from /home/airflow/.local/lib/python3.7/site-packages/airflow/example_dags/example_sensors.py
[2023-07-09T19:29:10.297+0000] {processor.py:836} INFO - DAG(s) dict_keys(['example_sensors']) retrieved from /home/airflow/.local/lib/python3.7/site-packages/airflow/example_dags/example_sensors.py
[2023-07-09T19:29:10.327+0000] {logging_mixin.py:149} INFO - [2023-07-09T19:29:10.326+0000] {dag.py:2726} INFO - Sync 1 DAGs
[2023-07-09T19:29:10.351+0000] {logging_mixin.py:149} INFO - [2023-07-09T19:29:10.351+0000] {dag.py:3490} INFO - Setting next_dagrun for example_sensors to None, run_after=None
[2023-07-09T19:29:10.372+0000] {processor.py:179} INFO - Processing /home/airflow/.local/lib/python3.7/site-packages/airflow/example_dags/example_sensors.py took 0.090 seconds
[2023-07-09T19:29:40.883+0000] {processor.py:157} INFO - Started process (PID=3557) to work on /home/airflow/.local/lib/python3.7/site-packages/airflow/example_dags/example_sensors.py
[2023-07-09T19:29:40.884+0000] {processor.py:826} INFO - Processing file /home/airflow/.local/lib/python3.7/site-packages/airflow/example_dags/example_sensors.py for tasks to queue
[2023-07-09T19:29:40.885+0000] {logging_mixin.py:149} INFO - [2023-07-09T19:29:40.885+0000] {dagbag.py:541} INFO - Filling up the DagBag from /home/airflow/.local/lib/python3.7/site-packages/airflow/example_dags/example_sensors.py
[2023-07-09T19:29:40.894+0000] {processor.py:836} INFO - DAG(s) dict_keys(['example_sensors']) retrieved from /home/airflow/.local/lib/python3.7/site-packages/airflow/example_dags/example_sensors.py
[2023-07-09T19:29:40.924+0000] {logging_mixin.py:149} INFO - [2023-07-09T19:29:40.924+0000] {dag.py:2726} INFO - Sync 1 DAGs
[2023-07-09T19:29:40.951+0000] {logging_mixin.py:149} INFO - [2023-07-09T19:29:40.950+0000] {dag.py:3490} INFO - Setting next_dagrun for example_sensors to None, run_after=None
[2023-07-09T19:29:40.975+0000] {processor.py:179} INFO - Processing /home/airflow/.local/lib/python3.7/site-packages/airflow/example_dags/example_sensors.py took 0.096 seconds
[2023-07-09T19:30:11.484+0000] {processor.py:157} INFO - Started process (PID=3619) to work on /home/airflow/.local/lib/python3.7/site-packages/airflow/example_dags/example_sensors.py
[2023-07-09T19:30:11.485+0000] {processor.py:826} INFO - Processing file /home/airflow/.local/lib/python3.7/site-packages/airflow/example_dags/example_sensors.py for tasks to queue
[2023-07-09T19:30:11.486+0000] {logging_mixin.py:149} INFO - [2023-07-09T19:30:11.486+0000] {dagbag.py:541} INFO - Filling up the DagBag from /home/airflow/.local/lib/python3.7/site-packages/airflow/example_dags/example_sensors.py
[2023-07-09T19:30:11.496+0000] {processor.py:836} INFO - DAG(s) dict_keys(['example_sensors']) retrieved from /home/airflow/.local/lib/python3.7/site-packages/airflow/example_dags/example_sensors.py
[2023-07-09T19:30:11.527+0000] {logging_mixin.py:149} INFO - [2023-07-09T19:30:11.527+0000] {dag.py:2726} INFO - Sync 1 DAGs
[2023-07-09T19:30:11.553+0000] {logging_mixin.py:149} INFO - [2023-07-09T19:30:11.552+0000] {dag.py:3490} INFO - Setting next_dagrun for example_sensors to None, run_after=None
[2023-07-09T19:30:11.574+0000] {processor.py:179} INFO - Processing /home/airflow/.local/lib/python3.7/site-packages/airflow/example_dags/example_sensors.py took 0.093 seconds
[2023-07-09T19:30:42.363+0000] {processor.py:157} INFO - Started process (PID=3681) to work on /home/airflow/.local/lib/python3.7/site-packages/airflow/example_dags/example_sensors.py
[2023-07-09T19:30:42.364+0000] {processor.py:826} INFO - Processing file /home/airflow/.local/lib/python3.7/site-packages/airflow/example_dags/example_sensors.py for tasks to queue
[2023-07-09T19:30:42.365+0000] {logging_mixin.py:149} INFO - [2023-07-09T19:30:42.365+0000] {dagbag.py:541} INFO - Filling up the DagBag from /home/airflow/.local/lib/python3.7/site-packages/airflow/example_dags/example_sensors.py
[2023-07-09T19:30:42.375+0000] {processor.py:836} INFO - DAG(s) dict_keys(['example_sensors']) retrieved from /home/airflow/.local/lib/python3.7/site-packages/airflow/example_dags/example_sensors.py
[2023-07-09T19:30:42.403+0000] {logging_mixin.py:149} INFO - [2023-07-09T19:30:42.403+0000] {dag.py:2726} INFO - Sync 1 DAGs
[2023-07-09T19:30:42.428+0000] {logging_mixin.py:149} INFO - [2023-07-09T19:30:42.428+0000] {dag.py:3490} INFO - Setting next_dagrun for example_sensors to None, run_after=None
[2023-07-09T19:30:42.459+0000] {processor.py:179} INFO - Processing /home/airflow/.local/lib/python3.7/site-packages/airflow/example_dags/example_sensors.py took 0.099 seconds
[2023-07-09T19:31:12.622+0000] {processor.py:157} INFO - Started process (PID=3743) to work on /home/airflow/.local/lib/python3.7/site-packages/airflow/example_dags/example_sensors.py
[2023-07-09T19:31:12.624+0000] {processor.py:826} INFO - Processing file /home/airflow/.local/lib/python3.7/site-packages/airflow/example_dags/example_sensors.py for tasks to queue
[2023-07-09T19:31:12.625+0000] {logging_mixin.py:149} INFO - [2023-07-09T19:31:12.625+0000] {dagbag.py:541} INFO - Filling up the DagBag from /home/airflow/.local/lib/python3.7/site-packages/airflow/example_dags/example_sensors.py
[2023-07-09T19:31:12.634+0000] {processor.py:836} INFO - DAG(s) dict_keys(['example_sensors']) retrieved from /home/airflow/.local/lib/python3.7/site-packages/airflow/example_dags/example_sensors.py
[2023-07-09T19:31:12.662+0000] {logging_mixin.py:149} INFO - [2023-07-09T19:31:12.662+0000] {dag.py:2726} INFO - Sync 1 DAGs
[2023-07-09T19:31:12.686+0000] {logging_mixin.py:149} INFO - [2023-07-09T19:31:12.686+0000] {dag.py:3490} INFO - Setting next_dagrun for example_sensors to None, run_after=None
[2023-07-09T19:31:12.720+0000] {processor.py:179} INFO - Processing /home/airflow/.local/lib/python3.7/site-packages/airflow/example_dags/example_sensors.py took 0.101 seconds
[2023-07-09T19:31:43.133+0000] {processor.py:157} INFO - Started process (PID=3805) to work on /home/airflow/.local/lib/python3.7/site-packages/airflow/example_dags/example_sensors.py
[2023-07-09T19:31:43.134+0000] {processor.py:826} INFO - Processing file /home/airflow/.local/lib/python3.7/site-packages/airflow/example_dags/example_sensors.py for tasks to queue
[2023-07-09T19:31:43.135+0000] {logging_mixin.py:149} INFO - [2023-07-09T19:31:43.135+0000] {dagbag.py:541} INFO - Filling up the DagBag from /home/airflow/.local/lib/python3.7/site-packages/airflow/example_dags/example_sensors.py
[2023-07-09T19:31:43.147+0000] {processor.py:836} INFO - DAG(s) dict_keys(['example_sensors']) retrieved from /home/airflow/.local/lib/python3.7/site-packages/airflow/example_dags/example_sensors.py
[2023-07-09T19:31:43.177+0000] {logging_mixin.py:149} INFO - [2023-07-09T19:31:43.177+0000] {dag.py:2726} INFO - Sync 1 DAGs
[2023-07-09T19:31:43.202+0000] {logging_mixin.py:149} INFO - [2023-07-09T19:31:43.202+0000] {dag.py:3490} INFO - Setting next_dagrun for example_sensors to None, run_after=None
[2023-07-09T19:31:43.223+0000] {processor.py:179} INFO - Processing /home/airflow/.local/lib/python3.7/site-packages/airflow/example_dags/example_sensors.py took 0.093 seconds
[2023-07-09T19:32:13.438+0000] {processor.py:157} INFO - Started process (PID=3867) to work on /home/airflow/.local/lib/python3.7/site-packages/airflow/example_dags/example_sensors.py
[2023-07-09T19:32:13.439+0000] {processor.py:826} INFO - Processing file /home/airflow/.local/lib/python3.7/site-packages/airflow/example_dags/example_sensors.py for tasks to queue
[2023-07-09T19:32:13.440+0000] {logging_mixin.py:149} INFO - [2023-07-09T19:32:13.440+0000] {dagbag.py:541} INFO - Filling up the DagBag from /home/airflow/.local/lib/python3.7/site-packages/airflow/example_dags/example_sensors.py
[2023-07-09T19:32:13.449+0000] {processor.py:836} INFO - DAG(s) dict_keys(['example_sensors']) retrieved from /home/airflow/.local/lib/python3.7/site-packages/airflow/example_dags/example_sensors.py
[2023-07-09T19:32:13.477+0000] {logging_mixin.py:149} INFO - [2023-07-09T19:32:13.477+0000] {dag.py:2726} INFO - Sync 1 DAGs
[2023-07-09T19:32:13.507+0000] {logging_mixin.py:149} INFO - [2023-07-09T19:32:13.507+0000] {dag.py:3490} INFO - Setting next_dagrun for example_sensors to None, run_after=None
[2023-07-09T19:32:13.528+0000] {processor.py:179} INFO - Processing /home/airflow/.local/lib/python3.7/site-packages/airflow/example_dags/example_sensors.py took 0.093 seconds
[2023-07-09T19:32:43.599+0000] {processor.py:157} INFO - Started process (PID=3929) to work on /home/airflow/.local/lib/python3.7/site-packages/airflow/example_dags/example_sensors.py
[2023-07-09T19:32:43.600+0000] {processor.py:826} INFO - Processing file /home/airflow/.local/lib/python3.7/site-packages/airflow/example_dags/example_sensors.py for tasks to queue
[2023-07-09T19:32:43.600+0000] {logging_mixin.py:149} INFO - [2023-07-09T19:32:43.600+0000] {dagbag.py:541} INFO - Filling up the DagBag from /home/airflow/.local/lib/python3.7/site-packages/airflow/example_dags/example_sensors.py
[2023-07-09T19:32:43.610+0000] {processor.py:836} INFO - DAG(s) dict_keys(['example_sensors']) retrieved from /home/airflow/.local/lib/python3.7/site-packages/airflow/example_dags/example_sensors.py
[2023-07-09T19:32:43.637+0000] {logging_mixin.py:149} INFO - [2023-07-09T19:32:43.637+0000] {dag.py:2726} INFO - Sync 1 DAGs
[2023-07-09T19:32:43.658+0000] {logging_mixin.py:149} INFO - [2023-07-09T19:32:43.658+0000] {dag.py:3490} INFO - Setting next_dagrun for example_sensors to None, run_after=None
[2023-07-09T19:32:43.678+0000] {processor.py:179} INFO - Processing /home/airflow/.local/lib/python3.7/site-packages/airflow/example_dags/example_sensors.py took 0.083 seconds
[2023-07-09T19:33:14.241+0000] {processor.py:157} INFO - Started process (PID=3991) to work on /home/airflow/.local/lib/python3.7/site-packages/airflow/example_dags/example_sensors.py
[2023-07-09T19:33:14.242+0000] {processor.py:826} INFO - Processing file /home/airflow/.local/lib/python3.7/site-packages/airflow/example_dags/example_sensors.py for tasks to queue
[2023-07-09T19:33:14.243+0000] {logging_mixin.py:149} INFO - [2023-07-09T19:33:14.243+0000] {dagbag.py:541} INFO - Filling up the DagBag from /home/airflow/.local/lib/python3.7/site-packages/airflow/example_dags/example_sensors.py
[2023-07-09T19:33:14.252+0000] {processor.py:836} INFO - DAG(s) dict_keys(['example_sensors']) retrieved from /home/airflow/.local/lib/python3.7/site-packages/airflow/example_dags/example_sensors.py
[2023-07-09T19:33:14.279+0000] {logging_mixin.py:149} INFO - [2023-07-09T19:33:14.279+0000] {dag.py:2726} INFO - Sync 1 DAGs
[2023-07-09T19:33:14.303+0000] {logging_mixin.py:149} INFO - [2023-07-09T19:33:14.303+0000] {dag.py:3490} INFO - Setting next_dagrun for example_sensors to None, run_after=None
[2023-07-09T19:33:14.324+0000] {processor.py:179} INFO - Processing /home/airflow/.local/lib/python3.7/site-packages/airflow/example_dags/example_sensors.py took 0.086 seconds
[2023-07-09T19:33:44.407+0000] {processor.py:157} INFO - Started process (PID=4053) to work on /home/airflow/.local/lib/python3.7/site-packages/airflow/example_dags/example_sensors.py
[2023-07-09T19:33:44.408+0000] {processor.py:826} INFO - Processing file /home/airflow/.local/lib/python3.7/site-packages/airflow/example_dags/example_sensors.py for tasks to queue
[2023-07-09T19:33:44.408+0000] {logging_mixin.py:149} INFO - [2023-07-09T19:33:44.408+0000] {dagbag.py:541} INFO - Filling up the DagBag from /home/airflow/.local/lib/python3.7/site-packages/airflow/example_dags/example_sensors.py
[2023-07-09T19:33:44.417+0000] {processor.py:836} INFO - DAG(s) dict_keys(['example_sensors']) retrieved from /home/airflow/.local/lib/python3.7/site-packages/airflow/example_dags/example_sensors.py
[2023-07-09T19:33:44.444+0000] {logging_mixin.py:149} INFO - [2023-07-09T19:33:44.444+0000] {dag.py:2726} INFO - Sync 1 DAGs
[2023-07-09T19:33:44.469+0000] {logging_mixin.py:149} INFO - [2023-07-09T19:33:44.468+0000] {dag.py:3490} INFO - Setting next_dagrun for example_sensors to None, run_after=None
[2023-07-09T19:33:44.488+0000] {processor.py:179} INFO - Processing /home/airflow/.local/lib/python3.7/site-packages/airflow/example_dags/example_sensors.py took 0.084 seconds
[2023-07-09T19:34:14.676+0000] {processor.py:157} INFO - Started process (PID=4122) to work on /home/airflow/.local/lib/python3.7/site-packages/airflow/example_dags/example_sensors.py
[2023-07-09T19:34:14.677+0000] {processor.py:826} INFO - Processing file /home/airflow/.local/lib/python3.7/site-packages/airflow/example_dags/example_sensors.py for tasks to queue
[2023-07-09T19:34:14.678+0000] {logging_mixin.py:149} INFO - [2023-07-09T19:34:14.678+0000] {dagbag.py:541} INFO - Filling up the DagBag from /home/airflow/.local/lib/python3.7/site-packages/airflow/example_dags/example_sensors.py
[2023-07-09T19:34:14.686+0000] {processor.py:836} INFO - DAG(s) dict_keys(['example_sensors']) retrieved from /home/airflow/.local/lib/python3.7/site-packages/airflow/example_dags/example_sensors.py
[2023-07-09T19:34:14.717+0000] {logging_mixin.py:149} INFO - [2023-07-09T19:34:14.717+0000] {dag.py:2726} INFO - Sync 1 DAGs
[2023-07-09T19:34:14.740+0000] {logging_mixin.py:149} INFO - [2023-07-09T19:34:14.740+0000] {dag.py:3490} INFO - Setting next_dagrun for example_sensors to None, run_after=None
[2023-07-09T19:34:14.762+0000] {processor.py:179} INFO - Processing /home/airflow/.local/lib/python3.7/site-packages/airflow/example_dags/example_sensors.py took 0.089 seconds
[2023-07-09T19:34:45.390+0000] {processor.py:157} INFO - Started process (PID=4184) to work on /home/airflow/.local/lib/python3.7/site-packages/airflow/example_dags/example_sensors.py
[2023-07-09T19:34:45.391+0000] {processor.py:826} INFO - Processing file /home/airflow/.local/lib/python3.7/site-packages/airflow/example_dags/example_sensors.py for tasks to queue
[2023-07-09T19:34:45.392+0000] {logging_mixin.py:149} INFO - [2023-07-09T19:34:45.392+0000] {dagbag.py:541} INFO - Filling up the DagBag from /home/airflow/.local/lib/python3.7/site-packages/airflow/example_dags/example_sensors.py
[2023-07-09T19:34:45.401+0000] {processor.py:836} INFO - DAG(s) dict_keys(['example_sensors']) retrieved from /home/airflow/.local/lib/python3.7/site-packages/airflow/example_dags/example_sensors.py
[2023-07-09T19:34:45.429+0000] {logging_mixin.py:149} INFO - [2023-07-09T19:34:45.429+0000] {dag.py:2726} INFO - Sync 1 DAGs
[2023-07-09T19:34:45.453+0000] {logging_mixin.py:149} INFO - [2023-07-09T19:34:45.453+0000] {dag.py:3490} INFO - Setting next_dagrun for example_sensors to None, run_after=None
[2023-07-09T19:34:45.474+0000] {processor.py:179} INFO - Processing /home/airflow/.local/lib/python3.7/site-packages/airflow/example_dags/example_sensors.py took 0.087 seconds
[2023-07-09T19:35:15.597+0000] {processor.py:157} INFO - Started process (PID=4246) to work on /home/airflow/.local/lib/python3.7/site-packages/airflow/example_dags/example_sensors.py
[2023-07-09T19:35:15.598+0000] {processor.py:826} INFO - Processing file /home/airflow/.local/lib/python3.7/site-packages/airflow/example_dags/example_sensors.py for tasks to queue
[2023-07-09T19:35:15.599+0000] {logging_mixin.py:149} INFO - [2023-07-09T19:35:15.599+0000] {dagbag.py:541} INFO - Filling up the DagBag from /home/airflow/.local/lib/python3.7/site-packages/airflow/example_dags/example_sensors.py
[2023-07-09T19:35:15.608+0000] {processor.py:836} INFO - DAG(s) dict_keys(['example_sensors']) retrieved from /home/airflow/.local/lib/python3.7/site-packages/airflow/example_dags/example_sensors.py
[2023-07-09T19:35:15.643+0000] {logging_mixin.py:149} INFO - [2023-07-09T19:35:15.643+0000] {dag.py:2726} INFO - Sync 1 DAGs
[2023-07-09T19:35:15.667+0000] {logging_mixin.py:149} INFO - [2023-07-09T19:35:15.667+0000] {dag.py:3490} INFO - Setting next_dagrun for example_sensors to None, run_after=None
[2023-07-09T19:35:15.688+0000] {processor.py:179} INFO - Processing /home/airflow/.local/lib/python3.7/site-packages/airflow/example_dags/example_sensors.py took 0.094 seconds
[2023-07-09T19:35:45.892+0000] {processor.py:157} INFO - Started process (PID=4308) to work on /home/airflow/.local/lib/python3.7/site-packages/airflow/example_dags/example_sensors.py
[2023-07-09T19:35:45.893+0000] {processor.py:826} INFO - Processing file /home/airflow/.local/lib/python3.7/site-packages/airflow/example_dags/example_sensors.py for tasks to queue
[2023-07-09T19:35:45.895+0000] {logging_mixin.py:149} INFO - [2023-07-09T19:35:45.894+0000] {dagbag.py:541} INFO - Filling up the DagBag from /home/airflow/.local/lib/python3.7/site-packages/airflow/example_dags/example_sensors.py
[2023-07-09T19:35:45.904+0000] {processor.py:836} INFO - DAG(s) dict_keys(['example_sensors']) retrieved from /home/airflow/.local/lib/python3.7/site-packages/airflow/example_dags/example_sensors.py
[2023-07-09T19:35:45.932+0000] {logging_mixin.py:149} INFO - [2023-07-09T19:35:45.932+0000] {dag.py:2726} INFO - Sync 1 DAGs
[2023-07-09T19:35:45.957+0000] {logging_mixin.py:149} INFO - [2023-07-09T19:35:45.957+0000] {dag.py:3490} INFO - Setting next_dagrun for example_sensors to None, run_after=None
[2023-07-09T19:35:45.978+0000] {processor.py:179} INFO - Processing /home/airflow/.local/lib/python3.7/site-packages/airflow/example_dags/example_sensors.py took 0.089 seconds
[2023-07-09T19:36:16.959+0000] {processor.py:157} INFO - Started process (PID=4370) to work on /home/airflow/.local/lib/python3.7/site-packages/airflow/example_dags/example_sensors.py
[2023-07-09T19:36:16.960+0000] {processor.py:826} INFO - Processing file /home/airflow/.local/lib/python3.7/site-packages/airflow/example_dags/example_sensors.py for tasks to queue
[2023-07-09T19:36:16.960+0000] {logging_mixin.py:149} INFO - [2023-07-09T19:36:16.960+0000] {dagbag.py:541} INFO - Filling up the DagBag from /home/airflow/.local/lib/python3.7/site-packages/airflow/example_dags/example_sensors.py
[2023-07-09T19:36:16.970+0000] {processor.py:836} INFO - DAG(s) dict_keys(['example_sensors']) retrieved from /home/airflow/.local/lib/python3.7/site-packages/airflow/example_dags/example_sensors.py
[2023-07-09T19:36:16.996+0000] {logging_mixin.py:149} INFO - [2023-07-09T19:36:16.996+0000] {dag.py:2726} INFO - Sync 1 DAGs
[2023-07-09T19:36:17.020+0000] {logging_mixin.py:149} INFO - [2023-07-09T19:36:17.019+0000] {dag.py:3490} INFO - Setting next_dagrun for example_sensors to None, run_after=None
[2023-07-09T19:36:17.041+0000] {processor.py:179} INFO - Processing /home/airflow/.local/lib/python3.7/site-packages/airflow/example_dags/example_sensors.py took 0.085 seconds
[2023-07-09T19:36:47.461+0000] {processor.py:157} INFO - Started process (PID=4432) to work on /home/airflow/.local/lib/python3.7/site-packages/airflow/example_dags/example_sensors.py
[2023-07-09T19:36:47.462+0000] {processor.py:826} INFO - Processing file /home/airflow/.local/lib/python3.7/site-packages/airflow/example_dags/example_sensors.py for tasks to queue
[2023-07-09T19:36:47.463+0000] {logging_mixin.py:149} INFO - [2023-07-09T19:36:47.463+0000] {dagbag.py:541} INFO - Filling up the DagBag from /home/airflow/.local/lib/python3.7/site-packages/airflow/example_dags/example_sensors.py
[2023-07-09T19:36:47.472+0000] {processor.py:836} INFO - DAG(s) dict_keys(['example_sensors']) retrieved from /home/airflow/.local/lib/python3.7/site-packages/airflow/example_dags/example_sensors.py
[2023-07-09T19:36:47.500+0000] {logging_mixin.py:149} INFO - [2023-07-09T19:36:47.500+0000] {dag.py:2726} INFO - Sync 1 DAGs
[2023-07-09T19:36:47.525+0000] {logging_mixin.py:149} INFO - [2023-07-09T19:36:47.524+0000] {dag.py:3490} INFO - Setting next_dagrun for example_sensors to None, run_after=None
[2023-07-09T19:36:47.546+0000] {processor.py:179} INFO - Processing /home/airflow/.local/lib/python3.7/site-packages/airflow/example_dags/example_sensors.py took 0.088 seconds
[2023-07-09T19:37:17.654+0000] {processor.py:157} INFO - Started process (PID=4494) to work on /home/airflow/.local/lib/python3.7/site-packages/airflow/example_dags/example_sensors.py
[2023-07-09T19:37:17.656+0000] {processor.py:826} INFO - Processing file /home/airflow/.local/lib/python3.7/site-packages/airflow/example_dags/example_sensors.py for tasks to queue
[2023-07-09T19:37:17.657+0000] {logging_mixin.py:149} INFO - [2023-07-09T19:37:17.656+0000] {dagbag.py:541} INFO - Filling up the DagBag from /home/airflow/.local/lib/python3.7/site-packages/airflow/example_dags/example_sensors.py
[2023-07-09T19:37:17.667+0000] {processor.py:836} INFO - DAG(s) dict_keys(['example_sensors']) retrieved from /home/airflow/.local/lib/python3.7/site-packages/airflow/example_dags/example_sensors.py
[2023-07-09T19:37:17.696+0000] {logging_mixin.py:149} INFO - [2023-07-09T19:37:17.696+0000] {dag.py:2726} INFO - Sync 1 DAGs
[2023-07-09T19:37:17.723+0000] {logging_mixin.py:149} INFO - [2023-07-09T19:37:17.722+0000] {dag.py:3490} INFO - Setting next_dagrun for example_sensors to None, run_after=None
[2023-07-09T19:37:17.747+0000] {processor.py:179} INFO - Processing /home/airflow/.local/lib/python3.7/site-packages/airflow/example_dags/example_sensors.py took 0.096 seconds
[2023-07-09T19:37:47.995+0000] {processor.py:157} INFO - Started process (PID=4556) to work on /home/airflow/.local/lib/python3.7/site-packages/airflow/example_dags/example_sensors.py
[2023-07-09T19:37:47.996+0000] {processor.py:826} INFO - Processing file /home/airflow/.local/lib/python3.7/site-packages/airflow/example_dags/example_sensors.py for tasks to queue
[2023-07-09T19:37:47.997+0000] {logging_mixin.py:149} INFO - [2023-07-09T19:37:47.997+0000] {dagbag.py:541} INFO - Filling up the DagBag from /home/airflow/.local/lib/python3.7/site-packages/airflow/example_dags/example_sensors.py
[2023-07-09T19:37:48.009+0000] {processor.py:836} INFO - DAG(s) dict_keys(['example_sensors']) retrieved from /home/airflow/.local/lib/python3.7/site-packages/airflow/example_dags/example_sensors.py
[2023-07-09T19:37:48.038+0000] {logging_mixin.py:149} INFO - [2023-07-09T19:37:48.037+0000] {dag.py:2726} INFO - Sync 1 DAGs
[2023-07-09T19:37:48.065+0000] {logging_mixin.py:149} INFO - [2023-07-09T19:37:48.065+0000] {dag.py:3490} INFO - Setting next_dagrun for example_sensors to None, run_after=None
[2023-07-09T19:37:48.089+0000] {processor.py:179} INFO - Processing /home/airflow/.local/lib/python3.7/site-packages/airflow/example_dags/example_sensors.py took 0.098 seconds
[2023-07-09T19:38:18.314+0000] {processor.py:157} INFO - Started process (PID=4618) to work on /home/airflow/.local/lib/python3.7/site-packages/airflow/example_dags/example_sensors.py
[2023-07-09T19:38:18.315+0000] {processor.py:826} INFO - Processing file /home/airflow/.local/lib/python3.7/site-packages/airflow/example_dags/example_sensors.py for tasks to queue
[2023-07-09T19:38:18.316+0000] {logging_mixin.py:149} INFO - [2023-07-09T19:38:18.316+0000] {dagbag.py:541} INFO - Filling up the DagBag from /home/airflow/.local/lib/python3.7/site-packages/airflow/example_dags/example_sensors.py
[2023-07-09T19:38:18.326+0000] {processor.py:836} INFO - DAG(s) dict_keys(['example_sensors']) retrieved from /home/airflow/.local/lib/python3.7/site-packages/airflow/example_dags/example_sensors.py
[2023-07-09T19:38:18.361+0000] {logging_mixin.py:149} INFO - [2023-07-09T19:38:18.360+0000] {dag.py:2726} INFO - Sync 1 DAGs
[2023-07-09T19:38:18.389+0000] {logging_mixin.py:149} INFO - [2023-07-09T19:38:18.389+0000] {dag.py:3490} INFO - Setting next_dagrun for example_sensors to None, run_after=None
[2023-07-09T19:38:18.415+0000] {processor.py:179} INFO - Processing /home/airflow/.local/lib/python3.7/site-packages/airflow/example_dags/example_sensors.py took 0.104 seconds
[2023-07-09T19:38:48.621+0000] {processor.py:157} INFO - Started process (PID=4681) to work on /home/airflow/.local/lib/python3.7/site-packages/airflow/example_dags/example_sensors.py
[2023-07-09T19:38:48.622+0000] {processor.py:826} INFO - Processing file /home/airflow/.local/lib/python3.7/site-packages/airflow/example_dags/example_sensors.py for tasks to queue
[2023-07-09T19:38:48.623+0000] {logging_mixin.py:149} INFO - [2023-07-09T19:38:48.622+0000] {dagbag.py:541} INFO - Filling up the DagBag from /home/airflow/.local/lib/python3.7/site-packages/airflow/example_dags/example_sensors.py
[2023-07-09T19:38:48.632+0000] {processor.py:836} INFO - DAG(s) dict_keys(['example_sensors']) retrieved from /home/airflow/.local/lib/python3.7/site-packages/airflow/example_dags/example_sensors.py
[2023-07-09T19:38:48.658+0000] {logging_mixin.py:149} INFO - [2023-07-09T19:38:48.658+0000] {dag.py:2726} INFO - Sync 1 DAGs
[2023-07-09T19:38:48.683+0000] {logging_mixin.py:149} INFO - [2023-07-09T19:38:48.683+0000] {dag.py:3490} INFO - Setting next_dagrun for example_sensors to None, run_after=None
[2023-07-09T19:38:48.702+0000] {processor.py:179} INFO - Processing /home/airflow/.local/lib/python3.7/site-packages/airflow/example_dags/example_sensors.py took 0.084 seconds
[2023-07-09T19:39:19.034+0000] {processor.py:157} INFO - Started process (PID=4742) to work on /home/airflow/.local/lib/python3.7/site-packages/airflow/example_dags/example_sensors.py
[2023-07-09T19:39:19.036+0000] {processor.py:826} INFO - Processing file /home/airflow/.local/lib/python3.7/site-packages/airflow/example_dags/example_sensors.py for tasks to queue
[2023-07-09T19:39:19.038+0000] {logging_mixin.py:149} INFO - [2023-07-09T19:39:19.038+0000] {dagbag.py:541} INFO - Filling up the DagBag from /home/airflow/.local/lib/python3.7/site-packages/airflow/example_dags/example_sensors.py
[2023-07-09T19:39:19.057+0000] {processor.py:836} INFO - DAG(s) dict_keys(['example_sensors']) retrieved from /home/airflow/.local/lib/python3.7/site-packages/airflow/example_dags/example_sensors.py
[2023-07-09T19:39:19.103+0000] {logging_mixin.py:149} INFO - [2023-07-09T19:39:19.103+0000] {dag.py:2726} INFO - Sync 1 DAGs
[2023-07-09T19:39:19.134+0000] {logging_mixin.py:149} INFO - [2023-07-09T19:39:19.134+0000] {dag.py:3490} INFO - Setting next_dagrun for example_sensors to None, run_after=None
[2023-07-09T19:39:19.157+0000] {processor.py:179} INFO - Processing /home/airflow/.local/lib/python3.7/site-packages/airflow/example_dags/example_sensors.py took 0.130 seconds
[2023-07-09T19:39:49.389+0000] {processor.py:157} INFO - Started process (PID=4804) to work on /home/airflow/.local/lib/python3.7/site-packages/airflow/example_dags/example_sensors.py
[2023-07-09T19:39:49.390+0000] {processor.py:826} INFO - Processing file /home/airflow/.local/lib/python3.7/site-packages/airflow/example_dags/example_sensors.py for tasks to queue
[2023-07-09T19:39:49.392+0000] {logging_mixin.py:149} INFO - [2023-07-09T19:39:49.391+0000] {dagbag.py:541} INFO - Filling up the DagBag from /home/airflow/.local/lib/python3.7/site-packages/airflow/example_dags/example_sensors.py
[2023-07-09T19:39:49.403+0000] {processor.py:836} INFO - DAG(s) dict_keys(['example_sensors']) retrieved from /home/airflow/.local/lib/python3.7/site-packages/airflow/example_dags/example_sensors.py
[2023-07-09T19:39:49.434+0000] {logging_mixin.py:149} INFO - [2023-07-09T19:39:49.433+0000] {dag.py:2726} INFO - Sync 1 DAGs
[2023-07-09T19:39:49.462+0000] {logging_mixin.py:149} INFO - [2023-07-09T19:39:49.461+0000] {dag.py:3490} INFO - Setting next_dagrun for example_sensors to None, run_after=None
[2023-07-09T19:39:49.487+0000] {processor.py:179} INFO - Processing /home/airflow/.local/lib/python3.7/site-packages/airflow/example_dags/example_sensors.py took 0.101 seconds
[2023-07-09T19:40:19.792+0000] {processor.py:157} INFO - Started process (PID=4866) to work on /home/airflow/.local/lib/python3.7/site-packages/airflow/example_dags/example_sensors.py
[2023-07-09T19:40:19.793+0000] {processor.py:826} INFO - Processing file /home/airflow/.local/lib/python3.7/site-packages/airflow/example_dags/example_sensors.py for tasks to queue
[2023-07-09T19:40:19.794+0000] {logging_mixin.py:149} INFO - [2023-07-09T19:40:19.794+0000] {dagbag.py:541} INFO - Filling up the DagBag from /home/airflow/.local/lib/python3.7/site-packages/airflow/example_dags/example_sensors.py
[2023-07-09T19:40:19.803+0000] {processor.py:836} INFO - DAG(s) dict_keys(['example_sensors']) retrieved from /home/airflow/.local/lib/python3.7/site-packages/airflow/example_dags/example_sensors.py
[2023-07-09T19:40:19.833+0000] {logging_mixin.py:149} INFO - [2023-07-09T19:40:19.833+0000] {dag.py:2726} INFO - Sync 1 DAGs
[2023-07-09T19:40:19.857+0000] {logging_mixin.py:149} INFO - [2023-07-09T19:40:19.857+0000] {dag.py:3490} INFO - Setting next_dagrun for example_sensors to None, run_after=None
[2023-07-09T19:40:19.877+0000] {processor.py:179} INFO - Processing /home/airflow/.local/lib/python3.7/site-packages/airflow/example_dags/example_sensors.py took 0.089 seconds
[2023-07-09T19:40:50.131+0000] {processor.py:157} INFO - Started process (PID=4928) to work on /home/airflow/.local/lib/python3.7/site-packages/airflow/example_dags/example_sensors.py
[2023-07-09T19:40:50.132+0000] {processor.py:826} INFO - Processing file /home/airflow/.local/lib/python3.7/site-packages/airflow/example_dags/example_sensors.py for tasks to queue
[2023-07-09T19:40:50.133+0000] {logging_mixin.py:149} INFO - [2023-07-09T19:40:50.133+0000] {dagbag.py:541} INFO - Filling up the DagBag from /home/airflow/.local/lib/python3.7/site-packages/airflow/example_dags/example_sensors.py
[2023-07-09T19:40:50.142+0000] {processor.py:836} INFO - DAG(s) dict_keys(['example_sensors']) retrieved from /home/airflow/.local/lib/python3.7/site-packages/airflow/example_dags/example_sensors.py
[2023-07-09T19:40:50.170+0000] {logging_mixin.py:149} INFO - [2023-07-09T19:40:50.170+0000] {dag.py:2726} INFO - Sync 1 DAGs
[2023-07-09T19:40:50.194+0000] {logging_mixin.py:149} INFO - [2023-07-09T19:40:50.194+0000] {dag.py:3490} INFO - Setting next_dagrun for example_sensors to None, run_after=None
[2023-07-09T19:40:50.215+0000] {processor.py:179} INFO - Processing /home/airflow/.local/lib/python3.7/site-packages/airflow/example_dags/example_sensors.py took 0.087 seconds
[2023-07-09T19:41:20.457+0000] {processor.py:157} INFO - Started process (PID=4990) to work on /home/airflow/.local/lib/python3.7/site-packages/airflow/example_dags/example_sensors.py
[2023-07-09T19:41:20.458+0000] {processor.py:826} INFO - Processing file /home/airflow/.local/lib/python3.7/site-packages/airflow/example_dags/example_sensors.py for tasks to queue
[2023-07-09T19:41:20.460+0000] {logging_mixin.py:149} INFO - [2023-07-09T19:41:20.459+0000] {dagbag.py:541} INFO - Filling up the DagBag from /home/airflow/.local/lib/python3.7/site-packages/airflow/example_dags/example_sensors.py
[2023-07-09T19:41:20.474+0000] {processor.py:836} INFO - DAG(s) dict_keys(['example_sensors']) retrieved from /home/airflow/.local/lib/python3.7/site-packages/airflow/example_dags/example_sensors.py
[2023-07-09T19:41:20.510+0000] {logging_mixin.py:149} INFO - [2023-07-09T19:41:20.510+0000] {dag.py:2726} INFO - Sync 1 DAGs
[2023-07-09T19:41:20.543+0000] {logging_mixin.py:149} INFO - [2023-07-09T19:41:20.543+0000] {dag.py:3490} INFO - Setting next_dagrun for example_sensors to None, run_after=None
[2023-07-09T19:41:20.568+0000] {processor.py:179} INFO - Processing /home/airflow/.local/lib/python3.7/site-packages/airflow/example_dags/example_sensors.py took 0.115 seconds
[2023-07-09T23:59:29.246+0000] {processor.py:157} INFO - Started process (PID=5016) to work on /home/airflow/.local/lib/python3.7/site-packages/airflow/example_dags/example_sensors.py
[2023-07-09T23:59:29.248+0000] {processor.py:826} INFO - Processing file /home/airflow/.local/lib/python3.7/site-packages/airflow/example_dags/example_sensors.py for tasks to queue
[2023-07-09T23:59:29.249+0000] {logging_mixin.py:149} INFO - [2023-07-09T23:59:29.249+0000] {dagbag.py:541} INFO - Filling up the DagBag from /home/airflow/.local/lib/python3.7/site-packages/airflow/example_dags/example_sensors.py
[2023-07-09T23:59:29.263+0000] {processor.py:836} INFO - DAG(s) dict_keys(['example_sensors']) retrieved from /home/airflow/.local/lib/python3.7/site-packages/airflow/example_dags/example_sensors.py
[2023-07-09T23:59:29.305+0000] {logging_mixin.py:149} INFO - [2023-07-09T23:59:29.305+0000] {dag.py:2726} INFO - Sync 1 DAGs
[2023-07-09T23:59:29.336+0000] {logging_mixin.py:149} INFO - [2023-07-09T23:59:29.336+0000] {dag.py:3490} INFO - Setting next_dagrun for example_sensors to None, run_after=None
[2023-07-09T23:59:29.375+0000] {processor.py:179} INFO - Processing /home/airflow/.local/lib/python3.7/site-packages/airflow/example_dags/example_sensors.py took 0.133 seconds
