[2023-07-09T19:06:51.895+0000] {processor.py:157} INFO - Started process (PID=800) to work on /home/airflow/.local/lib/python3.7/site-packages/airflow/example_dags/example_python_operator.py
[2023-07-09T19:06:51.896+0000] {processor.py:826} INFO - Processing file /home/airflow/.local/lib/python3.7/site-packages/airflow/example_dags/example_python_operator.py for tasks to queue
[2023-07-09T19:06:51.897+0000] {logging_mixin.py:149} INFO - [2023-07-09T19:06:51.897+0000] {dagbag.py:541} INFO - Filling up the DagBag from /home/airflow/.local/lib/python3.7/site-packages/airflow/example_dags/example_python_operator.py
[2023-07-09T19:06:51.907+0000] {processor.py:836} INFO - DAG(s) dict_keys(['example_python_operator']) retrieved from /home/airflow/.local/lib/python3.7/site-packages/airflow/example_dags/example_python_operator.py
[2023-07-09T19:06:51.935+0000] {logging_mixin.py:149} INFO - [2023-07-09T19:06:51.935+0000] {dag.py:2726} INFO - Sync 1 DAGs
[2023-07-09T19:06:51.958+0000] {logging_mixin.py:149} INFO - [2023-07-09T19:06:51.958+0000] {dag.py:3490} INFO - Setting next_dagrun for example_python_operator to None, run_after=None
[2023-07-09T19:06:51.979+0000] {processor.py:179} INFO - Processing /home/airflow/.local/lib/python3.7/site-packages/airflow/example_dags/example_python_operator.py took 0.088 seconds
[2023-07-09T19:07:22.242+0000] {processor.py:157} INFO - Started process (PID=861) to work on /home/airflow/.local/lib/python3.7/site-packages/airflow/example_dags/example_python_operator.py
[2023-07-09T19:07:22.243+0000] {processor.py:826} INFO - Processing file /home/airflow/.local/lib/python3.7/site-packages/airflow/example_dags/example_python_operator.py for tasks to queue
[2023-07-09T19:07:22.244+0000] {logging_mixin.py:149} INFO - [2023-07-09T19:07:22.244+0000] {dagbag.py:541} INFO - Filling up the DagBag from /home/airflow/.local/lib/python3.7/site-packages/airflow/example_dags/example_python_operator.py
[2023-07-09T19:07:22.254+0000] {processor.py:836} INFO - DAG(s) dict_keys(['example_python_operator']) retrieved from /home/airflow/.local/lib/python3.7/site-packages/airflow/example_dags/example_python_operator.py
[2023-07-09T19:07:22.280+0000] {logging_mixin.py:149} INFO - [2023-07-09T19:07:22.280+0000] {dag.py:2726} INFO - Sync 1 DAGs
[2023-07-09T19:07:22.303+0000] {logging_mixin.py:149} INFO - [2023-07-09T19:07:22.303+0000] {dag.py:3490} INFO - Setting next_dagrun for example_python_operator to None, run_after=None
[2023-07-09T19:07:22.321+0000] {processor.py:179} INFO - Processing /home/airflow/.local/lib/python3.7/site-packages/airflow/example_dags/example_python_operator.py took 0.081 seconds
[2023-07-09T19:07:52.725+0000] {processor.py:157} INFO - Started process (PID=922) to work on /home/airflow/.local/lib/python3.7/site-packages/airflow/example_dags/example_python_operator.py
[2023-07-09T19:07:52.726+0000] {processor.py:826} INFO - Processing file /home/airflow/.local/lib/python3.7/site-packages/airflow/example_dags/example_python_operator.py for tasks to queue
[2023-07-09T19:07:52.728+0000] {logging_mixin.py:149} INFO - [2023-07-09T19:07:52.727+0000] {dagbag.py:541} INFO - Filling up the DagBag from /home/airflow/.local/lib/python3.7/site-packages/airflow/example_dags/example_python_operator.py
[2023-07-09T19:07:52.737+0000] {processor.py:836} INFO - DAG(s) dict_keys(['example_python_operator']) retrieved from /home/airflow/.local/lib/python3.7/site-packages/airflow/example_dags/example_python_operator.py
[2023-07-09T19:07:52.767+0000] {logging_mixin.py:149} INFO - [2023-07-09T19:07:52.767+0000] {dag.py:2726} INFO - Sync 1 DAGs
[2023-07-09T19:07:52.794+0000] {logging_mixin.py:149} INFO - [2023-07-09T19:07:52.794+0000] {dag.py:3490} INFO - Setting next_dagrun for example_python_operator to None, run_after=None
[2023-07-09T19:07:52.819+0000] {processor.py:179} INFO - Processing /home/airflow/.local/lib/python3.7/site-packages/airflow/example_dags/example_python_operator.py took 0.097 seconds
[2023-07-09T19:08:22.875+0000] {processor.py:157} INFO - Started process (PID=983) to work on /home/airflow/.local/lib/python3.7/site-packages/airflow/example_dags/example_python_operator.py
[2023-07-09T19:08:22.876+0000] {processor.py:826} INFO - Processing file /home/airflow/.local/lib/python3.7/site-packages/airflow/example_dags/example_python_operator.py for tasks to queue
[2023-07-09T19:08:22.877+0000] {logging_mixin.py:149} INFO - [2023-07-09T19:08:22.876+0000] {dagbag.py:541} INFO - Filling up the DagBag from /home/airflow/.local/lib/python3.7/site-packages/airflow/example_dags/example_python_operator.py
[2023-07-09T19:08:22.886+0000] {processor.py:836} INFO - DAG(s) dict_keys(['example_python_operator']) retrieved from /home/airflow/.local/lib/python3.7/site-packages/airflow/example_dags/example_python_operator.py
[2023-07-09T19:08:22.900+0000] {logging_mixin.py:149} INFO - [2023-07-09T19:08:22.899+0000] {dag.py:2726} INFO - Sync 1 DAGs
[2023-07-09T19:08:22.924+0000] {logging_mixin.py:149} INFO - [2023-07-09T19:08:22.923+0000] {dag.py:3490} INFO - Setting next_dagrun for example_python_operator to None, run_after=None
[2023-07-09T19:08:22.947+0000] {processor.py:179} INFO - Processing /home/airflow/.local/lib/python3.7/site-packages/airflow/example_dags/example_python_operator.py took 0.075 seconds
[2023-07-09T19:08:53.301+0000] {processor.py:157} INFO - Started process (PID=1044) to work on /home/airflow/.local/lib/python3.7/site-packages/airflow/example_dags/example_python_operator.py
[2023-07-09T19:08:53.302+0000] {processor.py:826} INFO - Processing file /home/airflow/.local/lib/python3.7/site-packages/airflow/example_dags/example_python_operator.py for tasks to queue
[2023-07-09T19:08:53.303+0000] {logging_mixin.py:149} INFO - [2023-07-09T19:08:53.303+0000] {dagbag.py:541} INFO - Filling up the DagBag from /home/airflow/.local/lib/python3.7/site-packages/airflow/example_dags/example_python_operator.py
[2023-07-09T19:08:53.313+0000] {processor.py:836} INFO - DAG(s) dict_keys(['example_python_operator']) retrieved from /home/airflow/.local/lib/python3.7/site-packages/airflow/example_dags/example_python_operator.py
[2023-07-09T19:08:53.437+0000] {logging_mixin.py:149} INFO - [2023-07-09T19:08:53.437+0000] {dag.py:2726} INFO - Sync 1 DAGs
[2023-07-09T19:08:53.459+0000] {logging_mixin.py:149} INFO - [2023-07-09T19:08:53.459+0000] {dag.py:3490} INFO - Setting next_dagrun for example_python_operator to None, run_after=None
[2023-07-09T19:08:53.481+0000] {processor.py:179} INFO - Processing /home/airflow/.local/lib/python3.7/site-packages/airflow/example_dags/example_python_operator.py took 0.184 seconds
[2023-07-09T19:09:24.195+0000] {processor.py:157} INFO - Started process (PID=1105) to work on /home/airflow/.local/lib/python3.7/site-packages/airflow/example_dags/example_python_operator.py
[2023-07-09T19:09:24.196+0000] {processor.py:826} INFO - Processing file /home/airflow/.local/lib/python3.7/site-packages/airflow/example_dags/example_python_operator.py for tasks to queue
[2023-07-09T19:09:24.197+0000] {logging_mixin.py:149} INFO - [2023-07-09T19:09:24.196+0000] {dagbag.py:541} INFO - Filling up the DagBag from /home/airflow/.local/lib/python3.7/site-packages/airflow/example_dags/example_python_operator.py
[2023-07-09T19:09:24.208+0000] {processor.py:836} INFO - DAG(s) dict_keys(['example_python_operator']) retrieved from /home/airflow/.local/lib/python3.7/site-packages/airflow/example_dags/example_python_operator.py
[2023-07-09T19:09:24.222+0000] {logging_mixin.py:149} INFO - [2023-07-09T19:09:24.222+0000] {dag.py:2726} INFO - Sync 1 DAGs
[2023-07-09T19:09:24.248+0000] {logging_mixin.py:149} INFO - [2023-07-09T19:09:24.248+0000] {dag.py:3490} INFO - Setting next_dagrun for example_python_operator to None, run_after=None
[2023-07-09T19:09:24.272+0000] {processor.py:179} INFO - Processing /home/airflow/.local/lib/python3.7/site-packages/airflow/example_dags/example_python_operator.py took 0.080 seconds
[2023-07-09T19:09:54.508+0000] {processor.py:157} INFO - Started process (PID=1166) to work on /home/airflow/.local/lib/python3.7/site-packages/airflow/example_dags/example_python_operator.py
[2023-07-09T19:09:54.509+0000] {processor.py:826} INFO - Processing file /home/airflow/.local/lib/python3.7/site-packages/airflow/example_dags/example_python_operator.py for tasks to queue
[2023-07-09T19:09:54.510+0000] {logging_mixin.py:149} INFO - [2023-07-09T19:09:54.510+0000] {dagbag.py:541} INFO - Filling up the DagBag from /home/airflow/.local/lib/python3.7/site-packages/airflow/example_dags/example_python_operator.py
[2023-07-09T19:09:54.519+0000] {processor.py:836} INFO - DAG(s) dict_keys(['example_python_operator']) retrieved from /home/airflow/.local/lib/python3.7/site-packages/airflow/example_dags/example_python_operator.py
[2023-07-09T19:09:54.633+0000] {logging_mixin.py:149} INFO - [2023-07-09T19:09:54.633+0000] {dag.py:2726} INFO - Sync 1 DAGs
[2023-07-09T19:09:54.653+0000] {logging_mixin.py:149} INFO - [2023-07-09T19:09:54.653+0000] {dag.py:3490} INFO - Setting next_dagrun for example_python_operator to None, run_after=None
[2023-07-09T19:09:54.673+0000] {processor.py:179} INFO - Processing /home/airflow/.local/lib/python3.7/site-packages/airflow/example_dags/example_python_operator.py took 0.168 seconds
[2023-07-09T19:10:24.756+0000] {processor.py:157} INFO - Started process (PID=1228) to work on /home/airflow/.local/lib/python3.7/site-packages/airflow/example_dags/example_python_operator.py
[2023-07-09T19:10:24.757+0000] {processor.py:826} INFO - Processing file /home/airflow/.local/lib/python3.7/site-packages/airflow/example_dags/example_python_operator.py for tasks to queue
[2023-07-09T19:10:24.758+0000] {logging_mixin.py:149} INFO - [2023-07-09T19:10:24.758+0000] {dagbag.py:541} INFO - Filling up the DagBag from /home/airflow/.local/lib/python3.7/site-packages/airflow/example_dags/example_python_operator.py
[2023-07-09T19:10:24.767+0000] {processor.py:836} INFO - DAG(s) dict_keys(['example_python_operator']) retrieved from /home/airflow/.local/lib/python3.7/site-packages/airflow/example_dags/example_python_operator.py
[2023-07-09T19:10:24.793+0000] {logging_mixin.py:149} INFO - [2023-07-09T19:10:24.792+0000] {dag.py:2726} INFO - Sync 1 DAGs
[2023-07-09T19:10:24.815+0000] {logging_mixin.py:149} INFO - [2023-07-09T19:10:24.815+0000] {dag.py:3490} INFO - Setting next_dagrun for example_python_operator to None, run_after=None
[2023-07-09T19:10:24.836+0000] {processor.py:179} INFO - Processing /home/airflow/.local/lib/python3.7/site-packages/airflow/example_dags/example_python_operator.py took 0.083 seconds
[2023-07-09T19:10:56.181+0000] {processor.py:157} INFO - Started process (PID=1288) to work on /home/airflow/.local/lib/python3.7/site-packages/airflow/example_dags/example_python_operator.py
[2023-07-09T19:10:56.182+0000] {processor.py:826} INFO - Processing file /home/airflow/.local/lib/python3.7/site-packages/airflow/example_dags/example_python_operator.py for tasks to queue
[2023-07-09T19:10:56.183+0000] {logging_mixin.py:149} INFO - [2023-07-09T19:10:56.183+0000] {dagbag.py:541} INFO - Filling up the DagBag from /home/airflow/.local/lib/python3.7/site-packages/airflow/example_dags/example_python_operator.py
[2023-07-09T19:10:56.193+0000] {processor.py:836} INFO - DAG(s) dict_keys(['example_python_operator']) retrieved from /home/airflow/.local/lib/python3.7/site-packages/airflow/example_dags/example_python_operator.py
[2023-07-09T19:10:56.219+0000] {logging_mixin.py:149} INFO - [2023-07-09T19:10:56.218+0000] {dag.py:2726} INFO - Sync 1 DAGs
[2023-07-09T19:10:56.242+0000] {logging_mixin.py:149} INFO - [2023-07-09T19:10:56.242+0000] {dag.py:3490} INFO - Setting next_dagrun for example_python_operator to None, run_after=None
[2023-07-09T19:10:56.264+0000] {processor.py:179} INFO - Processing /home/airflow/.local/lib/python3.7/site-packages/airflow/example_dags/example_python_operator.py took 0.086 seconds
[2023-07-09T19:11:26.508+0000] {processor.py:157} INFO - Started process (PID=1349) to work on /home/airflow/.local/lib/python3.7/site-packages/airflow/example_dags/example_python_operator.py
[2023-07-09T19:11:26.509+0000] {processor.py:826} INFO - Processing file /home/airflow/.local/lib/python3.7/site-packages/airflow/example_dags/example_python_operator.py for tasks to queue
[2023-07-09T19:11:26.510+0000] {logging_mixin.py:149} INFO - [2023-07-09T19:11:26.509+0000] {dagbag.py:541} INFO - Filling up the DagBag from /home/airflow/.local/lib/python3.7/site-packages/airflow/example_dags/example_python_operator.py
[2023-07-09T19:11:26.522+0000] {processor.py:836} INFO - DAG(s) dict_keys(['example_python_operator']) retrieved from /home/airflow/.local/lib/python3.7/site-packages/airflow/example_dags/example_python_operator.py
[2023-07-09T19:11:26.553+0000] {logging_mixin.py:149} INFO - [2023-07-09T19:11:26.552+0000] {dag.py:2726} INFO - Sync 1 DAGs
[2023-07-09T19:11:26.582+0000] {logging_mixin.py:149} INFO - [2023-07-09T19:11:26.582+0000] {dag.py:3490} INFO - Setting next_dagrun for example_python_operator to None, run_after=None
[2023-07-09T19:11:26.607+0000] {processor.py:179} INFO - Processing /home/airflow/.local/lib/python3.7/site-packages/airflow/example_dags/example_python_operator.py took 0.104 seconds
[2023-07-09T19:11:56.784+0000] {processor.py:157} INFO - Started process (PID=1410) to work on /home/airflow/.local/lib/python3.7/site-packages/airflow/example_dags/example_python_operator.py
[2023-07-09T19:11:56.786+0000] {processor.py:826} INFO - Processing file /home/airflow/.local/lib/python3.7/site-packages/airflow/example_dags/example_python_operator.py for tasks to queue
[2023-07-09T19:11:56.787+0000] {logging_mixin.py:149} INFO - [2023-07-09T19:11:56.787+0000] {dagbag.py:541} INFO - Filling up the DagBag from /home/airflow/.local/lib/python3.7/site-packages/airflow/example_dags/example_python_operator.py
[2023-07-09T19:11:56.798+0000] {processor.py:836} INFO - DAG(s) dict_keys(['example_python_operator']) retrieved from /home/airflow/.local/lib/python3.7/site-packages/airflow/example_dags/example_python_operator.py
[2023-07-09T19:11:56.815+0000] {logging_mixin.py:149} INFO - [2023-07-09T19:11:56.814+0000] {dag.py:2726} INFO - Sync 1 DAGs
[2023-07-09T19:11:56.849+0000] {logging_mixin.py:149} INFO - [2023-07-09T19:11:56.849+0000] {dag.py:3490} INFO - Setting next_dagrun for example_python_operator to None, run_after=None
[2023-07-09T19:11:56.868+0000] {processor.py:179} INFO - Processing /home/airflow/.local/lib/python3.7/site-packages/airflow/example_dags/example_python_operator.py took 0.088 seconds
[2023-07-09T19:12:27.657+0000] {processor.py:157} INFO - Started process (PID=1472) to work on /home/airflow/.local/lib/python3.7/site-packages/airflow/example_dags/example_python_operator.py
[2023-07-09T19:12:27.658+0000] {processor.py:826} INFO - Processing file /home/airflow/.local/lib/python3.7/site-packages/airflow/example_dags/example_python_operator.py for tasks to queue
[2023-07-09T19:12:27.659+0000] {logging_mixin.py:149} INFO - [2023-07-09T19:12:27.659+0000] {dagbag.py:541} INFO - Filling up the DagBag from /home/airflow/.local/lib/python3.7/site-packages/airflow/example_dags/example_python_operator.py
[2023-07-09T19:12:27.669+0000] {processor.py:836} INFO - DAG(s) dict_keys(['example_python_operator']) retrieved from /home/airflow/.local/lib/python3.7/site-packages/airflow/example_dags/example_python_operator.py
[2023-07-09T19:12:27.683+0000] {logging_mixin.py:149} INFO - [2023-07-09T19:12:27.682+0000] {dag.py:2726} INFO - Sync 1 DAGs
[2023-07-09T19:12:27.709+0000] {logging_mixin.py:149} INFO - [2023-07-09T19:12:27.708+0000] {dag.py:3490} INFO - Setting next_dagrun for example_python_operator to None, run_after=None
[2023-07-09T19:12:27.731+0000] {processor.py:179} INFO - Processing /home/airflow/.local/lib/python3.7/site-packages/airflow/example_dags/example_python_operator.py took 0.078 seconds
[2023-07-09T19:12:58.596+0000] {processor.py:157} INFO - Started process (PID=1533) to work on /home/airflow/.local/lib/python3.7/site-packages/airflow/example_dags/example_python_operator.py
[2023-07-09T19:12:58.597+0000] {processor.py:826} INFO - Processing file /home/airflow/.local/lib/python3.7/site-packages/airflow/example_dags/example_python_operator.py for tasks to queue
[2023-07-09T19:12:58.598+0000] {logging_mixin.py:149} INFO - [2023-07-09T19:12:58.598+0000] {dagbag.py:541} INFO - Filling up the DagBag from /home/airflow/.local/lib/python3.7/site-packages/airflow/example_dags/example_python_operator.py
[2023-07-09T19:12:58.608+0000] {processor.py:836} INFO - DAG(s) dict_keys(['example_python_operator']) retrieved from /home/airflow/.local/lib/python3.7/site-packages/airflow/example_dags/example_python_operator.py
[2023-07-09T19:12:58.722+0000] {logging_mixin.py:149} INFO - [2023-07-09T19:12:58.722+0000] {dag.py:2726} INFO - Sync 1 DAGs
[2023-07-09T19:12:58.745+0000] {logging_mixin.py:149} INFO - [2023-07-09T19:12:58.745+0000] {dag.py:3490} INFO - Setting next_dagrun for example_python_operator to None, run_after=None
[2023-07-09T19:12:58.781+0000] {processor.py:179} INFO - Processing /home/airflow/.local/lib/python3.7/site-packages/airflow/example_dags/example_python_operator.py took 0.188 seconds
[2023-07-09T19:13:28.965+0000] {processor.py:157} INFO - Started process (PID=1595) to work on /home/airflow/.local/lib/python3.7/site-packages/airflow/example_dags/example_python_operator.py
[2023-07-09T19:13:28.966+0000] {processor.py:826} INFO - Processing file /home/airflow/.local/lib/python3.7/site-packages/airflow/example_dags/example_python_operator.py for tasks to queue
[2023-07-09T19:13:28.967+0000] {logging_mixin.py:149} INFO - [2023-07-09T19:13:28.967+0000] {dagbag.py:541} INFO - Filling up the DagBag from /home/airflow/.local/lib/python3.7/site-packages/airflow/example_dags/example_python_operator.py
[2023-07-09T19:13:28.977+0000] {processor.py:836} INFO - DAG(s) dict_keys(['example_python_operator']) retrieved from /home/airflow/.local/lib/python3.7/site-packages/airflow/example_dags/example_python_operator.py
[2023-07-09T19:13:29.003+0000] {logging_mixin.py:149} INFO - [2023-07-09T19:13:29.003+0000] {dag.py:2726} INFO - Sync 1 DAGs
[2023-07-09T19:13:29.027+0000] {logging_mixin.py:149} INFO - [2023-07-09T19:13:29.027+0000] {dag.py:3490} INFO - Setting next_dagrun for example_python_operator to None, run_after=None
[2023-07-09T19:13:29.048+0000] {processor.py:179} INFO - Processing /home/airflow/.local/lib/python3.7/site-packages/airflow/example_dags/example_python_operator.py took 0.086 seconds
[2023-07-09T19:13:59.238+0000] {processor.py:157} INFO - Started process (PID=1656) to work on /home/airflow/.local/lib/python3.7/site-packages/airflow/example_dags/example_python_operator.py
[2023-07-09T19:13:59.239+0000] {processor.py:826} INFO - Processing file /home/airflow/.local/lib/python3.7/site-packages/airflow/example_dags/example_python_operator.py for tasks to queue
[2023-07-09T19:13:59.239+0000] {logging_mixin.py:149} INFO - [2023-07-09T19:13:59.239+0000] {dagbag.py:541} INFO - Filling up the DagBag from /home/airflow/.local/lib/python3.7/site-packages/airflow/example_dags/example_python_operator.py
[2023-07-09T19:13:59.249+0000] {processor.py:836} INFO - DAG(s) dict_keys(['example_python_operator']) retrieved from /home/airflow/.local/lib/python3.7/site-packages/airflow/example_dags/example_python_operator.py
[2023-07-09T19:13:59.276+0000] {logging_mixin.py:149} INFO - [2023-07-09T19:13:59.276+0000] {dag.py:2726} INFO - Sync 1 DAGs
[2023-07-09T19:13:59.299+0000] {logging_mixin.py:149} INFO - [2023-07-09T19:13:59.299+0000] {dag.py:3490} INFO - Setting next_dagrun for example_python_operator to None, run_after=None
[2023-07-09T19:13:59.320+0000] {processor.py:179} INFO - Processing /home/airflow/.local/lib/python3.7/site-packages/airflow/example_dags/example_python_operator.py took 0.086 seconds
[2023-07-09T19:14:29.428+0000] {processor.py:157} INFO - Started process (PID=1717) to work on /home/airflow/.local/lib/python3.7/site-packages/airflow/example_dags/example_python_operator.py
[2023-07-09T19:14:29.429+0000] {processor.py:826} INFO - Processing file /home/airflow/.local/lib/python3.7/site-packages/airflow/example_dags/example_python_operator.py for tasks to queue
[2023-07-09T19:14:29.430+0000] {logging_mixin.py:149} INFO - [2023-07-09T19:14:29.429+0000] {dagbag.py:541} INFO - Filling up the DagBag from /home/airflow/.local/lib/python3.7/site-packages/airflow/example_dags/example_python_operator.py
[2023-07-09T19:14:29.439+0000] {processor.py:836} INFO - DAG(s) dict_keys(['example_python_operator']) retrieved from /home/airflow/.local/lib/python3.7/site-packages/airflow/example_dags/example_python_operator.py
[2023-07-09T19:14:29.466+0000] {logging_mixin.py:149} INFO - [2023-07-09T19:14:29.466+0000] {dag.py:2726} INFO - Sync 1 DAGs
[2023-07-09T19:14:29.490+0000] {logging_mixin.py:149} INFO - [2023-07-09T19:14:29.490+0000] {dag.py:3490} INFO - Setting next_dagrun for example_python_operator to None, run_after=None
[2023-07-09T19:14:29.510+0000] {processor.py:179} INFO - Processing /home/airflow/.local/lib/python3.7/site-packages/airflow/example_dags/example_python_operator.py took 0.086 seconds
[2023-07-09T19:15:00.469+0000] {processor.py:157} INFO - Started process (PID=1778) to work on /home/airflow/.local/lib/python3.7/site-packages/airflow/example_dags/example_python_operator.py
[2023-07-09T19:15:00.470+0000] {processor.py:826} INFO - Processing file /home/airflow/.local/lib/python3.7/site-packages/airflow/example_dags/example_python_operator.py for tasks to queue
[2023-07-09T19:15:00.471+0000] {logging_mixin.py:149} INFO - [2023-07-09T19:15:00.471+0000] {dagbag.py:541} INFO - Filling up the DagBag from /home/airflow/.local/lib/python3.7/site-packages/airflow/example_dags/example_python_operator.py
[2023-07-09T19:15:00.481+0000] {processor.py:836} INFO - DAG(s) dict_keys(['example_python_operator']) retrieved from /home/airflow/.local/lib/python3.7/site-packages/airflow/example_dags/example_python_operator.py
[2023-07-09T19:15:00.510+0000] {logging_mixin.py:149} INFO - [2023-07-09T19:15:00.510+0000] {dag.py:2726} INFO - Sync 1 DAGs
[2023-07-09T19:15:00.535+0000] {logging_mixin.py:149} INFO - [2023-07-09T19:15:00.535+0000] {dag.py:3490} INFO - Setting next_dagrun for example_python_operator to None, run_after=None
[2023-07-09T19:15:00.557+0000] {processor.py:179} INFO - Processing /home/airflow/.local/lib/python3.7/site-packages/airflow/example_dags/example_python_operator.py took 0.091 seconds
[2023-07-09T19:15:31.305+0000] {processor.py:157} INFO - Started process (PID=1839) to work on /home/airflow/.local/lib/python3.7/site-packages/airflow/example_dags/example_python_operator.py
[2023-07-09T19:15:31.306+0000] {processor.py:826} INFO - Processing file /home/airflow/.local/lib/python3.7/site-packages/airflow/example_dags/example_python_operator.py for tasks to queue
[2023-07-09T19:15:31.307+0000] {logging_mixin.py:149} INFO - [2023-07-09T19:15:31.307+0000] {dagbag.py:541} INFO - Filling up the DagBag from /home/airflow/.local/lib/python3.7/site-packages/airflow/example_dags/example_python_operator.py
[2023-07-09T19:15:31.317+0000] {processor.py:836} INFO - DAG(s) dict_keys(['example_python_operator']) retrieved from /home/airflow/.local/lib/python3.7/site-packages/airflow/example_dags/example_python_operator.py
[2023-07-09T19:15:31.343+0000] {logging_mixin.py:149} INFO - [2023-07-09T19:15:31.342+0000] {dag.py:2726} INFO - Sync 1 DAGs
[2023-07-09T19:15:31.365+0000] {logging_mixin.py:149} INFO - [2023-07-09T19:15:31.365+0000] {dag.py:3490} INFO - Setting next_dagrun for example_python_operator to None, run_after=None
[2023-07-09T19:15:31.385+0000] {processor.py:179} INFO - Processing /home/airflow/.local/lib/python3.7/site-packages/airflow/example_dags/example_python_operator.py took 0.083 seconds
[2023-07-09T19:16:01.640+0000] {processor.py:157} INFO - Started process (PID=1901) to work on /home/airflow/.local/lib/python3.7/site-packages/airflow/example_dags/example_python_operator.py
[2023-07-09T19:16:01.641+0000] {processor.py:826} INFO - Processing file /home/airflow/.local/lib/python3.7/site-packages/airflow/example_dags/example_python_operator.py for tasks to queue
[2023-07-09T19:16:01.642+0000] {logging_mixin.py:149} INFO - [2023-07-09T19:16:01.642+0000] {dagbag.py:541} INFO - Filling up the DagBag from /home/airflow/.local/lib/python3.7/site-packages/airflow/example_dags/example_python_operator.py
[2023-07-09T19:16:01.651+0000] {processor.py:836} INFO - DAG(s) dict_keys(['example_python_operator']) retrieved from /home/airflow/.local/lib/python3.7/site-packages/airflow/example_dags/example_python_operator.py
[2023-07-09T19:16:01.679+0000] {logging_mixin.py:149} INFO - [2023-07-09T19:16:01.679+0000] {dag.py:2726} INFO - Sync 1 DAGs
[2023-07-09T19:16:01.705+0000] {logging_mixin.py:149} INFO - [2023-07-09T19:16:01.705+0000] {dag.py:3490} INFO - Setting next_dagrun for example_python_operator to None, run_after=None
[2023-07-09T19:16:01.731+0000] {processor.py:179} INFO - Processing /home/airflow/.local/lib/python3.7/site-packages/airflow/example_dags/example_python_operator.py took 0.094 seconds
[2023-07-09T19:16:31.917+0000] {processor.py:157} INFO - Started process (PID=1964) to work on /home/airflow/.local/lib/python3.7/site-packages/airflow/example_dags/example_python_operator.py
[2023-07-09T19:16:31.919+0000] {processor.py:826} INFO - Processing file /home/airflow/.local/lib/python3.7/site-packages/airflow/example_dags/example_python_operator.py for tasks to queue
[2023-07-09T19:16:31.920+0000] {logging_mixin.py:149} INFO - [2023-07-09T19:16:31.920+0000] {dagbag.py:541} INFO - Filling up the DagBag from /home/airflow/.local/lib/python3.7/site-packages/airflow/example_dags/example_python_operator.py
[2023-07-09T19:16:31.929+0000] {processor.py:836} INFO - DAG(s) dict_keys(['example_python_operator']) retrieved from /home/airflow/.local/lib/python3.7/site-packages/airflow/example_dags/example_python_operator.py
[2023-07-09T19:16:31.956+0000] {logging_mixin.py:149} INFO - [2023-07-09T19:16:31.956+0000] {dag.py:2726} INFO - Sync 1 DAGs
[2023-07-09T19:16:31.999+0000] {logging_mixin.py:149} INFO - [2023-07-09T19:16:31.999+0000] {dag.py:3490} INFO - Setting next_dagrun for example_python_operator to None, run_after=None
[2023-07-09T19:16:32.022+0000] {processor.py:179} INFO - Processing /home/airflow/.local/lib/python3.7/site-packages/airflow/example_dags/example_python_operator.py took 0.108 seconds
[2023-07-09T19:17:02.384+0000] {processor.py:157} INFO - Started process (PID=2026) to work on /home/airflow/.local/lib/python3.7/site-packages/airflow/example_dags/example_python_operator.py
[2023-07-09T19:17:02.385+0000] {processor.py:826} INFO - Processing file /home/airflow/.local/lib/python3.7/site-packages/airflow/example_dags/example_python_operator.py for tasks to queue
[2023-07-09T19:17:02.386+0000] {logging_mixin.py:149} INFO - [2023-07-09T19:17:02.385+0000] {dagbag.py:541} INFO - Filling up the DagBag from /home/airflow/.local/lib/python3.7/site-packages/airflow/example_dags/example_python_operator.py
[2023-07-09T19:17:02.396+0000] {processor.py:836} INFO - DAG(s) dict_keys(['example_python_operator']) retrieved from /home/airflow/.local/lib/python3.7/site-packages/airflow/example_dags/example_python_operator.py
[2023-07-09T19:17:02.425+0000] {logging_mixin.py:149} INFO - [2023-07-09T19:17:02.424+0000] {dag.py:2726} INFO - Sync 1 DAGs
[2023-07-09T19:17:02.449+0000] {logging_mixin.py:149} INFO - [2023-07-09T19:17:02.449+0000] {dag.py:3490} INFO - Setting next_dagrun for example_python_operator to None, run_after=None
[2023-07-09T19:17:02.468+0000] {processor.py:179} INFO - Processing /home/airflow/.local/lib/python3.7/site-packages/airflow/example_dags/example_python_operator.py took 0.088 seconds
[2023-07-09T19:17:33.320+0000] {processor.py:157} INFO - Started process (PID=2088) to work on /home/airflow/.local/lib/python3.7/site-packages/airflow/example_dags/example_python_operator.py
[2023-07-09T19:17:33.321+0000] {processor.py:826} INFO - Processing file /home/airflow/.local/lib/python3.7/site-packages/airflow/example_dags/example_python_operator.py for tasks to queue
[2023-07-09T19:17:33.322+0000] {logging_mixin.py:149} INFO - [2023-07-09T19:17:33.322+0000] {dagbag.py:541} INFO - Filling up the DagBag from /home/airflow/.local/lib/python3.7/site-packages/airflow/example_dags/example_python_operator.py
[2023-07-09T19:17:33.333+0000] {processor.py:836} INFO - DAG(s) dict_keys(['example_python_operator']) retrieved from /home/airflow/.local/lib/python3.7/site-packages/airflow/example_dags/example_python_operator.py
[2023-07-09T19:17:33.360+0000] {logging_mixin.py:149} INFO - [2023-07-09T19:17:33.360+0000] {dag.py:2726} INFO - Sync 1 DAGs
[2023-07-09T19:17:33.384+0000] {logging_mixin.py:149} INFO - [2023-07-09T19:17:33.384+0000] {dag.py:3490} INFO - Setting next_dagrun for example_python_operator to None, run_after=None
[2023-07-09T19:17:33.406+0000] {processor.py:179} INFO - Processing /home/airflow/.local/lib/python3.7/site-packages/airflow/example_dags/example_python_operator.py took 0.089 seconds
[2023-07-09T19:18:04.304+0000] {processor.py:157} INFO - Started process (PID=2150) to work on /home/airflow/.local/lib/python3.7/site-packages/airflow/example_dags/example_python_operator.py
[2023-07-09T19:18:04.305+0000] {processor.py:826} INFO - Processing file /home/airflow/.local/lib/python3.7/site-packages/airflow/example_dags/example_python_operator.py for tasks to queue
[2023-07-09T19:18:04.306+0000] {logging_mixin.py:149} INFO - [2023-07-09T19:18:04.306+0000] {dagbag.py:541} INFO - Filling up the DagBag from /home/airflow/.local/lib/python3.7/site-packages/airflow/example_dags/example_python_operator.py
[2023-07-09T19:18:04.320+0000] {processor.py:836} INFO - DAG(s) dict_keys(['example_python_operator']) retrieved from /home/airflow/.local/lib/python3.7/site-packages/airflow/example_dags/example_python_operator.py
[2023-07-09T19:18:04.349+0000] {logging_mixin.py:149} INFO - [2023-07-09T19:18:04.349+0000] {dag.py:2726} INFO - Sync 1 DAGs
[2023-07-09T19:18:04.375+0000] {logging_mixin.py:149} INFO - [2023-07-09T19:18:04.375+0000] {dag.py:3490} INFO - Setting next_dagrun for example_python_operator to None, run_after=None
[2023-07-09T19:18:04.402+0000] {processor.py:179} INFO - Processing /home/airflow/.local/lib/python3.7/site-packages/airflow/example_dags/example_python_operator.py took 0.101 seconds
[2023-07-09T19:18:34.677+0000] {processor.py:157} INFO - Started process (PID=2212) to work on /home/airflow/.local/lib/python3.7/site-packages/airflow/example_dags/example_python_operator.py
[2023-07-09T19:18:34.678+0000] {processor.py:826} INFO - Processing file /home/airflow/.local/lib/python3.7/site-packages/airflow/example_dags/example_python_operator.py for tasks to queue
[2023-07-09T19:18:34.679+0000] {logging_mixin.py:149} INFO - [2023-07-09T19:18:34.679+0000] {dagbag.py:541} INFO - Filling up the DagBag from /home/airflow/.local/lib/python3.7/site-packages/airflow/example_dags/example_python_operator.py
[2023-07-09T19:18:34.688+0000] {processor.py:836} INFO - DAG(s) dict_keys(['example_python_operator']) retrieved from /home/airflow/.local/lib/python3.7/site-packages/airflow/example_dags/example_python_operator.py
[2023-07-09T19:18:34.715+0000] {logging_mixin.py:149} INFO - [2023-07-09T19:18:34.715+0000] {dag.py:2726} INFO - Sync 1 DAGs
[2023-07-09T19:18:34.745+0000] {logging_mixin.py:149} INFO - [2023-07-09T19:18:34.744+0000] {dag.py:3490} INFO - Setting next_dagrun for example_python_operator to None, run_after=None
[2023-07-09T19:18:34.769+0000] {processor.py:179} INFO - Processing /home/airflow/.local/lib/python3.7/site-packages/airflow/example_dags/example_python_operator.py took 0.095 seconds
[2023-07-09T19:19:04.975+0000] {processor.py:157} INFO - Started process (PID=2274) to work on /home/airflow/.local/lib/python3.7/site-packages/airflow/example_dags/example_python_operator.py
[2023-07-09T19:19:04.976+0000] {processor.py:826} INFO - Processing file /home/airflow/.local/lib/python3.7/site-packages/airflow/example_dags/example_python_operator.py for tasks to queue
[2023-07-09T19:19:04.977+0000] {logging_mixin.py:149} INFO - [2023-07-09T19:19:04.977+0000] {dagbag.py:541} INFO - Filling up the DagBag from /home/airflow/.local/lib/python3.7/site-packages/airflow/example_dags/example_python_operator.py
[2023-07-09T19:19:04.987+0000] {processor.py:836} INFO - DAG(s) dict_keys(['example_python_operator']) retrieved from /home/airflow/.local/lib/python3.7/site-packages/airflow/example_dags/example_python_operator.py
[2023-07-09T19:19:05.013+0000] {logging_mixin.py:149} INFO - [2023-07-09T19:19:05.013+0000] {dag.py:2726} INFO - Sync 1 DAGs
[2023-07-09T19:19:05.035+0000] {logging_mixin.py:149} INFO - [2023-07-09T19:19:05.035+0000] {dag.py:3490} INFO - Setting next_dagrun for example_python_operator to None, run_after=None
[2023-07-09T19:19:05.056+0000] {processor.py:179} INFO - Processing /home/airflow/.local/lib/python3.7/site-packages/airflow/example_dags/example_python_operator.py took 0.084 seconds
[2023-07-09T19:19:35.096+0000] {processor.py:157} INFO - Started process (PID=2336) to work on /home/airflow/.local/lib/python3.7/site-packages/airflow/example_dags/example_python_operator.py
[2023-07-09T19:19:35.097+0000] {processor.py:826} INFO - Processing file /home/airflow/.local/lib/python3.7/site-packages/airflow/example_dags/example_python_operator.py for tasks to queue
[2023-07-09T19:19:35.098+0000] {logging_mixin.py:149} INFO - [2023-07-09T19:19:35.098+0000] {dagbag.py:541} INFO - Filling up the DagBag from /home/airflow/.local/lib/python3.7/site-packages/airflow/example_dags/example_python_operator.py
[2023-07-09T19:19:35.107+0000] {processor.py:836} INFO - DAG(s) dict_keys(['example_python_operator']) retrieved from /home/airflow/.local/lib/python3.7/site-packages/airflow/example_dags/example_python_operator.py
[2023-07-09T19:19:35.135+0000] {logging_mixin.py:149} INFO - [2023-07-09T19:19:35.135+0000] {dag.py:2726} INFO - Sync 1 DAGs
[2023-07-09T19:19:35.157+0000] {logging_mixin.py:149} INFO - [2023-07-09T19:19:35.157+0000] {dag.py:3490} INFO - Setting next_dagrun for example_python_operator to None, run_after=None
[2023-07-09T19:19:35.179+0000] {processor.py:179} INFO - Processing /home/airflow/.local/lib/python3.7/site-packages/airflow/example_dags/example_python_operator.py took 0.086 seconds
[2023-07-09T19:20:05.227+0000] {processor.py:157} INFO - Started process (PID=2397) to work on /home/airflow/.local/lib/python3.7/site-packages/airflow/example_dags/example_python_operator.py
[2023-07-09T19:20:05.228+0000] {processor.py:826} INFO - Processing file /home/airflow/.local/lib/python3.7/site-packages/airflow/example_dags/example_python_operator.py for tasks to queue
[2023-07-09T19:20:05.229+0000] {logging_mixin.py:149} INFO - [2023-07-09T19:20:05.229+0000] {dagbag.py:541} INFO - Filling up the DagBag from /home/airflow/.local/lib/python3.7/site-packages/airflow/example_dags/example_python_operator.py
[2023-07-09T19:20:05.238+0000] {processor.py:836} INFO - DAG(s) dict_keys(['example_python_operator']) retrieved from /home/airflow/.local/lib/python3.7/site-packages/airflow/example_dags/example_python_operator.py
[2023-07-09T19:20:05.263+0000] {logging_mixin.py:149} INFO - [2023-07-09T19:20:05.263+0000] {dag.py:2726} INFO - Sync 1 DAGs
[2023-07-09T19:20:05.287+0000] {logging_mixin.py:149} INFO - [2023-07-09T19:20:05.286+0000] {dag.py:3490} INFO - Setting next_dagrun for example_python_operator to None, run_after=None
[2023-07-09T19:20:05.309+0000] {processor.py:179} INFO - Processing /home/airflow/.local/lib/python3.7/site-packages/airflow/example_dags/example_python_operator.py took 0.085 seconds
[2023-07-09T19:20:35.671+0000] {processor.py:157} INFO - Started process (PID=2459) to work on /home/airflow/.local/lib/python3.7/site-packages/airflow/example_dags/example_python_operator.py
[2023-07-09T19:20:35.673+0000] {processor.py:826} INFO - Processing file /home/airflow/.local/lib/python3.7/site-packages/airflow/example_dags/example_python_operator.py for tasks to queue
[2023-07-09T19:20:35.675+0000] {logging_mixin.py:149} INFO - [2023-07-09T19:20:35.675+0000] {dagbag.py:541} INFO - Filling up the DagBag from /home/airflow/.local/lib/python3.7/site-packages/airflow/example_dags/example_python_operator.py
[2023-07-09T19:20:35.692+0000] {processor.py:836} INFO - DAG(s) dict_keys(['example_python_operator']) retrieved from /home/airflow/.local/lib/python3.7/site-packages/airflow/example_dags/example_python_operator.py
[2023-07-09T19:20:35.734+0000] {logging_mixin.py:149} INFO - [2023-07-09T19:20:35.733+0000] {dag.py:2726} INFO - Sync 1 DAGs
[2023-07-09T19:20:35.780+0000] {logging_mixin.py:149} INFO - [2023-07-09T19:20:35.780+0000] {dag.py:3490} INFO - Setting next_dagrun for example_python_operator to None, run_after=None
[2023-07-09T19:20:35.813+0000] {processor.py:179} INFO - Processing /home/airflow/.local/lib/python3.7/site-packages/airflow/example_dags/example_python_operator.py took 0.147 seconds
[2023-07-09T19:21:05.915+0000] {processor.py:157} INFO - Started process (PID=2521) to work on /home/airflow/.local/lib/python3.7/site-packages/airflow/example_dags/example_python_operator.py
[2023-07-09T19:21:05.916+0000] {processor.py:826} INFO - Processing file /home/airflow/.local/lib/python3.7/site-packages/airflow/example_dags/example_python_operator.py for tasks to queue
[2023-07-09T19:21:05.917+0000] {logging_mixin.py:149} INFO - [2023-07-09T19:21:05.917+0000] {dagbag.py:541} INFO - Filling up the DagBag from /home/airflow/.local/lib/python3.7/site-packages/airflow/example_dags/example_python_operator.py
[2023-07-09T19:21:05.927+0000] {processor.py:836} INFO - DAG(s) dict_keys(['example_python_operator']) retrieved from /home/airflow/.local/lib/python3.7/site-packages/airflow/example_dags/example_python_operator.py
[2023-07-09T19:21:05.955+0000] {logging_mixin.py:149} INFO - [2023-07-09T19:21:05.955+0000] {dag.py:2726} INFO - Sync 1 DAGs
[2023-07-09T19:21:05.978+0000] {logging_mixin.py:149} INFO - [2023-07-09T19:21:05.978+0000] {dag.py:3490} INFO - Setting next_dagrun for example_python_operator to None, run_after=None
[2023-07-09T19:21:06.000+0000] {processor.py:179} INFO - Processing /home/airflow/.local/lib/python3.7/site-packages/airflow/example_dags/example_python_operator.py took 0.087 seconds
[2023-07-09T19:21:36.464+0000] {processor.py:157} INFO - Started process (PID=2583) to work on /home/airflow/.local/lib/python3.7/site-packages/airflow/example_dags/example_python_operator.py
[2023-07-09T19:21:36.465+0000] {processor.py:826} INFO - Processing file /home/airflow/.local/lib/python3.7/site-packages/airflow/example_dags/example_python_operator.py for tasks to queue
[2023-07-09T19:21:36.467+0000] {logging_mixin.py:149} INFO - [2023-07-09T19:21:36.466+0000] {dagbag.py:541} INFO - Filling up the DagBag from /home/airflow/.local/lib/python3.7/site-packages/airflow/example_dags/example_python_operator.py
[2023-07-09T19:21:36.483+0000] {processor.py:836} INFO - DAG(s) dict_keys(['example_python_operator']) retrieved from /home/airflow/.local/lib/python3.7/site-packages/airflow/example_dags/example_python_operator.py
[2023-07-09T19:21:36.518+0000] {logging_mixin.py:149} INFO - [2023-07-09T19:21:36.517+0000] {dag.py:2726} INFO - Sync 1 DAGs
[2023-07-09T19:21:36.547+0000] {logging_mixin.py:149} INFO - [2023-07-09T19:21:36.547+0000] {dag.py:3490} INFO - Setting next_dagrun for example_python_operator to None, run_after=None
[2023-07-09T19:21:36.569+0000] {processor.py:179} INFO - Processing /home/airflow/.local/lib/python3.7/site-packages/airflow/example_dags/example_python_operator.py took 0.110 seconds
[2023-07-09T19:22:06.654+0000] {processor.py:157} INFO - Started process (PID=2645) to work on /home/airflow/.local/lib/python3.7/site-packages/airflow/example_dags/example_python_operator.py
[2023-07-09T19:22:06.655+0000] {processor.py:826} INFO - Processing file /home/airflow/.local/lib/python3.7/site-packages/airflow/example_dags/example_python_operator.py for tasks to queue
[2023-07-09T19:22:06.656+0000] {logging_mixin.py:149} INFO - [2023-07-09T19:22:06.656+0000] {dagbag.py:541} INFO - Filling up the DagBag from /home/airflow/.local/lib/python3.7/site-packages/airflow/example_dags/example_python_operator.py
[2023-07-09T19:22:06.666+0000] {processor.py:836} INFO - DAG(s) dict_keys(['example_python_operator']) retrieved from /home/airflow/.local/lib/python3.7/site-packages/airflow/example_dags/example_python_operator.py
[2023-07-09T19:22:06.692+0000] {logging_mixin.py:149} INFO - [2023-07-09T19:22:06.692+0000] {dag.py:2726} INFO - Sync 1 DAGs
[2023-07-09T19:22:06.715+0000] {logging_mixin.py:149} INFO - [2023-07-09T19:22:06.714+0000] {dag.py:3490} INFO - Setting next_dagrun for example_python_operator to None, run_after=None
[2023-07-09T19:22:06.737+0000] {processor.py:179} INFO - Processing /home/airflow/.local/lib/python3.7/site-packages/airflow/example_dags/example_python_operator.py took 0.086 seconds
[2023-07-09T19:22:36.924+0000] {processor.py:157} INFO - Started process (PID=2707) to work on /home/airflow/.local/lib/python3.7/site-packages/airflow/example_dags/example_python_operator.py
[2023-07-09T19:22:36.925+0000] {processor.py:826} INFO - Processing file /home/airflow/.local/lib/python3.7/site-packages/airflow/example_dags/example_python_operator.py for tasks to queue
[2023-07-09T19:22:36.926+0000] {logging_mixin.py:149} INFO - [2023-07-09T19:22:36.926+0000] {dagbag.py:541} INFO - Filling up the DagBag from /home/airflow/.local/lib/python3.7/site-packages/airflow/example_dags/example_python_operator.py
[2023-07-09T19:22:36.936+0000] {processor.py:836} INFO - DAG(s) dict_keys(['example_python_operator']) retrieved from /home/airflow/.local/lib/python3.7/site-packages/airflow/example_dags/example_python_operator.py
[2023-07-09T19:22:36.962+0000] {logging_mixin.py:149} INFO - [2023-07-09T19:22:36.962+0000] {dag.py:2726} INFO - Sync 1 DAGs
[2023-07-09T19:22:36.984+0000] {logging_mixin.py:149} INFO - [2023-07-09T19:22:36.984+0000] {dag.py:3490} INFO - Setting next_dagrun for example_python_operator to None, run_after=None
[2023-07-09T19:22:37.007+0000] {processor.py:179} INFO - Processing /home/airflow/.local/lib/python3.7/site-packages/airflow/example_dags/example_python_operator.py took 0.086 seconds
[2023-07-09T19:23:07.185+0000] {processor.py:157} INFO - Started process (PID=2769) to work on /home/airflow/.local/lib/python3.7/site-packages/airflow/example_dags/example_python_operator.py
[2023-07-09T19:23:07.188+0000] {processor.py:826} INFO - Processing file /home/airflow/.local/lib/python3.7/site-packages/airflow/example_dags/example_python_operator.py for tasks to queue
[2023-07-09T19:23:07.189+0000] {logging_mixin.py:149} INFO - [2023-07-09T19:23:07.189+0000] {dagbag.py:541} INFO - Filling up the DagBag from /home/airflow/.local/lib/python3.7/site-packages/airflow/example_dags/example_python_operator.py
[2023-07-09T19:23:07.204+0000] {processor.py:836} INFO - DAG(s) dict_keys(['example_python_operator']) retrieved from /home/airflow/.local/lib/python3.7/site-packages/airflow/example_dags/example_python_operator.py
[2023-07-09T19:23:07.257+0000] {logging_mixin.py:149} INFO - [2023-07-09T19:23:07.257+0000] {dag.py:2726} INFO - Sync 1 DAGs
[2023-07-09T19:23:07.313+0000] {logging_mixin.py:149} INFO - [2023-07-09T19:23:07.312+0000] {dag.py:3490} INFO - Setting next_dagrun for example_python_operator to None, run_after=None
[2023-07-09T19:23:07.363+0000] {processor.py:179} INFO - Processing /home/airflow/.local/lib/python3.7/site-packages/airflow/example_dags/example_python_operator.py took 0.182 seconds
[2023-07-09T19:23:37.410+0000] {processor.py:157} INFO - Started process (PID=2832) to work on /home/airflow/.local/lib/python3.7/site-packages/airflow/example_dags/example_python_operator.py
[2023-07-09T19:23:37.411+0000] {processor.py:826} INFO - Processing file /home/airflow/.local/lib/python3.7/site-packages/airflow/example_dags/example_python_operator.py for tasks to queue
[2023-07-09T19:23:37.412+0000] {logging_mixin.py:149} INFO - [2023-07-09T19:23:37.411+0000] {dagbag.py:541} INFO - Filling up the DagBag from /home/airflow/.local/lib/python3.7/site-packages/airflow/example_dags/example_python_operator.py
[2023-07-09T19:23:37.421+0000] {processor.py:836} INFO - DAG(s) dict_keys(['example_python_operator']) retrieved from /home/airflow/.local/lib/python3.7/site-packages/airflow/example_dags/example_python_operator.py
[2023-07-09T19:23:37.448+0000] {logging_mixin.py:149} INFO - [2023-07-09T19:23:37.448+0000] {dag.py:2726} INFO - Sync 1 DAGs
[2023-07-09T19:23:37.471+0000] {logging_mixin.py:149} INFO - [2023-07-09T19:23:37.471+0000] {dag.py:3490} INFO - Setting next_dagrun for example_python_operator to None, run_after=None
[2023-07-09T19:23:37.493+0000] {processor.py:179} INFO - Processing /home/airflow/.local/lib/python3.7/site-packages/airflow/example_dags/example_python_operator.py took 0.086 seconds
[2023-07-09T19:24:07.744+0000] {processor.py:157} INFO - Started process (PID=2894) to work on /home/airflow/.local/lib/python3.7/site-packages/airflow/example_dags/example_python_operator.py
[2023-07-09T19:24:07.745+0000] {processor.py:826} INFO - Processing file /home/airflow/.local/lib/python3.7/site-packages/airflow/example_dags/example_python_operator.py for tasks to queue
[2023-07-09T19:24:07.746+0000] {logging_mixin.py:149} INFO - [2023-07-09T19:24:07.746+0000] {dagbag.py:541} INFO - Filling up the DagBag from /home/airflow/.local/lib/python3.7/site-packages/airflow/example_dags/example_python_operator.py
[2023-07-09T19:24:07.755+0000] {processor.py:836} INFO - DAG(s) dict_keys(['example_python_operator']) retrieved from /home/airflow/.local/lib/python3.7/site-packages/airflow/example_dags/example_python_operator.py
[2023-07-09T19:24:07.783+0000] {logging_mixin.py:149} INFO - [2023-07-09T19:24:07.783+0000] {dag.py:2726} INFO - Sync 1 DAGs
[2023-07-09T19:24:07.806+0000] {logging_mixin.py:149} INFO - [2023-07-09T19:24:07.806+0000] {dag.py:3490} INFO - Setting next_dagrun for example_python_operator to None, run_after=None
[2023-07-09T19:24:07.828+0000] {processor.py:179} INFO - Processing /home/airflow/.local/lib/python3.7/site-packages/airflow/example_dags/example_python_operator.py took 0.087 seconds
[2023-07-09T19:24:38.051+0000] {processor.py:157} INFO - Started process (PID=2956) to work on /home/airflow/.local/lib/python3.7/site-packages/airflow/example_dags/example_python_operator.py
[2023-07-09T19:24:38.052+0000] {processor.py:826} INFO - Processing file /home/airflow/.local/lib/python3.7/site-packages/airflow/example_dags/example_python_operator.py for tasks to queue
[2023-07-09T19:24:38.052+0000] {logging_mixin.py:149} INFO - [2023-07-09T19:24:38.052+0000] {dagbag.py:541} INFO - Filling up the DagBag from /home/airflow/.local/lib/python3.7/site-packages/airflow/example_dags/example_python_operator.py
[2023-07-09T19:24:38.062+0000] {processor.py:836} INFO - DAG(s) dict_keys(['example_python_operator']) retrieved from /home/airflow/.local/lib/python3.7/site-packages/airflow/example_dags/example_python_operator.py
[2023-07-09T19:24:38.087+0000] {logging_mixin.py:149} INFO - [2023-07-09T19:24:38.087+0000] {dag.py:2726} INFO - Sync 1 DAGs
[2023-07-09T19:24:38.110+0000] {logging_mixin.py:149} INFO - [2023-07-09T19:24:38.110+0000] {dag.py:3490} INFO - Setting next_dagrun for example_python_operator to None, run_after=None
[2023-07-09T19:24:38.133+0000] {processor.py:179} INFO - Processing /home/airflow/.local/lib/python3.7/site-packages/airflow/example_dags/example_python_operator.py took 0.086 seconds
[2023-07-09T19:25:08.254+0000] {processor.py:157} INFO - Started process (PID=3018) to work on /home/airflow/.local/lib/python3.7/site-packages/airflow/example_dags/example_python_operator.py
[2023-07-09T19:25:08.255+0000] {processor.py:826} INFO - Processing file /home/airflow/.local/lib/python3.7/site-packages/airflow/example_dags/example_python_operator.py for tasks to queue
[2023-07-09T19:25:08.256+0000] {logging_mixin.py:149} INFO - [2023-07-09T19:25:08.256+0000] {dagbag.py:541} INFO - Filling up the DagBag from /home/airflow/.local/lib/python3.7/site-packages/airflow/example_dags/example_python_operator.py
[2023-07-09T19:25:08.266+0000] {processor.py:836} INFO - DAG(s) dict_keys(['example_python_operator']) retrieved from /home/airflow/.local/lib/python3.7/site-packages/airflow/example_dags/example_python_operator.py
[2023-07-09T19:25:08.292+0000] {logging_mixin.py:149} INFO - [2023-07-09T19:25:08.292+0000] {dag.py:2726} INFO - Sync 1 DAGs
[2023-07-09T19:25:08.313+0000] {logging_mixin.py:149} INFO - [2023-07-09T19:25:08.313+0000] {dag.py:3490} INFO - Setting next_dagrun for example_python_operator to None, run_after=None
[2023-07-09T19:25:08.334+0000] {processor.py:179} INFO - Processing /home/airflow/.local/lib/python3.7/site-packages/airflow/example_dags/example_python_operator.py took 0.084 seconds
[2023-07-09T19:25:38.880+0000] {processor.py:157} INFO - Started process (PID=3080) to work on /home/airflow/.local/lib/python3.7/site-packages/airflow/example_dags/example_python_operator.py
[2023-07-09T19:25:38.881+0000] {processor.py:826} INFO - Processing file /home/airflow/.local/lib/python3.7/site-packages/airflow/example_dags/example_python_operator.py for tasks to queue
[2023-07-09T19:25:38.882+0000] {logging_mixin.py:149} INFO - [2023-07-09T19:25:38.881+0000] {dagbag.py:541} INFO - Filling up the DagBag from /home/airflow/.local/lib/python3.7/site-packages/airflow/example_dags/example_python_operator.py
[2023-07-09T19:25:38.890+0000] {processor.py:836} INFO - DAG(s) dict_keys(['example_python_operator']) retrieved from /home/airflow/.local/lib/python3.7/site-packages/airflow/example_dags/example_python_operator.py
[2023-07-09T19:25:38.916+0000] {logging_mixin.py:149} INFO - [2023-07-09T19:25:38.916+0000] {dag.py:2726} INFO - Sync 1 DAGs
[2023-07-09T19:25:38.938+0000] {logging_mixin.py:149} INFO - [2023-07-09T19:25:38.938+0000] {dag.py:3490} INFO - Setting next_dagrun for example_python_operator to None, run_after=None
[2023-07-09T19:25:38.961+0000] {processor.py:179} INFO - Processing /home/airflow/.local/lib/python3.7/site-packages/airflow/example_dags/example_python_operator.py took 0.084 seconds
[2023-07-09T19:26:09.404+0000] {processor.py:157} INFO - Started process (PID=3142) to work on /home/airflow/.local/lib/python3.7/site-packages/airflow/example_dags/example_python_operator.py
[2023-07-09T19:26:09.405+0000] {processor.py:826} INFO - Processing file /home/airflow/.local/lib/python3.7/site-packages/airflow/example_dags/example_python_operator.py for tasks to queue
[2023-07-09T19:26:09.406+0000] {logging_mixin.py:149} INFO - [2023-07-09T19:26:09.406+0000] {dagbag.py:541} INFO - Filling up the DagBag from /home/airflow/.local/lib/python3.7/site-packages/airflow/example_dags/example_python_operator.py
[2023-07-09T19:26:09.415+0000] {processor.py:836} INFO - DAG(s) dict_keys(['example_python_operator']) retrieved from /home/airflow/.local/lib/python3.7/site-packages/airflow/example_dags/example_python_operator.py
[2023-07-09T19:26:09.441+0000] {logging_mixin.py:149} INFO - [2023-07-09T19:26:09.441+0000] {dag.py:2726} INFO - Sync 1 DAGs
[2023-07-09T19:26:09.463+0000] {logging_mixin.py:149} INFO - [2023-07-09T19:26:09.463+0000] {dag.py:3490} INFO - Setting next_dagrun for example_python_operator to None, run_after=None
[2023-07-09T19:26:09.485+0000] {processor.py:179} INFO - Processing /home/airflow/.local/lib/python3.7/site-packages/airflow/example_dags/example_python_operator.py took 0.085 seconds
[2023-07-09T19:26:40.071+0000] {processor.py:157} INFO - Started process (PID=3204) to work on /home/airflow/.local/lib/python3.7/site-packages/airflow/example_dags/example_python_operator.py
[2023-07-09T19:26:40.073+0000] {processor.py:826} INFO - Processing file /home/airflow/.local/lib/python3.7/site-packages/airflow/example_dags/example_python_operator.py for tasks to queue
[2023-07-09T19:26:40.075+0000] {logging_mixin.py:149} INFO - [2023-07-09T19:26:40.074+0000] {dagbag.py:541} INFO - Filling up the DagBag from /home/airflow/.local/lib/python3.7/site-packages/airflow/example_dags/example_python_operator.py
[2023-07-09T19:26:40.084+0000] {processor.py:836} INFO - DAG(s) dict_keys(['example_python_operator']) retrieved from /home/airflow/.local/lib/python3.7/site-packages/airflow/example_dags/example_python_operator.py
[2023-07-09T19:26:40.112+0000] {logging_mixin.py:149} INFO - [2023-07-09T19:26:40.112+0000] {dag.py:2726} INFO - Sync 1 DAGs
[2023-07-09T19:26:40.135+0000] {logging_mixin.py:149} INFO - [2023-07-09T19:26:40.135+0000] {dag.py:3490} INFO - Setting next_dagrun for example_python_operator to None, run_after=None
[2023-07-09T19:26:40.160+0000] {processor.py:179} INFO - Processing /home/airflow/.local/lib/python3.7/site-packages/airflow/example_dags/example_python_operator.py took 0.092 seconds
[2023-07-09T19:27:10.527+0000] {processor.py:157} INFO - Started process (PID=3266) to work on /home/airflow/.local/lib/python3.7/site-packages/airflow/example_dags/example_python_operator.py
[2023-07-09T19:27:10.528+0000] {processor.py:826} INFO - Processing file /home/airflow/.local/lib/python3.7/site-packages/airflow/example_dags/example_python_operator.py for tasks to queue
[2023-07-09T19:27:10.529+0000] {logging_mixin.py:149} INFO - [2023-07-09T19:27:10.528+0000] {dagbag.py:541} INFO - Filling up the DagBag from /home/airflow/.local/lib/python3.7/site-packages/airflow/example_dags/example_python_operator.py
[2023-07-09T19:27:10.538+0000] {processor.py:836} INFO - DAG(s) dict_keys(['example_python_operator']) retrieved from /home/airflow/.local/lib/python3.7/site-packages/airflow/example_dags/example_python_operator.py
[2023-07-09T19:27:10.565+0000] {logging_mixin.py:149} INFO - [2023-07-09T19:27:10.565+0000] {dag.py:2726} INFO - Sync 1 DAGs
[2023-07-09T19:27:10.591+0000] {logging_mixin.py:149} INFO - [2023-07-09T19:27:10.591+0000] {dag.py:3490} INFO - Setting next_dagrun for example_python_operator to None, run_after=None
[2023-07-09T19:27:10.614+0000] {processor.py:179} INFO - Processing /home/airflow/.local/lib/python3.7/site-packages/airflow/example_dags/example_python_operator.py took 0.092 seconds
[2023-07-09T19:27:41.206+0000] {processor.py:157} INFO - Started process (PID=3329) to work on /home/airflow/.local/lib/python3.7/site-packages/airflow/example_dags/example_python_operator.py
[2023-07-09T19:27:41.207+0000] {processor.py:826} INFO - Processing file /home/airflow/.local/lib/python3.7/site-packages/airflow/example_dags/example_python_operator.py for tasks to queue
[2023-07-09T19:27:41.208+0000] {logging_mixin.py:149} INFO - [2023-07-09T19:27:41.208+0000] {dagbag.py:541} INFO - Filling up the DagBag from /home/airflow/.local/lib/python3.7/site-packages/airflow/example_dags/example_python_operator.py
[2023-07-09T19:27:41.218+0000] {processor.py:836} INFO - DAG(s) dict_keys(['example_python_operator']) retrieved from /home/airflow/.local/lib/python3.7/site-packages/airflow/example_dags/example_python_operator.py
[2023-07-09T19:27:41.247+0000] {logging_mixin.py:149} INFO - [2023-07-09T19:27:41.247+0000] {dag.py:2726} INFO - Sync 1 DAGs
[2023-07-09T19:27:41.272+0000] {logging_mixin.py:149} INFO - [2023-07-09T19:27:41.272+0000] {dag.py:3490} INFO - Setting next_dagrun for example_python_operator to None, run_after=None
[2023-07-09T19:27:41.299+0000] {processor.py:179} INFO - Processing /home/airflow/.local/lib/python3.7/site-packages/airflow/example_dags/example_python_operator.py took 0.096 seconds
[2023-07-09T19:28:11.813+0000] {processor.py:157} INFO - Started process (PID=3391) to work on /home/airflow/.local/lib/python3.7/site-packages/airflow/example_dags/example_python_operator.py
[2023-07-09T19:28:11.814+0000] {processor.py:826} INFO - Processing file /home/airflow/.local/lib/python3.7/site-packages/airflow/example_dags/example_python_operator.py for tasks to queue
[2023-07-09T19:28:11.814+0000] {logging_mixin.py:149} INFO - [2023-07-09T19:28:11.814+0000] {dagbag.py:541} INFO - Filling up the DagBag from /home/airflow/.local/lib/python3.7/site-packages/airflow/example_dags/example_python_operator.py
[2023-07-09T19:28:11.824+0000] {processor.py:836} INFO - DAG(s) dict_keys(['example_python_operator']) retrieved from /home/airflow/.local/lib/python3.7/site-packages/airflow/example_dags/example_python_operator.py
[2023-07-09T19:28:11.923+0000] {logging_mixin.py:149} INFO - [2023-07-09T19:28:11.923+0000] {dag.py:2726} INFO - Sync 1 DAGs
[2023-07-09T19:28:11.956+0000] {logging_mixin.py:149} INFO - [2023-07-09T19:28:11.955+0000] {dag.py:3490} INFO - Setting next_dagrun for example_python_operator to None, run_after=None
[2023-07-09T19:28:11.986+0000] {processor.py:179} INFO - Processing /home/airflow/.local/lib/python3.7/site-packages/airflow/example_dags/example_python_operator.py took 0.176 seconds
[2023-07-09T19:28:42.296+0000] {processor.py:157} INFO - Started process (PID=3453) to work on /home/airflow/.local/lib/python3.7/site-packages/airflow/example_dags/example_python_operator.py
[2023-07-09T19:28:42.297+0000] {processor.py:826} INFO - Processing file /home/airflow/.local/lib/python3.7/site-packages/airflow/example_dags/example_python_operator.py for tasks to queue
[2023-07-09T19:28:42.297+0000] {logging_mixin.py:149} INFO - [2023-07-09T19:28:42.297+0000] {dagbag.py:541} INFO - Filling up the DagBag from /home/airflow/.local/lib/python3.7/site-packages/airflow/example_dags/example_python_operator.py
[2023-07-09T19:28:42.307+0000] {processor.py:836} INFO - DAG(s) dict_keys(['example_python_operator']) retrieved from /home/airflow/.local/lib/python3.7/site-packages/airflow/example_dags/example_python_operator.py
[2023-07-09T19:28:42.334+0000] {logging_mixin.py:149} INFO - [2023-07-09T19:28:42.334+0000] {dag.py:2726} INFO - Sync 1 DAGs
[2023-07-09T19:28:42.356+0000] {logging_mixin.py:149} INFO - [2023-07-09T19:28:42.356+0000] {dag.py:3490} INFO - Setting next_dagrun for example_python_operator to None, run_after=None
[2023-07-09T19:28:42.378+0000] {processor.py:179} INFO - Processing /home/airflow/.local/lib/python3.7/site-packages/airflow/example_dags/example_python_operator.py took 0.086 seconds
[2023-07-09T19:29:12.898+0000] {processor.py:157} INFO - Started process (PID=3515) to work on /home/airflow/.local/lib/python3.7/site-packages/airflow/example_dags/example_python_operator.py
[2023-07-09T19:29:12.899+0000] {processor.py:826} INFO - Processing file /home/airflow/.local/lib/python3.7/site-packages/airflow/example_dags/example_python_operator.py for tasks to queue
[2023-07-09T19:29:12.900+0000] {logging_mixin.py:149} INFO - [2023-07-09T19:29:12.900+0000] {dagbag.py:541} INFO - Filling up the DagBag from /home/airflow/.local/lib/python3.7/site-packages/airflow/example_dags/example_python_operator.py
[2023-07-09T19:29:12.910+0000] {processor.py:836} INFO - DAG(s) dict_keys(['example_python_operator']) retrieved from /home/airflow/.local/lib/python3.7/site-packages/airflow/example_dags/example_python_operator.py
[2023-07-09T19:29:12.936+0000] {logging_mixin.py:149} INFO - [2023-07-09T19:29:12.936+0000] {dag.py:2726} INFO - Sync 1 DAGs
[2023-07-09T19:29:12.958+0000] {logging_mixin.py:149} INFO - [2023-07-09T19:29:12.958+0000] {dag.py:3490} INFO - Setting next_dagrun for example_python_operator to None, run_after=None
[2023-07-09T19:29:12.981+0000] {processor.py:179} INFO - Processing /home/airflow/.local/lib/python3.7/site-packages/airflow/example_dags/example_python_operator.py took 0.085 seconds
[2023-07-09T19:29:43.580+0000] {processor.py:157} INFO - Started process (PID=3577) to work on /home/airflow/.local/lib/python3.7/site-packages/airflow/example_dags/example_python_operator.py
[2023-07-09T19:29:43.581+0000] {processor.py:826} INFO - Processing file /home/airflow/.local/lib/python3.7/site-packages/airflow/example_dags/example_python_operator.py for tasks to queue
[2023-07-09T19:29:43.582+0000] {logging_mixin.py:149} INFO - [2023-07-09T19:29:43.581+0000] {dagbag.py:541} INFO - Filling up the DagBag from /home/airflow/.local/lib/python3.7/site-packages/airflow/example_dags/example_python_operator.py
[2023-07-09T19:29:43.592+0000] {processor.py:836} INFO - DAG(s) dict_keys(['example_python_operator']) retrieved from /home/airflow/.local/lib/python3.7/site-packages/airflow/example_dags/example_python_operator.py
[2023-07-09T19:29:43.658+0000] {logging_mixin.py:149} INFO - [2023-07-09T19:29:43.658+0000] {dag.py:2726} INFO - Sync 1 DAGs
[2023-07-09T19:29:43.702+0000] {logging_mixin.py:149} INFO - [2023-07-09T19:29:43.701+0000] {dag.py:3490} INFO - Setting next_dagrun for example_python_operator to None, run_after=None
[2023-07-09T19:29:43.739+0000] {processor.py:179} INFO - Processing /home/airflow/.local/lib/python3.7/site-packages/airflow/example_dags/example_python_operator.py took 0.162 seconds
[2023-07-09T19:30:14.141+0000] {processor.py:157} INFO - Started process (PID=3646) to work on /home/airflow/.local/lib/python3.7/site-packages/airflow/example_dags/example_python_operator.py
[2023-07-09T19:30:14.142+0000] {processor.py:826} INFO - Processing file /home/airflow/.local/lib/python3.7/site-packages/airflow/example_dags/example_python_operator.py for tasks to queue
[2023-07-09T19:30:14.143+0000] {logging_mixin.py:149} INFO - [2023-07-09T19:30:14.143+0000] {dagbag.py:541} INFO - Filling up the DagBag from /home/airflow/.local/lib/python3.7/site-packages/airflow/example_dags/example_python_operator.py
[2023-07-09T19:30:14.152+0000] {processor.py:836} INFO - DAG(s) dict_keys(['example_python_operator']) retrieved from /home/airflow/.local/lib/python3.7/site-packages/airflow/example_dags/example_python_operator.py
[2023-07-09T19:30:14.178+0000] {logging_mixin.py:149} INFO - [2023-07-09T19:30:14.178+0000] {dag.py:2726} INFO - Sync 1 DAGs
[2023-07-09T19:30:14.200+0000] {logging_mixin.py:149} INFO - [2023-07-09T19:30:14.200+0000] {dag.py:3490} INFO - Setting next_dagrun for example_python_operator to None, run_after=None
[2023-07-09T19:30:14.222+0000] {processor.py:179} INFO - Processing /home/airflow/.local/lib/python3.7/site-packages/airflow/example_dags/example_python_operator.py took 0.084 seconds
[2023-07-09T19:30:44.469+0000] {processor.py:157} INFO - Started process (PID=3708) to work on /home/airflow/.local/lib/python3.7/site-packages/airflow/example_dags/example_python_operator.py
[2023-07-09T19:30:44.470+0000] {processor.py:826} INFO - Processing file /home/airflow/.local/lib/python3.7/site-packages/airflow/example_dags/example_python_operator.py for tasks to queue
[2023-07-09T19:30:44.470+0000] {logging_mixin.py:149} INFO - [2023-07-09T19:30:44.470+0000] {dagbag.py:541} INFO - Filling up the DagBag from /home/airflow/.local/lib/python3.7/site-packages/airflow/example_dags/example_python_operator.py
[2023-07-09T19:30:44.480+0000] {processor.py:836} INFO - DAG(s) dict_keys(['example_python_operator']) retrieved from /home/airflow/.local/lib/python3.7/site-packages/airflow/example_dags/example_python_operator.py
[2023-07-09T19:30:44.510+0000] {logging_mixin.py:149} INFO - [2023-07-09T19:30:44.509+0000] {dag.py:2726} INFO - Sync 1 DAGs
[2023-07-09T19:30:44.534+0000] {logging_mixin.py:149} INFO - [2023-07-09T19:30:44.534+0000] {dag.py:3490} INFO - Setting next_dagrun for example_python_operator to None, run_after=None
[2023-07-09T19:30:44.560+0000] {processor.py:179} INFO - Processing /home/airflow/.local/lib/python3.7/site-packages/airflow/example_dags/example_python_operator.py took 0.094 seconds
[2023-07-09T19:31:15.274+0000] {processor.py:157} INFO - Started process (PID=3761) to work on /home/airflow/.local/lib/python3.7/site-packages/airflow/example_dags/example_python_operator.py
[2023-07-09T19:31:15.275+0000] {processor.py:826} INFO - Processing file /home/airflow/.local/lib/python3.7/site-packages/airflow/example_dags/example_python_operator.py for tasks to queue
[2023-07-09T19:31:15.276+0000] {logging_mixin.py:149} INFO - [2023-07-09T19:31:15.276+0000] {dagbag.py:541} INFO - Filling up the DagBag from /home/airflow/.local/lib/python3.7/site-packages/airflow/example_dags/example_python_operator.py
[2023-07-09T19:31:15.287+0000] {processor.py:836} INFO - DAG(s) dict_keys(['example_python_operator']) retrieved from /home/airflow/.local/lib/python3.7/site-packages/airflow/example_dags/example_python_operator.py
[2023-07-09T19:31:15.313+0000] {logging_mixin.py:149} INFO - [2023-07-09T19:31:15.313+0000] {dag.py:2726} INFO - Sync 1 DAGs
[2023-07-09T19:31:15.340+0000] {logging_mixin.py:149} INFO - [2023-07-09T19:31:15.340+0000] {dag.py:3490} INFO - Setting next_dagrun for example_python_operator to None, run_after=None
[2023-07-09T19:31:15.369+0000] {processor.py:179} INFO - Processing /home/airflow/.local/lib/python3.7/site-packages/airflow/example_dags/example_python_operator.py took 0.098 seconds
[2023-07-09T19:31:45.796+0000] {processor.py:157} INFO - Started process (PID=3823) to work on /home/airflow/.local/lib/python3.7/site-packages/airflow/example_dags/example_python_operator.py
[2023-07-09T19:31:45.797+0000] {processor.py:826} INFO - Processing file /home/airflow/.local/lib/python3.7/site-packages/airflow/example_dags/example_python_operator.py for tasks to queue
[2023-07-09T19:31:45.798+0000] {logging_mixin.py:149} INFO - [2023-07-09T19:31:45.798+0000] {dagbag.py:541} INFO - Filling up the DagBag from /home/airflow/.local/lib/python3.7/site-packages/airflow/example_dags/example_python_operator.py
[2023-07-09T19:31:45.808+0000] {processor.py:836} INFO - DAG(s) dict_keys(['example_python_operator']) retrieved from /home/airflow/.local/lib/python3.7/site-packages/airflow/example_dags/example_python_operator.py
[2023-07-09T19:31:45.836+0000] {logging_mixin.py:149} INFO - [2023-07-09T19:31:45.836+0000] {dag.py:2726} INFO - Sync 1 DAGs
[2023-07-09T19:31:45.860+0000] {logging_mixin.py:149} INFO - [2023-07-09T19:31:45.859+0000] {dag.py:3490} INFO - Setting next_dagrun for example_python_operator to None, run_after=None
[2023-07-09T19:31:45.883+0000] {processor.py:179} INFO - Processing /home/airflow/.local/lib/python3.7/site-packages/airflow/example_dags/example_python_operator.py took 0.090 seconds
[2023-07-09T19:32:16.056+0000] {processor.py:157} INFO - Started process (PID=3885) to work on /home/airflow/.local/lib/python3.7/site-packages/airflow/example_dags/example_python_operator.py
[2023-07-09T19:32:16.057+0000] {processor.py:826} INFO - Processing file /home/airflow/.local/lib/python3.7/site-packages/airflow/example_dags/example_python_operator.py for tasks to queue
[2023-07-09T19:32:16.058+0000] {logging_mixin.py:149} INFO - [2023-07-09T19:32:16.057+0000] {dagbag.py:541} INFO - Filling up the DagBag from /home/airflow/.local/lib/python3.7/site-packages/airflow/example_dags/example_python_operator.py
[2023-07-09T19:32:16.067+0000] {processor.py:836} INFO - DAG(s) dict_keys(['example_python_operator']) retrieved from /home/airflow/.local/lib/python3.7/site-packages/airflow/example_dags/example_python_operator.py
[2023-07-09T19:32:16.091+0000] {logging_mixin.py:149} INFO - [2023-07-09T19:32:16.091+0000] {dag.py:2726} INFO - Sync 1 DAGs
[2023-07-09T19:32:16.114+0000] {logging_mixin.py:149} INFO - [2023-07-09T19:32:16.113+0000] {dag.py:3490} INFO - Setting next_dagrun for example_python_operator to None, run_after=None
[2023-07-09T19:32:16.135+0000] {processor.py:179} INFO - Processing /home/airflow/.local/lib/python3.7/site-packages/airflow/example_dags/example_python_operator.py took 0.082 seconds
[2023-07-09T19:32:46.217+0000] {processor.py:157} INFO - Started process (PID=3947) to work on /home/airflow/.local/lib/python3.7/site-packages/airflow/example_dags/example_python_operator.py
[2023-07-09T19:32:46.218+0000] {processor.py:826} INFO - Processing file /home/airflow/.local/lib/python3.7/site-packages/airflow/example_dags/example_python_operator.py for tasks to queue
[2023-07-09T19:32:46.219+0000] {logging_mixin.py:149} INFO - [2023-07-09T19:32:46.219+0000] {dagbag.py:541} INFO - Filling up the DagBag from /home/airflow/.local/lib/python3.7/site-packages/airflow/example_dags/example_python_operator.py
[2023-07-09T19:32:46.231+0000] {processor.py:836} INFO - DAG(s) dict_keys(['example_python_operator']) retrieved from /home/airflow/.local/lib/python3.7/site-packages/airflow/example_dags/example_python_operator.py
[2023-07-09T19:32:46.260+0000] {logging_mixin.py:149} INFO - [2023-07-09T19:32:46.260+0000] {dag.py:2726} INFO - Sync 1 DAGs
[2023-07-09T19:32:46.283+0000] {logging_mixin.py:149} INFO - [2023-07-09T19:32:46.283+0000] {dag.py:3490} INFO - Setting next_dagrun for example_python_operator to None, run_after=None
[2023-07-09T19:32:46.304+0000] {processor.py:179} INFO - Processing /home/airflow/.local/lib/python3.7/site-packages/airflow/example_dags/example_python_operator.py took 0.091 seconds
[2023-07-09T19:33:16.836+0000] {processor.py:157} INFO - Started process (PID=4009) to work on /home/airflow/.local/lib/python3.7/site-packages/airflow/example_dags/example_python_operator.py
[2023-07-09T19:33:16.837+0000] {processor.py:826} INFO - Processing file /home/airflow/.local/lib/python3.7/site-packages/airflow/example_dags/example_python_operator.py for tasks to queue
[2023-07-09T19:33:16.838+0000] {logging_mixin.py:149} INFO - [2023-07-09T19:33:16.838+0000] {dagbag.py:541} INFO - Filling up the DagBag from /home/airflow/.local/lib/python3.7/site-packages/airflow/example_dags/example_python_operator.py
[2023-07-09T19:33:16.849+0000] {processor.py:836} INFO - DAG(s) dict_keys(['example_python_operator']) retrieved from /home/airflow/.local/lib/python3.7/site-packages/airflow/example_dags/example_python_operator.py
[2023-07-09T19:33:16.878+0000] {logging_mixin.py:149} INFO - [2023-07-09T19:33:16.877+0000] {dag.py:2726} INFO - Sync 1 DAGs
[2023-07-09T19:33:16.904+0000] {logging_mixin.py:149} INFO - [2023-07-09T19:33:16.904+0000] {dag.py:3490} INFO - Setting next_dagrun for example_python_operator to None, run_after=None
[2023-07-09T19:33:16.925+0000] {processor.py:179} INFO - Processing /home/airflow/.local/lib/python3.7/site-packages/airflow/example_dags/example_python_operator.py took 0.093 seconds
[2023-07-09T19:33:47.057+0000] {processor.py:157} INFO - Started process (PID=4071) to work on /home/airflow/.local/lib/python3.7/site-packages/airflow/example_dags/example_python_operator.py
[2023-07-09T19:33:47.058+0000] {processor.py:826} INFO - Processing file /home/airflow/.local/lib/python3.7/site-packages/airflow/example_dags/example_python_operator.py for tasks to queue
[2023-07-09T19:33:47.059+0000] {logging_mixin.py:149} INFO - [2023-07-09T19:33:47.059+0000] {dagbag.py:541} INFO - Filling up the DagBag from /home/airflow/.local/lib/python3.7/site-packages/airflow/example_dags/example_python_operator.py
[2023-07-09T19:33:47.068+0000] {processor.py:836} INFO - DAG(s) dict_keys(['example_python_operator']) retrieved from /home/airflow/.local/lib/python3.7/site-packages/airflow/example_dags/example_python_operator.py
[2023-07-09T19:33:47.094+0000] {logging_mixin.py:149} INFO - [2023-07-09T19:33:47.094+0000] {dag.py:2726} INFO - Sync 1 DAGs
[2023-07-09T19:33:47.117+0000] {logging_mixin.py:149} INFO - [2023-07-09T19:33:47.116+0000] {dag.py:3490} INFO - Setting next_dagrun for example_python_operator to None, run_after=None
[2023-07-09T19:33:47.138+0000] {processor.py:179} INFO - Processing /home/airflow/.local/lib/python3.7/site-packages/airflow/example_dags/example_python_operator.py took 0.084 seconds
[2023-07-09T19:34:17.294+0000] {processor.py:157} INFO - Started process (PID=4133) to work on /home/airflow/.local/lib/python3.7/site-packages/airflow/example_dags/example_python_operator.py
[2023-07-09T19:34:17.295+0000] {processor.py:826} INFO - Processing file /home/airflow/.local/lib/python3.7/site-packages/airflow/example_dags/example_python_operator.py for tasks to queue
[2023-07-09T19:34:17.296+0000] {logging_mixin.py:149} INFO - [2023-07-09T19:34:17.296+0000] {dagbag.py:541} INFO - Filling up the DagBag from /home/airflow/.local/lib/python3.7/site-packages/airflow/example_dags/example_python_operator.py
[2023-07-09T19:34:17.305+0000] {processor.py:836} INFO - DAG(s) dict_keys(['example_python_operator']) retrieved from /home/airflow/.local/lib/python3.7/site-packages/airflow/example_dags/example_python_operator.py
[2023-07-09T19:34:17.329+0000] {logging_mixin.py:149} INFO - [2023-07-09T19:34:17.329+0000] {dag.py:2726} INFO - Sync 1 DAGs
[2023-07-09T19:34:17.352+0000] {logging_mixin.py:149} INFO - [2023-07-09T19:34:17.352+0000] {dag.py:3490} INFO - Setting next_dagrun for example_python_operator to None, run_after=None
[2023-07-09T19:34:17.375+0000] {processor.py:179} INFO - Processing /home/airflow/.local/lib/python3.7/site-packages/airflow/example_dags/example_python_operator.py took 0.084 seconds
[2023-07-09T19:34:47.965+0000] {processor.py:157} INFO - Started process (PID=4195) to work on /home/airflow/.local/lib/python3.7/site-packages/airflow/example_dags/example_python_operator.py
[2023-07-09T19:34:47.966+0000] {processor.py:826} INFO - Processing file /home/airflow/.local/lib/python3.7/site-packages/airflow/example_dags/example_python_operator.py for tasks to queue
[2023-07-09T19:34:47.967+0000] {logging_mixin.py:149} INFO - [2023-07-09T19:34:47.967+0000] {dagbag.py:541} INFO - Filling up the DagBag from /home/airflow/.local/lib/python3.7/site-packages/airflow/example_dags/example_python_operator.py
[2023-07-09T19:34:47.977+0000] {processor.py:836} INFO - DAG(s) dict_keys(['example_python_operator']) retrieved from /home/airflow/.local/lib/python3.7/site-packages/airflow/example_dags/example_python_operator.py
[2023-07-09T19:34:48.003+0000] {logging_mixin.py:149} INFO - [2023-07-09T19:34:48.003+0000] {dag.py:2726} INFO - Sync 1 DAGs
[2023-07-09T19:34:48.025+0000] {logging_mixin.py:149} INFO - [2023-07-09T19:34:48.025+0000] {dag.py:3490} INFO - Setting next_dagrun for example_python_operator to None, run_after=None
[2023-07-09T19:34:48.047+0000] {processor.py:179} INFO - Processing /home/airflow/.local/lib/python3.7/site-packages/airflow/example_dags/example_python_operator.py took 0.084 seconds
[2023-07-09T19:35:18.181+0000] {processor.py:157} INFO - Started process (PID=4257) to work on /home/airflow/.local/lib/python3.7/site-packages/airflow/example_dags/example_python_operator.py
[2023-07-09T19:35:18.182+0000] {processor.py:826} INFO - Processing file /home/airflow/.local/lib/python3.7/site-packages/airflow/example_dags/example_python_operator.py for tasks to queue
[2023-07-09T19:35:18.183+0000] {logging_mixin.py:149} INFO - [2023-07-09T19:35:18.183+0000] {dagbag.py:541} INFO - Filling up the DagBag from /home/airflow/.local/lib/python3.7/site-packages/airflow/example_dags/example_python_operator.py
[2023-07-09T19:35:18.193+0000] {processor.py:836} INFO - DAG(s) dict_keys(['example_python_operator']) retrieved from /home/airflow/.local/lib/python3.7/site-packages/airflow/example_dags/example_python_operator.py
[2023-07-09T19:35:18.219+0000] {logging_mixin.py:149} INFO - [2023-07-09T19:35:18.218+0000] {dag.py:2726} INFO - Sync 1 DAGs
[2023-07-09T19:35:18.240+0000] {logging_mixin.py:149} INFO - [2023-07-09T19:35:18.240+0000] {dag.py:3490} INFO - Setting next_dagrun for example_python_operator to None, run_after=None
[2023-07-09T19:35:18.263+0000] {processor.py:179} INFO - Processing /home/airflow/.local/lib/python3.7/site-packages/airflow/example_dags/example_python_operator.py took 0.085 seconds
[2023-07-09T19:35:48.609+0000] {processor.py:157} INFO - Started process (PID=4319) to work on /home/airflow/.local/lib/python3.7/site-packages/airflow/example_dags/example_python_operator.py
[2023-07-09T19:35:48.610+0000] {processor.py:826} INFO - Processing file /home/airflow/.local/lib/python3.7/site-packages/airflow/example_dags/example_python_operator.py for tasks to queue
[2023-07-09T19:35:48.611+0000] {logging_mixin.py:149} INFO - [2023-07-09T19:35:48.611+0000] {dagbag.py:541} INFO - Filling up the DagBag from /home/airflow/.local/lib/python3.7/site-packages/airflow/example_dags/example_python_operator.py
[2023-07-09T19:35:48.620+0000] {processor.py:836} INFO - DAG(s) dict_keys(['example_python_operator']) retrieved from /home/airflow/.local/lib/python3.7/site-packages/airflow/example_dags/example_python_operator.py
[2023-07-09T19:35:48.645+0000] {logging_mixin.py:149} INFO - [2023-07-09T19:35:48.645+0000] {dag.py:2726} INFO - Sync 1 DAGs
[2023-07-09T19:35:48.667+0000] {logging_mixin.py:149} INFO - [2023-07-09T19:35:48.667+0000] {dag.py:3490} INFO - Setting next_dagrun for example_python_operator to None, run_after=None
[2023-07-09T19:35:48.687+0000] {processor.py:179} INFO - Processing /home/airflow/.local/lib/python3.7/site-packages/airflow/example_dags/example_python_operator.py took 0.080 seconds
[2023-07-09T19:36:18.793+0000] {processor.py:157} INFO - Started process (PID=4381) to work on /home/airflow/.local/lib/python3.7/site-packages/airflow/example_dags/example_python_operator.py
[2023-07-09T19:36:18.793+0000] {processor.py:826} INFO - Processing file /home/airflow/.local/lib/python3.7/site-packages/airflow/example_dags/example_python_operator.py for tasks to queue
[2023-07-09T19:36:18.794+0000] {logging_mixin.py:149} INFO - [2023-07-09T19:36:18.794+0000] {dagbag.py:541} INFO - Filling up the DagBag from /home/airflow/.local/lib/python3.7/site-packages/airflow/example_dags/example_python_operator.py
[2023-07-09T19:36:18.803+0000] {processor.py:836} INFO - DAG(s) dict_keys(['example_python_operator']) retrieved from /home/airflow/.local/lib/python3.7/site-packages/airflow/example_dags/example_python_operator.py
[2023-07-09T19:36:18.831+0000] {logging_mixin.py:149} INFO - [2023-07-09T19:36:18.831+0000] {dag.py:2726} INFO - Sync 1 DAGs
[2023-07-09T19:36:18.857+0000] {logging_mixin.py:149} INFO - [2023-07-09T19:36:18.857+0000] {dag.py:3490} INFO - Setting next_dagrun for example_python_operator to None, run_after=None
[2023-07-09T19:36:18.880+0000] {processor.py:179} INFO - Processing /home/airflow/.local/lib/python3.7/site-packages/airflow/example_dags/example_python_operator.py took 0.091 seconds
[2023-07-09T19:36:49.127+0000] {processor.py:157} INFO - Started process (PID=4443) to work on /home/airflow/.local/lib/python3.7/site-packages/airflow/example_dags/example_python_operator.py
[2023-07-09T19:36:49.128+0000] {processor.py:826} INFO - Processing file /home/airflow/.local/lib/python3.7/site-packages/airflow/example_dags/example_python_operator.py for tasks to queue
[2023-07-09T19:36:49.129+0000] {logging_mixin.py:149} INFO - [2023-07-09T19:36:49.129+0000] {dagbag.py:541} INFO - Filling up the DagBag from /home/airflow/.local/lib/python3.7/site-packages/airflow/example_dags/example_python_operator.py
[2023-07-09T19:36:49.140+0000] {processor.py:836} INFO - DAG(s) dict_keys(['example_python_operator']) retrieved from /home/airflow/.local/lib/python3.7/site-packages/airflow/example_dags/example_python_operator.py
[2023-07-09T19:36:49.173+0000] {logging_mixin.py:149} INFO - [2023-07-09T19:36:49.172+0000] {dag.py:2726} INFO - Sync 1 DAGs
[2023-07-09T19:36:49.195+0000] {logging_mixin.py:149} INFO - [2023-07-09T19:36:49.195+0000] {dag.py:3490} INFO - Setting next_dagrun for example_python_operator to None, run_after=None
[2023-07-09T19:36:49.214+0000] {processor.py:179} INFO - Processing /home/airflow/.local/lib/python3.7/site-packages/airflow/example_dags/example_python_operator.py took 0.090 seconds
[2023-07-09T19:37:19.373+0000] {processor.py:157} INFO - Started process (PID=4505) to work on /home/airflow/.local/lib/python3.7/site-packages/airflow/example_dags/example_python_operator.py
[2023-07-09T19:37:19.375+0000] {processor.py:826} INFO - Processing file /home/airflow/.local/lib/python3.7/site-packages/airflow/example_dags/example_python_operator.py for tasks to queue
[2023-07-09T19:37:19.378+0000] {logging_mixin.py:149} INFO - [2023-07-09T19:37:19.377+0000] {dagbag.py:541} INFO - Filling up the DagBag from /home/airflow/.local/lib/python3.7/site-packages/airflow/example_dags/example_python_operator.py
[2023-07-09T19:37:19.391+0000] {processor.py:836} INFO - DAG(s) dict_keys(['example_python_operator']) retrieved from /home/airflow/.local/lib/python3.7/site-packages/airflow/example_dags/example_python_operator.py
[2023-07-09T19:37:19.423+0000] {logging_mixin.py:149} INFO - [2023-07-09T19:37:19.423+0000] {dag.py:2726} INFO - Sync 1 DAGs
[2023-07-09T19:37:19.452+0000] {logging_mixin.py:149} INFO - [2023-07-09T19:37:19.452+0000] {dag.py:3490} INFO - Setting next_dagrun for example_python_operator to None, run_after=None
[2023-07-09T19:37:19.474+0000] {processor.py:179} INFO - Processing /home/airflow/.local/lib/python3.7/site-packages/airflow/example_dags/example_python_operator.py took 0.106 seconds
[2023-07-09T19:37:49.666+0000] {processor.py:157} INFO - Started process (PID=4567) to work on /home/airflow/.local/lib/python3.7/site-packages/airflow/example_dags/example_python_operator.py
[2023-07-09T19:37:49.667+0000] {processor.py:826} INFO - Processing file /home/airflow/.local/lib/python3.7/site-packages/airflow/example_dags/example_python_operator.py for tasks to queue
[2023-07-09T19:37:49.669+0000] {logging_mixin.py:149} INFO - [2023-07-09T19:37:49.669+0000] {dagbag.py:541} INFO - Filling up the DagBag from /home/airflow/.local/lib/python3.7/site-packages/airflow/example_dags/example_python_operator.py
[2023-07-09T19:37:49.682+0000] {processor.py:836} INFO - DAG(s) dict_keys(['example_python_operator']) retrieved from /home/airflow/.local/lib/python3.7/site-packages/airflow/example_dags/example_python_operator.py
[2023-07-09T19:37:49.736+0000] {logging_mixin.py:149} INFO - [2023-07-09T19:37:49.735+0000] {dag.py:2726} INFO - Sync 1 DAGs
[2023-07-09T19:37:49.764+0000] {logging_mixin.py:149} INFO - [2023-07-09T19:37:49.764+0000] {dag.py:3490} INFO - Setting next_dagrun for example_python_operator to None, run_after=None
[2023-07-09T19:37:49.784+0000] {processor.py:179} INFO - Processing /home/airflow/.local/lib/python3.7/site-packages/airflow/example_dags/example_python_operator.py took 0.123 seconds
[2023-07-09T19:38:20.049+0000] {processor.py:157} INFO - Started process (PID=4629) to work on /home/airflow/.local/lib/python3.7/site-packages/airflow/example_dags/example_python_operator.py
[2023-07-09T19:38:20.050+0000] {processor.py:826} INFO - Processing file /home/airflow/.local/lib/python3.7/site-packages/airflow/example_dags/example_python_operator.py for tasks to queue
[2023-07-09T19:38:20.051+0000] {logging_mixin.py:149} INFO - [2023-07-09T19:38:20.051+0000] {dagbag.py:541} INFO - Filling up the DagBag from /home/airflow/.local/lib/python3.7/site-packages/airflow/example_dags/example_python_operator.py
[2023-07-09T19:38:20.062+0000] {processor.py:836} INFO - DAG(s) dict_keys(['example_python_operator']) retrieved from /home/airflow/.local/lib/python3.7/site-packages/airflow/example_dags/example_python_operator.py
[2023-07-09T19:38:20.095+0000] {logging_mixin.py:149} INFO - [2023-07-09T19:38:20.095+0000] {dag.py:2726} INFO - Sync 1 DAGs
[2023-07-09T19:38:20.121+0000] {logging_mixin.py:149} INFO - [2023-07-09T19:38:20.121+0000] {dag.py:3490} INFO - Setting next_dagrun for example_python_operator to None, run_after=None
[2023-07-09T19:38:20.144+0000] {processor.py:179} INFO - Processing /home/airflow/.local/lib/python3.7/site-packages/airflow/example_dags/example_python_operator.py took 0.099 seconds
[2023-07-09T19:38:50.208+0000] {processor.py:157} INFO - Started process (PID=4691) to work on /home/airflow/.local/lib/python3.7/site-packages/airflow/example_dags/example_python_operator.py
[2023-07-09T19:38:50.209+0000] {processor.py:826} INFO - Processing file /home/airflow/.local/lib/python3.7/site-packages/airflow/example_dags/example_python_operator.py for tasks to queue
[2023-07-09T19:38:50.210+0000] {logging_mixin.py:149} INFO - [2023-07-09T19:38:50.210+0000] {dagbag.py:541} INFO - Filling up the DagBag from /home/airflow/.local/lib/python3.7/site-packages/airflow/example_dags/example_python_operator.py
[2023-07-09T19:38:50.221+0000] {processor.py:836} INFO - DAG(s) dict_keys(['example_python_operator']) retrieved from /home/airflow/.local/lib/python3.7/site-packages/airflow/example_dags/example_python_operator.py
[2023-07-09T19:38:50.249+0000] {logging_mixin.py:149} INFO - [2023-07-09T19:38:50.248+0000] {dag.py:2726} INFO - Sync 1 DAGs
[2023-07-09T19:38:50.280+0000] {logging_mixin.py:149} INFO - [2023-07-09T19:38:50.280+0000] {dag.py:3490} INFO - Setting next_dagrun for example_python_operator to None, run_after=None
[2023-07-09T19:38:50.306+0000] {processor.py:179} INFO - Processing /home/airflow/.local/lib/python3.7/site-packages/airflow/example_dags/example_python_operator.py took 0.101 seconds
[2023-07-09T19:39:20.691+0000] {processor.py:157} INFO - Started process (PID=4753) to work on /home/airflow/.local/lib/python3.7/site-packages/airflow/example_dags/example_python_operator.py
[2023-07-09T19:39:20.692+0000] {processor.py:826} INFO - Processing file /home/airflow/.local/lib/python3.7/site-packages/airflow/example_dags/example_python_operator.py for tasks to queue
[2023-07-09T19:39:20.693+0000] {logging_mixin.py:149} INFO - [2023-07-09T19:39:20.693+0000] {dagbag.py:541} INFO - Filling up the DagBag from /home/airflow/.local/lib/python3.7/site-packages/airflow/example_dags/example_python_operator.py
[2023-07-09T19:39:20.705+0000] {processor.py:836} INFO - DAG(s) dict_keys(['example_python_operator']) retrieved from /home/airflow/.local/lib/python3.7/site-packages/airflow/example_dags/example_python_operator.py
[2023-07-09T19:39:20.730+0000] {logging_mixin.py:149} INFO - [2023-07-09T19:39:20.730+0000] {dag.py:2726} INFO - Sync 1 DAGs
[2023-07-09T19:39:20.755+0000] {logging_mixin.py:149} INFO - [2023-07-09T19:39:20.754+0000] {dag.py:3490} INFO - Setting next_dagrun for example_python_operator to None, run_after=None
[2023-07-09T19:39:20.779+0000] {processor.py:179} INFO - Processing /home/airflow/.local/lib/python3.7/site-packages/airflow/example_dags/example_python_operator.py took 0.091 seconds
[2023-07-09T19:39:51.161+0000] {processor.py:157} INFO - Started process (PID=4815) to work on /home/airflow/.local/lib/python3.7/site-packages/airflow/example_dags/example_python_operator.py
[2023-07-09T19:39:51.162+0000] {processor.py:826} INFO - Processing file /home/airflow/.local/lib/python3.7/site-packages/airflow/example_dags/example_python_operator.py for tasks to queue
[2023-07-09T19:39:51.163+0000] {logging_mixin.py:149} INFO - [2023-07-09T19:39:51.163+0000] {dagbag.py:541} INFO - Filling up the DagBag from /home/airflow/.local/lib/python3.7/site-packages/airflow/example_dags/example_python_operator.py
[2023-07-09T19:39:51.172+0000] {processor.py:836} INFO - DAG(s) dict_keys(['example_python_operator']) retrieved from /home/airflow/.local/lib/python3.7/site-packages/airflow/example_dags/example_python_operator.py
[2023-07-09T19:39:51.198+0000] {logging_mixin.py:149} INFO - [2023-07-09T19:39:51.197+0000] {dag.py:2726} INFO - Sync 1 DAGs
[2023-07-09T19:39:51.221+0000] {logging_mixin.py:149} INFO - [2023-07-09T19:39:51.221+0000] {dag.py:3490} INFO - Setting next_dagrun for example_python_operator to None, run_after=None
[2023-07-09T19:39:51.244+0000] {processor.py:179} INFO - Processing /home/airflow/.local/lib/python3.7/site-packages/airflow/example_dags/example_python_operator.py took 0.085 seconds
[2023-07-09T19:40:21.430+0000] {processor.py:157} INFO - Started process (PID=4877) to work on /home/airflow/.local/lib/python3.7/site-packages/airflow/example_dags/example_python_operator.py
[2023-07-09T19:40:21.431+0000] {processor.py:826} INFO - Processing file /home/airflow/.local/lib/python3.7/site-packages/airflow/example_dags/example_python_operator.py for tasks to queue
[2023-07-09T19:40:21.432+0000] {logging_mixin.py:149} INFO - [2023-07-09T19:40:21.432+0000] {dagbag.py:541} INFO - Filling up the DagBag from /home/airflow/.local/lib/python3.7/site-packages/airflow/example_dags/example_python_operator.py
[2023-07-09T19:40:21.441+0000] {processor.py:836} INFO - DAG(s) dict_keys(['example_python_operator']) retrieved from /home/airflow/.local/lib/python3.7/site-packages/airflow/example_dags/example_python_operator.py
[2023-07-09T19:40:21.465+0000] {logging_mixin.py:149} INFO - [2023-07-09T19:40:21.465+0000] {dag.py:2726} INFO - Sync 1 DAGs
[2023-07-09T19:40:21.486+0000] {logging_mixin.py:149} INFO - [2023-07-09T19:40:21.486+0000] {dag.py:3490} INFO - Setting next_dagrun for example_python_operator to None, run_after=None
[2023-07-09T19:40:21.506+0000] {processor.py:179} INFO - Processing /home/airflow/.local/lib/python3.7/site-packages/airflow/example_dags/example_python_operator.py took 0.080 seconds
[2023-07-09T19:40:51.907+0000] {processor.py:157} INFO - Started process (PID=4939) to work on /home/airflow/.local/lib/python3.7/site-packages/airflow/example_dags/example_python_operator.py
[2023-07-09T19:40:51.908+0000] {processor.py:826} INFO - Processing file /home/airflow/.local/lib/python3.7/site-packages/airflow/example_dags/example_python_operator.py for tasks to queue
[2023-07-09T19:40:51.909+0000] {logging_mixin.py:149} INFO - [2023-07-09T19:40:51.909+0000] {dagbag.py:541} INFO - Filling up the DagBag from /home/airflow/.local/lib/python3.7/site-packages/airflow/example_dags/example_python_operator.py
[2023-07-09T19:40:51.917+0000] {processor.py:836} INFO - DAG(s) dict_keys(['example_python_operator']) retrieved from /home/airflow/.local/lib/python3.7/site-packages/airflow/example_dags/example_python_operator.py
[2023-07-09T19:40:51.944+0000] {logging_mixin.py:149} INFO - [2023-07-09T19:40:51.944+0000] {dag.py:2726} INFO - Sync 1 DAGs
[2023-07-09T19:40:51.966+0000] {logging_mixin.py:149} INFO - [2023-07-09T19:40:51.965+0000] {dag.py:3490} INFO - Setting next_dagrun for example_python_operator to None, run_after=None
[2023-07-09T19:40:51.986+0000] {processor.py:179} INFO - Processing /home/airflow/.local/lib/python3.7/site-packages/airflow/example_dags/example_python_operator.py took 0.082 seconds
[2023-07-09T23:59:30.096+0000] {processor.py:157} INFO - Started process (PID=5027) to work on /home/airflow/.local/lib/python3.7/site-packages/airflow/example_dags/example_python_operator.py
[2023-07-09T23:59:30.098+0000] {processor.py:826} INFO - Processing file /home/airflow/.local/lib/python3.7/site-packages/airflow/example_dags/example_python_operator.py for tasks to queue
[2023-07-09T23:59:30.099+0000] {logging_mixin.py:149} INFO - [2023-07-09T23:59:30.099+0000] {dagbag.py:541} INFO - Filling up the DagBag from /home/airflow/.local/lib/python3.7/site-packages/airflow/example_dags/example_python_operator.py
[2023-07-09T23:59:30.114+0000] {processor.py:836} INFO - DAG(s) dict_keys(['example_python_operator']) retrieved from /home/airflow/.local/lib/python3.7/site-packages/airflow/example_dags/example_python_operator.py
[2023-07-09T23:59:30.150+0000] {logging_mixin.py:149} INFO - [2023-07-09T23:59:30.150+0000] {dag.py:2726} INFO - Sync 1 DAGs
[2023-07-09T23:59:30.178+0000] {logging_mixin.py:149} INFO - [2023-07-09T23:59:30.178+0000] {dag.py:3490} INFO - Setting next_dagrun for example_python_operator to None, run_after=None
[2023-07-09T23:59:30.208+0000] {processor.py:179} INFO - Processing /home/airflow/.local/lib/python3.7/site-packages/airflow/example_dags/example_python_operator.py took 0.116 seconds
