[2023-07-09T19:06:55.552+0000] {processor.py:157} INFO - Started process (PID=812) to work on /home/airflow/.local/lib/python3.7/site-packages/airflow/example_dags/example_trigger_target_dag.py
[2023-07-09T19:06:55.553+0000] {processor.py:826} INFO - Processing file /home/airflow/.local/lib/python3.7/site-packages/airflow/example_dags/example_trigger_target_dag.py for tasks to queue
[2023-07-09T19:06:55.554+0000] {logging_mixin.py:149} INFO - [2023-07-09T19:06:55.554+0000] {dagbag.py:541} INFO - Filling up the DagBag from /home/airflow/.local/lib/python3.7/site-packages/airflow/example_dags/example_trigger_target_dag.py
[2023-07-09T19:06:55.564+0000] {processor.py:836} INFO - DAG(s) dict_keys(['example_trigger_target_dag']) retrieved from /home/airflow/.local/lib/python3.7/site-packages/airflow/example_dags/example_trigger_target_dag.py
[2023-07-09T19:06:55.594+0000] {logging_mixin.py:149} INFO - [2023-07-09T19:06:55.593+0000] {dag.py:2726} INFO - Sync 1 DAGs
[2023-07-09T19:06:55.621+0000] {logging_mixin.py:149} INFO - [2023-07-09T19:06:55.620+0000] {dag.py:3490} INFO - Setting next_dagrun for example_trigger_target_dag to None, run_after=None
[2023-07-09T19:06:55.643+0000] {processor.py:179} INFO - Processing /home/airflow/.local/lib/python3.7/site-packages/airflow/example_dags/example_trigger_target_dag.py took 0.094 seconds
[2023-07-09T19:07:25.882+0000] {processor.py:157} INFO - Started process (PID=873) to work on /home/airflow/.local/lib/python3.7/site-packages/airflow/example_dags/example_trigger_target_dag.py
[2023-07-09T19:07:25.883+0000] {processor.py:826} INFO - Processing file /home/airflow/.local/lib/python3.7/site-packages/airflow/example_dags/example_trigger_target_dag.py for tasks to queue
[2023-07-09T19:07:25.883+0000] {logging_mixin.py:149} INFO - [2023-07-09T19:07:25.883+0000] {dagbag.py:541} INFO - Filling up the DagBag from /home/airflow/.local/lib/python3.7/site-packages/airflow/example_dags/example_trigger_target_dag.py
[2023-07-09T19:07:25.888+0000] {processor.py:836} INFO - DAG(s) dict_keys(['example_trigger_target_dag']) retrieved from /home/airflow/.local/lib/python3.7/site-packages/airflow/example_dags/example_trigger_target_dag.py
[2023-07-09T19:07:25.912+0000] {logging_mixin.py:149} INFO - [2023-07-09T19:07:25.912+0000] {dag.py:2726} INFO - Sync 1 DAGs
[2023-07-09T19:07:25.936+0000] {logging_mixin.py:149} INFO - [2023-07-09T19:07:25.936+0000] {dag.py:3490} INFO - Setting next_dagrun for example_trigger_target_dag to None, run_after=None
[2023-07-09T19:07:25.958+0000] {processor.py:179} INFO - Processing /home/airflow/.local/lib/python3.7/site-packages/airflow/example_dags/example_trigger_target_dag.py took 0.079 seconds
[2023-07-09T19:07:56.326+0000] {processor.py:157} INFO - Started process (PID=934) to work on /home/airflow/.local/lib/python3.7/site-packages/airflow/example_dags/example_trigger_target_dag.py
[2023-07-09T19:07:56.328+0000] {processor.py:826} INFO - Processing file /home/airflow/.local/lib/python3.7/site-packages/airflow/example_dags/example_trigger_target_dag.py for tasks to queue
[2023-07-09T19:07:56.329+0000] {logging_mixin.py:149} INFO - [2023-07-09T19:07:56.329+0000] {dagbag.py:541} INFO - Filling up the DagBag from /home/airflow/.local/lib/python3.7/site-packages/airflow/example_dags/example_trigger_target_dag.py
[2023-07-09T19:07:56.335+0000] {processor.py:836} INFO - DAG(s) dict_keys(['example_trigger_target_dag']) retrieved from /home/airflow/.local/lib/python3.7/site-packages/airflow/example_dags/example_trigger_target_dag.py
[2023-07-09T19:07:56.362+0000] {logging_mixin.py:149} INFO - [2023-07-09T19:07:56.361+0000] {dag.py:2726} INFO - Sync 1 DAGs
[2023-07-09T19:07:56.388+0000] {logging_mixin.py:149} INFO - [2023-07-09T19:07:56.388+0000] {dag.py:3490} INFO - Setting next_dagrun for example_trigger_target_dag to None, run_after=None
[2023-07-09T19:07:56.411+0000] {processor.py:179} INFO - Processing /home/airflow/.local/lib/python3.7/site-packages/airflow/example_dags/example_trigger_target_dag.py took 0.087 seconds
[2023-07-09T19:08:26.525+0000] {processor.py:157} INFO - Started process (PID=995) to work on /home/airflow/.local/lib/python3.7/site-packages/airflow/example_dags/example_trigger_target_dag.py
[2023-07-09T19:08:26.527+0000] {processor.py:826} INFO - Processing file /home/airflow/.local/lib/python3.7/site-packages/airflow/example_dags/example_trigger_target_dag.py for tasks to queue
[2023-07-09T19:08:26.529+0000] {logging_mixin.py:149} INFO - [2023-07-09T19:08:26.528+0000] {dagbag.py:541} INFO - Filling up the DagBag from /home/airflow/.local/lib/python3.7/site-packages/airflow/example_dags/example_trigger_target_dag.py
[2023-07-09T19:08:26.535+0000] {processor.py:836} INFO - DAG(s) dict_keys(['example_trigger_target_dag']) retrieved from /home/airflow/.local/lib/python3.7/site-packages/airflow/example_dags/example_trigger_target_dag.py
[2023-07-09T19:08:26.551+0000] {logging_mixin.py:149} INFO - [2023-07-09T19:08:26.551+0000] {dag.py:2726} INFO - Sync 1 DAGs
[2023-07-09T19:08:26.580+0000] {logging_mixin.py:149} INFO - [2023-07-09T19:08:26.580+0000] {dag.py:3490} INFO - Setting next_dagrun for example_trigger_target_dag to None, run_after=None
[2023-07-09T19:08:26.606+0000] {processor.py:179} INFO - Processing /home/airflow/.local/lib/python3.7/site-packages/airflow/example_dags/example_trigger_target_dag.py took 0.084 seconds
[2023-07-09T19:08:56.956+0000] {processor.py:157} INFO - Started process (PID=1056) to work on /home/airflow/.local/lib/python3.7/site-packages/airflow/example_dags/example_trigger_target_dag.py
[2023-07-09T19:08:56.957+0000] {processor.py:826} INFO - Processing file /home/airflow/.local/lib/python3.7/site-packages/airflow/example_dags/example_trigger_target_dag.py for tasks to queue
[2023-07-09T19:08:56.957+0000] {logging_mixin.py:149} INFO - [2023-07-09T19:08:56.957+0000] {dagbag.py:541} INFO - Filling up the DagBag from /home/airflow/.local/lib/python3.7/site-packages/airflow/example_dags/example_trigger_target_dag.py
[2023-07-09T19:08:56.963+0000] {processor.py:836} INFO - DAG(s) dict_keys(['example_trigger_target_dag']) retrieved from /home/airflow/.local/lib/python3.7/site-packages/airflow/example_dags/example_trigger_target_dag.py
[2023-07-09T19:08:56.989+0000] {logging_mixin.py:149} INFO - [2023-07-09T19:08:56.989+0000] {dag.py:2726} INFO - Sync 1 DAGs
[2023-07-09T19:08:57.015+0000] {logging_mixin.py:149} INFO - [2023-07-09T19:08:57.015+0000] {dag.py:3490} INFO - Setting next_dagrun for example_trigger_target_dag to None, run_after=None
[2023-07-09T19:08:57.038+0000] {processor.py:179} INFO - Processing /home/airflow/.local/lib/python3.7/site-packages/airflow/example_dags/example_trigger_target_dag.py took 0.086 seconds
[2023-07-09T19:09:27.806+0000] {processor.py:157} INFO - Started process (PID=1117) to work on /home/airflow/.local/lib/python3.7/site-packages/airflow/example_dags/example_trigger_target_dag.py
[2023-07-09T19:09:27.807+0000] {processor.py:826} INFO - Processing file /home/airflow/.local/lib/python3.7/site-packages/airflow/example_dags/example_trigger_target_dag.py for tasks to queue
[2023-07-09T19:09:27.808+0000] {logging_mixin.py:149} INFO - [2023-07-09T19:09:27.808+0000] {dagbag.py:541} INFO - Filling up the DagBag from /home/airflow/.local/lib/python3.7/site-packages/airflow/example_dags/example_trigger_target_dag.py
[2023-07-09T19:09:27.814+0000] {processor.py:836} INFO - DAG(s) dict_keys(['example_trigger_target_dag']) retrieved from /home/airflow/.local/lib/python3.7/site-packages/airflow/example_dags/example_trigger_target_dag.py
[2023-07-09T19:09:27.828+0000] {logging_mixin.py:149} INFO - [2023-07-09T19:09:27.827+0000] {dag.py:2726} INFO - Sync 1 DAGs
[2023-07-09T19:09:27.859+0000] {logging_mixin.py:149} INFO - [2023-07-09T19:09:27.858+0000] {dag.py:3490} INFO - Setting next_dagrun for example_trigger_target_dag to None, run_after=None
[2023-07-09T19:09:27.881+0000] {processor.py:179} INFO - Processing /home/airflow/.local/lib/python3.7/site-packages/airflow/example_dags/example_trigger_target_dag.py took 0.078 seconds
[2023-07-09T19:09:58.122+0000] {processor.py:157} INFO - Started process (PID=1178) to work on /home/airflow/.local/lib/python3.7/site-packages/airflow/example_dags/example_trigger_target_dag.py
[2023-07-09T19:09:58.123+0000] {processor.py:826} INFO - Processing file /home/airflow/.local/lib/python3.7/site-packages/airflow/example_dags/example_trigger_target_dag.py for tasks to queue
[2023-07-09T19:09:58.124+0000] {logging_mixin.py:149} INFO - [2023-07-09T19:09:58.124+0000] {dagbag.py:541} INFO - Filling up the DagBag from /home/airflow/.local/lib/python3.7/site-packages/airflow/example_dags/example_trigger_target_dag.py
[2023-07-09T19:09:58.129+0000] {processor.py:836} INFO - DAG(s) dict_keys(['example_trigger_target_dag']) retrieved from /home/airflow/.local/lib/python3.7/site-packages/airflow/example_dags/example_trigger_target_dag.py
[2023-07-09T19:09:58.155+0000] {logging_mixin.py:149} INFO - [2023-07-09T19:09:58.155+0000] {dag.py:2726} INFO - Sync 1 DAGs
[2023-07-09T19:09:58.179+0000] {logging_mixin.py:149} INFO - [2023-07-09T19:09:58.179+0000] {dag.py:3490} INFO - Setting next_dagrun for example_trigger_target_dag to None, run_after=None
[2023-07-09T19:09:58.203+0000] {processor.py:179} INFO - Processing /home/airflow/.local/lib/python3.7/site-packages/airflow/example_dags/example_trigger_target_dag.py took 0.084 seconds
[2023-07-09T19:10:28.340+0000] {processor.py:157} INFO - Started process (PID=1239) to work on /home/airflow/.local/lib/python3.7/site-packages/airflow/example_dags/example_trigger_target_dag.py
[2023-07-09T19:10:28.341+0000] {processor.py:826} INFO - Processing file /home/airflow/.local/lib/python3.7/site-packages/airflow/example_dags/example_trigger_target_dag.py for tasks to queue
[2023-07-09T19:10:28.342+0000] {logging_mixin.py:149} INFO - [2023-07-09T19:10:28.342+0000] {dagbag.py:541} INFO - Filling up the DagBag from /home/airflow/.local/lib/python3.7/site-packages/airflow/example_dags/example_trigger_target_dag.py
[2023-07-09T19:10:28.347+0000] {processor.py:836} INFO - DAG(s) dict_keys(['example_trigger_target_dag']) retrieved from /home/airflow/.local/lib/python3.7/site-packages/airflow/example_dags/example_trigger_target_dag.py
[2023-07-09T19:10:28.371+0000] {logging_mixin.py:149} INFO - [2023-07-09T19:10:28.371+0000] {dag.py:2726} INFO - Sync 1 DAGs
[2023-07-09T19:10:28.394+0000] {logging_mixin.py:149} INFO - [2023-07-09T19:10:28.394+0000] {dag.py:3490} INFO - Setting next_dagrun for example_trigger_target_dag to None, run_after=None
[2023-07-09T19:10:28.417+0000] {processor.py:179} INFO - Processing /home/airflow/.local/lib/python3.7/site-packages/airflow/example_dags/example_trigger_target_dag.py took 0.079 seconds
[2023-07-09T19:10:58.912+0000] {processor.py:157} INFO - Started process (PID=1300) to work on /home/airflow/.local/lib/python3.7/site-packages/airflow/example_dags/example_trigger_target_dag.py
[2023-07-09T19:10:58.913+0000] {processor.py:826} INFO - Processing file /home/airflow/.local/lib/python3.7/site-packages/airflow/example_dags/example_trigger_target_dag.py for tasks to queue
[2023-07-09T19:10:58.914+0000] {logging_mixin.py:149} INFO - [2023-07-09T19:10:58.914+0000] {dagbag.py:541} INFO - Filling up the DagBag from /home/airflow/.local/lib/python3.7/site-packages/airflow/example_dags/example_trigger_target_dag.py
[2023-07-09T19:10:58.919+0000] {processor.py:836} INFO - DAG(s) dict_keys(['example_trigger_target_dag']) retrieved from /home/airflow/.local/lib/python3.7/site-packages/airflow/example_dags/example_trigger_target_dag.py
[2023-07-09T19:10:58.941+0000] {logging_mixin.py:149} INFO - [2023-07-09T19:10:58.941+0000] {dag.py:2726} INFO - Sync 1 DAGs
[2023-07-09T19:10:58.966+0000] {logging_mixin.py:149} INFO - [2023-07-09T19:10:58.965+0000] {dag.py:3490} INFO - Setting next_dagrun for example_trigger_target_dag to None, run_after=None
[2023-07-09T19:10:58.993+0000] {processor.py:179} INFO - Processing /home/airflow/.local/lib/python3.7/site-packages/airflow/example_dags/example_trigger_target_dag.py took 0.084 seconds
[2023-07-09T19:11:29.165+0000] {processor.py:157} INFO - Started process (PID=1361) to work on /home/airflow/.local/lib/python3.7/site-packages/airflow/example_dags/example_trigger_target_dag.py
[2023-07-09T19:11:29.166+0000] {processor.py:826} INFO - Processing file /home/airflow/.local/lib/python3.7/site-packages/airflow/example_dags/example_trigger_target_dag.py for tasks to queue
[2023-07-09T19:11:29.167+0000] {logging_mixin.py:149} INFO - [2023-07-09T19:11:29.167+0000] {dagbag.py:541} INFO - Filling up the DagBag from /home/airflow/.local/lib/python3.7/site-packages/airflow/example_dags/example_trigger_target_dag.py
[2023-07-09T19:11:29.173+0000] {processor.py:836} INFO - DAG(s) dict_keys(['example_trigger_target_dag']) retrieved from /home/airflow/.local/lib/python3.7/site-packages/airflow/example_dags/example_trigger_target_dag.py
[2023-07-09T19:11:29.199+0000] {logging_mixin.py:149} INFO - [2023-07-09T19:11:29.199+0000] {dag.py:2726} INFO - Sync 1 DAGs
[2023-07-09T19:11:29.225+0000] {logging_mixin.py:149} INFO - [2023-07-09T19:11:29.225+0000] {dag.py:3490} INFO - Setting next_dagrun for example_trigger_target_dag to None, run_after=None
[2023-07-09T19:11:29.247+0000] {processor.py:179} INFO - Processing /home/airflow/.local/lib/python3.7/site-packages/airflow/example_dags/example_trigger_target_dag.py took 0.085 seconds
[2023-07-09T19:11:59.309+0000] {processor.py:157} INFO - Started process (PID=1422) to work on /home/airflow/.local/lib/python3.7/site-packages/airflow/example_dags/example_trigger_target_dag.py
[2023-07-09T19:11:59.310+0000] {processor.py:826} INFO - Processing file /home/airflow/.local/lib/python3.7/site-packages/airflow/example_dags/example_trigger_target_dag.py for tasks to queue
[2023-07-09T19:11:59.311+0000] {logging_mixin.py:149} INFO - [2023-07-09T19:11:59.311+0000] {dagbag.py:541} INFO - Filling up the DagBag from /home/airflow/.local/lib/python3.7/site-packages/airflow/example_dags/example_trigger_target_dag.py
[2023-07-09T19:11:59.318+0000] {processor.py:836} INFO - DAG(s) dict_keys(['example_trigger_target_dag']) retrieved from /home/airflow/.local/lib/python3.7/site-packages/airflow/example_dags/example_trigger_target_dag.py
[2023-07-09T19:11:59.333+0000] {logging_mixin.py:149} INFO - [2023-07-09T19:11:59.332+0000] {dag.py:2726} INFO - Sync 1 DAGs
[2023-07-09T19:11:59.363+0000] {logging_mixin.py:149} INFO - [2023-07-09T19:11:59.362+0000] {dag.py:3490} INFO - Setting next_dagrun for example_trigger_target_dag to None, run_after=None
[2023-07-09T19:11:59.386+0000] {processor.py:179} INFO - Processing /home/airflow/.local/lib/python3.7/site-packages/airflow/example_dags/example_trigger_target_dag.py took 0.080 seconds
[2023-07-09T19:12:30.183+0000] {processor.py:157} INFO - Started process (PID=1484) to work on /home/airflow/.local/lib/python3.7/site-packages/airflow/example_dags/example_trigger_target_dag.py
[2023-07-09T19:12:30.184+0000] {processor.py:826} INFO - Processing file /home/airflow/.local/lib/python3.7/site-packages/airflow/example_dags/example_trigger_target_dag.py for tasks to queue
[2023-07-09T19:12:30.185+0000] {logging_mixin.py:149} INFO - [2023-07-09T19:12:30.185+0000] {dagbag.py:541} INFO - Filling up the DagBag from /home/airflow/.local/lib/python3.7/site-packages/airflow/example_dags/example_trigger_target_dag.py
[2023-07-09T19:12:30.191+0000] {processor.py:836} INFO - DAG(s) dict_keys(['example_trigger_target_dag']) retrieved from /home/airflow/.local/lib/python3.7/site-packages/airflow/example_dags/example_trigger_target_dag.py
[2023-07-09T19:12:30.205+0000] {logging_mixin.py:149} INFO - [2023-07-09T19:12:30.205+0000] {dag.py:2726} INFO - Sync 1 DAGs
[2023-07-09T19:12:30.250+0000] {logging_mixin.py:149} INFO - [2023-07-09T19:12:30.250+0000] {dag.py:3490} INFO - Setting next_dagrun for example_trigger_target_dag to None, run_after=None
[2023-07-09T19:12:30.295+0000] {processor.py:179} INFO - Processing /home/airflow/.local/lib/python3.7/site-packages/airflow/example_dags/example_trigger_target_dag.py took 0.116 seconds
[2023-07-09T19:13:00.395+0000] {processor.py:157} INFO - Started process (PID=1545) to work on /home/airflow/.local/lib/python3.7/site-packages/airflow/example_dags/example_trigger_target_dag.py
[2023-07-09T19:13:00.396+0000] {processor.py:826} INFO - Processing file /home/airflow/.local/lib/python3.7/site-packages/airflow/example_dags/example_trigger_target_dag.py for tasks to queue
[2023-07-09T19:13:00.397+0000] {logging_mixin.py:149} INFO - [2023-07-09T19:13:00.397+0000] {dagbag.py:541} INFO - Filling up the DagBag from /home/airflow/.local/lib/python3.7/site-packages/airflow/example_dags/example_trigger_target_dag.py
[2023-07-09T19:13:00.402+0000] {processor.py:836} INFO - DAG(s) dict_keys(['example_trigger_target_dag']) retrieved from /home/airflow/.local/lib/python3.7/site-packages/airflow/example_dags/example_trigger_target_dag.py
[2023-07-09T19:13:00.425+0000] {logging_mixin.py:149} INFO - [2023-07-09T19:13:00.425+0000] {dag.py:2726} INFO - Sync 1 DAGs
[2023-07-09T19:13:00.449+0000] {logging_mixin.py:149} INFO - [2023-07-09T19:13:00.448+0000] {dag.py:3490} INFO - Setting next_dagrun for example_trigger_target_dag to None, run_after=None
[2023-07-09T19:13:00.473+0000] {processor.py:179} INFO - Processing /home/airflow/.local/lib/python3.7/site-packages/airflow/example_dags/example_trigger_target_dag.py took 0.081 seconds
[2023-07-09T19:13:30.660+0000] {processor.py:157} INFO - Started process (PID=1607) to work on /home/airflow/.local/lib/python3.7/site-packages/airflow/example_dags/example_trigger_target_dag.py
[2023-07-09T19:13:30.661+0000] {processor.py:826} INFO - Processing file /home/airflow/.local/lib/python3.7/site-packages/airflow/example_dags/example_trigger_target_dag.py for tasks to queue
[2023-07-09T19:13:30.661+0000] {logging_mixin.py:149} INFO - [2023-07-09T19:13:30.661+0000] {dagbag.py:541} INFO - Filling up the DagBag from /home/airflow/.local/lib/python3.7/site-packages/airflow/example_dags/example_trigger_target_dag.py
[2023-07-09T19:13:30.666+0000] {processor.py:836} INFO - DAG(s) dict_keys(['example_trigger_target_dag']) retrieved from /home/airflow/.local/lib/python3.7/site-packages/airflow/example_dags/example_trigger_target_dag.py
[2023-07-09T19:13:30.689+0000] {logging_mixin.py:149} INFO - [2023-07-09T19:13:30.689+0000] {dag.py:2726} INFO - Sync 1 DAGs
[2023-07-09T19:13:30.715+0000] {logging_mixin.py:149} INFO - [2023-07-09T19:13:30.714+0000] {dag.py:3490} INFO - Setting next_dagrun for example_trigger_target_dag to None, run_after=None
[2023-07-09T19:13:30.736+0000] {processor.py:179} INFO - Processing /home/airflow/.local/lib/python3.7/site-packages/airflow/example_dags/example_trigger_target_dag.py took 0.079 seconds
[2023-07-09T19:14:01.069+0000] {processor.py:157} INFO - Started process (PID=1668) to work on /home/airflow/.local/lib/python3.7/site-packages/airflow/example_dags/example_trigger_target_dag.py
[2023-07-09T19:14:01.070+0000] {processor.py:826} INFO - Processing file /home/airflow/.local/lib/python3.7/site-packages/airflow/example_dags/example_trigger_target_dag.py for tasks to queue
[2023-07-09T19:14:01.071+0000] {logging_mixin.py:149} INFO - [2023-07-09T19:14:01.071+0000] {dagbag.py:541} INFO - Filling up the DagBag from /home/airflow/.local/lib/python3.7/site-packages/airflow/example_dags/example_trigger_target_dag.py
[2023-07-09T19:14:01.077+0000] {processor.py:836} INFO - DAG(s) dict_keys(['example_trigger_target_dag']) retrieved from /home/airflow/.local/lib/python3.7/site-packages/airflow/example_dags/example_trigger_target_dag.py
[2023-07-09T19:14:01.107+0000] {logging_mixin.py:149} INFO - [2023-07-09T19:14:01.107+0000] {dag.py:2726} INFO - Sync 1 DAGs
[2023-07-09T19:14:01.136+0000] {logging_mixin.py:149} INFO - [2023-07-09T19:14:01.136+0000] {dag.py:3490} INFO - Setting next_dagrun for example_trigger_target_dag to None, run_after=None
[2023-07-09T19:14:01.164+0000] {processor.py:179} INFO - Processing /home/airflow/.local/lib/python3.7/site-packages/airflow/example_dags/example_trigger_target_dag.py took 0.099 seconds
[2023-07-09T19:14:31.313+0000] {processor.py:157} INFO - Started process (PID=1729) to work on /home/airflow/.local/lib/python3.7/site-packages/airflow/example_dags/example_trigger_target_dag.py
[2023-07-09T19:14:31.314+0000] {processor.py:826} INFO - Processing file /home/airflow/.local/lib/python3.7/site-packages/airflow/example_dags/example_trigger_target_dag.py for tasks to queue
[2023-07-09T19:14:31.315+0000] {logging_mixin.py:149} INFO - [2023-07-09T19:14:31.315+0000] {dagbag.py:541} INFO - Filling up the DagBag from /home/airflow/.local/lib/python3.7/site-packages/airflow/example_dags/example_trigger_target_dag.py
[2023-07-09T19:14:31.320+0000] {processor.py:836} INFO - DAG(s) dict_keys(['example_trigger_target_dag']) retrieved from /home/airflow/.local/lib/python3.7/site-packages/airflow/example_dags/example_trigger_target_dag.py
[2023-07-09T19:14:31.342+0000] {logging_mixin.py:149} INFO - [2023-07-09T19:14:31.342+0000] {dag.py:2726} INFO - Sync 1 DAGs
[2023-07-09T19:14:31.365+0000] {logging_mixin.py:149} INFO - [2023-07-09T19:14:31.365+0000] {dag.py:3490} INFO - Setting next_dagrun for example_trigger_target_dag to None, run_after=None
[2023-07-09T19:14:31.387+0000] {processor.py:179} INFO - Processing /home/airflow/.local/lib/python3.7/site-packages/airflow/example_dags/example_trigger_target_dag.py took 0.077 seconds
[2023-07-09T19:15:02.194+0000] {processor.py:157} INFO - Started process (PID=1790) to work on /home/airflow/.local/lib/python3.7/site-packages/airflow/example_dags/example_trigger_target_dag.py
[2023-07-09T19:15:02.195+0000] {processor.py:826} INFO - Processing file /home/airflow/.local/lib/python3.7/site-packages/airflow/example_dags/example_trigger_target_dag.py for tasks to queue
[2023-07-09T19:15:02.196+0000] {logging_mixin.py:149} INFO - [2023-07-09T19:15:02.196+0000] {dagbag.py:541} INFO - Filling up the DagBag from /home/airflow/.local/lib/python3.7/site-packages/airflow/example_dags/example_trigger_target_dag.py
[2023-07-09T19:15:02.201+0000] {processor.py:836} INFO - DAG(s) dict_keys(['example_trigger_target_dag']) retrieved from /home/airflow/.local/lib/python3.7/site-packages/airflow/example_dags/example_trigger_target_dag.py
[2023-07-09T19:15:02.221+0000] {logging_mixin.py:149} INFO - [2023-07-09T19:15:02.221+0000] {dag.py:2726} INFO - Sync 1 DAGs
[2023-07-09T19:15:02.242+0000] {logging_mixin.py:149} INFO - [2023-07-09T19:15:02.242+0000] {dag.py:3490} INFO - Setting next_dagrun for example_trigger_target_dag to None, run_after=None
[2023-07-09T19:15:02.261+0000] {processor.py:179} INFO - Processing /home/airflow/.local/lib/python3.7/site-packages/airflow/example_dags/example_trigger_target_dag.py took 0.070 seconds
[2023-07-09T19:15:33.082+0000] {processor.py:157} INFO - Started process (PID=1851) to work on /home/airflow/.local/lib/python3.7/site-packages/airflow/example_dags/example_trigger_target_dag.py
[2023-07-09T19:15:33.083+0000] {processor.py:826} INFO - Processing file /home/airflow/.local/lib/python3.7/site-packages/airflow/example_dags/example_trigger_target_dag.py for tasks to queue
[2023-07-09T19:15:33.084+0000] {logging_mixin.py:149} INFO - [2023-07-09T19:15:33.083+0000] {dagbag.py:541} INFO - Filling up the DagBag from /home/airflow/.local/lib/python3.7/site-packages/airflow/example_dags/example_trigger_target_dag.py
[2023-07-09T19:15:33.089+0000] {processor.py:836} INFO - DAG(s) dict_keys(['example_trigger_target_dag']) retrieved from /home/airflow/.local/lib/python3.7/site-packages/airflow/example_dags/example_trigger_target_dag.py
[2023-07-09T19:15:33.111+0000] {logging_mixin.py:149} INFO - [2023-07-09T19:15:33.111+0000] {dag.py:2726} INFO - Sync 1 DAGs
[2023-07-09T19:15:33.133+0000] {logging_mixin.py:149} INFO - [2023-07-09T19:15:33.133+0000] {dag.py:3490} INFO - Setting next_dagrun for example_trigger_target_dag to None, run_after=None
[2023-07-09T19:15:33.154+0000] {processor.py:179} INFO - Processing /home/airflow/.local/lib/python3.7/site-packages/airflow/example_dags/example_trigger_target_dag.py took 0.075 seconds
[2023-07-09T19:16:03.466+0000] {processor.py:157} INFO - Started process (PID=1913) to work on /home/airflow/.local/lib/python3.7/site-packages/airflow/example_dags/example_trigger_target_dag.py
[2023-07-09T19:16:03.468+0000] {processor.py:826} INFO - Processing file /home/airflow/.local/lib/python3.7/site-packages/airflow/example_dags/example_trigger_target_dag.py for tasks to queue
[2023-07-09T19:16:03.469+0000] {logging_mixin.py:149} INFO - [2023-07-09T19:16:03.469+0000] {dagbag.py:541} INFO - Filling up the DagBag from /home/airflow/.local/lib/python3.7/site-packages/airflow/example_dags/example_trigger_target_dag.py
[2023-07-09T19:16:03.478+0000] {processor.py:836} INFO - DAG(s) dict_keys(['example_trigger_target_dag']) retrieved from /home/airflow/.local/lib/python3.7/site-packages/airflow/example_dags/example_trigger_target_dag.py
[2023-07-09T19:16:03.505+0000] {logging_mixin.py:149} INFO - [2023-07-09T19:16:03.505+0000] {dag.py:2726} INFO - Sync 1 DAGs
[2023-07-09T19:16:03.537+0000] {logging_mixin.py:149} INFO - [2023-07-09T19:16:03.536+0000] {dag.py:3490} INFO - Setting next_dagrun for example_trigger_target_dag to None, run_after=None
[2023-07-09T19:16:03.561+0000] {processor.py:179} INFO - Processing /home/airflow/.local/lib/python3.7/site-packages/airflow/example_dags/example_trigger_target_dag.py took 0.099 seconds
[2023-07-09T19:16:33.663+0000] {processor.py:157} INFO - Started process (PID=1976) to work on /home/airflow/.local/lib/python3.7/site-packages/airflow/example_dags/example_trigger_target_dag.py
[2023-07-09T19:16:33.664+0000] {processor.py:826} INFO - Processing file /home/airflow/.local/lib/python3.7/site-packages/airflow/example_dags/example_trigger_target_dag.py for tasks to queue
[2023-07-09T19:16:33.665+0000] {logging_mixin.py:149} INFO - [2023-07-09T19:16:33.665+0000] {dagbag.py:541} INFO - Filling up the DagBag from /home/airflow/.local/lib/python3.7/site-packages/airflow/example_dags/example_trigger_target_dag.py
[2023-07-09T19:16:33.670+0000] {processor.py:836} INFO - DAG(s) dict_keys(['example_trigger_target_dag']) retrieved from /home/airflow/.local/lib/python3.7/site-packages/airflow/example_dags/example_trigger_target_dag.py
[2023-07-09T19:16:33.695+0000] {logging_mixin.py:149} INFO - [2023-07-09T19:16:33.695+0000] {dag.py:2726} INFO - Sync 1 DAGs
[2023-07-09T19:16:33.719+0000] {logging_mixin.py:149} INFO - [2023-07-09T19:16:33.718+0000] {dag.py:3490} INFO - Setting next_dagrun for example_trigger_target_dag to None, run_after=None
[2023-07-09T19:16:33.739+0000] {processor.py:179} INFO - Processing /home/airflow/.local/lib/python3.7/site-packages/airflow/example_dags/example_trigger_target_dag.py took 0.079 seconds
[2023-07-09T19:17:04.152+0000] {processor.py:157} INFO - Started process (PID=2038) to work on /home/airflow/.local/lib/python3.7/site-packages/airflow/example_dags/example_trigger_target_dag.py
[2023-07-09T19:17:04.153+0000] {processor.py:826} INFO - Processing file /home/airflow/.local/lib/python3.7/site-packages/airflow/example_dags/example_trigger_target_dag.py for tasks to queue
[2023-07-09T19:17:04.153+0000] {logging_mixin.py:149} INFO - [2023-07-09T19:17:04.153+0000] {dagbag.py:541} INFO - Filling up the DagBag from /home/airflow/.local/lib/python3.7/site-packages/airflow/example_dags/example_trigger_target_dag.py
[2023-07-09T19:17:04.158+0000] {processor.py:836} INFO - DAG(s) dict_keys(['example_trigger_target_dag']) retrieved from /home/airflow/.local/lib/python3.7/site-packages/airflow/example_dags/example_trigger_target_dag.py
[2023-07-09T19:17:04.179+0000] {logging_mixin.py:149} INFO - [2023-07-09T19:17:04.179+0000] {dag.py:2726} INFO - Sync 1 DAGs
[2023-07-09T19:17:04.204+0000] {logging_mixin.py:149} INFO - [2023-07-09T19:17:04.203+0000] {dag.py:3490} INFO - Setting next_dagrun for example_trigger_target_dag to None, run_after=None
[2023-07-09T19:17:04.231+0000] {processor.py:179} INFO - Processing /home/airflow/.local/lib/python3.7/site-packages/airflow/example_dags/example_trigger_target_dag.py took 0.082 seconds
[2023-07-09T19:17:35.106+0000] {processor.py:157} INFO - Started process (PID=2100) to work on /home/airflow/.local/lib/python3.7/site-packages/airflow/example_dags/example_trigger_target_dag.py
[2023-07-09T19:17:35.107+0000] {processor.py:826} INFO - Processing file /home/airflow/.local/lib/python3.7/site-packages/airflow/example_dags/example_trigger_target_dag.py for tasks to queue
[2023-07-09T19:17:35.108+0000] {logging_mixin.py:149} INFO - [2023-07-09T19:17:35.108+0000] {dagbag.py:541} INFO - Filling up the DagBag from /home/airflow/.local/lib/python3.7/site-packages/airflow/example_dags/example_trigger_target_dag.py
[2023-07-09T19:17:35.113+0000] {processor.py:836} INFO - DAG(s) dict_keys(['example_trigger_target_dag']) retrieved from /home/airflow/.local/lib/python3.7/site-packages/airflow/example_dags/example_trigger_target_dag.py
[2023-07-09T19:17:35.137+0000] {logging_mixin.py:149} INFO - [2023-07-09T19:17:35.137+0000] {dag.py:2726} INFO - Sync 1 DAGs
[2023-07-09T19:17:35.158+0000] {logging_mixin.py:149} INFO - [2023-07-09T19:17:35.158+0000] {dag.py:3490} INFO - Setting next_dagrun for example_trigger_target_dag to None, run_after=None
[2023-07-09T19:17:35.177+0000] {processor.py:179} INFO - Processing /home/airflow/.local/lib/python3.7/site-packages/airflow/example_dags/example_trigger_target_dag.py took 0.074 seconds
[2023-07-09T19:18:06.102+0000] {processor.py:157} INFO - Started process (PID=2162) to work on /home/airflow/.local/lib/python3.7/site-packages/airflow/example_dags/example_trigger_target_dag.py
[2023-07-09T19:18:06.103+0000] {processor.py:826} INFO - Processing file /home/airflow/.local/lib/python3.7/site-packages/airflow/example_dags/example_trigger_target_dag.py for tasks to queue
[2023-07-09T19:18:06.104+0000] {logging_mixin.py:149} INFO - [2023-07-09T19:18:06.104+0000] {dagbag.py:541} INFO - Filling up the DagBag from /home/airflow/.local/lib/python3.7/site-packages/airflow/example_dags/example_trigger_target_dag.py
[2023-07-09T19:18:06.109+0000] {processor.py:836} INFO - DAG(s) dict_keys(['example_trigger_target_dag']) retrieved from /home/airflow/.local/lib/python3.7/site-packages/airflow/example_dags/example_trigger_target_dag.py
[2023-07-09T19:18:06.129+0000] {logging_mixin.py:149} INFO - [2023-07-09T19:18:06.129+0000] {dag.py:2726} INFO - Sync 1 DAGs
[2023-07-09T19:18:06.149+0000] {logging_mixin.py:149} INFO - [2023-07-09T19:18:06.149+0000] {dag.py:3490} INFO - Setting next_dagrun for example_trigger_target_dag to None, run_after=None
[2023-07-09T19:18:06.169+0000] {processor.py:179} INFO - Processing /home/airflow/.local/lib/python3.7/site-packages/airflow/example_dags/example_trigger_target_dag.py took 0.069 seconds
[2023-07-09T19:18:36.470+0000] {processor.py:157} INFO - Started process (PID=2224) to work on /home/airflow/.local/lib/python3.7/site-packages/airflow/example_dags/example_trigger_target_dag.py
[2023-07-09T19:18:36.471+0000] {processor.py:826} INFO - Processing file /home/airflow/.local/lib/python3.7/site-packages/airflow/example_dags/example_trigger_target_dag.py for tasks to queue
[2023-07-09T19:18:36.472+0000] {logging_mixin.py:149} INFO - [2023-07-09T19:18:36.472+0000] {dagbag.py:541} INFO - Filling up the DagBag from /home/airflow/.local/lib/python3.7/site-packages/airflow/example_dags/example_trigger_target_dag.py
[2023-07-09T19:18:36.477+0000] {processor.py:836} INFO - DAG(s) dict_keys(['example_trigger_target_dag']) retrieved from /home/airflow/.local/lib/python3.7/site-packages/airflow/example_dags/example_trigger_target_dag.py
[2023-07-09T19:18:36.501+0000] {logging_mixin.py:149} INFO - [2023-07-09T19:18:36.501+0000] {dag.py:2726} INFO - Sync 1 DAGs
[2023-07-09T19:18:36.523+0000] {logging_mixin.py:149} INFO - [2023-07-09T19:18:36.523+0000] {dag.py:3490} INFO - Setting next_dagrun for example_trigger_target_dag to None, run_after=None
[2023-07-09T19:18:36.543+0000] {processor.py:179} INFO - Processing /home/airflow/.local/lib/python3.7/site-packages/airflow/example_dags/example_trigger_target_dag.py took 0.076 seconds
[2023-07-09T19:19:06.781+0000] {processor.py:157} INFO - Started process (PID=2286) to work on /home/airflow/.local/lib/python3.7/site-packages/airflow/example_dags/example_trigger_target_dag.py
[2023-07-09T19:19:06.782+0000] {processor.py:826} INFO - Processing file /home/airflow/.local/lib/python3.7/site-packages/airflow/example_dags/example_trigger_target_dag.py for tasks to queue
[2023-07-09T19:19:06.783+0000] {logging_mixin.py:149} INFO - [2023-07-09T19:19:06.783+0000] {dagbag.py:541} INFO - Filling up the DagBag from /home/airflow/.local/lib/python3.7/site-packages/airflow/example_dags/example_trigger_target_dag.py
[2023-07-09T19:19:06.788+0000] {processor.py:836} INFO - DAG(s) dict_keys(['example_trigger_target_dag']) retrieved from /home/airflow/.local/lib/python3.7/site-packages/airflow/example_dags/example_trigger_target_dag.py
[2023-07-09T19:19:06.809+0000] {logging_mixin.py:149} INFO - [2023-07-09T19:19:06.809+0000] {dag.py:2726} INFO - Sync 1 DAGs
[2023-07-09T19:19:06.832+0000] {logging_mixin.py:149} INFO - [2023-07-09T19:19:06.831+0000] {dag.py:3490} INFO - Setting next_dagrun for example_trigger_target_dag to None, run_after=None
[2023-07-09T19:19:06.853+0000] {processor.py:179} INFO - Processing /home/airflow/.local/lib/python3.7/site-packages/airflow/example_dags/example_trigger_target_dag.py took 0.075 seconds
[2023-07-09T19:19:37.013+0000] {processor.py:157} INFO - Started process (PID=2348) to work on /home/airflow/.local/lib/python3.7/site-packages/airflow/example_dags/example_trigger_target_dag.py
[2023-07-09T19:19:37.014+0000] {processor.py:826} INFO - Processing file /home/airflow/.local/lib/python3.7/site-packages/airflow/example_dags/example_trigger_target_dag.py for tasks to queue
[2023-07-09T19:19:37.015+0000] {logging_mixin.py:149} INFO - [2023-07-09T19:19:37.015+0000] {dagbag.py:541} INFO - Filling up the DagBag from /home/airflow/.local/lib/python3.7/site-packages/airflow/example_dags/example_trigger_target_dag.py
[2023-07-09T19:19:37.020+0000] {processor.py:836} INFO - DAG(s) dict_keys(['example_trigger_target_dag']) retrieved from /home/airflow/.local/lib/python3.7/site-packages/airflow/example_dags/example_trigger_target_dag.py
[2023-07-09T19:19:37.041+0000] {logging_mixin.py:149} INFO - [2023-07-09T19:19:37.041+0000] {dag.py:2726} INFO - Sync 1 DAGs
[2023-07-09T19:19:37.063+0000] {logging_mixin.py:149} INFO - [2023-07-09T19:19:37.062+0000] {dag.py:3490} INFO - Setting next_dagrun for example_trigger_target_dag to None, run_after=None
[2023-07-09T19:19:37.082+0000] {processor.py:179} INFO - Processing /home/airflow/.local/lib/python3.7/site-packages/airflow/example_dags/example_trigger_target_dag.py took 0.072 seconds
[2023-07-09T19:20:07.309+0000] {processor.py:157} INFO - Started process (PID=2410) to work on /home/airflow/.local/lib/python3.7/site-packages/airflow/example_dags/example_trigger_target_dag.py
[2023-07-09T19:20:07.310+0000] {processor.py:826} INFO - Processing file /home/airflow/.local/lib/python3.7/site-packages/airflow/example_dags/example_trigger_target_dag.py for tasks to queue
[2023-07-09T19:20:07.311+0000] {logging_mixin.py:149} INFO - [2023-07-09T19:20:07.311+0000] {dagbag.py:541} INFO - Filling up the DagBag from /home/airflow/.local/lib/python3.7/site-packages/airflow/example_dags/example_trigger_target_dag.py
[2023-07-09T19:20:07.316+0000] {processor.py:836} INFO - DAG(s) dict_keys(['example_trigger_target_dag']) retrieved from /home/airflow/.local/lib/python3.7/site-packages/airflow/example_dags/example_trigger_target_dag.py
[2023-07-09T19:20:07.338+0000] {logging_mixin.py:149} INFO - [2023-07-09T19:20:07.338+0000] {dag.py:2726} INFO - Sync 1 DAGs
[2023-07-09T19:20:07.362+0000] {logging_mixin.py:149} INFO - [2023-07-09T19:20:07.361+0000] {dag.py:3490} INFO - Setting next_dagrun for example_trigger_target_dag to None, run_after=None
[2023-07-09T19:20:07.384+0000] {processor.py:179} INFO - Processing /home/airflow/.local/lib/python3.7/site-packages/airflow/example_dags/example_trigger_target_dag.py took 0.077 seconds
[2023-07-09T19:20:37.970+0000] {processor.py:157} INFO - Started process (PID=2472) to work on /home/airflow/.local/lib/python3.7/site-packages/airflow/example_dags/example_trigger_target_dag.py
[2023-07-09T19:20:37.971+0000] {processor.py:826} INFO - Processing file /home/airflow/.local/lib/python3.7/site-packages/airflow/example_dags/example_trigger_target_dag.py for tasks to queue
[2023-07-09T19:20:37.972+0000] {logging_mixin.py:149} INFO - [2023-07-09T19:20:37.972+0000] {dagbag.py:541} INFO - Filling up the DagBag from /home/airflow/.local/lib/python3.7/site-packages/airflow/example_dags/example_trigger_target_dag.py
[2023-07-09T19:20:37.978+0000] {processor.py:836} INFO - DAG(s) dict_keys(['example_trigger_target_dag']) retrieved from /home/airflow/.local/lib/python3.7/site-packages/airflow/example_dags/example_trigger_target_dag.py
[2023-07-09T19:20:38.002+0000] {logging_mixin.py:149} INFO - [2023-07-09T19:20:38.002+0000] {dag.py:2726} INFO - Sync 1 DAGs
[2023-07-09T19:20:38.028+0000] {logging_mixin.py:149} INFO - [2023-07-09T19:20:38.028+0000] {dag.py:3490} INFO - Setting next_dagrun for example_trigger_target_dag to None, run_after=None
[2023-07-09T19:20:38.048+0000] {processor.py:179} INFO - Processing /home/airflow/.local/lib/python3.7/site-packages/airflow/example_dags/example_trigger_target_dag.py took 0.081 seconds
[2023-07-09T19:21:09.199+0000] {processor.py:157} INFO - Started process (PID=2534) to work on /home/airflow/.local/lib/python3.7/site-packages/airflow/example_dags/example_trigger_target_dag.py
[2023-07-09T19:21:09.200+0000] {processor.py:826} INFO - Processing file /home/airflow/.local/lib/python3.7/site-packages/airflow/example_dags/example_trigger_target_dag.py for tasks to queue
[2023-07-09T19:21:09.201+0000] {logging_mixin.py:149} INFO - [2023-07-09T19:21:09.201+0000] {dagbag.py:541} INFO - Filling up the DagBag from /home/airflow/.local/lib/python3.7/site-packages/airflow/example_dags/example_trigger_target_dag.py
[2023-07-09T19:21:09.211+0000] {processor.py:836} INFO - DAG(s) dict_keys(['example_trigger_target_dag']) retrieved from /home/airflow/.local/lib/python3.7/site-packages/airflow/example_dags/example_trigger_target_dag.py
[2023-07-09T19:21:09.270+0000] {logging_mixin.py:149} INFO - [2023-07-09T19:21:09.270+0000] {dag.py:2726} INFO - Sync 1 DAGs
[2023-07-09T19:21:09.335+0000] {logging_mixin.py:149} INFO - [2023-07-09T19:21:09.334+0000] {dag.py:3490} INFO - Setting next_dagrun for example_trigger_target_dag to None, run_after=None
[2023-07-09T19:21:09.399+0000] {processor.py:179} INFO - Processing /home/airflow/.local/lib/python3.7/site-packages/airflow/example_dags/example_trigger_target_dag.py took 0.204 seconds
[2023-07-09T19:21:39.529+0000] {processor.py:157} INFO - Started process (PID=2596) to work on /home/airflow/.local/lib/python3.7/site-packages/airflow/example_dags/example_trigger_target_dag.py
[2023-07-09T19:21:39.530+0000] {processor.py:826} INFO - Processing file /home/airflow/.local/lib/python3.7/site-packages/airflow/example_dags/example_trigger_target_dag.py for tasks to queue
[2023-07-09T19:21:39.530+0000] {logging_mixin.py:149} INFO - [2023-07-09T19:21:39.530+0000] {dagbag.py:541} INFO - Filling up the DagBag from /home/airflow/.local/lib/python3.7/site-packages/airflow/example_dags/example_trigger_target_dag.py
[2023-07-09T19:21:39.536+0000] {processor.py:836} INFO - DAG(s) dict_keys(['example_trigger_target_dag']) retrieved from /home/airflow/.local/lib/python3.7/site-packages/airflow/example_dags/example_trigger_target_dag.py
[2023-07-09T19:21:39.560+0000] {logging_mixin.py:149} INFO - [2023-07-09T19:21:39.560+0000] {dag.py:2726} INFO - Sync 1 DAGs
[2023-07-09T19:21:39.587+0000] {logging_mixin.py:149} INFO - [2023-07-09T19:21:39.586+0000] {dag.py:3490} INFO - Setting next_dagrun for example_trigger_target_dag to None, run_after=None
[2023-07-09T19:21:39.613+0000] {processor.py:179} INFO - Processing /home/airflow/.local/lib/python3.7/site-packages/airflow/example_dags/example_trigger_target_dag.py took 0.087 seconds
[2023-07-09T19:22:09.808+0000] {processor.py:157} INFO - Started process (PID=2658) to work on /home/airflow/.local/lib/python3.7/site-packages/airflow/example_dags/example_trigger_target_dag.py
[2023-07-09T19:22:09.810+0000] {processor.py:826} INFO - Processing file /home/airflow/.local/lib/python3.7/site-packages/airflow/example_dags/example_trigger_target_dag.py for tasks to queue
[2023-07-09T19:22:09.811+0000] {logging_mixin.py:149} INFO - [2023-07-09T19:22:09.810+0000] {dagbag.py:541} INFO - Filling up the DagBag from /home/airflow/.local/lib/python3.7/site-packages/airflow/example_dags/example_trigger_target_dag.py
[2023-07-09T19:22:09.816+0000] {processor.py:836} INFO - DAG(s) dict_keys(['example_trigger_target_dag']) retrieved from /home/airflow/.local/lib/python3.7/site-packages/airflow/example_dags/example_trigger_target_dag.py
[2023-07-09T19:22:09.837+0000] {logging_mixin.py:149} INFO - [2023-07-09T19:22:09.837+0000] {dag.py:2726} INFO - Sync 1 DAGs
[2023-07-09T19:22:09.861+0000] {logging_mixin.py:149} INFO - [2023-07-09T19:22:09.861+0000] {dag.py:3490} INFO - Setting next_dagrun for example_trigger_target_dag to None, run_after=None
[2023-07-09T19:22:09.882+0000] {processor.py:179} INFO - Processing /home/airflow/.local/lib/python3.7/site-packages/airflow/example_dags/example_trigger_target_dag.py took 0.077 seconds
[2023-07-09T19:22:40.807+0000] {processor.py:157} INFO - Started process (PID=2720) to work on /home/airflow/.local/lib/python3.7/site-packages/airflow/example_dags/example_trigger_target_dag.py
[2023-07-09T19:22:40.808+0000] {processor.py:826} INFO - Processing file /home/airflow/.local/lib/python3.7/site-packages/airflow/example_dags/example_trigger_target_dag.py for tasks to queue
[2023-07-09T19:22:40.809+0000] {logging_mixin.py:149} INFO - [2023-07-09T19:22:40.809+0000] {dagbag.py:541} INFO - Filling up the DagBag from /home/airflow/.local/lib/python3.7/site-packages/airflow/example_dags/example_trigger_target_dag.py
[2023-07-09T19:22:40.814+0000] {processor.py:836} INFO - DAG(s) dict_keys(['example_trigger_target_dag']) retrieved from /home/airflow/.local/lib/python3.7/site-packages/airflow/example_dags/example_trigger_target_dag.py
[2023-07-09T19:22:40.835+0000] {logging_mixin.py:149} INFO - [2023-07-09T19:22:40.835+0000] {dag.py:2726} INFO - Sync 1 DAGs
[2023-07-09T19:22:40.856+0000] {logging_mixin.py:149} INFO - [2023-07-09T19:22:40.856+0000] {dag.py:3490} INFO - Setting next_dagrun for example_trigger_target_dag to None, run_after=None
[2023-07-09T19:22:40.878+0000] {processor.py:179} INFO - Processing /home/airflow/.local/lib/python3.7/site-packages/airflow/example_dags/example_trigger_target_dag.py took 0.073 seconds
[2023-07-09T19:23:11.025+0000] {processor.py:157} INFO - Started process (PID=2782) to work on /home/airflow/.local/lib/python3.7/site-packages/airflow/example_dags/example_trigger_target_dag.py
[2023-07-09T19:23:11.026+0000] {processor.py:826} INFO - Processing file /home/airflow/.local/lib/python3.7/site-packages/airflow/example_dags/example_trigger_target_dag.py for tasks to queue
[2023-07-09T19:23:11.027+0000] {logging_mixin.py:149} INFO - [2023-07-09T19:23:11.027+0000] {dagbag.py:541} INFO - Filling up the DagBag from /home/airflow/.local/lib/python3.7/site-packages/airflow/example_dags/example_trigger_target_dag.py
[2023-07-09T19:23:11.032+0000] {processor.py:836} INFO - DAG(s) dict_keys(['example_trigger_target_dag']) retrieved from /home/airflow/.local/lib/python3.7/site-packages/airflow/example_dags/example_trigger_target_dag.py
[2023-07-09T19:23:11.055+0000] {logging_mixin.py:149} INFO - [2023-07-09T19:23:11.054+0000] {dag.py:2726} INFO - Sync 1 DAGs
[2023-07-09T19:23:11.079+0000] {logging_mixin.py:149} INFO - [2023-07-09T19:23:11.079+0000] {dag.py:3490} INFO - Setting next_dagrun for example_trigger_target_dag to None, run_after=None
[2023-07-09T19:23:11.100+0000] {processor.py:179} INFO - Processing /home/airflow/.local/lib/python3.7/site-packages/airflow/example_dags/example_trigger_target_dag.py took 0.078 seconds
[2023-07-09T19:23:41.174+0000] {processor.py:157} INFO - Started process (PID=2844) to work on /home/airflow/.local/lib/python3.7/site-packages/airflow/example_dags/example_trigger_target_dag.py
[2023-07-09T19:23:41.175+0000] {processor.py:826} INFO - Processing file /home/airflow/.local/lib/python3.7/site-packages/airflow/example_dags/example_trigger_target_dag.py for tasks to queue
[2023-07-09T19:23:41.176+0000] {logging_mixin.py:149} INFO - [2023-07-09T19:23:41.176+0000] {dagbag.py:541} INFO - Filling up the DagBag from /home/airflow/.local/lib/python3.7/site-packages/airflow/example_dags/example_trigger_target_dag.py
[2023-07-09T19:23:41.182+0000] {processor.py:836} INFO - DAG(s) dict_keys(['example_trigger_target_dag']) retrieved from /home/airflow/.local/lib/python3.7/site-packages/airflow/example_dags/example_trigger_target_dag.py
[2023-07-09T19:23:41.205+0000] {logging_mixin.py:149} INFO - [2023-07-09T19:23:41.204+0000] {dag.py:2726} INFO - Sync 1 DAGs
[2023-07-09T19:23:41.229+0000] {logging_mixin.py:149} INFO - [2023-07-09T19:23:41.229+0000] {dag.py:3490} INFO - Setting next_dagrun for example_trigger_target_dag to None, run_after=None
[2023-07-09T19:23:41.250+0000] {processor.py:179} INFO - Processing /home/airflow/.local/lib/python3.7/site-packages/airflow/example_dags/example_trigger_target_dag.py took 0.079 seconds
[2023-07-09T19:24:11.567+0000] {processor.py:157} INFO - Started process (PID=2907) to work on /home/airflow/.local/lib/python3.7/site-packages/airflow/example_dags/example_trigger_target_dag.py
[2023-07-09T19:24:11.568+0000] {processor.py:826} INFO - Processing file /home/airflow/.local/lib/python3.7/site-packages/airflow/example_dags/example_trigger_target_dag.py for tasks to queue
[2023-07-09T19:24:11.569+0000] {logging_mixin.py:149} INFO - [2023-07-09T19:24:11.569+0000] {dagbag.py:541} INFO - Filling up the DagBag from /home/airflow/.local/lib/python3.7/site-packages/airflow/example_dags/example_trigger_target_dag.py
[2023-07-09T19:24:11.574+0000] {processor.py:836} INFO - DAG(s) dict_keys(['example_trigger_target_dag']) retrieved from /home/airflow/.local/lib/python3.7/site-packages/airflow/example_dags/example_trigger_target_dag.py
[2023-07-09T19:24:11.598+0000] {logging_mixin.py:149} INFO - [2023-07-09T19:24:11.598+0000] {dag.py:2726} INFO - Sync 1 DAGs
[2023-07-09T19:24:11.623+0000] {logging_mixin.py:149} INFO - [2023-07-09T19:24:11.623+0000] {dag.py:3490} INFO - Setting next_dagrun for example_trigger_target_dag to None, run_after=None
[2023-07-09T19:24:11.642+0000] {processor.py:179} INFO - Processing /home/airflow/.local/lib/python3.7/site-packages/airflow/example_dags/example_trigger_target_dag.py took 0.079 seconds
[2023-07-09T19:24:42.086+0000] {processor.py:157} INFO - Started process (PID=2969) to work on /home/airflow/.local/lib/python3.7/site-packages/airflow/example_dags/example_trigger_target_dag.py
[2023-07-09T19:24:42.087+0000] {processor.py:826} INFO - Processing file /home/airflow/.local/lib/python3.7/site-packages/airflow/example_dags/example_trigger_target_dag.py for tasks to queue
[2023-07-09T19:24:42.088+0000] {logging_mixin.py:149} INFO - [2023-07-09T19:24:42.088+0000] {dagbag.py:541} INFO - Filling up the DagBag from /home/airflow/.local/lib/python3.7/site-packages/airflow/example_dags/example_trigger_target_dag.py
[2023-07-09T19:24:42.093+0000] {processor.py:836} INFO - DAG(s) dict_keys(['example_trigger_target_dag']) retrieved from /home/airflow/.local/lib/python3.7/site-packages/airflow/example_dags/example_trigger_target_dag.py
[2023-07-09T19:24:42.113+0000] {logging_mixin.py:149} INFO - [2023-07-09T19:24:42.113+0000] {dag.py:2726} INFO - Sync 1 DAGs
[2023-07-09T19:24:42.136+0000] {logging_mixin.py:149} INFO - [2023-07-09T19:24:42.135+0000] {dag.py:3490} INFO - Setting next_dagrun for example_trigger_target_dag to None, run_after=None
[2023-07-09T19:24:42.157+0000] {processor.py:179} INFO - Processing /home/airflow/.local/lib/python3.7/site-packages/airflow/example_dags/example_trigger_target_dag.py took 0.073 seconds
[2023-07-09T19:25:12.925+0000] {processor.py:157} INFO - Started process (PID=3038) to work on /home/airflow/.local/lib/python3.7/site-packages/airflow/example_dags/example_trigger_target_dag.py
[2023-07-09T19:25:12.926+0000] {processor.py:826} INFO - Processing file /home/airflow/.local/lib/python3.7/site-packages/airflow/example_dags/example_trigger_target_dag.py for tasks to queue
[2023-07-09T19:25:12.927+0000] {logging_mixin.py:149} INFO - [2023-07-09T19:25:12.927+0000] {dagbag.py:541} INFO - Filling up the DagBag from /home/airflow/.local/lib/python3.7/site-packages/airflow/example_dags/example_trigger_target_dag.py
[2023-07-09T19:25:12.932+0000] {processor.py:836} INFO - DAG(s) dict_keys(['example_trigger_target_dag']) retrieved from /home/airflow/.local/lib/python3.7/site-packages/airflow/example_dags/example_trigger_target_dag.py
[2023-07-09T19:25:12.955+0000] {logging_mixin.py:149} INFO - [2023-07-09T19:25:12.955+0000] {dag.py:2726} INFO - Sync 1 DAGs
[2023-07-09T19:25:12.978+0000] {logging_mixin.py:149} INFO - [2023-07-09T19:25:12.977+0000] {dag.py:3490} INFO - Setting next_dagrun for example_trigger_target_dag to None, run_after=None
[2023-07-09T19:25:12.999+0000] {processor.py:179} INFO - Processing /home/airflow/.local/lib/python3.7/site-packages/airflow/example_dags/example_trigger_target_dag.py took 0.077 seconds
[2023-07-09T19:25:43.541+0000] {processor.py:157} INFO - Started process (PID=3100) to work on /home/airflow/.local/lib/python3.7/site-packages/airflow/example_dags/example_trigger_target_dag.py
[2023-07-09T19:25:43.542+0000] {processor.py:826} INFO - Processing file /home/airflow/.local/lib/python3.7/site-packages/airflow/example_dags/example_trigger_target_dag.py for tasks to queue
[2023-07-09T19:25:43.543+0000] {logging_mixin.py:149} INFO - [2023-07-09T19:25:43.543+0000] {dagbag.py:541} INFO - Filling up the DagBag from /home/airflow/.local/lib/python3.7/site-packages/airflow/example_dags/example_trigger_target_dag.py
[2023-07-09T19:25:43.548+0000] {processor.py:836} INFO - DAG(s) dict_keys(['example_trigger_target_dag']) retrieved from /home/airflow/.local/lib/python3.7/site-packages/airflow/example_dags/example_trigger_target_dag.py
[2023-07-09T19:25:43.571+0000] {logging_mixin.py:149} INFO - [2023-07-09T19:25:43.571+0000] {dag.py:2726} INFO - Sync 1 DAGs
[2023-07-09T19:25:43.593+0000] {logging_mixin.py:149} INFO - [2023-07-09T19:25:43.593+0000] {dag.py:3490} INFO - Setting next_dagrun for example_trigger_target_dag to None, run_after=None
[2023-07-09T19:25:43.615+0000] {processor.py:179} INFO - Processing /home/airflow/.local/lib/python3.7/site-packages/airflow/example_dags/example_trigger_target_dag.py took 0.078 seconds
[2023-07-09T19:26:14.052+0000] {processor.py:157} INFO - Started process (PID=3162) to work on /home/airflow/.local/lib/python3.7/site-packages/airflow/example_dags/example_trigger_target_dag.py
[2023-07-09T19:26:14.054+0000] {processor.py:826} INFO - Processing file /home/airflow/.local/lib/python3.7/site-packages/airflow/example_dags/example_trigger_target_dag.py for tasks to queue
[2023-07-09T19:26:14.054+0000] {logging_mixin.py:149} INFO - [2023-07-09T19:26:14.054+0000] {dagbag.py:541} INFO - Filling up the DagBag from /home/airflow/.local/lib/python3.7/site-packages/airflow/example_dags/example_trigger_target_dag.py
[2023-07-09T19:26:14.060+0000] {processor.py:836} INFO - DAG(s) dict_keys(['example_trigger_target_dag']) retrieved from /home/airflow/.local/lib/python3.7/site-packages/airflow/example_dags/example_trigger_target_dag.py
[2023-07-09T19:26:14.082+0000] {logging_mixin.py:149} INFO - [2023-07-09T19:26:14.082+0000] {dag.py:2726} INFO - Sync 1 DAGs
[2023-07-09T19:26:14.104+0000] {logging_mixin.py:149} INFO - [2023-07-09T19:26:14.104+0000] {dag.py:3490} INFO - Setting next_dagrun for example_trigger_target_dag to None, run_after=None
[2023-07-09T19:26:14.125+0000] {processor.py:179} INFO - Processing /home/airflow/.local/lib/python3.7/site-packages/airflow/example_dags/example_trigger_target_dag.py took 0.076 seconds
[2023-07-09T19:26:44.642+0000] {processor.py:157} INFO - Started process (PID=3224) to work on /home/airflow/.local/lib/python3.7/site-packages/airflow/example_dags/example_trigger_target_dag.py
[2023-07-09T19:26:44.643+0000] {processor.py:826} INFO - Processing file /home/airflow/.local/lib/python3.7/site-packages/airflow/example_dags/example_trigger_target_dag.py for tasks to queue
[2023-07-09T19:26:44.643+0000] {logging_mixin.py:149} INFO - [2023-07-09T19:26:44.643+0000] {dagbag.py:541} INFO - Filling up the DagBag from /home/airflow/.local/lib/python3.7/site-packages/airflow/example_dags/example_trigger_target_dag.py
[2023-07-09T19:26:44.649+0000] {processor.py:836} INFO - DAG(s) dict_keys(['example_trigger_target_dag']) retrieved from /home/airflow/.local/lib/python3.7/site-packages/airflow/example_dags/example_trigger_target_dag.py
[2023-07-09T19:26:44.671+0000] {logging_mixin.py:149} INFO - [2023-07-09T19:26:44.671+0000] {dag.py:2726} INFO - Sync 1 DAGs
[2023-07-09T19:26:44.694+0000] {logging_mixin.py:149} INFO - [2023-07-09T19:26:44.694+0000] {dag.py:3490} INFO - Setting next_dagrun for example_trigger_target_dag to None, run_after=None
[2023-07-09T19:26:44.714+0000] {processor.py:179} INFO - Processing /home/airflow/.local/lib/python3.7/site-packages/airflow/example_dags/example_trigger_target_dag.py took 0.076 seconds
[2023-07-09T19:27:15.232+0000] {processor.py:157} INFO - Started process (PID=3287) to work on /home/airflow/.local/lib/python3.7/site-packages/airflow/example_dags/example_trigger_target_dag.py
[2023-07-09T19:27:15.233+0000] {processor.py:826} INFO - Processing file /home/airflow/.local/lib/python3.7/site-packages/airflow/example_dags/example_trigger_target_dag.py for tasks to queue
[2023-07-09T19:27:15.234+0000] {logging_mixin.py:149} INFO - [2023-07-09T19:27:15.234+0000] {dagbag.py:541} INFO - Filling up the DagBag from /home/airflow/.local/lib/python3.7/site-packages/airflow/example_dags/example_trigger_target_dag.py
[2023-07-09T19:27:15.239+0000] {processor.py:836} INFO - DAG(s) dict_keys(['example_trigger_target_dag']) retrieved from /home/airflow/.local/lib/python3.7/site-packages/airflow/example_dags/example_trigger_target_dag.py
[2023-07-09T19:27:15.263+0000] {logging_mixin.py:149} INFO - [2023-07-09T19:27:15.263+0000] {dag.py:2726} INFO - Sync 1 DAGs
[2023-07-09T19:27:15.286+0000] {logging_mixin.py:149} INFO - [2023-07-09T19:27:15.286+0000] {dag.py:3490} INFO - Setting next_dagrun for example_trigger_target_dag to None, run_after=None
[2023-07-09T19:27:15.307+0000] {processor.py:179} INFO - Processing /home/airflow/.local/lib/python3.7/site-packages/airflow/example_dags/example_trigger_target_dag.py took 0.078 seconds
[2023-07-09T19:27:45.924+0000] {processor.py:157} INFO - Started process (PID=3349) to work on /home/airflow/.local/lib/python3.7/site-packages/airflow/example_dags/example_trigger_target_dag.py
[2023-07-09T19:27:45.926+0000] {processor.py:826} INFO - Processing file /home/airflow/.local/lib/python3.7/site-packages/airflow/example_dags/example_trigger_target_dag.py for tasks to queue
[2023-07-09T19:27:45.928+0000] {logging_mixin.py:149} INFO - [2023-07-09T19:27:45.928+0000] {dagbag.py:541} INFO - Filling up the DagBag from /home/airflow/.local/lib/python3.7/site-packages/airflow/example_dags/example_trigger_target_dag.py
[2023-07-09T19:27:45.934+0000] {processor.py:836} INFO - DAG(s) dict_keys(['example_trigger_target_dag']) retrieved from /home/airflow/.local/lib/python3.7/site-packages/airflow/example_dags/example_trigger_target_dag.py
[2023-07-09T19:27:45.958+0000] {logging_mixin.py:149} INFO - [2023-07-09T19:27:45.958+0000] {dag.py:2726} INFO - Sync 1 DAGs
[2023-07-09T19:27:45.984+0000] {logging_mixin.py:149} INFO - [2023-07-09T19:27:45.983+0000] {dag.py:3490} INFO - Setting next_dagrun for example_trigger_target_dag to None, run_after=None
[2023-07-09T19:27:46.006+0000] {processor.py:179} INFO - Processing /home/airflow/.local/lib/python3.7/site-packages/airflow/example_dags/example_trigger_target_dag.py took 0.084 seconds
[2023-07-09T19:28:16.423+0000] {processor.py:157} INFO - Started process (PID=3411) to work on /home/airflow/.local/lib/python3.7/site-packages/airflow/example_dags/example_trigger_target_dag.py
[2023-07-09T19:28:16.424+0000] {processor.py:826} INFO - Processing file /home/airflow/.local/lib/python3.7/site-packages/airflow/example_dags/example_trigger_target_dag.py for tasks to queue
[2023-07-09T19:28:16.425+0000] {logging_mixin.py:149} INFO - [2023-07-09T19:28:16.425+0000] {dagbag.py:541} INFO - Filling up the DagBag from /home/airflow/.local/lib/python3.7/site-packages/airflow/example_dags/example_trigger_target_dag.py
[2023-07-09T19:28:16.431+0000] {processor.py:836} INFO - DAG(s) dict_keys(['example_trigger_target_dag']) retrieved from /home/airflow/.local/lib/python3.7/site-packages/airflow/example_dags/example_trigger_target_dag.py
[2023-07-09T19:28:16.454+0000] {logging_mixin.py:149} INFO - [2023-07-09T19:28:16.454+0000] {dag.py:2726} INFO - Sync 1 DAGs
[2023-07-09T19:28:16.480+0000] {logging_mixin.py:149} INFO - [2023-07-09T19:28:16.480+0000] {dag.py:3490} INFO - Setting next_dagrun for example_trigger_target_dag to None, run_after=None
[2023-07-09T19:28:16.503+0000] {processor.py:179} INFO - Processing /home/airflow/.local/lib/python3.7/site-packages/airflow/example_dags/example_trigger_target_dag.py took 0.084 seconds
[2023-07-09T19:28:47.049+0000] {processor.py:157} INFO - Started process (PID=3473) to work on /home/airflow/.local/lib/python3.7/site-packages/airflow/example_dags/example_trigger_target_dag.py
[2023-07-09T19:28:47.050+0000] {processor.py:826} INFO - Processing file /home/airflow/.local/lib/python3.7/site-packages/airflow/example_dags/example_trigger_target_dag.py for tasks to queue
[2023-07-09T19:28:47.050+0000] {logging_mixin.py:149} INFO - [2023-07-09T19:28:47.050+0000] {dagbag.py:541} INFO - Filling up the DagBag from /home/airflow/.local/lib/python3.7/site-packages/airflow/example_dags/example_trigger_target_dag.py
[2023-07-09T19:28:47.055+0000] {processor.py:836} INFO - DAG(s) dict_keys(['example_trigger_target_dag']) retrieved from /home/airflow/.local/lib/python3.7/site-packages/airflow/example_dags/example_trigger_target_dag.py
[2023-07-09T19:28:47.078+0000] {logging_mixin.py:149} INFO - [2023-07-09T19:28:47.077+0000] {dag.py:2726} INFO - Sync 1 DAGs
[2023-07-09T19:28:47.100+0000] {logging_mixin.py:149} INFO - [2023-07-09T19:28:47.100+0000] {dag.py:3490} INFO - Setting next_dagrun for example_trigger_target_dag to None, run_after=None
[2023-07-09T19:28:47.122+0000] {processor.py:179} INFO - Processing /home/airflow/.local/lib/python3.7/site-packages/airflow/example_dags/example_trigger_target_dag.py took 0.076 seconds
[2023-07-09T19:29:17.576+0000] {processor.py:157} INFO - Started process (PID=3535) to work on /home/airflow/.local/lib/python3.7/site-packages/airflow/example_dags/example_trigger_target_dag.py
[2023-07-09T19:29:17.577+0000] {processor.py:826} INFO - Processing file /home/airflow/.local/lib/python3.7/site-packages/airflow/example_dags/example_trigger_target_dag.py for tasks to queue
[2023-07-09T19:29:17.578+0000] {logging_mixin.py:149} INFO - [2023-07-09T19:29:17.578+0000] {dagbag.py:541} INFO - Filling up the DagBag from /home/airflow/.local/lib/python3.7/site-packages/airflow/example_dags/example_trigger_target_dag.py
[2023-07-09T19:29:17.584+0000] {processor.py:836} INFO - DAG(s) dict_keys(['example_trigger_target_dag']) retrieved from /home/airflow/.local/lib/python3.7/site-packages/airflow/example_dags/example_trigger_target_dag.py
[2023-07-09T19:29:17.608+0000] {logging_mixin.py:149} INFO - [2023-07-09T19:29:17.608+0000] {dag.py:2726} INFO - Sync 1 DAGs
[2023-07-09T19:29:17.630+0000] {logging_mixin.py:149} INFO - [2023-07-09T19:29:17.630+0000] {dag.py:3490} INFO - Setting next_dagrun for example_trigger_target_dag to None, run_after=None
[2023-07-09T19:29:17.650+0000] {processor.py:179} INFO - Processing /home/airflow/.local/lib/python3.7/site-packages/airflow/example_dags/example_trigger_target_dag.py took 0.077 seconds
[2023-07-09T19:29:48.166+0000] {processor.py:157} INFO - Started process (PID=3597) to work on /home/airflow/.local/lib/python3.7/site-packages/airflow/example_dags/example_trigger_target_dag.py
[2023-07-09T19:29:48.168+0000] {processor.py:826} INFO - Processing file /home/airflow/.local/lib/python3.7/site-packages/airflow/example_dags/example_trigger_target_dag.py for tasks to queue
[2023-07-09T19:29:48.169+0000] {logging_mixin.py:149} INFO - [2023-07-09T19:29:48.169+0000] {dagbag.py:541} INFO - Filling up the DagBag from /home/airflow/.local/lib/python3.7/site-packages/airflow/example_dags/example_trigger_target_dag.py
[2023-07-09T19:29:48.174+0000] {processor.py:836} INFO - DAG(s) dict_keys(['example_trigger_target_dag']) retrieved from /home/airflow/.local/lib/python3.7/site-packages/airflow/example_dags/example_trigger_target_dag.py
[2023-07-09T19:29:48.199+0000] {logging_mixin.py:149} INFO - [2023-07-09T19:29:48.199+0000] {dag.py:2726} INFO - Sync 1 DAGs
[2023-07-09T19:29:48.221+0000] {logging_mixin.py:149} INFO - [2023-07-09T19:29:48.220+0000] {dag.py:3490} INFO - Setting next_dagrun for example_trigger_target_dag to None, run_after=None
[2023-07-09T19:29:48.240+0000] {processor.py:179} INFO - Processing /home/airflow/.local/lib/python3.7/site-packages/airflow/example_dags/example_trigger_target_dag.py took 0.077 seconds
[2023-07-09T19:30:18.909+0000] {processor.py:157} INFO - Started process (PID=3659) to work on /home/airflow/.local/lib/python3.7/site-packages/airflow/example_dags/example_trigger_target_dag.py
[2023-07-09T19:30:18.910+0000] {processor.py:826} INFO - Processing file /home/airflow/.local/lib/python3.7/site-packages/airflow/example_dags/example_trigger_target_dag.py for tasks to queue
[2023-07-09T19:30:18.911+0000] {logging_mixin.py:149} INFO - [2023-07-09T19:30:18.911+0000] {dagbag.py:541} INFO - Filling up the DagBag from /home/airflow/.local/lib/python3.7/site-packages/airflow/example_dags/example_trigger_target_dag.py
[2023-07-09T19:30:18.916+0000] {processor.py:836} INFO - DAG(s) dict_keys(['example_trigger_target_dag']) retrieved from /home/airflow/.local/lib/python3.7/site-packages/airflow/example_dags/example_trigger_target_dag.py
[2023-07-09T19:30:18.944+0000] {logging_mixin.py:149} INFO - [2023-07-09T19:30:18.944+0000] {dag.py:2726} INFO - Sync 1 DAGs
[2023-07-09T19:30:18.972+0000] {logging_mixin.py:149} INFO - [2023-07-09T19:30:18.972+0000] {dag.py:3490} INFO - Setting next_dagrun for example_trigger_target_dag to None, run_after=None
[2023-07-09T19:30:18.990+0000] {processor.py:179} INFO - Processing /home/airflow/.local/lib/python3.7/site-packages/airflow/example_dags/example_trigger_target_dag.py took 0.084 seconds
[2023-07-09T19:30:49.297+0000] {processor.py:157} INFO - Started process (PID=3721) to work on /home/airflow/.local/lib/python3.7/site-packages/airflow/example_dags/example_trigger_target_dag.py
[2023-07-09T19:30:49.298+0000] {processor.py:826} INFO - Processing file /home/airflow/.local/lib/python3.7/site-packages/airflow/example_dags/example_trigger_target_dag.py for tasks to queue
[2023-07-09T19:30:49.299+0000] {logging_mixin.py:149} INFO - [2023-07-09T19:30:49.299+0000] {dagbag.py:541} INFO - Filling up the DagBag from /home/airflow/.local/lib/python3.7/site-packages/airflow/example_dags/example_trigger_target_dag.py
[2023-07-09T19:30:49.305+0000] {processor.py:836} INFO - DAG(s) dict_keys(['example_trigger_target_dag']) retrieved from /home/airflow/.local/lib/python3.7/site-packages/airflow/example_dags/example_trigger_target_dag.py
[2023-07-09T19:30:49.333+0000] {logging_mixin.py:149} INFO - [2023-07-09T19:30:49.333+0000] {dag.py:2726} INFO - Sync 1 DAGs
[2023-07-09T19:30:49.359+0000] {logging_mixin.py:149} INFO - [2023-07-09T19:30:49.358+0000] {dag.py:3490} INFO - Setting next_dagrun for example_trigger_target_dag to None, run_after=None
[2023-07-09T19:30:49.390+0000] {processor.py:179} INFO - Processing /home/airflow/.local/lib/python3.7/site-packages/airflow/example_dags/example_trigger_target_dag.py took 0.097 seconds
[2023-07-09T19:31:19.618+0000] {processor.py:157} INFO - Started process (PID=3783) to work on /home/airflow/.local/lib/python3.7/site-packages/airflow/example_dags/example_trigger_target_dag.py
[2023-07-09T19:31:19.619+0000] {processor.py:826} INFO - Processing file /home/airflow/.local/lib/python3.7/site-packages/airflow/example_dags/example_trigger_target_dag.py for tasks to queue
[2023-07-09T19:31:19.619+0000] {logging_mixin.py:149} INFO - [2023-07-09T19:31:19.619+0000] {dagbag.py:541} INFO - Filling up the DagBag from /home/airflow/.local/lib/python3.7/site-packages/airflow/example_dags/example_trigger_target_dag.py
[2023-07-09T19:31:19.625+0000] {processor.py:836} INFO - DAG(s) dict_keys(['example_trigger_target_dag']) retrieved from /home/airflow/.local/lib/python3.7/site-packages/airflow/example_dags/example_trigger_target_dag.py
[2023-07-09T19:31:19.649+0000] {logging_mixin.py:149} INFO - [2023-07-09T19:31:19.649+0000] {dag.py:2726} INFO - Sync 1 DAGs
[2023-07-09T19:31:19.686+0000] {logging_mixin.py:149} INFO - [2023-07-09T19:31:19.686+0000] {dag.py:3490} INFO - Setting next_dagrun for example_trigger_target_dag to None, run_after=None
[2023-07-09T19:31:19.714+0000] {processor.py:179} INFO - Processing /home/airflow/.local/lib/python3.7/site-packages/airflow/example_dags/example_trigger_target_dag.py took 0.100 seconds
[2023-07-09T19:31:49.987+0000] {processor.py:157} INFO - Started process (PID=3845) to work on /home/airflow/.local/lib/python3.7/site-packages/airflow/example_dags/example_trigger_target_dag.py
[2023-07-09T19:31:49.988+0000] {processor.py:826} INFO - Processing file /home/airflow/.local/lib/python3.7/site-packages/airflow/example_dags/example_trigger_target_dag.py for tasks to queue
[2023-07-09T19:31:49.989+0000] {logging_mixin.py:149} INFO - [2023-07-09T19:31:49.989+0000] {dagbag.py:541} INFO - Filling up the DagBag from /home/airflow/.local/lib/python3.7/site-packages/airflow/example_dags/example_trigger_target_dag.py
[2023-07-09T19:31:49.995+0000] {processor.py:836} INFO - DAG(s) dict_keys(['example_trigger_target_dag']) retrieved from /home/airflow/.local/lib/python3.7/site-packages/airflow/example_dags/example_trigger_target_dag.py
[2023-07-09T19:31:50.018+0000] {logging_mixin.py:149} INFO - [2023-07-09T19:31:50.018+0000] {dag.py:2726} INFO - Sync 1 DAGs
[2023-07-09T19:31:50.040+0000] {logging_mixin.py:149} INFO - [2023-07-09T19:31:50.039+0000] {dag.py:3490} INFO - Setting next_dagrun for example_trigger_target_dag to None, run_after=None
[2023-07-09T19:31:50.061+0000] {processor.py:179} INFO - Processing /home/airflow/.local/lib/python3.7/site-packages/airflow/example_dags/example_trigger_target_dag.py took 0.077 seconds
[2023-07-09T19:32:20.218+0000] {processor.py:157} INFO - Started process (PID=3907) to work on /home/airflow/.local/lib/python3.7/site-packages/airflow/example_dags/example_trigger_target_dag.py
[2023-07-09T19:32:20.220+0000] {processor.py:826} INFO - Processing file /home/airflow/.local/lib/python3.7/site-packages/airflow/example_dags/example_trigger_target_dag.py for tasks to queue
[2023-07-09T19:32:20.221+0000] {logging_mixin.py:149} INFO - [2023-07-09T19:32:20.220+0000] {dagbag.py:541} INFO - Filling up the DagBag from /home/airflow/.local/lib/python3.7/site-packages/airflow/example_dags/example_trigger_target_dag.py
[2023-07-09T19:32:20.225+0000] {processor.py:836} INFO - DAG(s) dict_keys(['example_trigger_target_dag']) retrieved from /home/airflow/.local/lib/python3.7/site-packages/airflow/example_dags/example_trigger_target_dag.py
[2023-07-09T19:32:20.248+0000] {logging_mixin.py:149} INFO - [2023-07-09T19:32:20.248+0000] {dag.py:2726} INFO - Sync 1 DAGs
[2023-07-09T19:32:20.271+0000] {logging_mixin.py:149} INFO - [2023-07-09T19:32:20.270+0000] {dag.py:3490} INFO - Setting next_dagrun for example_trigger_target_dag to None, run_after=None
[2023-07-09T19:32:20.292+0000] {processor.py:179} INFO - Processing /home/airflow/.local/lib/python3.7/site-packages/airflow/example_dags/example_trigger_target_dag.py took 0.077 seconds
[2023-07-09T19:32:50.789+0000] {processor.py:157} INFO - Started process (PID=3969) to work on /home/airflow/.local/lib/python3.7/site-packages/airflow/example_dags/example_trigger_target_dag.py
[2023-07-09T19:32:50.790+0000] {processor.py:826} INFO - Processing file /home/airflow/.local/lib/python3.7/site-packages/airflow/example_dags/example_trigger_target_dag.py for tasks to queue
[2023-07-09T19:32:50.791+0000] {logging_mixin.py:149} INFO - [2023-07-09T19:32:50.791+0000] {dagbag.py:541} INFO - Filling up the DagBag from /home/airflow/.local/lib/python3.7/site-packages/airflow/example_dags/example_trigger_target_dag.py
[2023-07-09T19:32:50.797+0000] {processor.py:836} INFO - DAG(s) dict_keys(['example_trigger_target_dag']) retrieved from /home/airflow/.local/lib/python3.7/site-packages/airflow/example_dags/example_trigger_target_dag.py
[2023-07-09T19:32:50.819+0000] {logging_mixin.py:149} INFO - [2023-07-09T19:32:50.819+0000] {dag.py:2726} INFO - Sync 1 DAGs
[2023-07-09T19:32:50.840+0000] {logging_mixin.py:149} INFO - [2023-07-09T19:32:50.840+0000] {dag.py:3490} INFO - Setting next_dagrun for example_trigger_target_dag to None, run_after=None
[2023-07-09T19:32:50.857+0000] {processor.py:179} INFO - Processing /home/airflow/.local/lib/python3.7/site-packages/airflow/example_dags/example_trigger_target_dag.py took 0.072 seconds
[2023-07-09T19:33:21.057+0000] {processor.py:157} INFO - Started process (PID=4031) to work on /home/airflow/.local/lib/python3.7/site-packages/airflow/example_dags/example_trigger_target_dag.py
[2023-07-09T19:33:21.058+0000] {processor.py:826} INFO - Processing file /home/airflow/.local/lib/python3.7/site-packages/airflow/example_dags/example_trigger_target_dag.py for tasks to queue
[2023-07-09T19:33:21.058+0000] {logging_mixin.py:149} INFO - [2023-07-09T19:33:21.058+0000] {dagbag.py:541} INFO - Filling up the DagBag from /home/airflow/.local/lib/python3.7/site-packages/airflow/example_dags/example_trigger_target_dag.py
[2023-07-09T19:33:21.063+0000] {processor.py:836} INFO - DAG(s) dict_keys(['example_trigger_target_dag']) retrieved from /home/airflow/.local/lib/python3.7/site-packages/airflow/example_dags/example_trigger_target_dag.py
[2023-07-09T19:33:21.083+0000] {logging_mixin.py:149} INFO - [2023-07-09T19:33:21.083+0000] {dag.py:2726} INFO - Sync 1 DAGs
[2023-07-09T19:33:21.104+0000] {logging_mixin.py:149} INFO - [2023-07-09T19:33:21.104+0000] {dag.py:3490} INFO - Setting next_dagrun for example_trigger_target_dag to None, run_after=None
[2023-07-09T19:33:21.121+0000] {processor.py:179} INFO - Processing /home/airflow/.local/lib/python3.7/site-packages/airflow/example_dags/example_trigger_target_dag.py took 0.068 seconds
[2023-07-09T19:33:51.324+0000] {processor.py:157} INFO - Started process (PID=4093) to work on /home/airflow/.local/lib/python3.7/site-packages/airflow/example_dags/example_trigger_target_dag.py
[2023-07-09T19:33:51.325+0000] {processor.py:826} INFO - Processing file /home/airflow/.local/lib/python3.7/site-packages/airflow/example_dags/example_trigger_target_dag.py for tasks to queue
[2023-07-09T19:33:51.326+0000] {logging_mixin.py:149} INFO - [2023-07-09T19:33:51.326+0000] {dagbag.py:541} INFO - Filling up the DagBag from /home/airflow/.local/lib/python3.7/site-packages/airflow/example_dags/example_trigger_target_dag.py
[2023-07-09T19:33:51.331+0000] {processor.py:836} INFO - DAG(s) dict_keys(['example_trigger_target_dag']) retrieved from /home/airflow/.local/lib/python3.7/site-packages/airflow/example_dags/example_trigger_target_dag.py
[2023-07-09T19:33:51.354+0000] {logging_mixin.py:149} INFO - [2023-07-09T19:33:51.354+0000] {dag.py:2726} INFO - Sync 1 DAGs
[2023-07-09T19:33:51.376+0000] {logging_mixin.py:149} INFO - [2023-07-09T19:33:51.376+0000] {dag.py:3490} INFO - Setting next_dagrun for example_trigger_target_dag to None, run_after=None
[2023-07-09T19:33:51.399+0000] {processor.py:179} INFO - Processing /home/airflow/.local/lib/python3.7/site-packages/airflow/example_dags/example_trigger_target_dag.py took 0.078 seconds
[2023-07-09T19:34:21.968+0000] {processor.py:157} INFO - Started process (PID=4146) to work on /home/airflow/.local/lib/python3.7/site-packages/airflow/example_dags/example_trigger_target_dag.py
[2023-07-09T19:34:21.969+0000] {processor.py:826} INFO - Processing file /home/airflow/.local/lib/python3.7/site-packages/airflow/example_dags/example_trigger_target_dag.py for tasks to queue
[2023-07-09T19:34:21.970+0000] {logging_mixin.py:149} INFO - [2023-07-09T19:34:21.970+0000] {dagbag.py:541} INFO - Filling up the DagBag from /home/airflow/.local/lib/python3.7/site-packages/airflow/example_dags/example_trigger_target_dag.py
[2023-07-09T19:34:21.976+0000] {processor.py:836} INFO - DAG(s) dict_keys(['example_trigger_target_dag']) retrieved from /home/airflow/.local/lib/python3.7/site-packages/airflow/example_dags/example_trigger_target_dag.py
[2023-07-09T19:34:21.998+0000] {logging_mixin.py:149} INFO - [2023-07-09T19:34:21.998+0000] {dag.py:2726} INFO - Sync 1 DAGs
[2023-07-09T19:34:22.049+0000] {logging_mixin.py:149} INFO - [2023-07-09T19:34:22.049+0000] {dag.py:3490} INFO - Setting next_dagrun for example_trigger_target_dag to None, run_after=None
[2023-07-09T19:34:22.069+0000] {processor.py:179} INFO - Processing /home/airflow/.local/lib/python3.7/site-packages/airflow/example_dags/example_trigger_target_dag.py took 0.104 seconds
[2023-07-09T19:34:52.691+0000] {processor.py:157} INFO - Started process (PID=4208) to work on /home/airflow/.local/lib/python3.7/site-packages/airflow/example_dags/example_trigger_target_dag.py
[2023-07-09T19:34:52.692+0000] {processor.py:826} INFO - Processing file /home/airflow/.local/lib/python3.7/site-packages/airflow/example_dags/example_trigger_target_dag.py for tasks to queue
[2023-07-09T19:34:52.693+0000] {logging_mixin.py:149} INFO - [2023-07-09T19:34:52.693+0000] {dagbag.py:541} INFO - Filling up the DagBag from /home/airflow/.local/lib/python3.7/site-packages/airflow/example_dags/example_trigger_target_dag.py
[2023-07-09T19:34:52.698+0000] {processor.py:836} INFO - DAG(s) dict_keys(['example_trigger_target_dag']) retrieved from /home/airflow/.local/lib/python3.7/site-packages/airflow/example_dags/example_trigger_target_dag.py
[2023-07-09T19:34:52.720+0000] {logging_mixin.py:149} INFO - [2023-07-09T19:34:52.720+0000] {dag.py:2726} INFO - Sync 1 DAGs
[2023-07-09T19:34:52.742+0000] {logging_mixin.py:149} INFO - [2023-07-09T19:34:52.742+0000] {dag.py:3490} INFO - Setting next_dagrun for example_trigger_target_dag to None, run_after=None
[2023-07-09T19:34:52.762+0000] {processor.py:179} INFO - Processing /home/airflow/.local/lib/python3.7/site-packages/airflow/example_dags/example_trigger_target_dag.py took 0.073 seconds
[2023-07-09T19:35:23.073+0000] {processor.py:157} INFO - Started process (PID=4270) to work on /home/airflow/.local/lib/python3.7/site-packages/airflow/example_dags/example_trigger_target_dag.py
[2023-07-09T19:35:23.074+0000] {processor.py:826} INFO - Processing file /home/airflow/.local/lib/python3.7/site-packages/airflow/example_dags/example_trigger_target_dag.py for tasks to queue
[2023-07-09T19:35:23.075+0000] {logging_mixin.py:149} INFO - [2023-07-09T19:35:23.074+0000] {dagbag.py:541} INFO - Filling up the DagBag from /home/airflow/.local/lib/python3.7/site-packages/airflow/example_dags/example_trigger_target_dag.py
[2023-07-09T19:35:23.080+0000] {processor.py:836} INFO - DAG(s) dict_keys(['example_trigger_target_dag']) retrieved from /home/airflow/.local/lib/python3.7/site-packages/airflow/example_dags/example_trigger_target_dag.py
[2023-07-09T19:35:23.102+0000] {logging_mixin.py:149} INFO - [2023-07-09T19:35:23.101+0000] {dag.py:2726} INFO - Sync 1 DAGs
[2023-07-09T19:35:23.123+0000] {logging_mixin.py:149} INFO - [2023-07-09T19:35:23.123+0000] {dag.py:3490} INFO - Setting next_dagrun for example_trigger_target_dag to None, run_after=None
[2023-07-09T19:35:23.142+0000] {processor.py:179} INFO - Processing /home/airflow/.local/lib/python3.7/site-packages/airflow/example_dags/example_trigger_target_dag.py took 0.072 seconds
[2023-07-09T19:35:53.267+0000] {processor.py:157} INFO - Started process (PID=4332) to work on /home/airflow/.local/lib/python3.7/site-packages/airflow/example_dags/example_trigger_target_dag.py
[2023-07-09T19:35:53.268+0000] {processor.py:826} INFO - Processing file /home/airflow/.local/lib/python3.7/site-packages/airflow/example_dags/example_trigger_target_dag.py for tasks to queue
[2023-07-09T19:35:53.269+0000] {logging_mixin.py:149} INFO - [2023-07-09T19:35:53.269+0000] {dagbag.py:541} INFO - Filling up the DagBag from /home/airflow/.local/lib/python3.7/site-packages/airflow/example_dags/example_trigger_target_dag.py
[2023-07-09T19:35:53.275+0000] {processor.py:836} INFO - DAG(s) dict_keys(['example_trigger_target_dag']) retrieved from /home/airflow/.local/lib/python3.7/site-packages/airflow/example_dags/example_trigger_target_dag.py
[2023-07-09T19:35:53.296+0000] {logging_mixin.py:149} INFO - [2023-07-09T19:35:53.296+0000] {dag.py:2726} INFO - Sync 1 DAGs
[2023-07-09T19:35:53.318+0000] {logging_mixin.py:149} INFO - [2023-07-09T19:35:53.317+0000] {dag.py:3490} INFO - Setting next_dagrun for example_trigger_target_dag to None, run_after=None
[2023-07-09T19:35:53.335+0000] {processor.py:179} INFO - Processing /home/airflow/.local/lib/python3.7/site-packages/airflow/example_dags/example_trigger_target_dag.py took 0.071 seconds
[2023-07-09T19:36:23.635+0000] {processor.py:157} INFO - Started process (PID=4394) to work on /home/airflow/.local/lib/python3.7/site-packages/airflow/example_dags/example_trigger_target_dag.py
[2023-07-09T19:36:23.636+0000] {processor.py:826} INFO - Processing file /home/airflow/.local/lib/python3.7/site-packages/airflow/example_dags/example_trigger_target_dag.py for tasks to queue
[2023-07-09T19:36:23.637+0000] {logging_mixin.py:149} INFO - [2023-07-09T19:36:23.637+0000] {dagbag.py:541} INFO - Filling up the DagBag from /home/airflow/.local/lib/python3.7/site-packages/airflow/example_dags/example_trigger_target_dag.py
[2023-07-09T19:36:23.643+0000] {processor.py:836} INFO - DAG(s) dict_keys(['example_trigger_target_dag']) retrieved from /home/airflow/.local/lib/python3.7/site-packages/airflow/example_dags/example_trigger_target_dag.py
[2023-07-09T19:36:23.669+0000] {logging_mixin.py:149} INFO - [2023-07-09T19:36:23.669+0000] {dag.py:2726} INFO - Sync 1 DAGs
[2023-07-09T19:36:23.698+0000] {logging_mixin.py:149} INFO - [2023-07-09T19:36:23.697+0000] {dag.py:3490} INFO - Setting next_dagrun for example_trigger_target_dag to None, run_after=None
[2023-07-09T19:36:23.718+0000] {processor.py:179} INFO - Processing /home/airflow/.local/lib/python3.7/site-packages/airflow/example_dags/example_trigger_target_dag.py took 0.087 seconds
[2023-07-09T19:36:53.825+0000] {processor.py:157} INFO - Started process (PID=4456) to work on /home/airflow/.local/lib/python3.7/site-packages/airflow/example_dags/example_trigger_target_dag.py
[2023-07-09T19:36:53.826+0000] {processor.py:826} INFO - Processing file /home/airflow/.local/lib/python3.7/site-packages/airflow/example_dags/example_trigger_target_dag.py for tasks to queue
[2023-07-09T19:36:53.827+0000] {logging_mixin.py:149} INFO - [2023-07-09T19:36:53.827+0000] {dagbag.py:541} INFO - Filling up the DagBag from /home/airflow/.local/lib/python3.7/site-packages/airflow/example_dags/example_trigger_target_dag.py
[2023-07-09T19:36:53.832+0000] {processor.py:836} INFO - DAG(s) dict_keys(['example_trigger_target_dag']) retrieved from /home/airflow/.local/lib/python3.7/site-packages/airflow/example_dags/example_trigger_target_dag.py
[2023-07-09T19:36:53.859+0000] {logging_mixin.py:149} INFO - [2023-07-09T19:36:53.859+0000] {dag.py:2726} INFO - Sync 1 DAGs
[2023-07-09T19:36:53.885+0000] {logging_mixin.py:149} INFO - [2023-07-09T19:36:53.885+0000] {dag.py:3490} INFO - Setting next_dagrun for example_trigger_target_dag to None, run_after=None
[2023-07-09T19:36:53.908+0000] {processor.py:179} INFO - Processing /home/airflow/.local/lib/python3.7/site-packages/airflow/example_dags/example_trigger_target_dag.py took 0.087 seconds
[2023-07-09T19:37:23.982+0000] {processor.py:157} INFO - Started process (PID=4517) to work on /home/airflow/.local/lib/python3.7/site-packages/airflow/example_dags/example_trigger_target_dag.py
[2023-07-09T19:37:23.983+0000] {processor.py:826} INFO - Processing file /home/airflow/.local/lib/python3.7/site-packages/airflow/example_dags/example_trigger_target_dag.py for tasks to queue
[2023-07-09T19:37:23.984+0000] {logging_mixin.py:149} INFO - [2023-07-09T19:37:23.984+0000] {dagbag.py:541} INFO - Filling up the DagBag from /home/airflow/.local/lib/python3.7/site-packages/airflow/example_dags/example_trigger_target_dag.py
[2023-07-09T19:37:23.989+0000] {processor.py:836} INFO - DAG(s) dict_keys(['example_trigger_target_dag']) retrieved from /home/airflow/.local/lib/python3.7/site-packages/airflow/example_dags/example_trigger_target_dag.py
[2023-07-09T19:37:24.010+0000] {logging_mixin.py:149} INFO - [2023-07-09T19:37:24.010+0000] {dag.py:2726} INFO - Sync 1 DAGs
[2023-07-09T19:37:24.032+0000] {logging_mixin.py:149} INFO - [2023-07-09T19:37:24.032+0000] {dag.py:3490} INFO - Setting next_dagrun for example_trigger_target_dag to None, run_after=None
[2023-07-09T19:37:24.053+0000] {processor.py:179} INFO - Processing /home/airflow/.local/lib/python3.7/site-packages/airflow/example_dags/example_trigger_target_dag.py took 0.074 seconds
[2023-07-09T19:37:54.303+0000] {processor.py:157} INFO - Started process (PID=4579) to work on /home/airflow/.local/lib/python3.7/site-packages/airflow/example_dags/example_trigger_target_dag.py
[2023-07-09T19:37:54.304+0000] {processor.py:826} INFO - Processing file /home/airflow/.local/lib/python3.7/site-packages/airflow/example_dags/example_trigger_target_dag.py for tasks to queue
[2023-07-09T19:37:54.305+0000] {logging_mixin.py:149} INFO - [2023-07-09T19:37:54.305+0000] {dagbag.py:541} INFO - Filling up the DagBag from /home/airflow/.local/lib/python3.7/site-packages/airflow/example_dags/example_trigger_target_dag.py
[2023-07-09T19:37:54.310+0000] {processor.py:836} INFO - DAG(s) dict_keys(['example_trigger_target_dag']) retrieved from /home/airflow/.local/lib/python3.7/site-packages/airflow/example_dags/example_trigger_target_dag.py
[2023-07-09T19:37:54.333+0000] {logging_mixin.py:149} INFO - [2023-07-09T19:37:54.333+0000] {dag.py:2726} INFO - Sync 1 DAGs
[2023-07-09T19:37:54.357+0000] {logging_mixin.py:149} INFO - [2023-07-09T19:37:54.357+0000] {dag.py:3490} INFO - Setting next_dagrun for example_trigger_target_dag to None, run_after=None
[2023-07-09T19:37:54.380+0000] {processor.py:179} INFO - Processing /home/airflow/.local/lib/python3.7/site-packages/airflow/example_dags/example_trigger_target_dag.py took 0.080 seconds
[2023-07-09T19:38:24.592+0000] {processor.py:157} INFO - Started process (PID=4641) to work on /home/airflow/.local/lib/python3.7/site-packages/airflow/example_dags/example_trigger_target_dag.py
[2023-07-09T19:38:24.593+0000] {processor.py:826} INFO - Processing file /home/airflow/.local/lib/python3.7/site-packages/airflow/example_dags/example_trigger_target_dag.py for tasks to queue
[2023-07-09T19:38:24.594+0000] {logging_mixin.py:149} INFO - [2023-07-09T19:38:24.594+0000] {dagbag.py:541} INFO - Filling up the DagBag from /home/airflow/.local/lib/python3.7/site-packages/airflow/example_dags/example_trigger_target_dag.py
[2023-07-09T19:38:24.602+0000] {processor.py:836} INFO - DAG(s) dict_keys(['example_trigger_target_dag']) retrieved from /home/airflow/.local/lib/python3.7/site-packages/airflow/example_dags/example_trigger_target_dag.py
[2023-07-09T19:38:24.630+0000] {logging_mixin.py:149} INFO - [2023-07-09T19:38:24.629+0000] {dag.py:2726} INFO - Sync 1 DAGs
[2023-07-09T19:38:24.656+0000] {logging_mixin.py:149} INFO - [2023-07-09T19:38:24.656+0000] {dag.py:3490} INFO - Setting next_dagrun for example_trigger_target_dag to None, run_after=None
[2023-07-09T19:38:24.677+0000] {processor.py:179} INFO - Processing /home/airflow/.local/lib/python3.7/site-packages/airflow/example_dags/example_trigger_target_dag.py took 0.089 seconds
[2023-07-09T19:38:54.773+0000] {processor.py:157} INFO - Started process (PID=4703) to work on /home/airflow/.local/lib/python3.7/site-packages/airflow/example_dags/example_trigger_target_dag.py
[2023-07-09T19:38:54.774+0000] {processor.py:826} INFO - Processing file /home/airflow/.local/lib/python3.7/site-packages/airflow/example_dags/example_trigger_target_dag.py for tasks to queue
[2023-07-09T19:38:54.776+0000] {logging_mixin.py:149} INFO - [2023-07-09T19:38:54.775+0000] {dagbag.py:541} INFO - Filling up the DagBag from /home/airflow/.local/lib/python3.7/site-packages/airflow/example_dags/example_trigger_target_dag.py
[2023-07-09T19:38:54.781+0000] {processor.py:836} INFO - DAG(s) dict_keys(['example_trigger_target_dag']) retrieved from /home/airflow/.local/lib/python3.7/site-packages/airflow/example_dags/example_trigger_target_dag.py
[2023-07-09T19:38:54.804+0000] {logging_mixin.py:149} INFO - [2023-07-09T19:38:54.804+0000] {dag.py:2726} INFO - Sync 1 DAGs
[2023-07-09T19:38:54.829+0000] {logging_mixin.py:149} INFO - [2023-07-09T19:38:54.829+0000] {dag.py:3490} INFO - Setting next_dagrun for example_trigger_target_dag to None, run_after=None
[2023-07-09T19:38:54.854+0000] {processor.py:179} INFO - Processing /home/airflow/.local/lib/python3.7/site-packages/airflow/example_dags/example_trigger_target_dag.py took 0.084 seconds
[2023-07-09T19:39:25.367+0000] {processor.py:157} INFO - Started process (PID=4765) to work on /home/airflow/.local/lib/python3.7/site-packages/airflow/example_dags/example_trigger_target_dag.py
[2023-07-09T19:39:25.369+0000] {processor.py:826} INFO - Processing file /home/airflow/.local/lib/python3.7/site-packages/airflow/example_dags/example_trigger_target_dag.py for tasks to queue
[2023-07-09T19:39:25.370+0000] {logging_mixin.py:149} INFO - [2023-07-09T19:39:25.370+0000] {dagbag.py:541} INFO - Filling up the DagBag from /home/airflow/.local/lib/python3.7/site-packages/airflow/example_dags/example_trigger_target_dag.py
[2023-07-09T19:39:25.376+0000] {processor.py:836} INFO - DAG(s) dict_keys(['example_trigger_target_dag']) retrieved from /home/airflow/.local/lib/python3.7/site-packages/airflow/example_dags/example_trigger_target_dag.py
[2023-07-09T19:39:25.401+0000] {logging_mixin.py:149} INFO - [2023-07-09T19:39:25.400+0000] {dag.py:2726} INFO - Sync 1 DAGs
[2023-07-09T19:39:25.429+0000] {logging_mixin.py:149} INFO - [2023-07-09T19:39:25.429+0000] {dag.py:3490} INFO - Setting next_dagrun for example_trigger_target_dag to None, run_after=None
[2023-07-09T19:39:25.451+0000] {processor.py:179} INFO - Processing /home/airflow/.local/lib/python3.7/site-packages/airflow/example_dags/example_trigger_target_dag.py took 0.087 seconds
[2023-07-09T19:39:55.778+0000] {processor.py:157} INFO - Started process (PID=4827) to work on /home/airflow/.local/lib/python3.7/site-packages/airflow/example_dags/example_trigger_target_dag.py
[2023-07-09T19:39:55.779+0000] {processor.py:826} INFO - Processing file /home/airflow/.local/lib/python3.7/site-packages/airflow/example_dags/example_trigger_target_dag.py for tasks to queue
[2023-07-09T19:39:55.780+0000] {logging_mixin.py:149} INFO - [2023-07-09T19:39:55.780+0000] {dagbag.py:541} INFO - Filling up the DagBag from /home/airflow/.local/lib/python3.7/site-packages/airflow/example_dags/example_trigger_target_dag.py
[2023-07-09T19:39:55.786+0000] {processor.py:836} INFO - DAG(s) dict_keys(['example_trigger_target_dag']) retrieved from /home/airflow/.local/lib/python3.7/site-packages/airflow/example_dags/example_trigger_target_dag.py
[2023-07-09T19:39:55.810+0000] {logging_mixin.py:149} INFO - [2023-07-09T19:39:55.810+0000] {dag.py:2726} INFO - Sync 1 DAGs
[2023-07-09T19:39:55.838+0000] {logging_mixin.py:149} INFO - [2023-07-09T19:39:55.837+0000] {dag.py:3490} INFO - Setting next_dagrun for example_trigger_target_dag to None, run_after=None
[2023-07-09T19:39:55.860+0000] {processor.py:179} INFO - Processing /home/airflow/.local/lib/python3.7/site-packages/airflow/example_dags/example_trigger_target_dag.py took 0.086 seconds
[2023-07-09T19:40:26.011+0000] {processor.py:157} INFO - Started process (PID=4889) to work on /home/airflow/.local/lib/python3.7/site-packages/airflow/example_dags/example_trigger_target_dag.py
[2023-07-09T19:40:26.012+0000] {processor.py:826} INFO - Processing file /home/airflow/.local/lib/python3.7/site-packages/airflow/example_dags/example_trigger_target_dag.py for tasks to queue
[2023-07-09T19:40:26.013+0000] {logging_mixin.py:149} INFO - [2023-07-09T19:40:26.013+0000] {dagbag.py:541} INFO - Filling up the DagBag from /home/airflow/.local/lib/python3.7/site-packages/airflow/example_dags/example_trigger_target_dag.py
[2023-07-09T19:40:26.018+0000] {processor.py:836} INFO - DAG(s) dict_keys(['example_trigger_target_dag']) retrieved from /home/airflow/.local/lib/python3.7/site-packages/airflow/example_dags/example_trigger_target_dag.py
[2023-07-09T19:40:26.042+0000] {logging_mixin.py:149} INFO - [2023-07-09T19:40:26.042+0000] {dag.py:2726} INFO - Sync 1 DAGs
[2023-07-09T19:40:26.065+0000] {logging_mixin.py:149} INFO - [2023-07-09T19:40:26.065+0000] {dag.py:3490} INFO - Setting next_dagrun for example_trigger_target_dag to None, run_after=None
[2023-07-09T19:40:26.087+0000] {processor.py:179} INFO - Processing /home/airflow/.local/lib/python3.7/site-packages/airflow/example_dags/example_trigger_target_dag.py took 0.079 seconds
[2023-07-09T19:40:56.395+0000] {processor.py:157} INFO - Started process (PID=4951) to work on /home/airflow/.local/lib/python3.7/site-packages/airflow/example_dags/example_trigger_target_dag.py
[2023-07-09T19:40:56.396+0000] {processor.py:826} INFO - Processing file /home/airflow/.local/lib/python3.7/site-packages/airflow/example_dags/example_trigger_target_dag.py for tasks to queue
[2023-07-09T19:40:56.396+0000] {logging_mixin.py:149} INFO - [2023-07-09T19:40:56.396+0000] {dagbag.py:541} INFO - Filling up the DagBag from /home/airflow/.local/lib/python3.7/site-packages/airflow/example_dags/example_trigger_target_dag.py
[2023-07-09T19:40:56.401+0000] {processor.py:836} INFO - DAG(s) dict_keys(['example_trigger_target_dag']) retrieved from /home/airflow/.local/lib/python3.7/site-packages/airflow/example_dags/example_trigger_target_dag.py
[2023-07-09T19:40:56.423+0000] {logging_mixin.py:149} INFO - [2023-07-09T19:40:56.423+0000] {dag.py:2726} INFO - Sync 1 DAGs
[2023-07-09T19:40:56.446+0000] {logging_mixin.py:149} INFO - [2023-07-09T19:40:56.445+0000] {dag.py:3490} INFO - Setting next_dagrun for example_trigger_target_dag to None, run_after=None
[2023-07-09T19:40:56.469+0000] {processor.py:179} INFO - Processing /home/airflow/.local/lib/python3.7/site-packages/airflow/example_dags/example_trigger_target_dag.py took 0.077 seconds
[2023-07-09T23:59:31.235+0000] {processor.py:157} INFO - Started process (PID=5040) to work on /home/airflow/.local/lib/python3.7/site-packages/airflow/example_dags/example_trigger_target_dag.py
[2023-07-09T23:59:31.237+0000] {processor.py:826} INFO - Processing file /home/airflow/.local/lib/python3.7/site-packages/airflow/example_dags/example_trigger_target_dag.py for tasks to queue
[2023-07-09T23:59:31.239+0000] {logging_mixin.py:149} INFO - [2023-07-09T23:59:31.238+0000] {dagbag.py:541} INFO - Filling up the DagBag from /home/airflow/.local/lib/python3.7/site-packages/airflow/example_dags/example_trigger_target_dag.py
[2023-07-09T23:59:31.245+0000] {processor.py:836} INFO - DAG(s) dict_keys(['example_trigger_target_dag']) retrieved from /home/airflow/.local/lib/python3.7/site-packages/airflow/example_dags/example_trigger_target_dag.py
[2023-07-09T23:59:31.280+0000] {logging_mixin.py:149} INFO - [2023-07-09T23:59:31.280+0000] {dag.py:2726} INFO - Sync 1 DAGs
[2023-07-09T23:59:31.314+0000] {logging_mixin.py:149} INFO - [2023-07-09T23:59:31.314+0000] {dag.py:3490} INFO - Setting next_dagrun for example_trigger_target_dag to None, run_after=None
[2023-07-09T23:59:31.341+0000] {processor.py:179} INFO - Processing /home/airflow/.local/lib/python3.7/site-packages/airflow/example_dags/example_trigger_target_dag.py took 0.111 seconds
