[2023-07-09T19:06:53.021+0000] {processor.py:157} INFO - Started process (PID=802) to work on /home/airflow/.local/lib/python3.7/site-packages/airflow/example_dags/example_branch_operator.py
[2023-07-09T19:06:53.022+0000] {processor.py:826} INFO - Processing file /home/airflow/.local/lib/python3.7/site-packages/airflow/example_dags/example_branch_operator.py for tasks to queue
[2023-07-09T19:06:53.024+0000] {logging_mixin.py:149} INFO - [2023-07-09T19:06:53.023+0000] {dagbag.py:541} INFO - Filling up the DagBag from /home/airflow/.local/lib/python3.7/site-packages/airflow/example_dags/example_branch_operator.py
[2023-07-09T19:06:53.039+0000] {processor.py:836} INFO - DAG(s) dict_keys(['example_branch_operator']) retrieved from /home/airflow/.local/lib/python3.7/site-packages/airflow/example_dags/example_branch_operator.py
[2023-07-09T19:06:53.066+0000] {logging_mixin.py:149} INFO - [2023-07-09T19:06:53.066+0000] {dag.py:2726} INFO - Sync 1 DAGs
[2023-07-09T19:06:53.090+0000] {logging_mixin.py:149} INFO - [2023-07-09T19:06:53.090+0000] {dag.py:3490} INFO - Setting next_dagrun for example_branch_operator to 2023-07-08T00:00:00+00:00, run_after=2023-07-09T00:00:00+00:00
[2023-07-09T19:06:53.114+0000] {processor.py:179} INFO - Processing /home/airflow/.local/lib/python3.7/site-packages/airflow/example_dags/example_branch_operator.py took 0.096 seconds
[2023-07-09T19:07:23.361+0000] {processor.py:157} INFO - Started process (PID=863) to work on /home/airflow/.local/lib/python3.7/site-packages/airflow/example_dags/example_branch_operator.py
[2023-07-09T19:07:23.363+0000] {processor.py:826} INFO - Processing file /home/airflow/.local/lib/python3.7/site-packages/airflow/example_dags/example_branch_operator.py for tasks to queue
[2023-07-09T19:07:23.364+0000] {logging_mixin.py:149} INFO - [2023-07-09T19:07:23.363+0000] {dagbag.py:541} INFO - Filling up the DagBag from /home/airflow/.local/lib/python3.7/site-packages/airflow/example_dags/example_branch_operator.py
[2023-07-09T19:07:23.372+0000] {processor.py:836} INFO - DAG(s) dict_keys(['example_branch_operator']) retrieved from /home/airflow/.local/lib/python3.7/site-packages/airflow/example_dags/example_branch_operator.py
[2023-07-09T19:07:23.402+0000] {logging_mixin.py:149} INFO - [2023-07-09T19:07:23.401+0000] {dag.py:2726} INFO - Sync 1 DAGs
[2023-07-09T19:07:23.443+0000] {logging_mixin.py:149} INFO - [2023-07-09T19:07:23.442+0000] {dag.py:3490} INFO - Setting next_dagrun for example_branch_operator to 2023-07-08T00:00:00+00:00, run_after=2023-07-09T00:00:00+00:00
[2023-07-09T19:07:23.466+0000] {processor.py:179} INFO - Processing /home/airflow/.local/lib/python3.7/site-packages/airflow/example_dags/example_branch_operator.py took 0.108 seconds
[2023-07-09T19:07:53.739+0000] {processor.py:157} INFO - Started process (PID=924) to work on /home/airflow/.local/lib/python3.7/site-packages/airflow/example_dags/example_branch_operator.py
[2023-07-09T19:07:53.740+0000] {processor.py:826} INFO - Processing file /home/airflow/.local/lib/python3.7/site-packages/airflow/example_dags/example_branch_operator.py for tasks to queue
[2023-07-09T19:07:53.740+0000] {logging_mixin.py:149} INFO - [2023-07-09T19:07:53.740+0000] {dagbag.py:541} INFO - Filling up the DagBag from /home/airflow/.local/lib/python3.7/site-packages/airflow/example_dags/example_branch_operator.py
[2023-07-09T19:07:53.749+0000] {processor.py:836} INFO - DAG(s) dict_keys(['example_branch_operator']) retrieved from /home/airflow/.local/lib/python3.7/site-packages/airflow/example_dags/example_branch_operator.py
[2023-07-09T19:07:53.776+0000] {logging_mixin.py:149} INFO - [2023-07-09T19:07:53.776+0000] {dag.py:2726} INFO - Sync 1 DAGs
[2023-07-09T19:07:53.802+0000] {logging_mixin.py:149} INFO - [2023-07-09T19:07:53.802+0000] {dag.py:3490} INFO - Setting next_dagrun for example_branch_operator to 2023-07-08T00:00:00+00:00, run_after=2023-07-09T00:00:00+00:00
[2023-07-09T19:07:53.825+0000] {processor.py:179} INFO - Processing /home/airflow/.local/lib/python3.7/site-packages/airflow/example_dags/example_branch_operator.py took 0.089 seconds
[2023-07-09T19:08:23.893+0000] {processor.py:157} INFO - Started process (PID=985) to work on /home/airflow/.local/lib/python3.7/site-packages/airflow/example_dags/example_branch_operator.py
[2023-07-09T19:08:23.895+0000] {processor.py:826} INFO - Processing file /home/airflow/.local/lib/python3.7/site-packages/airflow/example_dags/example_branch_operator.py for tasks to queue
[2023-07-09T19:08:23.896+0000] {logging_mixin.py:149} INFO - [2023-07-09T19:08:23.895+0000] {dagbag.py:541} INFO - Filling up the DagBag from /home/airflow/.local/lib/python3.7/site-packages/airflow/example_dags/example_branch_operator.py
[2023-07-09T19:08:23.904+0000] {processor.py:836} INFO - DAG(s) dict_keys(['example_branch_operator']) retrieved from /home/airflow/.local/lib/python3.7/site-packages/airflow/example_dags/example_branch_operator.py
[2023-07-09T19:08:23.918+0000] {logging_mixin.py:149} INFO - [2023-07-09T19:08:23.918+0000] {dag.py:2726} INFO - Sync 1 DAGs
[2023-07-09T19:08:23.944+0000] {logging_mixin.py:149} INFO - [2023-07-09T19:08:23.944+0000] {dag.py:3490} INFO - Setting next_dagrun for example_branch_operator to 2023-07-08T00:00:00+00:00, run_after=2023-07-09T00:00:00+00:00
[2023-07-09T19:08:23.967+0000] {processor.py:179} INFO - Processing /home/airflow/.local/lib/python3.7/site-packages/airflow/example_dags/example_branch_operator.py took 0.076 seconds
[2023-07-09T19:08:54.451+0000] {processor.py:157} INFO - Started process (PID=1046) to work on /home/airflow/.local/lib/python3.7/site-packages/airflow/example_dags/example_branch_operator.py
[2023-07-09T19:08:54.452+0000] {processor.py:826} INFO - Processing file /home/airflow/.local/lib/python3.7/site-packages/airflow/example_dags/example_branch_operator.py for tasks to queue
[2023-07-09T19:08:54.453+0000] {logging_mixin.py:149} INFO - [2023-07-09T19:08:54.453+0000] {dagbag.py:541} INFO - Filling up the DagBag from /home/airflow/.local/lib/python3.7/site-packages/airflow/example_dags/example_branch_operator.py
[2023-07-09T19:08:54.463+0000] {processor.py:836} INFO - DAG(s) dict_keys(['example_branch_operator']) retrieved from /home/airflow/.local/lib/python3.7/site-packages/airflow/example_dags/example_branch_operator.py
[2023-07-09T19:08:54.494+0000] {logging_mixin.py:149} INFO - [2023-07-09T19:08:54.493+0000] {dag.py:2726} INFO - Sync 1 DAGs
[2023-07-09T19:08:54.530+0000] {logging_mixin.py:149} INFO - [2023-07-09T19:08:54.530+0000] {dag.py:3490} INFO - Setting next_dagrun for example_branch_operator to 2023-07-08T00:00:00+00:00, run_after=2023-07-09T00:00:00+00:00
[2023-07-09T19:08:54.557+0000] {processor.py:179} INFO - Processing /home/airflow/.local/lib/python3.7/site-packages/airflow/example_dags/example_branch_operator.py took 0.109 seconds
[2023-07-09T19:09:25.316+0000] {processor.py:157} INFO - Started process (PID=1107) to work on /home/airflow/.local/lib/python3.7/site-packages/airflow/example_dags/example_branch_operator.py
[2023-07-09T19:09:25.318+0000] {processor.py:826} INFO - Processing file /home/airflow/.local/lib/python3.7/site-packages/airflow/example_dags/example_branch_operator.py for tasks to queue
[2023-07-09T19:09:25.319+0000] {logging_mixin.py:149} INFO - [2023-07-09T19:09:25.319+0000] {dagbag.py:541} INFO - Filling up the DagBag from /home/airflow/.local/lib/python3.7/site-packages/airflow/example_dags/example_branch_operator.py
[2023-07-09T19:09:25.330+0000] {processor.py:836} INFO - DAG(s) dict_keys(['example_branch_operator']) retrieved from /home/airflow/.local/lib/python3.7/site-packages/airflow/example_dags/example_branch_operator.py
[2023-07-09T19:09:25.345+0000] {logging_mixin.py:149} INFO - [2023-07-09T19:09:25.344+0000] {dag.py:2726} INFO - Sync 1 DAGs
[2023-07-09T19:09:25.378+0000] {logging_mixin.py:149} INFO - [2023-07-09T19:09:25.377+0000] {dag.py:3490} INFO - Setting next_dagrun for example_branch_operator to 2023-07-08T00:00:00+00:00, run_after=2023-07-09T00:00:00+00:00
[2023-07-09T19:09:25.405+0000] {processor.py:179} INFO - Processing /home/airflow/.local/lib/python3.7/site-packages/airflow/example_dags/example_branch_operator.py took 0.092 seconds
[2023-07-09T19:09:55.642+0000] {processor.py:157} INFO - Started process (PID=1168) to work on /home/airflow/.local/lib/python3.7/site-packages/airflow/example_dags/example_branch_operator.py
[2023-07-09T19:09:55.643+0000] {processor.py:826} INFO - Processing file /home/airflow/.local/lib/python3.7/site-packages/airflow/example_dags/example_branch_operator.py for tasks to queue
[2023-07-09T19:09:55.643+0000] {logging_mixin.py:149} INFO - [2023-07-09T19:09:55.643+0000] {dagbag.py:541} INFO - Filling up the DagBag from /home/airflow/.local/lib/python3.7/site-packages/airflow/example_dags/example_branch_operator.py
[2023-07-09T19:09:55.652+0000] {processor.py:836} INFO - DAG(s) dict_keys(['example_branch_operator']) retrieved from /home/airflow/.local/lib/python3.7/site-packages/airflow/example_dags/example_branch_operator.py
[2023-07-09T19:09:55.679+0000] {logging_mixin.py:149} INFO - [2023-07-09T19:09:55.679+0000] {dag.py:2726} INFO - Sync 1 DAGs
[2023-07-09T19:09:55.703+0000] {logging_mixin.py:149} INFO - [2023-07-09T19:09:55.703+0000] {dag.py:3490} INFO - Setting next_dagrun for example_branch_operator to 2023-07-08T00:00:00+00:00, run_after=2023-07-09T00:00:00+00:00
[2023-07-09T19:09:55.725+0000] {processor.py:179} INFO - Processing /home/airflow/.local/lib/python3.7/site-packages/airflow/example_dags/example_branch_operator.py took 0.086 seconds
[2023-07-09T19:10:25.847+0000] {processor.py:157} INFO - Started process (PID=1229) to work on /home/airflow/.local/lib/python3.7/site-packages/airflow/example_dags/example_branch_operator.py
[2023-07-09T19:10:25.848+0000] {processor.py:826} INFO - Processing file /home/airflow/.local/lib/python3.7/site-packages/airflow/example_dags/example_branch_operator.py for tasks to queue
[2023-07-09T19:10:25.849+0000] {logging_mixin.py:149} INFO - [2023-07-09T19:10:25.849+0000] {dagbag.py:541} INFO - Filling up the DagBag from /home/airflow/.local/lib/python3.7/site-packages/airflow/example_dags/example_branch_operator.py
[2023-07-09T19:10:25.858+0000] {processor.py:836} INFO - DAG(s) dict_keys(['example_branch_operator']) retrieved from /home/airflow/.local/lib/python3.7/site-packages/airflow/example_dags/example_branch_operator.py
[2023-07-09T19:10:25.883+0000] {logging_mixin.py:149} INFO - [2023-07-09T19:10:25.883+0000] {dag.py:2726} INFO - Sync 1 DAGs
[2023-07-09T19:10:25.907+0000] {logging_mixin.py:149} INFO - [2023-07-09T19:10:25.907+0000] {dag.py:3490} INFO - Setting next_dagrun for example_branch_operator to 2023-07-08T00:00:00+00:00, run_after=2023-07-09T00:00:00+00:00
[2023-07-09T19:10:25.930+0000] {processor.py:179} INFO - Processing /home/airflow/.local/lib/python3.7/site-packages/airflow/example_dags/example_branch_operator.py took 0.086 seconds
[2023-07-09T19:10:56.392+0000] {processor.py:157} INFO - Started process (PID=1290) to work on /home/airflow/.local/lib/python3.7/site-packages/airflow/example_dags/example_branch_operator.py
[2023-07-09T19:10:56.393+0000] {processor.py:826} INFO - Processing file /home/airflow/.local/lib/python3.7/site-packages/airflow/example_dags/example_branch_operator.py for tasks to queue
[2023-07-09T19:10:56.393+0000] {logging_mixin.py:149} INFO - [2023-07-09T19:10:56.393+0000] {dagbag.py:541} INFO - Filling up the DagBag from /home/airflow/.local/lib/python3.7/site-packages/airflow/example_dags/example_branch_operator.py
[2023-07-09T19:10:56.401+0000] {processor.py:836} INFO - DAG(s) dict_keys(['example_branch_operator']) retrieved from /home/airflow/.local/lib/python3.7/site-packages/airflow/example_dags/example_branch_operator.py
[2023-07-09T19:10:56.427+0000] {logging_mixin.py:149} INFO - [2023-07-09T19:10:56.427+0000] {dag.py:2726} INFO - Sync 1 DAGs
[2023-07-09T19:10:56.450+0000] {logging_mixin.py:149} INFO - [2023-07-09T19:10:56.450+0000] {dag.py:3490} INFO - Setting next_dagrun for example_branch_operator to 2023-07-08T00:00:00+00:00, run_after=2023-07-09T00:00:00+00:00
[2023-07-09T19:10:56.474+0000] {processor.py:179} INFO - Processing /home/airflow/.local/lib/python3.7/site-packages/airflow/example_dags/example_branch_operator.py took 0.085 seconds
[2023-07-09T19:11:26.636+0000] {processor.py:157} INFO - Started process (PID=1351) to work on /home/airflow/.local/lib/python3.7/site-packages/airflow/example_dags/example_branch_operator.py
[2023-07-09T19:11:26.639+0000] {processor.py:826} INFO - Processing file /home/airflow/.local/lib/python3.7/site-packages/airflow/example_dags/example_branch_operator.py for tasks to queue
[2023-07-09T19:11:26.640+0000] {logging_mixin.py:149} INFO - [2023-07-09T19:11:26.640+0000] {dagbag.py:541} INFO - Filling up the DagBag from /home/airflow/.local/lib/python3.7/site-packages/airflow/example_dags/example_branch_operator.py
[2023-07-09T19:11:26.651+0000] {processor.py:836} INFO - DAG(s) dict_keys(['example_branch_operator']) retrieved from /home/airflow/.local/lib/python3.7/site-packages/airflow/example_dags/example_branch_operator.py
[2023-07-09T19:11:26.685+0000] {logging_mixin.py:149} INFO - [2023-07-09T19:11:26.685+0000] {dag.py:2726} INFO - Sync 1 DAGs
[2023-07-09T19:11:26.717+0000] {logging_mixin.py:149} INFO - [2023-07-09T19:11:26.716+0000] {dag.py:3490} INFO - Setting next_dagrun for example_branch_operator to 2023-07-08T00:00:00+00:00, run_after=2023-07-09T00:00:00+00:00
[2023-07-09T19:11:26.742+0000] {processor.py:179} INFO - Processing /home/airflow/.local/lib/python3.7/site-packages/airflow/example_dags/example_branch_operator.py took 0.110 seconds
[2023-07-09T19:11:56.891+0000] {processor.py:157} INFO - Started process (PID=1412) to work on /home/airflow/.local/lib/python3.7/site-packages/airflow/example_dags/example_branch_operator.py
[2023-07-09T19:11:56.892+0000] {processor.py:826} INFO - Processing file /home/airflow/.local/lib/python3.7/site-packages/airflow/example_dags/example_branch_operator.py for tasks to queue
[2023-07-09T19:11:56.893+0000] {logging_mixin.py:149} INFO - [2023-07-09T19:11:56.893+0000] {dagbag.py:541} INFO - Filling up the DagBag from /home/airflow/.local/lib/python3.7/site-packages/airflow/example_dags/example_branch_operator.py
[2023-07-09T19:11:56.902+0000] {processor.py:836} INFO - DAG(s) dict_keys(['example_branch_operator']) retrieved from /home/airflow/.local/lib/python3.7/site-packages/airflow/example_dags/example_branch_operator.py
[2023-07-09T19:11:56.917+0000] {logging_mixin.py:149} INFO - [2023-07-09T19:11:56.917+0000] {dag.py:2726} INFO - Sync 1 DAGs
[2023-07-09T19:11:56.950+0000] {logging_mixin.py:149} INFO - [2023-07-09T19:11:56.950+0000] {dag.py:3490} INFO - Setting next_dagrun for example_branch_operator to 2023-07-08T00:00:00+00:00, run_after=2023-07-09T00:00:00+00:00
[2023-07-09T19:11:56.972+0000] {processor.py:179} INFO - Processing /home/airflow/.local/lib/python3.7/site-packages/airflow/example_dags/example_branch_operator.py took 0.084 seconds
[2023-07-09T19:12:27.757+0000] {processor.py:157} INFO - Started process (PID=1474) to work on /home/airflow/.local/lib/python3.7/site-packages/airflow/example_dags/example_branch_operator.py
[2023-07-09T19:12:27.758+0000] {processor.py:826} INFO - Processing file /home/airflow/.local/lib/python3.7/site-packages/airflow/example_dags/example_branch_operator.py for tasks to queue
[2023-07-09T19:12:27.759+0000] {logging_mixin.py:149} INFO - [2023-07-09T19:12:27.759+0000] {dagbag.py:541} INFO - Filling up the DagBag from /home/airflow/.local/lib/python3.7/site-packages/airflow/example_dags/example_branch_operator.py
[2023-07-09T19:12:27.769+0000] {processor.py:836} INFO - DAG(s) dict_keys(['example_branch_operator']) retrieved from /home/airflow/.local/lib/python3.7/site-packages/airflow/example_dags/example_branch_operator.py
[2023-07-09T19:12:27.782+0000] {logging_mixin.py:149} INFO - [2023-07-09T19:12:27.782+0000] {dag.py:2726} INFO - Sync 1 DAGs
[2023-07-09T19:12:27.809+0000] {logging_mixin.py:149} INFO - [2023-07-09T19:12:27.809+0000] {dag.py:3490} INFO - Setting next_dagrun for example_branch_operator to 2023-07-08T00:00:00+00:00, run_after=2023-07-09T00:00:00+00:00
[2023-07-09T19:12:27.833+0000] {processor.py:179} INFO - Processing /home/airflow/.local/lib/python3.7/site-packages/airflow/example_dags/example_branch_operator.py took 0.080 seconds
[2023-07-09T19:12:58.750+0000] {processor.py:157} INFO - Started process (PID=1535) to work on /home/airflow/.local/lib/python3.7/site-packages/airflow/example_dags/example_branch_operator.py
[2023-07-09T19:12:58.751+0000] {processor.py:826} INFO - Processing file /home/airflow/.local/lib/python3.7/site-packages/airflow/example_dags/example_branch_operator.py for tasks to queue
[2023-07-09T19:12:58.753+0000] {logging_mixin.py:149} INFO - [2023-07-09T19:12:58.752+0000] {dagbag.py:541} INFO - Filling up the DagBag from /home/airflow/.local/lib/python3.7/site-packages/airflow/example_dags/example_branch_operator.py
[2023-07-09T19:12:58.762+0000] {processor.py:836} INFO - DAG(s) dict_keys(['example_branch_operator']) retrieved from /home/airflow/.local/lib/python3.7/site-packages/airflow/example_dags/example_branch_operator.py
[2023-07-09T19:12:58.788+0000] {logging_mixin.py:149} INFO - [2023-07-09T19:12:58.788+0000] {dag.py:2726} INFO - Sync 1 DAGs
[2023-07-09T19:12:58.815+0000] {logging_mixin.py:149} INFO - [2023-07-09T19:12:58.815+0000] {dag.py:3490} INFO - Setting next_dagrun for example_branch_operator to 2023-07-08T00:00:00+00:00, run_after=2023-07-09T00:00:00+00:00
[2023-07-09T19:12:58.839+0000] {processor.py:179} INFO - Processing /home/airflow/.local/lib/python3.7/site-packages/airflow/example_dags/example_branch_operator.py took 0.092 seconds
[2023-07-09T19:13:29.075+0000] {processor.py:157} INFO - Started process (PID=1597) to work on /home/airflow/.local/lib/python3.7/site-packages/airflow/example_dags/example_branch_operator.py
[2023-07-09T19:13:29.076+0000] {processor.py:826} INFO - Processing file /home/airflow/.local/lib/python3.7/site-packages/airflow/example_dags/example_branch_operator.py for tasks to queue
[2023-07-09T19:13:29.077+0000] {logging_mixin.py:149} INFO - [2023-07-09T19:13:29.076+0000] {dagbag.py:541} INFO - Filling up the DagBag from /home/airflow/.local/lib/python3.7/site-packages/airflow/example_dags/example_branch_operator.py
[2023-07-09T19:13:29.085+0000] {processor.py:836} INFO - DAG(s) dict_keys(['example_branch_operator']) retrieved from /home/airflow/.local/lib/python3.7/site-packages/airflow/example_dags/example_branch_operator.py
[2023-07-09T19:13:29.108+0000] {logging_mixin.py:149} INFO - [2023-07-09T19:13:29.108+0000] {dag.py:2726} INFO - Sync 1 DAGs
[2023-07-09T19:13:29.131+0000] {logging_mixin.py:149} INFO - [2023-07-09T19:13:29.131+0000] {dag.py:3490} INFO - Setting next_dagrun for example_branch_operator to 2023-07-08T00:00:00+00:00, run_after=2023-07-09T00:00:00+00:00
[2023-07-09T19:13:29.150+0000] {processor.py:179} INFO - Processing /home/airflow/.local/lib/python3.7/site-packages/airflow/example_dags/example_branch_operator.py took 0.078 seconds
[2023-07-09T19:13:59.452+0000] {processor.py:157} INFO - Started process (PID=1658) to work on /home/airflow/.local/lib/python3.7/site-packages/airflow/example_dags/example_branch_operator.py
[2023-07-09T19:13:59.452+0000] {processor.py:826} INFO - Processing file /home/airflow/.local/lib/python3.7/site-packages/airflow/example_dags/example_branch_operator.py for tasks to queue
[2023-07-09T19:13:59.453+0000] {logging_mixin.py:149} INFO - [2023-07-09T19:13:59.453+0000] {dagbag.py:541} INFO - Filling up the DagBag from /home/airflow/.local/lib/python3.7/site-packages/airflow/example_dags/example_branch_operator.py
[2023-07-09T19:13:59.462+0000] {processor.py:836} INFO - DAG(s) dict_keys(['example_branch_operator']) retrieved from /home/airflow/.local/lib/python3.7/site-packages/airflow/example_dags/example_branch_operator.py
[2023-07-09T19:13:59.486+0000] {logging_mixin.py:149} INFO - [2023-07-09T19:13:59.486+0000] {dag.py:2726} INFO - Sync 1 DAGs
[2023-07-09T19:13:59.510+0000] {logging_mixin.py:149} INFO - [2023-07-09T19:13:59.510+0000] {dag.py:3490} INFO - Setting next_dagrun for example_branch_operator to 2023-07-08T00:00:00+00:00, run_after=2023-07-09T00:00:00+00:00
[2023-07-09T19:13:59.532+0000] {processor.py:179} INFO - Processing /home/airflow/.local/lib/python3.7/site-packages/airflow/example_dags/example_branch_operator.py took 0.083 seconds
[2023-07-09T19:14:29.580+0000] {processor.py:157} INFO - Started process (PID=1719) to work on /home/airflow/.local/lib/python3.7/site-packages/airflow/example_dags/example_branch_operator.py
[2023-07-09T19:14:29.581+0000] {processor.py:826} INFO - Processing file /home/airflow/.local/lib/python3.7/site-packages/airflow/example_dags/example_branch_operator.py for tasks to queue
[2023-07-09T19:14:29.582+0000] {logging_mixin.py:149} INFO - [2023-07-09T19:14:29.581+0000] {dagbag.py:541} INFO - Filling up the DagBag from /home/airflow/.local/lib/python3.7/site-packages/airflow/example_dags/example_branch_operator.py
[2023-07-09T19:14:29.590+0000] {processor.py:836} INFO - DAG(s) dict_keys(['example_branch_operator']) retrieved from /home/airflow/.local/lib/python3.7/site-packages/airflow/example_dags/example_branch_operator.py
[2023-07-09T19:14:29.614+0000] {logging_mixin.py:149} INFO - [2023-07-09T19:14:29.614+0000] {dag.py:2726} INFO - Sync 1 DAGs
[2023-07-09T19:14:29.639+0000] {logging_mixin.py:149} INFO - [2023-07-09T19:14:29.639+0000] {dag.py:3490} INFO - Setting next_dagrun for example_branch_operator to 2023-07-08T00:00:00+00:00, run_after=2023-07-09T00:00:00+00:00
[2023-07-09T19:14:29.660+0000] {processor.py:179} INFO - Processing /home/airflow/.local/lib/python3.7/site-packages/airflow/example_dags/example_branch_operator.py took 0.084 seconds
[2023-07-09T19:15:00.584+0000] {processor.py:157} INFO - Started process (PID=1780) to work on /home/airflow/.local/lib/python3.7/site-packages/airflow/example_dags/example_branch_operator.py
[2023-07-09T19:15:00.585+0000] {processor.py:826} INFO - Processing file /home/airflow/.local/lib/python3.7/site-packages/airflow/example_dags/example_branch_operator.py for tasks to queue
[2023-07-09T19:15:00.586+0000] {logging_mixin.py:149} INFO - [2023-07-09T19:15:00.586+0000] {dagbag.py:541} INFO - Filling up the DagBag from /home/airflow/.local/lib/python3.7/site-packages/airflow/example_dags/example_branch_operator.py
[2023-07-09T19:15:00.595+0000] {processor.py:836} INFO - DAG(s) dict_keys(['example_branch_operator']) retrieved from /home/airflow/.local/lib/python3.7/site-packages/airflow/example_dags/example_branch_operator.py
[2023-07-09T19:15:00.621+0000] {logging_mixin.py:149} INFO - [2023-07-09T19:15:00.621+0000] {dag.py:2726} INFO - Sync 1 DAGs
[2023-07-09T19:15:00.645+0000] {logging_mixin.py:149} INFO - [2023-07-09T19:15:00.645+0000] {dag.py:3490} INFO - Setting next_dagrun for example_branch_operator to 2023-07-08T00:00:00+00:00, run_after=2023-07-09T00:00:00+00:00
[2023-07-09T19:15:00.666+0000] {processor.py:179} INFO - Processing /home/airflow/.local/lib/python3.7/site-packages/airflow/example_dags/example_branch_operator.py took 0.086 seconds
[2023-07-09T19:15:31.411+0000] {processor.py:157} INFO - Started process (PID=1841) to work on /home/airflow/.local/lib/python3.7/site-packages/airflow/example_dags/example_branch_operator.py
[2023-07-09T19:15:31.413+0000] {processor.py:826} INFO - Processing file /home/airflow/.local/lib/python3.7/site-packages/airflow/example_dags/example_branch_operator.py for tasks to queue
[2023-07-09T19:15:31.413+0000] {logging_mixin.py:149} INFO - [2023-07-09T19:15:31.413+0000] {dagbag.py:541} INFO - Filling up the DagBag from /home/airflow/.local/lib/python3.7/site-packages/airflow/example_dags/example_branch_operator.py
[2023-07-09T19:15:31.423+0000] {processor.py:836} INFO - DAG(s) dict_keys(['example_branch_operator']) retrieved from /home/airflow/.local/lib/python3.7/site-packages/airflow/example_dags/example_branch_operator.py
[2023-07-09T19:15:31.451+0000] {logging_mixin.py:149} INFO - [2023-07-09T19:15:31.451+0000] {dag.py:2726} INFO - Sync 1 DAGs
[2023-07-09T19:15:31.476+0000] {logging_mixin.py:149} INFO - [2023-07-09T19:15:31.475+0000] {dag.py:3490} INFO - Setting next_dagrun for example_branch_operator to 2023-07-08T00:00:00+00:00, run_after=2023-07-09T00:00:00+00:00
[2023-07-09T19:15:31.496+0000] {processor.py:179} INFO - Processing /home/airflow/.local/lib/python3.7/site-packages/airflow/example_dags/example_branch_operator.py took 0.087 seconds
[2023-07-09T19:16:01.757+0000] {processor.py:157} INFO - Started process (PID=1903) to work on /home/airflow/.local/lib/python3.7/site-packages/airflow/example_dags/example_branch_operator.py
[2023-07-09T19:16:01.758+0000] {processor.py:826} INFO - Processing file /home/airflow/.local/lib/python3.7/site-packages/airflow/example_dags/example_branch_operator.py for tasks to queue
[2023-07-09T19:16:01.759+0000] {logging_mixin.py:149} INFO - [2023-07-09T19:16:01.759+0000] {dagbag.py:541} INFO - Filling up the DagBag from /home/airflow/.local/lib/python3.7/site-packages/airflow/example_dags/example_branch_operator.py
[2023-07-09T19:16:01.767+0000] {processor.py:836} INFO - DAG(s) dict_keys(['example_branch_operator']) retrieved from /home/airflow/.local/lib/python3.7/site-packages/airflow/example_dags/example_branch_operator.py
[2023-07-09T19:16:01.795+0000] {logging_mixin.py:149} INFO - [2023-07-09T19:16:01.795+0000] {dag.py:2726} INFO - Sync 1 DAGs
[2023-07-09T19:16:01.822+0000] {logging_mixin.py:149} INFO - [2023-07-09T19:16:01.822+0000] {dag.py:3490} INFO - Setting next_dagrun for example_branch_operator to 2023-07-08T00:00:00+00:00, run_after=2023-07-09T00:00:00+00:00
[2023-07-09T19:16:01.843+0000] {processor.py:179} INFO - Processing /home/airflow/.local/lib/python3.7/site-packages/airflow/example_dags/example_branch_operator.py took 0.091 seconds
[2023-07-09T19:16:32.047+0000] {processor.py:157} INFO - Started process (PID=1966) to work on /home/airflow/.local/lib/python3.7/site-packages/airflow/example_dags/example_branch_operator.py
[2023-07-09T19:16:32.048+0000] {processor.py:826} INFO - Processing file /home/airflow/.local/lib/python3.7/site-packages/airflow/example_dags/example_branch_operator.py for tasks to queue
[2023-07-09T19:16:32.049+0000] {logging_mixin.py:149} INFO - [2023-07-09T19:16:32.049+0000] {dagbag.py:541} INFO - Filling up the DagBag from /home/airflow/.local/lib/python3.7/site-packages/airflow/example_dags/example_branch_operator.py
[2023-07-09T19:16:32.058+0000] {processor.py:836} INFO - DAG(s) dict_keys(['example_branch_operator']) retrieved from /home/airflow/.local/lib/python3.7/site-packages/airflow/example_dags/example_branch_operator.py
[2023-07-09T19:16:32.083+0000] {logging_mixin.py:149} INFO - [2023-07-09T19:16:32.083+0000] {dag.py:2726} INFO - Sync 1 DAGs
[2023-07-09T19:16:32.109+0000] {logging_mixin.py:149} INFO - [2023-07-09T19:16:32.108+0000] {dag.py:3490} INFO - Setting next_dagrun for example_branch_operator to 2023-07-08T00:00:00+00:00, run_after=2023-07-09T00:00:00+00:00
[2023-07-09T19:16:32.129+0000] {processor.py:179} INFO - Processing /home/airflow/.local/lib/python3.7/site-packages/airflow/example_dags/example_branch_operator.py took 0.085 seconds
[2023-07-09T19:17:02.492+0000] {processor.py:157} INFO - Started process (PID=2028) to work on /home/airflow/.local/lib/python3.7/site-packages/airflow/example_dags/example_branch_operator.py
[2023-07-09T19:17:02.493+0000] {processor.py:826} INFO - Processing file /home/airflow/.local/lib/python3.7/site-packages/airflow/example_dags/example_branch_operator.py for tasks to queue
[2023-07-09T19:17:02.494+0000] {logging_mixin.py:149} INFO - [2023-07-09T19:17:02.494+0000] {dagbag.py:541} INFO - Filling up the DagBag from /home/airflow/.local/lib/python3.7/site-packages/airflow/example_dags/example_branch_operator.py
[2023-07-09T19:17:02.504+0000] {processor.py:836} INFO - DAG(s) dict_keys(['example_branch_operator']) retrieved from /home/airflow/.local/lib/python3.7/site-packages/airflow/example_dags/example_branch_operator.py
[2023-07-09T19:17:02.533+0000] {logging_mixin.py:149} INFO - [2023-07-09T19:17:02.533+0000] {dag.py:2726} INFO - Sync 1 DAGs
[2023-07-09T19:17:02.559+0000] {logging_mixin.py:149} INFO - [2023-07-09T19:17:02.558+0000] {dag.py:3490} INFO - Setting next_dagrun for example_branch_operator to 2023-07-08T00:00:00+00:00, run_after=2023-07-09T00:00:00+00:00
[2023-07-09T19:17:02.577+0000] {processor.py:179} INFO - Processing /home/airflow/.local/lib/python3.7/site-packages/airflow/example_dags/example_branch_operator.py took 0.089 seconds
[2023-07-09T19:17:33.434+0000] {processor.py:157} INFO - Started process (PID=2090) to work on /home/airflow/.local/lib/python3.7/site-packages/airflow/example_dags/example_branch_operator.py
[2023-07-09T19:17:33.436+0000] {processor.py:826} INFO - Processing file /home/airflow/.local/lib/python3.7/site-packages/airflow/example_dags/example_branch_operator.py for tasks to queue
[2023-07-09T19:17:33.437+0000] {logging_mixin.py:149} INFO - [2023-07-09T19:17:33.436+0000] {dagbag.py:541} INFO - Filling up the DagBag from /home/airflow/.local/lib/python3.7/site-packages/airflow/example_dags/example_branch_operator.py
[2023-07-09T19:17:33.445+0000] {processor.py:836} INFO - DAG(s) dict_keys(['example_branch_operator']) retrieved from /home/airflow/.local/lib/python3.7/site-packages/airflow/example_dags/example_branch_operator.py
[2023-07-09T19:17:33.471+0000] {logging_mixin.py:149} INFO - [2023-07-09T19:17:33.470+0000] {dag.py:2726} INFO - Sync 1 DAGs
[2023-07-09T19:17:33.496+0000] {logging_mixin.py:149} INFO - [2023-07-09T19:17:33.496+0000] {dag.py:3490} INFO - Setting next_dagrun for example_branch_operator to 2023-07-08T00:00:00+00:00, run_after=2023-07-09T00:00:00+00:00
[2023-07-09T19:17:33.518+0000] {processor.py:179} INFO - Processing /home/airflow/.local/lib/python3.7/site-packages/airflow/example_dags/example_branch_operator.py took 0.086 seconds
[2023-07-09T19:18:04.428+0000] {processor.py:157} INFO - Started process (PID=2152) to work on /home/airflow/.local/lib/python3.7/site-packages/airflow/example_dags/example_branch_operator.py
[2023-07-09T19:18:04.429+0000] {processor.py:826} INFO - Processing file /home/airflow/.local/lib/python3.7/site-packages/airflow/example_dags/example_branch_operator.py for tasks to queue
[2023-07-09T19:18:04.430+0000] {logging_mixin.py:149} INFO - [2023-07-09T19:18:04.430+0000] {dagbag.py:541} INFO - Filling up the DagBag from /home/airflow/.local/lib/python3.7/site-packages/airflow/example_dags/example_branch_operator.py
[2023-07-09T19:18:04.439+0000] {processor.py:836} INFO - DAG(s) dict_keys(['example_branch_operator']) retrieved from /home/airflow/.local/lib/python3.7/site-packages/airflow/example_dags/example_branch_operator.py
[2023-07-09T19:18:04.466+0000] {logging_mixin.py:149} INFO - [2023-07-09T19:18:04.466+0000] {dag.py:2726} INFO - Sync 1 DAGs
[2023-07-09T19:18:04.495+0000] {logging_mixin.py:149} INFO - [2023-07-09T19:18:04.494+0000] {dag.py:3490} INFO - Setting next_dagrun for example_branch_operator to 2023-07-08T00:00:00+00:00, run_after=2023-07-09T00:00:00+00:00
[2023-07-09T19:18:04.531+0000] {processor.py:179} INFO - Processing /home/airflow/.local/lib/python3.7/site-packages/airflow/example_dags/example_branch_operator.py took 0.107 seconds
[2023-07-09T19:18:34.797+0000] {processor.py:157} INFO - Started process (PID=2214) to work on /home/airflow/.local/lib/python3.7/site-packages/airflow/example_dags/example_branch_operator.py
[2023-07-09T19:18:34.798+0000] {processor.py:826} INFO - Processing file /home/airflow/.local/lib/python3.7/site-packages/airflow/example_dags/example_branch_operator.py for tasks to queue
[2023-07-09T19:18:34.799+0000] {logging_mixin.py:149} INFO - [2023-07-09T19:18:34.799+0000] {dagbag.py:541} INFO - Filling up the DagBag from /home/airflow/.local/lib/python3.7/site-packages/airflow/example_dags/example_branch_operator.py
[2023-07-09T19:18:34.808+0000] {processor.py:836} INFO - DAG(s) dict_keys(['example_branch_operator']) retrieved from /home/airflow/.local/lib/python3.7/site-packages/airflow/example_dags/example_branch_operator.py
[2023-07-09T19:18:34.836+0000] {logging_mixin.py:149} INFO - [2023-07-09T19:18:34.836+0000] {dag.py:2726} INFO - Sync 1 DAGs
[2023-07-09T19:18:34.862+0000] {logging_mixin.py:149} INFO - [2023-07-09T19:18:34.862+0000] {dag.py:3490} INFO - Setting next_dagrun for example_branch_operator to 2023-07-08T00:00:00+00:00, run_after=2023-07-09T00:00:00+00:00
[2023-07-09T19:18:34.887+0000] {processor.py:179} INFO - Processing /home/airflow/.local/lib/python3.7/site-packages/airflow/example_dags/example_branch_operator.py took 0.094 seconds
[2023-07-09T19:19:05.085+0000] {processor.py:157} INFO - Started process (PID=2276) to work on /home/airflow/.local/lib/python3.7/site-packages/airflow/example_dags/example_branch_operator.py
[2023-07-09T19:19:05.086+0000] {processor.py:826} INFO - Processing file /home/airflow/.local/lib/python3.7/site-packages/airflow/example_dags/example_branch_operator.py for tasks to queue
[2023-07-09T19:19:05.087+0000] {logging_mixin.py:149} INFO - [2023-07-09T19:19:05.087+0000] {dagbag.py:541} INFO - Filling up the DagBag from /home/airflow/.local/lib/python3.7/site-packages/airflow/example_dags/example_branch_operator.py
[2023-07-09T19:19:05.096+0000] {processor.py:836} INFO - DAG(s) dict_keys(['example_branch_operator']) retrieved from /home/airflow/.local/lib/python3.7/site-packages/airflow/example_dags/example_branch_operator.py
[2023-07-09T19:19:05.121+0000] {logging_mixin.py:149} INFO - [2023-07-09T19:19:05.121+0000] {dag.py:2726} INFO - Sync 1 DAGs
[2023-07-09T19:19:05.147+0000] {logging_mixin.py:149} INFO - [2023-07-09T19:19:05.147+0000] {dag.py:3490} INFO - Setting next_dagrun for example_branch_operator to 2023-07-08T00:00:00+00:00, run_after=2023-07-09T00:00:00+00:00
[2023-07-09T19:19:05.171+0000] {processor.py:179} INFO - Processing /home/airflow/.local/lib/python3.7/site-packages/airflow/example_dags/example_branch_operator.py took 0.089 seconds
[2023-07-09T19:19:35.287+0000] {processor.py:157} INFO - Started process (PID=2338) to work on /home/airflow/.local/lib/python3.7/site-packages/airflow/example_dags/example_branch_operator.py
[2023-07-09T19:19:35.288+0000] {processor.py:826} INFO - Processing file /home/airflow/.local/lib/python3.7/site-packages/airflow/example_dags/example_branch_operator.py for tasks to queue
[2023-07-09T19:19:35.289+0000] {logging_mixin.py:149} INFO - [2023-07-09T19:19:35.289+0000] {dagbag.py:541} INFO - Filling up the DagBag from /home/airflow/.local/lib/python3.7/site-packages/airflow/example_dags/example_branch_operator.py
[2023-07-09T19:19:35.298+0000] {processor.py:836} INFO - DAG(s) dict_keys(['example_branch_operator']) retrieved from /home/airflow/.local/lib/python3.7/site-packages/airflow/example_dags/example_branch_operator.py
[2023-07-09T19:19:35.324+0000] {logging_mixin.py:149} INFO - [2023-07-09T19:19:35.324+0000] {dag.py:2726} INFO - Sync 1 DAGs
[2023-07-09T19:19:35.348+0000] {logging_mixin.py:149} INFO - [2023-07-09T19:19:35.348+0000] {dag.py:3490} INFO - Setting next_dagrun for example_branch_operator to 2023-07-08T00:00:00+00:00, run_after=2023-07-09T00:00:00+00:00
[2023-07-09T19:19:35.369+0000] {processor.py:179} INFO - Processing /home/airflow/.local/lib/python3.7/site-packages/airflow/example_dags/example_branch_operator.py took 0.085 seconds
[2023-07-09T19:20:05.741+0000] {processor.py:157} INFO - Started process (PID=2400) to work on /home/airflow/.local/lib/python3.7/site-packages/airflow/example_dags/example_branch_operator.py
[2023-07-09T19:20:05.741+0000] {processor.py:826} INFO - Processing file /home/airflow/.local/lib/python3.7/site-packages/airflow/example_dags/example_branch_operator.py for tasks to queue
[2023-07-09T19:20:05.742+0000] {logging_mixin.py:149} INFO - [2023-07-09T19:20:05.742+0000] {dagbag.py:541} INFO - Filling up the DagBag from /home/airflow/.local/lib/python3.7/site-packages/airflow/example_dags/example_branch_operator.py
[2023-07-09T19:20:05.750+0000] {processor.py:836} INFO - DAG(s) dict_keys(['example_branch_operator']) retrieved from /home/airflow/.local/lib/python3.7/site-packages/airflow/example_dags/example_branch_operator.py
[2023-07-09T19:20:05.776+0000] {logging_mixin.py:149} INFO - [2023-07-09T19:20:05.776+0000] {dag.py:2726} INFO - Sync 1 DAGs
[2023-07-09T19:20:05.799+0000] {logging_mixin.py:149} INFO - [2023-07-09T19:20:05.798+0000] {dag.py:3490} INFO - Setting next_dagrun for example_branch_operator to 2023-07-08T00:00:00+00:00, run_after=2023-07-09T00:00:00+00:00
[2023-07-09T19:20:05.822+0000] {processor.py:179} INFO - Processing /home/airflow/.local/lib/python3.7/site-packages/airflow/example_dags/example_branch_operator.py took 0.084 seconds
[2023-07-09T19:20:36.364+0000] {processor.py:157} INFO - Started process (PID=2463) to work on /home/airflow/.local/lib/python3.7/site-packages/airflow/example_dags/example_branch_operator.py
[2023-07-09T19:20:36.365+0000] {processor.py:826} INFO - Processing file /home/airflow/.local/lib/python3.7/site-packages/airflow/example_dags/example_branch_operator.py for tasks to queue
[2023-07-09T19:20:36.366+0000] {logging_mixin.py:149} INFO - [2023-07-09T19:20:36.366+0000] {dagbag.py:541} INFO - Filling up the DagBag from /home/airflow/.local/lib/python3.7/site-packages/airflow/example_dags/example_branch_operator.py
[2023-07-09T19:20:36.377+0000] {processor.py:836} INFO - DAG(s) dict_keys(['example_branch_operator']) retrieved from /home/airflow/.local/lib/python3.7/site-packages/airflow/example_dags/example_branch_operator.py
[2023-07-09T19:20:36.404+0000] {logging_mixin.py:149} INFO - [2023-07-09T19:20:36.403+0000] {dag.py:2726} INFO - Sync 1 DAGs
[2023-07-09T19:20:36.431+0000] {logging_mixin.py:149} INFO - [2023-07-09T19:20:36.431+0000] {dag.py:3490} INFO - Setting next_dagrun for example_branch_operator to 2023-07-08T00:00:00+00:00, run_after=2023-07-09T00:00:00+00:00
[2023-07-09T19:20:36.452+0000] {processor.py:179} INFO - Processing /home/airflow/.local/lib/python3.7/site-packages/airflow/example_dags/example_branch_operator.py took 0.091 seconds
[2023-07-09T19:21:07.150+0000] {processor.py:157} INFO - Started process (PID=2524) to work on /home/airflow/.local/lib/python3.7/site-packages/airflow/example_dags/example_branch_operator.py
[2023-07-09T19:21:07.151+0000] {processor.py:826} INFO - Processing file /home/airflow/.local/lib/python3.7/site-packages/airflow/example_dags/example_branch_operator.py for tasks to queue
[2023-07-09T19:21:07.152+0000] {logging_mixin.py:149} INFO - [2023-07-09T19:21:07.152+0000] {dagbag.py:541} INFO - Filling up the DagBag from /home/airflow/.local/lib/python3.7/site-packages/airflow/example_dags/example_branch_operator.py
[2023-07-09T19:21:07.164+0000] {processor.py:836} INFO - DAG(s) dict_keys(['example_branch_operator']) retrieved from /home/airflow/.local/lib/python3.7/site-packages/airflow/example_dags/example_branch_operator.py
[2023-07-09T19:21:07.205+0000] {logging_mixin.py:149} INFO - [2023-07-09T19:21:07.205+0000] {dag.py:2726} INFO - Sync 1 DAGs
[2023-07-09T19:21:07.242+0000] {logging_mixin.py:149} INFO - [2023-07-09T19:21:07.242+0000] {dag.py:3490} INFO - Setting next_dagrun for example_branch_operator to 2023-07-08T00:00:00+00:00, run_after=2023-07-09T00:00:00+00:00
[2023-07-09T19:21:07.272+0000] {processor.py:179} INFO - Processing /home/airflow/.local/lib/python3.7/site-packages/airflow/example_dags/example_branch_operator.py took 0.126 seconds
[2023-07-09T19:21:37.718+0000] {processor.py:157} INFO - Started process (PID=2586) to work on /home/airflow/.local/lib/python3.7/site-packages/airflow/example_dags/example_branch_operator.py
[2023-07-09T19:21:37.719+0000] {processor.py:826} INFO - Processing file /home/airflow/.local/lib/python3.7/site-packages/airflow/example_dags/example_branch_operator.py for tasks to queue
[2023-07-09T19:21:37.720+0000] {logging_mixin.py:149} INFO - [2023-07-09T19:21:37.720+0000] {dagbag.py:541} INFO - Filling up the DagBag from /home/airflow/.local/lib/python3.7/site-packages/airflow/example_dags/example_branch_operator.py
[2023-07-09T19:21:37.732+0000] {processor.py:836} INFO - DAG(s) dict_keys(['example_branch_operator']) retrieved from /home/airflow/.local/lib/python3.7/site-packages/airflow/example_dags/example_branch_operator.py
[2023-07-09T19:21:37.765+0000] {logging_mixin.py:149} INFO - [2023-07-09T19:21:37.765+0000] {dag.py:2726} INFO - Sync 1 DAGs
[2023-07-09T19:21:37.800+0000] {logging_mixin.py:149} INFO - [2023-07-09T19:21:37.800+0000] {dag.py:3490} INFO - Setting next_dagrun for example_branch_operator to 2023-07-08T00:00:00+00:00, run_after=2023-07-09T00:00:00+00:00
[2023-07-09T19:21:37.828+0000] {processor.py:179} INFO - Processing /home/airflow/.local/lib/python3.7/site-packages/airflow/example_dags/example_branch_operator.py took 0.113 seconds
[2023-07-09T19:22:07.902+0000] {processor.py:157} INFO - Started process (PID=2647) to work on /home/airflow/.local/lib/python3.7/site-packages/airflow/example_dags/example_branch_operator.py
[2023-07-09T19:22:07.903+0000] {processor.py:826} INFO - Processing file /home/airflow/.local/lib/python3.7/site-packages/airflow/example_dags/example_branch_operator.py for tasks to queue
[2023-07-09T19:22:07.904+0000] {logging_mixin.py:149} INFO - [2023-07-09T19:22:07.904+0000] {dagbag.py:541} INFO - Filling up the DagBag from /home/airflow/.local/lib/python3.7/site-packages/airflow/example_dags/example_branch_operator.py
[2023-07-09T19:22:07.915+0000] {processor.py:836} INFO - DAG(s) dict_keys(['example_branch_operator']) retrieved from /home/airflow/.local/lib/python3.7/site-packages/airflow/example_dags/example_branch_operator.py
[2023-07-09T19:22:07.956+0000] {logging_mixin.py:149} INFO - [2023-07-09T19:22:07.956+0000] {dag.py:2726} INFO - Sync 1 DAGs
[2023-07-09T19:22:07.996+0000] {logging_mixin.py:149} INFO - [2023-07-09T19:22:07.995+0000] {dag.py:3490} INFO - Setting next_dagrun for example_branch_operator to 2023-07-08T00:00:00+00:00, run_after=2023-07-09T00:00:00+00:00
[2023-07-09T19:22:08.017+0000] {processor.py:179} INFO - Processing /home/airflow/.local/lib/python3.7/site-packages/airflow/example_dags/example_branch_operator.py took 0.118 seconds
[2023-07-09T19:22:38.041+0000] {processor.py:157} INFO - Started process (PID=2709) to work on /home/airflow/.local/lib/python3.7/site-packages/airflow/example_dags/example_branch_operator.py
[2023-07-09T19:22:38.042+0000] {processor.py:826} INFO - Processing file /home/airflow/.local/lib/python3.7/site-packages/airflow/example_dags/example_branch_operator.py for tasks to queue
[2023-07-09T19:22:38.043+0000] {logging_mixin.py:149} INFO - [2023-07-09T19:22:38.043+0000] {dagbag.py:541} INFO - Filling up the DagBag from /home/airflow/.local/lib/python3.7/site-packages/airflow/example_dags/example_branch_operator.py
[2023-07-09T19:22:38.052+0000] {processor.py:836} INFO - DAG(s) dict_keys(['example_branch_operator']) retrieved from /home/airflow/.local/lib/python3.7/site-packages/airflow/example_dags/example_branch_operator.py
[2023-07-09T19:22:38.077+0000] {logging_mixin.py:149} INFO - [2023-07-09T19:22:38.077+0000] {dag.py:2726} INFO - Sync 1 DAGs
[2023-07-09T19:22:38.100+0000] {logging_mixin.py:149} INFO - [2023-07-09T19:22:38.100+0000] {dag.py:3490} INFO - Setting next_dagrun for example_branch_operator to 2023-07-08T00:00:00+00:00, run_after=2023-07-09T00:00:00+00:00
[2023-07-09T19:22:38.122+0000] {processor.py:179} INFO - Processing /home/airflow/.local/lib/python3.7/site-packages/airflow/example_dags/example_branch_operator.py took 0.084 seconds
[2023-07-09T19:23:08.381+0000] {processor.py:157} INFO - Started process (PID=2771) to work on /home/airflow/.local/lib/python3.7/site-packages/airflow/example_dags/example_branch_operator.py
[2023-07-09T19:23:08.382+0000] {processor.py:826} INFO - Processing file /home/airflow/.local/lib/python3.7/site-packages/airflow/example_dags/example_branch_operator.py for tasks to queue
[2023-07-09T19:23:08.383+0000] {logging_mixin.py:149} INFO - [2023-07-09T19:23:08.383+0000] {dagbag.py:541} INFO - Filling up the DagBag from /home/airflow/.local/lib/python3.7/site-packages/airflow/example_dags/example_branch_operator.py
[2023-07-09T19:23:08.394+0000] {processor.py:836} INFO - DAG(s) dict_keys(['example_branch_operator']) retrieved from /home/airflow/.local/lib/python3.7/site-packages/airflow/example_dags/example_branch_operator.py
[2023-07-09T19:23:08.421+0000] {logging_mixin.py:149} INFO - [2023-07-09T19:23:08.421+0000] {dag.py:2726} INFO - Sync 1 DAGs
[2023-07-09T19:23:08.450+0000] {logging_mixin.py:149} INFO - [2023-07-09T19:23:08.450+0000] {dag.py:3490} INFO - Setting next_dagrun for example_branch_operator to 2023-07-08T00:00:00+00:00, run_after=2023-07-09T00:00:00+00:00
[2023-07-09T19:23:08.472+0000] {processor.py:179} INFO - Processing /home/airflow/.local/lib/python3.7/site-packages/airflow/example_dags/example_branch_operator.py took 0.097 seconds
[2023-07-09T19:23:38.521+0000] {processor.py:157} INFO - Started process (PID=2834) to work on /home/airflow/.local/lib/python3.7/site-packages/airflow/example_dags/example_branch_operator.py
[2023-07-09T19:23:38.522+0000] {processor.py:826} INFO - Processing file /home/airflow/.local/lib/python3.7/site-packages/airflow/example_dags/example_branch_operator.py for tasks to queue
[2023-07-09T19:23:38.523+0000] {logging_mixin.py:149} INFO - [2023-07-09T19:23:38.523+0000] {dagbag.py:541} INFO - Filling up the DagBag from /home/airflow/.local/lib/python3.7/site-packages/airflow/example_dags/example_branch_operator.py
[2023-07-09T19:23:38.532+0000] {processor.py:836} INFO - DAG(s) dict_keys(['example_branch_operator']) retrieved from /home/airflow/.local/lib/python3.7/site-packages/airflow/example_dags/example_branch_operator.py
[2023-07-09T19:23:38.558+0000] {logging_mixin.py:149} INFO - [2023-07-09T19:23:38.558+0000] {dag.py:2726} INFO - Sync 1 DAGs
[2023-07-09T19:23:38.587+0000] {logging_mixin.py:149} INFO - [2023-07-09T19:23:38.586+0000] {dag.py:3490} INFO - Setting next_dagrun for example_branch_operator to 2023-07-08T00:00:00+00:00, run_after=2023-07-09T00:00:00+00:00
[2023-07-09T19:23:38.607+0000] {processor.py:179} INFO - Processing /home/airflow/.local/lib/python3.7/site-packages/airflow/example_dags/example_branch_operator.py took 0.089 seconds
[2023-07-09T19:24:08.857+0000] {processor.py:157} INFO - Started process (PID=2896) to work on /home/airflow/.local/lib/python3.7/site-packages/airflow/example_dags/example_branch_operator.py
[2023-07-09T19:24:08.858+0000] {processor.py:826} INFO - Processing file /home/airflow/.local/lib/python3.7/site-packages/airflow/example_dags/example_branch_operator.py for tasks to queue
[2023-07-09T19:24:08.859+0000] {logging_mixin.py:149} INFO - [2023-07-09T19:24:08.859+0000] {dagbag.py:541} INFO - Filling up the DagBag from /home/airflow/.local/lib/python3.7/site-packages/airflow/example_dags/example_branch_operator.py
[2023-07-09T19:24:08.868+0000] {processor.py:836} INFO - DAG(s) dict_keys(['example_branch_operator']) retrieved from /home/airflow/.local/lib/python3.7/site-packages/airflow/example_dags/example_branch_operator.py
[2023-07-09T19:24:08.892+0000] {logging_mixin.py:149} INFO - [2023-07-09T19:24:08.892+0000] {dag.py:2726} INFO - Sync 1 DAGs
[2023-07-09T19:24:08.916+0000] {logging_mixin.py:149} INFO - [2023-07-09T19:24:08.916+0000] {dag.py:3490} INFO - Setting next_dagrun for example_branch_operator to 2023-07-08T00:00:00+00:00, run_after=2023-07-09T00:00:00+00:00
[2023-07-09T19:24:08.938+0000] {processor.py:179} INFO - Processing /home/airflow/.local/lib/python3.7/site-packages/airflow/example_dags/example_branch_operator.py took 0.085 seconds
[2023-07-09T19:24:39.167+0000] {processor.py:157} INFO - Started process (PID=2958) to work on /home/airflow/.local/lib/python3.7/site-packages/airflow/example_dags/example_branch_operator.py
[2023-07-09T19:24:39.168+0000] {processor.py:826} INFO - Processing file /home/airflow/.local/lib/python3.7/site-packages/airflow/example_dags/example_branch_operator.py for tasks to queue
[2023-07-09T19:24:39.169+0000] {logging_mixin.py:149} INFO - [2023-07-09T19:24:39.169+0000] {dagbag.py:541} INFO - Filling up the DagBag from /home/airflow/.local/lib/python3.7/site-packages/airflow/example_dags/example_branch_operator.py
[2023-07-09T19:24:39.177+0000] {processor.py:836} INFO - DAG(s) dict_keys(['example_branch_operator']) retrieved from /home/airflow/.local/lib/python3.7/site-packages/airflow/example_dags/example_branch_operator.py
[2023-07-09T19:24:39.201+0000] {logging_mixin.py:149} INFO - [2023-07-09T19:24:39.201+0000] {dag.py:2726} INFO - Sync 1 DAGs
[2023-07-09T19:24:39.224+0000] {logging_mixin.py:149} INFO - [2023-07-09T19:24:39.224+0000] {dag.py:3490} INFO - Setting next_dagrun for example_branch_operator to 2023-07-08T00:00:00+00:00, run_after=2023-07-09T00:00:00+00:00
[2023-07-09T19:24:39.245+0000] {processor.py:179} INFO - Processing /home/airflow/.local/lib/python3.7/site-packages/airflow/example_dags/example_branch_operator.py took 0.080 seconds
[2023-07-09T19:25:09.367+0000] {processor.py:157} INFO - Started process (PID=3020) to work on /home/airflow/.local/lib/python3.7/site-packages/airflow/example_dags/example_branch_operator.py
[2023-07-09T19:25:09.368+0000] {processor.py:826} INFO - Processing file /home/airflow/.local/lib/python3.7/site-packages/airflow/example_dags/example_branch_operator.py for tasks to queue
[2023-07-09T19:25:09.369+0000] {logging_mixin.py:149} INFO - [2023-07-09T19:25:09.369+0000] {dagbag.py:541} INFO - Filling up the DagBag from /home/airflow/.local/lib/python3.7/site-packages/airflow/example_dags/example_branch_operator.py
[2023-07-09T19:25:09.377+0000] {processor.py:836} INFO - DAG(s) dict_keys(['example_branch_operator']) retrieved from /home/airflow/.local/lib/python3.7/site-packages/airflow/example_dags/example_branch_operator.py
[2023-07-09T19:25:09.401+0000] {logging_mixin.py:149} INFO - [2023-07-09T19:25:09.401+0000] {dag.py:2726} INFO - Sync 1 DAGs
[2023-07-09T19:25:09.427+0000] {logging_mixin.py:149} INFO - [2023-07-09T19:25:09.427+0000] {dag.py:3490} INFO - Setting next_dagrun for example_branch_operator to 2023-07-08T00:00:00+00:00, run_after=2023-07-09T00:00:00+00:00
[2023-07-09T19:25:09.448+0000] {processor.py:179} INFO - Processing /home/airflow/.local/lib/python3.7/site-packages/airflow/example_dags/example_branch_operator.py took 0.084 seconds
[2023-07-09T19:25:39.906+0000] {processor.py:157} INFO - Started process (PID=3082) to work on /home/airflow/.local/lib/python3.7/site-packages/airflow/example_dags/example_branch_operator.py
[2023-07-09T19:25:39.907+0000] {processor.py:826} INFO - Processing file /home/airflow/.local/lib/python3.7/site-packages/airflow/example_dags/example_branch_operator.py for tasks to queue
[2023-07-09T19:25:39.908+0000] {logging_mixin.py:149} INFO - [2023-07-09T19:25:39.908+0000] {dagbag.py:541} INFO - Filling up the DagBag from /home/airflow/.local/lib/python3.7/site-packages/airflow/example_dags/example_branch_operator.py
[2023-07-09T19:25:39.916+0000] {processor.py:836} INFO - DAG(s) dict_keys(['example_branch_operator']) retrieved from /home/airflow/.local/lib/python3.7/site-packages/airflow/example_dags/example_branch_operator.py
[2023-07-09T19:25:39.941+0000] {logging_mixin.py:149} INFO - [2023-07-09T19:25:39.941+0000] {dag.py:2726} INFO - Sync 1 DAGs
[2023-07-09T19:25:39.965+0000] {logging_mixin.py:149} INFO - [2023-07-09T19:25:39.965+0000] {dag.py:3490} INFO - Setting next_dagrun for example_branch_operator to 2023-07-08T00:00:00+00:00, run_after=2023-07-09T00:00:00+00:00
[2023-07-09T19:25:39.983+0000] {processor.py:179} INFO - Processing /home/airflow/.local/lib/python3.7/site-packages/airflow/example_dags/example_branch_operator.py took 0.081 seconds
[2023-07-09T19:26:10.426+0000] {processor.py:157} INFO - Started process (PID=3144) to work on /home/airflow/.local/lib/python3.7/site-packages/airflow/example_dags/example_branch_operator.py
[2023-07-09T19:26:10.428+0000] {processor.py:826} INFO - Processing file /home/airflow/.local/lib/python3.7/site-packages/airflow/example_dags/example_branch_operator.py for tasks to queue
[2023-07-09T19:26:10.429+0000] {logging_mixin.py:149} INFO - [2023-07-09T19:26:10.428+0000] {dagbag.py:541} INFO - Filling up the DagBag from /home/airflow/.local/lib/python3.7/site-packages/airflow/example_dags/example_branch_operator.py
[2023-07-09T19:26:10.437+0000] {processor.py:836} INFO - DAG(s) dict_keys(['example_branch_operator']) retrieved from /home/airflow/.local/lib/python3.7/site-packages/airflow/example_dags/example_branch_operator.py
[2023-07-09T19:26:10.462+0000] {logging_mixin.py:149} INFO - [2023-07-09T19:26:10.462+0000] {dag.py:2726} INFO - Sync 1 DAGs
[2023-07-09T19:26:10.485+0000] {logging_mixin.py:149} INFO - [2023-07-09T19:26:10.485+0000] {dag.py:3490} INFO - Setting next_dagrun for example_branch_operator to 2023-07-08T00:00:00+00:00, run_after=2023-07-09T00:00:00+00:00
[2023-07-09T19:26:10.511+0000] {processor.py:179} INFO - Processing /home/airflow/.local/lib/python3.7/site-packages/airflow/example_dags/example_branch_operator.py took 0.088 seconds
[2023-07-09T19:26:41.081+0000] {processor.py:157} INFO - Started process (PID=3206) to work on /home/airflow/.local/lib/python3.7/site-packages/airflow/example_dags/example_branch_operator.py
[2023-07-09T19:26:41.083+0000] {processor.py:826} INFO - Processing file /home/airflow/.local/lib/python3.7/site-packages/airflow/example_dags/example_branch_operator.py for tasks to queue
[2023-07-09T19:26:41.084+0000] {logging_mixin.py:149} INFO - [2023-07-09T19:26:41.083+0000] {dagbag.py:541} INFO - Filling up the DagBag from /home/airflow/.local/lib/python3.7/site-packages/airflow/example_dags/example_branch_operator.py
[2023-07-09T19:26:41.095+0000] {processor.py:836} INFO - DAG(s) dict_keys(['example_branch_operator']) retrieved from /home/airflow/.local/lib/python3.7/site-packages/airflow/example_dags/example_branch_operator.py
[2023-07-09T19:26:41.121+0000] {logging_mixin.py:149} INFO - [2023-07-09T19:26:41.121+0000] {dag.py:2726} INFO - Sync 1 DAGs
[2023-07-09T19:26:41.149+0000] {logging_mixin.py:149} INFO - [2023-07-09T19:26:41.148+0000] {dag.py:3490} INFO - Setting next_dagrun for example_branch_operator to 2023-07-08T00:00:00+00:00, run_after=2023-07-09T00:00:00+00:00
[2023-07-09T19:26:41.172+0000] {processor.py:179} INFO - Processing /home/airflow/.local/lib/python3.7/site-packages/airflow/example_dags/example_branch_operator.py took 0.095 seconds
[2023-07-09T19:27:11.640+0000] {processor.py:157} INFO - Started process (PID=3268) to work on /home/airflow/.local/lib/python3.7/site-packages/airflow/example_dags/example_branch_operator.py
[2023-07-09T19:27:11.642+0000] {processor.py:826} INFO - Processing file /home/airflow/.local/lib/python3.7/site-packages/airflow/example_dags/example_branch_operator.py for tasks to queue
[2023-07-09T19:27:11.643+0000] {logging_mixin.py:149} INFO - [2023-07-09T19:27:11.643+0000] {dagbag.py:541} INFO - Filling up the DagBag from /home/airflow/.local/lib/python3.7/site-packages/airflow/example_dags/example_branch_operator.py
[2023-07-09T19:27:11.652+0000] {processor.py:836} INFO - DAG(s) dict_keys(['example_branch_operator']) retrieved from /home/airflow/.local/lib/python3.7/site-packages/airflow/example_dags/example_branch_operator.py
[2023-07-09T19:27:11.683+0000] {logging_mixin.py:149} INFO - [2023-07-09T19:27:11.683+0000] {dag.py:2726} INFO - Sync 1 DAGs
[2023-07-09T19:27:11.710+0000] {logging_mixin.py:149} INFO - [2023-07-09T19:27:11.710+0000] {dag.py:3490} INFO - Setting next_dagrun for example_branch_operator to 2023-07-08T00:00:00+00:00, run_after=2023-07-09T00:00:00+00:00
[2023-07-09T19:27:11.738+0000] {processor.py:179} INFO - Processing /home/airflow/.local/lib/python3.7/site-packages/airflow/example_dags/example_branch_operator.py took 0.101 seconds
[2023-07-09T19:27:42.329+0000] {processor.py:157} INFO - Started process (PID=3331) to work on /home/airflow/.local/lib/python3.7/site-packages/airflow/example_dags/example_branch_operator.py
[2023-07-09T19:27:42.330+0000] {processor.py:826} INFO - Processing file /home/airflow/.local/lib/python3.7/site-packages/airflow/example_dags/example_branch_operator.py for tasks to queue
[2023-07-09T19:27:42.331+0000] {logging_mixin.py:149} INFO - [2023-07-09T19:27:42.331+0000] {dagbag.py:541} INFO - Filling up the DagBag from /home/airflow/.local/lib/python3.7/site-packages/airflow/example_dags/example_branch_operator.py
[2023-07-09T19:27:42.341+0000] {processor.py:836} INFO - DAG(s) dict_keys(['example_branch_operator']) retrieved from /home/airflow/.local/lib/python3.7/site-packages/airflow/example_dags/example_branch_operator.py
[2023-07-09T19:27:42.369+0000] {logging_mixin.py:149} INFO - [2023-07-09T19:27:42.369+0000] {dag.py:2726} INFO - Sync 1 DAGs
[2023-07-09T19:27:42.395+0000] {logging_mixin.py:149} INFO - [2023-07-09T19:27:42.395+0000] {dag.py:3490} INFO - Setting next_dagrun for example_branch_operator to 2023-07-08T00:00:00+00:00, run_after=2023-07-09T00:00:00+00:00
[2023-07-09T19:27:42.419+0000] {processor.py:179} INFO - Processing /home/airflow/.local/lib/python3.7/site-packages/airflow/example_dags/example_branch_operator.py took 0.095 seconds
[2023-07-09T19:28:12.833+0000] {processor.py:157} INFO - Started process (PID=3393) to work on /home/airflow/.local/lib/python3.7/site-packages/airflow/example_dags/example_branch_operator.py
[2023-07-09T19:28:12.834+0000] {processor.py:826} INFO - Processing file /home/airflow/.local/lib/python3.7/site-packages/airflow/example_dags/example_branch_operator.py for tasks to queue
[2023-07-09T19:28:12.835+0000] {logging_mixin.py:149} INFO - [2023-07-09T19:28:12.835+0000] {dagbag.py:541} INFO - Filling up the DagBag from /home/airflow/.local/lib/python3.7/site-packages/airflow/example_dags/example_branch_operator.py
[2023-07-09T19:28:12.843+0000] {processor.py:836} INFO - DAG(s) dict_keys(['example_branch_operator']) retrieved from /home/airflow/.local/lib/python3.7/site-packages/airflow/example_dags/example_branch_operator.py
[2023-07-09T19:28:12.868+0000] {logging_mixin.py:149} INFO - [2023-07-09T19:28:12.868+0000] {dag.py:2726} INFO - Sync 1 DAGs
[2023-07-09T19:28:12.892+0000] {logging_mixin.py:149} INFO - [2023-07-09T19:28:12.892+0000] {dag.py:3490} INFO - Setting next_dagrun for example_branch_operator to 2023-07-08T00:00:00+00:00, run_after=2023-07-09T00:00:00+00:00
[2023-07-09T19:28:12.924+0000] {processor.py:179} INFO - Processing /home/airflow/.local/lib/python3.7/site-packages/airflow/example_dags/example_branch_operator.py took 0.093 seconds
[2023-07-09T19:28:43.317+0000] {processor.py:157} INFO - Started process (PID=3455) to work on /home/airflow/.local/lib/python3.7/site-packages/airflow/example_dags/example_branch_operator.py
[2023-07-09T19:28:43.318+0000] {processor.py:826} INFO - Processing file /home/airflow/.local/lib/python3.7/site-packages/airflow/example_dags/example_branch_operator.py for tasks to queue
[2023-07-09T19:28:43.319+0000] {logging_mixin.py:149} INFO - [2023-07-09T19:28:43.318+0000] {dagbag.py:541} INFO - Filling up the DagBag from /home/airflow/.local/lib/python3.7/site-packages/airflow/example_dags/example_branch_operator.py
[2023-07-09T19:28:43.327+0000] {processor.py:836} INFO - DAG(s) dict_keys(['example_branch_operator']) retrieved from /home/airflow/.local/lib/python3.7/site-packages/airflow/example_dags/example_branch_operator.py
[2023-07-09T19:28:43.354+0000] {logging_mixin.py:149} INFO - [2023-07-09T19:28:43.354+0000] {dag.py:2726} INFO - Sync 1 DAGs
[2023-07-09T19:28:43.380+0000] {logging_mixin.py:149} INFO - [2023-07-09T19:28:43.380+0000] {dag.py:3490} INFO - Setting next_dagrun for example_branch_operator to 2023-07-08T00:00:00+00:00, run_after=2023-07-09T00:00:00+00:00
[2023-07-09T19:28:43.405+0000] {processor.py:179} INFO - Processing /home/airflow/.local/lib/python3.7/site-packages/airflow/example_dags/example_branch_operator.py took 0.091 seconds
[2023-07-09T19:29:13.915+0000] {processor.py:157} INFO - Started process (PID=3524) to work on /home/airflow/.local/lib/python3.7/site-packages/airflow/example_dags/example_branch_operator.py
[2023-07-09T19:29:13.916+0000] {processor.py:826} INFO - Processing file /home/airflow/.local/lib/python3.7/site-packages/airflow/example_dags/example_branch_operator.py for tasks to queue
[2023-07-09T19:29:13.917+0000] {logging_mixin.py:149} INFO - [2023-07-09T19:29:13.916+0000] {dagbag.py:541} INFO - Filling up the DagBag from /home/airflow/.local/lib/python3.7/site-packages/airflow/example_dags/example_branch_operator.py
[2023-07-09T19:29:13.925+0000] {processor.py:836} INFO - DAG(s) dict_keys(['example_branch_operator']) retrieved from /home/airflow/.local/lib/python3.7/site-packages/airflow/example_dags/example_branch_operator.py
[2023-07-09T19:29:13.950+0000] {logging_mixin.py:149} INFO - [2023-07-09T19:29:13.950+0000] {dag.py:2726} INFO - Sync 1 DAGs
[2023-07-09T19:29:13.975+0000] {logging_mixin.py:149} INFO - [2023-07-09T19:29:13.975+0000] {dag.py:3490} INFO - Setting next_dagrun for example_branch_operator to 2023-07-08T00:00:00+00:00, run_after=2023-07-09T00:00:00+00:00
[2023-07-09T19:29:13.996+0000] {processor.py:179} INFO - Processing /home/airflow/.local/lib/python3.7/site-packages/airflow/example_dags/example_branch_operator.py took 0.084 seconds
[2023-07-09T19:29:44.602+0000] {processor.py:157} INFO - Started process (PID=3586) to work on /home/airflow/.local/lib/python3.7/site-packages/airflow/example_dags/example_branch_operator.py
[2023-07-09T19:29:44.603+0000] {processor.py:826} INFO - Processing file /home/airflow/.local/lib/python3.7/site-packages/airflow/example_dags/example_branch_operator.py for tasks to queue
[2023-07-09T19:29:44.603+0000] {logging_mixin.py:149} INFO - [2023-07-09T19:29:44.603+0000] {dagbag.py:541} INFO - Filling up the DagBag from /home/airflow/.local/lib/python3.7/site-packages/airflow/example_dags/example_branch_operator.py
[2023-07-09T19:29:44.612+0000] {processor.py:836} INFO - DAG(s) dict_keys(['example_branch_operator']) retrieved from /home/airflow/.local/lib/python3.7/site-packages/airflow/example_dags/example_branch_operator.py
[2023-07-09T19:29:44.640+0000] {logging_mixin.py:149} INFO - [2023-07-09T19:29:44.640+0000] {dag.py:2726} INFO - Sync 1 DAGs
[2023-07-09T19:29:44.670+0000] {logging_mixin.py:149} INFO - [2023-07-09T19:29:44.669+0000] {dag.py:3490} INFO - Setting next_dagrun for example_branch_operator to 2023-07-08T00:00:00+00:00, run_after=2023-07-09T00:00:00+00:00
[2023-07-09T19:29:44.696+0000] {processor.py:179} INFO - Processing /home/airflow/.local/lib/python3.7/site-packages/airflow/example_dags/example_branch_operator.py took 0.097 seconds
[2023-07-09T19:30:15.164+0000] {processor.py:157} INFO - Started process (PID=3648) to work on /home/airflow/.local/lib/python3.7/site-packages/airflow/example_dags/example_branch_operator.py
[2023-07-09T19:30:15.165+0000] {processor.py:826} INFO - Processing file /home/airflow/.local/lib/python3.7/site-packages/airflow/example_dags/example_branch_operator.py for tasks to queue
[2023-07-09T19:30:15.166+0000] {logging_mixin.py:149} INFO - [2023-07-09T19:30:15.166+0000] {dagbag.py:541} INFO - Filling up the DagBag from /home/airflow/.local/lib/python3.7/site-packages/airflow/example_dags/example_branch_operator.py
[2023-07-09T19:30:15.176+0000] {processor.py:836} INFO - DAG(s) dict_keys(['example_branch_operator']) retrieved from /home/airflow/.local/lib/python3.7/site-packages/airflow/example_dags/example_branch_operator.py
[2023-07-09T19:30:15.202+0000] {logging_mixin.py:149} INFO - [2023-07-09T19:30:15.202+0000] {dag.py:2726} INFO - Sync 1 DAGs
[2023-07-09T19:30:15.229+0000] {logging_mixin.py:149} INFO - [2023-07-09T19:30:15.229+0000] {dag.py:3490} INFO - Setting next_dagrun for example_branch_operator to 2023-07-08T00:00:00+00:00, run_after=2023-07-09T00:00:00+00:00
[2023-07-09T19:30:15.254+0000] {processor.py:179} INFO - Processing /home/airflow/.local/lib/python3.7/site-packages/airflow/example_dags/example_branch_operator.py took 0.093 seconds
[2023-07-09T19:30:45.487+0000] {processor.py:157} INFO - Started process (PID=3710) to work on /home/airflow/.local/lib/python3.7/site-packages/airflow/example_dags/example_branch_operator.py
[2023-07-09T19:30:45.489+0000] {processor.py:826} INFO - Processing file /home/airflow/.local/lib/python3.7/site-packages/airflow/example_dags/example_branch_operator.py for tasks to queue
[2023-07-09T19:30:45.491+0000] {logging_mixin.py:149} INFO - [2023-07-09T19:30:45.491+0000] {dagbag.py:541} INFO - Filling up the DagBag from /home/airflow/.local/lib/python3.7/site-packages/airflow/example_dags/example_branch_operator.py
[2023-07-09T19:30:45.501+0000] {processor.py:836} INFO - DAG(s) dict_keys(['example_branch_operator']) retrieved from /home/airflow/.local/lib/python3.7/site-packages/airflow/example_dags/example_branch_operator.py
[2023-07-09T19:30:45.532+0000] {logging_mixin.py:149} INFO - [2023-07-09T19:30:45.532+0000] {dag.py:2726} INFO - Sync 1 DAGs
[2023-07-09T19:30:45.564+0000] {logging_mixin.py:149} INFO - [2023-07-09T19:30:45.563+0000] {dag.py:3490} INFO - Setting next_dagrun for example_branch_operator to 2023-07-08T00:00:00+00:00, run_after=2023-07-09T00:00:00+00:00
[2023-07-09T19:30:45.602+0000] {processor.py:179} INFO - Processing /home/airflow/.local/lib/python3.7/site-packages/airflow/example_dags/example_branch_operator.py took 0.119 seconds
[2023-07-09T19:31:15.876+0000] {processor.py:157} INFO - Started process (PID=3772) to work on /home/airflow/.local/lib/python3.7/site-packages/airflow/example_dags/example_branch_operator.py
[2023-07-09T19:31:15.877+0000] {processor.py:826} INFO - Processing file /home/airflow/.local/lib/python3.7/site-packages/airflow/example_dags/example_branch_operator.py for tasks to queue
[2023-07-09T19:31:15.877+0000] {logging_mixin.py:149} INFO - [2023-07-09T19:31:15.877+0000] {dagbag.py:541} INFO - Filling up the DagBag from /home/airflow/.local/lib/python3.7/site-packages/airflow/example_dags/example_branch_operator.py
[2023-07-09T19:31:15.886+0000] {processor.py:836} INFO - DAG(s) dict_keys(['example_branch_operator']) retrieved from /home/airflow/.local/lib/python3.7/site-packages/airflow/example_dags/example_branch_operator.py
[2023-07-09T19:31:15.912+0000] {logging_mixin.py:149} INFO - [2023-07-09T19:31:15.911+0000] {dag.py:2726} INFO - Sync 1 DAGs
[2023-07-09T19:31:15.937+0000] {logging_mixin.py:149} INFO - [2023-07-09T19:31:15.937+0000] {dag.py:3490} INFO - Setting next_dagrun for example_branch_operator to 2023-07-08T00:00:00+00:00, run_after=2023-07-09T00:00:00+00:00
[2023-07-09T19:31:15.968+0000] {processor.py:179} INFO - Processing /home/airflow/.local/lib/python3.7/site-packages/airflow/example_dags/example_branch_operator.py took 0.096 seconds
[2023-07-09T19:31:46.393+0000] {processor.py:157} INFO - Started process (PID=3834) to work on /home/airflow/.local/lib/python3.7/site-packages/airflow/example_dags/example_branch_operator.py
[2023-07-09T19:31:46.394+0000] {processor.py:826} INFO - Processing file /home/airflow/.local/lib/python3.7/site-packages/airflow/example_dags/example_branch_operator.py for tasks to queue
[2023-07-09T19:31:46.395+0000] {logging_mixin.py:149} INFO - [2023-07-09T19:31:46.395+0000] {dagbag.py:541} INFO - Filling up the DagBag from /home/airflow/.local/lib/python3.7/site-packages/airflow/example_dags/example_branch_operator.py
[2023-07-09T19:31:46.404+0000] {processor.py:836} INFO - DAG(s) dict_keys(['example_branch_operator']) retrieved from /home/airflow/.local/lib/python3.7/site-packages/airflow/example_dags/example_branch_operator.py
[2023-07-09T19:31:46.431+0000] {logging_mixin.py:149} INFO - [2023-07-09T19:31:46.431+0000] {dag.py:2726} INFO - Sync 1 DAGs
[2023-07-09T19:31:46.456+0000] {logging_mixin.py:149} INFO - [2023-07-09T19:31:46.455+0000] {dag.py:3490} INFO - Setting next_dagrun for example_branch_operator to 2023-07-08T00:00:00+00:00, run_after=2023-07-09T00:00:00+00:00
[2023-07-09T19:31:46.480+0000] {processor.py:179} INFO - Processing /home/airflow/.local/lib/python3.7/site-packages/airflow/example_dags/example_branch_operator.py took 0.090 seconds
[2023-07-09T19:32:17.081+0000] {processor.py:157} INFO - Started process (PID=3887) to work on /home/airflow/.local/lib/python3.7/site-packages/airflow/example_dags/example_branch_operator.py
[2023-07-09T19:32:17.082+0000] {processor.py:826} INFO - Processing file /home/airflow/.local/lib/python3.7/site-packages/airflow/example_dags/example_branch_operator.py for tasks to queue
[2023-07-09T19:32:17.083+0000] {logging_mixin.py:149} INFO - [2023-07-09T19:32:17.083+0000] {dagbag.py:541} INFO - Filling up the DagBag from /home/airflow/.local/lib/python3.7/site-packages/airflow/example_dags/example_branch_operator.py
[2023-07-09T19:32:17.091+0000] {processor.py:836} INFO - DAG(s) dict_keys(['example_branch_operator']) retrieved from /home/airflow/.local/lib/python3.7/site-packages/airflow/example_dags/example_branch_operator.py
[2023-07-09T19:32:17.116+0000] {logging_mixin.py:149} INFO - [2023-07-09T19:32:17.116+0000] {dag.py:2726} INFO - Sync 1 DAGs
[2023-07-09T19:32:17.139+0000] {logging_mixin.py:149} INFO - [2023-07-09T19:32:17.139+0000] {dag.py:3490} INFO - Setting next_dagrun for example_branch_operator to 2023-07-08T00:00:00+00:00, run_after=2023-07-09T00:00:00+00:00
[2023-07-09T19:32:17.161+0000] {processor.py:179} INFO - Processing /home/airflow/.local/lib/python3.7/site-packages/airflow/example_dags/example_branch_operator.py took 0.083 seconds
[2023-07-09T19:32:47.232+0000] {processor.py:157} INFO - Started process (PID=3949) to work on /home/airflow/.local/lib/python3.7/site-packages/airflow/example_dags/example_branch_operator.py
[2023-07-09T19:32:47.233+0000] {processor.py:826} INFO - Processing file /home/airflow/.local/lib/python3.7/site-packages/airflow/example_dags/example_branch_operator.py for tasks to queue
[2023-07-09T19:32:47.234+0000] {logging_mixin.py:149} INFO - [2023-07-09T19:32:47.234+0000] {dagbag.py:541} INFO - Filling up the DagBag from /home/airflow/.local/lib/python3.7/site-packages/airflow/example_dags/example_branch_operator.py
[2023-07-09T19:32:47.242+0000] {processor.py:836} INFO - DAG(s) dict_keys(['example_branch_operator']) retrieved from /home/airflow/.local/lib/python3.7/site-packages/airflow/example_dags/example_branch_operator.py
[2023-07-09T19:32:47.267+0000] {logging_mixin.py:149} INFO - [2023-07-09T19:32:47.267+0000] {dag.py:2726} INFO - Sync 1 DAGs
[2023-07-09T19:32:47.291+0000] {logging_mixin.py:149} INFO - [2023-07-09T19:32:47.291+0000] {dag.py:3490} INFO - Setting next_dagrun for example_branch_operator to 2023-07-08T00:00:00+00:00, run_after=2023-07-09T00:00:00+00:00
[2023-07-09T19:32:47.313+0000] {processor.py:179} INFO - Processing /home/airflow/.local/lib/python3.7/site-packages/airflow/example_dags/example_branch_operator.py took 0.085 seconds
[2023-07-09T19:33:17.948+0000] {processor.py:157} INFO - Started process (PID=4011) to work on /home/airflow/.local/lib/python3.7/site-packages/airflow/example_dags/example_branch_operator.py
[2023-07-09T19:33:17.949+0000] {processor.py:826} INFO - Processing file /home/airflow/.local/lib/python3.7/site-packages/airflow/example_dags/example_branch_operator.py for tasks to queue
[2023-07-09T19:33:17.949+0000] {logging_mixin.py:149} INFO - [2023-07-09T19:33:17.949+0000] {dagbag.py:541} INFO - Filling up the DagBag from /home/airflow/.local/lib/python3.7/site-packages/airflow/example_dags/example_branch_operator.py
[2023-07-09T19:33:17.958+0000] {processor.py:836} INFO - DAG(s) dict_keys(['example_branch_operator']) retrieved from /home/airflow/.local/lib/python3.7/site-packages/airflow/example_dags/example_branch_operator.py
[2023-07-09T19:33:17.982+0000] {logging_mixin.py:149} INFO - [2023-07-09T19:33:17.981+0000] {dag.py:2726} INFO - Sync 1 DAGs
[2023-07-09T19:33:18.005+0000] {logging_mixin.py:149} INFO - [2023-07-09T19:33:18.005+0000] {dag.py:3490} INFO - Setting next_dagrun for example_branch_operator to 2023-07-08T00:00:00+00:00, run_after=2023-07-09T00:00:00+00:00
[2023-07-09T19:33:18.026+0000] {processor.py:179} INFO - Processing /home/airflow/.local/lib/python3.7/site-packages/airflow/example_dags/example_branch_operator.py took 0.081 seconds
[2023-07-09T19:33:48.167+0000] {processor.py:157} INFO - Started process (PID=4073) to work on /home/airflow/.local/lib/python3.7/site-packages/airflow/example_dags/example_branch_operator.py
[2023-07-09T19:33:48.168+0000] {processor.py:826} INFO - Processing file /home/airflow/.local/lib/python3.7/site-packages/airflow/example_dags/example_branch_operator.py for tasks to queue
[2023-07-09T19:33:48.169+0000] {logging_mixin.py:149} INFO - [2023-07-09T19:33:48.169+0000] {dagbag.py:541} INFO - Filling up the DagBag from /home/airflow/.local/lib/python3.7/site-packages/airflow/example_dags/example_branch_operator.py
[2023-07-09T19:33:48.178+0000] {processor.py:836} INFO - DAG(s) dict_keys(['example_branch_operator']) retrieved from /home/airflow/.local/lib/python3.7/site-packages/airflow/example_dags/example_branch_operator.py
[2023-07-09T19:33:48.202+0000] {logging_mixin.py:149} INFO - [2023-07-09T19:33:48.202+0000] {dag.py:2726} INFO - Sync 1 DAGs
[2023-07-09T19:33:48.225+0000] {logging_mixin.py:149} INFO - [2023-07-09T19:33:48.225+0000] {dag.py:3490} INFO - Setting next_dagrun for example_branch_operator to 2023-07-08T00:00:00+00:00, run_after=2023-07-09T00:00:00+00:00
[2023-07-09T19:33:48.246+0000] {processor.py:179} INFO - Processing /home/airflow/.local/lib/python3.7/site-packages/airflow/example_dags/example_branch_operator.py took 0.082 seconds
[2023-07-09T19:34:18.319+0000] {processor.py:157} INFO - Started process (PID=4135) to work on /home/airflow/.local/lib/python3.7/site-packages/airflow/example_dags/example_branch_operator.py
[2023-07-09T19:34:18.320+0000] {processor.py:826} INFO - Processing file /home/airflow/.local/lib/python3.7/site-packages/airflow/example_dags/example_branch_operator.py for tasks to queue
[2023-07-09T19:34:18.321+0000] {logging_mixin.py:149} INFO - [2023-07-09T19:34:18.321+0000] {dagbag.py:541} INFO - Filling up the DagBag from /home/airflow/.local/lib/python3.7/site-packages/airflow/example_dags/example_branch_operator.py
[2023-07-09T19:34:18.329+0000] {processor.py:836} INFO - DAG(s) dict_keys(['example_branch_operator']) retrieved from /home/airflow/.local/lib/python3.7/site-packages/airflow/example_dags/example_branch_operator.py
[2023-07-09T19:34:18.354+0000] {logging_mixin.py:149} INFO - [2023-07-09T19:34:18.354+0000] {dag.py:2726} INFO - Sync 1 DAGs
[2023-07-09T19:34:18.376+0000] {logging_mixin.py:149} INFO - [2023-07-09T19:34:18.376+0000] {dag.py:3490} INFO - Setting next_dagrun for example_branch_operator to 2023-07-08T00:00:00+00:00, run_after=2023-07-09T00:00:00+00:00
[2023-07-09T19:34:18.406+0000] {processor.py:179} INFO - Processing /home/airflow/.local/lib/python3.7/site-packages/airflow/example_dags/example_branch_operator.py took 0.090 seconds
[2023-07-09T19:34:48.990+0000] {processor.py:157} INFO - Started process (PID=4197) to work on /home/airflow/.local/lib/python3.7/site-packages/airflow/example_dags/example_branch_operator.py
[2023-07-09T19:34:48.991+0000] {processor.py:826} INFO - Processing file /home/airflow/.local/lib/python3.7/site-packages/airflow/example_dags/example_branch_operator.py for tasks to queue
[2023-07-09T19:34:48.992+0000] {logging_mixin.py:149} INFO - [2023-07-09T19:34:48.992+0000] {dagbag.py:541} INFO - Filling up the DagBag from /home/airflow/.local/lib/python3.7/site-packages/airflow/example_dags/example_branch_operator.py
[2023-07-09T19:34:49.001+0000] {processor.py:836} INFO - DAG(s) dict_keys(['example_branch_operator']) retrieved from /home/airflow/.local/lib/python3.7/site-packages/airflow/example_dags/example_branch_operator.py
[2023-07-09T19:34:49.025+0000] {logging_mixin.py:149} INFO - [2023-07-09T19:34:49.025+0000] {dag.py:2726} INFO - Sync 1 DAGs
[2023-07-09T19:34:49.048+0000] {logging_mixin.py:149} INFO - [2023-07-09T19:34:49.048+0000] {dag.py:3490} INFO - Setting next_dagrun for example_branch_operator to 2023-07-08T00:00:00+00:00, run_after=2023-07-09T00:00:00+00:00
[2023-07-09T19:34:49.070+0000] {processor.py:179} INFO - Processing /home/airflow/.local/lib/python3.7/site-packages/airflow/example_dags/example_branch_operator.py took 0.082 seconds
[2023-07-09T19:35:19.299+0000] {processor.py:157} INFO - Started process (PID=4259) to work on /home/airflow/.local/lib/python3.7/site-packages/airflow/example_dags/example_branch_operator.py
[2023-07-09T19:35:19.300+0000] {processor.py:826} INFO - Processing file /home/airflow/.local/lib/python3.7/site-packages/airflow/example_dags/example_branch_operator.py for tasks to queue
[2023-07-09T19:35:19.301+0000] {logging_mixin.py:149} INFO - [2023-07-09T19:35:19.301+0000] {dagbag.py:541} INFO - Filling up the DagBag from /home/airflow/.local/lib/python3.7/site-packages/airflow/example_dags/example_branch_operator.py
[2023-07-09T19:35:19.310+0000] {processor.py:836} INFO - DAG(s) dict_keys(['example_branch_operator']) retrieved from /home/airflow/.local/lib/python3.7/site-packages/airflow/example_dags/example_branch_operator.py
[2023-07-09T19:35:19.335+0000] {logging_mixin.py:149} INFO - [2023-07-09T19:35:19.334+0000] {dag.py:2726} INFO - Sync 1 DAGs
[2023-07-09T19:35:19.357+0000] {logging_mixin.py:149} INFO - [2023-07-09T19:35:19.357+0000] {dag.py:3490} INFO - Setting next_dagrun for example_branch_operator to 2023-07-08T00:00:00+00:00, run_after=2023-07-09T00:00:00+00:00
[2023-07-09T19:35:19.384+0000] {processor.py:179} INFO - Processing /home/airflow/.local/lib/python3.7/site-packages/airflow/example_dags/example_branch_operator.py took 0.087 seconds
[2023-07-09T19:35:49.621+0000] {processor.py:157} INFO - Started process (PID=4321) to work on /home/airflow/.local/lib/python3.7/site-packages/airflow/example_dags/example_branch_operator.py
[2023-07-09T19:35:49.623+0000] {processor.py:826} INFO - Processing file /home/airflow/.local/lib/python3.7/site-packages/airflow/example_dags/example_branch_operator.py for tasks to queue
[2023-07-09T19:35:49.624+0000] {logging_mixin.py:149} INFO - [2023-07-09T19:35:49.624+0000] {dagbag.py:541} INFO - Filling up the DagBag from /home/airflow/.local/lib/python3.7/site-packages/airflow/example_dags/example_branch_operator.py
[2023-07-09T19:35:49.638+0000] {processor.py:836} INFO - DAG(s) dict_keys(['example_branch_operator']) retrieved from /home/airflow/.local/lib/python3.7/site-packages/airflow/example_dags/example_branch_operator.py
[2023-07-09T19:35:49.667+0000] {logging_mixin.py:149} INFO - [2023-07-09T19:35:49.667+0000] {dag.py:2726} INFO - Sync 1 DAGs
[2023-07-09T19:35:49.693+0000] {logging_mixin.py:149} INFO - [2023-07-09T19:35:49.693+0000] {dag.py:3490} INFO - Setting next_dagrun for example_branch_operator to 2023-07-08T00:00:00+00:00, run_after=2023-07-09T00:00:00+00:00
[2023-07-09T19:35:49.714+0000] {processor.py:179} INFO - Processing /home/airflow/.local/lib/python3.7/site-packages/airflow/example_dags/example_branch_operator.py took 0.097 seconds
[2023-07-09T19:36:19.805+0000] {processor.py:157} INFO - Started process (PID=4383) to work on /home/airflow/.local/lib/python3.7/site-packages/airflow/example_dags/example_branch_operator.py
[2023-07-09T19:36:19.806+0000] {processor.py:826} INFO - Processing file /home/airflow/.local/lib/python3.7/site-packages/airflow/example_dags/example_branch_operator.py for tasks to queue
[2023-07-09T19:36:19.807+0000] {logging_mixin.py:149} INFO - [2023-07-09T19:36:19.807+0000] {dagbag.py:541} INFO - Filling up the DagBag from /home/airflow/.local/lib/python3.7/site-packages/airflow/example_dags/example_branch_operator.py
[2023-07-09T19:36:19.815+0000] {processor.py:836} INFO - DAG(s) dict_keys(['example_branch_operator']) retrieved from /home/airflow/.local/lib/python3.7/site-packages/airflow/example_dags/example_branch_operator.py
[2023-07-09T19:36:19.840+0000] {logging_mixin.py:149} INFO - [2023-07-09T19:36:19.840+0000] {dag.py:2726} INFO - Sync 1 DAGs
[2023-07-09T19:36:19.866+0000] {logging_mixin.py:149} INFO - [2023-07-09T19:36:19.865+0000] {dag.py:3490} INFO - Setting next_dagrun for example_branch_operator to 2023-07-08T00:00:00+00:00, run_after=2023-07-09T00:00:00+00:00
[2023-07-09T19:36:19.889+0000] {processor.py:179} INFO - Processing /home/airflow/.local/lib/python3.7/site-packages/airflow/example_dags/example_branch_operator.py took 0.087 seconds
[2023-07-09T19:36:50.195+0000] {processor.py:157} INFO - Started process (PID=4445) to work on /home/airflow/.local/lib/python3.7/site-packages/airflow/example_dags/example_branch_operator.py
[2023-07-09T19:36:50.196+0000] {processor.py:826} INFO - Processing file /home/airflow/.local/lib/python3.7/site-packages/airflow/example_dags/example_branch_operator.py for tasks to queue
[2023-07-09T19:36:50.197+0000] {logging_mixin.py:149} INFO - [2023-07-09T19:36:50.197+0000] {dagbag.py:541} INFO - Filling up the DagBag from /home/airflow/.local/lib/python3.7/site-packages/airflow/example_dags/example_branch_operator.py
[2023-07-09T19:36:50.206+0000] {processor.py:836} INFO - DAG(s) dict_keys(['example_branch_operator']) retrieved from /home/airflow/.local/lib/python3.7/site-packages/airflow/example_dags/example_branch_operator.py
[2023-07-09T19:36:50.238+0000] {logging_mixin.py:149} INFO - [2023-07-09T19:36:50.238+0000] {dag.py:2726} INFO - Sync 1 DAGs
[2023-07-09T19:36:50.266+0000] {logging_mixin.py:149} INFO - [2023-07-09T19:36:50.266+0000] {dag.py:3490} INFO - Setting next_dagrun for example_branch_operator to 2023-07-08T00:00:00+00:00, run_after=2023-07-09T00:00:00+00:00
[2023-07-09T19:36:50.286+0000] {processor.py:179} INFO - Processing /home/airflow/.local/lib/python3.7/site-packages/airflow/example_dags/example_branch_operator.py took 0.094 seconds
[2023-07-09T19:37:20.492+0000] {processor.py:157} INFO - Started process (PID=4507) to work on /home/airflow/.local/lib/python3.7/site-packages/airflow/example_dags/example_branch_operator.py
[2023-07-09T19:37:20.494+0000] {processor.py:826} INFO - Processing file /home/airflow/.local/lib/python3.7/site-packages/airflow/example_dags/example_branch_operator.py for tasks to queue
[2023-07-09T19:37:20.494+0000] {logging_mixin.py:149} INFO - [2023-07-09T19:37:20.494+0000] {dagbag.py:541} INFO - Filling up the DagBag from /home/airflow/.local/lib/python3.7/site-packages/airflow/example_dags/example_branch_operator.py
[2023-07-09T19:37:20.503+0000] {processor.py:836} INFO - DAG(s) dict_keys(['example_branch_operator']) retrieved from /home/airflow/.local/lib/python3.7/site-packages/airflow/example_dags/example_branch_operator.py
[2023-07-09T19:37:20.528+0000] {logging_mixin.py:149} INFO - [2023-07-09T19:37:20.528+0000] {dag.py:2726} INFO - Sync 1 DAGs
[2023-07-09T19:37:20.553+0000] {logging_mixin.py:149} INFO - [2023-07-09T19:37:20.552+0000] {dag.py:3490} INFO - Setting next_dagrun for example_branch_operator to 2023-07-08T00:00:00+00:00, run_after=2023-07-09T00:00:00+00:00
[2023-07-09T19:37:20.577+0000] {processor.py:179} INFO - Processing /home/airflow/.local/lib/python3.7/site-packages/airflow/example_dags/example_branch_operator.py took 0.088 seconds
[2023-07-09T19:37:50.770+0000] {processor.py:157} INFO - Started process (PID=4569) to work on /home/airflow/.local/lib/python3.7/site-packages/airflow/example_dags/example_branch_operator.py
[2023-07-09T19:37:50.771+0000] {processor.py:826} INFO - Processing file /home/airflow/.local/lib/python3.7/site-packages/airflow/example_dags/example_branch_operator.py for tasks to queue
[2023-07-09T19:37:50.772+0000] {logging_mixin.py:149} INFO - [2023-07-09T19:37:50.772+0000] {dagbag.py:541} INFO - Filling up the DagBag from /home/airflow/.local/lib/python3.7/site-packages/airflow/example_dags/example_branch_operator.py
[2023-07-09T19:37:50.783+0000] {processor.py:836} INFO - DAG(s) dict_keys(['example_branch_operator']) retrieved from /home/airflow/.local/lib/python3.7/site-packages/airflow/example_dags/example_branch_operator.py
[2023-07-09T19:37:50.809+0000] {logging_mixin.py:149} INFO - [2023-07-09T19:37:50.809+0000] {dag.py:2726} INFO - Sync 1 DAGs
[2023-07-09T19:37:50.838+0000] {logging_mixin.py:149} INFO - [2023-07-09T19:37:50.837+0000] {dag.py:3490} INFO - Setting next_dagrun for example_branch_operator to 2023-07-08T00:00:00+00:00, run_after=2023-07-09T00:00:00+00:00
[2023-07-09T19:37:50.870+0000] {processor.py:179} INFO - Processing /home/airflow/.local/lib/python3.7/site-packages/airflow/example_dags/example_branch_operator.py took 0.103 seconds
[2023-07-09T19:38:21.169+0000] {processor.py:157} INFO - Started process (PID=4631) to work on /home/airflow/.local/lib/python3.7/site-packages/airflow/example_dags/example_branch_operator.py
[2023-07-09T19:38:21.170+0000] {processor.py:826} INFO - Processing file /home/airflow/.local/lib/python3.7/site-packages/airflow/example_dags/example_branch_operator.py for tasks to queue
[2023-07-09T19:38:21.171+0000] {logging_mixin.py:149} INFO - [2023-07-09T19:38:21.171+0000] {dagbag.py:541} INFO - Filling up the DagBag from /home/airflow/.local/lib/python3.7/site-packages/airflow/example_dags/example_branch_operator.py
[2023-07-09T19:38:21.182+0000] {processor.py:836} INFO - DAG(s) dict_keys(['example_branch_operator']) retrieved from /home/airflow/.local/lib/python3.7/site-packages/airflow/example_dags/example_branch_operator.py
[2023-07-09T19:38:21.208+0000] {logging_mixin.py:149} INFO - [2023-07-09T19:38:21.207+0000] {dag.py:2726} INFO - Sync 1 DAGs
[2023-07-09T19:38:21.238+0000] {logging_mixin.py:149} INFO - [2023-07-09T19:38:21.238+0000] {dag.py:3490} INFO - Setting next_dagrun for example_branch_operator to 2023-07-08T00:00:00+00:00, run_after=2023-07-09T00:00:00+00:00
[2023-07-09T19:38:21.264+0000] {processor.py:179} INFO - Processing /home/airflow/.local/lib/python3.7/site-packages/airflow/example_dags/example_branch_operator.py took 0.098 seconds
[2023-07-09T19:38:51.383+0000] {processor.py:157} INFO - Started process (PID=4693) to work on /home/airflow/.local/lib/python3.7/site-packages/airflow/example_dags/example_branch_operator.py
[2023-07-09T19:38:51.384+0000] {processor.py:826} INFO - Processing file /home/airflow/.local/lib/python3.7/site-packages/airflow/example_dags/example_branch_operator.py for tasks to queue
[2023-07-09T19:38:51.385+0000] {logging_mixin.py:149} INFO - [2023-07-09T19:38:51.385+0000] {dagbag.py:541} INFO - Filling up the DagBag from /home/airflow/.local/lib/python3.7/site-packages/airflow/example_dags/example_branch_operator.py
[2023-07-09T19:38:51.396+0000] {processor.py:836} INFO - DAG(s) dict_keys(['example_branch_operator']) retrieved from /home/airflow/.local/lib/python3.7/site-packages/airflow/example_dags/example_branch_operator.py
[2023-07-09T19:38:51.426+0000] {logging_mixin.py:149} INFO - [2023-07-09T19:38:51.425+0000] {dag.py:2726} INFO - Sync 1 DAGs
[2023-07-09T19:38:51.451+0000] {logging_mixin.py:149} INFO - [2023-07-09T19:38:51.451+0000] {dag.py:3490} INFO - Setting next_dagrun for example_branch_operator to 2023-07-08T00:00:00+00:00, run_after=2023-07-09T00:00:00+00:00
[2023-07-09T19:38:51.474+0000] {processor.py:179} INFO - Processing /home/airflow/.local/lib/python3.7/site-packages/airflow/example_dags/example_branch_operator.py took 0.095 seconds
[2023-07-09T19:39:21.735+0000] {processor.py:157} INFO - Started process (PID=4755) to work on /home/airflow/.local/lib/python3.7/site-packages/airflow/example_dags/example_branch_operator.py
[2023-07-09T19:39:21.736+0000] {processor.py:826} INFO - Processing file /home/airflow/.local/lib/python3.7/site-packages/airflow/example_dags/example_branch_operator.py for tasks to queue
[2023-07-09T19:39:21.737+0000] {logging_mixin.py:149} INFO - [2023-07-09T19:39:21.737+0000] {dagbag.py:541} INFO - Filling up the DagBag from /home/airflow/.local/lib/python3.7/site-packages/airflow/example_dags/example_branch_operator.py
[2023-07-09T19:39:21.748+0000] {processor.py:836} INFO - DAG(s) dict_keys(['example_branch_operator']) retrieved from /home/airflow/.local/lib/python3.7/site-packages/airflow/example_dags/example_branch_operator.py
[2023-07-09T19:39:21.778+0000] {logging_mixin.py:149} INFO - [2023-07-09T19:39:21.777+0000] {dag.py:2726} INFO - Sync 1 DAGs
[2023-07-09T19:39:21.810+0000] {logging_mixin.py:149} INFO - [2023-07-09T19:39:21.810+0000] {dag.py:3490} INFO - Setting next_dagrun for example_branch_operator to 2023-07-08T00:00:00+00:00, run_after=2023-07-09T00:00:00+00:00
[2023-07-09T19:39:21.830+0000] {processor.py:179} INFO - Processing /home/airflow/.local/lib/python3.7/site-packages/airflow/example_dags/example_branch_operator.py took 0.100 seconds
[2023-07-09T19:39:52.179+0000] {processor.py:157} INFO - Started process (PID=4817) to work on /home/airflow/.local/lib/python3.7/site-packages/airflow/example_dags/example_branch_operator.py
[2023-07-09T19:39:52.181+0000] {processor.py:826} INFO - Processing file /home/airflow/.local/lib/python3.7/site-packages/airflow/example_dags/example_branch_operator.py for tasks to queue
[2023-07-09T19:39:52.182+0000] {logging_mixin.py:149} INFO - [2023-07-09T19:39:52.181+0000] {dagbag.py:541} INFO - Filling up the DagBag from /home/airflow/.local/lib/python3.7/site-packages/airflow/example_dags/example_branch_operator.py
[2023-07-09T19:39:52.190+0000] {processor.py:836} INFO - DAG(s) dict_keys(['example_branch_operator']) retrieved from /home/airflow/.local/lib/python3.7/site-packages/airflow/example_dags/example_branch_operator.py
[2023-07-09T19:39:52.215+0000] {logging_mixin.py:149} INFO - [2023-07-09T19:39:52.215+0000] {dag.py:2726} INFO - Sync 1 DAGs
[2023-07-09T19:39:52.242+0000] {logging_mixin.py:149} INFO - [2023-07-09T19:39:52.242+0000] {dag.py:3490} INFO - Setting next_dagrun for example_branch_operator to 2023-07-08T00:00:00+00:00, run_after=2023-07-09T00:00:00+00:00
[2023-07-09T19:39:52.268+0000] {processor.py:179} INFO - Processing /home/airflow/.local/lib/python3.7/site-packages/airflow/example_dags/example_branch_operator.py took 0.091 seconds
[2023-07-09T19:40:22.467+0000] {processor.py:157} INFO - Started process (PID=4879) to work on /home/airflow/.local/lib/python3.7/site-packages/airflow/example_dags/example_branch_operator.py
[2023-07-09T19:40:22.469+0000] {processor.py:826} INFO - Processing file /home/airflow/.local/lib/python3.7/site-packages/airflow/example_dags/example_branch_operator.py for tasks to queue
[2023-07-09T19:40:22.469+0000] {logging_mixin.py:149} INFO - [2023-07-09T19:40:22.469+0000] {dagbag.py:541} INFO - Filling up the DagBag from /home/airflow/.local/lib/python3.7/site-packages/airflow/example_dags/example_branch_operator.py
[2023-07-09T19:40:22.478+0000] {processor.py:836} INFO - DAG(s) dict_keys(['example_branch_operator']) retrieved from /home/airflow/.local/lib/python3.7/site-packages/airflow/example_dags/example_branch_operator.py
[2023-07-09T19:40:22.502+0000] {logging_mixin.py:149} INFO - [2023-07-09T19:40:22.502+0000] {dag.py:2726} INFO - Sync 1 DAGs
[2023-07-09T19:40:22.527+0000] {logging_mixin.py:149} INFO - [2023-07-09T19:40:22.526+0000] {dag.py:3490} INFO - Setting next_dagrun for example_branch_operator to 2023-07-08T00:00:00+00:00, run_after=2023-07-09T00:00:00+00:00
[2023-07-09T19:40:22.556+0000] {processor.py:179} INFO - Processing /home/airflow/.local/lib/python3.7/site-packages/airflow/example_dags/example_branch_operator.py took 0.091 seconds
[2023-07-09T19:40:52.919+0000] {processor.py:157} INFO - Started process (PID=4941) to work on /home/airflow/.local/lib/python3.7/site-packages/airflow/example_dags/example_branch_operator.py
[2023-07-09T19:40:52.920+0000] {processor.py:826} INFO - Processing file /home/airflow/.local/lib/python3.7/site-packages/airflow/example_dags/example_branch_operator.py for tasks to queue
[2023-07-09T19:40:52.921+0000] {logging_mixin.py:149} INFO - [2023-07-09T19:40:52.921+0000] {dagbag.py:541} INFO - Filling up the DagBag from /home/airflow/.local/lib/python3.7/site-packages/airflow/example_dags/example_branch_operator.py
[2023-07-09T19:40:52.929+0000] {processor.py:836} INFO - DAG(s) dict_keys(['example_branch_operator']) retrieved from /home/airflow/.local/lib/python3.7/site-packages/airflow/example_dags/example_branch_operator.py
[2023-07-09T19:40:52.954+0000] {logging_mixin.py:149} INFO - [2023-07-09T19:40:52.954+0000] {dag.py:2726} INFO - Sync 1 DAGs
[2023-07-09T19:40:52.977+0000] {logging_mixin.py:149} INFO - [2023-07-09T19:40:52.977+0000] {dag.py:3490} INFO - Setting next_dagrun for example_branch_operator to 2023-07-08T00:00:00+00:00, run_after=2023-07-09T00:00:00+00:00
[2023-07-09T19:40:52.999+0000] {processor.py:179} INFO - Processing /home/airflow/.local/lib/python3.7/site-packages/airflow/example_dags/example_branch_operator.py took 0.082 seconds
[2023-07-09T23:59:30.236+0000] {processor.py:157} INFO - Started process (PID=5029) to work on /home/airflow/.local/lib/python3.7/site-packages/airflow/example_dags/example_branch_operator.py
[2023-07-09T23:59:30.238+0000] {processor.py:826} INFO - Processing file /home/airflow/.local/lib/python3.7/site-packages/airflow/example_dags/example_branch_operator.py for tasks to queue
[2023-07-09T23:59:30.239+0000] {logging_mixin.py:149} INFO - [2023-07-09T23:59:30.239+0000] {dagbag.py:541} INFO - Filling up the DagBag from /home/airflow/.local/lib/python3.7/site-packages/airflow/example_dags/example_branch_operator.py
[2023-07-09T23:59:30.249+0000] {processor.py:836} INFO - DAG(s) dict_keys(['example_branch_operator']) retrieved from /home/airflow/.local/lib/python3.7/site-packages/airflow/example_dags/example_branch_operator.py
[2023-07-09T23:59:30.288+0000] {logging_mixin.py:149} INFO - [2023-07-09T23:59:30.288+0000] {dag.py:2726} INFO - Sync 1 DAGs
[2023-07-09T23:59:30.329+0000] {logging_mixin.py:149} INFO - [2023-07-09T23:59:30.329+0000] {dag.py:3490} INFO - Setting next_dagrun for example_branch_operator to 2023-07-08T00:00:00+00:00, run_after=2023-07-09T00:00:00+00:00
[2023-07-09T23:59:30.360+0000] {processor.py:179} INFO - Processing /home/airflow/.local/lib/python3.7/site-packages/airflow/example_dags/example_branch_operator.py took 0.127 seconds
