[2023-07-09T19:06:51.599+0000] {processor.py:157} INFO - Started process (PID=794) to work on /home/airflow/.local/lib/python3.7/site-packages/airflow/example_dags/tutorial_dag.py
[2023-07-09T19:06:51.600+0000] {processor.py:826} INFO - Processing file /home/airflow/.local/lib/python3.7/site-packages/airflow/example_dags/tutorial_dag.py for tasks to queue
[2023-07-09T19:06:51.601+0000] {logging_mixin.py:149} INFO - [2023-07-09T19:06:51.601+0000] {dagbag.py:541} INFO - Filling up the DagBag from /home/airflow/.local/lib/python3.7/site-packages/airflow/example_dags/tutorial_dag.py
[2023-07-09T19:06:51.607+0000] {processor.py:836} INFO - DAG(s) dict_keys(['tutorial_dag']) retrieved from /home/airflow/.local/lib/python3.7/site-packages/airflow/example_dags/tutorial_dag.py
[2023-07-09T19:06:51.631+0000] {logging_mixin.py:149} INFO - [2023-07-09T19:06:51.631+0000] {dag.py:2726} INFO - Sync 1 DAGs
[2023-07-09T19:06:51.654+0000] {logging_mixin.py:149} INFO - [2023-07-09T19:06:51.654+0000] {dag.py:3490} INFO - Setting next_dagrun for tutorial_dag to None, run_after=None
[2023-07-09T19:06:51.675+0000] {processor.py:179} INFO - Processing /home/airflow/.local/lib/python3.7/site-packages/airflow/example_dags/tutorial_dag.py took 0.079 seconds
[2023-07-09T19:07:21.861+0000] {processor.py:157} INFO - Started process (PID=855) to work on /home/airflow/.local/lib/python3.7/site-packages/airflow/example_dags/tutorial_dag.py
[2023-07-09T19:07:21.862+0000] {processor.py:826} INFO - Processing file /home/airflow/.local/lib/python3.7/site-packages/airflow/example_dags/tutorial_dag.py for tasks to queue
[2023-07-09T19:07:21.863+0000] {logging_mixin.py:149} INFO - [2023-07-09T19:07:21.863+0000] {dagbag.py:541} INFO - Filling up the DagBag from /home/airflow/.local/lib/python3.7/site-packages/airflow/example_dags/tutorial_dag.py
[2023-07-09T19:07:21.868+0000] {processor.py:836} INFO - DAG(s) dict_keys(['tutorial_dag']) retrieved from /home/airflow/.local/lib/python3.7/site-packages/airflow/example_dags/tutorial_dag.py
[2023-07-09T19:07:21.892+0000] {logging_mixin.py:149} INFO - [2023-07-09T19:07:21.892+0000] {dag.py:2726} INFO - Sync 1 DAGs
[2023-07-09T19:07:21.917+0000] {logging_mixin.py:149} INFO - [2023-07-09T19:07:21.916+0000] {dag.py:3490} INFO - Setting next_dagrun for tutorial_dag to None, run_after=None
[2023-07-09T19:07:21.942+0000] {processor.py:179} INFO - Processing /home/airflow/.local/lib/python3.7/site-packages/airflow/example_dags/tutorial_dag.py took 0.084 seconds
[2023-07-09T19:07:52.275+0000] {processor.py:157} INFO - Started process (PID=916) to work on /home/airflow/.local/lib/python3.7/site-packages/airflow/example_dags/tutorial_dag.py
[2023-07-09T19:07:52.277+0000] {processor.py:826} INFO - Processing file /home/airflow/.local/lib/python3.7/site-packages/airflow/example_dags/tutorial_dag.py for tasks to queue
[2023-07-09T19:07:52.277+0000] {logging_mixin.py:149} INFO - [2023-07-09T19:07:52.277+0000] {dagbag.py:541} INFO - Filling up the DagBag from /home/airflow/.local/lib/python3.7/site-packages/airflow/example_dags/tutorial_dag.py
[2023-07-09T19:07:52.282+0000] {processor.py:836} INFO - DAG(s) dict_keys(['tutorial_dag']) retrieved from /home/airflow/.local/lib/python3.7/site-packages/airflow/example_dags/tutorial_dag.py
[2023-07-09T19:07:52.306+0000] {logging_mixin.py:149} INFO - [2023-07-09T19:07:52.306+0000] {dag.py:2726} INFO - Sync 1 DAGs
[2023-07-09T19:07:52.331+0000] {logging_mixin.py:149} INFO - [2023-07-09T19:07:52.330+0000] {dag.py:3490} INFO - Setting next_dagrun for tutorial_dag to None, run_after=None
[2023-07-09T19:07:52.354+0000] {processor.py:179} INFO - Processing /home/airflow/.local/lib/python3.7/site-packages/airflow/example_dags/tutorial_dag.py took 0.082 seconds
[2023-07-09T19:08:22.475+0000] {processor.py:157} INFO - Started process (PID=977) to work on /home/airflow/.local/lib/python3.7/site-packages/airflow/example_dags/tutorial_dag.py
[2023-07-09T19:08:22.476+0000] {processor.py:826} INFO - Processing file /home/airflow/.local/lib/python3.7/site-packages/airflow/example_dags/tutorial_dag.py for tasks to queue
[2023-07-09T19:08:22.478+0000] {logging_mixin.py:149} INFO - [2023-07-09T19:08:22.477+0000] {dagbag.py:541} INFO - Filling up the DagBag from /home/airflow/.local/lib/python3.7/site-packages/airflow/example_dags/tutorial_dag.py
[2023-07-09T19:08:22.482+0000] {processor.py:836} INFO - DAG(s) dict_keys(['tutorial_dag']) retrieved from /home/airflow/.local/lib/python3.7/site-packages/airflow/example_dags/tutorial_dag.py
[2023-07-09T19:08:22.497+0000] {logging_mixin.py:149} INFO - [2023-07-09T19:08:22.497+0000] {dag.py:2726} INFO - Sync 1 DAGs
[2023-07-09T19:08:22.523+0000] {logging_mixin.py:149} INFO - [2023-07-09T19:08:22.523+0000] {dag.py:3490} INFO - Setting next_dagrun for tutorial_dag to None, run_after=None
[2023-07-09T19:08:22.548+0000] {processor.py:179} INFO - Processing /home/airflow/.local/lib/python3.7/site-packages/airflow/example_dags/tutorial_dag.py took 0.076 seconds
[2023-07-09T19:08:53.005+0000] {processor.py:157} INFO - Started process (PID=1038) to work on /home/airflow/.local/lib/python3.7/site-packages/airflow/example_dags/tutorial_dag.py
[2023-07-09T19:08:53.006+0000] {processor.py:826} INFO - Processing file /home/airflow/.local/lib/python3.7/site-packages/airflow/example_dags/tutorial_dag.py for tasks to queue
[2023-07-09T19:08:53.007+0000] {logging_mixin.py:149} INFO - [2023-07-09T19:08:53.007+0000] {dagbag.py:541} INFO - Filling up the DagBag from /home/airflow/.local/lib/python3.7/site-packages/airflow/example_dags/tutorial_dag.py
[2023-07-09T19:08:53.012+0000] {processor.py:836} INFO - DAG(s) dict_keys(['tutorial_dag']) retrieved from /home/airflow/.local/lib/python3.7/site-packages/airflow/example_dags/tutorial_dag.py
[2023-07-09T19:08:53.037+0000] {logging_mixin.py:149} INFO - [2023-07-09T19:08:53.037+0000] {dag.py:2726} INFO - Sync 1 DAGs
[2023-07-09T19:08:53.063+0000] {logging_mixin.py:149} INFO - [2023-07-09T19:08:53.063+0000] {dag.py:3490} INFO - Setting next_dagrun for tutorial_dag to None, run_after=None
[2023-07-09T19:08:53.086+0000] {processor.py:179} INFO - Processing /home/airflow/.local/lib/python3.7/site-packages/airflow/example_dags/tutorial_dag.py took 0.085 seconds
[2023-07-09T19:09:23.819+0000] {processor.py:157} INFO - Started process (PID=1099) to work on /home/airflow/.local/lib/python3.7/site-packages/airflow/example_dags/tutorial_dag.py
[2023-07-09T19:09:23.820+0000] {processor.py:826} INFO - Processing file /home/airflow/.local/lib/python3.7/site-packages/airflow/example_dags/tutorial_dag.py for tasks to queue
[2023-07-09T19:09:23.821+0000] {logging_mixin.py:149} INFO - [2023-07-09T19:09:23.821+0000] {dagbag.py:541} INFO - Filling up the DagBag from /home/airflow/.local/lib/python3.7/site-packages/airflow/example_dags/tutorial_dag.py
[2023-07-09T19:09:23.827+0000] {processor.py:836} INFO - DAG(s) dict_keys(['tutorial_dag']) retrieved from /home/airflow/.local/lib/python3.7/site-packages/airflow/example_dags/tutorial_dag.py
[2023-07-09T19:09:23.843+0000] {logging_mixin.py:149} INFO - [2023-07-09T19:09:23.843+0000] {dag.py:2726} INFO - Sync 1 DAGs
[2023-07-09T19:09:23.875+0000] {logging_mixin.py:149} INFO - [2023-07-09T19:09:23.874+0000] {dag.py:3490} INFO - Setting next_dagrun for tutorial_dag to None, run_after=None
[2023-07-09T19:09:23.905+0000] {processor.py:179} INFO - Processing /home/airflow/.local/lib/python3.7/site-packages/airflow/example_dags/tutorial_dag.py took 0.090 seconds
[2023-07-09T19:09:54.204+0000] {processor.py:157} INFO - Started process (PID=1160) to work on /home/airflow/.local/lib/python3.7/site-packages/airflow/example_dags/tutorial_dag.py
[2023-07-09T19:09:54.205+0000] {processor.py:826} INFO - Processing file /home/airflow/.local/lib/python3.7/site-packages/airflow/example_dags/tutorial_dag.py for tasks to queue
[2023-07-09T19:09:54.206+0000] {logging_mixin.py:149} INFO - [2023-07-09T19:09:54.206+0000] {dagbag.py:541} INFO - Filling up the DagBag from /home/airflow/.local/lib/python3.7/site-packages/airflow/example_dags/tutorial_dag.py
[2023-07-09T19:09:54.211+0000] {processor.py:836} INFO - DAG(s) dict_keys(['tutorial_dag']) retrieved from /home/airflow/.local/lib/python3.7/site-packages/airflow/example_dags/tutorial_dag.py
[2023-07-09T19:09:54.236+0000] {logging_mixin.py:149} INFO - [2023-07-09T19:09:54.235+0000] {dag.py:2726} INFO - Sync 1 DAGs
[2023-07-09T19:09:54.261+0000] {logging_mixin.py:149} INFO - [2023-07-09T19:09:54.261+0000] {dag.py:3490} INFO - Setting next_dagrun for tutorial_dag to None, run_after=None
[2023-07-09T19:09:54.284+0000] {processor.py:179} INFO - Processing /home/airflow/.local/lib/python3.7/site-packages/airflow/example_dags/tutorial_dag.py took 0.083 seconds
[2023-07-09T19:10:24.429+0000] {processor.py:157} INFO - Started process (PID=1221) to work on /home/airflow/.local/lib/python3.7/site-packages/airflow/example_dags/tutorial_dag.py
[2023-07-09T19:10:24.430+0000] {processor.py:826} INFO - Processing file /home/airflow/.local/lib/python3.7/site-packages/airflow/example_dags/tutorial_dag.py for tasks to queue
[2023-07-09T19:10:24.431+0000] {logging_mixin.py:149} INFO - [2023-07-09T19:10:24.431+0000] {dagbag.py:541} INFO - Filling up the DagBag from /home/airflow/.local/lib/python3.7/site-packages/airflow/example_dags/tutorial_dag.py
[2023-07-09T19:10:24.436+0000] {processor.py:836} INFO - DAG(s) dict_keys(['tutorial_dag']) retrieved from /home/airflow/.local/lib/python3.7/site-packages/airflow/example_dags/tutorial_dag.py
[2023-07-09T19:10:24.459+0000] {logging_mixin.py:149} INFO - [2023-07-09T19:10:24.459+0000] {dag.py:2726} INFO - Sync 1 DAGs
[2023-07-09T19:10:24.481+0000] {logging_mixin.py:149} INFO - [2023-07-09T19:10:24.481+0000] {dag.py:3490} INFO - Setting next_dagrun for tutorial_dag to None, run_after=None
[2023-07-09T19:10:24.502+0000] {processor.py:179} INFO - Processing /home/airflow/.local/lib/python3.7/site-packages/airflow/example_dags/tutorial_dag.py took 0.076 seconds
[2023-07-09T19:10:55.744+0000] {processor.py:157} INFO - Started process (PID=1282) to work on /home/airflow/.local/lib/python3.7/site-packages/airflow/example_dags/tutorial_dag.py
[2023-07-09T19:10:55.745+0000] {processor.py:826} INFO - Processing file /home/airflow/.local/lib/python3.7/site-packages/airflow/example_dags/tutorial_dag.py for tasks to queue
[2023-07-09T19:10:55.747+0000] {logging_mixin.py:149} INFO - [2023-07-09T19:10:55.746+0000] {dagbag.py:541} INFO - Filling up the DagBag from /home/airflow/.local/lib/python3.7/site-packages/airflow/example_dags/tutorial_dag.py
[2023-07-09T19:10:55.751+0000] {processor.py:836} INFO - DAG(s) dict_keys(['tutorial_dag']) retrieved from /home/airflow/.local/lib/python3.7/site-packages/airflow/example_dags/tutorial_dag.py
[2023-07-09T19:10:55.786+0000] {logging_mixin.py:149} INFO - [2023-07-09T19:10:55.786+0000] {dag.py:2726} INFO - Sync 1 DAGs
[2023-07-09T19:10:55.836+0000] {logging_mixin.py:149} INFO - [2023-07-09T19:10:55.836+0000] {dag.py:3490} INFO - Setting next_dagrun for tutorial_dag to None, run_after=None
[2023-07-09T19:10:55.872+0000] {processor.py:179} INFO - Processing /home/airflow/.local/lib/python3.7/site-packages/airflow/example_dags/tutorial_dag.py took 0.132 seconds
[2023-07-09T19:11:26.180+0000] {processor.py:157} INFO - Started process (PID=1343) to work on /home/airflow/.local/lib/python3.7/site-packages/airflow/example_dags/tutorial_dag.py
[2023-07-09T19:11:26.181+0000] {processor.py:826} INFO - Processing file /home/airflow/.local/lib/python3.7/site-packages/airflow/example_dags/tutorial_dag.py for tasks to queue
[2023-07-09T19:11:26.182+0000] {logging_mixin.py:149} INFO - [2023-07-09T19:11:26.182+0000] {dagbag.py:541} INFO - Filling up the DagBag from /home/airflow/.local/lib/python3.7/site-packages/airflow/example_dags/tutorial_dag.py
[2023-07-09T19:11:26.188+0000] {processor.py:836} INFO - DAG(s) dict_keys(['tutorial_dag']) retrieved from /home/airflow/.local/lib/python3.7/site-packages/airflow/example_dags/tutorial_dag.py
[2023-07-09T19:11:26.214+0000] {logging_mixin.py:149} INFO - [2023-07-09T19:11:26.214+0000] {dag.py:2726} INFO - Sync 1 DAGs
[2023-07-09T19:11:26.241+0000] {logging_mixin.py:149} INFO - [2023-07-09T19:11:26.241+0000] {dag.py:3490} INFO - Setting next_dagrun for tutorial_dag to None, run_after=None
[2023-07-09T19:11:26.266+0000] {processor.py:179} INFO - Processing /home/airflow/.local/lib/python3.7/site-packages/airflow/example_dags/tutorial_dag.py took 0.089 seconds
[2023-07-09T19:11:56.468+0000] {processor.py:157} INFO - Started process (PID=1404) to work on /home/airflow/.local/lib/python3.7/site-packages/airflow/example_dags/tutorial_dag.py
[2023-07-09T19:11:56.469+0000] {processor.py:826} INFO - Processing file /home/airflow/.local/lib/python3.7/site-packages/airflow/example_dags/tutorial_dag.py for tasks to queue
[2023-07-09T19:11:56.470+0000] {logging_mixin.py:149} INFO - [2023-07-09T19:11:56.470+0000] {dagbag.py:541} INFO - Filling up the DagBag from /home/airflow/.local/lib/python3.7/site-packages/airflow/example_dags/tutorial_dag.py
[2023-07-09T19:11:56.477+0000] {processor.py:836} INFO - DAG(s) dict_keys(['tutorial_dag']) retrieved from /home/airflow/.local/lib/python3.7/site-packages/airflow/example_dags/tutorial_dag.py
[2023-07-09T19:11:56.493+0000] {logging_mixin.py:149} INFO - [2023-07-09T19:11:56.493+0000] {dag.py:2726} INFO - Sync 1 DAGs
[2023-07-09T19:11:56.525+0000] {logging_mixin.py:149} INFO - [2023-07-09T19:11:56.524+0000] {dag.py:3490} INFO - Setting next_dagrun for tutorial_dag to None, run_after=None
[2023-07-09T19:11:56.547+0000] {processor.py:179} INFO - Processing /home/airflow/.local/lib/python3.7/site-packages/airflow/example_dags/tutorial_dag.py took 0.084 seconds
[2023-07-09T19:12:27.396+0000] {processor.py:157} INFO - Started process (PID=1466) to work on /home/airflow/.local/lib/python3.7/site-packages/airflow/example_dags/tutorial_dag.py
[2023-07-09T19:12:27.397+0000] {processor.py:826} INFO - Processing file /home/airflow/.local/lib/python3.7/site-packages/airflow/example_dags/tutorial_dag.py for tasks to queue
[2023-07-09T19:12:27.398+0000] {logging_mixin.py:149} INFO - [2023-07-09T19:12:27.398+0000] {dagbag.py:541} INFO - Filling up the DagBag from /home/airflow/.local/lib/python3.7/site-packages/airflow/example_dags/tutorial_dag.py
[2023-07-09T19:12:27.404+0000] {processor.py:836} INFO - DAG(s) dict_keys(['tutorial_dag']) retrieved from /home/airflow/.local/lib/python3.7/site-packages/airflow/example_dags/tutorial_dag.py
[2023-07-09T19:12:27.415+0000] {logging_mixin.py:149} INFO - [2023-07-09T19:12:27.415+0000] {dag.py:2726} INFO - Sync 1 DAGs
[2023-07-09T19:12:27.442+0000] {logging_mixin.py:149} INFO - [2023-07-09T19:12:27.442+0000] {dag.py:3490} INFO - Setting next_dagrun for tutorial_dag to None, run_after=None
[2023-07-09T19:12:27.464+0000] {processor.py:179} INFO - Processing /home/airflow/.local/lib/python3.7/site-packages/airflow/example_dags/tutorial_dag.py took 0.071 seconds
[2023-07-09T19:12:58.304+0000] {processor.py:157} INFO - Started process (PID=1527) to work on /home/airflow/.local/lib/python3.7/site-packages/airflow/example_dags/tutorial_dag.py
[2023-07-09T19:12:58.305+0000] {processor.py:826} INFO - Processing file /home/airflow/.local/lib/python3.7/site-packages/airflow/example_dags/tutorial_dag.py for tasks to queue
[2023-07-09T19:12:58.306+0000] {logging_mixin.py:149} INFO - [2023-07-09T19:12:58.306+0000] {dagbag.py:541} INFO - Filling up the DagBag from /home/airflow/.local/lib/python3.7/site-packages/airflow/example_dags/tutorial_dag.py
[2023-07-09T19:12:58.311+0000] {processor.py:836} INFO - DAG(s) dict_keys(['tutorial_dag']) retrieved from /home/airflow/.local/lib/python3.7/site-packages/airflow/example_dags/tutorial_dag.py
[2023-07-09T19:12:58.334+0000] {logging_mixin.py:149} INFO - [2023-07-09T19:12:58.334+0000] {dag.py:2726} INFO - Sync 1 DAGs
[2023-07-09T19:12:58.360+0000] {logging_mixin.py:149} INFO - [2023-07-09T19:12:58.360+0000] {dag.py:3490} INFO - Setting next_dagrun for tutorial_dag to None, run_after=None
[2023-07-09T19:12:58.382+0000] {processor.py:179} INFO - Processing /home/airflow/.local/lib/python3.7/site-packages/airflow/example_dags/tutorial_dag.py took 0.081 seconds
[2023-07-09T19:13:28.525+0000] {processor.py:157} INFO - Started process (PID=1589) to work on /home/airflow/.local/lib/python3.7/site-packages/airflow/example_dags/tutorial_dag.py
[2023-07-09T19:13:28.526+0000] {processor.py:826} INFO - Processing file /home/airflow/.local/lib/python3.7/site-packages/airflow/example_dags/tutorial_dag.py for tasks to queue
[2023-07-09T19:13:28.527+0000] {logging_mixin.py:149} INFO - [2023-07-09T19:13:28.527+0000] {dagbag.py:541} INFO - Filling up the DagBag from /home/airflow/.local/lib/python3.7/site-packages/airflow/example_dags/tutorial_dag.py
[2023-07-09T19:13:28.532+0000] {processor.py:836} INFO - DAG(s) dict_keys(['tutorial_dag']) retrieved from /home/airflow/.local/lib/python3.7/site-packages/airflow/example_dags/tutorial_dag.py
[2023-07-09T19:13:28.561+0000] {logging_mixin.py:149} INFO - [2023-07-09T19:13:28.560+0000] {dag.py:2726} INFO - Sync 1 DAGs
[2023-07-09T19:13:28.588+0000] {logging_mixin.py:149} INFO - [2023-07-09T19:13:28.588+0000] {dag.py:3490} INFO - Setting next_dagrun for tutorial_dag to None, run_after=None
[2023-07-09T19:13:28.607+0000] {processor.py:179} INFO - Processing /home/airflow/.local/lib/python3.7/site-packages/airflow/example_dags/tutorial_dag.py took 0.085 seconds
[2023-07-09T19:13:58.799+0000] {processor.py:157} INFO - Started process (PID=1650) to work on /home/airflow/.local/lib/python3.7/site-packages/airflow/example_dags/tutorial_dag.py
[2023-07-09T19:13:58.800+0000] {processor.py:826} INFO - Processing file /home/airflow/.local/lib/python3.7/site-packages/airflow/example_dags/tutorial_dag.py for tasks to queue
[2023-07-09T19:13:58.801+0000] {logging_mixin.py:149} INFO - [2023-07-09T19:13:58.800+0000] {dagbag.py:541} INFO - Filling up the DagBag from /home/airflow/.local/lib/python3.7/site-packages/airflow/example_dags/tutorial_dag.py
[2023-07-09T19:13:58.805+0000] {processor.py:836} INFO - DAG(s) dict_keys(['tutorial_dag']) retrieved from /home/airflow/.local/lib/python3.7/site-packages/airflow/example_dags/tutorial_dag.py
[2023-07-09T19:13:58.828+0000] {logging_mixin.py:149} INFO - [2023-07-09T19:13:58.828+0000] {dag.py:2726} INFO - Sync 1 DAGs
[2023-07-09T19:13:58.853+0000] {logging_mixin.py:149} INFO - [2023-07-09T19:13:58.852+0000] {dag.py:3490} INFO - Setting next_dagrun for tutorial_dag to None, run_after=None
[2023-07-09T19:13:58.875+0000] {processor.py:179} INFO - Processing /home/airflow/.local/lib/python3.7/site-packages/airflow/example_dags/tutorial_dag.py took 0.079 seconds
[2023-07-09T19:14:28.972+0000] {processor.py:157} INFO - Started process (PID=1710) to work on /home/airflow/.local/lib/python3.7/site-packages/airflow/example_dags/tutorial_dag.py
[2023-07-09T19:14:28.973+0000] {processor.py:826} INFO - Processing file /home/airflow/.local/lib/python3.7/site-packages/airflow/example_dags/tutorial_dag.py for tasks to queue
[2023-07-09T19:14:28.973+0000] {logging_mixin.py:149} INFO - [2023-07-09T19:14:28.973+0000] {dagbag.py:541} INFO - Filling up the DagBag from /home/airflow/.local/lib/python3.7/site-packages/airflow/example_dags/tutorial_dag.py
[2023-07-09T19:14:28.978+0000] {processor.py:836} INFO - DAG(s) dict_keys(['tutorial_dag']) retrieved from /home/airflow/.local/lib/python3.7/site-packages/airflow/example_dags/tutorial_dag.py
[2023-07-09T19:14:29.000+0000] {logging_mixin.py:149} INFO - [2023-07-09T19:14:29.000+0000] {dag.py:2726} INFO - Sync 1 DAGs
[2023-07-09T19:14:29.024+0000] {logging_mixin.py:149} INFO - [2023-07-09T19:14:29.024+0000] {dag.py:3490} INFO - Setting next_dagrun for tutorial_dag to None, run_after=None
[2023-07-09T19:14:29.046+0000] {processor.py:179} INFO - Processing /home/airflow/.local/lib/python3.7/site-packages/airflow/example_dags/tutorial_dag.py took 0.077 seconds
[2023-07-09T19:15:00.193+0000] {processor.py:157} INFO - Started process (PID=1772) to work on /home/airflow/.local/lib/python3.7/site-packages/airflow/example_dags/tutorial_dag.py
[2023-07-09T19:15:00.194+0000] {processor.py:826} INFO - Processing file /home/airflow/.local/lib/python3.7/site-packages/airflow/example_dags/tutorial_dag.py for tasks to queue
[2023-07-09T19:15:00.195+0000] {logging_mixin.py:149} INFO - [2023-07-09T19:15:00.195+0000] {dagbag.py:541} INFO - Filling up the DagBag from /home/airflow/.local/lib/python3.7/site-packages/airflow/example_dags/tutorial_dag.py
[2023-07-09T19:15:00.200+0000] {processor.py:836} INFO - DAG(s) dict_keys(['tutorial_dag']) retrieved from /home/airflow/.local/lib/python3.7/site-packages/airflow/example_dags/tutorial_dag.py
[2023-07-09T19:15:00.224+0000] {logging_mixin.py:149} INFO - [2023-07-09T19:15:00.224+0000] {dag.py:2726} INFO - Sync 1 DAGs
[2023-07-09T19:15:00.249+0000] {logging_mixin.py:149} INFO - [2023-07-09T19:15:00.249+0000] {dag.py:3490} INFO - Setting next_dagrun for tutorial_dag to None, run_after=None
[2023-07-09T19:15:00.270+0000] {processor.py:179} INFO - Processing /home/airflow/.local/lib/python3.7/site-packages/airflow/example_dags/tutorial_dag.py took 0.080 seconds
[2023-07-09T19:15:31.033+0000] {processor.py:157} INFO - Started process (PID=1833) to work on /home/airflow/.local/lib/python3.7/site-packages/airflow/example_dags/tutorial_dag.py
[2023-07-09T19:15:31.034+0000] {processor.py:826} INFO - Processing file /home/airflow/.local/lib/python3.7/site-packages/airflow/example_dags/tutorial_dag.py for tasks to queue
[2023-07-09T19:15:31.034+0000] {logging_mixin.py:149} INFO - [2023-07-09T19:15:31.034+0000] {dagbag.py:541} INFO - Filling up the DagBag from /home/airflow/.local/lib/python3.7/site-packages/airflow/example_dags/tutorial_dag.py
[2023-07-09T19:15:31.039+0000] {processor.py:836} INFO - DAG(s) dict_keys(['tutorial_dag']) retrieved from /home/airflow/.local/lib/python3.7/site-packages/airflow/example_dags/tutorial_dag.py
[2023-07-09T19:15:31.061+0000] {logging_mixin.py:149} INFO - [2023-07-09T19:15:31.061+0000] {dag.py:2726} INFO - Sync 1 DAGs
[2023-07-09T19:15:31.086+0000] {logging_mixin.py:149} INFO - [2023-07-09T19:15:31.086+0000] {dag.py:3490} INFO - Setting next_dagrun for tutorial_dag to None, run_after=None
[2023-07-09T19:15:31.106+0000] {processor.py:179} INFO - Processing /home/airflow/.local/lib/python3.7/site-packages/airflow/example_dags/tutorial_dag.py took 0.077 seconds
[2023-07-09T19:16:01.360+0000] {processor.py:157} INFO - Started process (PID=1896) to work on /home/airflow/.local/lib/python3.7/site-packages/airflow/example_dags/tutorial_dag.py
[2023-07-09T19:16:01.361+0000] {processor.py:826} INFO - Processing file /home/airflow/.local/lib/python3.7/site-packages/airflow/example_dags/tutorial_dag.py for tasks to queue
[2023-07-09T19:16:01.362+0000] {logging_mixin.py:149} INFO - [2023-07-09T19:16:01.362+0000] {dagbag.py:541} INFO - Filling up the DagBag from /home/airflow/.local/lib/python3.7/site-packages/airflow/example_dags/tutorial_dag.py
[2023-07-09T19:16:01.367+0000] {processor.py:836} INFO - DAG(s) dict_keys(['tutorial_dag']) retrieved from /home/airflow/.local/lib/python3.7/site-packages/airflow/example_dags/tutorial_dag.py
[2023-07-09T19:16:01.392+0000] {logging_mixin.py:149} INFO - [2023-07-09T19:16:01.391+0000] {dag.py:2726} INFO - Sync 1 DAGs
[2023-07-09T19:16:01.418+0000] {logging_mixin.py:149} INFO - [2023-07-09T19:16:01.417+0000] {dag.py:3490} INFO - Setting next_dagrun for tutorial_dag to None, run_after=None
[2023-07-09T19:16:01.442+0000] {processor.py:179} INFO - Processing /home/airflow/.local/lib/python3.7/site-packages/airflow/example_dags/tutorial_dag.py took 0.085 seconds
[2023-07-09T19:16:31.596+0000] {processor.py:157} INFO - Started process (PID=1959) to work on /home/airflow/.local/lib/python3.7/site-packages/airflow/example_dags/tutorial_dag.py
[2023-07-09T19:16:31.597+0000] {processor.py:826} INFO - Processing file /home/airflow/.local/lib/python3.7/site-packages/airflow/example_dags/tutorial_dag.py for tasks to queue
[2023-07-09T19:16:31.598+0000] {logging_mixin.py:149} INFO - [2023-07-09T19:16:31.598+0000] {dagbag.py:541} INFO - Filling up the DagBag from /home/airflow/.local/lib/python3.7/site-packages/airflow/example_dags/tutorial_dag.py
[2023-07-09T19:16:31.602+0000] {processor.py:836} INFO - DAG(s) dict_keys(['tutorial_dag']) retrieved from /home/airflow/.local/lib/python3.7/site-packages/airflow/example_dags/tutorial_dag.py
[2023-07-09T19:16:31.626+0000] {logging_mixin.py:149} INFO - [2023-07-09T19:16:31.626+0000] {dag.py:2726} INFO - Sync 1 DAGs
[2023-07-09T19:16:31.649+0000] {logging_mixin.py:149} INFO - [2023-07-09T19:16:31.649+0000] {dag.py:3490} INFO - Setting next_dagrun for tutorial_dag to None, run_after=None
[2023-07-09T19:16:31.671+0000] {processor.py:179} INFO - Processing /home/airflow/.local/lib/python3.7/site-packages/airflow/example_dags/tutorial_dag.py took 0.078 seconds
[2023-07-09T19:17:01.750+0000] {processor.py:157} INFO - Started process (PID=2020) to work on /home/airflow/.local/lib/python3.7/site-packages/airflow/example_dags/tutorial_dag.py
[2023-07-09T19:17:01.751+0000] {processor.py:826} INFO - Processing file /home/airflow/.local/lib/python3.7/site-packages/airflow/example_dags/tutorial_dag.py for tasks to queue
[2023-07-09T19:17:01.752+0000] {logging_mixin.py:149} INFO - [2023-07-09T19:17:01.752+0000] {dagbag.py:541} INFO - Filling up the DagBag from /home/airflow/.local/lib/python3.7/site-packages/airflow/example_dags/tutorial_dag.py
[2023-07-09T19:17:01.759+0000] {processor.py:836} INFO - DAG(s) dict_keys(['tutorial_dag']) retrieved from /home/airflow/.local/lib/python3.7/site-packages/airflow/example_dags/tutorial_dag.py
[2023-07-09T19:17:01.792+0000] {logging_mixin.py:149} INFO - [2023-07-09T19:17:01.792+0000] {dag.py:2726} INFO - Sync 1 DAGs
[2023-07-09T19:17:01.829+0000] {logging_mixin.py:149} INFO - [2023-07-09T19:17:01.829+0000] {dag.py:3490} INFO - Setting next_dagrun for tutorial_dag to None, run_after=None
[2023-07-09T19:17:01.860+0000] {processor.py:179} INFO - Processing /home/airflow/.local/lib/python3.7/site-packages/airflow/example_dags/tutorial_dag.py took 0.113 seconds
[2023-07-09T19:17:31.954+0000] {processor.py:157} INFO - Started process (PID=2082) to work on /home/airflow/.local/lib/python3.7/site-packages/airflow/example_dags/tutorial_dag.py
[2023-07-09T19:17:31.955+0000] {processor.py:826} INFO - Processing file /home/airflow/.local/lib/python3.7/site-packages/airflow/example_dags/tutorial_dag.py for tasks to queue
[2023-07-09T19:17:31.956+0000] {logging_mixin.py:149} INFO - [2023-07-09T19:17:31.956+0000] {dagbag.py:541} INFO - Filling up the DagBag from /home/airflow/.local/lib/python3.7/site-packages/airflow/example_dags/tutorial_dag.py
[2023-07-09T19:17:31.961+0000] {processor.py:836} INFO - DAG(s) dict_keys(['tutorial_dag']) retrieved from /home/airflow/.local/lib/python3.7/site-packages/airflow/example_dags/tutorial_dag.py
[2023-07-09T19:17:31.983+0000] {logging_mixin.py:149} INFO - [2023-07-09T19:17:31.983+0000] {dag.py:2726} INFO - Sync 1 DAGs
[2023-07-09T19:17:32.004+0000] {logging_mixin.py:149} INFO - [2023-07-09T19:17:32.004+0000] {dag.py:3490} INFO - Setting next_dagrun for tutorial_dag to None, run_after=None
[2023-07-09T19:17:32.023+0000] {processor.py:179} INFO - Processing /home/airflow/.local/lib/python3.7/site-packages/airflow/example_dags/tutorial_dag.py took 0.072 seconds
[2023-07-09T19:18:02.820+0000] {processor.py:157} INFO - Started process (PID=2143) to work on /home/airflow/.local/lib/python3.7/site-packages/airflow/example_dags/tutorial_dag.py
[2023-07-09T19:18:02.821+0000] {processor.py:826} INFO - Processing file /home/airflow/.local/lib/python3.7/site-packages/airflow/example_dags/tutorial_dag.py for tasks to queue
[2023-07-09T19:18:02.822+0000] {logging_mixin.py:149} INFO - [2023-07-09T19:18:02.822+0000] {dagbag.py:541} INFO - Filling up the DagBag from /home/airflow/.local/lib/python3.7/site-packages/airflow/example_dags/tutorial_dag.py
[2023-07-09T19:18:02.827+0000] {processor.py:836} INFO - DAG(s) dict_keys(['tutorial_dag']) retrieved from /home/airflow/.local/lib/python3.7/site-packages/airflow/example_dags/tutorial_dag.py
[2023-07-09T19:18:02.853+0000] {logging_mixin.py:149} INFO - [2023-07-09T19:18:02.853+0000] {dag.py:2726} INFO - Sync 1 DAGs
[2023-07-09T19:18:02.880+0000] {logging_mixin.py:149} INFO - [2023-07-09T19:18:02.880+0000] {dag.py:3490} INFO - Setting next_dagrun for tutorial_dag to None, run_after=None
[2023-07-09T19:18:02.905+0000] {processor.py:179} INFO - Processing /home/airflow/.local/lib/python3.7/site-packages/airflow/example_dags/tutorial_dag.py took 0.088 seconds
[2023-07-09T19:18:33.215+0000] {processor.py:157} INFO - Started process (PID=2205) to work on /home/airflow/.local/lib/python3.7/site-packages/airflow/example_dags/tutorial_dag.py
[2023-07-09T19:18:33.216+0000] {processor.py:826} INFO - Processing file /home/airflow/.local/lib/python3.7/site-packages/airflow/example_dags/tutorial_dag.py for tasks to queue
[2023-07-09T19:18:33.217+0000] {logging_mixin.py:149} INFO - [2023-07-09T19:18:33.217+0000] {dagbag.py:541} INFO - Filling up the DagBag from /home/airflow/.local/lib/python3.7/site-packages/airflow/example_dags/tutorial_dag.py
[2023-07-09T19:18:33.221+0000] {processor.py:836} INFO - DAG(s) dict_keys(['tutorial_dag']) retrieved from /home/airflow/.local/lib/python3.7/site-packages/airflow/example_dags/tutorial_dag.py
[2023-07-09T19:18:33.245+0000] {logging_mixin.py:149} INFO - [2023-07-09T19:18:33.244+0000] {dag.py:2726} INFO - Sync 1 DAGs
[2023-07-09T19:18:33.268+0000] {logging_mixin.py:149} INFO - [2023-07-09T19:18:33.268+0000] {dag.py:3490} INFO - Setting next_dagrun for tutorial_dag to None, run_after=None
[2023-07-09T19:18:33.291+0000] {processor.py:179} INFO - Processing /home/airflow/.local/lib/python3.7/site-packages/airflow/example_dags/tutorial_dag.py took 0.079 seconds
[2023-07-09T19:19:03.419+0000] {processor.py:157} INFO - Started process (PID=2267) to work on /home/airflow/.local/lib/python3.7/site-packages/airflow/example_dags/tutorial_dag.py
[2023-07-09T19:19:03.420+0000] {processor.py:826} INFO - Processing file /home/airflow/.local/lib/python3.7/site-packages/airflow/example_dags/tutorial_dag.py for tasks to queue
[2023-07-09T19:19:03.421+0000] {logging_mixin.py:149} INFO - [2023-07-09T19:19:03.421+0000] {dagbag.py:541} INFO - Filling up the DagBag from /home/airflow/.local/lib/python3.7/site-packages/airflow/example_dags/tutorial_dag.py
[2023-07-09T19:19:03.425+0000] {processor.py:836} INFO - DAG(s) dict_keys(['tutorial_dag']) retrieved from /home/airflow/.local/lib/python3.7/site-packages/airflow/example_dags/tutorial_dag.py
[2023-07-09T19:19:03.449+0000] {logging_mixin.py:149} INFO - [2023-07-09T19:19:03.449+0000] {dag.py:2726} INFO - Sync 1 DAGs
[2023-07-09T19:19:03.473+0000] {logging_mixin.py:149} INFO - [2023-07-09T19:19:03.473+0000] {dag.py:3490} INFO - Setting next_dagrun for tutorial_dag to None, run_after=None
[2023-07-09T19:19:03.497+0000] {processor.py:179} INFO - Processing /home/airflow/.local/lib/python3.7/site-packages/airflow/example_dags/tutorial_dag.py took 0.081 seconds
[2023-07-09T19:19:33.654+0000] {processor.py:157} INFO - Started process (PID=2329) to work on /home/airflow/.local/lib/python3.7/site-packages/airflow/example_dags/tutorial_dag.py
[2023-07-09T19:19:33.655+0000] {processor.py:826} INFO - Processing file /home/airflow/.local/lib/python3.7/site-packages/airflow/example_dags/tutorial_dag.py for tasks to queue
[2023-07-09T19:19:33.656+0000] {logging_mixin.py:149} INFO - [2023-07-09T19:19:33.656+0000] {dagbag.py:541} INFO - Filling up the DagBag from /home/airflow/.local/lib/python3.7/site-packages/airflow/example_dags/tutorial_dag.py
[2023-07-09T19:19:33.661+0000] {processor.py:836} INFO - DAG(s) dict_keys(['tutorial_dag']) retrieved from /home/airflow/.local/lib/python3.7/site-packages/airflow/example_dags/tutorial_dag.py
[2023-07-09T19:19:33.685+0000] {logging_mixin.py:149} INFO - [2023-07-09T19:19:33.684+0000] {dag.py:2726} INFO - Sync 1 DAGs
[2023-07-09T19:19:33.708+0000] {logging_mixin.py:149} INFO - [2023-07-09T19:19:33.707+0000] {dag.py:3490} INFO - Setting next_dagrun for tutorial_dag to None, run_after=None
[2023-07-09T19:19:33.730+0000] {processor.py:179} INFO - Processing /home/airflow/.local/lib/python3.7/site-packages/airflow/example_dags/tutorial_dag.py took 0.079 seconds
[2023-07-09T19:20:03.901+0000] {processor.py:157} INFO - Started process (PID=2391) to work on /home/airflow/.local/lib/python3.7/site-packages/airflow/example_dags/tutorial_dag.py
[2023-07-09T19:20:03.902+0000] {processor.py:826} INFO - Processing file /home/airflow/.local/lib/python3.7/site-packages/airflow/example_dags/tutorial_dag.py for tasks to queue
[2023-07-09T19:20:03.903+0000] {logging_mixin.py:149} INFO - [2023-07-09T19:20:03.903+0000] {dagbag.py:541} INFO - Filling up the DagBag from /home/airflow/.local/lib/python3.7/site-packages/airflow/example_dags/tutorial_dag.py
[2023-07-09T19:20:03.907+0000] {processor.py:836} INFO - DAG(s) dict_keys(['tutorial_dag']) retrieved from /home/airflow/.local/lib/python3.7/site-packages/airflow/example_dags/tutorial_dag.py
[2023-07-09T19:20:03.931+0000] {logging_mixin.py:149} INFO - [2023-07-09T19:20:03.931+0000] {dag.py:2726} INFO - Sync 1 DAGs
[2023-07-09T19:20:03.954+0000] {logging_mixin.py:149} INFO - [2023-07-09T19:20:03.954+0000] {dag.py:3490} INFO - Setting next_dagrun for tutorial_dag to None, run_after=None
[2023-07-09T19:20:03.978+0000] {processor.py:179} INFO - Processing /home/airflow/.local/lib/python3.7/site-packages/airflow/example_dags/tutorial_dag.py took 0.080 seconds
[2023-07-09T19:20:34.249+0000] {processor.py:157} INFO - Started process (PID=2453) to work on /home/airflow/.local/lib/python3.7/site-packages/airflow/example_dags/tutorial_dag.py
[2023-07-09T19:20:34.250+0000] {processor.py:826} INFO - Processing file /home/airflow/.local/lib/python3.7/site-packages/airflow/example_dags/tutorial_dag.py for tasks to queue
[2023-07-09T19:20:34.252+0000] {logging_mixin.py:149} INFO - [2023-07-09T19:20:34.251+0000] {dagbag.py:541} INFO - Filling up the DagBag from /home/airflow/.local/lib/python3.7/site-packages/airflow/example_dags/tutorial_dag.py
[2023-07-09T19:20:34.256+0000] {processor.py:836} INFO - DAG(s) dict_keys(['tutorial_dag']) retrieved from /home/airflow/.local/lib/python3.7/site-packages/airflow/example_dags/tutorial_dag.py
[2023-07-09T19:20:34.281+0000] {logging_mixin.py:149} INFO - [2023-07-09T19:20:34.281+0000] {dag.py:2726} INFO - Sync 1 DAGs
[2023-07-09T19:20:34.304+0000] {logging_mixin.py:149} INFO - [2023-07-09T19:20:34.304+0000] {dag.py:3490} INFO - Setting next_dagrun for tutorial_dag to None, run_after=None
[2023-07-09T19:20:34.329+0000] {processor.py:179} INFO - Processing /home/airflow/.local/lib/python3.7/site-packages/airflow/example_dags/tutorial_dag.py took 0.082 seconds
[2023-07-09T19:21:04.571+0000] {processor.py:157} INFO - Started process (PID=2515) to work on /home/airflow/.local/lib/python3.7/site-packages/airflow/example_dags/tutorial_dag.py
[2023-07-09T19:21:04.573+0000] {processor.py:826} INFO - Processing file /home/airflow/.local/lib/python3.7/site-packages/airflow/example_dags/tutorial_dag.py for tasks to queue
[2023-07-09T19:21:04.574+0000] {logging_mixin.py:149} INFO - [2023-07-09T19:21:04.574+0000] {dagbag.py:541} INFO - Filling up the DagBag from /home/airflow/.local/lib/python3.7/site-packages/airflow/example_dags/tutorial_dag.py
[2023-07-09T19:21:04.578+0000] {processor.py:836} INFO - DAG(s) dict_keys(['tutorial_dag']) retrieved from /home/airflow/.local/lib/python3.7/site-packages/airflow/example_dags/tutorial_dag.py
[2023-07-09T19:21:04.604+0000] {logging_mixin.py:149} INFO - [2023-07-09T19:21:04.604+0000] {dag.py:2726} INFO - Sync 1 DAGs
[2023-07-09T19:21:04.636+0000] {logging_mixin.py:149} INFO - [2023-07-09T19:21:04.636+0000] {dag.py:3490} INFO - Setting next_dagrun for tutorial_dag to None, run_after=None
[2023-07-09T19:21:04.660+0000] {processor.py:179} INFO - Processing /home/airflow/.local/lib/python3.7/site-packages/airflow/example_dags/tutorial_dag.py took 0.093 seconds
[2023-07-09T19:21:35.031+0000] {processor.py:157} INFO - Started process (PID=2577) to work on /home/airflow/.local/lib/python3.7/site-packages/airflow/example_dags/tutorial_dag.py
[2023-07-09T19:21:35.032+0000] {processor.py:826} INFO - Processing file /home/airflow/.local/lib/python3.7/site-packages/airflow/example_dags/tutorial_dag.py for tasks to queue
[2023-07-09T19:21:35.033+0000] {logging_mixin.py:149} INFO - [2023-07-09T19:21:35.033+0000] {dagbag.py:541} INFO - Filling up the DagBag from /home/airflow/.local/lib/python3.7/site-packages/airflow/example_dags/tutorial_dag.py
[2023-07-09T19:21:35.037+0000] {processor.py:836} INFO - DAG(s) dict_keys(['tutorial_dag']) retrieved from /home/airflow/.local/lib/python3.7/site-packages/airflow/example_dags/tutorial_dag.py
[2023-07-09T19:21:35.067+0000] {logging_mixin.py:149} INFO - [2023-07-09T19:21:35.067+0000] {dag.py:2726} INFO - Sync 1 DAGs
[2023-07-09T19:21:35.094+0000] {logging_mixin.py:149} INFO - [2023-07-09T19:21:35.094+0000] {dag.py:3490} INFO - Setting next_dagrun for tutorial_dag to None, run_after=None
[2023-07-09T19:21:35.119+0000] {processor.py:179} INFO - Processing /home/airflow/.local/lib/python3.7/site-packages/airflow/example_dags/tutorial_dag.py took 0.091 seconds
[2023-07-09T19:22:05.319+0000] {processor.py:157} INFO - Started process (PID=2639) to work on /home/airflow/.local/lib/python3.7/site-packages/airflow/example_dags/tutorial_dag.py
[2023-07-09T19:22:05.320+0000] {processor.py:826} INFO - Processing file /home/airflow/.local/lib/python3.7/site-packages/airflow/example_dags/tutorial_dag.py for tasks to queue
[2023-07-09T19:22:05.321+0000] {logging_mixin.py:149} INFO - [2023-07-09T19:22:05.321+0000] {dagbag.py:541} INFO - Filling up the DagBag from /home/airflow/.local/lib/python3.7/site-packages/airflow/example_dags/tutorial_dag.py
[2023-07-09T19:22:05.326+0000] {processor.py:836} INFO - DAG(s) dict_keys(['tutorial_dag']) retrieved from /home/airflow/.local/lib/python3.7/site-packages/airflow/example_dags/tutorial_dag.py
[2023-07-09T19:22:05.349+0000] {logging_mixin.py:149} INFO - [2023-07-09T19:22:05.349+0000] {dag.py:2726} INFO - Sync 1 DAGs
[2023-07-09T19:22:05.372+0000] {logging_mixin.py:149} INFO - [2023-07-09T19:22:05.372+0000] {dag.py:3490} INFO - Setting next_dagrun for tutorial_dag to None, run_after=None
[2023-07-09T19:22:05.393+0000] {processor.py:179} INFO - Processing /home/airflow/.local/lib/python3.7/site-packages/airflow/example_dags/tutorial_dag.py took 0.078 seconds
[2023-07-09T19:22:35.553+0000] {processor.py:157} INFO - Started process (PID=2701) to work on /home/airflow/.local/lib/python3.7/site-packages/airflow/example_dags/tutorial_dag.py
[2023-07-09T19:22:35.555+0000] {processor.py:826} INFO - Processing file /home/airflow/.local/lib/python3.7/site-packages/airflow/example_dags/tutorial_dag.py for tasks to queue
[2023-07-09T19:22:35.556+0000] {logging_mixin.py:149} INFO - [2023-07-09T19:22:35.555+0000] {dagbag.py:541} INFO - Filling up the DagBag from /home/airflow/.local/lib/python3.7/site-packages/airflow/example_dags/tutorial_dag.py
[2023-07-09T19:22:35.561+0000] {processor.py:836} INFO - DAG(s) dict_keys(['tutorial_dag']) retrieved from /home/airflow/.local/lib/python3.7/site-packages/airflow/example_dags/tutorial_dag.py
[2023-07-09T19:22:35.606+0000] {logging_mixin.py:149} INFO - [2023-07-09T19:22:35.606+0000] {dag.py:2726} INFO - Sync 1 DAGs
[2023-07-09T19:22:35.630+0000] {logging_mixin.py:149} INFO - [2023-07-09T19:22:35.630+0000] {dag.py:3490} INFO - Setting next_dagrun for tutorial_dag to None, run_after=None
[2023-07-09T19:22:35.650+0000] {processor.py:179} INFO - Processing /home/airflow/.local/lib/python3.7/site-packages/airflow/example_dags/tutorial_dag.py took 0.100 seconds
[2023-07-09T19:23:05.776+0000] {processor.py:157} INFO - Started process (PID=2763) to work on /home/airflow/.local/lib/python3.7/site-packages/airflow/example_dags/tutorial_dag.py
[2023-07-09T19:23:05.777+0000] {processor.py:826} INFO - Processing file /home/airflow/.local/lib/python3.7/site-packages/airflow/example_dags/tutorial_dag.py for tasks to queue
[2023-07-09T19:23:05.778+0000] {logging_mixin.py:149} INFO - [2023-07-09T19:23:05.778+0000] {dagbag.py:541} INFO - Filling up the DagBag from /home/airflow/.local/lib/python3.7/site-packages/airflow/example_dags/tutorial_dag.py
[2023-07-09T19:23:05.783+0000] {processor.py:836} INFO - DAG(s) dict_keys(['tutorial_dag']) retrieved from /home/airflow/.local/lib/python3.7/site-packages/airflow/example_dags/tutorial_dag.py
[2023-07-09T19:23:05.806+0000] {logging_mixin.py:149} INFO - [2023-07-09T19:23:05.806+0000] {dag.py:2726} INFO - Sync 1 DAGs
[2023-07-09T19:23:05.830+0000] {logging_mixin.py:149} INFO - [2023-07-09T19:23:05.830+0000] {dag.py:3490} INFO - Setting next_dagrun for tutorial_dag to None, run_after=None
[2023-07-09T19:23:05.852+0000] {processor.py:179} INFO - Processing /home/airflow/.local/lib/python3.7/site-packages/airflow/example_dags/tutorial_dag.py took 0.078 seconds
[2023-07-09T19:23:36.072+0000] {processor.py:157} INFO - Started process (PID=2826) to work on /home/airflow/.local/lib/python3.7/site-packages/airflow/example_dags/tutorial_dag.py
[2023-07-09T19:23:36.073+0000] {processor.py:826} INFO - Processing file /home/airflow/.local/lib/python3.7/site-packages/airflow/example_dags/tutorial_dag.py for tasks to queue
[2023-07-09T19:23:36.074+0000] {logging_mixin.py:149} INFO - [2023-07-09T19:23:36.073+0000] {dagbag.py:541} INFO - Filling up the DagBag from /home/airflow/.local/lib/python3.7/site-packages/airflow/example_dags/tutorial_dag.py
[2023-07-09T19:23:36.078+0000] {processor.py:836} INFO - DAG(s) dict_keys(['tutorial_dag']) retrieved from /home/airflow/.local/lib/python3.7/site-packages/airflow/example_dags/tutorial_dag.py
[2023-07-09T19:23:36.099+0000] {logging_mixin.py:149} INFO - [2023-07-09T19:23:36.098+0000] {dag.py:2726} INFO - Sync 1 DAGs
[2023-07-09T19:23:36.119+0000] {logging_mixin.py:149} INFO - [2023-07-09T19:23:36.119+0000] {dag.py:3490} INFO - Setting next_dagrun for tutorial_dag to None, run_after=None
[2023-07-09T19:23:36.140+0000] {processor.py:179} INFO - Processing /home/airflow/.local/lib/python3.7/site-packages/airflow/example_dags/tutorial_dag.py took 0.071 seconds
[2023-07-09T19:24:06.405+0000] {processor.py:157} INFO - Started process (PID=2888) to work on /home/airflow/.local/lib/python3.7/site-packages/airflow/example_dags/tutorial_dag.py
[2023-07-09T19:24:06.406+0000] {processor.py:826} INFO - Processing file /home/airflow/.local/lib/python3.7/site-packages/airflow/example_dags/tutorial_dag.py for tasks to queue
[2023-07-09T19:24:06.407+0000] {logging_mixin.py:149} INFO - [2023-07-09T19:24:06.407+0000] {dagbag.py:541} INFO - Filling up the DagBag from /home/airflow/.local/lib/python3.7/site-packages/airflow/example_dags/tutorial_dag.py
[2023-07-09T19:24:06.411+0000] {processor.py:836} INFO - DAG(s) dict_keys(['tutorial_dag']) retrieved from /home/airflow/.local/lib/python3.7/site-packages/airflow/example_dags/tutorial_dag.py
[2023-07-09T19:24:06.436+0000] {logging_mixin.py:149} INFO - [2023-07-09T19:24:06.436+0000] {dag.py:2726} INFO - Sync 1 DAGs
[2023-07-09T19:24:06.460+0000] {logging_mixin.py:149} INFO - [2023-07-09T19:24:06.459+0000] {dag.py:3490} INFO - Setting next_dagrun for tutorial_dag to None, run_after=None
[2023-07-09T19:24:06.482+0000] {processor.py:179} INFO - Processing /home/airflow/.local/lib/python3.7/site-packages/airflow/example_dags/tutorial_dag.py took 0.080 seconds
[2023-07-09T19:24:36.711+0000] {processor.py:157} INFO - Started process (PID=2950) to work on /home/airflow/.local/lib/python3.7/site-packages/airflow/example_dags/tutorial_dag.py
[2023-07-09T19:24:36.712+0000] {processor.py:826} INFO - Processing file /home/airflow/.local/lib/python3.7/site-packages/airflow/example_dags/tutorial_dag.py for tasks to queue
[2023-07-09T19:24:36.713+0000] {logging_mixin.py:149} INFO - [2023-07-09T19:24:36.713+0000] {dagbag.py:541} INFO - Filling up the DagBag from /home/airflow/.local/lib/python3.7/site-packages/airflow/example_dags/tutorial_dag.py
[2023-07-09T19:24:36.718+0000] {processor.py:836} INFO - DAG(s) dict_keys(['tutorial_dag']) retrieved from /home/airflow/.local/lib/python3.7/site-packages/airflow/example_dags/tutorial_dag.py
[2023-07-09T19:24:36.742+0000] {logging_mixin.py:149} INFO - [2023-07-09T19:24:36.741+0000] {dag.py:2726} INFO - Sync 1 DAGs
[2023-07-09T19:24:36.766+0000] {logging_mixin.py:149} INFO - [2023-07-09T19:24:36.766+0000] {dag.py:3490} INFO - Setting next_dagrun for tutorial_dag to None, run_after=None
[2023-07-09T19:24:36.789+0000] {processor.py:179} INFO - Processing /home/airflow/.local/lib/python3.7/site-packages/airflow/example_dags/tutorial_dag.py took 0.081 seconds
[2023-07-09T19:25:06.879+0000] {processor.py:157} INFO - Started process (PID=3012) to work on /home/airflow/.local/lib/python3.7/site-packages/airflow/example_dags/tutorial_dag.py
[2023-07-09T19:25:06.880+0000] {processor.py:826} INFO - Processing file /home/airflow/.local/lib/python3.7/site-packages/airflow/example_dags/tutorial_dag.py for tasks to queue
[2023-07-09T19:25:06.881+0000] {logging_mixin.py:149} INFO - [2023-07-09T19:25:06.881+0000] {dagbag.py:541} INFO - Filling up the DagBag from /home/airflow/.local/lib/python3.7/site-packages/airflow/example_dags/tutorial_dag.py
[2023-07-09T19:25:06.885+0000] {processor.py:836} INFO - DAG(s) dict_keys(['tutorial_dag']) retrieved from /home/airflow/.local/lib/python3.7/site-packages/airflow/example_dags/tutorial_dag.py
[2023-07-09T19:25:06.908+0000] {logging_mixin.py:149} INFO - [2023-07-09T19:25:06.908+0000] {dag.py:2726} INFO - Sync 1 DAGs
[2023-07-09T19:25:06.930+0000] {logging_mixin.py:149} INFO - [2023-07-09T19:25:06.930+0000] {dag.py:3490} INFO - Setting next_dagrun for tutorial_dag to None, run_after=None
[2023-07-09T19:25:06.950+0000] {processor.py:179} INFO - Processing /home/airflow/.local/lib/python3.7/site-packages/airflow/example_dags/tutorial_dag.py took 0.074 seconds
[2023-07-09T19:25:37.559+0000] {processor.py:157} INFO - Started process (PID=3065) to work on /home/airflow/.local/lib/python3.7/site-packages/airflow/example_dags/tutorial_dag.py
[2023-07-09T19:25:37.560+0000] {processor.py:826} INFO - Processing file /home/airflow/.local/lib/python3.7/site-packages/airflow/example_dags/tutorial_dag.py for tasks to queue
[2023-07-09T19:25:37.561+0000] {logging_mixin.py:149} INFO - [2023-07-09T19:25:37.561+0000] {dagbag.py:541} INFO - Filling up the DagBag from /home/airflow/.local/lib/python3.7/site-packages/airflow/example_dags/tutorial_dag.py
[2023-07-09T19:25:37.566+0000] {processor.py:836} INFO - DAG(s) dict_keys(['tutorial_dag']) retrieved from /home/airflow/.local/lib/python3.7/site-packages/airflow/example_dags/tutorial_dag.py
[2023-07-09T19:25:37.590+0000] {logging_mixin.py:149} INFO - [2023-07-09T19:25:37.590+0000] {dag.py:2726} INFO - Sync 1 DAGs
[2023-07-09T19:25:37.615+0000] {logging_mixin.py:149} INFO - [2023-07-09T19:25:37.615+0000] {dag.py:3490} INFO - Setting next_dagrun for tutorial_dag to None, run_after=None
[2023-07-09T19:25:37.638+0000] {processor.py:179} INFO - Processing /home/airflow/.local/lib/python3.7/site-packages/airflow/example_dags/tutorial_dag.py took 0.083 seconds
[2023-07-09T19:26:08.053+0000] {processor.py:157} INFO - Started process (PID=3127) to work on /home/airflow/.local/lib/python3.7/site-packages/airflow/example_dags/tutorial_dag.py
[2023-07-09T19:26:08.055+0000] {processor.py:826} INFO - Processing file /home/airflow/.local/lib/python3.7/site-packages/airflow/example_dags/tutorial_dag.py for tasks to queue
[2023-07-09T19:26:08.056+0000] {logging_mixin.py:149} INFO - [2023-07-09T19:26:08.056+0000] {dagbag.py:541} INFO - Filling up the DagBag from /home/airflow/.local/lib/python3.7/site-packages/airflow/example_dags/tutorial_dag.py
[2023-07-09T19:26:08.061+0000] {processor.py:836} INFO - DAG(s) dict_keys(['tutorial_dag']) retrieved from /home/airflow/.local/lib/python3.7/site-packages/airflow/example_dags/tutorial_dag.py
[2023-07-09T19:26:08.088+0000] {logging_mixin.py:149} INFO - [2023-07-09T19:26:08.088+0000] {dag.py:2726} INFO - Sync 1 DAGs
[2023-07-09T19:26:08.117+0000] {logging_mixin.py:149} INFO - [2023-07-09T19:26:08.117+0000] {dag.py:3490} INFO - Setting next_dagrun for tutorial_dag to None, run_after=None
[2023-07-09T19:26:08.138+0000] {processor.py:179} INFO - Processing /home/airflow/.local/lib/python3.7/site-packages/airflow/example_dags/tutorial_dag.py took 0.088 seconds
[2023-07-09T19:26:38.703+0000] {processor.py:157} INFO - Started process (PID=3189) to work on /home/airflow/.local/lib/python3.7/site-packages/airflow/example_dags/tutorial_dag.py
[2023-07-09T19:26:38.705+0000] {processor.py:826} INFO - Processing file /home/airflow/.local/lib/python3.7/site-packages/airflow/example_dags/tutorial_dag.py for tasks to queue
[2023-07-09T19:26:38.706+0000] {logging_mixin.py:149} INFO - [2023-07-09T19:26:38.706+0000] {dagbag.py:541} INFO - Filling up the DagBag from /home/airflow/.local/lib/python3.7/site-packages/airflow/example_dags/tutorial_dag.py
[2023-07-09T19:26:38.713+0000] {processor.py:836} INFO - DAG(s) dict_keys(['tutorial_dag']) retrieved from /home/airflow/.local/lib/python3.7/site-packages/airflow/example_dags/tutorial_dag.py
[2023-07-09T19:26:38.742+0000] {logging_mixin.py:149} INFO - [2023-07-09T19:26:38.742+0000] {dag.py:2726} INFO - Sync 1 DAGs
[2023-07-09T19:26:38.772+0000] {logging_mixin.py:149} INFO - [2023-07-09T19:26:38.772+0000] {dag.py:3490} INFO - Setting next_dagrun for tutorial_dag to None, run_after=None
[2023-07-09T19:26:38.799+0000] {processor.py:179} INFO - Processing /home/airflow/.local/lib/python3.7/site-packages/airflow/example_dags/tutorial_dag.py took 0.099 seconds
[2023-07-09T19:27:09.145+0000] {processor.py:157} INFO - Started process (PID=3251) to work on /home/airflow/.local/lib/python3.7/site-packages/airflow/example_dags/tutorial_dag.py
[2023-07-09T19:27:09.147+0000] {processor.py:826} INFO - Processing file /home/airflow/.local/lib/python3.7/site-packages/airflow/example_dags/tutorial_dag.py for tasks to queue
[2023-07-09T19:27:09.148+0000] {logging_mixin.py:149} INFO - [2023-07-09T19:27:09.148+0000] {dagbag.py:541} INFO - Filling up the DagBag from /home/airflow/.local/lib/python3.7/site-packages/airflow/example_dags/tutorial_dag.py
[2023-07-09T19:27:09.154+0000] {processor.py:836} INFO - DAG(s) dict_keys(['tutorial_dag']) retrieved from /home/airflow/.local/lib/python3.7/site-packages/airflow/example_dags/tutorial_dag.py
[2023-07-09T19:27:09.196+0000] {logging_mixin.py:149} INFO - [2023-07-09T19:27:09.196+0000] {dag.py:2726} INFO - Sync 1 DAGs
[2023-07-09T19:27:09.229+0000] {logging_mixin.py:149} INFO - [2023-07-09T19:27:09.228+0000] {dag.py:3490} INFO - Setting next_dagrun for tutorial_dag to None, run_after=None
[2023-07-09T19:27:09.253+0000] {processor.py:179} INFO - Processing /home/airflow/.local/lib/python3.7/site-packages/airflow/example_dags/tutorial_dag.py took 0.112 seconds
[2023-07-09T19:27:39.851+0000] {processor.py:157} INFO - Started process (PID=3314) to work on /home/airflow/.local/lib/python3.7/site-packages/airflow/example_dags/tutorial_dag.py
[2023-07-09T19:27:39.852+0000] {processor.py:826} INFO - Processing file /home/airflow/.local/lib/python3.7/site-packages/airflow/example_dags/tutorial_dag.py for tasks to queue
[2023-07-09T19:27:39.853+0000] {logging_mixin.py:149} INFO - [2023-07-09T19:27:39.853+0000] {dagbag.py:541} INFO - Filling up the DagBag from /home/airflow/.local/lib/python3.7/site-packages/airflow/example_dags/tutorial_dag.py
[2023-07-09T19:27:39.858+0000] {processor.py:836} INFO - DAG(s) dict_keys(['tutorial_dag']) retrieved from /home/airflow/.local/lib/python3.7/site-packages/airflow/example_dags/tutorial_dag.py
[2023-07-09T19:27:39.885+0000] {logging_mixin.py:149} INFO - [2023-07-09T19:27:39.885+0000] {dag.py:2726} INFO - Sync 1 DAGs
[2023-07-09T19:27:39.913+0000] {logging_mixin.py:149} INFO - [2023-07-09T19:27:39.912+0000] {dag.py:3490} INFO - Setting next_dagrun for tutorial_dag to None, run_after=None
[2023-07-09T19:27:39.935+0000] {processor.py:179} INFO - Processing /home/airflow/.local/lib/python3.7/site-packages/airflow/example_dags/tutorial_dag.py took 0.087 seconds
[2023-07-09T19:28:10.486+0000] {processor.py:157} INFO - Started process (PID=3376) to work on /home/airflow/.local/lib/python3.7/site-packages/airflow/example_dags/tutorial_dag.py
[2023-07-09T19:28:10.487+0000] {processor.py:826} INFO - Processing file /home/airflow/.local/lib/python3.7/site-packages/airflow/example_dags/tutorial_dag.py for tasks to queue
[2023-07-09T19:28:10.488+0000] {logging_mixin.py:149} INFO - [2023-07-09T19:28:10.488+0000] {dagbag.py:541} INFO - Filling up the DagBag from /home/airflow/.local/lib/python3.7/site-packages/airflow/example_dags/tutorial_dag.py
[2023-07-09T19:28:10.492+0000] {processor.py:836} INFO - DAG(s) dict_keys(['tutorial_dag']) retrieved from /home/airflow/.local/lib/python3.7/site-packages/airflow/example_dags/tutorial_dag.py
[2023-07-09T19:28:10.517+0000] {logging_mixin.py:149} INFO - [2023-07-09T19:28:10.517+0000] {dag.py:2726} INFO - Sync 1 DAGs
[2023-07-09T19:28:10.541+0000] {logging_mixin.py:149} INFO - [2023-07-09T19:28:10.540+0000] {dag.py:3490} INFO - Setting next_dagrun for tutorial_dag to None, run_after=None
[2023-07-09T19:28:10.561+0000] {processor.py:179} INFO - Processing /home/airflow/.local/lib/python3.7/site-packages/airflow/example_dags/tutorial_dag.py took 0.078 seconds
[2023-07-09T19:28:40.955+0000] {processor.py:157} INFO - Started process (PID=3438) to work on /home/airflow/.local/lib/python3.7/site-packages/airflow/example_dags/tutorial_dag.py
[2023-07-09T19:28:40.956+0000] {processor.py:826} INFO - Processing file /home/airflow/.local/lib/python3.7/site-packages/airflow/example_dags/tutorial_dag.py for tasks to queue
[2023-07-09T19:28:40.957+0000] {logging_mixin.py:149} INFO - [2023-07-09T19:28:40.957+0000] {dagbag.py:541} INFO - Filling up the DagBag from /home/airflow/.local/lib/python3.7/site-packages/airflow/example_dags/tutorial_dag.py
[2023-07-09T19:28:40.962+0000] {processor.py:836} INFO - DAG(s) dict_keys(['tutorial_dag']) retrieved from /home/airflow/.local/lib/python3.7/site-packages/airflow/example_dags/tutorial_dag.py
[2023-07-09T19:28:40.985+0000] {logging_mixin.py:149} INFO - [2023-07-09T19:28:40.985+0000] {dag.py:2726} INFO - Sync 1 DAGs
[2023-07-09T19:28:41.010+0000] {logging_mixin.py:149} INFO - [2023-07-09T19:28:41.010+0000] {dag.py:3490} INFO - Setting next_dagrun for tutorial_dag to None, run_after=None
[2023-07-09T19:28:41.031+0000] {processor.py:179} INFO - Processing /home/airflow/.local/lib/python3.7/site-packages/airflow/example_dags/tutorial_dag.py took 0.078 seconds
[2023-07-09T19:29:11.559+0000] {processor.py:157} INFO - Started process (PID=3500) to work on /home/airflow/.local/lib/python3.7/site-packages/airflow/example_dags/tutorial_dag.py
[2023-07-09T19:29:11.560+0000] {processor.py:826} INFO - Processing file /home/airflow/.local/lib/python3.7/site-packages/airflow/example_dags/tutorial_dag.py for tasks to queue
[2023-07-09T19:29:11.561+0000] {logging_mixin.py:149} INFO - [2023-07-09T19:29:11.561+0000] {dagbag.py:541} INFO - Filling up the DagBag from /home/airflow/.local/lib/python3.7/site-packages/airflow/example_dags/tutorial_dag.py
[2023-07-09T19:29:11.566+0000] {processor.py:836} INFO - DAG(s) dict_keys(['tutorial_dag']) retrieved from /home/airflow/.local/lib/python3.7/site-packages/airflow/example_dags/tutorial_dag.py
[2023-07-09T19:29:11.591+0000] {logging_mixin.py:149} INFO - [2023-07-09T19:29:11.591+0000] {dag.py:2726} INFO - Sync 1 DAGs
[2023-07-09T19:29:11.615+0000] {logging_mixin.py:149} INFO - [2023-07-09T19:29:11.615+0000] {dag.py:3490} INFO - Setting next_dagrun for tutorial_dag to None, run_after=None
[2023-07-09T19:29:11.637+0000] {processor.py:179} INFO - Processing /home/airflow/.local/lib/python3.7/site-packages/airflow/example_dags/tutorial_dag.py took 0.082 seconds
[2023-07-09T19:29:42.170+0000] {processor.py:157} INFO - Started process (PID=3562) to work on /home/airflow/.local/lib/python3.7/site-packages/airflow/example_dags/tutorial_dag.py
[2023-07-09T19:29:42.171+0000] {processor.py:826} INFO - Processing file /home/airflow/.local/lib/python3.7/site-packages/airflow/example_dags/tutorial_dag.py for tasks to queue
[2023-07-09T19:29:42.172+0000] {logging_mixin.py:149} INFO - [2023-07-09T19:29:42.172+0000] {dagbag.py:541} INFO - Filling up the DagBag from /home/airflow/.local/lib/python3.7/site-packages/airflow/example_dags/tutorial_dag.py
[2023-07-09T19:29:42.177+0000] {processor.py:836} INFO - DAG(s) dict_keys(['tutorial_dag']) retrieved from /home/airflow/.local/lib/python3.7/site-packages/airflow/example_dags/tutorial_dag.py
[2023-07-09T19:29:42.201+0000] {logging_mixin.py:149} INFO - [2023-07-09T19:29:42.201+0000] {dag.py:2726} INFO - Sync 1 DAGs
[2023-07-09T19:29:42.225+0000] {logging_mixin.py:149} INFO - [2023-07-09T19:29:42.225+0000] {dag.py:3490} INFO - Setting next_dagrun for tutorial_dag to None, run_after=None
[2023-07-09T19:29:42.254+0000] {processor.py:179} INFO - Processing /home/airflow/.local/lib/python3.7/site-packages/airflow/example_dags/tutorial_dag.py took 0.087 seconds
[2023-07-09T19:30:12.792+0000] {processor.py:157} INFO - Started process (PID=3624) to work on /home/airflow/.local/lib/python3.7/site-packages/airflow/example_dags/tutorial_dag.py
[2023-07-09T19:30:12.793+0000] {processor.py:826} INFO - Processing file /home/airflow/.local/lib/python3.7/site-packages/airflow/example_dags/tutorial_dag.py for tasks to queue
[2023-07-09T19:30:12.794+0000] {logging_mixin.py:149} INFO - [2023-07-09T19:30:12.794+0000] {dagbag.py:541} INFO - Filling up the DagBag from /home/airflow/.local/lib/python3.7/site-packages/airflow/example_dags/tutorial_dag.py
[2023-07-09T19:30:12.799+0000] {processor.py:836} INFO - DAG(s) dict_keys(['tutorial_dag']) retrieved from /home/airflow/.local/lib/python3.7/site-packages/airflow/example_dags/tutorial_dag.py
[2023-07-09T19:30:12.825+0000] {logging_mixin.py:149} INFO - [2023-07-09T19:30:12.824+0000] {dag.py:2726} INFO - Sync 1 DAGs
[2023-07-09T19:30:12.849+0000] {logging_mixin.py:149} INFO - [2023-07-09T19:30:12.848+0000] {dag.py:3490} INFO - Setting next_dagrun for tutorial_dag to None, run_after=None
[2023-07-09T19:30:12.871+0000] {processor.py:179} INFO - Processing /home/airflow/.local/lib/python3.7/site-packages/airflow/example_dags/tutorial_dag.py took 0.082 seconds
[2023-07-09T19:30:43.668+0000] {processor.py:157} INFO - Started process (PID=3686) to work on /home/airflow/.local/lib/python3.7/site-packages/airflow/example_dags/tutorial_dag.py
[2023-07-09T19:30:43.669+0000] {processor.py:826} INFO - Processing file /home/airflow/.local/lib/python3.7/site-packages/airflow/example_dags/tutorial_dag.py for tasks to queue
[2023-07-09T19:30:43.670+0000] {logging_mixin.py:149} INFO - [2023-07-09T19:30:43.670+0000] {dagbag.py:541} INFO - Filling up the DagBag from /home/airflow/.local/lib/python3.7/site-packages/airflow/example_dags/tutorial_dag.py
[2023-07-09T19:30:43.675+0000] {processor.py:836} INFO - DAG(s) dict_keys(['tutorial_dag']) retrieved from /home/airflow/.local/lib/python3.7/site-packages/airflow/example_dags/tutorial_dag.py
[2023-07-09T19:30:43.703+0000] {logging_mixin.py:149} INFO - [2023-07-09T19:30:43.702+0000] {dag.py:2726} INFO - Sync 1 DAGs
[2023-07-09T19:30:43.730+0000] {logging_mixin.py:149} INFO - [2023-07-09T19:30:43.730+0000] {dag.py:3490} INFO - Setting next_dagrun for tutorial_dag to None, run_after=None
[2023-07-09T19:30:43.757+0000] {processor.py:179} INFO - Processing /home/airflow/.local/lib/python3.7/site-packages/airflow/example_dags/tutorial_dag.py took 0.092 seconds
[2023-07-09T19:31:13.966+0000] {processor.py:157} INFO - Started process (PID=3750) to work on /home/airflow/.local/lib/python3.7/site-packages/airflow/example_dags/tutorial_dag.py
[2023-07-09T19:31:13.967+0000] {processor.py:826} INFO - Processing file /home/airflow/.local/lib/python3.7/site-packages/airflow/example_dags/tutorial_dag.py for tasks to queue
[2023-07-09T19:31:13.968+0000] {logging_mixin.py:149} INFO - [2023-07-09T19:31:13.968+0000] {dagbag.py:541} INFO - Filling up the DagBag from /home/airflow/.local/lib/python3.7/site-packages/airflow/example_dags/tutorial_dag.py
[2023-07-09T19:31:13.973+0000] {processor.py:836} INFO - DAG(s) dict_keys(['tutorial_dag']) retrieved from /home/airflow/.local/lib/python3.7/site-packages/airflow/example_dags/tutorial_dag.py
[2023-07-09T19:31:13.999+0000] {logging_mixin.py:149} INFO - [2023-07-09T19:31:13.998+0000] {dag.py:2726} INFO - Sync 1 DAGs
[2023-07-09T19:31:14.022+0000] {logging_mixin.py:149} INFO - [2023-07-09T19:31:14.022+0000] {dag.py:3490} INFO - Setting next_dagrun for tutorial_dag to None, run_after=None
[2023-07-09T19:31:14.045+0000] {processor.py:179} INFO - Processing /home/airflow/.local/lib/python3.7/site-packages/airflow/example_dags/tutorial_dag.py took 0.082 seconds
[2023-07-09T19:31:44.431+0000] {processor.py:157} INFO - Started process (PID=3817) to work on /home/airflow/.local/lib/python3.7/site-packages/airflow/example_dags/tutorial_dag.py
[2023-07-09T19:31:44.432+0000] {processor.py:826} INFO - Processing file /home/airflow/.local/lib/python3.7/site-packages/airflow/example_dags/tutorial_dag.py for tasks to queue
[2023-07-09T19:31:44.433+0000] {logging_mixin.py:149} INFO - [2023-07-09T19:31:44.433+0000] {dagbag.py:541} INFO - Filling up the DagBag from /home/airflow/.local/lib/python3.7/site-packages/airflow/example_dags/tutorial_dag.py
[2023-07-09T19:31:44.438+0000] {processor.py:836} INFO - DAG(s) dict_keys(['tutorial_dag']) retrieved from /home/airflow/.local/lib/python3.7/site-packages/airflow/example_dags/tutorial_dag.py
[2023-07-09T19:31:44.464+0000] {logging_mixin.py:149} INFO - [2023-07-09T19:31:44.463+0000] {dag.py:2726} INFO - Sync 1 DAGs
[2023-07-09T19:31:44.498+0000] {logging_mixin.py:149} INFO - [2023-07-09T19:31:44.498+0000] {dag.py:3490} INFO - Setting next_dagrun for tutorial_dag to None, run_after=None
[2023-07-09T19:31:44.532+0000] {processor.py:179} INFO - Processing /home/airflow/.local/lib/python3.7/site-packages/airflow/example_dags/tutorial_dag.py took 0.105 seconds
[2023-07-09T19:32:14.777+0000] {processor.py:157} INFO - Started process (PID=3880) to work on /home/airflow/.local/lib/python3.7/site-packages/airflow/example_dags/tutorial_dag.py
[2023-07-09T19:32:14.778+0000] {processor.py:826} INFO - Processing file /home/airflow/.local/lib/python3.7/site-packages/airflow/example_dags/tutorial_dag.py for tasks to queue
[2023-07-09T19:32:14.779+0000] {logging_mixin.py:149} INFO - [2023-07-09T19:32:14.779+0000] {dagbag.py:541} INFO - Filling up the DagBag from /home/airflow/.local/lib/python3.7/site-packages/airflow/example_dags/tutorial_dag.py
[2023-07-09T19:32:14.783+0000] {processor.py:836} INFO - DAG(s) dict_keys(['tutorial_dag']) retrieved from /home/airflow/.local/lib/python3.7/site-packages/airflow/example_dags/tutorial_dag.py
[2023-07-09T19:32:14.803+0000] {logging_mixin.py:149} INFO - [2023-07-09T19:32:14.803+0000] {dag.py:2726} INFO - Sync 1 DAGs
[2023-07-09T19:32:14.824+0000] {logging_mixin.py:149} INFO - [2023-07-09T19:32:14.824+0000] {dag.py:3490} INFO - Setting next_dagrun for tutorial_dag to None, run_after=None
[2023-07-09T19:32:14.843+0000] {processor.py:179} INFO - Processing /home/airflow/.local/lib/python3.7/site-packages/airflow/example_dags/tutorial_dag.py took 0.070 seconds
[2023-07-09T19:32:44.972+0000] {processor.py:157} INFO - Started process (PID=3942) to work on /home/airflow/.local/lib/python3.7/site-packages/airflow/example_dags/tutorial_dag.py
[2023-07-09T19:32:44.973+0000] {processor.py:826} INFO - Processing file /home/airflow/.local/lib/python3.7/site-packages/airflow/example_dags/tutorial_dag.py for tasks to queue
[2023-07-09T19:32:44.974+0000] {logging_mixin.py:149} INFO - [2023-07-09T19:32:44.974+0000] {dagbag.py:541} INFO - Filling up the DagBag from /home/airflow/.local/lib/python3.7/site-packages/airflow/example_dags/tutorial_dag.py
[2023-07-09T19:32:44.979+0000] {processor.py:836} INFO - DAG(s) dict_keys(['tutorial_dag']) retrieved from /home/airflow/.local/lib/python3.7/site-packages/airflow/example_dags/tutorial_dag.py
[2023-07-09T19:32:45.001+0000] {logging_mixin.py:149} INFO - [2023-07-09T19:32:45.001+0000] {dag.py:2726} INFO - Sync 1 DAGs
[2023-07-09T19:32:45.023+0000] {logging_mixin.py:149} INFO - [2023-07-09T19:32:45.023+0000] {dag.py:3490} INFO - Setting next_dagrun for tutorial_dag to None, run_after=None
[2023-07-09T19:32:45.044+0000] {processor.py:179} INFO - Processing /home/airflow/.local/lib/python3.7/site-packages/airflow/example_dags/tutorial_dag.py took 0.075 seconds
[2023-07-09T19:33:15.525+0000] {processor.py:157} INFO - Started process (PID=4003) to work on /home/airflow/.local/lib/python3.7/site-packages/airflow/example_dags/tutorial_dag.py
[2023-07-09T19:33:15.527+0000] {processor.py:826} INFO - Processing file /home/airflow/.local/lib/python3.7/site-packages/airflow/example_dags/tutorial_dag.py for tasks to queue
[2023-07-09T19:33:15.528+0000] {logging_mixin.py:149} INFO - [2023-07-09T19:33:15.528+0000] {dagbag.py:541} INFO - Filling up the DagBag from /home/airflow/.local/lib/python3.7/site-packages/airflow/example_dags/tutorial_dag.py
[2023-07-09T19:33:15.533+0000] {processor.py:836} INFO - DAG(s) dict_keys(['tutorial_dag']) retrieved from /home/airflow/.local/lib/python3.7/site-packages/airflow/example_dags/tutorial_dag.py
[2023-07-09T19:33:15.558+0000] {logging_mixin.py:149} INFO - [2023-07-09T19:33:15.558+0000] {dag.py:2726} INFO - Sync 1 DAGs
[2023-07-09T19:33:15.583+0000] {logging_mixin.py:149} INFO - [2023-07-09T19:33:15.582+0000] {dag.py:3490} INFO - Setting next_dagrun for tutorial_dag to None, run_after=None
[2023-07-09T19:33:15.602+0000] {processor.py:179} INFO - Processing /home/airflow/.local/lib/python3.7/site-packages/airflow/example_dags/tutorial_dag.py took 0.080 seconds
[2023-07-09T19:33:45.758+0000] {processor.py:157} INFO - Started process (PID=4065) to work on /home/airflow/.local/lib/python3.7/site-packages/airflow/example_dags/tutorial_dag.py
[2023-07-09T19:33:45.759+0000] {processor.py:826} INFO - Processing file /home/airflow/.local/lib/python3.7/site-packages/airflow/example_dags/tutorial_dag.py for tasks to queue
[2023-07-09T19:33:45.760+0000] {logging_mixin.py:149} INFO - [2023-07-09T19:33:45.760+0000] {dagbag.py:541} INFO - Filling up the DagBag from /home/airflow/.local/lib/python3.7/site-packages/airflow/example_dags/tutorial_dag.py
[2023-07-09T19:33:45.765+0000] {processor.py:836} INFO - DAG(s) dict_keys(['tutorial_dag']) retrieved from /home/airflow/.local/lib/python3.7/site-packages/airflow/example_dags/tutorial_dag.py
[2023-07-09T19:33:45.791+0000] {logging_mixin.py:149} INFO - [2023-07-09T19:33:45.791+0000] {dag.py:2726} INFO - Sync 1 DAGs
[2023-07-09T19:33:45.815+0000] {logging_mixin.py:149} INFO - [2023-07-09T19:33:45.815+0000] {dag.py:3490} INFO - Setting next_dagrun for tutorial_dag to None, run_after=None
[2023-07-09T19:33:45.835+0000] {processor.py:179} INFO - Processing /home/airflow/.local/lib/python3.7/site-packages/airflow/example_dags/tutorial_dag.py took 0.080 seconds
[2023-07-09T19:34:16.067+0000] {processor.py:157} INFO - Started process (PID=4128) to work on /home/airflow/.local/lib/python3.7/site-packages/airflow/example_dags/tutorial_dag.py
[2023-07-09T19:34:16.068+0000] {processor.py:826} INFO - Processing file /home/airflow/.local/lib/python3.7/site-packages/airflow/example_dags/tutorial_dag.py for tasks to queue
[2023-07-09T19:34:16.069+0000] {logging_mixin.py:149} INFO - [2023-07-09T19:34:16.069+0000] {dagbag.py:541} INFO - Filling up the DagBag from /home/airflow/.local/lib/python3.7/site-packages/airflow/example_dags/tutorial_dag.py
[2023-07-09T19:34:16.072+0000] {processor.py:836} INFO - DAG(s) dict_keys(['tutorial_dag']) retrieved from /home/airflow/.local/lib/python3.7/site-packages/airflow/example_dags/tutorial_dag.py
[2023-07-09T19:34:16.093+0000] {logging_mixin.py:149} INFO - [2023-07-09T19:34:16.093+0000] {dag.py:2726} INFO - Sync 1 DAGs
[2023-07-09T19:34:16.113+0000] {logging_mixin.py:149} INFO - [2023-07-09T19:34:16.113+0000] {dag.py:3490} INFO - Setting next_dagrun for tutorial_dag to None, run_after=None
[2023-07-09T19:34:16.133+0000] {processor.py:179} INFO - Processing /home/airflow/.local/lib/python3.7/site-packages/airflow/example_dags/tutorial_dag.py took 0.068 seconds
[2023-07-09T19:34:46.682+0000] {processor.py:157} INFO - Started process (PID=4189) to work on /home/airflow/.local/lib/python3.7/site-packages/airflow/example_dags/tutorial_dag.py
[2023-07-09T19:34:46.683+0000] {processor.py:826} INFO - Processing file /home/airflow/.local/lib/python3.7/site-packages/airflow/example_dags/tutorial_dag.py for tasks to queue
[2023-07-09T19:34:46.684+0000] {logging_mixin.py:149} INFO - [2023-07-09T19:34:46.684+0000] {dagbag.py:541} INFO - Filling up the DagBag from /home/airflow/.local/lib/python3.7/site-packages/airflow/example_dags/tutorial_dag.py
[2023-07-09T19:34:46.689+0000] {processor.py:836} INFO - DAG(s) dict_keys(['tutorial_dag']) retrieved from /home/airflow/.local/lib/python3.7/site-packages/airflow/example_dags/tutorial_dag.py
[2023-07-09T19:34:46.715+0000] {logging_mixin.py:149} INFO - [2023-07-09T19:34:46.715+0000] {dag.py:2726} INFO - Sync 1 DAGs
[2023-07-09T19:34:46.741+0000] {logging_mixin.py:149} INFO - [2023-07-09T19:34:46.740+0000] {dag.py:3490} INFO - Setting next_dagrun for tutorial_dag to None, run_after=None
[2023-07-09T19:34:46.763+0000] {processor.py:179} INFO - Processing /home/airflow/.local/lib/python3.7/site-packages/airflow/example_dags/tutorial_dag.py took 0.084 seconds
[2023-07-09T19:35:16.886+0000] {processor.py:157} INFO - Started process (PID=4251) to work on /home/airflow/.local/lib/python3.7/site-packages/airflow/example_dags/tutorial_dag.py
[2023-07-09T19:35:16.888+0000] {processor.py:826} INFO - Processing file /home/airflow/.local/lib/python3.7/site-packages/airflow/example_dags/tutorial_dag.py for tasks to queue
[2023-07-09T19:35:16.889+0000] {logging_mixin.py:149} INFO - [2023-07-09T19:35:16.888+0000] {dagbag.py:541} INFO - Filling up the DagBag from /home/airflow/.local/lib/python3.7/site-packages/airflow/example_dags/tutorial_dag.py
[2023-07-09T19:35:16.893+0000] {processor.py:836} INFO - DAG(s) dict_keys(['tutorial_dag']) retrieved from /home/airflow/.local/lib/python3.7/site-packages/airflow/example_dags/tutorial_dag.py
[2023-07-09T19:35:16.916+0000] {logging_mixin.py:149} INFO - [2023-07-09T19:35:16.916+0000] {dag.py:2726} INFO - Sync 1 DAGs
[2023-07-09T19:35:16.940+0000] {logging_mixin.py:149} INFO - [2023-07-09T19:35:16.940+0000] {dag.py:3490} INFO - Setting next_dagrun for tutorial_dag to None, run_after=None
[2023-07-09T19:35:16.958+0000] {processor.py:179} INFO - Processing /home/airflow/.local/lib/python3.7/site-packages/airflow/example_dags/tutorial_dag.py took 0.076 seconds
[2023-07-09T19:35:47.215+0000] {processor.py:157} INFO - Started process (PID=4313) to work on /home/airflow/.local/lib/python3.7/site-packages/airflow/example_dags/tutorial_dag.py
[2023-07-09T19:35:47.216+0000] {processor.py:826} INFO - Processing file /home/airflow/.local/lib/python3.7/site-packages/airflow/example_dags/tutorial_dag.py for tasks to queue
[2023-07-09T19:35:47.217+0000] {logging_mixin.py:149} INFO - [2023-07-09T19:35:47.217+0000] {dagbag.py:541} INFO - Filling up the DagBag from /home/airflow/.local/lib/python3.7/site-packages/airflow/example_dags/tutorial_dag.py
[2023-07-09T19:35:47.221+0000] {processor.py:836} INFO - DAG(s) dict_keys(['tutorial_dag']) retrieved from /home/airflow/.local/lib/python3.7/site-packages/airflow/example_dags/tutorial_dag.py
[2023-07-09T19:35:47.243+0000] {logging_mixin.py:149} INFO - [2023-07-09T19:35:47.243+0000] {dag.py:2726} INFO - Sync 1 DAGs
[2023-07-09T19:35:47.266+0000] {logging_mixin.py:149} INFO - [2023-07-09T19:35:47.266+0000] {dag.py:3490} INFO - Setting next_dagrun for tutorial_dag to None, run_after=None
[2023-07-09T19:35:47.288+0000] {processor.py:179} INFO - Processing /home/airflow/.local/lib/python3.7/site-packages/airflow/example_dags/tutorial_dag.py took 0.076 seconds
[2023-07-09T19:36:18.325+0000] {processor.py:157} INFO - Started process (PID=4375) to work on /home/airflow/.local/lib/python3.7/site-packages/airflow/example_dags/tutorial_dag.py
[2023-07-09T19:36:18.327+0000] {processor.py:826} INFO - Processing file /home/airflow/.local/lib/python3.7/site-packages/airflow/example_dags/tutorial_dag.py for tasks to queue
[2023-07-09T19:36:18.327+0000] {logging_mixin.py:149} INFO - [2023-07-09T19:36:18.327+0000] {dagbag.py:541} INFO - Filling up the DagBag from /home/airflow/.local/lib/python3.7/site-packages/airflow/example_dags/tutorial_dag.py
[2023-07-09T19:36:18.332+0000] {processor.py:836} INFO - DAG(s) dict_keys(['tutorial_dag']) retrieved from /home/airflow/.local/lib/python3.7/site-packages/airflow/example_dags/tutorial_dag.py
[2023-07-09T19:36:18.358+0000] {logging_mixin.py:149} INFO - [2023-07-09T19:36:18.357+0000] {dag.py:2726} INFO - Sync 1 DAGs
[2023-07-09T19:36:18.380+0000] {logging_mixin.py:149} INFO - [2023-07-09T19:36:18.380+0000] {dag.py:3490} INFO - Setting next_dagrun for tutorial_dag to None, run_after=None
[2023-07-09T19:36:18.399+0000] {processor.py:179} INFO - Processing /home/airflow/.local/lib/python3.7/site-packages/airflow/example_dags/tutorial_dag.py took 0.077 seconds
[2023-07-09T19:36:48.830+0000] {processor.py:157} INFO - Started process (PID=4437) to work on /home/airflow/.local/lib/python3.7/site-packages/airflow/example_dags/tutorial_dag.py
[2023-07-09T19:36:48.831+0000] {processor.py:826} INFO - Processing file /home/airflow/.local/lib/python3.7/site-packages/airflow/example_dags/tutorial_dag.py for tasks to queue
[2023-07-09T19:36:48.832+0000] {logging_mixin.py:149} INFO - [2023-07-09T19:36:48.832+0000] {dagbag.py:541} INFO - Filling up the DagBag from /home/airflow/.local/lib/python3.7/site-packages/airflow/example_dags/tutorial_dag.py
[2023-07-09T19:36:48.837+0000] {processor.py:836} INFO - DAG(s) dict_keys(['tutorial_dag']) retrieved from /home/airflow/.local/lib/python3.7/site-packages/airflow/example_dags/tutorial_dag.py
[2023-07-09T19:36:48.861+0000] {logging_mixin.py:149} INFO - [2023-07-09T19:36:48.860+0000] {dag.py:2726} INFO - Sync 1 DAGs
[2023-07-09T19:36:48.886+0000] {logging_mixin.py:149} INFO - [2023-07-09T19:36:48.886+0000] {dag.py:3490} INFO - Setting next_dagrun for tutorial_dag to None, run_after=None
[2023-07-09T19:36:48.909+0000] {processor.py:179} INFO - Processing /home/airflow/.local/lib/python3.7/site-packages/airflow/example_dags/tutorial_dag.py took 0.082 seconds
[2023-07-09T19:37:19.066+0000] {processor.py:157} INFO - Started process (PID=4500) to work on /home/airflow/.local/lib/python3.7/site-packages/airflow/example_dags/tutorial_dag.py
[2023-07-09T19:37:19.067+0000] {processor.py:826} INFO - Processing file /home/airflow/.local/lib/python3.7/site-packages/airflow/example_dags/tutorial_dag.py for tasks to queue
[2023-07-09T19:37:19.068+0000] {logging_mixin.py:149} INFO - [2023-07-09T19:37:19.068+0000] {dagbag.py:541} INFO - Filling up the DagBag from /home/airflow/.local/lib/python3.7/site-packages/airflow/example_dags/tutorial_dag.py
[2023-07-09T19:37:19.073+0000] {processor.py:836} INFO - DAG(s) dict_keys(['tutorial_dag']) retrieved from /home/airflow/.local/lib/python3.7/site-packages/airflow/example_dags/tutorial_dag.py
[2023-07-09T19:37:19.102+0000] {logging_mixin.py:149} INFO - [2023-07-09T19:37:19.101+0000] {dag.py:2726} INFO - Sync 1 DAGs
[2023-07-09T19:37:19.129+0000] {logging_mixin.py:149} INFO - [2023-07-09T19:37:19.129+0000] {dag.py:3490} INFO - Setting next_dagrun for tutorial_dag to None, run_after=None
[2023-07-09T19:37:19.152+0000] {processor.py:179} INFO - Processing /home/airflow/.local/lib/python3.7/site-packages/airflow/example_dags/tutorial_dag.py took 0.089 seconds
[2023-07-09T19:37:49.340+0000] {processor.py:157} INFO - Started process (PID=4562) to work on /home/airflow/.local/lib/python3.7/site-packages/airflow/example_dags/tutorial_dag.py
[2023-07-09T19:37:49.341+0000] {processor.py:826} INFO - Processing file /home/airflow/.local/lib/python3.7/site-packages/airflow/example_dags/tutorial_dag.py for tasks to queue
[2023-07-09T19:37:49.341+0000] {logging_mixin.py:149} INFO - [2023-07-09T19:37:49.341+0000] {dagbag.py:541} INFO - Filling up the DagBag from /home/airflow/.local/lib/python3.7/site-packages/airflow/example_dags/tutorial_dag.py
[2023-07-09T19:37:49.347+0000] {processor.py:836} INFO - DAG(s) dict_keys(['tutorial_dag']) retrieved from /home/airflow/.local/lib/python3.7/site-packages/airflow/example_dags/tutorial_dag.py
[2023-07-09T19:37:49.373+0000] {logging_mixin.py:149} INFO - [2023-07-09T19:37:49.373+0000] {dag.py:2726} INFO - Sync 1 DAGs
[2023-07-09T19:37:49.399+0000] {logging_mixin.py:149} INFO - [2023-07-09T19:37:49.399+0000] {dag.py:3490} INFO - Setting next_dagrun for tutorial_dag to None, run_after=None
[2023-07-09T19:37:49.421+0000] {processor.py:179} INFO - Processing /home/airflow/.local/lib/python3.7/site-packages/airflow/example_dags/tutorial_dag.py took 0.085 seconds
[2023-07-09T19:38:19.689+0000] {processor.py:157} INFO - Started process (PID=4624) to work on /home/airflow/.local/lib/python3.7/site-packages/airflow/example_dags/tutorial_dag.py
[2023-07-09T19:38:19.690+0000] {processor.py:826} INFO - Processing file /home/airflow/.local/lib/python3.7/site-packages/airflow/example_dags/tutorial_dag.py for tasks to queue
[2023-07-09T19:38:19.691+0000] {logging_mixin.py:149} INFO - [2023-07-09T19:38:19.691+0000] {dagbag.py:541} INFO - Filling up the DagBag from /home/airflow/.local/lib/python3.7/site-packages/airflow/example_dags/tutorial_dag.py
[2023-07-09T19:38:19.699+0000] {processor.py:836} INFO - DAG(s) dict_keys(['tutorial_dag']) retrieved from /home/airflow/.local/lib/python3.7/site-packages/airflow/example_dags/tutorial_dag.py
[2023-07-09T19:38:19.731+0000] {logging_mixin.py:149} INFO - [2023-07-09T19:38:19.731+0000] {dag.py:2726} INFO - Sync 1 DAGs
[2023-07-09T19:38:19.758+0000] {logging_mixin.py:149} INFO - [2023-07-09T19:38:19.757+0000] {dag.py:3490} INFO - Setting next_dagrun for tutorial_dag to None, run_after=None
[2023-07-09T19:38:19.778+0000] {processor.py:179} INFO - Processing /home/airflow/.local/lib/python3.7/site-packages/airflow/example_dags/tutorial_dag.py took 0.092 seconds
[2023-07-09T19:38:49.879+0000] {processor.py:157} INFO - Started process (PID=4686) to work on /home/airflow/.local/lib/python3.7/site-packages/airflow/example_dags/tutorial_dag.py
[2023-07-09T19:38:49.880+0000] {processor.py:826} INFO - Processing file /home/airflow/.local/lib/python3.7/site-packages/airflow/example_dags/tutorial_dag.py for tasks to queue
[2023-07-09T19:38:49.881+0000] {logging_mixin.py:149} INFO - [2023-07-09T19:38:49.881+0000] {dagbag.py:541} INFO - Filling up the DagBag from /home/airflow/.local/lib/python3.7/site-packages/airflow/example_dags/tutorial_dag.py
[2023-07-09T19:38:49.886+0000] {processor.py:836} INFO - DAG(s) dict_keys(['tutorial_dag']) retrieved from /home/airflow/.local/lib/python3.7/site-packages/airflow/example_dags/tutorial_dag.py
[2023-07-09T19:38:49.908+0000] {logging_mixin.py:149} INFO - [2023-07-09T19:38:49.908+0000] {dag.py:2726} INFO - Sync 1 DAGs
[2023-07-09T19:38:49.933+0000] {logging_mixin.py:149} INFO - [2023-07-09T19:38:49.932+0000] {dag.py:3490} INFO - Setting next_dagrun for tutorial_dag to None, run_after=None
[2023-07-09T19:38:49.953+0000] {processor.py:179} INFO - Processing /home/airflow/.local/lib/python3.7/site-packages/airflow/example_dags/tutorial_dag.py took 0.078 seconds
[2023-07-09T19:39:20.338+0000] {processor.py:157} INFO - Started process (PID=4747) to work on /home/airflow/.local/lib/python3.7/site-packages/airflow/example_dags/tutorial_dag.py
[2023-07-09T19:39:20.339+0000] {processor.py:826} INFO - Processing file /home/airflow/.local/lib/python3.7/site-packages/airflow/example_dags/tutorial_dag.py for tasks to queue
[2023-07-09T19:39:20.340+0000] {logging_mixin.py:149} INFO - [2023-07-09T19:39:20.340+0000] {dagbag.py:541} INFO - Filling up the DagBag from /home/airflow/.local/lib/python3.7/site-packages/airflow/example_dags/tutorial_dag.py
[2023-07-09T19:39:20.345+0000] {processor.py:836} INFO - DAG(s) dict_keys(['tutorial_dag']) retrieved from /home/airflow/.local/lib/python3.7/site-packages/airflow/example_dags/tutorial_dag.py
[2023-07-09T19:39:20.370+0000] {logging_mixin.py:149} INFO - [2023-07-09T19:39:20.370+0000] {dag.py:2726} INFO - Sync 1 DAGs
[2023-07-09T19:39:20.396+0000] {logging_mixin.py:149} INFO - [2023-07-09T19:39:20.395+0000] {dag.py:3490} INFO - Setting next_dagrun for tutorial_dag to None, run_after=None
[2023-07-09T19:39:20.419+0000] {processor.py:179} INFO - Processing /home/airflow/.local/lib/python3.7/site-packages/airflow/example_dags/tutorial_dag.py took 0.084 seconds
[2023-07-09T19:39:50.704+0000] {processor.py:157} INFO - Started process (PID=4809) to work on /home/airflow/.local/lib/python3.7/site-packages/airflow/example_dags/tutorial_dag.py
[2023-07-09T19:39:50.706+0000] {processor.py:826} INFO - Processing file /home/airflow/.local/lib/python3.7/site-packages/airflow/example_dags/tutorial_dag.py for tasks to queue
[2023-07-09T19:39:50.707+0000] {logging_mixin.py:149} INFO - [2023-07-09T19:39:50.706+0000] {dagbag.py:541} INFO - Filling up the DagBag from /home/airflow/.local/lib/python3.7/site-packages/airflow/example_dags/tutorial_dag.py
[2023-07-09T19:39:50.711+0000] {processor.py:836} INFO - DAG(s) dict_keys(['tutorial_dag']) retrieved from /home/airflow/.local/lib/python3.7/site-packages/airflow/example_dags/tutorial_dag.py
[2023-07-09T19:39:50.739+0000] {logging_mixin.py:149} INFO - [2023-07-09T19:39:50.739+0000] {dag.py:2726} INFO - Sync 1 DAGs
[2023-07-09T19:39:50.765+0000] {logging_mixin.py:149} INFO - [2023-07-09T19:39:50.765+0000] {dag.py:3490} INFO - Setting next_dagrun for tutorial_dag to None, run_after=None
[2023-07-09T19:39:50.792+0000] {processor.py:179} INFO - Processing /home/airflow/.local/lib/python3.7/site-packages/airflow/example_dags/tutorial_dag.py took 0.091 seconds
[2023-07-09T19:40:21.088+0000] {processor.py:157} INFO - Started process (PID=4871) to work on /home/airflow/.local/lib/python3.7/site-packages/airflow/example_dags/tutorial_dag.py
[2023-07-09T19:40:21.089+0000] {processor.py:826} INFO - Processing file /home/airflow/.local/lib/python3.7/site-packages/airflow/example_dags/tutorial_dag.py for tasks to queue
[2023-07-09T19:40:21.090+0000] {logging_mixin.py:149} INFO - [2023-07-09T19:40:21.090+0000] {dagbag.py:541} INFO - Filling up the DagBag from /home/airflow/.local/lib/python3.7/site-packages/airflow/example_dags/tutorial_dag.py
[2023-07-09T19:40:21.095+0000] {processor.py:836} INFO - DAG(s) dict_keys(['tutorial_dag']) retrieved from /home/airflow/.local/lib/python3.7/site-packages/airflow/example_dags/tutorial_dag.py
[2023-07-09T19:40:21.122+0000] {logging_mixin.py:149} INFO - [2023-07-09T19:40:21.121+0000] {dag.py:2726} INFO - Sync 1 DAGs
[2023-07-09T19:40:21.153+0000] {logging_mixin.py:149} INFO - [2023-07-09T19:40:21.152+0000] {dag.py:3490} INFO - Setting next_dagrun for tutorial_dag to None, run_after=None
[2023-07-09T19:40:21.173+0000] {processor.py:179} INFO - Processing /home/airflow/.local/lib/python3.7/site-packages/airflow/example_dags/tutorial_dag.py took 0.089 seconds
[2023-07-09T19:40:51.423+0000] {processor.py:157} INFO - Started process (PID=4933) to work on /home/airflow/.local/lib/python3.7/site-packages/airflow/example_dags/tutorial_dag.py
[2023-07-09T19:40:51.425+0000] {processor.py:826} INFO - Processing file /home/airflow/.local/lib/python3.7/site-packages/airflow/example_dags/tutorial_dag.py for tasks to queue
[2023-07-09T19:40:51.426+0000] {logging_mixin.py:149} INFO - [2023-07-09T19:40:51.425+0000] {dagbag.py:541} INFO - Filling up the DagBag from /home/airflow/.local/lib/python3.7/site-packages/airflow/example_dags/tutorial_dag.py
[2023-07-09T19:40:51.430+0000] {processor.py:836} INFO - DAG(s) dict_keys(['tutorial_dag']) retrieved from /home/airflow/.local/lib/python3.7/site-packages/airflow/example_dags/tutorial_dag.py
[2023-07-09T19:40:51.461+0000] {logging_mixin.py:149} INFO - [2023-07-09T19:40:51.461+0000] {dag.py:2726} INFO - Sync 1 DAGs
[2023-07-09T19:40:51.492+0000] {logging_mixin.py:149} INFO - [2023-07-09T19:40:51.492+0000] {dag.py:3490} INFO - Setting next_dagrun for tutorial_dag to None, run_after=None
[2023-07-09T19:40:51.513+0000] {processor.py:179} INFO - Processing /home/airflow/.local/lib/python3.7/site-packages/airflow/example_dags/tutorial_dag.py took 0.094 seconds
[2023-07-09T23:59:29.763+0000] {processor.py:157} INFO - Started process (PID=5021) to work on /home/airflow/.local/lib/python3.7/site-packages/airflow/example_dags/tutorial_dag.py
[2023-07-09T23:59:29.765+0000] {processor.py:826} INFO - Processing file /home/airflow/.local/lib/python3.7/site-packages/airflow/example_dags/tutorial_dag.py for tasks to queue
[2023-07-09T23:59:29.766+0000] {logging_mixin.py:149} INFO - [2023-07-09T23:59:29.766+0000] {dagbag.py:541} INFO - Filling up the DagBag from /home/airflow/.local/lib/python3.7/site-packages/airflow/example_dags/tutorial_dag.py
[2023-07-09T23:59:29.774+0000] {processor.py:836} INFO - DAG(s) dict_keys(['tutorial_dag']) retrieved from /home/airflow/.local/lib/python3.7/site-packages/airflow/example_dags/tutorial_dag.py
[2023-07-09T23:59:29.812+0000] {logging_mixin.py:149} INFO - [2023-07-09T23:59:29.812+0000] {dag.py:2726} INFO - Sync 1 DAGs
[2023-07-09T23:59:29.844+0000] {logging_mixin.py:149} INFO - [2023-07-09T23:59:29.844+0000] {dag.py:3490} INFO - Setting next_dagrun for tutorial_dag to None, run_after=None
[2023-07-09T23:59:29.870+0000] {processor.py:179} INFO - Processing /home/airflow/.local/lib/python3.7/site-packages/airflow/example_dags/tutorial_dag.py took 0.112 seconds
