[2023-07-09T19:06:51.515+0000] {processor.py:157} INFO - Started process (PID=793) to work on /home/airflow/.local/lib/python3.7/site-packages/airflow/example_dags/tutorial.py
[2023-07-09T19:06:51.516+0000] {processor.py:826} INFO - Processing file /home/airflow/.local/lib/python3.7/site-packages/airflow/example_dags/tutorial.py for tasks to queue
[2023-07-09T19:06:51.517+0000] {logging_mixin.py:149} INFO - [2023-07-09T19:06:51.517+0000] {dagbag.py:541} INFO - Filling up the DagBag from /home/airflow/.local/lib/python3.7/site-packages/airflow/example_dags/tutorial.py
[2023-07-09T19:06:51.527+0000] {processor.py:836} INFO - DAG(s) dict_keys(['tutorial']) retrieved from /home/airflow/.local/lib/python3.7/site-packages/airflow/example_dags/tutorial.py
[2023-07-09T19:06:51.555+0000] {logging_mixin.py:149} INFO - [2023-07-09T19:06:51.554+0000] {dag.py:2726} INFO - Sync 1 DAGs
[2023-07-09T19:06:51.593+0000] {logging_mixin.py:149} INFO - [2023-07-09T19:06:51.593+0000] {dag.py:3490} INFO - Setting next_dagrun for tutorial to 2023-07-08T19:06:51.592866+00:00, run_after=2023-07-09T19:06:51.592866+00:00
[2023-07-09T19:06:51.616+0000] {processor.py:179} INFO - Processing /home/airflow/.local/lib/python3.7/site-packages/airflow/example_dags/tutorial.py took 0.105 seconds
[2023-07-09T19:07:21.834+0000] {processor.py:157} INFO - Started process (PID=854) to work on /home/airflow/.local/lib/python3.7/site-packages/airflow/example_dags/tutorial.py
[2023-07-09T19:07:21.836+0000] {processor.py:826} INFO - Processing file /home/airflow/.local/lib/python3.7/site-packages/airflow/example_dags/tutorial.py for tasks to queue
[2023-07-09T19:07:21.837+0000] {logging_mixin.py:149} INFO - [2023-07-09T19:07:21.837+0000] {dagbag.py:541} INFO - Filling up the DagBag from /home/airflow/.local/lib/python3.7/site-packages/airflow/example_dags/tutorial.py
[2023-07-09T19:07:21.844+0000] {processor.py:836} INFO - DAG(s) dict_keys(['tutorial']) retrieved from /home/airflow/.local/lib/python3.7/site-packages/airflow/example_dags/tutorial.py
[2023-07-09T19:07:21.870+0000] {logging_mixin.py:149} INFO - [2023-07-09T19:07:21.869+0000] {dag.py:2726} INFO - Sync 1 DAGs
[2023-07-09T19:07:21.896+0000] {logging_mixin.py:149} INFO - [2023-07-09T19:07:21.896+0000] {dag.py:3490} INFO - Setting next_dagrun for tutorial to 2023-07-08T19:07:21.896510+00:00, run_after=2023-07-09T19:07:21.896510+00:00
[2023-07-09T19:07:21.919+0000] {processor.py:179} INFO - Processing /home/airflow/.local/lib/python3.7/site-packages/airflow/example_dags/tutorial.py took 0.087 seconds
[2023-07-09T19:07:52.236+0000] {processor.py:157} INFO - Started process (PID=915) to work on /home/airflow/.local/lib/python3.7/site-packages/airflow/example_dags/tutorial.py
[2023-07-09T19:07:52.238+0000] {processor.py:826} INFO - Processing file /home/airflow/.local/lib/python3.7/site-packages/airflow/example_dags/tutorial.py for tasks to queue
[2023-07-09T19:07:52.239+0000] {logging_mixin.py:149} INFO - [2023-07-09T19:07:52.239+0000] {dagbag.py:541} INFO - Filling up the DagBag from /home/airflow/.local/lib/python3.7/site-packages/airflow/example_dags/tutorial.py
[2023-07-09T19:07:52.245+0000] {processor.py:836} INFO - DAG(s) dict_keys(['tutorial']) retrieved from /home/airflow/.local/lib/python3.7/site-packages/airflow/example_dags/tutorial.py
[2023-07-09T19:07:52.269+0000] {logging_mixin.py:149} INFO - [2023-07-09T19:07:52.269+0000] {dag.py:2726} INFO - Sync 1 DAGs
[2023-07-09T19:07:52.293+0000] {logging_mixin.py:149} INFO - [2023-07-09T19:07:52.293+0000] {dag.py:3490} INFO - Setting next_dagrun for tutorial to 2023-07-08T19:07:52.293261+00:00, run_after=2023-07-09T19:07:52.293261+00:00
[2023-07-09T19:07:52.315+0000] {processor.py:179} INFO - Processing /home/airflow/.local/lib/python3.7/site-packages/airflow/example_dags/tutorial.py took 0.082 seconds
[2023-07-09T19:08:22.442+0000] {processor.py:157} INFO - Started process (PID=976) to work on /home/airflow/.local/lib/python3.7/site-packages/airflow/example_dags/tutorial.py
[2023-07-09T19:08:22.444+0000] {processor.py:826} INFO - Processing file /home/airflow/.local/lib/python3.7/site-packages/airflow/example_dags/tutorial.py for tasks to queue
[2023-07-09T19:08:22.445+0000] {logging_mixin.py:149} INFO - [2023-07-09T19:08:22.445+0000] {dagbag.py:541} INFO - Filling up the DagBag from /home/airflow/.local/lib/python3.7/site-packages/airflow/example_dags/tutorial.py
[2023-07-09T19:08:22.452+0000] {processor.py:836} INFO - DAG(s) dict_keys(['tutorial']) retrieved from /home/airflow/.local/lib/python3.7/site-packages/airflow/example_dags/tutorial.py
[2023-07-09T19:08:22.466+0000] {logging_mixin.py:149} INFO - [2023-07-09T19:08:22.466+0000] {dag.py:2726} INFO - Sync 1 DAGs
[2023-07-09T19:08:22.492+0000] {logging_mixin.py:149} INFO - [2023-07-09T19:08:22.492+0000] {dag.py:3490} INFO - Setting next_dagrun for tutorial to 2023-07-08T19:08:22.491698+00:00, run_after=2023-07-09T19:08:22.491698+00:00
[2023-07-09T19:08:22.515+0000] {processor.py:179} INFO - Processing /home/airflow/.local/lib/python3.7/site-packages/airflow/example_dags/tutorial.py took 0.076 seconds
[2023-07-09T19:08:52.934+0000] {processor.py:157} INFO - Started process (PID=1037) to work on /home/airflow/.local/lib/python3.7/site-packages/airflow/example_dags/tutorial.py
[2023-07-09T19:08:52.935+0000] {processor.py:826} INFO - Processing file /home/airflow/.local/lib/python3.7/site-packages/airflow/example_dags/tutorial.py for tasks to queue
[2023-07-09T19:08:52.936+0000] {logging_mixin.py:149} INFO - [2023-07-09T19:08:52.936+0000] {dagbag.py:541} INFO - Filling up the DagBag from /home/airflow/.local/lib/python3.7/site-packages/airflow/example_dags/tutorial.py
[2023-07-09T19:08:52.942+0000] {processor.py:836} INFO - DAG(s) dict_keys(['tutorial']) retrieved from /home/airflow/.local/lib/python3.7/site-packages/airflow/example_dags/tutorial.py
[2023-07-09T19:08:52.965+0000] {logging_mixin.py:149} INFO - [2023-07-09T19:08:52.965+0000] {dag.py:2726} INFO - Sync 1 DAGs
[2023-07-09T19:08:52.990+0000] {logging_mixin.py:149} INFO - [2023-07-09T19:08:52.990+0000] {dag.py:3490} INFO - Setting next_dagrun for tutorial to 2023-07-08T19:08:52.989772+00:00, run_after=2023-07-09T19:08:52.989772+00:00
[2023-07-09T19:08:53.013+0000] {processor.py:179} INFO - Processing /home/airflow/.local/lib/python3.7/site-packages/airflow/example_dags/tutorial.py took 0.082 seconds
[2023-07-09T19:09:23.818+0000] {processor.py:157} INFO - Started process (PID=1098) to work on /home/airflow/.local/lib/python3.7/site-packages/airflow/example_dags/tutorial.py
[2023-07-09T19:09:23.819+0000] {processor.py:826} INFO - Processing file /home/airflow/.local/lib/python3.7/site-packages/airflow/example_dags/tutorial.py for tasks to queue
[2023-07-09T19:09:23.820+0000] {logging_mixin.py:149} INFO - [2023-07-09T19:09:23.820+0000] {dagbag.py:541} INFO - Filling up the DagBag from /home/airflow/.local/lib/python3.7/site-packages/airflow/example_dags/tutorial.py
[2023-07-09T19:09:23.827+0000] {processor.py:836} INFO - DAG(s) dict_keys(['tutorial']) retrieved from /home/airflow/.local/lib/python3.7/site-packages/airflow/example_dags/tutorial.py
[2023-07-09T19:09:23.843+0000] {logging_mixin.py:149} INFO - [2023-07-09T19:09:23.843+0000] {dag.py:2726} INFO - Sync 1 DAGs
[2023-07-09T19:09:23.875+0000] {logging_mixin.py:149} INFO - [2023-07-09T19:09:23.875+0000] {dag.py:3490} INFO - Setting next_dagrun for tutorial to 2023-07-08T19:09:23.874737+00:00, run_after=2023-07-09T19:09:23.874737+00:00
[2023-07-09T19:09:23.905+0000] {processor.py:179} INFO - Processing /home/airflow/.local/lib/python3.7/site-packages/airflow/example_dags/tutorial.py took 0.092 seconds
[2023-07-09T19:09:54.142+0000] {processor.py:157} INFO - Started process (PID=1159) to work on /home/airflow/.local/lib/python3.7/site-packages/airflow/example_dags/tutorial.py
[2023-07-09T19:09:54.144+0000] {processor.py:826} INFO - Processing file /home/airflow/.local/lib/python3.7/site-packages/airflow/example_dags/tutorial.py for tasks to queue
[2023-07-09T19:09:54.145+0000] {logging_mixin.py:149} INFO - [2023-07-09T19:09:54.145+0000] {dagbag.py:541} INFO - Filling up the DagBag from /home/airflow/.local/lib/python3.7/site-packages/airflow/example_dags/tutorial.py
[2023-07-09T19:09:54.150+0000] {processor.py:836} INFO - DAG(s) dict_keys(['tutorial']) retrieved from /home/airflow/.local/lib/python3.7/site-packages/airflow/example_dags/tutorial.py
[2023-07-09T19:09:54.174+0000] {logging_mixin.py:149} INFO - [2023-07-09T19:09:54.174+0000] {dag.py:2726} INFO - Sync 1 DAGs
[2023-07-09T19:09:54.198+0000] {logging_mixin.py:149} INFO - [2023-07-09T19:09:54.198+0000] {dag.py:3490} INFO - Setting next_dagrun for tutorial to 2023-07-08T19:09:54.198548+00:00, run_after=2023-07-09T19:09:54.198548+00:00
[2023-07-09T19:09:54.221+0000] {processor.py:179} INFO - Processing /home/airflow/.local/lib/python3.7/site-packages/airflow/example_dags/tutorial.py took 0.081 seconds
[2023-07-09T19:10:24.415+0000] {processor.py:157} INFO - Started process (PID=1220) to work on /home/airflow/.local/lib/python3.7/site-packages/airflow/example_dags/tutorial.py
[2023-07-09T19:10:24.416+0000] {processor.py:826} INFO - Processing file /home/airflow/.local/lib/python3.7/site-packages/airflow/example_dags/tutorial.py for tasks to queue
[2023-07-09T19:10:24.417+0000] {logging_mixin.py:149} INFO - [2023-07-09T19:10:24.417+0000] {dagbag.py:541} INFO - Filling up the DagBag from /home/airflow/.local/lib/python3.7/site-packages/airflow/example_dags/tutorial.py
[2023-07-09T19:10:24.423+0000] {processor.py:836} INFO - DAG(s) dict_keys(['tutorial']) retrieved from /home/airflow/.local/lib/python3.7/site-packages/airflow/example_dags/tutorial.py
[2023-07-09T19:10:24.445+0000] {logging_mixin.py:149} INFO - [2023-07-09T19:10:24.445+0000] {dag.py:2726} INFO - Sync 1 DAGs
[2023-07-09T19:10:24.467+0000] {logging_mixin.py:149} INFO - [2023-07-09T19:10:24.467+0000] {dag.py:3490} INFO - Setting next_dagrun for tutorial to 2023-07-08T19:10:24.467189+00:00, run_after=2023-07-09T19:10:24.467189+00:00
[2023-07-09T19:10:24.488+0000] {processor.py:179} INFO - Processing /home/airflow/.local/lib/python3.7/site-packages/airflow/example_dags/tutorial.py took 0.075 seconds
[2023-07-09T19:10:55.720+0000] {processor.py:157} INFO - Started process (PID=1281) to work on /home/airflow/.local/lib/python3.7/site-packages/airflow/example_dags/tutorial.py
[2023-07-09T19:10:55.721+0000] {processor.py:826} INFO - Processing file /home/airflow/.local/lib/python3.7/site-packages/airflow/example_dags/tutorial.py for tasks to queue
[2023-07-09T19:10:55.723+0000] {logging_mixin.py:149} INFO - [2023-07-09T19:10:55.722+0000] {dagbag.py:541} INFO - Filling up the DagBag from /home/airflow/.local/lib/python3.7/site-packages/airflow/example_dags/tutorial.py
[2023-07-09T19:10:55.733+0000] {processor.py:836} INFO - DAG(s) dict_keys(['tutorial']) retrieved from /home/airflow/.local/lib/python3.7/site-packages/airflow/example_dags/tutorial.py
[2023-07-09T19:10:55.763+0000] {logging_mixin.py:149} INFO - [2023-07-09T19:10:55.763+0000] {dag.py:2726} INFO - Sync 1 DAGs
[2023-07-09T19:10:55.816+0000] {logging_mixin.py:149} INFO - [2023-07-09T19:10:55.816+0000] {dag.py:3490} INFO - Setting next_dagrun for tutorial to 2023-07-08T19:10:55.815675+00:00, run_after=2023-07-09T19:10:55.815675+00:00
[2023-07-09T19:10:55.857+0000] {processor.py:179} INFO - Processing /home/airflow/.local/lib/python3.7/site-packages/airflow/example_dags/tutorial.py took 0.141 seconds
[2023-07-09T19:11:26.079+0000] {processor.py:157} INFO - Started process (PID=1342) to work on /home/airflow/.local/lib/python3.7/site-packages/airflow/example_dags/tutorial.py
[2023-07-09T19:11:26.080+0000] {processor.py:826} INFO - Processing file /home/airflow/.local/lib/python3.7/site-packages/airflow/example_dags/tutorial.py for tasks to queue
[2023-07-09T19:11:26.081+0000] {logging_mixin.py:149} INFO - [2023-07-09T19:11:26.081+0000] {dagbag.py:541} INFO - Filling up the DagBag from /home/airflow/.local/lib/python3.7/site-packages/airflow/example_dags/tutorial.py
[2023-07-09T19:11:26.087+0000] {processor.py:836} INFO - DAG(s) dict_keys(['tutorial']) retrieved from /home/airflow/.local/lib/python3.7/site-packages/airflow/example_dags/tutorial.py
[2023-07-09T19:11:26.131+0000] {logging_mixin.py:149} INFO - [2023-07-09T19:11:26.131+0000] {dag.py:2726} INFO - Sync 1 DAGs
[2023-07-09T19:11:26.161+0000] {logging_mixin.py:149} INFO - [2023-07-09T19:11:26.161+0000] {dag.py:3490} INFO - Setting next_dagrun for tutorial to 2023-07-08T19:11:26.161006+00:00, run_after=2023-07-09T19:11:26.161006+00:00
[2023-07-09T19:11:26.181+0000] {processor.py:179} INFO - Processing /home/airflow/.local/lib/python3.7/site-packages/airflow/example_dags/tutorial.py took 0.106 seconds
[2023-07-09T19:11:56.447+0000] {processor.py:157} INFO - Started process (PID=1403) to work on /home/airflow/.local/lib/python3.7/site-packages/airflow/example_dags/tutorial.py
[2023-07-09T19:11:56.448+0000] {processor.py:826} INFO - Processing file /home/airflow/.local/lib/python3.7/site-packages/airflow/example_dags/tutorial.py for tasks to queue
[2023-07-09T19:11:56.449+0000] {logging_mixin.py:149} INFO - [2023-07-09T19:11:56.449+0000] {dagbag.py:541} INFO - Filling up the DagBag from /home/airflow/.local/lib/python3.7/site-packages/airflow/example_dags/tutorial.py
[2023-07-09T19:11:56.457+0000] {processor.py:836} INFO - DAG(s) dict_keys(['tutorial']) retrieved from /home/airflow/.local/lib/python3.7/site-packages/airflow/example_dags/tutorial.py
[2023-07-09T19:11:56.474+0000] {logging_mixin.py:149} INFO - [2023-07-09T19:11:56.474+0000] {dag.py:2726} INFO - Sync 1 DAGs
[2023-07-09T19:11:56.512+0000] {logging_mixin.py:149} INFO - [2023-07-09T19:11:56.512+0000] {dag.py:3490} INFO - Setting next_dagrun for tutorial to 2023-07-08T19:11:56.511887+00:00, run_after=2023-07-09T19:11:56.511887+00:00
[2023-07-09T19:11:56.535+0000] {processor.py:179} INFO - Processing /home/airflow/.local/lib/python3.7/site-packages/airflow/example_dags/tutorial.py took 0.093 seconds
[2023-07-09T19:12:27.327+0000] {processor.py:157} INFO - Started process (PID=1465) to work on /home/airflow/.local/lib/python3.7/site-packages/airflow/example_dags/tutorial.py
[2023-07-09T19:12:27.328+0000] {processor.py:826} INFO - Processing file /home/airflow/.local/lib/python3.7/site-packages/airflow/example_dags/tutorial.py for tasks to queue
[2023-07-09T19:12:27.329+0000] {logging_mixin.py:149} INFO - [2023-07-09T19:12:27.329+0000] {dagbag.py:541} INFO - Filling up the DagBag from /home/airflow/.local/lib/python3.7/site-packages/airflow/example_dags/tutorial.py
[2023-07-09T19:12:27.335+0000] {processor.py:836} INFO - DAG(s) dict_keys(['tutorial']) retrieved from /home/airflow/.local/lib/python3.7/site-packages/airflow/example_dags/tutorial.py
[2023-07-09T19:12:27.348+0000] {logging_mixin.py:149} INFO - [2023-07-09T19:12:27.348+0000] {dag.py:2726} INFO - Sync 1 DAGs
[2023-07-09T19:12:27.373+0000] {logging_mixin.py:149} INFO - [2023-07-09T19:12:27.373+0000] {dag.py:3490} INFO - Setting next_dagrun for tutorial to 2023-07-08T19:12:27.373005+00:00, run_after=2023-07-09T19:12:27.373005+00:00
[2023-07-09T19:12:27.396+0000] {processor.py:179} INFO - Processing /home/airflow/.local/lib/python3.7/site-packages/airflow/example_dags/tutorial.py took 0.072 seconds
[2023-07-09T19:12:58.188+0000] {processor.py:157} INFO - Started process (PID=1526) to work on /home/airflow/.local/lib/python3.7/site-packages/airflow/example_dags/tutorial.py
[2023-07-09T19:12:58.189+0000] {processor.py:826} INFO - Processing file /home/airflow/.local/lib/python3.7/site-packages/airflow/example_dags/tutorial.py for tasks to queue
[2023-07-09T19:12:58.190+0000] {logging_mixin.py:149} INFO - [2023-07-09T19:12:58.190+0000] {dagbag.py:541} INFO - Filling up the DagBag from /home/airflow/.local/lib/python3.7/site-packages/airflow/example_dags/tutorial.py
[2023-07-09T19:12:58.196+0000] {processor.py:836} INFO - DAG(s) dict_keys(['tutorial']) retrieved from /home/airflow/.local/lib/python3.7/site-packages/airflow/example_dags/tutorial.py
[2023-07-09T19:12:58.218+0000] {logging_mixin.py:149} INFO - [2023-07-09T19:12:58.218+0000] {dag.py:2726} INFO - Sync 1 DAGs
[2023-07-09T19:12:58.240+0000] {logging_mixin.py:149} INFO - [2023-07-09T19:12:58.240+0000] {dag.py:3490} INFO - Setting next_dagrun for tutorial to 2023-07-08T19:12:58.240112+00:00, run_after=2023-07-09T19:12:58.240112+00:00
[2023-07-09T19:12:58.276+0000] {processor.py:179} INFO - Processing /home/airflow/.local/lib/python3.7/site-packages/airflow/example_dags/tutorial.py took 0.090 seconds
[2023-07-09T19:13:28.478+0000] {processor.py:157} INFO - Started process (PID=1588) to work on /home/airflow/.local/lib/python3.7/site-packages/airflow/example_dags/tutorial.py
[2023-07-09T19:13:28.480+0000] {processor.py:826} INFO - Processing file /home/airflow/.local/lib/python3.7/site-packages/airflow/example_dags/tutorial.py for tasks to queue
[2023-07-09T19:13:28.481+0000] {logging_mixin.py:149} INFO - [2023-07-09T19:13:28.481+0000] {dagbag.py:541} INFO - Filling up the DagBag from /home/airflow/.local/lib/python3.7/site-packages/airflow/example_dags/tutorial.py
[2023-07-09T19:13:28.490+0000] {processor.py:836} INFO - DAG(s) dict_keys(['tutorial']) retrieved from /home/airflow/.local/lib/python3.7/site-packages/airflow/example_dags/tutorial.py
[2023-07-09T19:13:28.523+0000] {logging_mixin.py:149} INFO - [2023-07-09T19:13:28.523+0000] {dag.py:2726} INFO - Sync 1 DAGs
[2023-07-09T19:13:28.558+0000] {logging_mixin.py:149} INFO - [2023-07-09T19:13:28.558+0000] {dag.py:3490} INFO - Setting next_dagrun for tutorial to 2023-07-08T19:13:28.557824+00:00, run_after=2023-07-09T19:13:28.557824+00:00
[2023-07-09T19:13:28.578+0000] {processor.py:179} INFO - Processing /home/airflow/.local/lib/python3.7/site-packages/airflow/example_dags/tutorial.py took 0.103 seconds
[2023-07-09T19:13:58.703+0000] {processor.py:157} INFO - Started process (PID=1649) to work on /home/airflow/.local/lib/python3.7/site-packages/airflow/example_dags/tutorial.py
[2023-07-09T19:13:58.704+0000] {processor.py:826} INFO - Processing file /home/airflow/.local/lib/python3.7/site-packages/airflow/example_dags/tutorial.py for tasks to queue
[2023-07-09T19:13:58.705+0000] {logging_mixin.py:149} INFO - [2023-07-09T19:13:58.705+0000] {dagbag.py:541} INFO - Filling up the DagBag from /home/airflow/.local/lib/python3.7/site-packages/airflow/example_dags/tutorial.py
[2023-07-09T19:13:58.710+0000] {processor.py:836} INFO - DAG(s) dict_keys(['tutorial']) retrieved from /home/airflow/.local/lib/python3.7/site-packages/airflow/example_dags/tutorial.py
[2023-07-09T19:13:58.733+0000] {logging_mixin.py:149} INFO - [2023-07-09T19:13:58.732+0000] {dag.py:2726} INFO - Sync 1 DAGs
[2023-07-09T19:13:58.755+0000] {logging_mixin.py:149} INFO - [2023-07-09T19:13:58.754+0000] {dag.py:3490} INFO - Setting next_dagrun for tutorial to 2023-07-08T19:13:58.754700+00:00, run_after=2023-07-09T19:13:58.754700+00:00
[2023-07-09T19:13:58.775+0000] {processor.py:179} INFO - Processing /home/airflow/.local/lib/python3.7/site-packages/airflow/example_dags/tutorial.py took 0.075 seconds
[2023-07-09T19:14:28.972+0000] {processor.py:157} INFO - Started process (PID=1709) to work on /home/airflow/.local/lib/python3.7/site-packages/airflow/example_dags/tutorial.py
[2023-07-09T19:14:28.973+0000] {processor.py:826} INFO - Processing file /home/airflow/.local/lib/python3.7/site-packages/airflow/example_dags/tutorial.py for tasks to queue
[2023-07-09T19:14:28.973+0000] {logging_mixin.py:149} INFO - [2023-07-09T19:14:28.973+0000] {dagbag.py:541} INFO - Filling up the DagBag from /home/airflow/.local/lib/python3.7/site-packages/airflow/example_dags/tutorial.py
[2023-07-09T19:14:28.979+0000] {processor.py:836} INFO - DAG(s) dict_keys(['tutorial']) retrieved from /home/airflow/.local/lib/python3.7/site-packages/airflow/example_dags/tutorial.py
[2023-07-09T19:14:29.000+0000] {logging_mixin.py:149} INFO - [2023-07-09T19:14:29.000+0000] {dag.py:2726} INFO - Sync 1 DAGs
[2023-07-09T19:14:29.024+0000] {logging_mixin.py:149} INFO - [2023-07-09T19:14:29.024+0000] {dag.py:3490} INFO - Setting next_dagrun for tutorial to 2023-07-08T19:14:29.024353+00:00, run_after=2023-07-09T19:14:29.024353+00:00
[2023-07-09T19:14:29.046+0000] {processor.py:179} INFO - Processing /home/airflow/.local/lib/python3.7/site-packages/airflow/example_dags/tutorial.py took 0.077 seconds
[2023-07-09T19:15:00.091+0000] {processor.py:157} INFO - Started process (PID=1771) to work on /home/airflow/.local/lib/python3.7/site-packages/airflow/example_dags/tutorial.py
[2023-07-09T19:15:00.093+0000] {processor.py:826} INFO - Processing file /home/airflow/.local/lib/python3.7/site-packages/airflow/example_dags/tutorial.py for tasks to queue
[2023-07-09T19:15:00.094+0000] {logging_mixin.py:149} INFO - [2023-07-09T19:15:00.093+0000] {dagbag.py:541} INFO - Filling up the DagBag from /home/airflow/.local/lib/python3.7/site-packages/airflow/example_dags/tutorial.py
[2023-07-09T19:15:00.099+0000] {processor.py:836} INFO - DAG(s) dict_keys(['tutorial']) retrieved from /home/airflow/.local/lib/python3.7/site-packages/airflow/example_dags/tutorial.py
[2023-07-09T19:15:00.122+0000] {logging_mixin.py:149} INFO - [2023-07-09T19:15:00.122+0000] {dag.py:2726} INFO - Sync 1 DAGs
[2023-07-09T19:15:00.144+0000] {logging_mixin.py:149} INFO - [2023-07-09T19:15:00.144+0000] {dag.py:3490} INFO - Setting next_dagrun for tutorial to 2023-07-08T19:15:00.144287+00:00, run_after=2023-07-09T19:15:00.144287+00:00
[2023-07-09T19:15:00.165+0000] {processor.py:179} INFO - Processing /home/airflow/.local/lib/python3.7/site-packages/airflow/example_dags/tutorial.py took 0.077 seconds
[2023-07-09T19:15:30.899+0000] {processor.py:157} INFO - Started process (PID=1832) to work on /home/airflow/.local/lib/python3.7/site-packages/airflow/example_dags/tutorial.py
[2023-07-09T19:15:30.900+0000] {processor.py:826} INFO - Processing file /home/airflow/.local/lib/python3.7/site-packages/airflow/example_dags/tutorial.py for tasks to queue
[2023-07-09T19:15:30.901+0000] {logging_mixin.py:149} INFO - [2023-07-09T19:15:30.901+0000] {dagbag.py:541} INFO - Filling up the DagBag from /home/airflow/.local/lib/python3.7/site-packages/airflow/example_dags/tutorial.py
[2023-07-09T19:15:30.910+0000] {processor.py:836} INFO - DAG(s) dict_keys(['tutorial']) retrieved from /home/airflow/.local/lib/python3.7/site-packages/airflow/example_dags/tutorial.py
[2023-07-09T19:15:30.951+0000] {logging_mixin.py:149} INFO - [2023-07-09T19:15:30.950+0000] {dag.py:2726} INFO - Sync 1 DAGs
[2023-07-09T19:15:30.993+0000] {logging_mixin.py:149} INFO - [2023-07-09T19:15:30.992+0000] {dag.py:3490} INFO - Setting next_dagrun for tutorial to 2023-07-08T19:15:30.992672+00:00, run_after=2023-07-09T19:15:30.992672+00:00
[2023-07-09T19:15:31.012+0000] {processor.py:179} INFO - Processing /home/airflow/.local/lib/python3.7/site-packages/airflow/example_dags/tutorial.py took 0.117 seconds
[2023-07-09T19:16:01.212+0000] {processor.py:157} INFO - Started process (PID=1894) to work on /home/airflow/.local/lib/python3.7/site-packages/airflow/example_dags/tutorial.py
[2023-07-09T19:16:01.213+0000] {processor.py:826} INFO - Processing file /home/airflow/.local/lib/python3.7/site-packages/airflow/example_dags/tutorial.py for tasks to queue
[2023-07-09T19:16:01.214+0000] {logging_mixin.py:149} INFO - [2023-07-09T19:16:01.214+0000] {dagbag.py:541} INFO - Filling up the DagBag from /home/airflow/.local/lib/python3.7/site-packages/airflow/example_dags/tutorial.py
[2023-07-09T19:16:01.221+0000] {processor.py:836} INFO - DAG(s) dict_keys(['tutorial']) retrieved from /home/airflow/.local/lib/python3.7/site-packages/airflow/example_dags/tutorial.py
[2023-07-09T19:16:01.247+0000] {logging_mixin.py:149} INFO - [2023-07-09T19:16:01.247+0000] {dag.py:2726} INFO - Sync 1 DAGs
[2023-07-09T19:16:01.272+0000] {logging_mixin.py:149} INFO - [2023-07-09T19:16:01.272+0000] {dag.py:3490} INFO - Setting next_dagrun for tutorial to 2023-07-08T19:16:01.271908+00:00, run_after=2023-07-09T19:16:01.271908+00:00
[2023-07-09T19:16:01.294+0000] {processor.py:179} INFO - Processing /home/airflow/.local/lib/python3.7/site-packages/airflow/example_dags/tutorial.py took 0.085 seconds
[2023-07-09T19:16:31.459+0000] {processor.py:157} INFO - Started process (PID=1957) to work on /home/airflow/.local/lib/python3.7/site-packages/airflow/example_dags/tutorial.py
[2023-07-09T19:16:31.460+0000] {processor.py:826} INFO - Processing file /home/airflow/.local/lib/python3.7/site-packages/airflow/example_dags/tutorial.py for tasks to queue
[2023-07-09T19:16:31.461+0000] {logging_mixin.py:149} INFO - [2023-07-09T19:16:31.461+0000] {dagbag.py:541} INFO - Filling up the DagBag from /home/airflow/.local/lib/python3.7/site-packages/airflow/example_dags/tutorial.py
[2023-07-09T19:16:31.467+0000] {processor.py:836} INFO - DAG(s) dict_keys(['tutorial']) retrieved from /home/airflow/.local/lib/python3.7/site-packages/airflow/example_dags/tutorial.py
[2023-07-09T19:16:31.490+0000] {logging_mixin.py:149} INFO - [2023-07-09T19:16:31.490+0000] {dag.py:2726} INFO - Sync 1 DAGs
[2023-07-09T19:16:31.514+0000] {logging_mixin.py:149} INFO - [2023-07-09T19:16:31.514+0000] {dag.py:3490} INFO - Setting next_dagrun for tutorial to 2023-07-08T19:16:31.513840+00:00, run_after=2023-07-09T19:16:31.513840+00:00
[2023-07-09T19:16:31.534+0000] {processor.py:179} INFO - Processing /home/airflow/.local/lib/python3.7/site-packages/airflow/example_dags/tutorial.py took 0.079 seconds
[2023-07-09T19:17:01.699+0000] {processor.py:157} INFO - Started process (PID=2018) to work on /home/airflow/.local/lib/python3.7/site-packages/airflow/example_dags/tutorial.py
[2023-07-09T19:17:01.700+0000] {processor.py:826} INFO - Processing file /home/airflow/.local/lib/python3.7/site-packages/airflow/example_dags/tutorial.py for tasks to queue
[2023-07-09T19:17:01.701+0000] {logging_mixin.py:149} INFO - [2023-07-09T19:17:01.701+0000] {dagbag.py:541} INFO - Filling up the DagBag from /home/airflow/.local/lib/python3.7/site-packages/airflow/example_dags/tutorial.py
[2023-07-09T19:17:01.709+0000] {processor.py:836} INFO - DAG(s) dict_keys(['tutorial']) retrieved from /home/airflow/.local/lib/python3.7/site-packages/airflow/example_dags/tutorial.py
[2023-07-09T19:17:01.736+0000] {logging_mixin.py:149} INFO - [2023-07-09T19:17:01.736+0000] {dag.py:2726} INFO - Sync 1 DAGs
[2023-07-09T19:17:01.773+0000] {logging_mixin.py:149} INFO - [2023-07-09T19:17:01.773+0000] {dag.py:3490} INFO - Setting next_dagrun for tutorial to 2023-07-08T19:17:01.773066+00:00, run_after=2023-07-09T19:17:01.773066+00:00
[2023-07-09T19:17:01.802+0000] {processor.py:179} INFO - Processing /home/airflow/.local/lib/python3.7/site-packages/airflow/example_dags/tutorial.py took 0.107 seconds
[2023-07-09T19:17:31.854+0000] {processor.py:157} INFO - Started process (PID=2081) to work on /home/airflow/.local/lib/python3.7/site-packages/airflow/example_dags/tutorial.py
[2023-07-09T19:17:31.856+0000] {processor.py:826} INFO - Processing file /home/airflow/.local/lib/python3.7/site-packages/airflow/example_dags/tutorial.py for tasks to queue
[2023-07-09T19:17:31.857+0000] {logging_mixin.py:149} INFO - [2023-07-09T19:17:31.856+0000] {dagbag.py:541} INFO - Filling up the DagBag from /home/airflow/.local/lib/python3.7/site-packages/airflow/example_dags/tutorial.py
[2023-07-09T19:17:31.862+0000] {processor.py:836} INFO - DAG(s) dict_keys(['tutorial']) retrieved from /home/airflow/.local/lib/python3.7/site-packages/airflow/example_dags/tutorial.py
[2023-07-09T19:17:31.884+0000] {logging_mixin.py:149} INFO - [2023-07-09T19:17:31.883+0000] {dag.py:2726} INFO - Sync 1 DAGs
[2023-07-09T19:17:31.906+0000] {logging_mixin.py:149} INFO - [2023-07-09T19:17:31.906+0000] {dag.py:3490} INFO - Setting next_dagrun for tutorial to 2023-07-08T19:17:31.906248+00:00, run_after=2023-07-09T19:17:31.906248+00:00
[2023-07-09T19:17:31.927+0000] {processor.py:179} INFO - Processing /home/airflow/.local/lib/python3.7/site-packages/airflow/example_dags/tutorial.py took 0.075 seconds
[2023-07-09T19:18:02.714+0000] {processor.py:157} INFO - Started process (PID=2142) to work on /home/airflow/.local/lib/python3.7/site-packages/airflow/example_dags/tutorial.py
[2023-07-09T19:18:02.715+0000] {processor.py:826} INFO - Processing file /home/airflow/.local/lib/python3.7/site-packages/airflow/example_dags/tutorial.py for tasks to queue
[2023-07-09T19:18:02.716+0000] {logging_mixin.py:149} INFO - [2023-07-09T19:18:02.716+0000] {dagbag.py:541} INFO - Filling up the DagBag from /home/airflow/.local/lib/python3.7/site-packages/airflow/example_dags/tutorial.py
[2023-07-09T19:18:02.722+0000] {processor.py:836} INFO - DAG(s) dict_keys(['tutorial']) retrieved from /home/airflow/.local/lib/python3.7/site-packages/airflow/example_dags/tutorial.py
[2023-07-09T19:18:02.746+0000] {logging_mixin.py:149} INFO - [2023-07-09T19:18:02.746+0000] {dag.py:2726} INFO - Sync 1 DAGs
[2023-07-09T19:18:02.771+0000] {logging_mixin.py:149} INFO - [2023-07-09T19:18:02.771+0000] {dag.py:3490} INFO - Setting next_dagrun for tutorial to 2023-07-08T19:18:02.771375+00:00, run_after=2023-07-09T19:18:02.771375+00:00
[2023-07-09T19:18:02.793+0000] {processor.py:179} INFO - Processing /home/airflow/.local/lib/python3.7/site-packages/airflow/example_dags/tutorial.py took 0.081 seconds
[2023-07-09T19:18:33.111+0000] {processor.py:157} INFO - Started process (PID=2204) to work on /home/airflow/.local/lib/python3.7/site-packages/airflow/example_dags/tutorial.py
[2023-07-09T19:18:33.112+0000] {processor.py:826} INFO - Processing file /home/airflow/.local/lib/python3.7/site-packages/airflow/example_dags/tutorial.py for tasks to queue
[2023-07-09T19:18:33.113+0000] {logging_mixin.py:149} INFO - [2023-07-09T19:18:33.112+0000] {dagbag.py:541} INFO - Filling up the DagBag from /home/airflow/.local/lib/python3.7/site-packages/airflow/example_dags/tutorial.py
[2023-07-09T19:18:33.118+0000] {processor.py:836} INFO - DAG(s) dict_keys(['tutorial']) retrieved from /home/airflow/.local/lib/python3.7/site-packages/airflow/example_dags/tutorial.py
[2023-07-09T19:18:33.141+0000] {logging_mixin.py:149} INFO - [2023-07-09T19:18:33.141+0000] {dag.py:2726} INFO - Sync 1 DAGs
[2023-07-09T19:18:33.163+0000] {logging_mixin.py:149} INFO - [2023-07-09T19:18:33.163+0000] {dag.py:3490} INFO - Setting next_dagrun for tutorial to 2023-07-08T19:18:33.163039+00:00, run_after=2023-07-09T19:18:33.163039+00:00
[2023-07-09T19:18:33.188+0000] {processor.py:179} INFO - Processing /home/airflow/.local/lib/python3.7/site-packages/airflow/example_dags/tutorial.py took 0.080 seconds
[2023-07-09T19:19:03.319+0000] {processor.py:157} INFO - Started process (PID=2266) to work on /home/airflow/.local/lib/python3.7/site-packages/airflow/example_dags/tutorial.py
[2023-07-09T19:19:03.320+0000] {processor.py:826} INFO - Processing file /home/airflow/.local/lib/python3.7/site-packages/airflow/example_dags/tutorial.py for tasks to queue
[2023-07-09T19:19:03.321+0000] {logging_mixin.py:149} INFO - [2023-07-09T19:19:03.321+0000] {dagbag.py:541} INFO - Filling up the DagBag from /home/airflow/.local/lib/python3.7/site-packages/airflow/example_dags/tutorial.py
[2023-07-09T19:19:03.326+0000] {processor.py:836} INFO - DAG(s) dict_keys(['tutorial']) retrieved from /home/airflow/.local/lib/python3.7/site-packages/airflow/example_dags/tutorial.py
[2023-07-09T19:19:03.348+0000] {logging_mixin.py:149} INFO - [2023-07-09T19:19:03.348+0000] {dag.py:2726} INFO - Sync 1 DAGs
[2023-07-09T19:19:03.371+0000] {logging_mixin.py:149} INFO - [2023-07-09T19:19:03.371+0000] {dag.py:3490} INFO - Setting next_dagrun for tutorial to 2023-07-08T19:19:03.371658+00:00, run_after=2023-07-09T19:19:03.371658+00:00
[2023-07-09T19:19:03.393+0000] {processor.py:179} INFO - Processing /home/airflow/.local/lib/python3.7/site-packages/airflow/example_dags/tutorial.py took 0.077 seconds
[2023-07-09T19:19:33.542+0000] {processor.py:157} INFO - Started process (PID=2328) to work on /home/airflow/.local/lib/python3.7/site-packages/airflow/example_dags/tutorial.py
[2023-07-09T19:19:33.543+0000] {processor.py:826} INFO - Processing file /home/airflow/.local/lib/python3.7/site-packages/airflow/example_dags/tutorial.py for tasks to queue
[2023-07-09T19:19:33.544+0000] {logging_mixin.py:149} INFO - [2023-07-09T19:19:33.543+0000] {dagbag.py:541} INFO - Filling up the DagBag from /home/airflow/.local/lib/python3.7/site-packages/airflow/example_dags/tutorial.py
[2023-07-09T19:19:33.549+0000] {processor.py:836} INFO - DAG(s) dict_keys(['tutorial']) retrieved from /home/airflow/.local/lib/python3.7/site-packages/airflow/example_dags/tutorial.py
[2023-07-09T19:19:33.571+0000] {logging_mixin.py:149} INFO - [2023-07-09T19:19:33.571+0000] {dag.py:2726} INFO - Sync 1 DAGs
[2023-07-09T19:19:33.593+0000] {logging_mixin.py:149} INFO - [2023-07-09T19:19:33.593+0000] {dag.py:3490} INFO - Setting next_dagrun for tutorial to 2023-07-08T19:19:33.593242+00:00, run_after=2023-07-09T19:19:33.593242+00:00
[2023-07-09T19:19:33.631+0000] {processor.py:179} INFO - Processing /home/airflow/.local/lib/python3.7/site-packages/airflow/example_dags/tutorial.py took 0.092 seconds
[2023-07-09T19:20:03.795+0000] {processor.py:157} INFO - Started process (PID=2390) to work on /home/airflow/.local/lib/python3.7/site-packages/airflow/example_dags/tutorial.py
[2023-07-09T19:20:03.796+0000] {processor.py:826} INFO - Processing file /home/airflow/.local/lib/python3.7/site-packages/airflow/example_dags/tutorial.py for tasks to queue
[2023-07-09T19:20:03.797+0000] {logging_mixin.py:149} INFO - [2023-07-09T19:20:03.797+0000] {dagbag.py:541} INFO - Filling up the DagBag from /home/airflow/.local/lib/python3.7/site-packages/airflow/example_dags/tutorial.py
[2023-07-09T19:20:03.802+0000] {processor.py:836} INFO - DAG(s) dict_keys(['tutorial']) retrieved from /home/airflow/.local/lib/python3.7/site-packages/airflow/example_dags/tutorial.py
[2023-07-09T19:20:03.826+0000] {logging_mixin.py:149} INFO - [2023-07-09T19:20:03.826+0000] {dag.py:2726} INFO - Sync 1 DAGs
[2023-07-09T19:20:03.848+0000] {logging_mixin.py:149} INFO - [2023-07-09T19:20:03.848+0000] {dag.py:3490} INFO - Setting next_dagrun for tutorial to 2023-07-08T19:20:03.847807+00:00, run_after=2023-07-09T19:20:03.847807+00:00
[2023-07-09T19:20:03.875+0000] {processor.py:179} INFO - Processing /home/airflow/.local/lib/python3.7/site-packages/airflow/example_dags/tutorial.py took 0.083 seconds
[2023-07-09T19:20:34.141+0000] {processor.py:157} INFO - Started process (PID=2452) to work on /home/airflow/.local/lib/python3.7/site-packages/airflow/example_dags/tutorial.py
[2023-07-09T19:20:34.142+0000] {processor.py:826} INFO - Processing file /home/airflow/.local/lib/python3.7/site-packages/airflow/example_dags/tutorial.py for tasks to queue
[2023-07-09T19:20:34.143+0000] {logging_mixin.py:149} INFO - [2023-07-09T19:20:34.143+0000] {dagbag.py:541} INFO - Filling up the DagBag from /home/airflow/.local/lib/python3.7/site-packages/airflow/example_dags/tutorial.py
[2023-07-09T19:20:34.148+0000] {processor.py:836} INFO - DAG(s) dict_keys(['tutorial']) retrieved from /home/airflow/.local/lib/python3.7/site-packages/airflow/example_dags/tutorial.py
[2023-07-09T19:20:34.173+0000] {logging_mixin.py:149} INFO - [2023-07-09T19:20:34.172+0000] {dag.py:2726} INFO - Sync 1 DAGs
[2023-07-09T19:20:34.200+0000] {logging_mixin.py:149} INFO - [2023-07-09T19:20:34.200+0000] {dag.py:3490} INFO - Setting next_dagrun for tutorial to 2023-07-08T19:20:34.200430+00:00, run_after=2023-07-09T19:20:34.200430+00:00
[2023-07-09T19:20:34.224+0000] {processor.py:179} INFO - Processing /home/airflow/.local/lib/python3.7/site-packages/airflow/example_dags/tutorial.py took 0.087 seconds
[2023-07-09T19:21:04.449+0000] {processor.py:157} INFO - Started process (PID=2514) to work on /home/airflow/.local/lib/python3.7/site-packages/airflow/example_dags/tutorial.py
[2023-07-09T19:21:04.450+0000] {processor.py:826} INFO - Processing file /home/airflow/.local/lib/python3.7/site-packages/airflow/example_dags/tutorial.py for tasks to queue
[2023-07-09T19:21:04.451+0000] {logging_mixin.py:149} INFO - [2023-07-09T19:21:04.451+0000] {dagbag.py:541} INFO - Filling up the DagBag from /home/airflow/.local/lib/python3.7/site-packages/airflow/example_dags/tutorial.py
[2023-07-09T19:21:04.457+0000] {processor.py:836} INFO - DAG(s) dict_keys(['tutorial']) retrieved from /home/airflow/.local/lib/python3.7/site-packages/airflow/example_dags/tutorial.py
[2023-07-09T19:21:04.489+0000] {logging_mixin.py:149} INFO - [2023-07-09T19:21:04.488+0000] {dag.py:2726} INFO - Sync 1 DAGs
[2023-07-09T19:21:04.518+0000] {logging_mixin.py:149} INFO - [2023-07-09T19:21:04.518+0000] {dag.py:3490} INFO - Setting next_dagrun for tutorial to 2023-07-08T19:21:04.518431+00:00, run_after=2023-07-09T19:21:04.518431+00:00
[2023-07-09T19:21:04.546+0000] {processor.py:179} INFO - Processing /home/airflow/.local/lib/python3.7/site-packages/airflow/example_dags/tutorial.py took 0.101 seconds
[2023-07-09T19:21:34.921+0000] {processor.py:157} INFO - Started process (PID=2576) to work on /home/airflow/.local/lib/python3.7/site-packages/airflow/example_dags/tutorial.py
[2023-07-09T19:21:34.922+0000] {processor.py:826} INFO - Processing file /home/airflow/.local/lib/python3.7/site-packages/airflow/example_dags/tutorial.py for tasks to queue
[2023-07-09T19:21:34.923+0000] {logging_mixin.py:149} INFO - [2023-07-09T19:21:34.923+0000] {dagbag.py:541} INFO - Filling up the DagBag from /home/airflow/.local/lib/python3.7/site-packages/airflow/example_dags/tutorial.py
[2023-07-09T19:21:34.928+0000] {processor.py:836} INFO - DAG(s) dict_keys(['tutorial']) retrieved from /home/airflow/.local/lib/python3.7/site-packages/airflow/example_dags/tutorial.py
[2023-07-09T19:21:34.952+0000] {logging_mixin.py:149} INFO - [2023-07-09T19:21:34.952+0000] {dag.py:2726} INFO - Sync 1 DAGs
[2023-07-09T19:21:34.980+0000] {logging_mixin.py:149} INFO - [2023-07-09T19:21:34.980+0000] {dag.py:3490} INFO - Setting next_dagrun for tutorial to 2023-07-08T19:21:34.980316+00:00, run_after=2023-07-09T19:21:34.980316+00:00
[2023-07-09T19:21:35.007+0000] {processor.py:179} INFO - Processing /home/airflow/.local/lib/python3.7/site-packages/airflow/example_dags/tutorial.py took 0.090 seconds
[2023-07-09T19:22:05.201+0000] {processor.py:157} INFO - Started process (PID=2638) to work on /home/airflow/.local/lib/python3.7/site-packages/airflow/example_dags/tutorial.py
[2023-07-09T19:22:05.202+0000] {processor.py:826} INFO - Processing file /home/airflow/.local/lib/python3.7/site-packages/airflow/example_dags/tutorial.py for tasks to queue
[2023-07-09T19:22:05.203+0000] {logging_mixin.py:149} INFO - [2023-07-09T19:22:05.203+0000] {dagbag.py:541} INFO - Filling up the DagBag from /home/airflow/.local/lib/python3.7/site-packages/airflow/example_dags/tutorial.py
[2023-07-09T19:22:05.209+0000] {processor.py:836} INFO - DAG(s) dict_keys(['tutorial']) retrieved from /home/airflow/.local/lib/python3.7/site-packages/airflow/example_dags/tutorial.py
[2023-07-09T19:22:05.243+0000] {logging_mixin.py:149} INFO - [2023-07-09T19:22:05.242+0000] {dag.py:2726} INFO - Sync 1 DAGs
[2023-07-09T19:22:05.271+0000] {logging_mixin.py:149} INFO - [2023-07-09T19:22:05.271+0000] {dag.py:3490} INFO - Setting next_dagrun for tutorial to 2023-07-08T19:22:05.271172+00:00, run_after=2023-07-09T19:22:05.271172+00:00
[2023-07-09T19:22:05.294+0000] {processor.py:179} INFO - Processing /home/airflow/.local/lib/python3.7/site-packages/airflow/example_dags/tutorial.py took 0.095 seconds
[2023-07-09T19:22:35.454+0000] {processor.py:157} INFO - Started process (PID=2700) to work on /home/airflow/.local/lib/python3.7/site-packages/airflow/example_dags/tutorial.py
[2023-07-09T19:22:35.455+0000] {processor.py:826} INFO - Processing file /home/airflow/.local/lib/python3.7/site-packages/airflow/example_dags/tutorial.py for tasks to queue
[2023-07-09T19:22:35.456+0000] {logging_mixin.py:149} INFO - [2023-07-09T19:22:35.456+0000] {dagbag.py:541} INFO - Filling up the DagBag from /home/airflow/.local/lib/python3.7/site-packages/airflow/example_dags/tutorial.py
[2023-07-09T19:22:35.461+0000] {processor.py:836} INFO - DAG(s) dict_keys(['tutorial']) retrieved from /home/airflow/.local/lib/python3.7/site-packages/airflow/example_dags/tutorial.py
[2023-07-09T19:22:35.485+0000] {logging_mixin.py:149} INFO - [2023-07-09T19:22:35.485+0000] {dag.py:2726} INFO - Sync 1 DAGs
[2023-07-09T19:22:35.507+0000] {logging_mixin.py:149} INFO - [2023-07-09T19:22:35.507+0000] {dag.py:3490} INFO - Setting next_dagrun for tutorial to 2023-07-08T19:22:35.507355+00:00, run_after=2023-07-09T19:22:35.507355+00:00
[2023-07-09T19:22:35.527+0000] {processor.py:179} INFO - Processing /home/airflow/.local/lib/python3.7/site-packages/airflow/example_dags/tutorial.py took 0.076 seconds
[2023-07-09T19:23:05.674+0000] {processor.py:157} INFO - Started process (PID=2762) to work on /home/airflow/.local/lib/python3.7/site-packages/airflow/example_dags/tutorial.py
[2023-07-09T19:23:05.676+0000] {processor.py:826} INFO - Processing file /home/airflow/.local/lib/python3.7/site-packages/airflow/example_dags/tutorial.py for tasks to queue
[2023-07-09T19:23:05.676+0000] {logging_mixin.py:149} INFO - [2023-07-09T19:23:05.676+0000] {dagbag.py:541} INFO - Filling up the DagBag from /home/airflow/.local/lib/python3.7/site-packages/airflow/example_dags/tutorial.py
[2023-07-09T19:23:05.682+0000] {processor.py:836} INFO - DAG(s) dict_keys(['tutorial']) retrieved from /home/airflow/.local/lib/python3.7/site-packages/airflow/example_dags/tutorial.py
[2023-07-09T19:23:05.705+0000] {logging_mixin.py:149} INFO - [2023-07-09T19:23:05.705+0000] {dag.py:2726} INFO - Sync 1 DAGs
[2023-07-09T19:23:05.735+0000] {logging_mixin.py:149} INFO - [2023-07-09T19:23:05.734+0000] {dag.py:3490} INFO - Setting next_dagrun for tutorial to 2023-07-08T19:23:05.734679+00:00, run_after=2023-07-09T19:23:05.734679+00:00
[2023-07-09T19:23:05.754+0000] {processor.py:179} INFO - Processing /home/airflow/.local/lib/python3.7/site-packages/airflow/example_dags/tutorial.py took 0.082 seconds
[2023-07-09T19:23:35.801+0000] {processor.py:157} INFO - Started process (PID=2824) to work on /home/airflow/.local/lib/python3.7/site-packages/airflow/example_dags/tutorial.py
[2023-07-09T19:23:35.802+0000] {processor.py:826} INFO - Processing file /home/airflow/.local/lib/python3.7/site-packages/airflow/example_dags/tutorial.py for tasks to queue
[2023-07-09T19:23:35.803+0000] {logging_mixin.py:149} INFO - [2023-07-09T19:23:35.803+0000] {dagbag.py:541} INFO - Filling up the DagBag from /home/airflow/.local/lib/python3.7/site-packages/airflow/example_dags/tutorial.py
[2023-07-09T19:23:35.810+0000] {processor.py:836} INFO - DAG(s) dict_keys(['tutorial']) retrieved from /home/airflow/.local/lib/python3.7/site-packages/airflow/example_dags/tutorial.py
[2023-07-09T19:23:35.832+0000] {logging_mixin.py:149} INFO - [2023-07-09T19:23:35.832+0000] {dag.py:2726} INFO - Sync 1 DAGs
[2023-07-09T19:23:35.855+0000] {logging_mixin.py:149} INFO - [2023-07-09T19:23:35.854+0000] {dag.py:3490} INFO - Setting next_dagrun for tutorial to 2023-07-08T19:23:35.854803+00:00, run_after=2023-07-09T19:23:35.854803+00:00
[2023-07-09T19:23:35.874+0000] {processor.py:179} INFO - Processing /home/airflow/.local/lib/python3.7/site-packages/airflow/example_dags/tutorial.py took 0.076 seconds
[2023-07-09T19:24:06.304+0000] {processor.py:157} INFO - Started process (PID=2887) to work on /home/airflow/.local/lib/python3.7/site-packages/airflow/example_dags/tutorial.py
[2023-07-09T19:24:06.305+0000] {processor.py:826} INFO - Processing file /home/airflow/.local/lib/python3.7/site-packages/airflow/example_dags/tutorial.py for tasks to queue
[2023-07-09T19:24:06.306+0000] {logging_mixin.py:149} INFO - [2023-07-09T19:24:06.306+0000] {dagbag.py:541} INFO - Filling up the DagBag from /home/airflow/.local/lib/python3.7/site-packages/airflow/example_dags/tutorial.py
[2023-07-09T19:24:06.313+0000] {processor.py:836} INFO - DAG(s) dict_keys(['tutorial']) retrieved from /home/airflow/.local/lib/python3.7/site-packages/airflow/example_dags/tutorial.py
[2023-07-09T19:24:06.339+0000] {logging_mixin.py:149} INFO - [2023-07-09T19:24:06.339+0000] {dag.py:2726} INFO - Sync 1 DAGs
[2023-07-09T19:24:06.363+0000] {logging_mixin.py:149} INFO - [2023-07-09T19:24:06.363+0000] {dag.py:3490} INFO - Setting next_dagrun for tutorial to 2023-07-08T19:24:06.363473+00:00, run_after=2023-07-09T19:24:06.363473+00:00
[2023-07-09T19:24:06.385+0000] {processor.py:179} INFO - Processing /home/airflow/.local/lib/python3.7/site-packages/airflow/example_dags/tutorial.py took 0.083 seconds
[2023-07-09T19:24:36.602+0000] {processor.py:157} INFO - Started process (PID=2949) to work on /home/airflow/.local/lib/python3.7/site-packages/airflow/example_dags/tutorial.py
[2023-07-09T19:24:36.603+0000] {processor.py:826} INFO - Processing file /home/airflow/.local/lib/python3.7/site-packages/airflow/example_dags/tutorial.py for tasks to queue
[2023-07-09T19:24:36.604+0000] {logging_mixin.py:149} INFO - [2023-07-09T19:24:36.604+0000] {dagbag.py:541} INFO - Filling up the DagBag from /home/airflow/.local/lib/python3.7/site-packages/airflow/example_dags/tutorial.py
[2023-07-09T19:24:36.610+0000] {processor.py:836} INFO - DAG(s) dict_keys(['tutorial']) retrieved from /home/airflow/.local/lib/python3.7/site-packages/airflow/example_dags/tutorial.py
[2023-07-09T19:24:36.634+0000] {logging_mixin.py:149} INFO - [2023-07-09T19:24:36.634+0000] {dag.py:2726} INFO - Sync 1 DAGs
[2023-07-09T19:24:36.657+0000] {logging_mixin.py:149} INFO - [2023-07-09T19:24:36.657+0000] {dag.py:3490} INFO - Setting next_dagrun for tutorial to 2023-07-08T19:24:36.657311+00:00, run_after=2023-07-09T19:24:36.657311+00:00
[2023-07-09T19:24:36.685+0000] {processor.py:179} INFO - Processing /home/airflow/.local/lib/python3.7/site-packages/airflow/example_dags/tutorial.py took 0.085 seconds
[2023-07-09T19:25:06.776+0000] {processor.py:157} INFO - Started process (PID=3010) to work on /home/airflow/.local/lib/python3.7/site-packages/airflow/example_dags/tutorial.py
[2023-07-09T19:25:06.777+0000] {processor.py:826} INFO - Processing file /home/airflow/.local/lib/python3.7/site-packages/airflow/example_dags/tutorial.py for tasks to queue
[2023-07-09T19:25:06.778+0000] {logging_mixin.py:149} INFO - [2023-07-09T19:25:06.778+0000] {dagbag.py:541} INFO - Filling up the DagBag from /home/airflow/.local/lib/python3.7/site-packages/airflow/example_dags/tutorial.py
[2023-07-09T19:25:06.784+0000] {processor.py:836} INFO - DAG(s) dict_keys(['tutorial']) retrieved from /home/airflow/.local/lib/python3.7/site-packages/airflow/example_dags/tutorial.py
[2023-07-09T19:25:06.805+0000] {logging_mixin.py:149} INFO - [2023-07-09T19:25:06.805+0000] {dag.py:2726} INFO - Sync 1 DAGs
[2023-07-09T19:25:06.827+0000] {logging_mixin.py:149} INFO - [2023-07-09T19:25:06.827+0000] {dag.py:3490} INFO - Setting next_dagrun for tutorial to 2023-07-08T19:25:06.826915+00:00, run_after=2023-07-09T19:25:06.826915+00:00
[2023-07-09T19:25:06.846+0000] {processor.py:179} INFO - Processing /home/airflow/.local/lib/python3.7/site-packages/airflow/example_dags/tutorial.py took 0.073 seconds
[2023-07-09T19:25:37.478+0000] {processor.py:157} INFO - Started process (PID=3064) to work on /home/airflow/.local/lib/python3.7/site-packages/airflow/example_dags/tutorial.py
[2023-07-09T19:25:37.479+0000] {processor.py:826} INFO - Processing file /home/airflow/.local/lib/python3.7/site-packages/airflow/example_dags/tutorial.py for tasks to queue
[2023-07-09T19:25:37.479+0000] {logging_mixin.py:149} INFO - [2023-07-09T19:25:37.479+0000] {dagbag.py:541} INFO - Filling up the DagBag from /home/airflow/.local/lib/python3.7/site-packages/airflow/example_dags/tutorial.py
[2023-07-09T19:25:37.485+0000] {processor.py:836} INFO - DAG(s) dict_keys(['tutorial']) retrieved from /home/airflow/.local/lib/python3.7/site-packages/airflow/example_dags/tutorial.py
[2023-07-09T19:25:37.508+0000] {logging_mixin.py:149} INFO - [2023-07-09T19:25:37.508+0000] {dag.py:2726} INFO - Sync 1 DAGs
[2023-07-09T19:25:37.532+0000] {logging_mixin.py:149} INFO - [2023-07-09T19:25:37.532+0000] {dag.py:3490} INFO - Setting next_dagrun for tutorial to 2023-07-08T19:25:37.531964+00:00, run_after=2023-07-09T19:25:37.531964+00:00
[2023-07-09T19:25:37.556+0000] {processor.py:179} INFO - Processing /home/airflow/.local/lib/python3.7/site-packages/airflow/example_dags/tutorial.py took 0.081 seconds
[2023-07-09T19:26:07.959+0000] {processor.py:157} INFO - Started process (PID=3126) to work on /home/airflow/.local/lib/python3.7/site-packages/airflow/example_dags/tutorial.py
[2023-07-09T19:26:07.960+0000] {processor.py:826} INFO - Processing file /home/airflow/.local/lib/python3.7/site-packages/airflow/example_dags/tutorial.py for tasks to queue
[2023-07-09T19:26:07.961+0000] {logging_mixin.py:149} INFO - [2023-07-09T19:26:07.960+0000] {dagbag.py:541} INFO - Filling up the DagBag from /home/airflow/.local/lib/python3.7/site-packages/airflow/example_dags/tutorial.py
[2023-07-09T19:26:07.967+0000] {processor.py:836} INFO - DAG(s) dict_keys(['tutorial']) retrieved from /home/airflow/.local/lib/python3.7/site-packages/airflow/example_dags/tutorial.py
[2023-07-09T19:26:07.994+0000] {logging_mixin.py:149} INFO - [2023-07-09T19:26:07.994+0000] {dag.py:2726} INFO - Sync 1 DAGs
[2023-07-09T19:26:08.026+0000] {logging_mixin.py:149} INFO - [2023-07-09T19:26:08.025+0000] {dag.py:3490} INFO - Setting next_dagrun for tutorial to 2023-07-08T19:26:08.025640+00:00, run_after=2023-07-09T19:26:08.025640+00:00
[2023-07-09T19:26:08.054+0000] {processor.py:179} INFO - Processing /home/airflow/.local/lib/python3.7/site-packages/airflow/example_dags/tutorial.py took 0.099 seconds
[2023-07-09T19:26:38.617+0000] {processor.py:157} INFO - Started process (PID=3188) to work on /home/airflow/.local/lib/python3.7/site-packages/airflow/example_dags/tutorial.py
[2023-07-09T19:26:38.618+0000] {processor.py:826} INFO - Processing file /home/airflow/.local/lib/python3.7/site-packages/airflow/example_dags/tutorial.py for tasks to queue
[2023-07-09T19:26:38.619+0000] {logging_mixin.py:149} INFO - [2023-07-09T19:26:38.619+0000] {dagbag.py:541} INFO - Filling up the DagBag from /home/airflow/.local/lib/python3.7/site-packages/airflow/example_dags/tutorial.py
[2023-07-09T19:26:38.626+0000] {processor.py:836} INFO - DAG(s) dict_keys(['tutorial']) retrieved from /home/airflow/.local/lib/python3.7/site-packages/airflow/example_dags/tutorial.py
[2023-07-09T19:26:38.651+0000] {logging_mixin.py:149} INFO - [2023-07-09T19:26:38.651+0000] {dag.py:2726} INFO - Sync 1 DAGs
[2023-07-09T19:26:38.680+0000] {logging_mixin.py:149} INFO - [2023-07-09T19:26:38.680+0000] {dag.py:3490} INFO - Setting next_dagrun for tutorial to 2023-07-08T19:26:38.680265+00:00, run_after=2023-07-09T19:26:38.680265+00:00
[2023-07-09T19:26:38.705+0000] {processor.py:179} INFO - Processing /home/airflow/.local/lib/python3.7/site-packages/airflow/example_dags/tutorial.py took 0.091 seconds
[2023-07-09T19:27:09.051+0000] {processor.py:157} INFO - Started process (PID=3250) to work on /home/airflow/.local/lib/python3.7/site-packages/airflow/example_dags/tutorial.py
[2023-07-09T19:27:09.052+0000] {processor.py:826} INFO - Processing file /home/airflow/.local/lib/python3.7/site-packages/airflow/example_dags/tutorial.py for tasks to queue
[2023-07-09T19:27:09.053+0000] {logging_mixin.py:149} INFO - [2023-07-09T19:27:09.053+0000] {dagbag.py:541} INFO - Filling up the DagBag from /home/airflow/.local/lib/python3.7/site-packages/airflow/example_dags/tutorial.py
[2023-07-09T19:27:09.063+0000] {processor.py:836} INFO - DAG(s) dict_keys(['tutorial']) retrieved from /home/airflow/.local/lib/python3.7/site-packages/airflow/example_dags/tutorial.py
[2023-07-09T19:27:09.089+0000] {logging_mixin.py:149} INFO - [2023-07-09T19:27:09.089+0000] {dag.py:2726} INFO - Sync 1 DAGs
[2023-07-09T19:27:09.122+0000] {logging_mixin.py:149} INFO - [2023-07-09T19:27:09.122+0000] {dag.py:3490} INFO - Setting next_dagrun for tutorial to 2023-07-08T19:27:09.122263+00:00, run_after=2023-07-09T19:27:09.122263+00:00
[2023-07-09T19:27:09.151+0000] {processor.py:179} INFO - Processing /home/airflow/.local/lib/python3.7/site-packages/airflow/example_dags/tutorial.py took 0.103 seconds
[2023-07-09T19:27:39.770+0000] {processor.py:157} INFO - Started process (PID=3313) to work on /home/airflow/.local/lib/python3.7/site-packages/airflow/example_dags/tutorial.py
[2023-07-09T19:27:39.771+0000] {processor.py:826} INFO - Processing file /home/airflow/.local/lib/python3.7/site-packages/airflow/example_dags/tutorial.py for tasks to queue
[2023-07-09T19:27:39.772+0000] {logging_mixin.py:149} INFO - [2023-07-09T19:27:39.772+0000] {dagbag.py:541} INFO - Filling up the DagBag from /home/airflow/.local/lib/python3.7/site-packages/airflow/example_dags/tutorial.py
[2023-07-09T19:27:39.779+0000] {processor.py:836} INFO - DAG(s) dict_keys(['tutorial']) retrieved from /home/airflow/.local/lib/python3.7/site-packages/airflow/example_dags/tutorial.py
[2023-07-09T19:27:39.805+0000] {logging_mixin.py:149} INFO - [2023-07-09T19:27:39.805+0000] {dag.py:2726} INFO - Sync 1 DAGs
[2023-07-09T19:27:39.834+0000] {logging_mixin.py:149} INFO - [2023-07-09T19:27:39.834+0000] {dag.py:3490} INFO - Setting next_dagrun for tutorial to 2023-07-08T19:27:39.834388+00:00, run_after=2023-07-09T19:27:39.834388+00:00
[2023-07-09T19:27:39.857+0000] {processor.py:179} INFO - Processing /home/airflow/.local/lib/python3.7/site-packages/airflow/example_dags/tutorial.py took 0.090 seconds
[2023-07-09T19:28:10.408+0000] {processor.py:157} INFO - Started process (PID=3375) to work on /home/airflow/.local/lib/python3.7/site-packages/airflow/example_dags/tutorial.py
[2023-07-09T19:28:10.409+0000] {processor.py:826} INFO - Processing file /home/airflow/.local/lib/python3.7/site-packages/airflow/example_dags/tutorial.py for tasks to queue
[2023-07-09T19:28:10.410+0000] {logging_mixin.py:149} INFO - [2023-07-09T19:28:10.410+0000] {dagbag.py:541} INFO - Filling up the DagBag from /home/airflow/.local/lib/python3.7/site-packages/airflow/example_dags/tutorial.py
[2023-07-09T19:28:10.415+0000] {processor.py:836} INFO - DAG(s) dict_keys(['tutorial']) retrieved from /home/airflow/.local/lib/python3.7/site-packages/airflow/example_dags/tutorial.py
[2023-07-09T19:28:10.438+0000] {logging_mixin.py:149} INFO - [2023-07-09T19:28:10.438+0000] {dag.py:2726} INFO - Sync 1 DAGs
[2023-07-09T19:28:10.461+0000] {logging_mixin.py:149} INFO - [2023-07-09T19:28:10.461+0000] {dag.py:3490} INFO - Setting next_dagrun for tutorial to 2023-07-08T19:28:10.461043+00:00, run_after=2023-07-09T19:28:10.461043+00:00
[2023-07-09T19:28:10.484+0000] {processor.py:179} INFO - Processing /home/airflow/.local/lib/python3.7/site-packages/airflow/example_dags/tutorial.py took 0.079 seconds
[2023-07-09T19:28:40.871+0000] {processor.py:157} INFO - Started process (PID=3437) to work on /home/airflow/.local/lib/python3.7/site-packages/airflow/example_dags/tutorial.py
[2023-07-09T19:28:40.872+0000] {processor.py:826} INFO - Processing file /home/airflow/.local/lib/python3.7/site-packages/airflow/example_dags/tutorial.py for tasks to queue
[2023-07-09T19:28:40.873+0000] {logging_mixin.py:149} INFO - [2023-07-09T19:28:40.873+0000] {dagbag.py:541} INFO - Filling up the DagBag from /home/airflow/.local/lib/python3.7/site-packages/airflow/example_dags/tutorial.py
[2023-07-09T19:28:40.879+0000] {processor.py:836} INFO - DAG(s) dict_keys(['tutorial']) retrieved from /home/airflow/.local/lib/python3.7/site-packages/airflow/example_dags/tutorial.py
[2023-07-09T19:28:40.902+0000] {logging_mixin.py:149} INFO - [2023-07-09T19:28:40.902+0000] {dag.py:2726} INFO - Sync 1 DAGs
[2023-07-09T19:28:40.926+0000] {logging_mixin.py:149} INFO - [2023-07-09T19:28:40.926+0000] {dag.py:3490} INFO - Setting next_dagrun for tutorial to 2023-07-08T19:28:40.926506+00:00, run_after=2023-07-09T19:28:40.926506+00:00
[2023-07-09T19:28:40.950+0000] {processor.py:179} INFO - Processing /home/airflow/.local/lib/python3.7/site-packages/airflow/example_dags/tutorial.py took 0.082 seconds
[2023-07-09T19:29:11.491+0000] {processor.py:157} INFO - Started process (PID=3499) to work on /home/airflow/.local/lib/python3.7/site-packages/airflow/example_dags/tutorial.py
[2023-07-09T19:29:11.492+0000] {processor.py:826} INFO - Processing file /home/airflow/.local/lib/python3.7/site-packages/airflow/example_dags/tutorial.py for tasks to queue
[2023-07-09T19:29:11.493+0000] {logging_mixin.py:149} INFO - [2023-07-09T19:29:11.493+0000] {dagbag.py:541} INFO - Filling up the DagBag from /home/airflow/.local/lib/python3.7/site-packages/airflow/example_dags/tutorial.py
[2023-07-09T19:29:11.499+0000] {processor.py:836} INFO - DAG(s) dict_keys(['tutorial']) retrieved from /home/airflow/.local/lib/python3.7/site-packages/airflow/example_dags/tutorial.py
[2023-07-09T19:29:11.522+0000] {logging_mixin.py:149} INFO - [2023-07-09T19:29:11.522+0000] {dag.py:2726} INFO - Sync 1 DAGs
[2023-07-09T19:29:11.546+0000] {logging_mixin.py:149} INFO - [2023-07-09T19:29:11.546+0000] {dag.py:3490} INFO - Setting next_dagrun for tutorial to 2023-07-08T19:29:11.546239+00:00, run_after=2023-07-09T19:29:11.546239+00:00
[2023-07-09T19:29:11.569+0000] {processor.py:179} INFO - Processing /home/airflow/.local/lib/python3.7/site-packages/airflow/example_dags/tutorial.py took 0.081 seconds
[2023-07-09T19:29:42.091+0000] {processor.py:157} INFO - Started process (PID=3561) to work on /home/airflow/.local/lib/python3.7/site-packages/airflow/example_dags/tutorial.py
[2023-07-09T19:29:42.093+0000] {processor.py:826} INFO - Processing file /home/airflow/.local/lib/python3.7/site-packages/airflow/example_dags/tutorial.py for tasks to queue
[2023-07-09T19:29:42.094+0000] {logging_mixin.py:149} INFO - [2023-07-09T19:29:42.093+0000] {dagbag.py:541} INFO - Filling up the DagBag from /home/airflow/.local/lib/python3.7/site-packages/airflow/example_dags/tutorial.py
[2023-07-09T19:29:42.099+0000] {processor.py:836} INFO - DAG(s) dict_keys(['tutorial']) retrieved from /home/airflow/.local/lib/python3.7/site-packages/airflow/example_dags/tutorial.py
[2023-07-09T19:29:42.122+0000] {logging_mixin.py:149} INFO - [2023-07-09T19:29:42.122+0000] {dag.py:2726} INFO - Sync 1 DAGs
[2023-07-09T19:29:42.146+0000] {logging_mixin.py:149} INFO - [2023-07-09T19:29:42.145+0000] {dag.py:3490} INFO - Setting next_dagrun for tutorial to 2023-07-08T19:29:42.145663+00:00, run_after=2023-07-09T19:29:42.145663+00:00
[2023-07-09T19:29:42.169+0000] {processor.py:179} INFO - Processing /home/airflow/.local/lib/python3.7/site-packages/airflow/example_dags/tutorial.py took 0.081 seconds
[2023-07-09T19:30:12.714+0000] {processor.py:157} INFO - Started process (PID=3623) to work on /home/airflow/.local/lib/python3.7/site-packages/airflow/example_dags/tutorial.py
[2023-07-09T19:30:12.715+0000] {processor.py:826} INFO - Processing file /home/airflow/.local/lib/python3.7/site-packages/airflow/example_dags/tutorial.py for tasks to queue
[2023-07-09T19:30:12.716+0000] {logging_mixin.py:149} INFO - [2023-07-09T19:30:12.716+0000] {dagbag.py:541} INFO - Filling up the DagBag from /home/airflow/.local/lib/python3.7/site-packages/airflow/example_dags/tutorial.py
[2023-07-09T19:30:12.722+0000] {processor.py:836} INFO - DAG(s) dict_keys(['tutorial']) retrieved from /home/airflow/.local/lib/python3.7/site-packages/airflow/example_dags/tutorial.py
[2023-07-09T19:30:12.748+0000] {logging_mixin.py:149} INFO - [2023-07-09T19:30:12.748+0000] {dag.py:2726} INFO - Sync 1 DAGs
[2023-07-09T19:30:12.774+0000] {logging_mixin.py:149} INFO - [2023-07-09T19:30:12.774+0000] {dag.py:3490} INFO - Setting next_dagrun for tutorial to 2023-07-08T19:30:12.774178+00:00, run_after=2023-07-09T19:30:12.774178+00:00
[2023-07-09T19:30:12.797+0000] {processor.py:179} INFO - Processing /home/airflow/.local/lib/python3.7/site-packages/airflow/example_dags/tutorial.py took 0.086 seconds
[2023-07-09T19:30:43.581+0000] {processor.py:157} INFO - Started process (PID=3685) to work on /home/airflow/.local/lib/python3.7/site-packages/airflow/example_dags/tutorial.py
[2023-07-09T19:30:43.582+0000] {processor.py:826} INFO - Processing file /home/airflow/.local/lib/python3.7/site-packages/airflow/example_dags/tutorial.py for tasks to queue
[2023-07-09T19:30:43.583+0000] {logging_mixin.py:149} INFO - [2023-07-09T19:30:43.583+0000] {dagbag.py:541} INFO - Filling up the DagBag from /home/airflow/.local/lib/python3.7/site-packages/airflow/example_dags/tutorial.py
[2023-07-09T19:30:43.591+0000] {processor.py:836} INFO - DAG(s) dict_keys(['tutorial']) retrieved from /home/airflow/.local/lib/python3.7/site-packages/airflow/example_dags/tutorial.py
[2023-07-09T19:30:43.616+0000] {logging_mixin.py:149} INFO - [2023-07-09T19:30:43.616+0000] {dag.py:2726} INFO - Sync 1 DAGs
[2023-07-09T19:30:43.640+0000] {logging_mixin.py:149} INFO - [2023-07-09T19:30:43.640+0000] {dag.py:3490} INFO - Setting next_dagrun for tutorial to 2023-07-08T19:30:43.640275+00:00, run_after=2023-07-09T19:30:43.640275+00:00
[2023-07-09T19:30:43.663+0000] {processor.py:179} INFO - Processing /home/airflow/.local/lib/python3.7/site-packages/airflow/example_dags/tutorial.py took 0.086 seconds
[2023-07-09T19:31:13.852+0000] {processor.py:157} INFO - Started process (PID=3747) to work on /home/airflow/.local/lib/python3.7/site-packages/airflow/example_dags/tutorial.py
[2023-07-09T19:31:13.853+0000] {processor.py:826} INFO - Processing file /home/airflow/.local/lib/python3.7/site-packages/airflow/example_dags/tutorial.py for tasks to queue
[2023-07-09T19:31:13.854+0000] {logging_mixin.py:149} INFO - [2023-07-09T19:31:13.854+0000] {dagbag.py:541} INFO - Filling up the DagBag from /home/airflow/.local/lib/python3.7/site-packages/airflow/example_dags/tutorial.py
[2023-07-09T19:31:13.860+0000] {processor.py:836} INFO - DAG(s) dict_keys(['tutorial']) retrieved from /home/airflow/.local/lib/python3.7/site-packages/airflow/example_dags/tutorial.py
[2023-07-09T19:31:13.885+0000] {logging_mixin.py:149} INFO - [2023-07-09T19:31:13.885+0000] {dag.py:2726} INFO - Sync 1 DAGs
[2023-07-09T19:31:13.914+0000] {logging_mixin.py:149} INFO - [2023-07-09T19:31:13.914+0000] {dag.py:3490} INFO - Setting next_dagrun for tutorial to 2023-07-08T19:31:13.914232+00:00, run_after=2023-07-09T19:31:13.914232+00:00
[2023-07-09T19:31:13.948+0000] {processor.py:179} INFO - Processing /home/airflow/.local/lib/python3.7/site-packages/airflow/example_dags/tutorial.py took 0.099 seconds
[2023-07-09T19:31:44.348+0000] {processor.py:157} INFO - Started process (PID=3816) to work on /home/airflow/.local/lib/python3.7/site-packages/airflow/example_dags/tutorial.py
[2023-07-09T19:31:44.349+0000] {processor.py:826} INFO - Processing file /home/airflow/.local/lib/python3.7/site-packages/airflow/example_dags/tutorial.py for tasks to queue
[2023-07-09T19:31:44.350+0000] {logging_mixin.py:149} INFO - [2023-07-09T19:31:44.350+0000] {dagbag.py:541} INFO - Filling up the DagBag from /home/airflow/.local/lib/python3.7/site-packages/airflow/example_dags/tutorial.py
[2023-07-09T19:31:44.357+0000] {processor.py:836} INFO - DAG(s) dict_keys(['tutorial']) retrieved from /home/airflow/.local/lib/python3.7/site-packages/airflow/example_dags/tutorial.py
[2023-07-09T19:31:44.379+0000] {logging_mixin.py:149} INFO - [2023-07-09T19:31:44.379+0000] {dag.py:2726} INFO - Sync 1 DAGs
[2023-07-09T19:31:44.403+0000] {logging_mixin.py:149} INFO - [2023-07-09T19:31:44.403+0000] {dag.py:3490} INFO - Setting next_dagrun for tutorial to 2023-07-08T19:31:44.403070+00:00, run_after=2023-07-09T19:31:44.403070+00:00
[2023-07-09T19:31:44.432+0000] {processor.py:179} INFO - Processing /home/airflow/.local/lib/python3.7/site-packages/airflow/example_dags/tutorial.py took 0.086 seconds
[2023-07-09T19:32:14.657+0000] {processor.py:157} INFO - Started process (PID=3878) to work on /home/airflow/.local/lib/python3.7/site-packages/airflow/example_dags/tutorial.py
[2023-07-09T19:32:14.659+0000] {processor.py:826} INFO - Processing file /home/airflow/.local/lib/python3.7/site-packages/airflow/example_dags/tutorial.py for tasks to queue
[2023-07-09T19:32:14.660+0000] {logging_mixin.py:149} INFO - [2023-07-09T19:32:14.660+0000] {dagbag.py:541} INFO - Filling up the DagBag from /home/airflow/.local/lib/python3.7/site-packages/airflow/example_dags/tutorial.py
[2023-07-09T19:32:14.666+0000] {processor.py:836} INFO - DAG(s) dict_keys(['tutorial']) retrieved from /home/airflow/.local/lib/python3.7/site-packages/airflow/example_dags/tutorial.py
[2023-07-09T19:32:14.690+0000] {logging_mixin.py:149} INFO - [2023-07-09T19:32:14.690+0000] {dag.py:2726} INFO - Sync 1 DAGs
[2023-07-09T19:32:14.715+0000] {logging_mixin.py:149} INFO - [2023-07-09T19:32:14.715+0000] {dag.py:3490} INFO - Setting next_dagrun for tutorial to 2023-07-08T19:32:14.714962+00:00, run_after=2023-07-09T19:32:14.714962+00:00
[2023-07-09T19:32:14.739+0000] {processor.py:179} INFO - Processing /home/airflow/.local/lib/python3.7/site-packages/airflow/example_dags/tutorial.py took 0.086 seconds
[2023-07-09T19:32:44.862+0000] {processor.py:157} INFO - Started process (PID=3940) to work on /home/airflow/.local/lib/python3.7/site-packages/airflow/example_dags/tutorial.py
[2023-07-09T19:32:44.864+0000] {processor.py:826} INFO - Processing file /home/airflow/.local/lib/python3.7/site-packages/airflow/example_dags/tutorial.py for tasks to queue
[2023-07-09T19:32:44.865+0000] {logging_mixin.py:149} INFO - [2023-07-09T19:32:44.864+0000] {dagbag.py:541} INFO - Filling up the DagBag from /home/airflow/.local/lib/python3.7/site-packages/airflow/example_dags/tutorial.py
[2023-07-09T19:32:44.871+0000] {processor.py:836} INFO - DAG(s) dict_keys(['tutorial']) retrieved from /home/airflow/.local/lib/python3.7/site-packages/airflow/example_dags/tutorial.py
[2023-07-09T19:32:44.893+0000] {logging_mixin.py:149} INFO - [2023-07-09T19:32:44.893+0000] {dag.py:2726} INFO - Sync 1 DAGs
[2023-07-09T19:32:44.921+0000] {logging_mixin.py:149} INFO - [2023-07-09T19:32:44.920+0000] {dag.py:3490} INFO - Setting next_dagrun for tutorial to 2023-07-08T19:32:44.920758+00:00, run_after=2023-07-09T19:32:44.920758+00:00
[2023-07-09T19:32:44.942+0000] {processor.py:179} INFO - Processing /home/airflow/.local/lib/python3.7/site-packages/airflow/example_dags/tutorial.py took 0.083 seconds
[2023-07-09T19:33:15.454+0000] {processor.py:157} INFO - Started process (PID=4002) to work on /home/airflow/.local/lib/python3.7/site-packages/airflow/example_dags/tutorial.py
[2023-07-09T19:33:15.456+0000] {processor.py:826} INFO - Processing file /home/airflow/.local/lib/python3.7/site-packages/airflow/example_dags/tutorial.py for tasks to queue
[2023-07-09T19:33:15.457+0000] {logging_mixin.py:149} INFO - [2023-07-09T19:33:15.457+0000] {dagbag.py:541} INFO - Filling up the DagBag from /home/airflow/.local/lib/python3.7/site-packages/airflow/example_dags/tutorial.py
[2023-07-09T19:33:15.463+0000] {processor.py:836} INFO - DAG(s) dict_keys(['tutorial']) retrieved from /home/airflow/.local/lib/python3.7/site-packages/airflow/example_dags/tutorial.py
[2023-07-09T19:33:15.486+0000] {logging_mixin.py:149} INFO - [2023-07-09T19:33:15.485+0000] {dag.py:2726} INFO - Sync 1 DAGs
[2023-07-09T19:33:15.509+0000] {logging_mixin.py:149} INFO - [2023-07-09T19:33:15.509+0000] {dag.py:3490} INFO - Setting next_dagrun for tutorial to 2023-07-08T19:33:15.509523+00:00, run_after=2023-07-09T19:33:15.509523+00:00
[2023-07-09T19:33:15.531+0000] {processor.py:179} INFO - Processing /home/airflow/.local/lib/python3.7/site-packages/airflow/example_dags/tutorial.py took 0.080 seconds
[2023-07-09T19:33:45.681+0000] {processor.py:157} INFO - Started process (PID=4064) to work on /home/airflow/.local/lib/python3.7/site-packages/airflow/example_dags/tutorial.py
[2023-07-09T19:33:45.683+0000] {processor.py:826} INFO - Processing file /home/airflow/.local/lib/python3.7/site-packages/airflow/example_dags/tutorial.py for tasks to queue
[2023-07-09T19:33:45.684+0000] {logging_mixin.py:149} INFO - [2023-07-09T19:33:45.684+0000] {dagbag.py:541} INFO - Filling up the DagBag from /home/airflow/.local/lib/python3.7/site-packages/airflow/example_dags/tutorial.py
[2023-07-09T19:33:45.690+0000] {processor.py:836} INFO - DAG(s) dict_keys(['tutorial']) retrieved from /home/airflow/.local/lib/python3.7/site-packages/airflow/example_dags/tutorial.py
[2023-07-09T19:33:45.713+0000] {logging_mixin.py:149} INFO - [2023-07-09T19:33:45.713+0000] {dag.py:2726} INFO - Sync 1 DAGs
[2023-07-09T19:33:45.738+0000] {logging_mixin.py:149} INFO - [2023-07-09T19:33:45.738+0000] {dag.py:3490} INFO - Setting next_dagrun for tutorial to 2023-07-08T19:33:45.737862+00:00, run_after=2023-07-09T19:33:45.737862+00:00
[2023-07-09T19:33:45.762+0000] {processor.py:179} INFO - Processing /home/airflow/.local/lib/python3.7/site-packages/airflow/example_dags/tutorial.py took 0.083 seconds
[2023-07-09T19:34:15.958+0000] {processor.py:157} INFO - Started process (PID=4126) to work on /home/airflow/.local/lib/python3.7/site-packages/airflow/example_dags/tutorial.py
[2023-07-09T19:34:15.959+0000] {processor.py:826} INFO - Processing file /home/airflow/.local/lib/python3.7/site-packages/airflow/example_dags/tutorial.py for tasks to queue
[2023-07-09T19:34:15.960+0000] {logging_mixin.py:149} INFO - [2023-07-09T19:34:15.960+0000] {dagbag.py:541} INFO - Filling up the DagBag from /home/airflow/.local/lib/python3.7/site-packages/airflow/example_dags/tutorial.py
[2023-07-09T19:34:15.967+0000] {processor.py:836} INFO - DAG(s) dict_keys(['tutorial']) retrieved from /home/airflow/.local/lib/python3.7/site-packages/airflow/example_dags/tutorial.py
[2023-07-09T19:34:15.989+0000] {logging_mixin.py:149} INFO - [2023-07-09T19:34:15.989+0000] {dag.py:2726} INFO - Sync 1 DAGs
[2023-07-09T19:34:16.013+0000] {logging_mixin.py:149} INFO - [2023-07-09T19:34:16.013+0000] {dag.py:3490} INFO - Setting next_dagrun for tutorial to 2023-07-08T19:34:16.012986+00:00, run_after=2023-07-09T19:34:16.012986+00:00
[2023-07-09T19:34:16.036+0000] {processor.py:179} INFO - Processing /home/airflow/.local/lib/python3.7/site-packages/airflow/example_dags/tutorial.py took 0.081 seconds
[2023-07-09T19:34:46.608+0000] {processor.py:157} INFO - Started process (PID=4188) to work on /home/airflow/.local/lib/python3.7/site-packages/airflow/example_dags/tutorial.py
[2023-07-09T19:34:46.610+0000] {processor.py:826} INFO - Processing file /home/airflow/.local/lib/python3.7/site-packages/airflow/example_dags/tutorial.py for tasks to queue
[2023-07-09T19:34:46.611+0000] {logging_mixin.py:149} INFO - [2023-07-09T19:34:46.611+0000] {dagbag.py:541} INFO - Filling up the DagBag from /home/airflow/.local/lib/python3.7/site-packages/airflow/example_dags/tutorial.py
[2023-07-09T19:34:46.616+0000] {processor.py:836} INFO - DAG(s) dict_keys(['tutorial']) retrieved from /home/airflow/.local/lib/python3.7/site-packages/airflow/example_dags/tutorial.py
[2023-07-09T19:34:46.639+0000] {logging_mixin.py:149} INFO - [2023-07-09T19:34:46.638+0000] {dag.py:2726} INFO - Sync 1 DAGs
[2023-07-09T19:34:46.662+0000] {logging_mixin.py:149} INFO - [2023-07-09T19:34:46.662+0000] {dag.py:3490} INFO - Setting next_dagrun for tutorial to 2023-07-08T19:34:46.662252+00:00, run_after=2023-07-09T19:34:46.662252+00:00
[2023-07-09T19:34:46.685+0000] {processor.py:179} INFO - Processing /home/airflow/.local/lib/python3.7/site-packages/airflow/example_dags/tutorial.py took 0.079 seconds
[2023-07-09T19:35:16.796+0000] {processor.py:157} INFO - Started process (PID=4250) to work on /home/airflow/.local/lib/python3.7/site-packages/airflow/example_dags/tutorial.py
[2023-07-09T19:35:16.798+0000] {processor.py:826} INFO - Processing file /home/airflow/.local/lib/python3.7/site-packages/airflow/example_dags/tutorial.py for tasks to queue
[2023-07-09T19:35:16.799+0000] {logging_mixin.py:149} INFO - [2023-07-09T19:35:16.798+0000] {dagbag.py:541} INFO - Filling up the DagBag from /home/airflow/.local/lib/python3.7/site-packages/airflow/example_dags/tutorial.py
[2023-07-09T19:35:16.805+0000] {processor.py:836} INFO - DAG(s) dict_keys(['tutorial']) retrieved from /home/airflow/.local/lib/python3.7/site-packages/airflow/example_dags/tutorial.py
[2023-07-09T19:35:16.830+0000] {logging_mixin.py:149} INFO - [2023-07-09T19:35:16.829+0000] {dag.py:2726} INFO - Sync 1 DAGs
[2023-07-09T19:35:16.857+0000] {logging_mixin.py:149} INFO - [2023-07-09T19:35:16.857+0000] {dag.py:3490} INFO - Setting next_dagrun for tutorial to 2023-07-08T19:35:16.857208+00:00, run_after=2023-07-09T19:35:16.857208+00:00
[2023-07-09T19:35:16.881+0000] {processor.py:179} INFO - Processing /home/airflow/.local/lib/python3.7/site-packages/airflow/example_dags/tutorial.py took 0.089 seconds
[2023-07-09T19:35:47.125+0000] {processor.py:157} INFO - Started process (PID=4312) to work on /home/airflow/.local/lib/python3.7/site-packages/airflow/example_dags/tutorial.py
[2023-07-09T19:35:47.126+0000] {processor.py:826} INFO - Processing file /home/airflow/.local/lib/python3.7/site-packages/airflow/example_dags/tutorial.py for tasks to queue
[2023-07-09T19:35:47.127+0000] {logging_mixin.py:149} INFO - [2023-07-09T19:35:47.126+0000] {dagbag.py:541} INFO - Filling up the DagBag from /home/airflow/.local/lib/python3.7/site-packages/airflow/example_dags/tutorial.py
[2023-07-09T19:35:47.132+0000] {processor.py:836} INFO - DAG(s) dict_keys(['tutorial']) retrieved from /home/airflow/.local/lib/python3.7/site-packages/airflow/example_dags/tutorial.py
[2023-07-09T19:35:47.154+0000] {logging_mixin.py:149} INFO - [2023-07-09T19:35:47.154+0000] {dag.py:2726} INFO - Sync 1 DAGs
[2023-07-09T19:35:47.180+0000] {logging_mixin.py:149} INFO - [2023-07-09T19:35:47.180+0000] {dag.py:3490} INFO - Setting next_dagrun for tutorial to 2023-07-08T19:35:47.180378+00:00, run_after=2023-07-09T19:35:47.180378+00:00
[2023-07-09T19:35:47.201+0000] {processor.py:179} INFO - Processing /home/airflow/.local/lib/python3.7/site-packages/airflow/example_dags/tutorial.py took 0.079 seconds
[2023-07-09T19:36:18.163+0000] {processor.py:157} INFO - Started process (PID=4374) to work on /home/airflow/.local/lib/python3.7/site-packages/airflow/example_dags/tutorial.py
[2023-07-09T19:36:18.164+0000] {processor.py:826} INFO - Processing file /home/airflow/.local/lib/python3.7/site-packages/airflow/example_dags/tutorial.py for tasks to queue
[2023-07-09T19:36:18.165+0000] {logging_mixin.py:149} INFO - [2023-07-09T19:36:18.165+0000] {dagbag.py:541} INFO - Filling up the DagBag from /home/airflow/.local/lib/python3.7/site-packages/airflow/example_dags/tutorial.py
[2023-07-09T19:36:18.171+0000] {processor.py:836} INFO - DAG(s) dict_keys(['tutorial']) retrieved from /home/airflow/.local/lib/python3.7/site-packages/airflow/example_dags/tutorial.py
[2023-07-09T19:36:18.193+0000] {logging_mixin.py:149} INFO - [2023-07-09T19:36:18.193+0000] {dag.py:2726} INFO - Sync 1 DAGs
[2023-07-09T19:36:18.220+0000] {logging_mixin.py:149} INFO - [2023-07-09T19:36:18.220+0000] {dag.py:3490} INFO - Setting next_dagrun for tutorial to 2023-07-08T19:36:18.220270+00:00, run_after=2023-07-09T19:36:18.220270+00:00
[2023-07-09T19:36:18.242+0000] {processor.py:179} INFO - Processing /home/airflow/.local/lib/python3.7/site-packages/airflow/example_dags/tutorial.py took 0.082 seconds
[2023-07-09T19:36:48.747+0000] {processor.py:157} INFO - Started process (PID=4436) to work on /home/airflow/.local/lib/python3.7/site-packages/airflow/example_dags/tutorial.py
[2023-07-09T19:36:48.748+0000] {processor.py:826} INFO - Processing file /home/airflow/.local/lib/python3.7/site-packages/airflow/example_dags/tutorial.py for tasks to queue
[2023-07-09T19:36:48.749+0000] {logging_mixin.py:149} INFO - [2023-07-09T19:36:48.749+0000] {dagbag.py:541} INFO - Filling up the DagBag from /home/airflow/.local/lib/python3.7/site-packages/airflow/example_dags/tutorial.py
[2023-07-09T19:36:48.755+0000] {processor.py:836} INFO - DAG(s) dict_keys(['tutorial']) retrieved from /home/airflow/.local/lib/python3.7/site-packages/airflow/example_dags/tutorial.py
[2023-07-09T19:36:48.780+0000] {logging_mixin.py:149} INFO - [2023-07-09T19:36:48.779+0000] {dag.py:2726} INFO - Sync 1 DAGs
[2023-07-09T19:36:48.803+0000] {logging_mixin.py:149} INFO - [2023-07-09T19:36:48.803+0000] {dag.py:3490} INFO - Setting next_dagrun for tutorial to 2023-07-08T19:36:48.803560+00:00, run_after=2023-07-09T19:36:48.803560+00:00
[2023-07-09T19:36:48.827+0000] {processor.py:179} INFO - Processing /home/airflow/.local/lib/python3.7/site-packages/airflow/example_dags/tutorial.py took 0.084 seconds
[2023-07-09T19:37:18.903+0000] {processor.py:157} INFO - Started process (PID=4498) to work on /home/airflow/.local/lib/python3.7/site-packages/airflow/example_dags/tutorial.py
[2023-07-09T19:37:18.904+0000] {processor.py:826} INFO - Processing file /home/airflow/.local/lib/python3.7/site-packages/airflow/example_dags/tutorial.py for tasks to queue
[2023-07-09T19:37:18.905+0000] {logging_mixin.py:149} INFO - [2023-07-09T19:37:18.905+0000] {dagbag.py:541} INFO - Filling up the DagBag from /home/airflow/.local/lib/python3.7/site-packages/airflow/example_dags/tutorial.py
[2023-07-09T19:37:18.912+0000] {processor.py:836} INFO - DAG(s) dict_keys(['tutorial']) retrieved from /home/airflow/.local/lib/python3.7/site-packages/airflow/example_dags/tutorial.py
[2023-07-09T19:37:18.938+0000] {logging_mixin.py:149} INFO - [2023-07-09T19:37:18.937+0000] {dag.py:2726} INFO - Sync 1 DAGs
[2023-07-09T19:37:18.964+0000] {logging_mixin.py:149} INFO - [2023-07-09T19:37:18.964+0000] {dag.py:3490} INFO - Setting next_dagrun for tutorial to 2023-07-08T19:37:18.964274+00:00, run_after=2023-07-09T19:37:18.964274+00:00
[2023-07-09T19:37:18.986+0000] {processor.py:179} INFO - Processing /home/airflow/.local/lib/python3.7/site-packages/airflow/example_dags/tutorial.py took 0.086 seconds
[2023-07-09T19:37:49.213+0000] {processor.py:157} INFO - Started process (PID=4560) to work on /home/airflow/.local/lib/python3.7/site-packages/airflow/example_dags/tutorial.py
[2023-07-09T19:37:49.215+0000] {processor.py:826} INFO - Processing file /home/airflow/.local/lib/python3.7/site-packages/airflow/example_dags/tutorial.py for tasks to queue
[2023-07-09T19:37:49.216+0000] {logging_mixin.py:149} INFO - [2023-07-09T19:37:49.216+0000] {dagbag.py:541} INFO - Filling up the DagBag from /home/airflow/.local/lib/python3.7/site-packages/airflow/example_dags/tutorial.py
[2023-07-09T19:37:49.224+0000] {processor.py:836} INFO - DAG(s) dict_keys(['tutorial']) retrieved from /home/airflow/.local/lib/python3.7/site-packages/airflow/example_dags/tutorial.py
[2023-07-09T19:37:49.252+0000] {logging_mixin.py:149} INFO - [2023-07-09T19:37:49.252+0000] {dag.py:2726} INFO - Sync 1 DAGs
[2023-07-09T19:37:49.284+0000] {logging_mixin.py:149} INFO - [2023-07-09T19:37:49.284+0000] {dag.py:3490} INFO - Setting next_dagrun for tutorial to 2023-07-08T19:37:49.284011+00:00, run_after=2023-07-09T19:37:49.284011+00:00
[2023-07-09T19:37:49.309+0000] {processor.py:179} INFO - Processing /home/airflow/.local/lib/python3.7/site-packages/airflow/example_dags/tutorial.py took 0.100 seconds
[2023-07-09T19:38:19.553+0000] {processor.py:157} INFO - Started process (PID=4622) to work on /home/airflow/.local/lib/python3.7/site-packages/airflow/example_dags/tutorial.py
[2023-07-09T19:38:19.554+0000] {processor.py:826} INFO - Processing file /home/airflow/.local/lib/python3.7/site-packages/airflow/example_dags/tutorial.py for tasks to queue
[2023-07-09T19:38:19.555+0000] {logging_mixin.py:149} INFO - [2023-07-09T19:38:19.555+0000] {dagbag.py:541} INFO - Filling up the DagBag from /home/airflow/.local/lib/python3.7/site-packages/airflow/example_dags/tutorial.py
[2023-07-09T19:38:19.561+0000] {processor.py:836} INFO - DAG(s) dict_keys(['tutorial']) retrieved from /home/airflow/.local/lib/python3.7/site-packages/airflow/example_dags/tutorial.py
[2023-07-09T19:38:19.589+0000] {logging_mixin.py:149} INFO - [2023-07-09T19:38:19.589+0000] {dag.py:2726} INFO - Sync 1 DAGs
[2023-07-09T19:38:19.619+0000] {logging_mixin.py:149} INFO - [2023-07-09T19:38:19.618+0000] {dag.py:3490} INFO - Setting next_dagrun for tutorial to 2023-07-08T19:38:19.618656+00:00, run_after=2023-07-09T19:38:19.618656+00:00
[2023-07-09T19:38:19.647+0000] {processor.py:179} INFO - Processing /home/airflow/.local/lib/python3.7/site-packages/airflow/example_dags/tutorial.py took 0.097 seconds
[2023-07-09T19:38:49.775+0000] {processor.py:157} INFO - Started process (PID=4684) to work on /home/airflow/.local/lib/python3.7/site-packages/airflow/example_dags/tutorial.py
[2023-07-09T19:38:49.776+0000] {processor.py:826} INFO - Processing file /home/airflow/.local/lib/python3.7/site-packages/airflow/example_dags/tutorial.py for tasks to queue
[2023-07-09T19:38:49.777+0000] {logging_mixin.py:149} INFO - [2023-07-09T19:38:49.777+0000] {dagbag.py:541} INFO - Filling up the DagBag from /home/airflow/.local/lib/python3.7/site-packages/airflow/example_dags/tutorial.py
[2023-07-09T19:38:49.784+0000] {processor.py:836} INFO - DAG(s) dict_keys(['tutorial']) retrieved from /home/airflow/.local/lib/python3.7/site-packages/airflow/example_dags/tutorial.py
[2023-07-09T19:38:49.807+0000] {logging_mixin.py:149} INFO - [2023-07-09T19:38:49.806+0000] {dag.py:2726} INFO - Sync 1 DAGs
[2023-07-09T19:38:49.831+0000] {logging_mixin.py:149} INFO - [2023-07-09T19:38:49.831+0000] {dag.py:3490} INFO - Setting next_dagrun for tutorial to 2023-07-08T19:38:49.830913+00:00, run_after=2023-07-09T19:38:49.830913+00:00
[2023-07-09T19:38:49.852+0000] {processor.py:179} INFO - Processing /home/airflow/.local/lib/python3.7/site-packages/airflow/example_dags/tutorial.py took 0.080 seconds
[2023-07-09T19:39:20.257+0000] {processor.py:157} INFO - Started process (PID=4746) to work on /home/airflow/.local/lib/python3.7/site-packages/airflow/example_dags/tutorial.py
[2023-07-09T19:39:20.258+0000] {processor.py:826} INFO - Processing file /home/airflow/.local/lib/python3.7/site-packages/airflow/example_dags/tutorial.py for tasks to queue
[2023-07-09T19:39:20.259+0000] {logging_mixin.py:149} INFO - [2023-07-09T19:39:20.259+0000] {dagbag.py:541} INFO - Filling up the DagBag from /home/airflow/.local/lib/python3.7/site-packages/airflow/example_dags/tutorial.py
[2023-07-09T19:39:20.265+0000] {processor.py:836} INFO - DAG(s) dict_keys(['tutorial']) retrieved from /home/airflow/.local/lib/python3.7/site-packages/airflow/example_dags/tutorial.py
[2023-07-09T19:39:20.289+0000] {logging_mixin.py:149} INFO - [2023-07-09T19:39:20.289+0000] {dag.py:2726} INFO - Sync 1 DAGs
[2023-07-09T19:39:20.313+0000] {logging_mixin.py:149} INFO - [2023-07-09T19:39:20.313+0000] {dag.py:3490} INFO - Setting next_dagrun for tutorial to 2023-07-08T19:39:20.313510+00:00, run_after=2023-07-09T19:39:20.313510+00:00
[2023-07-09T19:39:20.338+0000] {processor.py:179} INFO - Processing /home/airflow/.local/lib/python3.7/site-packages/airflow/example_dags/tutorial.py took 0.084 seconds
[2023-07-09T19:39:50.623+0000] {processor.py:157} INFO - Started process (PID=4808) to work on /home/airflow/.local/lib/python3.7/site-packages/airflow/example_dags/tutorial.py
[2023-07-09T19:39:50.624+0000] {processor.py:826} INFO - Processing file /home/airflow/.local/lib/python3.7/site-packages/airflow/example_dags/tutorial.py for tasks to queue
[2023-07-09T19:39:50.625+0000] {logging_mixin.py:149} INFO - [2023-07-09T19:39:50.625+0000] {dagbag.py:541} INFO - Filling up the DagBag from /home/airflow/.local/lib/python3.7/site-packages/airflow/example_dags/tutorial.py
[2023-07-09T19:39:50.631+0000] {processor.py:836} INFO - DAG(s) dict_keys(['tutorial']) retrieved from /home/airflow/.local/lib/python3.7/site-packages/airflow/example_dags/tutorial.py
[2023-07-09T19:39:50.658+0000] {logging_mixin.py:149} INFO - [2023-07-09T19:39:50.658+0000] {dag.py:2726} INFO - Sync 1 DAGs
[2023-07-09T19:39:50.685+0000] {logging_mixin.py:149} INFO - [2023-07-09T19:39:50.685+0000] {dag.py:3490} INFO - Setting next_dagrun for tutorial to 2023-07-08T19:39:50.684708+00:00, run_after=2023-07-09T19:39:50.684708+00:00
[2023-07-09T19:39:50.709+0000] {processor.py:179} INFO - Processing /home/airflow/.local/lib/python3.7/site-packages/airflow/example_dags/tutorial.py took 0.090 seconds
[2023-07-09T19:40:21.006+0000] {processor.py:157} INFO - Started process (PID=4870) to work on /home/airflow/.local/lib/python3.7/site-packages/airflow/example_dags/tutorial.py
[2023-07-09T19:40:21.007+0000] {processor.py:826} INFO - Processing file /home/airflow/.local/lib/python3.7/site-packages/airflow/example_dags/tutorial.py for tasks to queue
[2023-07-09T19:40:21.008+0000] {logging_mixin.py:149} INFO - [2023-07-09T19:40:21.008+0000] {dagbag.py:541} INFO - Filling up the DagBag from /home/airflow/.local/lib/python3.7/site-packages/airflow/example_dags/tutorial.py
[2023-07-09T19:40:21.014+0000] {processor.py:836} INFO - DAG(s) dict_keys(['tutorial']) retrieved from /home/airflow/.local/lib/python3.7/site-packages/airflow/example_dags/tutorial.py
[2023-07-09T19:40:21.037+0000] {logging_mixin.py:149} INFO - [2023-07-09T19:40:21.037+0000] {dag.py:2726} INFO - Sync 1 DAGs
[2023-07-09T19:40:21.060+0000] {logging_mixin.py:149} INFO - [2023-07-09T19:40:21.060+0000] {dag.py:3490} INFO - Setting next_dagrun for tutorial to 2023-07-08T19:40:21.060386+00:00, run_after=2023-07-09T19:40:21.060386+00:00
[2023-07-09T19:40:21.084+0000] {processor.py:179} INFO - Processing /home/airflow/.local/lib/python3.7/site-packages/airflow/example_dags/tutorial.py took 0.081 seconds
[2023-07-09T19:40:51.346+0000] {processor.py:157} INFO - Started process (PID=4932) to work on /home/airflow/.local/lib/python3.7/site-packages/airflow/example_dags/tutorial.py
[2023-07-09T19:40:51.347+0000] {processor.py:826} INFO - Processing file /home/airflow/.local/lib/python3.7/site-packages/airflow/example_dags/tutorial.py for tasks to queue
[2023-07-09T19:40:51.348+0000] {logging_mixin.py:149} INFO - [2023-07-09T19:40:51.348+0000] {dagbag.py:541} INFO - Filling up the DagBag from /home/airflow/.local/lib/python3.7/site-packages/airflow/example_dags/tutorial.py
[2023-07-09T19:40:51.356+0000] {processor.py:836} INFO - DAG(s) dict_keys(['tutorial']) retrieved from /home/airflow/.local/lib/python3.7/site-packages/airflow/example_dags/tutorial.py
[2023-07-09T19:40:51.379+0000] {logging_mixin.py:149} INFO - [2023-07-09T19:40:51.379+0000] {dag.py:2726} INFO - Sync 1 DAGs
[2023-07-09T19:40:51.402+0000] {logging_mixin.py:149} INFO - [2023-07-09T19:40:51.402+0000] {dag.py:3490} INFO - Setting next_dagrun for tutorial to 2023-07-08T19:40:51.402398+00:00, run_after=2023-07-09T19:40:51.402398+00:00
[2023-07-09T19:40:51.427+0000] {processor.py:179} INFO - Processing /home/airflow/.local/lib/python3.7/site-packages/airflow/example_dags/tutorial.py took 0.084 seconds
[2023-07-09T23:59:29.618+0000] {processor.py:157} INFO - Started process (PID=5020) to work on /home/airflow/.local/lib/python3.7/site-packages/airflow/example_dags/tutorial.py
[2023-07-09T23:59:29.620+0000] {processor.py:826} INFO - Processing file /home/airflow/.local/lib/python3.7/site-packages/airflow/example_dags/tutorial.py for tasks to queue
[2023-07-09T23:59:29.621+0000] {logging_mixin.py:149} INFO - [2023-07-09T23:59:29.621+0000] {dagbag.py:541} INFO - Filling up the DagBag from /home/airflow/.local/lib/python3.7/site-packages/airflow/example_dags/tutorial.py
[2023-07-09T23:59:29.629+0000] {processor.py:836} INFO - DAG(s) dict_keys(['tutorial']) retrieved from /home/airflow/.local/lib/python3.7/site-packages/airflow/example_dags/tutorial.py
[2023-07-09T23:59:29.663+0000] {logging_mixin.py:149} INFO - [2023-07-09T23:59:29.663+0000] {dag.py:2726} INFO - Sync 1 DAGs
[2023-07-09T23:59:29.695+0000] {logging_mixin.py:149} INFO - [2023-07-09T23:59:29.695+0000] {dag.py:3490} INFO - Setting next_dagrun for tutorial to 2023-07-08T23:59:29.694762+00:00, run_after=2023-07-09T23:59:29.694762+00:00
[2023-07-09T23:59:29.724+0000] {processor.py:179} INFO - Processing /home/airflow/.local/lib/python3.7/site-packages/airflow/example_dags/tutorial.py took 0.110 seconds
